INFO [2024-08-02 17:41:10] [MAIN] - Creating Etude_sur_R_Monde__2024_08_02_17_41_10 study...

INFO [2024-08-02 17:41:10] [MAIN] - Adding nodes...

INFO [2024-08-02 17:41:12] [NODES] - Adding EU-CHE node...
INFO [2024-08-02 17:41:12] [NODES] - Adding EU-DEU node...
INFO [2024-08-02 17:41:13] [NODES] - Adding EU-FRA node...
INFO [2024-08-02 17:41:13] [MAIN] - Done adding nodes! (run time : 2.93s).

INFO [2024-08-02 17:41:13] [MAIN] - Adding load data...

INFO [2024-08-02 17:41:14] [LOAD] - Adding EU-CHE load data...
INFO [2024-08-02 17:41:14] [LOAD] - Adding EU-DEU load data...
INFO [2024-08-02 17:41:14] [LOAD] - Adding EU-FRA load data...
INFO [2024-08-02 17:41:14] [MAIN] - Done adding load data! (run time : 1.08s).

INFO [2024-08-02 17:41:14] [MAIN] - Fetching wind data...

INFO [2024-08-02 17:41:14] [WIND] - Adding EU-CHE aggregated wind data...
INFO [2024-08-02 17:41:15] [WIND] - Adding EU-DEU aggregated wind data...
INFO [2024-08-02 17:41:15] [WIND] - Adding EU-FRA aggregated wind data...
INFO [2024-08-02 17:41:15] [MAIN] - Done adding wind data! (run time : 0.23s).

INFO [2024-08-02 17:41:15] [MAIN] - Fetching solar data...

INFO [2024-08-02 17:41:15] [SOLAR] - Adding EU-CHE aggregated solar data...
INFO [2024-08-02 17:41:15] [SOLAR] - Adding EU-DEU aggregated solar data...
INFO [2024-08-02 17:41:15] [SOLAR] - Adding EU-FRA aggregated solar data...
INFO [2024-08-02 17:41:15] [MAIN] - Done adding solar data! (run time : 0.25s).

INFO [2024-08-02 17:41:15] [MAIN] - Beginning hydro implementation...
INFO [2024-08-02 17:41:16] [HYDRO] - Initializing EU-CHE hydro parameters...
INFO [2024-08-02 17:41:16] [HYDRO] - Adding EU-CHE hydro profiles...
INFO [2024-08-02 17:41:17] [HYDRO] - Initializing EU-DEU hydro parameters...
INFO [2024-08-02 17:41:17] [HYDRO] - Adding EU-DEU hydro profiles...
INFO [2024-08-02 17:41:18] [HYDRO] - Initializing EU-FRA hydro parameters...
INFO [2024-08-02 17:41:19] [HYDRO] - Adding EU-FRA hydro profiles...
INFO [2024-08-02 17:41:19] [MAIN] - Done adding hydro!
INFO [2024-08-02 17:41:19] [MAIN] - Adding lines between areas...

INFO [2024-08-02 17:41:20] [LINES] - Adding EU-CHE to EU-DEU line...
INFO [2024-08-02 17:41:20] [LINES] - Adding EU-CHE to EU-FRA line...
INFO [2024-08-02 17:41:20] [LINES] - Adding EU-DEU to EU-FRA line...
INFO [2024-08-02 17:41:20] [MAIN] - Done adding lines! (run time : 1.08s).

INFO [2024-08-02 17:41:20] [MAIN] - Finished setting up Antares study! (run time : 0.16min).
 

INFO [2024-08-02 17:41:20] [MAIN] - Starting simulation__2024_08_02_17_41_20 simulation...
INFO [2024-08-02 17:41:29] [MAIN] - Antares simulation finished! (run time : 0.15min).
 

