INFO [2024-08-08 11:43:40] [MAIN] - Creating Etude_sur_R_Monde__2024_08_08_11_43_39 study...

INFO [2024-08-08 11:43:40] [MAIN] - Unit commitment mode : FAST
INFO [2024-08-08 11:43:40] [MAIN] - Adding nodes...

INFO [2024-08-08 11:43:41] [NODES] - Adding AF-MAR node...
INFO [2024-08-08 11:43:41] [NODES] - Adding EU-DEU node...
INFO [2024-08-08 11:43:42] [NODES] - Adding EU-ESP node...
INFO [2024-08-08 11:43:42] [NODES] - Adding EU-FRA node...
INFO [2024-08-08 11:43:42] [MAIN] - Done adding nodes! (run time : 2.26s).

INFO [2024-08-08 11:43:42] [MAIN] - Adding load data...

INFO [2024-08-08 11:43:43] [LOAD] - Adding AF-MAR load data...
INFO [2024-08-08 11:43:43] [LOAD] - Adding EU-ESP load data...
INFO [2024-08-08 11:43:43] [LOAD] - Adding EU-DEU load data...
INFO [2024-08-08 11:43:43] [LOAD] - Adding EU-FRA load data...
INFO [2024-08-08 11:43:43] [MAIN] - Done adding load data! (run time : 1.17s).

INFO [2024-08-08 11:43:43] [MAIN] - Fetching wind data...

INFO [2024-08-08 11:43:43] [WIND] - Adding AF-MAR aggregated wind data...
INFO [2024-08-08 11:43:43] [WIND] - Adding EU-ESP aggregated wind data...
INFO [2024-08-08 11:43:44] [WIND] - Adding EU-DEU aggregated wind data...
INFO [2024-08-08 11:43:44] [WIND] - Adding EU-FRA aggregated wind data...
INFO [2024-08-08 11:43:44] [MAIN] - Done adding wind data! (run time : 0.4s).

INFO [2024-08-08 11:43:44] [MAIN] - Fetching solar data...

INFO [2024-08-08 11:43:44] [WARN] - Skipped adding solar data for AF-MAR (no generators found in PLEXOS).
INFO [2024-08-08 11:43:44] [SOLAR] - Adding EU-ESP aggregated solar data...
INFO [2024-08-08 11:43:44] [SOLAR] - Adding EU-DEU aggregated solar data...
INFO [2024-08-08 11:43:44] [SOLAR] - Adding EU-FRA aggregated solar data...
INFO [2024-08-08 11:43:44] [MAIN] - Done adding solar data! (run time : 0.31s).

INFO [2024-08-08 11:43:44] [MAIN] - Fetching solar CSP data...

INFO [2024-08-08 11:43:44] [CSP] - Adding DEU_CSP_JLICHSOLAR11342_STORAGE CSP generator to EU-DEU node...
INFO [2024-08-08 11:43:44] [CSP] - Adding ESP_CSP_ANDASOL316855_STORAGE CSP generator to EU-ESP node...
INFO [2024-08-08 11:43:44] [CSP] - Adding ESP_CSP_ASTE1A16863_STORAGE CSP generator to EU-ESP node...
INFO [2024-08-08 11:43:44] [CSP] - Adding ESP_CSP_ASTEXOL216864_STORAGE CSP generator to EU-ESP node...
INFO [2024-08-08 11:43:45] [CSP] - Adding ESP_CSP_CAPACITY SCALER_STORAGE CSP generator to EU-ESP node...
INFO [2024-08-08 11:43:45] [CSP] - Adding ESP_CSP_CASABLANCA16896_STORAGE CSP generator to EU-ESP node...
INFO [2024-08-08 11:43:45] [CSP] - Adding ESP_CSP_CENTRALSOLART16906_STORAGE CSP generator to EU-ESP node...
INFO [2024-08-08 11:43:45] [CSP] - Adding ESP_CSP_CENTRALTERMOSO16907_STORAGE CSP generator to EU-ESP node...
INFO [2024-08-08 11:43:45] [CSP] - Adding ESP_CSP_CONSOLLORELLAN16924_STORAGE CSP generator to EU-ESP node...
INFO [2024-08-08 11:43:45] [CSP] - Adding ESP_CSP_EXTRESOL116966_STORAGE CSP generator to EU-ESP node...
INFO [2024-08-08 11:43:45] [CSP] - Adding ESP_CSP_HELIOSI16986_STORAGE CSP generator to EU-ESP node...
INFO [2024-08-08 11:43:45] [CSP] - Adding ESP_CSP_LADEHESA16996_STORAGE CSP generator to EU-ESP node...
INFO [2024-08-08 11:43:45] [CSP] - Adding ESP_CSP_LAFLORIDA16997_STORAGE CSP generator to EU-ESP node...
INFO [2024-08-08 11:43:46] [CSP] - Adding ESP_CSP_LARISCA17001_STORAGE CSP generator to EU-ESP node...
INFO [2024-08-08 11:43:46] [CSP] - Adding ESP_CSP_MAJADAS17030_STORAGE CSP generator to EU-ESP node...
INFO [2024-08-08 11:43:46] [CSP] - Adding ESP_CSP_MANCHASOL217032_STORAGE CSP generator to EU-ESP node...
INFO [2024-08-08 11:43:46] [CSP] - Adding ESP_CSP_PLANTASOLARTE17364_STORAGE CSP generator to EU-ESP node...
INFO [2024-08-08 11:43:46] [CSP] - Adding ESP_CSP_PLANTASOLARTE17366_STORAGE CSP generator to EU-ESP node...
INFO [2024-08-08 11:43:46] [CSP] - Adding ESP_CSP_PLANTASOLARTE17367_STORAGE CSP generator to EU-ESP node...
INFO [2024-08-08 11:43:46] [CSP] - Adding ESP_CSP_PLANTATERMOSOL17368_STORAGE CSP generator to EU-ESP node...
INFO [2024-08-08 11:43:46] [CSP] - Adding ESP_CSP_PSTLEBRIJAI17376_STORAGE CSP generator to EU-ESP node...
INFO [2024-08-08 11:43:47] [CSP] - Adding ESP_CSP_PSTPALMADELR17377_STORAGE CSP generator to EU-ESP node...
INFO [2024-08-08 11:43:47] [CSP] - Adding ESP_CSP_PSTSOLACOR117378_STORAGE CSP generator to EU-ESP node...
INFO [2024-08-08 11:43:47] [CSP] - Adding ESP_CSP_PUERTOERRADO217382_STORAGE CSP generator to EU-ESP node...
INFO [2024-08-08 11:43:47] [CSP] - Adding ESP_CSP_SOLABEN317415_STORAGE CSP generator to EU-ESP node...
INFO [2024-08-08 11:43:47] [CSP] - Adding ESP_CSP_SOLUZGUZMAN17416_STORAGE CSP generator to EU-ESP node...
INFO [2024-08-08 11:43:48] [CSP] - Adding ESP_CSP_TERMESOL5017428_STORAGE CSP generator to EU-ESP node...
INFO [2024-08-08 11:43:48] [CSP] - Adding ESP_CSP_TERMOSOL217429_STORAGE CSP generator to EU-ESP node...
INFO [2024-08-08 11:43:48] [CSP] - Adding ESP_CSP_TERMOSOLARBORG17430_STORAGE CSP generator to EU-ESP node...
INFO [2024-08-08 11:43:48] [CSP] - Adding MAR_CSP_CAPACITY SCALER_STORAGE CSP generator to AF-MAR node...
INFO [2024-08-08 11:43:48] [MAIN] - Done adding CSP data! (run time : 0.07min).

INFO [2024-08-08 11:43:48] [MAIN] - Adding lines between areas...

INFO [2024-08-08 11:43:50] [LINES] - Adding EU-DEU to EU-FRA line...
INFO [2024-08-08 11:43:50] [LINES] - Adding EU-ESP to EU-FRA line...
INFO [2024-08-08 11:43:50] [LINES] - Adding EU-ESP to AF-MAR line...
INFO [2024-08-08 11:43:50] [MAIN] - Done adding lines! (run time : 1.78s).

INFO [2024-08-08 11:43:50] [MAIN] - Finished setting up Antares study! (run time : 0.18min).
 

