INFO [2024-08-21 08:33:43] [MAIN] - Creating Deane_World_with_Districts__2024_08_21_08_33_42 study...

INFO [2024-08-21 08:33:43] [MAIN] - Unit commitment mode : ACCURATE
INFO [2024-08-21 08:33:43] [MAIN] - Adding nodes...

INFO [2024-08-21 08:33:46] [NODES] - Adding AF-AGO node...
INFO [2024-08-21 08:33:46] [NODES] - Adding AF-BDI node...
INFO [2024-08-21 08:33:46] [NODES] - Adding AF-BEN node...
INFO [2024-08-21 08:33:46] [NODES] - Adding AF-BFA node...
INFO [2024-08-21 08:33:46] [NODES] - Adding AF-BWA node...
INFO [2024-08-21 08:33:47] [NODES] - Adding AF-CAF node...
INFO [2024-08-21 08:33:47] [NODES] - Adding AF-CIV node...
INFO [2024-08-21 08:33:47] [NODES] - Adding AF-CMR node...
INFO [2024-08-21 08:33:47] [NODES] - Adding AF-COD node...
INFO [2024-08-21 08:33:47] [NODES] - Adding AF-COG node...
INFO [2024-08-21 08:33:48] [NODES] - Adding AF-CPV node...
INFO [2024-08-21 08:33:48] [NODES] - Adding AF-DJI node...
INFO [2024-08-21 08:33:48] [NODES] - Adding AF-DZA node...
INFO [2024-08-21 08:33:48] [NODES] - Adding AF-EGY node...
INFO [2024-08-21 08:33:49] [NODES] - Adding AF-ERI node...
INFO [2024-08-21 08:33:49] [NODES] - Adding AF-ESH node...
INFO [2024-08-21 08:33:50] [NODES] - Adding AF-ETH node...
INFO [2024-08-21 08:33:50] [NODES] - Adding AF-GAB node...
INFO [2024-08-21 08:33:50] [NODES] - Adding AF-GHA node...
INFO [2024-08-21 08:33:50] [NODES] - Adding AF-GIN node...
INFO [2024-08-21 08:33:51] [NODES] - Adding AF-GMB node...
INFO [2024-08-21 08:33:51] [NODES] - Adding AF-GNB node...
INFO [2024-08-21 08:33:52] [NODES] - Adding AF-GNQ node...
INFO [2024-08-21 08:33:52] [NODES] - Adding AF-KEN node...
INFO [2024-08-21 08:33:53] [NODES] - Adding AF-LBR node...
INFO [2024-08-21 08:33:53] [NODES] - Adding AF-LBY node...
INFO [2024-08-21 08:33:53] [NODES] - Adding AF-LSO node...
INFO [2024-08-21 08:33:54] [NODES] - Adding AF-MAR node...
INFO [2024-08-21 08:33:54] [NODES] - Adding AF-MDG node...
INFO [2024-08-21 08:33:54] [NODES] - Adding AF-MLI node...
INFO [2024-08-21 08:33:55] [NODES] - Adding AF-MOZ node...
INFO [2024-08-21 08:33:55] [NODES] - Adding AF-MRT node...
INFO [2024-08-21 08:33:56] [NODES] - Adding AF-MUS node...
INFO [2024-08-21 08:33:56] [NODES] - Adding AF-MWI node...
INFO [2024-08-21 08:33:56] [NODES] - Adding AF-NAM node...
INFO [2024-08-21 08:33:57] [NODES] - Adding AF-NER node...
INFO [2024-08-21 08:33:57] [NODES] - Adding AF-NGA node...
INFO [2024-08-21 08:33:58] [NODES] - Adding AF-RWA node...
INFO [2024-08-21 08:33:58] [NODES] - Adding AF-SDN node...
INFO [2024-08-21 08:33:58] [NODES] - Adding AF-SEN node...
INFO [2024-08-21 08:33:59] [NODES] - Adding AF-SLE node...
INFO [2024-08-21 08:33:59] [NODES] - Adding AF-SWZ node...
INFO [2024-08-21 08:34:00] [NODES] - Adding AF-TGO node...
INFO [2024-08-21 08:34:00] [NODES] - Adding AF-TUN node...
INFO [2024-08-21 08:34:01] [NODES] - Adding AF-TZA node...
INFO [2024-08-21 08:34:01] [NODES] - Adding AF-UGA node...
INFO [2024-08-21 08:34:01] [NODES] - Adding AF-ZAF node...
INFO [2024-08-21 08:34:02] [NODES] - Adding AF-ZMB node...
INFO [2024-08-21 08:34:02] [NODES] - Adding AF-ZWE node...
INFO [2024-08-21 08:34:03] [NODES] - Adding AS-AFG node...
INFO [2024-08-21 08:34:03] [NODES] - Adding AS-ARE node...
INFO [2024-08-21 08:34:04] [NODES] - Adding AS-BGD node...
INFO [2024-08-21 08:34:04] [NODES] - Adding AS-BHR node...
INFO [2024-08-21 08:34:05] [NODES] - Adding AS-BRN node...
INFO [2024-08-21 08:34:05] [NODES] - Adding AS-BTN node...
INFO [2024-08-21 08:34:06] [NODES] - Adding AS-CHN-AN node...
INFO [2024-08-21 08:34:06] [NODES] - Adding AS-CHN-BE node...
INFO [2024-08-21 08:34:07] [NODES] - Adding AS-CHN-CH node...
INFO [2024-08-21 08:34:07] [NODES] - Adding AS-CHN-EM node...
INFO [2024-08-21 08:34:08] [NODES] - Adding AS-CHN-FU node...
INFO [2024-08-21 08:34:09] [NODES] - Adding AS-CHN-GA node...
INFO [2024-08-21 08:34:09] [NODES] - Adding AS-CHN-GD node...
INFO [2024-08-21 08:34:10] [NODES] - Adding AS-CHN-GU node...
INFO [2024-08-21 08:34:10] [NODES] - Adding AS-CHN-GX node...
INFO [2024-08-21 08:34:11] [NODES] - Adding AS-CHN-HA node...
INFO [2024-08-21 08:34:11] [NODES] - Adding AS-CHN-HB node...
INFO [2024-08-21 08:34:12] [NODES] - Adding AS-CHN-HE node...
INFO [2024-08-21 08:34:12] [NODES] - Adding AS-CHN-HJ node...
INFO [2024-08-21 08:34:13] [NODES] - Adding AS-CHN-HK node...
INFO [2024-08-21 08:34:14] [NODES] - Adding AS-CHN-HN node...
INFO [2024-08-21 08:34:14] [NODES] - Adding AS-CHN-HU node...
INFO [2024-08-21 08:34:14] [NODES] - Adding AS-CHN-JI node...
INFO [2024-08-21 08:34:15] [NODES] - Adding AS-CHN-JS node...
INFO [2024-08-21 08:34:16] [NODES] - Adding AS-CHN-JX node...
INFO [2024-08-21 08:34:16] [NODES] - Adding AS-CHN-LI node...
INFO [2024-08-21 08:34:17] [NODES] - Adding AS-CHN-MA node...
INFO [2024-08-21 08:34:18] [NODES] - Adding AS-CHN-NI node...
INFO [2024-08-21 08:34:18] [NODES] - Adding AS-CHN-QI node...
INFO [2024-08-21 08:34:19] [NODES] - Adding AS-CHN-SC node...
INFO [2024-08-21 08:34:20] [NODES] - Adding AS-CHN-SD node...
INFO [2024-08-21 08:34:20] [NODES] - Adding AS-CHN-SH node...
INFO [2024-08-21 08:34:21] [NODES] - Adding AS-CHN-SI node...
INFO [2024-08-21 08:34:22] [NODES] - Adding AS-CHN-SX node...
INFO [2024-08-21 08:34:22] [NODES] - Adding AS-CHN-TI node...
INFO [2024-08-21 08:34:23] [NODES] - Adding AS-CHN-TJ node...
INFO [2024-08-21 08:34:24] [NODES] - Adding AS-CHN-WM node...
INFO [2024-08-21 08:34:24] [NODES] - Adding AS-CHN-XI node...
INFO [2024-08-21 08:34:25] [NODES] - Adding AS-CHN-YU node...
INFO [2024-08-21 08:34:26] [NODES] - Adding AS-CHN-ZH node...
INFO [2024-08-21 08:34:27] [NODES] - Adding AS-IDN node...
INFO [2024-08-21 08:34:28] [NODES] - Adding AS-IND-EA node...
INFO [2024-08-21 08:34:28] [NODES] - Adding AS-IND-NE node...
INFO [2024-08-21 08:34:29] [NODES] - Adding AS-IND-NO node...
INFO [2024-08-21 08:34:30] [NODES] - Adding AS-IND-SO node...
INFO [2024-08-21 08:34:30] [NODES] - Adding AS-IND-WE node...
INFO [2024-08-21 08:34:31] [NODES] - Adding AS-IRN node...
INFO [2024-08-21 08:34:32] [NODES] - Adding AS-IRQ node...
INFO [2024-08-21 08:34:33] [NODES] - Adding AS-ISR node...
INFO [2024-08-21 08:34:34] [NODES] - Adding AS-JOR node...
INFO [2024-08-21 08:34:35] [NODES] - Adding AS-JPN-CE node...
INFO [2024-08-21 08:34:35] [NODES] - Adding AS-JPN-HO node...
INFO [2024-08-21 08:34:36] [NODES] - Adding AS-JPN-KY node...
INFO [2024-08-21 08:34:36] [NODES] - Adding AS-JPN-OK node...
INFO [2024-08-21 08:34:37] [NODES] - Adding AS-JPN-SH node...
INFO [2024-08-21 08:34:38] [NODES] - Adding AS-JPN-TO node...
INFO [2024-08-21 08:34:38] [NODES] - Adding AS-KAZ node...
INFO [2024-08-21 08:34:39] [NODES] - Adding AS-KGZ node...
INFO [2024-08-21 08:34:40] [NODES] - Adding AS-KHM node...
INFO [2024-08-21 08:34:40] [NODES] - Adding AS-KOR node...
INFO [2024-08-21 08:34:41] [NODES] - Adding AS-KWT node...
INFO [2024-08-21 08:34:42] [NODES] - Adding AS-LAO node...
INFO [2024-08-21 08:34:42] [NODES] - Adding AS-LBN node...
INFO [2024-08-21 08:34:43] [NODES] - Adding AS-LKA node...
INFO [2024-08-21 08:34:43] [NODES] - Adding AS-MMR node...
INFO [2024-08-21 08:34:44] [NODES] - Adding AS-MNG node...
INFO [2024-08-21 08:34:45] [NODES] - Adding AS-MYS node...
INFO [2024-08-21 08:34:46] [NODES] - Adding AS-NPL node...
INFO [2024-08-21 08:34:46] [NODES] - Adding AS-OMN node...
INFO [2024-08-21 08:34:47] [NODES] - Adding AS-PAK node...
INFO [2024-08-21 08:34:47] [NODES] - Adding AS-PHL node...
INFO [2024-08-21 08:34:48] [NODES] - Adding AS-PRK node...
INFO [2024-08-21 08:34:48] [NODES] - Adding AS-QAT node...
INFO [2024-08-21 08:34:49] [NODES] - Adding AS-RUS-CE node...
INFO [2024-08-21 08:34:50] [NODES] - Adding AS-RUS-FE node...
INFO [2024-08-21 08:34:50] [NODES] - Adding AS-RUS-MV node...
INFO [2024-08-21 08:34:51] [NODES] - Adding AS-RUS-NW node...
INFO [2024-08-21 08:34:52] [NODES] - Adding AS-RUS-SI node...
INFO [2024-08-21 08:34:52] [NODES] - Adding AS-RUS-SO node...
INFO [2024-08-21 08:34:53] [NODES] - Adding AS-RUS-UR node...
INFO [2024-08-21 08:34:54] [NODES] - Adding AS-SAU node...
INFO [2024-08-21 08:34:54] [NODES] - Adding AS-SGP node...
INFO [2024-08-21 08:34:55] [NODES] - Adding AS-SYR node...
INFO [2024-08-21 08:34:56] [NODES] - Adding AS-THA node...
INFO [2024-08-21 08:34:56] [NODES] - Adding AS-TJK node...
INFO [2024-08-21 08:34:57] [NODES] - Adding AS-TKM node...
INFO [2024-08-21 08:34:58] [NODES] - Adding AS-TUR node...
INFO [2024-08-21 08:34:58] [NODES] - Adding AS-TWN node...
INFO [2024-08-21 08:34:59] [NODES] - Adding AS-UZB node...
INFO [2024-08-21 08:35:00] [NODES] - Adding AS-VNM node...
INFO [2024-08-21 08:35:01] [NODES] - Adding AS-YEM node...
INFO [2024-08-21 08:35:01] [NODES] - Adding EU-ALB node...
INFO [2024-08-21 08:35:02] [NODES] - Adding EU-ARM node...
INFO [2024-08-21 08:35:02] [NODES] - Adding EU-AUT node...
INFO [2024-08-21 08:35:03] [NODES] - Adding EU-AZE node...
INFO [2024-08-21 08:35:04] [NODES] - Adding EU-BEL node...
INFO [2024-08-21 08:35:04] [NODES] - Adding EU-BGR node...
INFO [2024-08-21 08:35:05] [NODES] - Adding EU-BIH node...
INFO [2024-08-21 08:35:06] [NODES] - Adding EU-BLR node...
INFO [2024-08-21 08:35:07] [NODES] - Adding EU-CHE node...
INFO [2024-08-21 08:35:08] [NODES] - Adding EU-CYP node...
INFO [2024-08-21 08:35:09] [NODES] - Adding EU-CZE node...
INFO [2024-08-21 08:35:10] [NODES] - Adding EU-DEU node...
INFO [2024-08-21 08:35:11] [NODES] - Adding EU-DNK node...
INFO [2024-08-21 08:35:12] [NODES] - Adding EU-ESP node...
INFO [2024-08-21 08:35:13] [NODES] - Adding EU-EST node...
INFO [2024-08-21 08:35:14] [NODES] - Adding EU-FIN node...
INFO [2024-08-21 08:35:16] [NODES] - Adding EU-FRA node...
INFO [2024-08-21 08:35:17] [NODES] - Adding EU-GBR node...
INFO [2024-08-21 08:35:18] [NODES] - Adding EU-GEO node...
INFO [2024-08-21 08:35:19] [NODES] - Adding EU-GRC node...
INFO [2024-08-21 08:35:20] [NODES] - Adding EU-HRV node...
INFO [2024-08-21 08:35:21] [NODES] - Adding EU-HUN node...
INFO [2024-08-21 08:35:22] [NODES] - Adding EU-IRL node...
INFO [2024-08-21 08:35:23] [NODES] - Adding EU-ISL node...
INFO [2024-08-21 08:35:24] [NODES] - Adding EU-ITA node...
INFO [2024-08-21 08:35:25] [NODES] - Adding EU-KOS node...
INFO [2024-08-21 08:35:26] [NODES] - Adding EU-LTU node...
INFO [2024-08-21 08:35:27] [NODES] - Adding EU-LUX node...
INFO [2024-08-21 08:35:28] [NODES] - Adding EU-LVA node...
INFO [2024-08-21 08:35:28] [NODES] - Adding EU-MDA node...
INFO [2024-08-21 08:35:29] [NODES] - Adding EU-MKD node...
INFO [2024-08-21 08:35:30] [NODES] - Adding EU-MNE node...
INFO [2024-08-21 08:35:32] [NODES] - Adding EU-NLD node...
INFO [2024-08-21 08:35:33] [NODES] - Adding EU-NOR node...
INFO [2024-08-21 08:35:34] [NODES] - Adding EU-POL node...
INFO [2024-08-21 08:35:35] [NODES] - Adding EU-PRT node...
INFO [2024-08-21 08:35:36] [NODES] - Adding EU-ROU node...
INFO [2024-08-21 08:35:37] [NODES] - Adding EU-SRB node...
INFO [2024-08-21 08:35:38] [NODES] - Adding EU-SVK node...
INFO [2024-08-21 08:35:39] [NODES] - Adding EU-SVN node...
INFO [2024-08-21 08:35:41] [NODES] - Adding EU-SWE node...
INFO [2024-08-21 08:35:42] [NODES] - Adding EU-UKR node...
INFO [2024-08-21 08:35:43] [NODES] - Adding OC-ATA node...
INFO [2024-08-21 08:35:45] [NODES] - Adding OC-AUS-NT node...
INFO [2024-08-21 08:35:46] [NODES] - Adding OC-AUS-QL node...
INFO [2024-08-21 08:35:48] [NODES] - Adding OC-AUS-SA node...
INFO [2024-08-21 08:35:49] [NODES] - Adding OC-AUS-SW node...
INFO [2024-08-21 08:35:50] [NODES] - Adding OC-AUS-TA node...
INFO [2024-08-21 08:35:52] [NODES] - Adding OC-AUS-VI node...
INFO [2024-08-21 08:35:53] [NODES] - Adding OC-AUS-WA node...
INFO [2024-08-21 08:35:55] [NODES] - Adding OC-FJI node...
INFO [2024-08-21 08:35:56] [NODES] - Adding OC-NZL node...
INFO [2024-08-21 08:35:58] [NODES] - Adding OC-PNG node...
INFO [2024-08-21 08:35:59] [NODES] - Adding NA-CAN-AB node...
INFO [2024-08-21 08:36:01] [NODES] - Adding NA-CAN-AR node...
INFO [2024-08-21 08:36:03] [NODES] - Adding NA-CAN-BC node...
INFO [2024-08-21 08:36:04] [NODES] - Adding NA-CAN-MB node...
INFO [2024-08-21 08:36:06] [NODES] - Adding NA-CAN-NL node...
INFO [2024-08-21 08:36:08] [NODES] - Adding NA-CAN-NO node...
INFO [2024-08-21 08:36:10] [NODES] - Adding NA-CAN-ON node...
INFO [2024-08-21 08:36:12] [NODES] - Adding NA-CAN-QC node...
INFO [2024-08-21 08:36:14] [NODES] - Adding NA-CAN-SK node...
INFO [2024-08-21 08:36:17] [NODES] - Adding NA-CRI node...
INFO [2024-08-21 08:36:19] [NODES] - Adding NA-CUB node...
INFO [2024-08-21 08:36:21] [NODES] - Adding NA-DOM node...
INFO [2024-08-21 08:36:23] [NODES] - Adding NA-GTM node...
INFO [2024-08-21 08:36:25] [NODES] - Adding NA-HND node...
INFO [2024-08-21 08:36:27] [NODES] - Adding NA-JAM node...
INFO [2024-08-21 08:36:28] [NODES] - Adding NA-MEX node...
INFO [2024-08-21 08:36:30] [NODES] - Adding NA-NIC node...
INFO [2024-08-21 08:36:32] [NODES] - Adding NA-PAN node...
INFO [2024-08-21 08:36:34] [NODES] - Adding NA-SLV node...
INFO [2024-08-21 08:36:36] [NODES] - Adding NA-TTO node...
INFO [2024-08-21 08:36:38] [NODES] - Adding NA-USA-AK node...
INFO [2024-08-21 08:36:40] [NODES] - Adding NA-USA-AZ node...
INFO [2024-08-21 08:36:42] [NODES] - Adding NA-USA-CA node...
INFO [2024-08-21 08:36:44] [NODES] - Adding NA-USA-ER node...
INFO [2024-08-21 08:36:45] [NODES] - Adding NA-USA-FR node...
INFO [2024-08-21 08:36:47] [NODES] - Adding NA-USA-GU node...
INFO [2024-08-21 08:36:48] [NODES] - Adding NA-USA-HA node...
INFO [2024-08-21 08:36:50] [NODES] - Adding NA-USA-ME node...
INFO [2024-08-21 08:36:51] [NODES] - Adding NA-USA-MW node...
INFO [2024-08-21 08:36:53] [NODES] - Adding NA-USA-NE node...
INFO [2024-08-21 08:36:54] [NODES] - Adding NA-USA-NW node...
INFO [2024-08-21 08:36:55] [NODES] - Adding NA-USA-NY node...
INFO [2024-08-21 08:36:56] [NODES] - Adding NA-USA-PR node...
INFO [2024-08-21 08:36:58] [NODES] - Adding NA-USA-RA node...
INFO [2024-08-21 08:36:59] [NODES] - Adding NA-USA-RE node...
INFO [2024-08-21 08:37:01] [NODES] - Adding NA-USA-RM node...
INFO [2024-08-21 08:37:02] [NODES] - Adding NA-USA-RW node...
INFO [2024-08-21 08:37:03] [NODES] - Adding NA-USA-SA node...
INFO [2024-08-21 08:37:05] [NODES] - Adding NA-USA-SC node...
INFO [2024-08-21 08:37:06] [NODES] - Adding NA-USA-SE node...
INFO [2024-08-21 08:37:07] [NODES] - Adding NA-USA-SN node...
INFO [2024-08-21 08:37:09] [NODES] - Adding NA-USA-SS node...
INFO [2024-08-21 08:37:10] [NODES] - Adding NA-USA-SV node...
INFO [2024-08-21 08:37:12] [NODES] - Adding NA-USA-SW node...
INFO [2024-08-21 08:37:13] [NODES] - Adding SA-ARG node...
INFO [2024-08-21 08:37:15] [NODES] - Adding SA-BOL node...
INFO [2024-08-21 08:37:17] [NODES] - Adding SA-BRA-CN node...
INFO [2024-08-21 08:37:18] [NODES] - Adding SA-BRA-CW node...
INFO [2024-08-21 08:37:20] [NODES] - Adding SA-BRA-J1 node...
INFO [2024-08-21 08:37:21] [NODES] - Adding SA-BRA-J2 node...
INFO [2024-08-21 08:37:23] [NODES] - Adding SA-BRA-J3 node...
INFO [2024-08-21 08:37:24] [NODES] - Adding SA-BRA-NE node...
INFO [2024-08-21 08:37:25] [NODES] - Adding SA-BRA-NW node...
INFO [2024-08-21 08:37:27] [NODES] - Adding SA-BRA-SE node...
INFO [2024-08-21 08:37:28] [NODES] - Adding SA-BRA-SO node...
INFO [2024-08-21 08:37:29] [NODES] - Adding SA-BRA-WE node...
INFO [2024-08-21 08:37:31] [NODES] - Adding SA-CHL node...
INFO [2024-08-21 08:37:32] [NODES] - Adding SA-COL node...
INFO [2024-08-21 08:37:34] [NODES] - Adding SA-ECU node...
INFO [2024-08-21 08:37:35] [NODES] - Adding SA-GUF node...
INFO [2024-08-21 08:37:37] [NODES] - Adding SA-GUY node...
INFO [2024-08-21 08:37:38] [NODES] - Adding SA-PER node...
INFO [2024-08-21 08:37:40] [NODES] - Adding SA-PRY node...
INFO [2024-08-21 08:37:42] [NODES] - Adding SA-URY node...
INFO [2024-08-21 08:37:44] [NODES] - Adding SA-VEN node...
INFO [2024-08-21 08:37:46] [MAIN] - Done adding nodes! (run time : 242.92s).

INFO [2024-08-21 08:37:46] [MAIN] - Adding districts...

INFO [2024-08-21 08:37:47] [DISTRICTS] - Creating north america continental district...
INFO [2024-08-21 08:37:49] [DISTRICTS] - Done creating north america continental district!
INFO [2024-08-21 08:37:49] [DISTRICTS] - Creating south america continental district...
INFO [2024-08-21 08:37:50] [DISTRICTS] - Done creating south america continental district!
INFO [2024-08-21 08:37:50] [DISTRICTS] - Creating na-can district from regional nodes...
INFO [2024-08-21 08:37:52] [DISTRICTS] - Done creating na-can district!
INFO [2024-08-21 08:37:52] [DISTRICTS] - Creating na-usa district from regional nodes...
INFO [2024-08-21 08:37:53] [DISTRICTS] - Done creating na-usa district!
INFO [2024-08-21 08:37:53] [DISTRICTS] - Creating sa-bra district from regional nodes...
INFO [2024-08-21 08:37:55] [DISTRICTS] - Done creating sa-bra district!
INFO [2024-08-21 08:37:55] [MAIN] - Done adding districts! (run time : 8.79s).

INFO [2024-08-21 08:37:55] [MAIN] - Adding load data...

INFO [2024-08-21 08:37:57] [LOAD] - Adding NA-CAN-AB load data...
INFO [2024-08-21 08:37:58] [LOAD] - Adding NA-CAN-AR load data...
INFO [2024-08-21 08:37:59] [LOAD] - Adding NA-CAN-BC load data...
INFO [2024-08-21 08:38:01] [LOAD] - Adding NA-CAN-MB load data...
INFO [2024-08-21 08:38:02] [LOAD] - Adding NA-CAN-NL load data...
INFO [2024-08-21 08:38:04] [LOAD] - Adding NA-CAN-NO load data...
INFO [2024-08-21 08:38:05] [LOAD] - Adding NA-CAN-ON load data...
INFO [2024-08-21 08:38:06] [LOAD] - Adding NA-CAN-QC load data...
INFO [2024-08-21 08:38:08] [LOAD] - Adding NA-CAN-SK load data...
INFO [2024-08-21 08:38:09] [LOAD] - Adding NA-CRI load data...
INFO [2024-08-21 08:38:11] [LOAD] - Adding NA-CUB load data...
INFO [2024-08-21 08:38:12] [LOAD] - Adding NA-DOM load data...
INFO [2024-08-21 08:38:13] [LOAD] - Adding NA-GTM load data...
INFO [2024-08-21 08:38:15] [LOAD] - Adding NA-HND load data...
INFO [2024-08-21 08:38:16] [LOAD] - Adding NA-JAM load data...
INFO [2024-08-21 08:38:18] [LOAD] - Adding NA-MEX load data...
INFO [2024-08-21 08:38:19] [LOAD] - Adding NA-NIC load data...
INFO [2024-08-21 08:38:20] [LOAD] - Adding NA-PAN load data...
INFO [2024-08-21 08:38:22] [LOAD] - Adding NA-SLV load data...
INFO [2024-08-21 08:38:23] [LOAD] - Adding NA-TTO load data...
INFO [2024-08-21 08:38:25] [LOAD] - Adding NA-USA-AK load data...
INFO [2024-08-21 08:38:26] [LOAD] - Adding NA-USA-AZ load data...
INFO [2024-08-21 08:38:28] [LOAD] - Adding NA-USA-CA load data...
INFO [2024-08-21 08:38:30] [LOAD] - Adding NA-USA-ER load data...
INFO [2024-08-21 08:38:32] [LOAD] - Adding NA-USA-FR load data...
INFO [2024-08-21 08:38:33] [LOAD] - Adding NA-USA-GU load data...
INFO [2024-08-21 08:38:35] [LOAD] - Adding NA-USA-HA load data...
INFO [2024-08-21 08:38:37] [LOAD] - Adding NA-USA-ME load data...
INFO [2024-08-21 08:38:39] [LOAD] - Adding NA-USA-MW load data...
INFO [2024-08-21 08:38:40] [LOAD] - Adding NA-USA-NE load data...
INFO [2024-08-21 08:38:42] [LOAD] - Adding NA-USA-NW load data...
INFO [2024-08-21 08:38:44] [LOAD] - Adding NA-USA-NY load data...
INFO [2024-08-21 08:38:46] [LOAD] - Adding NA-USA-PR load data...
INFO [2024-08-21 08:38:47] [LOAD] - Adding NA-USA-RA load data...
INFO [2024-08-21 08:38:49] [LOAD] - Adding NA-USA-RE load data...
INFO [2024-08-21 08:38:50] [LOAD] - Adding NA-USA-RM load data...
INFO [2024-08-21 08:38:52] [LOAD] - Adding NA-USA-RW load data...
INFO [2024-08-21 08:38:54] [LOAD] - Adding NA-USA-SA load data...
INFO [2024-08-21 08:38:55] [LOAD] - Adding NA-USA-SC load data...
INFO [2024-08-21 08:38:57] [LOAD] - Adding NA-USA-SE load data...
INFO [2024-08-21 08:38:59] [LOAD] - Adding NA-USA-SN load data...
INFO [2024-08-21 08:39:00] [LOAD] - Adding NA-USA-SS load data...
INFO [2024-08-21 08:39:02] [LOAD] - Adding NA-USA-SV load data...
INFO [2024-08-21 08:39:03] [LOAD] - Adding NA-USA-SW load data...
INFO [2024-08-21 08:39:05] [LOAD] - Adding SA-ARG load data...
INFO [2024-08-21 08:39:07] [LOAD] - Adding SA-BOL load data...
INFO [2024-08-21 08:39:08] [LOAD] - Adding SA-BRA-CN load data...
INFO [2024-08-21 08:39:10] [LOAD] - Adding SA-BRA-CW load data...
INFO [2024-08-21 08:39:12] [LOAD] - Adding SA-BRA-J1 load data...
INFO [2024-08-21 08:39:12] [WARN] - Could not add load data to SA-BRA-J1 node, skipping...
INFO [2024-08-21 08:39:12] [LOAD] - Adding SA-BRA-J2 load data...
INFO [2024-08-21 08:39:12] [WARN] - Could not add load data to SA-BRA-J2 node, skipping...
INFO [2024-08-21 08:39:12] [LOAD] - Adding SA-BRA-J3 load data...
INFO [2024-08-21 08:39:12] [WARN] - Could not add load data to SA-BRA-J3 node, skipping...
INFO [2024-08-21 08:39:12] [LOAD] - Adding SA-BRA-NE load data...
INFO [2024-08-21 08:39:14] [LOAD] - Adding SA-BRA-NW load data...
INFO [2024-08-21 08:39:15] [LOAD] - Adding SA-BRA-SE load data...
INFO [2024-08-21 08:39:17] [LOAD] - Adding SA-BRA-SO load data...
INFO [2024-08-21 08:39:19] [LOAD] - Adding SA-BRA-WE load data...
INFO [2024-08-21 08:39:20] [LOAD] - Adding SA-CHL load data...
INFO [2024-08-21 08:39:22] [LOAD] - Adding SA-COL load data...
INFO [2024-08-21 08:39:23] [LOAD] - Adding SA-ECU load data...
INFO [2024-08-21 08:39:25] [LOAD] - Adding SA-GUF load data...
INFO [2024-08-21 08:39:26] [LOAD] - Adding SA-GUY load data...
INFO [2024-08-21 08:39:28] [LOAD] - Adding SA-PER load data...
INFO [2024-08-21 08:39:29] [LOAD] - Adding SA-PRY load data...
INFO [2024-08-21 08:39:31] [LOAD] - Adding SA-URY load data...
INFO [2024-08-21 08:39:32] [LOAD] - Adding SA-VEN load data...
INFO [2024-08-21 08:39:34] [MAIN] - Done adding load data! (run time : 98.65s).

INFO [2024-08-21 08:39:34] [MAIN] - Fetching wind data...

INFO [2024-08-21 08:39:36] [WIND] - Adding NA-CAN-AB aggregated wind data...
INFO [2024-08-21 08:39:37] [WIND] - Adding NA-CAN-AR aggregated wind data...
INFO [2024-08-21 08:39:39] [WIND] - Adding NA-CAN-BC aggregated wind data...
INFO [2024-08-21 08:39:41] [WIND] - Adding NA-CAN-MB aggregated wind data...
INFO [2024-08-21 08:39:42] [WIND] - Adding NA-CAN-NL aggregated wind data...
INFO [2024-08-21 08:39:44] [WIND] - Adding NA-CAN-NO aggregated wind data...
INFO [2024-08-21 08:39:45] [WIND] - Adding NA-CAN-ON aggregated wind data...
INFO [2024-08-21 08:39:47] [WIND] - Adding NA-CAN-QC aggregated wind data...
INFO [2024-08-21 08:39:49] [WIND] - Adding NA-CAN-SK aggregated wind data...
INFO [2024-08-21 08:39:50] [WIND] - Adding NA-CRI aggregated wind data...
INFO [2024-08-21 08:39:52] [WIND] - Adding NA-CUB aggregated wind data...
INFO [2024-08-21 08:39:53] [WIND] - Adding NA-DOM aggregated wind data...
INFO [2024-08-21 08:39:55] [WIND] - Adding NA-GTM aggregated wind data...
INFO [2024-08-21 08:39:56] [WIND] - Adding NA-HND aggregated wind data...
INFO [2024-08-21 08:39:57] [WIND] - Adding NA-JAM aggregated wind data...
INFO [2024-08-21 08:39:59] [WIND] - Adding NA-MEX aggregated wind data...
INFO [2024-08-21 08:40:00] [WIND] - Adding NA-NIC aggregated wind data...
INFO [2024-08-21 08:40:01] [WIND] - Adding NA-PAN aggregated wind data...
INFO [2024-08-21 08:40:01] [WARN] - Skipped adding wind data for NA-SLV (no generators found in PLEXOS).
INFO [2024-08-21 08:40:01] [WARN] - Skipped adding wind data for NA-TTO (no generators found in PLEXOS).
INFO [2024-08-21 08:40:02] [WIND] - Adding NA-USA-AK aggregated wind data...
INFO [2024-08-21 08:40:03] [WIND] - Adding NA-USA-AZ aggregated wind data...
INFO [2024-08-21 08:40:05] [WIND] - Adding NA-USA-CA aggregated wind data...
INFO [2024-08-21 08:40:06] [WIND] - Adding NA-USA-ER aggregated wind data...
INFO [2024-08-21 08:40:06] [WARN] - Skipped adding wind data for NA-USA-FR (no generators found in PLEXOS).
INFO [2024-08-21 08:40:06] [WARN] - Skipped adding wind data for NA-USA-GU (no generators found in PLEXOS).
INFO [2024-08-21 08:40:07] [WIND] - Adding NA-USA-HA aggregated wind data...
INFO [2024-08-21 08:40:08] [WIND] - Adding NA-USA-ME aggregated wind data...
INFO [2024-08-21 08:40:09] [WIND] - Adding NA-USA-MW aggregated wind data...
INFO [2024-08-21 08:40:09] [WIND] - Adding NA-USA-NE aggregated wind data...
INFO [2024-08-21 08:40:10] [WIND] - Adding NA-USA-NW aggregated wind data...
INFO [2024-08-21 08:40:11] [WIND] - Adding NA-USA-NY aggregated wind data...
INFO [2024-08-21 08:40:12] [WIND] - Adding NA-USA-PR aggregated wind data...
INFO [2024-08-21 08:40:13] [WIND] - Adding NA-USA-RA aggregated wind data...
INFO [2024-08-21 08:40:14] [WIND] - Adding NA-USA-RE aggregated wind data...
INFO [2024-08-21 08:40:15] [WIND] - Adding NA-USA-RM aggregated wind data...
INFO [2024-08-21 08:40:16] [WIND] - Adding NA-USA-RW aggregated wind data...
INFO [2024-08-21 08:40:16] [WARN] - Skipped adding wind data for NA-USA-SA (no generators found in PLEXOS).
INFO [2024-08-21 08:40:17] [WIND] - Adding NA-USA-SC aggregated wind data...
INFO [2024-08-21 08:40:17] [WARN] - Skipped adding wind data for NA-USA-SE (no generators found in PLEXOS).
INFO [2024-08-21 08:40:17] [WIND] - Adding NA-USA-SN aggregated wind data...
INFO [2024-08-21 08:40:18] [WIND] - Adding NA-USA-SS aggregated wind data...
INFO [2024-08-21 08:40:18] [WARN] - Skipped adding wind data for NA-USA-SV (no generators found in PLEXOS).
INFO [2024-08-21 08:40:19] [WIND] - Adding NA-USA-SW aggregated wind data...
INFO [2024-08-21 08:40:21] [WIND] - Adding SA-ARG aggregated wind data...
INFO [2024-08-21 08:40:21] [WARN] - Skipped adding wind data for SA-BOL (no generators found in PLEXOS).
INFO [2024-08-21 08:40:21] [WARN] - Skipped adding wind data for SA-BRA-CN (no generators found in PLEXOS).
INFO [2024-08-21 08:40:21] [WARN] - Skipped adding wind data for SA-BRA-CW (no generators found in PLEXOS).
INFO [2024-08-21 08:40:21] [WARN] - Skipped adding wind data for SA-BRA-J1 (no generators found in PLEXOS).
INFO [2024-08-21 08:40:21] [WARN] - Skipped adding wind data for SA-BRA-J2 (no generators found in PLEXOS).
INFO [2024-08-21 08:40:21] [WARN] - Skipped adding wind data for SA-BRA-J3 (no generators found in PLEXOS).
INFO [2024-08-21 08:40:22] [WIND] - Adding SA-BRA-NE aggregated wind data...
INFO [2024-08-21 08:40:22] [WARN] - Skipped adding wind data for SA-BRA-NW (no generators found in PLEXOS).
INFO [2024-08-21 08:40:23] [WIND] - Adding SA-BRA-SE aggregated wind data...
INFO [2024-08-21 08:40:24] [WIND] - Adding SA-BRA-SO aggregated wind data...
INFO [2024-08-21 08:40:24] [WARN] - Skipped adding wind data for SA-BRA-WE (no generators found in PLEXOS).
INFO [2024-08-21 08:40:25] [WIND] - Adding SA-CHL aggregated wind data...
INFO [2024-08-21 08:40:27] [WIND] - Adding SA-COL aggregated wind data...
INFO [2024-08-21 08:40:28] [WIND] - Adding SA-ECU aggregated wind data...
INFO [2024-08-21 08:40:28] [WARN] - Skipped adding wind data for SA-GUF (no generators found in PLEXOS).
INFO [2024-08-21 08:40:29] [WIND] - Adding SA-GUY aggregated wind data...
INFO [2024-08-21 08:40:30] [WIND] - Adding SA-PER aggregated wind data...
INFO [2024-08-21 08:40:30] [WARN] - Skipped adding wind data for SA-PRY (no generators found in PLEXOS).
INFO [2024-08-21 08:40:31] [WIND] - Adding SA-URY aggregated wind data...
INFO [2024-08-21 08:40:32] [WIND] - Adding SA-VEN aggregated wind data...
INFO [2024-08-21 08:40:32] [MAIN] - Done adding wind data! (run time : 58.13s).

INFO [2024-08-21 08:40:32] [MAIN] - Fetching solar data...

INFO [2024-08-21 08:40:33] [SOLAR] - Adding NA-CAN-AB aggregated solar data...
INFO [2024-08-21 08:40:33] [WARN] - Skipped adding solar data for NA-CAN-AR (no generators found in PLEXOS).
INFO [2024-08-21 08:40:34] [SOLAR] - Adding NA-CAN-BC aggregated solar data...
INFO [2024-08-21 08:40:34] [WARN] - Skipped adding solar data for NA-CAN-MB (no generators found in PLEXOS).
INFO [2024-08-21 08:40:34] [WARN] - Skipped adding solar data for NA-CAN-NL (no generators found in PLEXOS).
INFO [2024-08-21 08:40:34] [WARN] - Skipped adding solar data for NA-CAN-NO (no generators found in PLEXOS).
INFO [2024-08-21 08:40:36] [SOLAR] - Adding NA-CAN-ON aggregated solar data...
INFO [2024-08-21 08:40:36] [WARN] - Skipped adding solar data for NA-CAN-QC (no generators found in PLEXOS).
INFO [2024-08-21 08:40:36] [WARN] - Skipped adding solar data for NA-CAN-SK (no generators found in PLEXOS).
INFO [2024-08-21 08:40:36] [WARN] - Skipped adding solar data for NA-CRI (no generators found in PLEXOS).
INFO [2024-08-21 08:40:37] [SOLAR] - Adding NA-CUB aggregated solar data...
INFO [2024-08-21 08:40:38] [SOLAR] - Adding NA-DOM aggregated solar data...
INFO [2024-08-21 08:40:39] [SOLAR] - Adding NA-GTM aggregated solar data...
INFO [2024-08-21 08:40:41] [SOLAR] - Adding NA-HND aggregated solar data...
INFO [2024-08-21 08:40:41] [WARN] - Skipped adding solar data for NA-JAM (no generators found in PLEXOS).
INFO [2024-08-21 08:40:42] [SOLAR] - Adding NA-MEX aggregated solar data...
INFO [2024-08-21 08:40:42] [WARN] - Skipped adding solar data for NA-NIC (no generators found in PLEXOS).
INFO [2024-08-21 08:40:43] [SOLAR] - Adding NA-PAN aggregated solar data...
INFO [2024-08-21 08:40:45] [SOLAR] - Adding NA-SLV aggregated solar data...
INFO [2024-08-21 08:40:45] [WARN] - Skipped adding solar data for NA-TTO (no generators found in PLEXOS).
INFO [2024-08-21 08:40:45] [WARN] - Skipped adding solar data for NA-USA-AK (no generators found in PLEXOS).
INFO [2024-08-21 08:40:46] [SOLAR] - Adding NA-USA-AZ aggregated solar data...
INFO [2024-08-21 08:40:48] [SOLAR] - Adding NA-USA-CA aggregated solar data...
INFO [2024-08-21 08:40:49] [SOLAR] - Adding NA-USA-ER aggregated solar data...
INFO [2024-08-21 08:40:50] [SOLAR] - Adding NA-USA-FR aggregated solar data...
INFO [2024-08-21 08:40:52] [SOLAR] - Adding NA-USA-GU aggregated solar data...
INFO [2024-08-21 08:40:53] [SOLAR] - Adding NA-USA-HA aggregated solar data...
INFO [2024-08-21 08:40:54] [SOLAR] - Adding NA-USA-ME aggregated solar data...
INFO [2024-08-21 08:40:54] [MAIN] - Starting 15thmClu_accUCM__2024_08_21_08_40_54 simulation...
INFO [2024-08-21 08:49:31] [MAIN] - Antares simulation finished! (run time : 8.6min).
 

