INFO [2024-08-08 15:01:13] [MAIN] - Creating Etude_sur_R_Beta_3Pts__2024_08_08_15_01_13 study...

INFO [2024-08-08 15:01:13] [MAIN] - Unit commitment mode : FAST
INFO [2024-08-08 15:01:13] [MAIN] - Adding nodes...

INFO [2024-08-08 15:01:14] [NODES] - Adding EU-CHE node...
INFO [2024-08-08 15:01:15] [NODES] - Adding EU-DEU node...
INFO [2024-08-08 15:01:15] [NODES] - Adding EU-FRA node...
INFO [2024-08-08 15:01:15] [MAIN] - Done adding nodes! (run time : 2.04s).

INFO [2024-08-08 15:01:15] [MAIN] - Adding load data...

INFO [2024-08-08 15:01:16] [LOAD] - Adding EU-CHE load data...
INFO [2024-08-08 15:01:16] [LOAD] - Adding EU-DEU load data...
INFO [2024-08-08 15:01:16] [LOAD] - Adding EU-FRA load data...
INFO [2024-08-08 15:01:16] [MAIN] - Done adding load data! (run time : 1.24s).

INFO [2024-08-08 15:01:16] [MAIN] - Fetching wind data...

INFO [2024-08-08 15:01:16] [WIND] - Adding EU-CHE aggregated wind data...
INFO [2024-08-08 15:01:16] [WIND] - Adding EU-DEU aggregated wind data...
INFO [2024-08-08 15:01:17] [WIND] - Adding EU-FRA aggregated wind data...
INFO [2024-08-08 15:01:17] [MAIN] - Done adding wind data! (run time : 0.29s).

INFO [2024-08-08 15:01:17] [MAIN] - Fetching solar data...

INFO [2024-08-08 15:01:17] [SOLAR] - Adding EU-CHE aggregated solar data...
INFO [2024-08-08 15:01:17] [SOLAR] - Adding EU-DEU aggregated solar data...
INFO [2024-08-08 15:01:17] [SOLAR] - Adding EU-FRA aggregated solar data...
INFO [2024-08-08 15:01:17] [MAIN] - Done adding solar data! (run time : 0.29s).

INFO [2024-08-08 15:01:17] [MAIN] - Beginning hydro implementation...
INFO [2024-08-08 15:01:18] [HYDRO] - Initializing EU-CHE hydro parameters...
INFO [2024-08-08 15:01:19] [HYDRO] - Adding EU-CHE max power timeseries...
INFO [2024-08-08 15:01:20] [HYDRO] - Adding EU-CHE hydro profiles...
INFO [2024-08-08 15:01:21] [HYDRO] - Initializing EU-DEU hydro parameters...
INFO [2024-08-08 15:01:22] [HYDRO] - Adding EU-DEU max power timeseries...
INFO [2024-08-08 15:01:22] [HYDRO] - Adding EU-DEU hydro profiles...
INFO [2024-08-08 15:01:24] [HYDRO] - Initializing EU-FRA hydro parameters...
INFO [2024-08-08 15:01:24] [HYDRO] - Adding EU-FRA max power timeseries...
INFO [2024-08-08 15:01:25] [HYDRO] - Adding EU-FRA hydro profiles...
INFO [2024-08-08 15:01:25] [MAIN] - Done adding hydro!
INFO [2024-08-08 15:01:25] [MAIN] - Fetching thermal data...

INFO [2024-08-08 15:01:28] [THERMAL] - Adding CHE_BIO_CAPACITY SCALER generator to EU-CHE node...
INFO [2024-08-08 15:01:28] [THERMAL] - Adding CHE_COA_CAPACITY SCALER generator to EU-CHE node...
INFO [2024-08-08 15:01:28] [THERMAL] - Adding CHE_GAS_CAPACITY SCALER generator to EU-CHE node...
INFO [2024-08-08 15:01:28] [THERMAL] - Adding CHE_NUC_KERNKRAFTWERKB17760 generator to EU-CHE node...
INFO [2024-08-08 15:01:28] [THERMAL] - Adding CHE_NUC_KERNKRAFTWERKG17761 generator to EU-CHE node...
INFO [2024-08-08 15:01:28] [THERMAL] - Adding CHE_NUC_KERNKRAFTWERKL17762 generator to EU-CHE node...
INFO [2024-08-08 15:01:28] [THERMAL] - Adding CHE_NUC_KERNKRAFTWERKM17763 generator to EU-CHE node...
INFO [2024-08-08 15:01:28] [THERMAL] - Adding CHE_OIL_CAPACITY SCALER generator to EU-CHE node...
INFO [2024-08-08 15:01:28] [THERMAL] - Adding DEU_BIO_BIOENERGIEPARK10946 generator to EU-DEU node...
INFO [2024-08-08 15:01:28] [THERMAL] - Adding DEU_BIO_BIOHKWHERBREC10945 generator to EU-DEU node...
INFO [2024-08-08 15:01:29] [THERMAL] - Adding DEU_BIO_BIOHKWI10947 generator to EU-DEU node...
INFO [2024-08-08 15:01:29] [THERMAL] - Adding DEU_BIO_BIOMASSEHEIZKR10970 generator to EU-DEU node...
INFO [2024-08-08 15:01:29] [THERMAL] - Adding DEU_BIO_BIOMASSEHEIZKRA10972 generator to EU-DEU node...
INFO [2024-08-08 15:01:29] [THERMAL] - Adding DEU_BIO_BIOMASSEKRAFTWE10974 generator to EU-DEU node...
INFO [2024-08-08 15:01:29] [THERMAL] - Adding DEU_BIO_BIOMASSEVERSTR10971 generator to EU-DEU node...
INFO [2024-08-08 15:01:29] [THERMAL] - Adding DEU_BIO_BIOMASSGENERAT10948 generator to EU-DEU node...
INFO [2024-08-08 15:01:29] [THERMAL] - Adding DEU_BIO_BIOMASSGENERAT10953 generator to EU-DEU node...
INFO [2024-08-08 15:01:29] [THERMAL] - Adding DEU_BIO_BIOMASSGENERAT10954 generator to EU-DEU node...
INFO [2024-08-08 15:01:29] [THERMAL] - Adding DEU_BIO_BIOMASSGENERAT10955 generator to EU-DEU node...
INFO [2024-08-08 15:01:29] [THERMAL] - Adding DEU_BIO_BIOMASSGENERAT10956 generator to EU-DEU node...
INFO [2024-08-08 15:01:30] [THERMAL] - Adding DEU_BIO_BIOMASSGENERAT10957 generator to EU-DEU node...
INFO [2024-08-08 15:01:30] [THERMAL] - Adding DEU_BIO_BIOMASSGENERAT10959 generator to EU-DEU node...
INFO [2024-08-08 15:01:30] [THERMAL] - Adding DEU_BIO_BIOMASSGENERAT10960 generator to EU-DEU node...
INFO [2024-08-08 15:01:30] [THERMAL] - Adding DEU_BIO_BIOMASSGENERAT10961 generator to EU-DEU node...
INFO [2024-08-08 15:01:30] [THERMAL] - Adding DEU_BIO_BIOMASSGENERAT10962 generator to EU-DEU node...
INFO [2024-08-08 15:01:30] [THERMAL] - Adding DEU_BIO_BIOMASSGENERAT10963 generator to EU-DEU node...
INFO [2024-08-08 15:01:30] [THERMAL] - Adding DEU_BIO_BIOMASSGENERAT10964 generator to EU-DEU node...
INFO [2024-08-08 15:01:30] [THERMAL] - Adding DEU_BIO_BIOMASSGENERAT10965 generator to EU-DEU node...
INFO [2024-08-08 15:01:31] [THERMAL] - Adding DEU_BIO_BIOMASSGENERAT10966 generator to EU-DEU node...
INFO [2024-08-08 15:01:31] [THERMAL] - Adding DEU_BIO_BIOMASSGENERAT10967 generator to EU-DEU node...
INFO [2024-08-08 15:01:31] [THERMAL] - Adding DEU_BIO_BIOMASSGENERAT10968 generator to EU-DEU node...
INFO [2024-08-08 15:01:31] [THERMAL] - Adding DEU_BIO_BIOMASSGENERAT10969 generator to EU-DEU node...
INFO [2024-08-08 15:01:31] [THERMAL] - Adding DEU_BIO_BKF10913 generator to EU-DEU node...
INFO [2024-08-08 15:01:32] [THERMAL] - Adding DEU_BIO_BLOCKHEIZKRAFTW10981 generator to EU-DEU node...
INFO [2024-08-08 15:01:32] [THERMAL] - Adding DEU_BIO_BMHKWBINDERHOL10914 generator to EU-DEU node...
INFO [2024-08-08 15:01:32] [THERMAL] - Adding DEU_BIO_BMHKWRERECKLI10915 generator to EU-DEU node...
INFO [2024-08-08 15:01:32] [THERMAL] - Adding DEU_BIO_BMKLNEN10916 generator to EU-DEU node...
INFO [2024-08-08 15:01:33] [THERMAL] - Adding DEU_BIO_BMKWBERGKAMEN10917 generator to EU-DEU node...
INFO [2024-08-08 15:01:33] [THERMAL] - Adding DEU_BIO_BMKWFLRSHEIM10918 generator to EU-DEU node...
INFO [2024-08-08 15:01:33] [THERMAL] - Adding DEU_BIO_BMKWKNIGSWU10919 generator to EU-DEU node...
INFO [2024-08-08 15:01:33] [THERMAL] - Adding DEU_BIO_BMKWMANNHEIM10920 generator to EU-DEU node...
INFO [2024-08-08 15:01:33] [THERMAL] - Adding DEU_BIO_CAPACITY SCALER generator to EU-DEU node...
INFO [2024-08-08 15:01:34] [THERMAL] - Adding DEU_BIO_EGGERKRAFTWERK11072 generator to EU-DEU node...
INFO [2024-08-08 15:01:34] [THERMAL] - Adding DEU_BIO_EMDENBIOMASSE11085 generator to EU-DEU node...
INFO [2024-08-08 15:01:34] [THERMAL] - Adding DEU_BIO_ENERGIEANLAGE311089 generator to EU-DEU node...
INFO [2024-08-08 15:01:34] [THERMAL] - Adding DEU_BIO_ENERTRAGNETZG11063 generator to EU-DEU node...
INFO [2024-08-08 15:01:34] [THERMAL] - Adding DEU_BIO_HEIZKRAFTWERKP11275 generator to EU-DEU node...
INFO [2024-08-08 15:01:34] [THERMAL] - Adding DEU_BIO_HHKWBERLINNEU11189 generator to EU-DEU node...
INFO [2024-08-08 15:01:35] [THERMAL] - Adding DEU_BIO_HKWALTENSTADT11194 generator to EU-DEU node...
INFO [2024-08-08 15:01:35] [THERMAL] - Adding DEU_BIO_KWKGTERSLOH11354 generator to EU-DEU node...
INFO [2024-08-08 15:01:35] [THERMAL] - Adding DEU_BIO_KWKNEUMARKT11355 generator to EU-DEU node...
INFO [2024-08-08 15:01:35] [THERMAL] - Adding DEU_BIO_LANDESBERGENBI11424 generator to EU-DEU node...
INFO [2024-08-08 15:01:35] [THERMAL] - Adding DEU_BIO_MLLVERWERTUNG11495 generator to EU-DEU node...
INFO [2024-08-08 15:01:35] [THERMAL] - Adding DEU_BIO_SCAMANNHEIM11648 generator to EU-DEU node...
INFO [2024-08-08 15:01:36] [THERMAL] - Adding DEU_BIO_STORAENSOMAXA11716 generator to EU-DEU node...
INFO [2024-08-08 15:01:36] [THERMAL] - Adding DEU_BIO_UPMSCHWEDT11755 generator to EU-DEU node...
INFO [2024-08-08 15:01:36] [THERMAL] - Adding DEU_BIO_UTB11756 generator to EU-DEU node...
INFO [2024-08-08 15:01:36] [THERMAL] - Adding DEU_BIO_WERKSKRAFTWERK11803 generator to EU-DEU node...
INFO [2024-08-08 15:01:36] [THERMAL] - Adding DEU_BIO_WERKSKRAFTWERK11805 generator to EU-DEU node...
INFO [2024-08-08 15:01:36] [THERMAL] - Adding DEU_BIO_WIBIEBRICH11814 generator to EU-DEU node...
INFO [2024-08-08 15:01:37] [THERMAL] - Adding DEU_BIO_ZELLSTOFFSTEND11847 generator to EU-DEU node...
INFO [2024-08-08 15:01:37] [THERMAL] - Adding DEU_BIO_ZOLLINGPOWERS11851 generator to EU-DEU node...
INFO [2024-08-08 15:01:37] [THERMAL] - Adding DEU_COA_ALTBACHPOWERS10887 generator to EU-DEU node...
INFO [2024-08-08 15:01:37] [THERMAL] - Adding DEU_COA_BERGKAMENPOWER10936 generator to EU-DEU node...
INFO [2024-08-08 15:01:38] [THERMAL] - Adding DEU_COA_BERLINMOABITP10938 generator to EU-DEU node...
INFO [2024-08-08 15:01:38] [THERMAL] - Adding DEU_COA_BERLINREUTERP10939 generator to EU-DEU node...
INFO [2024-08-08 15:01:38] [THERMAL] - Adding DEU_COA_BERLINREUTERW10940 generator to EU-DEU node...
INFO [2024-08-08 15:01:38] [THERMAL] - Adding DEU_COA_BOA210982 generator to EU-DEU node...
INFO [2024-08-08 15:01:39] [THERMAL] - Adding DEU_COA_BOXBERGPOWERS10989 generator to EU-DEU node...
INFO [2024-08-08 15:01:39] [THERMAL] - Adding DEU_COA_BRAUNKOHLEKRAFT10993 generator to EU-DEU node...
INFO [2024-08-08 15:01:39] [THERMAL] - Adding DEU_COA_BREMENFARGEPO10995 generator to EU-DEU node...
INFO [2024-08-08 15:01:40] [THERMAL] - Adding DEU_COA_BUERPOWERSTAT11001 generator to EU-DEU node...
INFO [2024-08-08 15:01:40] [THERMAL] - Adding DEU_COA_BUSCHHAUSPOWER11002 generator to EU-DEU node...
INFO [2024-08-08 15:01:40] [THERMAL] - Adding DEU_COA_CHEMIEPARKMARL11011 generator to EU-DEU node...
INFO [2024-08-08 15:01:40] [THERMAL] - Adding DEU_COA_CHEMNITZNORDP11012 generator to EU-DEU node...
INFO [2024-08-08 15:01:40] [THERMAL] - Adding DEU_COA_COALPLANT111015 generator to EU-DEU node...
INFO [2024-08-08 15:01:41] [THERMAL] - Adding DEU_COA_COALPLANT211016 generator to EU-DEU node...
INFO [2024-08-08 15:01:41] [THERMAL] - Adding DEU_COA_COLOGNEMERKENI11018 generator to EU-DEU node...
INFO [2024-08-08 15:01:41] [THERMAL] - Adding DEU_COA_COTTBUSCHPPOW11019 generator to EU-DEU node...
INFO [2024-08-08 15:01:41] [THERMAL] - Adding DEU_COA_DESSAUPOWERST11037 generator to EU-DEU node...
INFO [2024-08-08 15:01:42] [THERMAL] - Adding DEU_COA_DEUBENPOWERST11040 generator to EU-DEU node...
INFO [2024-08-08 15:01:42] [THERMAL] - Adding DEU_COA_EZ111066 generator to EU-DEU node...
INFO [2024-08-08 15:01:42] [THERMAL] - Adding DEU_COA_FKK11104 generator to EU-DEU node...
INFO [2024-08-08 15:01:42] [THERMAL] - Adding DEU_COA_FLENSBURGPOWER11111 generator to EU-DEU node...
INFO [2024-08-08 15:01:42] [THERMAL] - Adding DEU_COA_FORTUNANORD11113 generator to EU-DEU node...
INFO [2024-08-08 15:01:42] [THERMAL] - Adding DEU_COA_FRIMMERSDORFPO11118 generator to EU-DEU node...
INFO [2024-08-08 15:01:43] [THERMAL] - Adding DEU_COA_GKHHANNOVERPO11123 generator to EU-DEU node...
INFO [2024-08-08 15:01:43] [THERMAL] - Adding DEU_COA_GKMMANNHEIM11125 generator to EU-DEU node...
INFO [2024-08-08 15:01:43] [THERMAL] - Adding DEU_COA_GKRAFTWERK11121 generator to EU-DEU node...
INFO [2024-08-08 15:01:43] [THERMAL] - Adding DEU_COA_GRUBENHEIZKRAFT11165 generator to EU-DEU node...
INFO [2024-08-08 15:01:44] [THERMAL] - Adding DEU_COA_HAFENPOWERSTA11244 generator to EU-DEU node...
INFO [2024-08-08 15:01:44] [THERMAL] - Adding DEU_COA_HAMBURGMOORBUR11247 generator to EU-DEU node...
INFO [2024-08-08 15:01:44] [THERMAL] - Adding DEU_COA_HASTEDTPOWERS11251 generator to EU-DEU node...
INFO [2024-08-08 15:01:44] [THERMAL] - Adding DEU_COA_HEILBRONNPOWER11255 generator to EU-DEU node...
INFO [2024-08-08 15:01:44] [THERMAL] - Adding DEU_COA_HEIZKRAFTWERK311260 generator to EU-DEU node...
INFO [2024-08-08 15:01:44] [THERMAL] - Adding DEU_COA_HEIZKRAFTWERKD11281 generator to EU-DEU node...
INFO [2024-08-08 15:01:45] [THERMAL] - Adding DEU_COA_HEIZKRAFTWERKF11266 generator to EU-DEU node...
INFO [2024-08-08 15:01:45] [THERMAL] - Adding DEU_COA_HEIZKRAFTWERKM11274 generator to EU-DEU node...
INFO [2024-08-08 15:01:45] [THERMAL] - Adding DEU_COA_HEIZKRAFTWERKS11279 generator to EU-DEU node...
INFO [2024-08-08 15:01:46] [THERMAL] - Adding DEU_COA_HERNEPOWERSTA11288 generator to EU-DEU node...
INFO [2024-08-08 15:01:46] [THERMAL] - Adding DEU_COA_HEYDENPOWERST11292 generator to EU-DEU node...
INFO [2024-08-08 15:01:46] [THERMAL] - Adding DEU_COA_HKWERLANGENC11203 generator to EU-DEU node...
INFO [2024-08-08 15:01:47] [THERMAL] - Adding DEU_COA_HKWI11211 generator to EU-DEU node...
INFO [2024-08-08 15:01:47] [THERMAL] - Adding DEU_COA_HKWKARCHERSTR_11214 generator to EU-DEU node...
INFO [2024-08-08 15:01:47] [THERMAL] - Adding DEU_COA_HKWNORD11222 generator to EU-DEU node...
INFO [2024-08-08 15:01:48] [THERMAL] - Adding DEU_COA_HKWNORDWEST11223 generator to EU-DEU node...
INFO [2024-08-08 15:01:48] [THERMAL] - Adding DEU_COA_HKWOFFENBACHP11295 generator to EU-DEU node...
INFO [2024-08-08 15:01:48] [THERMAL] - Adding DEU_COA_HKWSACHTLEBEN11226 generator to EU-DEU node...
INFO [2024-08-08 15:01:49] [THERMAL] - Adding DEU_COA_HKWWEST11233 generator to EU-DEU node...
INFO [2024-08-08 15:01:49] [THERMAL] - Adding DEU_COA_HKWWEST11234 generator to EU-DEU node...
INFO [2024-08-08 15:01:49] [THERMAL] - Adding DEU_COA_HUERTHVILLE11303 generator to EU-DEU node...
INFO [2024-08-08 15:01:49] [THERMAL] - Adding DEU_COA_IBBENBRENBP11323 generator to EU-DEU node...
INFO [2024-08-08 15:01:50] [THERMAL] - Adding DEU_COA_INDUSTRIEKRAFT11330 generator to EU-DEU node...
INFO [2024-08-08 15:01:50] [THERMAL] - Adding DEU_COA_JANSCHWALDEPOW11338 generator to EU-DEU node...
INFO [2024-08-08 15:01:50] [THERMAL] - Adding DEU_COA_KESSEL411372 generator to EU-DEU node...
INFO [2024-08-08 15:01:50] [THERMAL] - Adding DEU_COA_KIELPOWERSTAT11374 generator to EU-DEU node...
INFO [2024-08-08 15:01:51] [THERMAL] - Adding DEU_COA_KLINGENBERG11380 generator to EU-DEU node...
INFO [2024-08-08 15:01:51] [THERMAL] - Adding DEU_COA_KOHLEKRAFTWERK11387 generator to EU-DEU node...
INFO [2024-08-08 15:01:51] [THERMAL] - Adding DEU_COA_KRAFTWERK11391 generator to EU-DEU node...
INFO [2024-08-08 15:01:51] [THERMAL] - Adding DEU_COA_KRAFTWERKBEXBA11395 generator to EU-DEU node...
INFO [2024-08-08 15:01:52] [THERMAL] - Adding DEU_COA_KRAFTWERKENSDO11396 generator to EU-DEU node...
INFO [2024-08-08 15:01:52] [THERMAL] - Adding DEU_COA_KRAFTWERKII11400 generator to EU-DEU node...
INFO [2024-08-08 15:01:52] [THERMAL] - Adding DEU_COA_KRAFTWERKL5711402 generator to EU-DEU node...
INFO [2024-08-08 15:01:52] [THERMAL] - Adding DEU_COA_KRAFTWERKN23011406 generator to EU-DEU node...
INFO [2024-08-08 15:01:53] [THERMAL] - Adding DEU_COA_KRAFTWERKWERDO11414 generator to EU-DEU node...
INFO [2024-08-08 15:01:53] [THERMAL] - Adding DEU_COA_KWM11360 generator to EU-DEU node...
INFO [2024-08-08 15:01:53] [THERMAL] - Adding DEU_COA_KWVOERDE11348 generator to EU-DEU node...
INFO [2024-08-08 15:01:53] [THERMAL] - Adding DEU_COA_KWWALSUM11349 generator to EU-DEU node...
INFO [2024-08-08 15:01:54] [THERMAL] - Adding DEU_COA_KWWEST11350 generator to EU-DEU node...
INFO [2024-08-08 15:01:54] [THERMAL] - Adding DEU_COA_LIPPENDORFPOWE11441 generator to EU-DEU node...
INFO [2024-08-08 15:01:54] [THERMAL] - Adding DEU_COA_LNENPOWERST11449 generator to EU-DEU node...
INFO [2024-08-08 15:01:54] [THERMAL] - Adding DEU_COA_MODELLKRAFTWERK11483 generator to EU-DEU node...
INFO [2024-08-08 15:01:55] [THERMAL] - Adding DEU_COA_NEURATHPOWERS11521 generator to EU-DEU node...
INFO [2024-08-08 15:01:55] [THERMAL] - Adding DEU_COA_NIEDERAUSSEMPO11527 generator to EU-DEU node...
INFO [2024-08-08 15:01:55] [THERMAL] - Adding DEU_COA_NORD211529 generator to EU-DEU node...
INFO [2024-08-08 15:01:55] [THERMAL] - Adding DEU_COA_PFORZHEIMPOWER11577 generator to EU-DEU node...
INFO [2024-08-08 15:01:56] [THERMAL] - Adding DEU_COA_PLWERKEUSKIR11557 generator to EU-DEU node...
INFO [2024-08-08 15:01:56] [THERMAL] - Adding DEU_COA_PLWERKJLIC11558 generator to EU-DEU node...
INFO [2024-08-08 15:01:56] [THERMAL] - Adding DEU_COA_PLWERKKNNE11559 generator to EU-DEU node...
INFO [2024-08-08 15:01:56] [THERMAL] - Adding DEU_COA_RENODEMEDICI11608 generator to EU-DEU node...
INFO [2024-08-08 15:01:57] [THERMAL] - Adding DEU_COA_RHEINHAFENDAMP11617 generator to EU-DEU node...
INFO [2024-08-08 15:01:57] [THERMAL] - Adding DEU_COA_ROSTOCKPOWERS11638 generator to EU-DEU node...
INFO [2024-08-08 15:01:57] [THERMAL] - Adding DEU_COA_SCHKOPAUPOWER11665 generator to EU-DEU node...
INFO [2024-08-08 15:01:57] [THERMAL] - Adding DEU_COA_SCHOLVENPOWER11669 generator to EU-DEU node...
INFO [2024-08-08 15:01:58] [THERMAL] - Adding DEU_COA_SCHWARZEPUMPE11673 generator to EU-DEU node...
INFO [2024-08-08 15:01:58] [THERMAL] - Adding DEU_COA_STAUDINGERPOWE11709 generator to EU-DEU node...
INFO [2024-08-08 15:01:58] [THERMAL] - Adding DEU_COA_STUTTGARTMUENS11720 generator to EU-DEU node...
INFO [2024-08-08 15:01:58] [THERMAL] - Adding DEU_COA_TIEFSTACKPOWER11739 generator to EU-DEU node...
INFO [2024-08-08 15:01:59] [THERMAL] - Adding DEU_COA_TRIANELKOHLEKR11742 generator to EU-DEU node...
INFO [2024-08-08 15:01:59] [THERMAL] - Adding DEU_COA_WACHTBERGPOWER11777 generator to EU-DEU node...
INFO [2024-08-08 15:01:59] [THERMAL] - Adding DEU_COA_WAEHLITZPOWER11778 generator to EU-DEU node...
INFO [2024-08-08 15:01:59] [THERMAL] - Adding DEU_COA_WALHEIMPOWERS11787 generator to EU-DEU node...
INFO [2024-08-08 15:02:00] [THERMAL] - Adding DEU_COA_WEDELPOWERSTA11793 generator to EU-DEU node...
INFO [2024-08-08 15:02:00] [THERMAL] - Adding DEU_COA_WEIHER11796 generator to EU-DEU node...
INFO [2024-08-08 15:02:00] [THERMAL] - Adding DEU_COA_WEISWEILERPOWE11799 generator to EU-DEU node...
INFO [2024-08-08 15:02:00] [THERMAL] - Adding DEU_COA_WESTFALEN11811 generator to EU-DEU node...
INFO [2024-08-08 15:02:01] [THERMAL] - Adding DEU_COA_WILHELMSHAVENP11817 generator to EU-DEU node...
INFO [2024-08-08 15:02:01] [THERMAL] - Adding DEU_COA_WUPPERTALELBER11838 generator to EU-DEU node...
INFO [2024-08-08 15:02:02] [THERMAL] - Adding DEU_GAS_ADSANLAGE10872 generator to EU-DEU node...
INFO [2024-08-08 15:02:02] [THERMAL] - Adding DEU_GAS_AHRENSFELDE10881 generator to EU-DEU node...
INFO [2024-08-08 15:02:02] [THERMAL] - Adding DEU_GAS_BHKW10907 generator to EU-DEU node...
INFO [2024-08-08 15:02:03] [THERMAL] - Adding DEU_GAS_BHKWANKLINKER10911 generator to EU-DEU node...
INFO [2024-08-08 15:02:03] [THERMAL] - Adding DEU_GAS_BHKWH_12010908 generator to EU-DEU node...
INFO [2024-08-08 15:02:03] [THERMAL] - Adding DEU_GAS_BHKWHAUFFSTRA10912 generator to EU-DEU node...
INFO [2024-08-08 15:02:03] [THERMAL] - Adding DEU_GAS_BHKWLUDWIGSHAF10909 generator to EU-DEU node...
INFO [2024-08-08 15:02:04] [THERMAL] - Adding DEU_GAS_BHKWOBEREVIEH10910 generator to EU-DEU node...
INFO [2024-08-08 15:02:04] [THERMAL] - Adding DEU_GAS_BIOMASSGENERAT10958 generator to EU-DEU node...
INFO [2024-08-08 15:02:04] [THERMAL] - Adding DEU_GAS_BOCHUM10983 generator to EU-DEU node...
INFO [2024-08-08 15:02:05] [THERMAL] - Adding DEU_GAS_BPWERKLINGEN10921 generator to EU-DEU node...
INFO [2024-08-08 15:02:05] [THERMAL] - Adding DEU_GAS_CAPACITY SCALER generator to EU-DEU node...
INFO [2024-08-08 15:02:05] [THERMAL] - Adding DEU_GAS_CHARLOTTENBURG11010 generator to EU-DEU node...
INFO [2024-08-08 15:02:05] [THERMAL] - Adding DEU_GAS_COGENERATION11014 generator to EU-DEU node...
INFO [2024-08-08 15:02:06] [THERMAL] - Adding DEU_GAS_DAMPFKRAFTWERK11027 generator to EU-DEU node...
INFO [2024-08-08 15:02:06] [THERMAL] - Adding DEU_GAS_DORMAGEN11044 generator to EU-DEU node...
INFO [2024-08-08 15:02:06] [THERMAL] - Adding DEU_GAS_DORTMUND11046 generator to EU-DEU node...
INFO [2024-08-08 15:02:06] [THERMAL] - Adding DEU_GAS_DOWSTADE11047 generator to EU-DEU node...
INFO [2024-08-08 15:02:07] [THERMAL] - Adding DEU_GAS_DUISBURGHAMBOR11049 generator to EU-DEU node...
INFO [2024-08-08 15:02:07] [THERMAL] - Adding DEU_GAS_DUISBURGRUHROR11050 generator to EU-DEU node...
INFO [2024-08-08 15:02:07] [THERMAL] - Adding DEU_GAS_EGGERKRAFTWERK11073 generator to EU-DEU node...
INFO [2024-08-08 15:02:08] [THERMAL] - Adding DEU_GAS_EMDENNATURALG11086 generator to EU-DEU node...
INFO [2024-08-08 15:02:08] [THERMAL] - Adding DEU_GAS_EMSLAND11088 generator to EU-DEU node...
INFO [2024-08-08 15:02:08] [THERMAL] - Adding DEU_GAS_ENERGIEZENTRALE11090 generator to EU-DEU node...
INFO [2024-08-08 15:02:08] [THERMAL] - Adding DEU_GAS_ENERGIEZENTRALE11091 generator to EU-DEU node...
INFO [2024-08-08 15:02:09] [THERMAL] - Adding DEU_GAS_ENERGIEZENTRUM11092 generator to EU-DEU node...
INFO [2024-08-08 15:02:09] [THERMAL] - Adding DEU_GAS_ERWEITERUNGENE11099 generator to EU-DEU node...
INFO [2024-08-08 15:02:09] [THERMAL] - Adding DEU_GAS_EVCGLOBALFOU11064 generator to EU-DEU node...
INFO [2024-08-08 15:02:10] [THERMAL] - Adding DEU_GAS_FRANKEN111114 generator to EU-DEU node...
INFO [2024-08-08 15:02:10] [THERMAL] - Adding DEU_GAS_FSKARTON11105 generator to EU-DEU node...
INFO [2024-08-08 15:02:10] [THERMAL] - Adding DEU_GAS_GEMEINSCHAFTSKR11138 generator to EU-DEU node...
INFO [2024-08-08 15:02:11] [THERMAL] - Adding DEU_GAS_GERSTEINWERK11141 generator to EU-DEU node...
INFO [2024-08-08 15:02:11] [THERMAL] - Adding DEU_GAS_GHD11122 generator to EU-DEU node...
INFO [2024-08-08 15:02:11] [THERMAL] - Adding DEU_GAS_GKL11124 generator to EU-DEU node...
INFO [2024-08-08 15:02:12] [THERMAL] - Adding DEU_GAS_GTKWDARMSTADT11128 generator to EU-DEU node...
INFO [2024-08-08 15:02:12] [THERMAL] - Adding DEU_GAS_GUD11168 generator to EU-DEU node...
INFO [2024-08-08 15:02:12] [THERMAL] - Adding DEU_GAS_GUDANLAGE11177 generator to EU-DEU node...
INFO [2024-08-08 15:02:12] [THERMAL] - Adding DEU_GAS_GUDANLAGEDREW11129 generator to EU-DEU node...
INFO [2024-08-08 15:02:13] [THERMAL] - Adding DEU_GAS_GUDANLAGERS11178 generator to EU-DEU node...
INFO [2024-08-08 15:02:13] [THERMAL] - Adding DEU_GAS_GUDANLAGEWVK11169 generator to EU-DEU node...
INFO [2024-08-08 15:02:13] [THERMAL] - Adding DEU_GAS_GUDBAUNATALV11170 generator to EU-DEU node...
INFO [2024-08-08 15:02:14] [THERMAL] - Adding DEU_GAS_GUDBITTERFELD11171 generator to EU-DEU node...
INFO [2024-08-08 15:02:14] [THERMAL] - Adding DEU_GAS_GUDHKWNEUBRAN11179 generator to EU-DEU node...
INFO [2024-08-08 15:02:14] [THERMAL] - Adding DEU_GAS_GUDIKWSTAFU11180 generator to EU-DEU node...
INFO [2024-08-08 15:02:15] [THERMAL] - Adding DEU_GAS_GUDKRAFTWERK11181 generator to EU-DEU node...
INFO [2024-08-08 15:02:15] [THERMAL] - Adding DEU_GAS_GUDKRAFTWERKH11172 generator to EU-DEU node...
INFO [2024-08-08 15:02:15] [THERMAL] - Adding DEU_GAS_GUDLEUNA11173 generator to EU-DEU node...
INFO [2024-08-08 15:02:16] [THERMAL] - Adding DEU_GAS_GUDMARIENEHE11174 generator to EU-DEU node...
INFO [2024-08-08 15:02:16] [THERMAL] - Adding DEU_GAS_GUDSCHWARZHEID11175 generator to EU-DEU node...
INFO [2024-08-08 15:02:16] [THERMAL] - Adding DEU_GAS_GUDTIEFSTACK11176 generator to EU-DEU node...
INFO [2024-08-08 15:02:17] [THERMAL] - Adding DEU_GAS_HATTORF11252 generator to EU-DEU node...
INFO [2024-08-08 15:02:17] [THERMAL] - Adding DEU_GAS_HBB11188 generator to EU-DEU node...
INFO [2024-08-08 15:02:18] [THERMAL] - Adding DEU_GAS_HEIZKRAFTWERK111258 generator to EU-DEU node...
INFO [2024-08-08 15:02:18] [THERMAL] - Adding DEU_GAS_HEIZKRAFTWERK211259 generator to EU-DEU node...
INFO [2024-08-08 15:02:19] [THERMAL] - Adding DEU_GAS_HEIZKRAFTWERK411261 generator to EU-DEU node...
INFO [2024-08-08 15:02:19] [THERMAL] - Adding DEU_GAS_HEIZKRAFTWERK511262 generator to EU-DEU node...
INFO [2024-08-08 15:02:19] [THERMAL] - Adding DEU_GAS_HEIZKRAFTWERKA11263 generator to EU-DEU node...
INFO [2024-08-08 15:02:20] [THERMAL] - Adding DEU_GAS_HEIZKRAFTWERKB11264 generator to EU-DEU node...
INFO [2024-08-08 15:02:20] [THERMAL] - Adding DEU_GAS_HEIZKRAFTWERKE11265 generator to EU-DEU node...
INFO [2024-08-08 15:02:20] [THERMAL] - Adding DEU_GAS_HEIZKRAFTWERKE11283 generator to EU-DEU node...
INFO [2024-08-08 15:02:21] [THERMAL] - Adding DEU_GAS_HEIZKRAFTWERKG11267 generator to EU-DEU node...
INFO [2024-08-08 15:02:21] [THERMAL] - Adding DEU_GAS_HEIZKRAFTWERKH11268 generator to EU-DEU node...
INFO [2024-08-08 15:02:21] [THERMAL] - Adding DEU_GAS_HEIZKRAFTWERKH11269 generator to EU-DEU node...
INFO [2024-08-08 15:02:22] [THERMAL] - Adding DEU_GAS_HEIZKRAFTWERKK11271 generator to EU-DEU node...
INFO [2024-08-08 15:02:22] [THERMAL] - Adding DEU_GAS_HEIZKRAFTWERKK11272 generator to EU-DEU node...
INFO [2024-08-08 15:02:22] [THERMAL] - Adding DEU_GAS_HEIZKRAFTWERKL11273 generator to EU-DEU node...
INFO [2024-08-08 15:02:23] [THERMAL] - Adding DEU_GAS_HEIZKRAFTWERKP11276 generator to EU-DEU node...
INFO [2024-08-08 15:02:23] [THERMAL] - Adding DEU_GAS_HEIZKRAFTWERKS11277 generator to EU-DEU node...
INFO [2024-08-08 15:02:23] [THERMAL] - Adding DEU_GAS_HEIZKRAFTWERKS11278 generator to EU-DEU node...
INFO [2024-08-08 15:02:24] [THERMAL] - Adding DEU_GAS_HEIZKRAFTWERKW11280 generator to EU-DEU node...
INFO [2024-08-08 15:02:24] [THERMAL] - Adding DEU_GAS_HEIZKRAFTWERKZ11282 generator to EU-DEU node...
INFO [2024-08-08 15:02:24] [THERMAL] - Adding DEU_GAS_HKW111191 generator to EU-DEU node...
INFO [2024-08-08 15:02:25] [THERMAL] - Adding DEU_GAS_HKW1WERKOFFS11192 generator to EU-DEU node...
INFO [2024-08-08 15:02:25] [THERMAL] - Adding DEU_GAS_HKW211193 generator to EU-DEU node...
INFO [2024-08-08 15:02:26] [THERMAL] - Adding DEU_GAS_HKW3UPMSCHONG11242 generator to EU-DEU node...
INFO [2024-08-08 15:02:26] [THERMAL] - Adding DEU_GAS_HKWBADSALZUNG11195 generator to EU-DEU node...
INFO [2024-08-08 15:02:27] [THERMAL] - Adding DEU_GAS_HKWBARMEN11196 generator to EU-DEU node...
INFO [2024-08-08 15:02:27] [THERMAL] - Adding DEU_GAS_HKWBOHRHGEL11197 generator to EU-DEU node...
INFO [2024-08-08 15:02:28] [THERMAL] - Adding DEU_GAS_HKWBRANDENBURG11198 generator to EU-DEU node...
INFO [2024-08-08 15:02:28] [THERMAL] - Adding DEU_GAS_HKWCHEMNITZN11199 generator to EU-DEU node...
INFO [2024-08-08 15:02:28] [THERMAL] - Adding DEU_GAS_HKWDRESDENNOS11200 generator to EU-DEU node...
INFO [2024-08-08 15:02:29] [THERMAL] - Adding DEU_GAS_HKWELTMANN11201 generator to EU-DEU node...
INFO [2024-08-08 15:02:29] [THERMAL] - Adding DEU_GAS_HKWERFURTOST11202 generator to EU-DEU node...
INFO [2024-08-08 15:02:30] [THERMAL] - Adding DEU_GAS_HKWERLANGENN11204 generator to EU-DEU node...
INFO [2024-08-08 15:02:30] [THERMAL] - Adding DEU_GAS_HKWFENNEGRUB11205 generator to EU-DEU node...
INFO [2024-08-08 15:02:31] [THERMAL] - Adding DEU_GAS_HKWFREIBERG11206 generator to EU-DEU node...
INFO [2024-08-08 15:02:31] [THERMAL] - Adding DEU_GAS_HKWGTTINGEN11207 generator to EU-DEU node...
INFO [2024-08-08 15:02:32] [THERMAL] - Adding DEU_GAS_HKWHALLETROTH11208 generator to EU-DEU node...
INFO [2024-08-08 15:02:32] [THERMAL] - Adding DEU_GAS_HKWHELMSHGE11190 generator to EU-DEU node...
INFO [2024-08-08 15:02:33] [THERMAL] - Adding DEU_GAS_HKWHILTROP11209 generator to EU-DEU node...
INFO [2024-08-08 15:02:34] [THERMAL] - Adding DEU_GAS_HKWHUMBOLDTSTR11210 generator to EU-DEU node...
INFO [2024-08-08 15:02:34] [THERMAL] - Adding DEU_GAS_HKWIIIB11212 generator to EU-DEU node...
INFO [2024-08-08 15:02:35] [THERMAL] - Adding DEU_GAS_HKWJENA11213 generator to EU-DEU node...
INFO [2024-08-08 15:02:35] [THERMAL] - Adding DEU_GAS_HKWKARCHERSTR_11215 generator to EU-DEU node...
INFO [2024-08-08 15:02:36] [THERMAL] - Adding DEU_GAS_HKWMERHEIM11217 generator to EU-DEU node...
INFO [2024-08-08 15:02:36] [THERMAL] - Adding DEU_GAS_HKWMERKENICH11218 generator to EU-DEU node...
INFO [2024-08-08 15:02:36] [THERMAL] - Adding DEU_GAS_HKWMERKENICH11219 generator to EU-DEU node...
INFO [2024-08-08 15:02:37] [THERMAL] - Adding DEU_GAS_HKWMITTE11239 generator to EU-DEU node...
INFO [2024-08-08 15:02:37] [THERMAL] - Adding DEU_GAS_HKWNIEDERRAD11220 generator to EU-DEU node...
INFO [2024-08-08 15:02:38] [THERMAL] - Adding DEU_GAS_HKWNIEHL211221 generator to EU-DEU node...
INFO [2024-08-08 15:02:38] [THERMAL] - Adding DEU_GAS_HKWNORD11240 generator to EU-DEU node...
INFO [2024-08-08 15:02:38] [THERMAL] - Adding DEU_GAS_HKWPFAFFENWALD11224 generator to EU-DEU node...
INFO [2024-08-08 15:02:39] [THERMAL] - Adding DEU_GAS_HKWPOTSDAMS11225 generator to EU-DEU node...
INFO [2024-08-08 15:02:39] [THERMAL] - Adding DEU_GAS_HKWSANDREUTH11228 generator to EU-DEU node...
INFO [2024-08-08 15:02:39] [THERMAL] - Adding DEU_GAS_HKWSCHWARZA11229 generator to EU-DEU node...
INFO [2024-08-08 15:02:40] [THERMAL] - Adding DEU_GAS_HKWSCHWERINLA11230 generator to EU-DEU node...
INFO [2024-08-08 15:02:40] [THERMAL] - Adding DEU_GAS_HKWSCHWERINS11231 generator to EU-DEU node...
INFO [2024-08-08 15:02:41] [THERMAL] - Adding DEU_GAS_HKWSDSTADT11232 generator to EU-DEU node...
INFO [2024-08-08 15:02:41] [THERMAL] - Adding DEU_GAS_HKWWEST11235 generator to EU-DEU node...
INFO [2024-08-08 15:02:42] [THERMAL] - Adding DEU_GAS_HKWWEST11241 generator to EU-DEU node...
INFO [2024-08-08 15:02:42] [THERMAL] - Adding DEU_GAS_HKWWIESENGRUND11237 generator to EU-DEU node...
INFO [2024-08-08 15:02:42] [THERMAL] - Adding DEU_GAS_HKWWRTH11238 generator to EU-DEU node...
INFO [2024-08-08 15:02:43] [THERMAL] - Adding DEU_GAS_HOLTHAUSEN11299 generator to EU-DEU node...
INFO [2024-08-08 15:02:43] [THERMAL] - Adding DEU_GAS_HUCKINGEN11302 generator to EU-DEU node...
INFO [2024-08-08 15:02:44] [THERMAL] - Adding DEU_GAS_HUNTORF11306 generator to EU-DEU node...
INFO [2024-08-08 15:02:44] [THERMAL] - Adding DEU_GAS_IHKWHEIDENHEIM11315 generator to EU-DEU node...
INFO [2024-08-08 15:02:44] [THERMAL] - Adding DEU_GAS_ILKGUD11320 generator to EU-DEU node...
INFO [2024-08-08 15:02:45] [THERMAL] - Adding DEU_GAS_INDUSTRIEKRAFTW11331 generator to EU-DEU node...
INFO [2024-08-08 15:02:45] [THERMAL] - Adding DEU_GAS_INDUSTRIEKRAFTW11332 generator to EU-DEU node...
INFO [2024-08-08 15:02:46] [THERMAL] - Adding DEU_GAS_INDUSTRIEKRAFTW11333 generator to EU-DEU node...
INFO [2024-08-08 15:02:46] [THERMAL] - Adding DEU_GAS_INDUSTRIEKRAFTW11334 generator to EU-DEU node...
INFO [2024-08-08 15:02:47] [THERMAL] - Adding DEU_GAS_INDUSTRIEPARKW11335 generator to EU-DEU node...
INFO [2024-08-08 15:02:47] [THERMAL] - Adding DEU_GAS_INEOSKRAFTWERK11321 generator to EU-DEU node...
INFO [2024-08-08 15:02:47] [THERMAL] - Adding DEU_GAS_KESSEL211371 generator to EU-DEU node...
INFO [2024-08-08 15:02:48] [THERMAL] - Adding DEU_GAS_KESSELHAUSZUCK11373 generator to EU-DEU node...
INFO [2024-08-08 15:02:48] [THERMAL] - Adding DEU_GAS_KIRCHMSER11375 generator to EU-DEU node...
INFO [2024-08-08 15:02:49] [THERMAL] - Adding DEU_GAS_KNAPSACKNATURA11383 generator to EU-DEU node...
INFO [2024-08-08 15:02:49] [THERMAL] - Adding DEU_GAS_KNPFKAGEV11343 generator to EU-DEU node...
INFO [2024-08-08 15:02:50] [THERMAL] - Adding DEU_GAS_KOMBIHKW11388 generator to EU-DEU node...
INFO [2024-08-08 15:02:50] [THERMAL] - Adding DEU_GAS_KOMBIKRAFTWERK11389 generator to EU-DEU node...
INFO [2024-08-08 15:02:51] [THERMAL] - Adding DEU_GAS_KRAFTWERK211393 generator to EU-DEU node...
INFO [2024-08-08 15:02:51] [THERMAL] - Adding DEU_GAS_KRAFTWERKGRENZ11398 generator to EU-DEU node...
INFO [2024-08-08 15:02:51] [THERMAL] - Adding DEU_GAS_KRAFTWERKIII11401 generator to EU-DEU node...
INFO [2024-08-08 15:02:52] [THERMAL] - Adding DEU_GAS_KRAFTWERKMAINZ11403 generator to EU-DEU node...
INFO [2024-08-08 15:02:53] [THERMAL] - Adding DEU_GAS_KRAFTWERKMEGGL11404 generator to EU-DEU node...
INFO [2024-08-08 15:02:53] [THERMAL] - Adding DEU_GAS_KRAFTWERKMITTE11405 generator to EU-DEU node...
INFO [2024-08-08 15:02:53] [THERMAL] - Adding DEU_GAS_KRAFTWERKPLATT11408 generator to EU-DEU node...
INFO [2024-08-08 15:02:54] [THERMAL] - Adding DEU_GAS_KRAFTWERKSD11411 generator to EU-DEU node...
INFO [2024-08-08 15:02:54] [THERMAL] - Adding DEU_GAS_KWH11352 generator to EU-DEU node...
INFO [2024-08-08 15:02:55] [THERMAL] - Adding DEU_GAS_KWKANLAGEBARB11356 generator to EU-DEU node...
INFO [2024-08-08 15:02:55] [THERMAL] - Adding DEU_GAS_KWKANLAGEKREF11357 generator to EU-DEU node...
INFO [2024-08-08 15:02:56] [THERMAL] - Adding DEU_GAS_KWKANLAGEKREF11358 generator to EU-DEU node...
INFO [2024-08-08 15:02:56] [THERMAL] - Adding DEU_GAS_KWKAOSGMBH11353 generator to EU-DEU node...
INFO [2024-08-08 15:02:57] [THERMAL] - Adding DEU_GAS_KWKIRCHLENGERN11345 generator to EU-DEU node...
INFO [2024-08-08 15:02:57] [THERMAL] - Adding DEU_GAS_KWKKHEIDELBERG11359 generator to EU-DEU node...
INFO [2024-08-08 15:02:58] [THERMAL] - Adding DEU_GAS_LICHTERFELDE11438 generator to EU-DEU node...
INFO [2024-08-08 15:02:58] [THERMAL] - Adding DEU_GAS_MITTE11480 generator to EU-DEU node...
INFO [2024-08-08 15:02:59] [THERMAL] - Adding DEU_GAS_MTDREN11459 generator to EU-DEU node...
INFO [2024-08-08 15:02:59] [THERMAL] - Adding DEU_GAS_NATURALGASBLOC11508 generator to EU-DEU node...
INFO [2024-08-08 15:02:59] [THERMAL] - Adding DEU_GAS_NATURALGASKRAF11509 generator to EU-DEU node...
INFO [2024-08-08 15:03:00] [THERMAL] - Adding DEU_GAS_NATURALGASMOTO11510 generator to EU-DEU node...
INFO [2024-08-08 15:03:00] [THERMAL] - Adding DEU_GAS_NATURALGASTUR11500 generator to EU-DEU node...
INFO [2024-08-08 15:03:01] [THERMAL] - Adding DEU_GAS_NATURALGASTUR11501 generator to EU-DEU node...
INFO [2024-08-08 15:03:01] [THERMAL] - Adding DEU_GAS_NATURALGASTUR11502 generator to EU-DEU node...
INFO [2024-08-08 15:03:02] [THERMAL] - Adding DEU_GAS_NATURALGASTUR11503 generator to EU-DEU node...
INFO [2024-08-08 15:03:02] [THERMAL] - Adding DEU_GAS_NATURALGASTUR11504 generator to EU-DEU node...
INFO [2024-08-08 15:03:03] [THERMAL] - Adding DEU_GAS_NATURALGASTUR11505 generator to EU-DEU node...
INFO [2024-08-08 15:03:03] [THERMAL] - Adding DEU_GAS_NATURALGASTUR11506 generator to EU-DEU node...
INFO [2024-08-08 15:03:04] [THERMAL] - Adding DEU_GAS_NATURALGASU_11507 generator to EU-DEU node...
INFO [2024-08-08 15:03:04] [THERMAL] - Adding DEU_GAS_OBERNBURG11543 generator to EU-DEU node...
INFO [2024-08-08 15:03:05] [THERMAL] - Adding DEU_GAS_PKVKRAFTWERK11563 generator to EU-DEU node...
INFO [2024-08-08 15:03:05] [THERMAL] - Adding DEU_GAS_PLWERKAPPELD11556 generator to EU-DEU node...
INFO [2024-08-08 15:03:05] [THERMAL] - Adding DEU_GAS_PLWERKLAGE11560 generator to EU-DEU node...
INFO [2024-08-08 15:03:06] [THERMAL] - Adding DEU_GAS_PWG11567 generator to EU-DEU node...
INFO [2024-08-08 15:03:06] [THERMAL] - Adding DEU_GAS_RAGANTHRAZITI11596 generator to EU-DEU node...
INFO [2024-08-08 15:03:07] [THERMAL] - Adding DEU_GAS_RHEINHAFENDAMP11618 generator to EU-DEU node...
INFO [2024-08-08 15:03:07] [THERMAL] - Adding DEU_GAS_SDDT111723 generator to EU-DEU node...
INFO [2024-08-08 15:03:08] [THERMAL] - Adding DEU_GAS_SDDT6011724 generator to EU-DEU node...
INFO [2024-08-08 15:03:08] [THERMAL] - Adding DEU_GAS_SDGT6111725 generator to EU-DEU node...
INFO [2024-08-08 15:03:09] [THERMAL] - Adding DEU_GAS_SIGMUNDSHALL11684 generator to EU-DEU node...
INFO [2024-08-08 15:03:09] [THERMAL] - Adding DEU_GAS_SPITZENLASTKRAF11705 generator to EU-DEU node...
INFO [2024-08-08 15:03:09] [THERMAL] - Adding DEU_GAS_STEINITZ11714 generator to EU-DEU node...
INFO [2024-08-08 15:03:10] [THERMAL] - Adding DEU_GAS_STW11652 generator to EU-DEU node...
INFO [2024-08-08 15:03:10] [THERMAL] - Adding DEU_GAS_THYROW11738 generator to EU-DEU node...
INFO [2024-08-08 15:03:11] [THERMAL] - Adding DEU_GAS_TRIANELNATURAL11743 generator to EU-DEU node...
INFO [2024-08-08 15:03:11] [THERMAL] - Adding DEU_GAS_UNTERBREIZBACH11760 generator to EU-DEU node...
INFO [2024-08-08 15:03:12] [THERMAL] - Adding DEU_GAS_UPMAUGSBURG11753 generator to EU-DEU node...
INFO [2024-08-08 15:03:12] [THERMAL] - Adding DEU_GAS_WERKSKRAFTWERK11804 generator to EU-DEU node...
INFO [2024-08-08 15:03:13] [THERMAL] - Adding DEU_GAS_WINTERSHALL11830 generator to EU-DEU node...
INFO [2024-08-08 15:03:13] [THERMAL] - Adding DEU_GAS_XKRAFTWERK11843 generator to EU-DEU node...
INFO [2024-08-08 15:03:14] [THERMAL] - Adding DEU_GAS_ZIELITZ11850 generator to EU-DEU node...
INFO [2024-08-08 15:03:14] [THERMAL] - Adding DEU_GEO_CAPACITY SCALER generator to EU-DEU node...
INFO [2024-08-08 15:03:15] [THERMAL] - Adding DEU_NUC_BROKDORF10922 generator to EU-DEU node...
INFO [2024-08-08 15:03:15] [THERMAL] - Adding DEU_NUC_EMSLAND11062 generator to EU-DEU node...
INFO [2024-08-08 15:03:16] [THERMAL] - Adding DEU_NUC_GROHNDE11162 generator to EU-DEU node...
INFO [2024-08-08 15:03:16] [THERMAL] - Adding DEU_NUC_ISAR211322 generator to EU-DEU node...
INFO [2024-08-08 15:03:17] [THERMAL] - Adding DEU_NUC_KERNKRAFTGUNDR11370 generator to EU-DEU node...
INFO [2024-08-08 15:03:17] [THERMAL] - Adding DEU_NUC_NECKARWESTHEIM11499 generator to EU-DEU node...
INFO [2024-08-08 15:03:18] [THERMAL] - Adding DEU_NUC_PHILIPPSBURG211562 generator to EU-DEU node...
INFO [2024-08-08 15:03:19] [THERMAL] - Adding DEU_OIL_AUDORF10902 generator to EU-DEU node...
INFO [2024-08-08 15:03:20] [THERMAL] - Adding DEU_OIL_BRUNSBTTEL11000 generator to EU-DEU node...
INFO [2024-08-08 15:03:21] [THERMAL] - Adding DEU_OIL_CAPACITY SCALER generator to EU-DEU node...
INFO [2024-08-08 15:03:22] [THERMAL] - Adding DEU_OIL_DKWLEINAU11024 generator to EU-DEU node...
INFO [2024-08-08 15:03:23] [THERMAL] - Adding DEU_OIL_DKWNORD11025 generator to EU-DEU node...
INFO [2024-08-08 15:03:23] [THERMAL] - Adding DEU_OIL_EEV11058 generator to EU-DEU node...
INFO [2024-08-08 15:03:24] [THERMAL] - Adding DEU_OIL_IKSPCKSCHWEDT11316 generator to EU-DEU node...
INFO [2024-08-08 15:03:25] [THERMAL] - Adding DEU_OIL_ITZEHOE11337 generator to EU-DEU node...
INFO [2024-08-08 15:03:25] [THERMAL] - Adding DEU_OIL_KRAFTWERK11392 generator to EU-DEU node...
INFO [2024-08-08 15:03:26] [THERMAL] - Adding DEU_OIL_KRAFTWERKFULDA11397 generator to EU-DEU node...
INFO [2024-08-08 15:03:27] [THERMAL] - Adding DEU_OIL_KRAFTWERKHAUSH11399 generator to EU-DEU node...
INFO [2024-08-08 15:03:27] [THERMAL] - Adding DEU_OIL_KRAFTWERKWALHE11413 generator to EU-DEU node...
INFO [2024-08-08 15:03:28] [THERMAL] - Adding DEU_OIL_KWMITTELSBRE11346 generator to EU-DEU node...
INFO [2024-08-08 15:03:28] [THERMAL] - Adding DEU_OIL_MIRO11477 generator to EU-DEU node...
INFO [2024-08-08 15:03:29] [THERMAL] - Adding DEU_OIL_MOABITOIL11482 generator to EU-DEU node...
INFO [2024-08-08 15:03:29] [THERMAL] - Adding DEU_OIL_RAFFINERIEKRAFT11601 generator to EU-DEU node...
INFO [2024-08-08 15:03:30] [THERMAL] - Adding DEU_OIL_RAFFINERIEKRAFT11602 generator to EU-DEU node...
INFO [2024-08-08 15:03:31] [THERMAL] - Adding DEU_OIL_SKWDIESEL11650 generator to EU-DEU node...
INFO [2024-08-08 15:03:31] [THERMAL] - Adding DEU_OIL_SKWNATURALGAS11651 generator to EU-DEU node...
INFO [2024-08-08 15:03:32] [THERMAL] - Adding DEU_OIL_SPITZENLASTANLA11702 generator to EU-DEU node...
INFO [2024-08-08 15:03:32] [THERMAL] - Adding DEU_OIL_SPITZENLASTKRAF11703 generator to EU-DEU node...
INFO [2024-08-08 15:03:33] [THERMAL] - Adding DEU_OIL_SPITZENLASTKRAF11704 generator to EU-DEU node...
INFO [2024-08-08 15:03:33] [THERMAL] - Adding DEU_OIL_WEDEL11792 generator to EU-DEU node...
INFO [2024-08-08 15:03:34] [THERMAL] - Adding DEU_OIL_WILHELMSHAVEN11816 generator to EU-DEU node...
INFO [2024-08-08 15:03:34] [THERMAL] - Adding DEU_OIL_WILMERSDORF11818 generator to EU-DEU node...
INFO [2024-08-08 15:03:35] [THERMAL] - Adding DEU_OTH_BIOMASSGENERAT10952 generator to EU-DEU node...
INFO [2024-08-08 15:03:35] [THERMAL] - Adding DEU_OTH_DKKRAFTWERK11023 generator to EU-DEU node...
INFO [2024-08-08 15:03:36] [THERMAL] - Adding DEU_OTH_EBSHEIZKRAFTWE11057 generator to EU-DEU node...
INFO [2024-08-08 15:03:37] [THERMAL] - Adding DEU_OTH_GICHTNATURALGA11145 generator to EU-DEU node...
INFO [2024-08-08 15:03:37] [THERMAL] - Adding DEU_OTH_HKWWEST11236 generator to EU-DEU node...
INFO [2024-08-08 15:03:38] [THERMAL] - Adding DEU_OTH_IKW11317 generator to EU-DEU node...
INFO [2024-08-08 15:03:39] [THERMAL] - Adding DEU_OTH_ILKEKT11319 generator to EU-DEU node...
INFO [2024-08-08 15:03:40] [THERMAL] - Adding DEU_OTH_KRAFTWERKNORD11407 generator to EU-DEU node...
INFO [2024-08-08 15:03:41] [THERMAL] - Adding DEU_OTH_KRAFTWERKSALZG11409 generator to EU-DEU node...
INFO [2024-08-08 15:03:42] [THERMAL] - Adding DEU_OTH_O1011535 generator to EU-DEU node...
INFO [2024-08-08 15:03:43] [THERMAL] - Adding DEU_OTH_OXEAGMBH11555 generator to EU-DEU node...
INFO [2024-08-08 15:03:44] [THERMAL] - Adding DEU_WAS_ABFALLENTSORGUN10878 generator to EU-DEU node...
INFO [2024-08-08 15:03:45] [THERMAL] - Adding DEU_WAS_AHKWNEUNKIRCHE10873 generator to EU-DEU node...
INFO [2024-08-08 15:03:46] [THERMAL] - Adding DEU_WAS_AMKABFALLENT10874 generator to EU-DEU node...
INFO [2024-08-08 15:03:46] [THERMAL] - Adding DEU_WAS_AVAGMBH10875 generator to EU-DEU node...
INFO [2024-08-08 15:03:47] [THERMAL] - Adding DEU_WAS_AVAVELSEN10876 generator to EU-DEU node...
INFO [2024-08-08 15:03:47] [THERMAL] - Adding DEU_WAS_BEG10906 generator to EU-DEU node...
INFO [2024-08-08 15:03:48] [THERMAL] - Adding DEU_WAS_BIOMASSEHEIZKRA10973 generator to EU-DEU node...
INFO [2024-08-08 15:03:49] [THERMAL] - Adding DEU_WAS_BIOMASSGENERAT10949 generator to EU-DEU node...
INFO [2024-08-08 15:03:49] [THERMAL] - Adding DEU_WAS_BIOMASSGENERAT10950 generator to EU-DEU node...
INFO [2024-08-08 15:03:50] [THERMAL] - Adding DEU_WAS_BIOMASSGENERAT10951 generator to EU-DEU node...
INFO [2024-08-08 15:03:50] [THERMAL] - Adding DEU_WAS_DAMPFTURBINENAN11028 generator to EU-DEU node...
INFO [2024-08-08 15:03:51] [THERMAL] - Adding DEU_WAS_DT11026 generator to EU-DEU node...
INFO [2024-08-08 15:03:51] [THERMAL] - Adding DEU_WAS_EBKWKNAPSACK11055 generator to EU-DEU node...
INFO [2024-08-08 15:03:52] [THERMAL] - Adding DEU_WAS_EBSHKWROSTOCK11056 generator to EU-DEU node...
INFO [2024-08-08 15:03:53] [THERMAL] - Adding DEU_WAS_EEWENERGYFROM11059 generator to EU-DEU node...
INFO [2024-08-08 15:03:54] [THERMAL] - Adding DEU_WAS_EEWGPPINGEN11061 generator to EU-DEU node...
INFO [2024-08-08 15:03:55] [THERMAL] - Adding DEU_WAS_EEWGRORSCH11060 generator to EU-DEU node...
INFO [2024-08-08 15:03:55] [THERMAL] - Adding DEU_WAS_ENERTECHAMELN11093 generator to EU-DEU node...
INFO [2024-08-08 15:03:56] [THERMAL] - Adding DEU_WAS_EVE11065 generator to EU-DEU node...
INFO [2024-08-08 15:03:56] [THERMAL] - Adding DEU_WAS_FHKWLUDWIGSHAF11103 generator to EU-DEU node...
INFO [2024-08-08 15:03:57] [THERMAL] - Adding DEU_WAS_GKS11126 generator to EU-DEU node...
INFO [2024-08-08 15:03:58] [THERMAL] - Adding DEU_WAS_GMVANIEDERRHEI11127 generator to EU-DEU node...
INFO [2024-08-08 15:03:59] [THERMAL] - Adding DEU_WAS_HAMBURGERRIEGE11248 generator to EU-DEU node...
INFO [2024-08-08 15:03:59] [THERMAL] - Adding DEU_WAS_HEIZKRAFTWERKK11270 generator to EU-DEU node...
INFO [2024-08-08 15:04:00] [THERMAL] - Adding DEU_WAS_HKWMANNHEIM11216 generator to EU-DEU node...
INFO [2024-08-08 15:04:01] [THERMAL] - Adding DEU_WAS_HKWSANDREUTH11227 generator to EU-DEU node...
INFO [2024-08-08 15:04:01] [THERMAL] - Adding DEU_WAS_IHKWANDERNACH11314 generator to EU-DEU node...
INFO [2024-08-08 15:04:02] [THERMAL] - Adding DEU_WAS_IKWRDERSDORF11318 generator to EU-DEU node...
INFO [2024-08-08 15:04:02] [THERMAL] - Adding DEU_WAS_KARNAP11365 generator to EU-DEU node...
INFO [2024-08-08 15:04:03] [THERMAL] - Adding DEU_WAS_KLRANLAGE11381 generator to EU-DEU node...
INFO [2024-08-08 15:04:03] [THERMAL] - Adding DEU_WAS_KRAFTWERKSCHWE11410 generator to EU-DEU node...
INFO [2024-08-08 15:04:04] [THERMAL] - Adding DEU_WAS_KWHAFEN11344 generator to EU-DEU node...
INFO [2024-08-08 15:04:04] [THERMAL] - Adding DEU_WAS_MHKW11451 generator to EU-DEU node...
INFO [2024-08-08 15:04:05] [THERMAL] - Adding DEU_WAS_MHKWBURGKIRCHE11453 generator to EU-DEU node...
INFO [2024-08-08 15:04:05] [THERMAL] - Adding DEU_WAS_MHKWFRANKFURT11454 generator to EU-DEU node...
INFO [2024-08-08 15:04:06] [THERMAL] - Adding DEU_WAS_MHKWMAINZ11455 generator to EU-DEU node...
INFO [2024-08-08 15:04:06] [THERMAL] - Adding DEU_WAS_MHKWPIRMASENS11456 generator to EU-DEU node...
INFO [2024-08-08 15:04:07] [THERMAL] - Adding DEU_WAS_MHKWROTHENSEE11457 generator to EU-DEU node...
INFO [2024-08-08 15:04:07] [THERMAL] - Adding DEU_WAS_MHKWWKW11452 generator to EU-DEU node...
INFO [2024-08-08 15:04:08] [THERMAL] - Adding DEU_WAS_MKVAKREFELD11458 generator to EU-DEU node...
INFO [2024-08-08 15:04:08] [THERMAL] - Adding DEU_WAS_MLLHEIZKRAFTW11491 generator to EU-DEU node...
INFO [2024-08-08 15:04:09] [THERMAL] - Adding DEU_WAS_MLLHEIZKRAFTW11492 generator to EU-DEU node...
INFO [2024-08-08 15:04:09] [THERMAL] - Adding DEU_WAS_MLLHEIZKRAFTW11493 generator to EU-DEU node...
INFO [2024-08-08 15:04:10] [THERMAL] - Adding DEU_WAS_MLLKRAFTWERK11494 generator to EU-DEU node...
INFO [2024-08-08 15:04:10] [THERMAL] - Adding DEU_WAS_MVABIELEFELD11460 generator to EU-DEU node...
INFO [2024-08-08 15:04:11] [THERMAL] - Adding DEU_WAS_MVAHAMM11461 generator to EU-DEU node...
INFO [2024-08-08 15:04:11] [THERMAL] - Adding DEU_WAS_MVAINGOLSTADT11462 generator to EU-DEU node...
INFO [2024-08-08 15:04:12] [THERMAL] - Adding DEU_WAS_MVAWEISWEILER11463 generator to EU-DEU node...
INFO [2024-08-08 15:04:12] [THERMAL] - Adding DEU_WAS_MVRMLLVERWER11464 generator to EU-DEU node...
INFO [2024-08-08 15:04:13] [THERMAL] - Adding DEU_WAS_PDENERGYGMBH11561 generator to EU-DEU node...
INFO [2024-08-08 15:04:13] [THERMAL] - Adding DEU_WAS_REMONDISTHERMI11597 generator to EU-DEU node...
INFO [2024-08-08 15:04:14] [THERMAL] - Adding DEU_WAS_RESTABFALLBEHAN11611 generator to EU-DEU node...
INFO [2024-08-08 15:04:14] [THERMAL] - Adding DEU_WAS_RESTMLLHEIZK11612 generator to EU-DEU node...
INFO [2024-08-08 15:04:15] [THERMAL] - Adding DEU_WAS_RESTMLLHEIZKR11613 generator to EU-DEU node...
INFO [2024-08-08 15:04:15] [THERMAL] - Adding DEU_WAS_REUTERWASTEFA11615 generator to EU-DEU node...
INFO [2024-08-08 15:04:16] [THERMAL] - Adding DEU_WAS_RMVAKLN11598 generator to EU-DEU node...
INFO [2024-08-08 15:04:16] [THERMAL] - Adding DEU_WAS_RZRHERTENII11599 generator to EU-DEU node...
INFO [2024-08-08 15:04:17] [THERMAL] - Adding DEU_WAS_SITAABFALLVERW11649 generator to EU-DEU node...
INFO [2024-08-08 15:04:17] [THERMAL] - Adding DEU_WAS_STEINBEISENERG11713 generator to EU-DEU node...
INFO [2024-08-08 15:04:18] [THERMAL] - Adding DEU_WAS_THERMISCHEABFA11735 generator to EU-DEU node...
INFO [2024-08-08 15:04:18] [THERMAL] - Adding DEU_WAS_TREABREISGAU11726 generator to EU-DEU node...
INFO [2024-08-08 15:04:19] [THERMAL] - Adding DEU_WAS_TREALEUNA11727 generator to EU-DEU node...
INFO [2024-08-08 15:04:19] [THERMAL] - Adding DEU_WAS_TRVBUSCHHAUS11728 generator to EU-DEU node...
INFO [2024-08-08 15:04:20] [THERMAL] - Adding DEU_WAS_TURBOSATZ111747 generator to EU-DEU node...
INFO [2024-08-08 15:04:20] [THERMAL] - Adding DEU_WAS_WASTEINCINERAT11791 generator to EU-DEU node...
INFO [2024-08-08 15:04:21] [THERMAL] - Adding DEU_WAS_ZWSF11844 generator to EU-DEU node...
INFO [2024-08-08 15:04:21] [THERMAL] - Adding DEU_WAV_CAPACITY SCALER generator to EU-DEU node...
INFO [2024-08-08 15:04:21] [THERMAL] - Adding FRA_BIO_AIXENPROVENCE8840 generator to EU-FRA node...
INFO [2024-08-08 15:04:21] [THERMAL] - Adding FRA_BIO_ALLEMANT8850 generator to EU-FRA node...
INFO [2024-08-08 15:04:22] [THERMAL] - Adding FRA_BIO_AMANVILLERS8862 generator to EU-FRA node...
INFO [2024-08-08 15:04:22] [THERMAL] - Adding FRA_BIO_AMIENS8869 generator to EU-FRA node...
INFO [2024-08-08 15:04:22] [THERMAL] - Adding FRA_BIO_ANTIBES8878 generator to EU-FRA node...
INFO [2024-08-08 15:04:22] [THERMAL] - Adding FRA_BIO_ARGENTEUIL8892 generator to EU-FRA node...
INFO [2024-08-08 15:04:22] [THERMAL] - Adding FRA_BIO_ARPAJONSURC8897 generator to EU-FRA node...
INFO [2024-08-08 15:04:22] [THERMAL] - Adding FRA_BIO_ARQUES8899 generator to EU-FRA node...
INFO [2024-08-08 15:04:22] [THERMAL] - Adding FRA_BIO_AUCH8917 generator to EU-FRA node...
INFO [2024-08-08 15:04:22] [THERMAL] - Adding FRA_BIO_BAILLEULSURTH8957 generator to EU-FRA node...
INFO [2024-08-08 15:04:22] [THERMAL] - Adding FRA_BIO_BARSURAUBE8965 generator to EU-FRA node...
INFO [2024-08-08 15:04:22] [THERMAL] - Adding FRA_BIO_BAYONNE8976 generator to EU-FRA node...
INFO [2024-08-08 15:04:22] [THERMAL] - Adding FRA_BIO_BENET8996 generator to EU-FRA node...
INFO [2024-08-08 15:04:22] [THERMAL] - Adding FRA_BIO_BIMONT9017 generator to EU-FRA node...
INFO [2024-08-08 15:04:23] [THERMAL] - Adding FRA_BIO_BLARINGHEM9020 generator to EU-FRA node...
INFO [2024-08-08 15:04:23] [THERMAL] - Adding FRA_BIO_BNAC9102 generator to EU-FRA node...
INFO [2024-08-08 15:04:23] [THERMAL] - Adding FRA_BIO_BORDEAUX9040 generator to EU-FRA node...
INFO [2024-08-08 15:04:23] [THERMAL] - Adding FRA_BIO_BOURGOINJALLIE9058 generator to EU-FRA node...
INFO [2024-08-08 15:04:23] [THERMAL] - Adding FRA_BIO_BOUROGNE9059 generator to EU-FRA node...
INFO [2024-08-08 15:04:23] [THERMAL] - Adding FRA_BIO_BOVES9066 generator to EU-FRA node...
INFO [2024-08-08 15:04:23] [THERMAL] - Adding FRA_BIO_CALAIS9126 generator to EU-FRA node...
INFO [2024-08-08 15:04:23] [THERMAL] - Adding FRA_BIO_CALCE9127 generator to EU-FRA node...
INFO [2024-08-08 15:04:23] [THERMAL] - Adding FRA_BIO_CAPACITY SCALER generator to EU-FRA node...
INFO [2024-08-08 15:04:24] [THERMAL] - Adding FRA_BIO_CENON9180 generator to EU-FRA node...
INFO [2024-08-08 15:04:24] [THERMAL] - Adding FRA_BIO_CHAGNY9185 generator to EU-FRA node...
INFO [2024-08-08 15:04:24] [THERMAL] - Adding FRA_BIO_CHAMBRY9191 generator to EU-FRA node...
INFO [2024-08-08 15:04:24] [THERMAL] - Adding FRA_BIO_CHAMPTEUSSSU9197 generator to EU-FRA node...
INFO [2024-08-08 15:04:24] [THERMAL] - Adding FRA_BIO_CHANCEAUXPRS9199 generator to EU-FRA node...
INFO [2024-08-08 15:04:24] [THERMAL] - Adding FRA_BIO_CHANG9200 generator to EU-FRA node...
INFO [2024-08-08 15:04:25] [THERMAL] - Adding FRA_BIO_CHATUZANGELEG9214 generator to EU-FRA node...
INFO [2024-08-08 15:04:25] [THERMAL] - Adding FRA_BIO_CHAUMONT9219 generator to EU-FRA node...
INFO [2024-08-08 15:04:25] [THERMAL] - Adding FRA_BIO_CHZY9242 generator to EU-FRA node...
INFO [2024-08-08 15:04:25] [THERMAL] - Adding FRA_BIO_CLERMONTFERRAN9251 generator to EU-FRA node...
INFO [2024-08-08 15:04:25] [THERMAL] - Adding FRA_BIO_CLRAC9256 generator to EU-FRA node...
INFO [2024-08-08 15:04:25] [THERMAL] - Adding FRA_BIO_COMBRE9262 generator to EU-FRA node...
INFO [2024-08-08 15:04:25] [THERMAL] - Adding FRA_BIO_CONCARNEAU9263 generator to EU-FRA node...
INFO [2024-08-08 15:04:25] [THERMAL] - Adding FRA_BIO_COURON9296 generator to EU-FRA node...
INFO [2024-08-08 15:04:26] [THERMAL] - Adding FRA_BIO_CRPYENVALOI9314 generator to EU-FRA node...
INFO [2024-08-08 15:04:26] [THERMAL] - Adding FRA_BIO_CUSSET9322 generator to EU-FRA node...
INFO [2024-08-08 15:04:26] [THERMAL] - Adding FRA_BIO_DANNES9332 generator to EU-FRA node...
INFO [2024-08-08 15:04:26] [THERMAL] - Adding FRA_BIO_DIJON9341 generator to EU-FRA node...
INFO [2024-08-08 15:04:26] [THERMAL] - Adding FRA_BIO_DONZRE9351 generator to EU-FRA node...
INFO [2024-08-08 15:04:26] [THERMAL] - Adding FRA_BIO_DOUCHYLESMINE9352 generator to EU-FRA node...
INFO [2024-08-08 15:04:26] [THERMAL] - Adding FRA_BIO_DRAMBON9355 generator to EU-FRA node...
INFO [2024-08-08 15:04:27] [THERMAL] - Adding FRA_BIO_DUNKERQUE9360 generator to EU-FRA node...
INFO [2024-08-08 15:04:27] [THERMAL] - Adding FRA_BIO_ENTRAIGUESSUR9374 generator to EU-FRA node...
INFO [2024-08-08 15:04:27] [THERMAL] - Adding FRA_BIO_ESQUAYSURSEUL9385 generator to EU-FRA node...
INFO [2024-08-08 15:04:27] [THERMAL] - Adding FRA_BIO_FEL9401 generator to EU-FRA node...
INFO [2024-08-08 15:04:27] [THERMAL] - Adding FRA_BIO_FELLETIN9404 generator to EU-FRA node...
INFO [2024-08-08 15:04:27] [THERMAL] - Adding FRA_BIO_FEUX9407 generator to EU-FRA node...
INFO [2024-08-08 15:04:27] [THERMAL] - Adding FRA_BIO_FONTENAYSURME9424 generator to EU-FRA node...
INFO [2024-08-08 15:04:28] [THERMAL] - Adding FRA_BIO_FORTDEFRANCE9428 generator to EU-FRA node...
INFO [2024-08-08 15:04:28] [THERMAL] - Adding FRA_BIO_FOSSURMER9434 generator to EU-FRA node...
INFO [2024-08-08 15:04:28] [THERMAL] - Adding FRA_BIO_FOUJU9437 generator to EU-FRA node...
INFO [2024-08-08 15:04:28] [THERMAL] - Adding FRA_BIO_FOURCHAMBAULT9439 generator to EU-FRA node...
INFO [2024-08-08 15:04:28] [THERMAL] - Adding FRA_BIO_FRESNOYFOLNY9447 generator to EU-FRA node...
INFO [2024-08-08 15:04:28] [THERMAL] - Adding FRA_BIO_GONFREVILLELO9496 generator to EU-FRA node...
INFO [2024-08-08 15:04:28] [THERMAL] - Adding FRA_BIO_GRAINCOURTLS9504 generator to EU-FRA node...
INFO [2024-08-08 15:04:29] [THERMAL] - Adding FRA_BIO_GRANGES9509 generator to EU-FRA node...
INFO [2024-08-08 15:04:29] [THERMAL] - Adding FRA_BIO_GUELTAS9519 generator to EU-FRA node...
INFO [2024-08-08 15:04:29] [THERMAL] - Adding FRA_BIO_GUICHAINVILLE9525 generator to EU-FRA node...
INFO [2024-08-08 15:04:29] [THERMAL] - Adding FRA_BIO_HERSINCOUPIGNY9553 generator to EU-FRA node...
INFO [2024-08-08 15:04:29] [THERMAL] - Adding FRA_BIO_ISIGNYLEBUAT9575 generator to EU-FRA node...
INFO [2024-08-08 15:04:29] [THERMAL] - Adding FRA_BIO_ISLESLESMELDE9576 generator to EU-FRA node...
INFO [2024-08-08 15:04:30] [THERMAL] - Adding FRA_BIO_ISS9579 generator to EU-FRA node...
INFO [2024-08-08 15:04:30] [THERMAL] - Adding FRA_BIO_ISSYLESMOULIN9578 generator to EU-FRA node...
INFO [2024-08-08 15:04:30] [THERMAL] - Adding FRA_BIO_LABESSIRECAN9667 generator to EU-FRA node...
INFO [2024-08-08 15:04:30] [THERMAL] - Adding FRA_BIO_LABRY9668 generator to EU-FRA node...
INFO [2024-08-08 15:04:30] [THERMAL] - Adding FRA_BIO_LAFARELESOLI9623 generator to EU-FRA node...
INFO [2024-08-08 15:04:30] [THERMAL] - Adding FRA_BIO_LAPOUYADE9699 generator to EU-FRA node...
INFO [2024-08-08 15:04:31] [THERMAL] - Adding FRA_BIO_LASSE9708 generator to EU-FRA node...
INFO [2024-08-08 15:04:31] [THERMAL] - Adding FRA_BIO_LATRONCHE9660 generator to EU-FRA node...
INFO [2024-08-08 15:04:31] [THERMAL] - Adding FRA_BIO_LATTES9712 generator to EU-FRA node...
INFO [2024-08-08 15:04:31] [THERMAL] - Adding FRA_BIO_LAVAUR9722 generator to EU-FRA node...
INFO [2024-08-08 15:04:31] [THERMAL] - Adding FRA_BIO_LAVEUVE9663 generator to EU-FRA node...
INFO [2024-08-08 15:04:31] [THERMAL] - Adding FRA_BIO_LAVRAIECROIX9665 generator to EU-FRA node...
INFO [2024-08-08 15:04:32] [THERMAL] - Adding FRA_BIO_LEMANS9746 generator to EU-FRA node...
INFO [2024-08-08 15:04:32] [THERMAL] - Adding FRA_BIO_LEPLESSISGASS9757 generator to EU-FRA node...
INFO [2024-08-08 15:04:32] [THERMAL] - Adding FRA_BIO_LESCAR9798 generator to EU-FRA node...
INFO [2024-08-08 15:04:32] [THERMAL] - Adding FRA_BIO_LESMNILS9800 generator to EU-FRA node...
INFO [2024-08-08 15:04:32] [THERMAL] - Adding FRA_BIO_LESPENNESMIRA9794 generator to EU-FRA node...
INFO [2024-08-08 15:04:33] [THERMAL] - Adding FRA_BIO_LEVIGEANT9778 generator to EU-FRA node...
INFO [2024-08-08 15:04:33] [THERMAL] - Adding FRA_BIO_LEWARDE9804 generator to EU-FRA node...
INFO [2024-08-08 15:04:33] [THERMAL] - Adding FRA_BIO_LIMOGES9817 generator to EU-FRA node...
INFO [2024-08-08 15:04:33] [THERMAL] - Adding FRA_BIO_LONSLESAUNIER9835 generator to EU-FRA node...
INFO [2024-08-08 15:04:33] [THERMAL] - Adding FRA_BIO_LOUZY9846 generator to EU-FRA node...
INFO [2024-08-08 15:04:34] [THERMAL] - Adding FRA_BIO_MAINVILLIERS9880 generator to EU-FRA node...
INFO [2024-08-08 15:04:34] [THERMAL] - Adding FRA_BIO_MARQUETTELEZL9904 generator to EU-FRA node...
INFO [2024-08-08 15:04:34] [THERMAL] - Adding FRA_BIO_MDAMILL9926 generator to EU-FRA node...
INFO [2024-08-08 15:04:34] [THERMAL] - Adding FRA_BIO_MONTECH9977 generator to EU-FRA node...
INFO [2024-08-08 15:04:35] [THERMAL] - Adding FRA_BIO_MONTEREAUFAULT9979 generator to EU-FRA node...
INFO [2024-08-08 15:04:35] [THERMAL] - Adding FRA_BIO_MONTPELLIER9987 generator to EU-FRA node...
INFO [2024-08-08 15:04:35] [THERMAL] - Adding FRA_BIO_MONTREUILSURB9990 generator to EU-FRA node...
INFO [2024-08-08 15:04:35] [THERMAL] - Adding FRA_BIO_MORCENX9998 generator to EU-FRA node...
INFO [2024-08-08 15:04:36] [THERMAL] - Adding FRA_BIO_MORSBACH10000 generator to EU-FRA node...
INFO [2024-08-08 15:04:36] [THERMAL] - Adding FRA_BIO_NARBONNE10043 generator to EU-FRA node...
INFO [2024-08-08 15:04:36] [THERMAL] - Adding FRA_BIO_NICE10055 generator to EU-FRA node...
INFO [2024-08-08 15:04:36] [THERMAL] - Adding FRA_BIO_NMES10077 generator to EU-FRA node...
INFO [2024-08-08 15:04:36] [THERMAL] - Adding FRA_BIO_NOIDANSLEFERR10062 generator to EU-FRA node...
INFO [2024-08-08 15:04:36] [THERMAL] - Adding FRA_BIO_NOYELLESSOUSL10067 generator to EU-FRA node...
INFO [2024-08-08 15:04:37] [THERMAL] - Adding FRA_BIO_NURLU10071 generator to EU-FRA node...
INFO [2024-08-08 15:04:37] [THERMAL] - Adding FRA_BIO_ORANGE10094 generator to EU-FRA node...
INFO [2024-08-08 15:04:37] [THERMAL] - Adding FRA_BIO_ORLANS10100 generator to EU-FRA node...
INFO [2024-08-08 15:04:37] [THERMAL] - Adding FRA_BIO_PIERRELATTE10146 generator to EU-FRA node...
INFO [2024-08-08 15:04:38] [THERMAL] - Adding FRA_BIO_PITHIVIERS10150 generator to EU-FRA node...
INFO [2024-08-08 15:04:38] [THERMAL] - Adding FRA_BIO_PONTENXLESFOR10202 generator to EU-FRA node...
INFO [2024-08-08 15:04:38] [THERMAL] - Adding FRA_BIO_RAMBERVILLERS10251 generator to EU-FRA node...
INFO [2024-08-08 15:04:38] [THERMAL] - Adding FRA_BIO_RETZWILLER10263 generator to EU-FRA node...
INFO [2024-08-08 15:04:39] [THERMAL] - Adding FRA_BIO_RIBEAUVILL10268 generator to EU-FRA node...
INFO [2024-08-08 15:04:39] [THERMAL] - Adding FRA_BIO_ROUSSAS10306 generator to EU-FRA node...
INFO [2024-08-08 15:04:39] [THERMAL] - Adding FRA_BIO_SAINTAUBIN10357 generator to EU-FRA node...
INFO [2024-08-08 15:04:39] [THERMAL] - Adding FRA_BIO_SAINTBARTHLE10362 generator to EU-FRA node...
INFO [2024-08-08 15:04:40] [THERMAL] - Adding FRA_BIO_SAINTEMARIEKE10537 generator to EU-FRA node...
INFO [2024-08-08 15:04:40] [THERMAL] - Adding FRA_BIO_SAINTESUZANNE10547 generator to EU-FRA node...
INFO [2024-08-08 15:04:40] [THERMAL] - Adding FRA_BIO_SAINTFRAIMBAUL10389 generator to EU-FRA node...
INFO [2024-08-08 15:04:40] [THERMAL] - Adding FRA_BIO_SAINTGAUDENS10393 generator to EU-FRA node...
INFO [2024-08-08 15:04:40] [THERMAL] - Adding FRA_BIO_SAINTGILLESDU10408 generator to EU-FRA node...
INFO [2024-08-08 15:04:41] [THERMAL] - Adding FRA_BIO_SAINTJEANDEF10422 generator to EU-FRA node...
INFO [2024-08-08 15:04:41] [THERMAL] - Adding FRA_BIO_SAINTLAURENTD10433 generator to EU-FRA node...
INFO [2024-08-08 15:04:41] [THERMAL] - Adding FRA_BIO_SAINTMARTINDE10457 generator to EU-FRA node...
INFO [2024-08-08 15:04:41] [THERMAL] - Adding FRA_BIO_SAINTOUEN10475 generator to EU-FRA node...
INFO [2024-08-08 15:04:41] [THERMAL] - Adding FRA_BIO_SAINTPESUR10494 generator to EU-FRA node...
INFO [2024-08-08 15:04:42] [THERMAL] - Adding FRA_BIO_SAINTPIERRE10483 generator to EU-FRA node...
INFO [2024-08-08 15:04:42] [THERMAL] - Adding FRA_BIO_SAINTQUENTINS10500 generator to EU-FRA node...
INFO [2024-08-08 15:04:42] [THERMAL] - Adding FRA_BIO_SAINTSAUVEUR10505 generator to EU-FRA node...
INFO [2024-08-08 15:04:42] [THERMAL] - Adding FRA_BIO_SAINTTHIBAULT10513 generator to EU-FRA node...
INFO [2024-08-08 15:04:43] [THERMAL] - Adding FRA_BIO_SAINTTIENNE10523 generator to EU-FRA node...
INFO [2024-08-08 15:04:43] [THERMAL] - Adding FRA_BIO_SALAISESURSAN10550 generator to EU-FRA node...
INFO [2024-08-08 15:04:43] [THERMAL] - Adding FRA_BIO_SARCELLES10561 generator to EU-FRA node...
INFO [2024-08-08 15:04:43] [THERMAL] - Adding FRA_BIO_SATOLASETBONC10566 generator to EU-FRA node...
INFO [2024-08-08 15:04:43] [THERMAL] - Adding FRA_BIO_SAUSHEIM10573 generator to EU-FRA node...
INFO [2024-08-08 15:04:44] [THERMAL] - Adding FRA_BIO_SCHWEIGHOUSESU10588 generator to EU-FRA node...
INFO [2024-08-08 15:04:44] [THERMAL] - Adding FRA_BIO_SEPTMESLESV10593 generator to EU-FRA node...
INFO [2024-08-08 15:04:44] [THERMAL] - Adding FRA_BIO_SOIGNOLLESENB10612 generator to EU-FRA node...
INFO [2024-08-08 15:04:44] [THERMAL] - Adding FRA_BIO_SONZAY10614 generator to EU-FRA node...
INFO [2024-08-08 15:04:45] [THERMAL] - Adding FRA_BIO_STRASBOURG10631 generator to EU-FRA node...
INFO [2024-08-08 15:04:45] [THERMAL] - Adding FRA_BIO_TALLONE10650 generator to EU-FRA node...
INFO [2024-08-08 15:04:45] [THERMAL] - Adding FRA_BIO_TAMPES10836 generator to EU-FRA node...
INFO [2024-08-08 15:04:45] [THERMAL] - Adding FRA_BIO_TEIGNIRES10837 generator to EU-FRA node...
INFO [2024-08-08 15:04:46] [THERMAL] - Adding FRA_BIO_TETINGSURNIED10663 generator to EU-FRA node...
INFO [2024-08-08 15:04:46] [THERMAL] - Adding FRA_BIO_TRVILLE10838 generator to EU-FRA node...
INFO [2024-08-08 15:04:46] [THERMAL] - Adding FRA_BIO_VARENNESJARCY10731 generator to EU-FRA node...
INFO [2024-08-08 15:04:47] [THERMAL] - Adding FRA_BIO_VAUXLEPNIL10743 generator to EU-FRA node...
INFO [2024-08-08 15:04:47] [THERMAL] - Adding FRA_BIO_VEDNE10745 generator to EU-FRA node...
INFO [2024-08-08 15:04:47] [THERMAL] - Adding FRA_BIO_VERTLEGRAND10758 generator to EU-FRA node...
INFO [2024-08-08 15:04:47] [THERMAL] - Adding FRA_BIO_VILLEFRANCHESU10775 generator to EU-FRA node...
INFO [2024-08-08 15:04:48] [THERMAL] - Adding FRA_BIO_VILLEJUST10776 generator to EU-FRA node...
INFO [2024-08-08 15:04:48] [THERMAL] - Adding FRA_BIO_VILLERSSAINTP10788 generator to EU-FRA node...
INFO [2024-08-08 15:04:48] [THERMAL] - Adding FRA_BIO_VIRIAT10798 generator to EU-FRA node...
INFO [2024-08-08 15:04:48] [THERMAL] - Adding FRA_COA_CAPACITY SCALER generator to EU-FRA node...
INFO [2024-08-08 15:04:49] [THERMAL] - Adding FRA_COA_CORDEMAIS49116 generator to EU-FRA node...
INFO [2024-08-08 15:04:49] [THERMAL] - Adding FRA_COA_EMILEHUCHET9364 generator to EU-FRA node...
INFO [2024-08-08 15:04:49] [THERMAL] - Adding FRA_COA_HAVRE49538 generator to EU-FRA node...
INFO [2024-08-08 15:04:49] [THERMAL] - Adding FRA_COA_LUCY39603 generator to EU-FRA node...
INFO [2024-08-08 15:04:50] [THERMAL] - Adding FRA_COA_PROVENCE510115 generator to EU-FRA node...
INFO [2024-08-08 15:04:50] [THERMAL] - Adding FRA_GAS_BLENOD58946 generator to EU-FRA node...
INFO [2024-08-08 15:04:50] [THERMAL] - Adding FRA_GAS_BOUCHAIN78948 generator to EU-FRA node...
INFO [2024-08-08 15:04:50] [THERMAL] - Adding FRA_GAS_CAPACITY SCALER generator to EU-FRA node...
INFO [2024-08-08 15:04:51] [THERMAL] - Adding FRA_GAS_COMBIGOLFE9114 generator to EU-FRA node...
INFO [2024-08-08 15:04:51] [THERMAL] - Adding FRA_GAS_CROIXDEMETZ9304 generator to EU-FRA node...
INFO [2024-08-08 15:04:51] [THERMAL] - Adding FRA_GAS_DK69328 generator to EU-FRA node...
INFO [2024-08-08 15:04:51] [THERMAL] - Adding FRA_GAS_EMILEHUCHET9363 generator to EU-FRA node...
INFO [2024-08-08 15:04:52] [THERMAL] - Adding FRA_GAS_GENNEVILLIERS19464 generator to EU-FRA node...
INFO [2024-08-08 15:04:52] [THERMAL] - Adding FRA_GAS_MARTIGUESPONTE9866 generator to EU-FRA node...
INFO [2024-08-08 15:04:52] [THERMAL] - Adding FRA_GAS_PONTSURSAMBRE10198 generator to EU-FRA node...
INFO [2024-08-08 15:04:52] [THERMAL] - Adding FRA_GEO_BOUILLANTE9046 generator to EU-FRA node...
INFO [2024-08-08 15:04:53] [THERMAL] - Adding FRA_NUC_BELLEVILLE8944 generator to EU-FRA node...
INFO [2024-08-08 15:04:53] [THERMAL] - Adding FRA_NUC_BLAYAIS8945 generator to EU-FRA node...
INFO [2024-08-08 15:04:53] [THERMAL] - Adding FRA_NUC_BUGEY8952 generator to EU-FRA node...
INFO [2024-08-08 15:04:53] [THERMAL] - Adding FRA_NUC_CATTENOM9106 generator to EU-FRA node...
INFO [2024-08-08 15:04:53] [THERMAL] - Adding FRA_NUC_CHINON9109 generator to EU-FRA node...
INFO [2024-08-08 15:04:54] [THERMAL] - Adding FRA_NUC_CHOOZ9110 generator to EU-FRA node...
INFO [2024-08-08 15:04:54] [THERMAL] - Adding FRA_NUC_CIVAUX9111 generator to EU-FRA node...
INFO [2024-08-08 15:04:54] [THERMAL] - Adding FRA_NUC_CRUAS9118 generator to EU-FRA node...
INFO [2024-08-08 15:04:55] [THERMAL] - Adding FRA_NUC_DAMPIERRE9326 generator to EU-FRA node...
INFO [2024-08-08 15:04:55] [THERMAL] - Adding FRA_NUC_FESSENHEIM9393 generator to EU-FRA node...
INFO [2024-08-08 15:04:55] [THERMAL] - Adding FRA_NUC_FLAMANVILLE9394 generator to EU-FRA node...
INFO [2024-08-08 15:04:56] [THERMAL] - Adding FRA_NUC_GOLFECH9466 generator to EU-FRA node...
INFO [2024-08-08 15:04:56] [THERMAL] - Adding FRA_NUC_GRAVELINES9468 generator to EU-FRA node...
INFO [2024-08-08 15:04:56] [THERMAL] - Adding FRA_NUC_NOGENT10036 generator to EU-FRA node...
INFO [2024-08-08 15:04:56] [THERMAL] - Adding FRA_NUC_PALUEL10108 generator to EU-FRA node...
INFO [2024-08-08 15:04:57] [THERMAL] - Adding FRA_NUC_PENLY10110 generator to EU-FRA node...
INFO [2024-08-08 15:04:57] [THERMAL] - Adding FRA_NUC_STALBAN10328 generator to EU-FRA node...
INFO [2024-08-08 15:04:57] [THERMAL] - Adding FRA_NUC_STLAURENT10330 generator to EU-FRA node...
INFO [2024-08-08 15:04:57] [THERMAL] - Adding FRA_NUC_TRICASTIN110646 generator to EU-FRA node...
INFO [2024-08-08 15:04:58] [THERMAL] - Adding FRA_OIL_ARRIGHI8823 generator to EU-FRA node...
INFO [2024-08-08 15:04:58] [THERMAL] - Adding FRA_OIL_BRENNILIS8950 generator to EU-FRA node...
INFO [2024-08-08 15:04:58] [THERMAL] - Adding FRA_OIL_CAPACITY SCALER generator to EU-FRA node...
INFO [2024-08-08 15:04:58] [THERMAL] - Adding FRA_OIL_CORDEMAIS9115 generator to EU-FRA node...
INFO [2024-08-08 15:04:59] [THERMAL] - Adding FRA_OIL_DIRINON9327 generator to EU-FRA node...
INFO [2024-08-08 15:04:59] [THERMAL] - Adding FRA_OIL_PORCHEVILLE10112 generator to EU-FRA node...
INFO [2024-08-08 15:04:59] [THERMAL] - Adding FRA_WAV_CAPACITY SCALER generator to EU-FRA node...
INFO [2024-08-08 15:05:00] [THERMAL] - Adding FRA_WAV_RANCE10241 generator to EU-FRA node...
INFO [2024-08-08 15:05:00] [MAIN] - Done adding thermal data! (run time : 3.58min).

INFO [2024-08-08 15:05:00] [MAIN] - Fetching storage data...

INFO [2024-08-08 15:05:00] [STORAGE] - Adding CHE_CHE_50kW60kWhEnergy99_1 battery to EU-CHE node...
INFO [2024-08-08 15:05:00] [STORAGE] - Adding CHE_CHE_CKWESpeicherWer100_1 battery to EU-CHE node...
INFO [2024-08-08 15:05:00] [STORAGE] - Adding CHE_CHE_EPFLLeclancheDi101_1 battery to EU-CHE node...
INFO [2024-08-08 15:05:00] [STORAGE] - Adding CHE_CHE_LausannePolytec102_1 battery to EU-CHE node...
INFO [2024-08-08 15:05:00] [STORAGE] - Adding CHE_CHE_Passivhaus50kW1103_1 battery to EU-CHE node...
INFO [2024-08-08 15:05:00] [STORAGE] - Adding CHE_CHE_SwissDualCircui104_1 battery to EU-CHE node...
INFO [2024-08-08 15:05:00] [STORAGE] - Adding CHE_CHE_TheZurichDietik105_1 battery to EU-CHE node...
INFO [2024-08-08 15:05:00] [STORAGE] - Adding CHE_PHS_EmossonPumpedHy106_1 battery to EU-CHE node...
INFO [2024-08-08 15:05:01] [STORAGE] - Adding CHE_PHS_EmossonPumpedHy106_2 battery to EU-CHE node...
INFO [2024-08-08 15:05:01] [STORAGE] - Adding CHE_PHS_EtzelwerkPumped107_1 battery to EU-CHE node...
INFO [2024-08-08 15:05:01] [STORAGE] - Adding CHE_PHS_FerreraPumpedHy108_1 battery to EU-CHE node...
INFO [2024-08-08 15:05:01] [STORAGE] - Adding CHE_PHS_GougraPumpedHyd109_1 battery to EU-CHE node...
INFO [2024-08-08 15:05:01] [STORAGE] - Adding CHE_PHS_Grimsel2PumpedH110_1 battery to EU-CHE node...
INFO [2024-08-08 15:05:01] [STORAGE] - Adding CHE_PHS_Grimsel2PumpedH110_2 battery to EU-CHE node...
INFO [2024-08-08 15:05:01] [STORAGE] - Adding CHE_PHS_Grimsel3PumpedH111_1 battery to EU-CHE node...
INFO [2024-08-08 15:05:01] [STORAGE] - Adding CHE_PHS_Grimsel3PumpedH111_2 battery to EU-CHE node...
INFO [2024-08-08 15:05:01] [STORAGE] - Adding CHE_PHS_Grimsel3PumpedH111_3 battery to EU-CHE node...
INFO [2024-08-08 15:05:02] [STORAGE] - Adding CHE_PHS_Handeck3PumpedH112_1 battery to EU-CHE node...
INFO [2024-08-08 15:05:02] [STORAGE] - Adding CHE_PHS_HongrinLemanPum113_1 battery to EU-CHE node...
INFO [2024-08-08 15:05:02] [STORAGE] - Adding CHE_PHS_HongrinLemanPum113_2 battery to EU-CHE node...
INFO [2024-08-08 15:05:02] [STORAGE] - Adding CHE_PHS_LagoBiancoPumpe114_1 battery to EU-CHE node...
INFO [2024-08-08 15:05:02] [STORAGE] - Adding CHE_PHS_LagoBiancoPumpe114_2 battery to EU-CHE node...
INFO [2024-08-08 15:05:02] [STORAGE] - Adding CHE_PHS_LagoBiancoPumpe114_3 battery to EU-CHE node...
INFO [2024-08-08 15:05:03] [STORAGE] - Adding CHE_PHS_LagoBiancoPumpe114_4 battery to EU-CHE node...
INFO [2024-08-08 15:05:03] [STORAGE] - Adding CHE_PHS_LagoBiancoPumpe114_5 battery to EU-CHE node...
INFO [2024-08-08 15:05:03] [STORAGE] - Adding CHE_PHS_Linthal2015Lint115_1 battery to EU-CHE node...
INFO [2024-08-08 15:05:03] [STORAGE] - Adding CHE_PHS_Linthal2015Lint115_2 battery to EU-CHE node...
INFO [2024-08-08 15:05:03] [STORAGE] - Adding CHE_PHS_Linthal2015Lint115_3 battery to EU-CHE node...
INFO [2024-08-08 15:05:03] [STORAGE] - Adding CHE_PHS_Linthal2015Lint115_4 battery to EU-CHE node...
INFO [2024-08-08 15:05:04] [STORAGE] - Adding CHE_PHS_Linthal2015Lint115_5 battery to EU-CHE node...
INFO [2024-08-08 15:05:04] [STORAGE] - Adding CHE_PHS_LinthLimmernPum116_1 battery to EU-CHE node...
INFO [2024-08-08 15:05:04] [STORAGE] - Adding CHE_PHS_LinthLimmernPum116_2 battery to EU-CHE node...
INFO [2024-08-08 15:05:04] [STORAGE] - Adding CHE_PHS_LinthLimmernPum116_3 battery to EU-CHE node...
INFO [2024-08-08 15:05:04] [STORAGE] - Adding CHE_PHS_MapraggPumpedHy117_1 battery to EU-CHE node...
INFO [2024-08-08 15:05:04] [STORAGE] - Adding CHE_PHS_MapraggPumpedHy117_2 battery to EU-CHE node...
INFO [2024-08-08 15:05:05] [STORAGE] - Adding CHE_PHS_NantdeDrancePum118_1 battery to EU-CHE node...
INFO [2024-08-08 15:05:05] [STORAGE] - Adding CHE_PHS_NantdeDrancePum118_2 battery to EU-CHE node...
INFO [2024-08-08 15:05:05] [STORAGE] - Adding CHE_PHS_NantdeDrancePum118_3 battery to EU-CHE node...
INFO [2024-08-08 15:05:05] [STORAGE] - Adding CHE_PHS_NantdeDrancePum118_4 battery to EU-CHE node...
INFO [2024-08-08 15:05:05] [STORAGE] - Adding CHE_PHS_NantdeDrancePum118_5 battery to EU-CHE node...
INFO [2024-08-08 15:05:06] [STORAGE] - Adding CHE_PHS_OvaSpinPumpedHy119_1 battery to EU-CHE node...
INFO [2024-08-08 15:05:06] [STORAGE] - Adding CHE_PHS_RobieiPumpedHyd120_1 battery to EU-CHE node...
INFO [2024-08-08 15:05:06] [STORAGE] - Adding CHE_PHS_TierfehdNestilP121_1 battery to EU-CHE node...
INFO [2024-08-08 15:05:06] [STORAGE] - Adding CHE_PHS_VeytauxFMHLPump122_1 battery to EU-CHE node...
INFO [2024-08-08 15:05:06] [STORAGE] - Adding CHE_PHS_VeytauxFMHLPump122_2 battery to EU-CHE node...
INFO [2024-08-08 15:05:06] [STORAGE] - Adding DEU_CHE_10kW100kWhHaakF228_1 battery to EU-DEU node...
INFO [2024-08-08 15:05:07] [STORAGE] - Adding DEU_CHE_15MWEnergyStora229_1 battery to EU-DEU node...
INFO [2024-08-08 15:05:07] [STORAGE] - Adding DEU_CHE_1MWLESSYVolklin230_1 battery to EU-DEU node...
INFO [2024-08-08 15:05:07] [STORAGE] - Adding DEU_CHE_250kW1MWhElCheW231_1 battery to EU-DEU node...
INFO [2024-08-08 15:05:07] [STORAGE] - Adding DEU_CHE_BatteryEnergySt232_1 battery to EU-DEU node...
INFO [2024-08-08 15:05:07] [STORAGE] - Adding DEU_CHE_BatteryEnergySt233_1 battery to EU-DEU node...
INFO [2024-08-08 15:05:07] [STORAGE] - Adding DEU_CHE_BESSNeuhardenbe234_1 battery to EU-DEU node...
INFO [2024-08-08 15:05:08] [STORAGE] - Adding DEU_CHE_BoschBraderupES235_1 battery to EU-DEU node...
INFO [2024-08-08 15:05:08] [STORAGE] - Adding DEU_CHE_BoschBraderupES236_1 battery to EU-DEU node...
INFO [2024-08-08 15:05:08] [STORAGE] - Adding DEU_CHE_CatervaSWARM237_1 battery to EU-DEU node...
INFO [2024-08-08 15:05:08] [STORAGE] - Adding DEU_CHE_CellcubeWilliba238_1 battery to EU-DEU node...
INFO [2024-08-08 15:05:08] [STORAGE] - Adding DEU_CHE_CustomerProject239_1 battery to EU-DEU node...
INFO [2024-08-08 15:05:08] [STORAGE] - Adding DEU_CHE_Daimler2ndLifeS240_1 battery to EU-DEU node...
INFO [2024-08-08 15:05:09] [STORAGE] - Adding DEU_CHE_DMGGildemeister241_1 battery to EU-DEU node...
INFO [2024-08-08 15:05:09] [STORAGE] - Adding DEU_CHE_DREWAGReick2MWP242_1 battery to EU-DEU node...
INFO [2024-08-08 15:05:09] [STORAGE] - Adding DEU_CHE_Drverden3MWBatt243_1 battery to EU-DEU node...
INFO [2024-08-08 15:05:09] [STORAGE] - Adding DEU_CHE_EEBattEnergyNei244_1 battery to EU-DEU node...
INFO [2024-08-08 15:05:09] [STORAGE] - Adding DEU_CHE_EnerconWindTurb245_1 battery to EU-DEU node...
INFO [2024-08-08 15:05:10] [STORAGE] - Adding DEU_CHE_EnergyBufferUni246_1 battery to EU-DEU node...
INFO [2024-08-08 15:05:10] [STORAGE] - Adding DEU_CHE_FastChargingeBu247_1 battery to EU-DEU node...
INFO [2024-08-08 15:05:10] [STORAGE] - Adding DEU_CHE_FeldheimRegiona248_1 battery to EU-DEU node...
INFO [2024-08-08 15:05:10] [STORAGE] - Adding DEU_CHE_GermanyResident249_1 battery to EU-DEU node...
INFO [2024-08-08 15:05:11] [STORAGE] - Adding DEU_CHE_HIUPVBatterySys250_1 battery to EU-DEU node...
INFO [2024-08-08 15:05:11] [STORAGE] - Adding DEU_CHE_IHEMIntelligent251_1 battery to EU-DEU node...
INFO [2024-08-08 15:05:11] [STORAGE] - Adding DEU_CHE_IntelligentesNe252_1 battery to EU-DEU node...
INFO [2024-08-08 15:05:11] [STORAGE] - Adding DEU_CHE_Netlab2Sonderbu253_1 battery to EU-DEU node...
INFO [2024-08-08 15:05:11] [STORAGE] - Adding DEU_CHE_QinousDemonstra254_1 battery to EU-DEU node...
INFO [2024-08-08 15:05:12] [STORAGE] - Adding DEU_CHE_QinousDemonstra255_1 battery to EU-DEU node...
INFO [2024-08-08 15:05:12] [STORAGE] - Adding DEU_CHE_RedoxWindTheFra256_1 battery to EU-DEU node...
INFO [2024-08-08 15:05:12] [STORAGE] - Adding DEU_CHE_SmartOperator257_1 battery to EU-DEU node...
INFO [2024-08-08 15:05:12] [STORAGE] - Adding DEU_CHE_SmartOperatorKi258_1 battery to EU-DEU node...
INFO [2024-08-08 15:05:12] [STORAGE] - Adding DEU_CHE_SmartOperatorWi259_1 battery to EU-DEU node...
INFO [2024-08-08 15:05:13] [STORAGE] - Adding DEU_CHE_SmartOperatorWi260_1 battery to EU-DEU node...
INFO [2024-08-08 15:05:13] [STORAGE] - Adding DEU_CHE_SmartRegionPell261_1 battery to EU-DEU node...
INFO [2024-08-08 15:05:13] [STORAGE] - Adding DEU_CHE_SmartRegionPell262_1 battery to EU-DEU node...
INFO [2024-08-08 15:05:13] [STORAGE] - Adding DEU_CHE_SwagBoschCommun263_1 battery to EU-DEU node...
INFO [2024-08-08 15:05:14] [STORAGE] - Adding DEU_CHE_Web2EnergySmart264_1 battery to EU-DEU node...
INFO [2024-08-08 15:05:14] [STORAGE] - Adding DEU_CHE_WEMAGSchwerinBa265_1 battery to EU-DEU node...
INFO [2024-08-08 15:05:14] [STORAGE] - Adding DEU_CHE_YounicosandVatt266_1 battery to EU-DEU node...
INFO [2024-08-08 15:05:14] [STORAGE] - Adding DEU_CHE_YounicosandVatt267_1 battery to EU-DEU node...
INFO [2024-08-08 15:05:14] [STORAGE] - Adding DEU_HYD_AudiegasProject268_1 battery to EU-DEU node...
INFO [2024-08-08 15:05:15] [STORAGE] - Adding DEU_HYD_E.ONquotPowerto269_1 battery to EU-DEU node...
INFO [2024-08-08 15:05:15] [STORAGE] - Adding DEU_HYD_EnBWStuttgartHy270_1 battery to EU-DEU node...
INFO [2024-08-08 15:05:15] [STORAGE] - Adding DEU_HYD_EnergieparkMain271_1 battery to EU-DEU node...
INFO [2024-08-08 15:05:15] [STORAGE] - Adding DEU_HYD_Grapzow140MWWin272_1 battery to EU-DEU node...
INFO [2024-08-08 15:05:16] [STORAGE] - Adding DEU_HYD_ThgaDemonstrati273_1 battery to EU-DEU node...
INFO [2024-08-08 15:05:16] [STORAGE] - Adding DEU_PHS_BleilochPumpedS274_1 battery to EU-DEU node...
INFO [2024-08-08 15:05:16] [STORAGE] - Adding DEU_PHS_ErzhausenPumped275_1 battery to EU-DEU node...
INFO [2024-08-08 15:05:16] [STORAGE] - Adding DEU_PHS_ErzhausenPumped275_2 battery to EU-DEU node...
INFO [2024-08-08 15:05:17] [STORAGE] - Adding DEU_PHS_GeesthachtPumpe276_1 battery to EU-DEU node...
INFO [2024-08-08 15:05:17] [STORAGE] - Adding DEU_PHS_GlemsPumpedStor277_1 battery to EU-DEU node...
INFO [2024-08-08 15:05:17] [STORAGE] - Adding DEU_PHS_GoldisthalPumpe278_1 battery to EU-DEU node...
INFO [2024-08-08 15:05:17] [STORAGE] - Adding DEU_PHS_GoldisthalPumpe278_2 battery to EU-DEU node...
INFO [2024-08-08 15:05:18] [STORAGE] - Adding DEU_PHS_GoldisthalPumpe278_3 battery to EU-DEU node...
INFO [2024-08-08 15:05:18] [STORAGE] - Adding DEU_PHS_GoldisthalPumpe278_4 battery to EU-DEU node...
INFO [2024-08-08 15:05:18] [STORAGE] - Adding DEU_PHS_GoldisthalPumpe278_5 battery to EU-DEU node...
INFO [2024-08-08 15:05:18] [STORAGE] - Adding DEU_PHS_GoldisthalPumpe278_6 battery to EU-DEU node...
INFO [2024-08-08 15:05:19] [STORAGE] - Adding DEU_PHS_HerdeckePumpedS279_1 battery to EU-DEU node...
INFO [2024-08-08 15:05:19] [STORAGE] - Adding DEU_PHS_HohenwartePumpe280_1 battery to EU-DEU node...
INFO [2024-08-08 15:05:19] [STORAGE] - Adding DEU_PHS_HohenwartePumpe280_2 battery to EU-DEU node...
INFO [2024-08-08 15:05:19] [STORAGE] - Adding DEU_PHS_HusernPumpedSto281_1 battery to EU-DEU node...
INFO [2024-08-08 15:05:20] [STORAGE] - Adding DEU_PHS_Kirchentellinsf282_1 battery to EU-DEU node...
INFO [2024-08-08 15:05:20] [STORAGE] - Adding DEU_PHS_Langenprozelten283_1 battery to EU-DEU node...
INFO [2024-08-08 15:05:20] [STORAGE] - Adding DEU_PHS_LeitzachwerkI284_1 battery to EU-DEU node...
INFO [2024-08-08 15:05:21] [STORAGE] - Adding DEU_PHS_LeitzachwerkII285_1 battery to EU-DEU node...
INFO [2024-08-08 15:05:21] [STORAGE] - Adding DEU_PHS_MarkersbachPump286_1 battery to EU-DEU node...
INFO [2024-08-08 15:05:21] [STORAGE] - Adding DEU_PHS_MarkersbachPump286_2 battery to EU-DEU node...
INFO [2024-08-08 15:05:21] [STORAGE] - Adding DEU_PHS_MarkersbachPump286_3 battery to EU-DEU node...
INFO [2024-08-08 15:05:22] [STORAGE] - Adding DEU_PHS_MarkersbachPump286_4 battery to EU-DEU node...
INFO [2024-08-08 15:05:22] [STORAGE] - Adding DEU_PHS_MarkersbachPump286_5 battery to EU-DEU node...
INFO [2024-08-08 15:05:22] [STORAGE] - Adding DEU_PHS_MarkersbachPump286_6 battery to EU-DEU node...
INFO [2024-08-08 15:05:23] [STORAGE] - Adding DEU_PHS_NiederwarthaPum287_1 battery to EU-DEU node...
INFO [2024-08-08 15:05:23] [STORAGE] - Adding DEU_PHS_ReisachPumpedSt288_1 battery to EU-DEU node...
INFO [2024-08-08 15:05:23] [STORAGE] - Adding DEU_PHS_RiedlEnergyStor289_1 battery to EU-DEU node...
INFO [2024-08-08 15:05:23] [STORAGE] - Adding DEU_PHS_RiedlEnergyStor289_2 battery to EU-DEU node...
INFO [2024-08-08 15:05:24] [STORAGE] - Adding DEU_PHS_RnkhausenPumped290_1 battery to EU-DEU node...
INFO [2024-08-08 15:05:24] [STORAGE] - Adding DEU_PHS_Ruselkraftwerke291_1 battery to EU-DEU node...
INFO [2024-08-08 15:05:24] [STORAGE] - Adding DEU_PHS_SchwarzenbachPu292_1 battery to EU-DEU node...
INFO [2024-08-08 15:05:25] [STORAGE] - Adding DEU_PHS_SckingenPumpedS293_1 battery to EU-DEU node...
INFO [2024-08-08 15:05:25] [STORAGE] - Adding DEU_PHS_SckingenPumpedS293_2 battery to EU-DEU node...
INFO [2024-08-08 15:05:25] [STORAGE] - Adding DEU_PHS_SorpeseePumpedS294_1 battery to EU-DEU node...
INFO [2024-08-08 15:05:26] [STORAGE] - Adding DEU_PHS_TanzmhlePumpedS295_1 battery to EU-DEU node...
INFO [2024-08-08 15:05:26] [STORAGE] - Adding DEU_PHS_WaldeckII296_1 battery to EU-DEU node...
INFO [2024-08-08 15:05:26] [STORAGE] - Adding DEU_PHS_WaldeckII296_2 battery to EU-DEU node...
INFO [2024-08-08 15:05:27] [STORAGE] - Adding DEU_PHS_WaldeckII296_3 battery to EU-DEU node...
INFO [2024-08-08 15:05:27] [STORAGE] - Adding DEU_PHS_WaldeckIPumpedH297_1 battery to EU-DEU node...
INFO [2024-08-08 15:05:27] [STORAGE] - Adding DEU_PHS_WaldshutPumpedS298_1 battery to EU-DEU node...
INFO [2024-08-08 15:05:28] [STORAGE] - Adding DEU_PHS_WehrPumpedStora299_1 battery to EU-DEU node...
INFO [2024-08-08 15:05:28] [STORAGE] - Adding DEU_PHS_WehrPumpedStora299_2 battery to EU-DEU node...
INFO [2024-08-08 15:05:28] [STORAGE] - Adding DEU_PHS_WehrPumpedStora299_3 battery to EU-DEU node...
INFO [2024-08-08 15:05:29] [STORAGE] - Adding DEU_PHS_WehrPumpedStora299_4 battery to EU-DEU node...
INFO [2024-08-08 15:05:29] [STORAGE] - Adding DEU_PHS_WehrPumpedStora299_5 battery to EU-DEU node...
INFO [2024-08-08 15:05:29] [STORAGE] - Adding DEU_PHS_WendefurthPower300_1 battery to EU-DEU node...
INFO [2024-08-08 15:05:30] [STORAGE] - Adding DEU_PHS_WitznauPumpedSt301_1 battery to EU-DEU node...
INFO [2024-08-08 15:05:30] [STORAGE] - Adding DEU_PHS_WitznauPumpedSt301_2 battery to EU-DEU node...
INFO [2024-08-08 15:05:30] [STORAGE] - Adding DEU_THE_JulichSolarTowe302_1 battery to EU-DEU node...
INFO [2024-08-08 15:05:31] [STORAGE] - Adding FRA_CHE_ADEMEIntelligen373_1 battery to EU-FRA node...
INFO [2024-08-08 15:05:31] [STORAGE] - Adding FRA_CHE_CarrosNICEGRIDP374_1 battery to EU-FRA node...
INFO [2024-08-08 15:05:31] [STORAGE] - Adding FRA_CHE_DieselGenerator375_1 battery to EU-FRA node...
INFO [2024-08-08 15:05:31] [STORAGE] - Adding FRA_CHE_DIYESS5kWhLiFeP376_1 battery to EU-FRA node...
INFO [2024-08-08 15:05:32] [STORAGE] - Adding FRA_CHE_EDFENGabardoneP377_1 battery to EU-FRA node...
INFO [2024-08-08 15:05:32] [STORAGE] - Adding FRA_CHE_EDFRampDLesRena378_1 battery to EU-FRA node...
INFO [2024-08-08 15:05:32] [STORAGE] - Adding FRA_CHE_INESProject379_1 battery to EU-FRA node...
INFO [2024-08-08 15:05:32] [STORAGE] - Adding FRA_CHE_NICEGRIDproject380_1 battery to EU-FRA node...
INFO [2024-08-08 15:05:33] [STORAGE] - Adding FRA_CHE_NICEGRIDproject381_1 battery to EU-FRA node...
INFO [2024-08-08 15:05:33] [STORAGE] - Adding FRA_CHE_ReunionIslandPe382_1 battery to EU-FRA node...
INFO [2024-08-08 15:05:33] [STORAGE] - Adding FRA_HYD_UniveristyofCor383_1 battery to EU-FRA node...
INFO [2024-08-08 15:05:34] [STORAGE] - Adding FRA_PHS_AlrancePumpedSt384_1 battery to EU-FRA node...
INFO [2024-08-08 15:05:34] [STORAGE] - Adding FRA_PHS_ArgentatPumpedS385_1 battery to EU-FRA node...
INFO [2024-08-08 15:05:34] [STORAGE] - Adding FRA_PHS_Grand039MaisonD386_1 battery to EU-FRA node...
INFO [2024-08-08 15:05:34] [STORAGE] - Adding FRA_PHS_Grand039MaisonD386_2 battery to EU-FRA node...
INFO [2024-08-08 15:05:35] [STORAGE] - Adding FRA_PHS_Grand039MaisonD386_3 battery to EU-FRA node...
INFO [2024-08-08 15:05:35] [STORAGE] - Adding FRA_PHS_Grand039MaisonD386_4 battery to EU-FRA node...
INFO [2024-08-08 15:05:35] [STORAGE] - Adding FRA_PHS_Grand039MaisonD386_5 battery to EU-FRA node...
INFO [2024-08-08 15:05:36] [STORAGE] - Adding FRA_PHS_Grand039MaisonD386_6 battery to EU-FRA node...
INFO [2024-08-08 15:05:36] [STORAGE] - Adding FRA_PHS_Grand039MaisonD386_7 battery to EU-FRA node...
INFO [2024-08-08 15:05:36] [STORAGE] - Adding FRA_PHS_Grand039MaisonD386_8 battery to EU-FRA node...
INFO [2024-08-08 15:05:36] [STORAGE] - Adding FRA_PHS_Grand039MaisonD386_9 battery to EU-FRA node...
INFO [2024-08-08 15:05:37] [STORAGE] - Adding FRA_PHS_Grand039MaisonD386_10 battery to EU-FRA node...
INFO [2024-08-08 15:05:37] [STORAGE] - Adding FRA_PHS_LaCochePumpedSt387_1 battery to EU-FRA node...
INFO [2024-08-08 15:05:37] [STORAGE] - Adding FRA_PHS_LaCochePumpedSt387_2 battery to EU-FRA node...
INFO [2024-08-08 15:05:38] [STORAGE] - Adding FRA_PHS_LaRanceTidalPow388_1 battery to EU-FRA node...
INFO [2024-08-08 15:05:38] [STORAGE] - Adding FRA_PHS_LaRanceTidalPow388_2 battery to EU-FRA node...
INFO [2024-08-08 15:05:39] [STORAGE] - Adding FRA_PHS_LeCheylasPumped389_1 battery to EU-FRA node...
INFO [2024-08-08 15:05:39] [STORAGE] - Adding FRA_PHS_LeCheylasPumped389_2 battery to EU-FRA node...
INFO [2024-08-08 15:05:39] [STORAGE] - Adding FRA_PHS_LeCheylasPumped389_3 battery to EU-FRA node...
INFO [2024-08-08 15:05:40] [STORAGE] - Adding FRA_PHS_LePougetPumpedS390_1 battery to EU-FRA node...
INFO [2024-08-08 15:05:40] [STORAGE] - Adding FRA_PHS_LePougetPumpedS390_2 battery to EU-FRA node...
INFO [2024-08-08 15:05:40] [STORAGE] - Adding FRA_PHS_LePougetPumpedS390_3 battery to EU-FRA node...
INFO [2024-08-08 15:05:41] [STORAGE] - Adding FRA_PHS_MontzicPumpedSt391_1 battery to EU-FRA node...
INFO [2024-08-08 15:05:41] [STORAGE] - Adding FRA_PHS_MontzicPumpedSt391_2 battery to EU-FRA node...
INFO [2024-08-08 15:05:41] [STORAGE] - Adding FRA_PHS_MontzicPumpedSt391_3 battery to EU-FRA node...
INFO [2024-08-08 15:05:42] [STORAGE] - Adding FRA_PHS_MontzicPumpedSt391_4 battery to EU-FRA node...
INFO [2024-08-08 15:05:42] [STORAGE] - Adding FRA_PHS_MontzicPumpedSt391_5 battery to EU-FRA node...
INFO [2024-08-08 15:05:42] [STORAGE] - Adding FRA_PHS_RevinPumpedStor392_1 battery to EU-FRA node...
INFO [2024-08-08 15:05:43] [STORAGE] - Adding FRA_PHS_RevinPumpedStor392_2 battery to EU-FRA node...
INFO [2024-08-08 15:05:43] [STORAGE] - Adding FRA_PHS_RevinPumpedStor392_3 battery to EU-FRA node...
INFO [2024-08-08 15:05:43] [STORAGE] - Adding FRA_PHS_RevinPumpedStor392_4 battery to EU-FRA node...
INFO [2024-08-08 15:05:44] [STORAGE] - Adding FRA_PHS_SuperBissortePu393_1 battery to EU-FRA node...
INFO [2024-08-08 15:05:44] [STORAGE] - Adding FRA_PHS_SuperBissortePu393_2 battery to EU-FRA node...
INFO [2024-08-08 15:05:45] [STORAGE] - Adding FRA_PHS_SuperBissortePu393_3 battery to EU-FRA node...
INFO [2024-08-08 15:05:45] [STORAGE] - Adding FRA_PHS_SuperBissortePu393_4 battery to EU-FRA node...
INFO [2024-08-08 15:05:45] [STORAGE] - Adding FRA_THE_AlbaNova1SolarP394_1 battery to EU-FRA node...
INFO [2024-08-08 15:05:45] [MAIN] - Done adding storage data! (run time : 0.76min).

INFO [2024-08-08 15:05:45] [MAIN] - Adding lines between areas...

INFO [2024-08-08 15:05:46] [LINES] - Adding EU-CHE to EU-DEU line...
INFO [2024-08-08 15:05:46] [LINES] - Adding EU-CHE to EU-FRA line...
INFO [2024-08-08 15:05:47] [LINES] - Adding EU-DEU to EU-FRA line...
INFO [2024-08-08 15:05:47] [MAIN] - Done adding lines! (run time : 1.31s).

INFO [2024-08-08 15:05:47] [MAIN] - Finished setting up Antares study! (run time : 4.57min).
 

INFO [2024-08-08 15:05:47] [MAIN] - Starting simulation__2024_08_08_15_05_47 simulation...
INFO [2024-08-08 15:15:27] [MAIN] - Antares simulation finished! (run time : 9.68min).
 

INFO [2024-08-08 15:15:28] [MAIN] - Opening latest simulation...
