INFO [2024-08-08 15:01:13] [MAIN] - Creating Etude_sur_R_Beta_3Pts__2024_08_08_15_01_13 study...

INFO [2024-08-08 15:01:13] [MAIN] - Unit commitment mode : FAST
INFO [2024-08-08 15:01:13] [MAIN] - Adding nodes...

INFO [2024-08-08 15:01:15] [MAIN] - Done adding nodes! (run time : 2.04s).

INFO [2024-08-08 15:01:15] [MAIN] - Adding load data...

INFO [2024-08-08 15:01:16] [MAIN] - Done adding load data! (run time : 1.24s).

INFO [2024-08-08 15:01:16] [MAIN] - Fetching wind data...

INFO [2024-08-08 15:01:17] [MAIN] - Done adding wind data! (run time : 0.29s).

INFO [2024-08-08 15:01:17] [MAIN] - Fetching solar data...

INFO [2024-08-08 15:01:17] [MAIN] - Done adding solar data! (run time : 0.29s).

INFO [2024-08-08 15:01:17] [MAIN] - Beginning hydro implementation...
INFO [2024-08-08 15:01:25] [MAIN] - Done adding hydro!
INFO [2024-08-08 15:01:25] [MAIN] - Fetching thermal data...

INFO [2024-08-08 15:05:00] [MAIN] - Done adding thermal data! (run time : 3.58min).

INFO [2024-08-08 15:05:00] [MAIN] - Fetching storage data...

INFO [2024-08-08 15:05:45] [MAIN] - Done adding storage data! (run time : 0.76min).

INFO [2024-08-08 15:05:45] [MAIN] - Adding lines between areas...

INFO [2024-08-08 15:05:47] [MAIN] - Done adding lines! (run time : 1.31s).

INFO [2024-08-08 15:05:47] [MAIN] - Finished setting up Antares study! (run time : 4.57min).
 

INFO [2024-08-08 15:05:47] [MAIN] - Starting simulation__2024_08_08_15_05_47 simulation...
INFO [2024-08-08 15:15:27] [MAIN] - Antares simulation finished! (run time : 9.68min).
 

INFO [2024-08-08 15:15:28] [MAIN] - Opening latest simulation...
