INFO [2024-08-02 11:35:55] [MAIN] - Creating Etude_sur_R_Monde__2024_08_02_11_35_54 study...

INFO [2024-08-02 11:35:55] [MAIN] - Adding nodes...

INFO [2024-08-02 11:35:57] [NODES] - Adding EU-CHE node...
INFO [2024-08-02 11:35:57] [NODES] - Adding EU-DEU node...
INFO [2024-08-02 11:35:57] [NODES] - Adding EU-FRA node...
INFO [2024-08-02 11:35:57] [MAIN] - Done adding nodes! (run time : 2.63s).

INFO [2024-08-02 11:35:57] [MAIN] - Adding load data...

INFO [2024-08-02 11:35:59] [LOAD] - Adding EU-CHE load data...
INFO [2024-08-02 11:35:59] [LOAD] - Adding EU-DEU load data...
INFO [2024-08-02 11:35:59] [LOAD] - Adding EU-FRA load data...
INFO [2024-08-02 11:35:59] [MAIN] - Done adding load data! (run time : 1.95s).

INFO [2024-08-02 11:36:00] [MAIN] - Fetching wind data...

INFO [2024-08-02 11:36:00] [WIND] - Adding EU-CHE aggregated wind data...
INFO [2024-08-02 11:36:00] [WIND] - Adding EU-DEU aggregated wind data...
INFO [2024-08-02 11:36:00] [WIND] - Adding EU-FRA aggregated wind data...
INFO [2024-08-02 11:36:00] [MAIN] - Done adding wind data! (run time : 0.47s).

INFO [2024-08-02 11:36:00] [MAIN] - Fetching solar data...

INFO [2024-08-02 11:36:00] [SOLAR] - Adding EU-CHE aggregated solar data...
INFO [2024-08-02 11:36:00] [SOLAR] - Adding EU-DEU aggregated solar data...
INFO [2024-08-02 11:36:01] [SOLAR] - Adding EU-FRA aggregated solar data...
INFO [2024-08-02 11:36:01] [MAIN] - Done adding solar data! (run time : 0.43s).

INFO [2024-08-02 11:36:01] [MAIN] - Fetching thermal data...

INFO [2024-08-02 11:36:01] [MAIN] - Starting simulation__2024_08_02_11_36_01 simulation...
