INFO [2024-08-19 19:17:01] [MAIN] - Creating Deane_World_Agg_new__2024_08_19_19_17_01 study...

INFO [2024-08-19 19:17:01] [MAIN] - Unit commitment mode : ACCURATE
INFO [2024-08-19 19:17:02] [MAIN] - Adding nodes...

INFO [2024-08-19 19:17:03] [NODES] - Adding AF-AGO node...
INFO [2024-08-19 19:17:03] [NODES] - Adding AF-BDI node...
INFO [2024-08-19 19:17:03] [NODES] - Adding AF-BEN node...
INFO [2024-08-19 19:17:03] [NODES] - Adding AF-BFA node...
INFO [2024-08-19 19:17:03] [NODES] - Adding AF-BWA node...
INFO [2024-08-19 19:17:03] [NODES] - Adding AF-CAF node...
INFO [2024-08-19 19:17:04] [NODES] - Adding AF-CIV node...
INFO [2024-08-19 19:17:04] [NODES] - Adding AF-CMR node...
INFO [2024-08-19 19:17:04] [NODES] - Adding AF-COD node...
INFO [2024-08-19 19:17:04] [NODES] - Adding AF-COG node...
INFO [2024-08-19 19:17:04] [NODES] - Adding AF-CPV node...
INFO [2024-08-19 19:17:05] [NODES] - Adding AF-DJI node...
INFO [2024-08-19 19:17:05] [NODES] - Adding AF-DZA node...
INFO [2024-08-19 19:17:05] [NODES] - Adding AF-EGY node...
INFO [2024-08-19 19:17:05] [NODES] - Adding AF-ERI node...
INFO [2024-08-19 19:17:05] [NODES] - Adding AF-ESH node...
INFO [2024-08-19 19:17:06] [NODES] - Adding AF-ETH node...
INFO [2024-08-19 19:17:06] [NODES] - Adding AF-GAB node...
INFO [2024-08-19 19:17:06] [NODES] - Adding AF-GHA node...
INFO [2024-08-19 19:17:06] [NODES] - Adding AF-GIN node...
INFO [2024-08-19 19:17:06] [NODES] - Adding AF-GMB node...
INFO [2024-08-19 19:17:07] [NODES] - Adding AF-GNB node...
INFO [2024-08-19 19:17:07] [NODES] - Adding AF-GNQ node...
INFO [2024-08-19 19:17:07] [NODES] - Adding AF-KEN node...
INFO [2024-08-19 19:17:07] [NODES] - Adding AF-LBR node...
INFO [2024-08-19 19:17:08] [NODES] - Adding AF-LBY node...
INFO [2024-08-19 19:17:08] [NODES] - Adding AF-LSO node...
INFO [2024-08-19 19:17:08] [NODES] - Adding AF-MAR node...
INFO [2024-08-19 19:17:08] [NODES] - Adding AF-MDG node...
INFO [2024-08-19 19:17:08] [NODES] - Adding AF-MLI node...
INFO [2024-08-19 19:17:09] [NODES] - Adding AF-MOZ node...
INFO [2024-08-19 19:17:09] [NODES] - Adding AF-MRT node...
INFO [2024-08-19 19:17:09] [NODES] - Adding AF-MUS node...
INFO [2024-08-19 19:17:09] [NODES] - Adding AF-MWI node...
INFO [2024-08-19 19:17:10] [NODES] - Adding AF-NAM node...
INFO [2024-08-19 19:17:10] [NODES] - Adding AF-NER node...
INFO [2024-08-19 19:17:10] [NODES] - Adding AF-NGA node...
INFO [2024-08-19 19:17:11] [NODES] - Adding AF-RWA node...
INFO [2024-08-19 19:17:11] [NODES] - Adding AF-SDN node...
INFO [2024-08-19 19:17:11] [NODES] - Adding AF-SEN node...
INFO [2024-08-19 19:17:11] [NODES] - Adding AF-SLE node...
INFO [2024-08-19 19:17:12] [NODES] - Adding AF-SWZ node...
INFO [2024-08-19 19:17:12] [NODES] - Adding AF-TGO node...
INFO [2024-08-19 19:17:12] [NODES] - Adding AF-TUN node...
INFO [2024-08-19 19:17:13] [NODES] - Adding AF-TZA node...
INFO [2024-08-19 19:17:13] [NODES] - Adding AF-UGA node...
INFO [2024-08-19 19:17:13] [NODES] - Adding AF-ZAF node...
INFO [2024-08-19 19:17:14] [NODES] - Adding AF-ZMB node...
INFO [2024-08-19 19:17:14] [NODES] - Adding AF-ZWE node...
INFO [2024-08-19 19:17:14] [NODES] - Adding AS-AFG node...
INFO [2024-08-19 19:17:15] [NODES] - Adding AS-ARE node...
INFO [2024-08-19 19:17:15] [NODES] - Adding AS-BGD node...
INFO [2024-08-19 19:17:15] [NODES] - Adding AS-BHR node...
INFO [2024-08-19 19:17:15] [NODES] - Adding AS-BRN node...
INFO [2024-08-19 19:17:16] [NODES] - Adding AS-BTN node...
INFO [2024-08-19 19:17:16] [NODES] - Adding AS-CHN-AN node...
INFO [2024-08-19 19:17:16] [NODES] - Adding AS-CHN-BE node...
INFO [2024-08-19 19:17:17] [NODES] - Adding AS-CHN-CH node...
INFO [2024-08-19 19:17:17] [NODES] - Adding AS-CHN-EM node...
INFO [2024-08-19 19:17:17] [NODES] - Adding AS-CHN-FU node...
INFO [2024-08-19 19:17:18] [NODES] - Adding AS-CHN-GA node...
INFO [2024-08-19 19:17:18] [NODES] - Adding AS-CHN-GD node...
INFO [2024-08-19 19:17:18] [NODES] - Adding AS-CHN-GU node...
INFO [2024-08-19 19:17:19] [NODES] - Adding AS-CHN-GX node...
INFO [2024-08-19 19:17:19] [NODES] - Adding AS-CHN-HA node...
INFO [2024-08-19 19:17:20] [NODES] - Adding AS-CHN-HB node...
INFO [2024-08-19 19:17:20] [NODES] - Adding AS-CHN-HE node...
INFO [2024-08-19 19:17:20] [NODES] - Adding AS-CHN-HJ node...
INFO [2024-08-19 19:17:21] [NODES] - Adding AS-CHN-HK node...
INFO [2024-08-19 19:17:21] [NODES] - Adding AS-CHN-HN node...
INFO [2024-08-19 19:17:21] [NODES] - Adding AS-CHN-HU node...
INFO [2024-08-19 19:17:22] [NODES] - Adding AS-CHN-JI node...
INFO [2024-08-19 19:17:22] [NODES] - Adding AS-CHN-JS node...
INFO [2024-08-19 19:17:22] [NODES] - Adding AS-CHN-JX node...
INFO [2024-08-19 19:17:23] [NODES] - Adding AS-CHN-LI node...
INFO [2024-08-19 19:17:24] [NODES] - Adding AS-CHN-MA node...
INFO [2024-08-19 19:17:24] [NODES] - Adding AS-CHN-NI node...
INFO [2024-08-19 19:17:25] [NODES] - Adding AS-CHN-QI node...
INFO [2024-08-19 19:17:26] [NODES] - Adding AS-CHN-SC node...
INFO [2024-08-19 19:17:26] [NODES] - Adding AS-CHN-SD node...
INFO [2024-08-19 19:17:27] [NODES] - Adding AS-CHN-SH node...
INFO [2024-08-19 19:17:27] [NODES] - Adding AS-CHN-SI node...
INFO [2024-08-19 19:17:28] [NODES] - Adding AS-CHN-SX node...
INFO [2024-08-19 19:17:28] [NODES] - Adding AS-CHN-TI node...
