INFO [2024-09-09 18:01:00] [MAIN] - Creating clusters_ren__2024_09_09_18_01_00 study...

INFO [2024-09-09 18:01:00] [MAIN] - Unit commitment mode : ACCURATE
INFO [2024-09-09 18:01:00] [MAIN] - Adding nodes...

INFO [2024-09-09 18:01:01] [NODES] - Adding eu-fra node...
INFO [2024-09-09 18:01:01] [MAIN] - Done adding nodes! (run time : 1.02s).

INFO [2024-09-09 18:01:01] [MAIN] - Adding districts...

INFO [2024-09-09 18:01:02] [DISTRICTS] - Creating global district...
INFO [2024-09-09 18:01:02] [DISTRICTS] - Done creating global district!
INFO [2024-09-09 18:01:02] [DISTRICTS] - Creating europe continental district...
INFO [2024-09-09 18:01:02] [DISTRICTS] - Done creating europe continental district!
INFO [2024-09-09 18:01:02] [MAIN] - Done adding districts! (run time : 0.73s).

INFO [2024-09-09 18:01:02] [MAIN] - Adding load data...

INFO [2024-09-09 18:01:03] [LOAD] - Adding eu-fra load data...
INFO [2024-09-09 18:01:03] [MAIN] - Done adding load data! (run time : 1.27s).

INFO [2024-09-09 18:01:03] [MAIN] - Beginning hydro implementation...
INFO [2024-09-09 18:01:04] [HYDRO] - Initializing eu-fra hydro parameters...
INFO [2024-09-09 18:01:05] [HYDRO] - Adding eu-fra max power timeseries...
INFO [2024-09-09 18:01:05] [HYDRO] - Adding eu-fra hydro profiles...
INFO [2024-09-09 18:01:05] [MAIN] - Done adding hydro!
INFO [2024-09-09 18:01:05] [MAIN] - Fetching thermal data...
INFO [2024-09-09 18:01:07] [MAIN] - Aggregating identical generators...
