INFO [2024-09-04 15:48:39] [MAIN] - Reading simulations of pre-existing Deane_testWorld_v1__2024_08_25_21_23_09 study...
INFO [2024-09-04 15:48:41] [MAIN] - Opening 20240826-0706eco-fastUCM_worldDistrict simulation...
INFO [2024-09-04 15:48:41] [MAIN] - Preparing to save continental production stacks...
INFO [2024-09-04 15:48:42] [STACK] - Saving production stack for africa continent...
INFO [2024-09-04 15:48:52] [STACK] - The daily production stack for africa from 2015-01-01 to 2015-12-31 has been saved!
INFO [2024-09-04 15:48:53] [STACK] - Saving production stack for asia continent...
INFO [2024-09-04 15:49:02] [STACK] - The daily production stack for asia from 2015-01-01 to 2015-12-31 has been saved!
INFO [2024-09-04 15:49:02] [STACK] - Saving production stack for europe continent...
INFO [2024-09-04 15:49:17] [STACK] - The daily production stack for europe from 2015-01-01 to 2015-12-31 has been saved!
INFO [2024-09-04 15:49:17] [STACK] - Saving production stack for north america continent...
INFO [2024-09-04 15:49:27] [STACK] - The daily production stack for north america from 2015-01-01 to 2015-12-31 has been saved!
INFO [2024-09-04 15:49:27] [STACK] - Saving production stack for oceania continent...
INFO [2024-09-04 15:49:43] [STACK] - The daily production stack for oceania from 2015-01-01 to 2015-12-31 has been saved!
INFO [2024-09-04 15:49:43] [STACK] - Saving production stack for south america continent...
INFO [2024-09-04 15:50:01] [STACK] - The daily production stack for south america from 2015-01-01 to 2015-12-31 has been saved!
INFO [2024-09-04 15:50:01] [MAIN] - Done saving continental production stacks! (run time : 80.58s).

INFO [2024-09-04 15:50:01] [MAIN] - Preparing to save national production stacks...
INFO [2024-09-04 15:50:11] [STACK] - Saving production stack for af-ago country...
INFO [2024-09-04 15:50:23] [STACK] - The daily production stack for af-ago from 2015-01-01 to 2015-12-31 has been saved!
INFO [2024-09-04 15:50:24] [STACK] - Saving production stack for af-bdi country...
INFO [2024-09-04 15:50:35] [STACK] - The daily production stack for af-bdi from 2015-01-01 to 2015-12-31 has been saved!
INFO [2024-09-04 15:50:36] [STACK] - Saving production stack for af-ben country...
INFO [2024-09-04 15:50:44] [STACK] - The daily production stack for af-ben from 2015-01-01 to 2015-12-31 has been saved!
INFO [2024-09-04 15:50:44] [STACK] - Saving production stack for af-bfa country...
INFO [2024-09-04 15:50:56] [STACK] - The daily production stack for af-bfa from 2015-01-01 to 2015-12-31 has been saved!
INFO [2024-09-04 15:50:57] [STACK] - Saving production stack for af-bwa country...
INFO [2024-09-04 15:51:04] [STACK] - The daily production stack for af-bwa from 2015-01-01 to 2015-12-31 has been saved!
INFO [2024-09-04 15:51:04] [STACK] - Saving production stack for af-caf country...
INFO [2024-09-04 15:51:12] [STACK] - The daily production stack for af-caf from 2015-01-01 to 2015-12-31 has been saved!
INFO [2024-09-04 15:51:13] [STACK] - Saving production stack for af-civ country...
INFO [2024-09-04 15:51:21] [STACK] - The daily production stack for af-civ from 2015-01-01 to 2015-12-31 has been saved!
INFO [2024-09-04 15:51:21] [STACK] - Saving production stack for af-cmr country...
INFO [2024-09-04 15:51:35] [STACK] - The daily production stack for af-cmr from 2015-01-01 to 2015-12-31 has been saved!
INFO [2024-09-04 15:51:35] [STACK] - Saving production stack for af-cod country...
INFO [2024-09-04 15:51:43] [STACK] - The daily production stack for af-cod from 2015-01-01 to 2015-12-31 has been saved!
INFO [2024-09-04 15:51:44] [STACK] - Saving production stack for af-cog country...
INFO [2024-09-04 15:51:55] [STACK] - The daily production stack for af-cog from 2015-01-01 to 2015-12-31 has been saved!
INFO [2024-09-04 15:51:56] [STACK] - Saving production stack for af-cpv country...
INFO [2024-09-04 15:52:11] [STACK] - The daily production stack for af-cpv from 2015-01-01 to 2015-12-31 has been saved!
INFO [2024-09-04 15:52:11] [STACK] - Saving production stack for af-dji country...
INFO [2024-09-04 15:52:18] [STACK] - The daily production stack for af-dji from 2015-01-01 to 2015-12-31 has been saved!
INFO [2024-09-04 15:52:18] [STACK] - Saving production stack for af-dza country...
INFO [2024-09-04 15:52:27] [STACK] - The daily production stack for af-dza from 2015-01-01 to 2015-12-31 has been saved!
INFO [2024-09-04 15:52:27] [STACK] - Saving production stack for af-egy country...
INFO [2024-09-04 15:52:37] [STACK] - The daily production stack for af-egy from 2015-01-01 to 2015-12-31 has been saved!
INFO [2024-09-04 15:52:37] [STACK] - Saving production stack for af-eri country...
INFO [2024-09-04 15:52:44] [STACK] - The daily production stack for af-eri from 2015-01-01 to 2015-12-31 has been saved!
INFO [2024-09-04 15:52:45] [STACK] - Saving production stack for af-esh country...
INFO [2024-09-04 15:52:53] [STACK] - The daily production stack for af-esh from 2015-01-01 to 2015-12-31 has been saved!
INFO [2024-09-04 15:52:53] [STACK] - Saving production stack for af-eth country...
INFO [2024-09-04 15:53:04] [STACK] - The daily production stack for af-eth from 2015-01-01 to 2015-12-31 has been saved!
INFO [2024-09-04 15:53:04] [STACK] - Saving production stack for af-gab country...
INFO [2024-09-04 15:53:18] [STACK] - The daily production stack for af-gab from 2015-01-01 to 2015-12-31 has been saved!
INFO [2024-09-04 15:53:18] [STACK] - Saving production stack for af-gha country...
INFO [2024-09-04 15:53:33] [STACK] - The daily production stack for af-gha from 2015-01-01 to 2015-12-31 has been saved!
INFO [2024-09-04 15:53:33] [STACK] - Saving production stack for af-gin country...
INFO [2024-09-04 15:53:43] [STACK] - The daily production stack for af-gin from 2015-01-01 to 2015-12-31 has been saved!
INFO [2024-09-04 15:53:43] [STACK] - Saving production stack for af-gmb country...
INFO [2024-09-04 15:53:51] [STACK] - The daily production stack for af-gmb from 2015-01-01 to 2015-12-31 has been saved!
INFO [2024-09-04 15:53:51] [STACK] - Saving production stack for af-gnb country...
INFO [2024-09-04 15:53:58] [STACK] - The daily production stack for af-gnb from 2015-01-01 to 2015-12-31 has been saved!
INFO [2024-09-04 15:53:58] [STACK] - Saving production stack for af-gnq country...
INFO [2024-09-04 15:54:07] [STACK] - The daily production stack for af-gnq from 2015-01-01 to 2015-12-31 has been saved!
INFO [2024-09-04 15:54:07] [STACK] - Saving production stack for af-ken country...
INFO [2024-09-04 15:54:24] [STACK] - The daily production stack for af-ken from 2015-01-01 to 2015-12-31 has been saved!
INFO [2024-09-04 15:54:24] [STACK] - Saving production stack for af-lbr country...
INFO [2024-09-04 15:54:36] [STACK] - The daily production stack for af-lbr from 2015-01-01 to 2015-12-31 has been saved!
INFO [2024-09-04 15:54:36] [STACK] - Saving production stack for af-lby country...
INFO [2024-09-04 15:54:44] [STACK] - The daily production stack for af-lby from 2015-01-01 to 2015-12-31 has been saved!
INFO [2024-09-04 15:54:44] [STACK] - Saving production stack for af-lso country...
INFO [2024-09-04 15:54:55] [STACK] - The daily production stack for af-lso from 2015-01-01 to 2015-12-31 has been saved!
INFO [2024-09-04 15:54:55] [STACK] - Saving production stack for af-mar country...
INFO [2024-09-04 15:55:13] [STACK] - The daily production stack for af-mar from 2015-01-01 to 2015-12-31 has been saved!
INFO [2024-09-04 15:55:14] [STACK] - Saving production stack for af-mdg country...
INFO [2024-09-04 15:55:32] [STACK] - The daily production stack for af-mdg from 2015-01-01 to 2015-12-31 has been saved!
INFO [2024-09-04 15:55:33] [STACK] - Saving production stack for af-mli country...
INFO [2024-09-04 15:55:41] [STACK] - The daily production stack for af-mli from 2015-01-01 to 2015-12-31 has been saved!
INFO [2024-09-04 15:55:41] [STACK] - Saving production stack for af-moz country...
INFO [2024-09-04 15:55:51] [STACK] - The daily production stack for af-moz from 2015-01-01 to 2015-12-31 has been saved!
INFO [2024-09-04 15:55:52] [STACK] - Saving production stack for af-mrt country...
INFO [2024-09-04 15:56:01] [STACK] - The daily production stack for af-mrt from 2015-01-01 to 2015-12-31 has been saved!
INFO [2024-09-04 15:56:02] [STACK] - Saving production stack for af-mus country...
INFO [2024-09-04 15:56:11] [STACK] - The daily production stack for af-mus from 2015-01-01 to 2015-12-31 has been saved!
INFO [2024-09-04 15:56:11] [STACK] - Saving production stack for af-mwi country...
INFO [2024-09-04 15:56:21] [STACK] - The daily production stack for af-mwi from 2015-01-01 to 2015-12-31 has been saved!
INFO [2024-09-04 15:56:22] [STACK] - Saving production stack for af-nam country...
INFO [2024-09-04 15:56:30] [STACK] - The daily production stack for af-nam from 2015-01-01 to 2015-12-31 has been saved!
INFO [2024-09-04 15:56:31] [STACK] - Saving production stack for af-ner country...
INFO [2024-09-04 15:56:38] [STACK] - The daily production stack for af-ner from 2015-01-01 to 2015-12-31 has been saved!
INFO [2024-09-04 15:56:39] [STACK] - Saving production stack for af-nga country...
INFO [2024-09-04 15:56:50] [STACK] - The daily production stack for af-nga from 2015-01-01 to 2015-12-31 has been saved!
INFO [2024-09-04 15:56:50] [STACK] - Saving production stack for af-rwa country...
INFO [2024-09-04 15:57:04] [STACK] - The daily production stack for af-rwa from 2015-01-01 to 2015-12-31 has been saved!
INFO [2024-09-04 15:57:05] [STACK] - Saving production stack for af-sdn country...
INFO [2024-09-04 15:57:13] [STACK] - The daily production stack for af-sdn from 2015-01-01 to 2015-12-31 has been saved!
INFO [2024-09-04 15:57:14] [STACK] - Saving production stack for af-sen country...
INFO [2024-09-04 15:57:21] [STACK] - The daily production stack for af-sen from 2015-01-01 to 2015-12-31 has been saved!
INFO [2024-09-04 15:57:22] [STACK] - Saving production stack for af-sle country...
INFO [2024-09-04 15:57:32] [STACK] - The daily production stack for af-sle from 2015-01-01 to 2015-12-31 has been saved!
INFO [2024-09-04 15:57:32] [STACK] - Saving production stack for af-swz country...
INFO [2024-09-04 15:57:42] [STACK] - The daily production stack for af-swz from 2015-01-01 to 2015-12-31 has been saved!
INFO [2024-09-04 15:57:42] [STACK] - Saving production stack for af-tgo country...
INFO [2024-09-04 15:57:51] [STACK] - The daily production stack for af-tgo from 2015-01-01 to 2015-12-31 has been saved!
INFO [2024-09-04 15:57:52] [STACK] - Saving production stack for af-tun country...
INFO [2024-09-04 15:58:03] [STACK] - The daily production stack for af-tun from 2015-01-01 to 2015-12-31 has been saved!
INFO [2024-09-04 15:58:03] [STACK] - Saving production stack for af-tza country...
INFO [2024-09-04 15:58:16] [STACK] - The daily production stack for af-tza from 2015-01-01 to 2015-12-31 has been saved!
INFO [2024-09-04 15:58:16] [STACK] - Saving production stack for af-uga country...
INFO [2024-09-04 15:58:30] [STACK] - The daily production stack for af-uga from 2015-01-01 to 2015-12-31 has been saved!
INFO [2024-09-04 15:58:30] [STACK] - Saving production stack for af-zaf country...
INFO [2024-09-04 15:58:41] [STACK] - The daily production stack for af-zaf from 2015-01-01 to 2015-12-31 has been saved!
INFO [2024-09-04 15:58:41] [STACK] - Saving production stack for af-zmb country...
INFO [2024-09-04 15:58:52] [STACK] - The daily production stack for af-zmb from 2015-01-01 to 2015-12-31 has been saved!
INFO [2024-09-04 15:58:52] [STACK] - Saving production stack for af-zwe country...
INFO [2024-09-04 15:59:04] [STACK] - The daily production stack for af-zwe from 2015-01-01 to 2015-12-31 has been saved!
INFO [2024-09-04 15:59:04] [STACK] - Saving production stack for as-afg country...
INFO [2024-09-04 15:59:15] [STACK] - The daily production stack for as-afg from 2015-01-01 to 2015-12-31 has been saved!
INFO [2024-09-04 15:59:15] [STACK] - Saving production stack for as-are country...
INFO [2024-09-04 15:59:23] [STACK] - The daily production stack for as-are from 2015-01-01 to 2015-12-31 has been saved!
INFO [2024-09-04 15:59:23] [STACK] - Saving production stack for as-bgd country...
INFO [2024-09-04 15:59:31] [STACK] - The daily production stack for as-bgd from 2015-01-01 to 2015-12-31 has been saved!
INFO [2024-09-04 15:59:32] [STACK] - Saving production stack for as-bhr country...
INFO [2024-09-04 15:59:39] [STACK] - The daily production stack for as-bhr from 2015-01-01 to 2015-12-31 has been saved!
INFO [2024-09-04 15:59:39] [STACK] - Saving production stack for as-brn country...
INFO [2024-09-04 15:59:47] [STACK] - The daily production stack for as-brn from 2015-01-01 to 2015-12-31 has been saved!
INFO [2024-09-04 15:59:48] [STACK] - Saving production stack for as-btn country...
INFO [2024-09-04 15:59:58] [STACK] - The daily production stack for as-btn from 2015-01-01 to 2015-12-31 has been saved!
INFO [2024-09-04 15:59:59] [STACK] - Saving production stack for as-chn country...
INFO [2024-09-04 16:00:07] [STACK] - The daily production stack for as-chn from 2015-01-01 to 2015-12-31 has been saved!
INFO [2024-09-04 16:00:07] [STACK] - Saving production stack for as-idn country...
INFO [2024-09-04 16:00:16] [STACK] - The daily production stack for as-idn from 2015-01-01 to 2015-12-31 has been saved!
INFO [2024-09-04 16:00:17] [STACK] - Saving production stack for as-ind country...
INFO [2024-09-04 16:00:27] [STACK] - The daily production stack for as-ind from 2015-01-01 to 2015-12-31 has been saved!
INFO [2024-09-04 16:00:28] [STACK] - Saving production stack for as-irn country...
INFO [2024-09-04 16:00:37] [STACK] - The daily production stack for as-irn from 2015-01-01 to 2015-12-31 has been saved!
INFO [2024-09-04 16:00:38] [STACK] - Saving production stack for as-irq country...
INFO [2024-09-04 16:00:45] [STACK] - The daily production stack for as-irq from 2015-01-01 to 2015-12-31 has been saved!
INFO [2024-09-04 16:00:46] [STACK] - Saving production stack for as-isr country...
INFO [2024-09-04 16:01:00] [STACK] - The daily production stack for as-isr from 2015-01-01 to 2015-12-31 has been saved!
INFO [2024-09-04 16:01:01] [STACK] - Saving production stack for as-jor country...
INFO [2024-09-04 16:01:10] [STACK] - The daily production stack for as-jor from 2015-01-01 to 2015-12-31 has been saved!
INFO [2024-09-04 16:01:11] [STACK] - Saving production stack for as-jpn country...
INFO [2024-09-04 16:01:26] [STACK] - The daily production stack for as-jpn from 2015-01-01 to 2015-12-31 has been saved!
INFO [2024-09-04 16:01:26] [STACK] - Saving production stack for as-kaz country...
INFO [2024-09-04 16:01:35] [STACK] - The daily production stack for as-kaz from 2015-01-01 to 2015-12-31 has been saved!
INFO [2024-09-04 16:01:35] [STACK] - Saving production stack for as-kgz country...
INFO [2024-09-04 16:01:49] [STACK] - The daily production stack for as-kgz from 2015-01-01 to 2015-12-31 has been saved!
INFO [2024-09-04 16:01:50] [STACK] - Saving production stack for as-khm country...
INFO [2024-09-04 16:02:04] [STACK] - The daily production stack for as-khm from 2015-01-01 to 2015-12-31 has been saved!
INFO [2024-09-04 16:02:05] [STACK] - Saving production stack for as-kor country...
INFO [2024-09-04 16:02:20] [STACK] - The daily production stack for as-kor from 2015-01-01 to 2015-12-31 has been saved!
INFO [2024-09-04 16:02:21] [STACK] - Saving production stack for as-kwt country...
INFO [2024-09-04 16:02:28] [STACK] - The daily production stack for as-kwt from 2015-01-01 to 2015-12-31 has been saved!
INFO [2024-09-04 16:02:28] [STACK] - Saving production stack for as-lao country...
INFO [2024-09-04 16:02:41] [STACK] - The daily production stack for as-lao from 2015-01-01 to 2015-12-31 has been saved!
INFO [2024-09-04 16:02:41] [STACK] - Saving production stack for as-lbn country...
INFO [2024-09-04 16:02:49] [STACK] - The daily production stack for as-lbn from 2015-01-01 to 2015-12-31 has been saved!
INFO [2024-09-04 16:02:50] [STACK] - Saving production stack for as-lka country...
INFO [2024-09-04 16:03:22] [STACK] - The daily production stack for as-lka from 2015-01-01 to 2015-12-31 has been saved!
INFO [2024-09-04 16:03:22] [STACK] - Saving production stack for as-mmr country...
INFO [2024-09-04 16:03:35] [STACK] - The daily production stack for as-mmr from 2015-01-01 to 2015-12-31 has been saved!
INFO [2024-09-04 16:03:36] [STACK] - Saving production stack for as-mng country...
INFO [2024-09-04 16:03:46] [STACK] - The daily production stack for as-mng from 2015-01-01 to 2015-12-31 has been saved!
INFO [2024-09-04 16:03:46] [STACK] - Saving production stack for as-mys country...
INFO [2024-09-04 16:04:06] [STACK] - The daily production stack for as-mys from 2015-01-01 to 2015-12-31 has been saved!
INFO [2024-09-04 16:04:07] [STACK] - Saving production stack for as-npl country...
INFO [2024-09-04 16:04:22] [STACK] - The daily production stack for as-npl from 2015-01-01 to 2015-12-31 has been saved!
INFO [2024-09-04 16:04:22] [STACK] - Saving production stack for as-omn country...
INFO [2024-09-04 16:04:30] [STACK] - The daily production stack for as-omn from 2015-01-01 to 2015-12-31 has been saved!
INFO [2024-09-04 16:04:30] [STACK] - Saving production stack for as-pak country...
INFO [2024-09-04 16:04:40] [STACK] - The daily production stack for as-pak from 2015-01-01 to 2015-12-31 has been saved!
INFO [2024-09-04 16:04:40] [STACK] - Saving production stack for as-phl country...
INFO [2024-09-04 16:04:53] [STACK] - The daily production stack for as-phl from 2015-01-01 to 2015-12-31 has been saved!
INFO [2024-09-04 16:04:53] [STACK] - Saving production stack for as-prk country...
INFO [2024-09-04 16:05:02] [STACK] - The daily production stack for as-prk from 2015-01-01 to 2015-12-31 has been saved!
INFO [2024-09-04 16:05:03] [STACK] - Saving production stack for as-qat country...
INFO [2024-09-04 16:05:12] [STACK] - The daily production stack for as-qat from 2015-01-01 to 2015-12-31 has been saved!
INFO [2024-09-04 16:05:13] [STACK] - Saving production stack for as-rus country...
INFO [2024-09-04 16:05:21] [STACK] - The daily production stack for as-rus from 2015-01-01 to 2015-12-31 has been saved!
INFO [2024-09-04 16:05:22] [STACK] - Saving production stack for as-sau country...
INFO [2024-09-04 16:05:33] [STACK] - The daily production stack for as-sau from 2015-01-01 to 2015-12-31 has been saved!
INFO [2024-09-04 16:05:34] [STACK] - Saving production stack for as-sgp country...
INFO [2024-09-04 16:05:50] [STACK] - The daily production stack for as-sgp from 2015-01-01 to 2015-12-31 has been saved!
INFO [2024-09-04 16:05:50] [STACK] - Saving production stack for as-syr country...
INFO [2024-09-04 16:06:01] [STACK] - The daily production stack for as-syr from 2015-01-01 to 2015-12-31 has been saved!
INFO [2024-09-04 16:06:02] [STACK] - Saving production stack for as-tha country...
INFO [2024-09-04 16:06:15] [STACK] - The daily production stack for as-tha from 2015-01-01 to 2015-12-31 has been saved!
INFO [2024-09-04 16:06:15] [STACK] - Saving production stack for as-tjk country...
INFO [2024-09-04 16:06:30] [STACK] - The daily production stack for as-tjk from 2015-01-01 to 2015-12-31 has been saved!
INFO [2024-09-04 16:06:30] [STACK] - Saving production stack for as-tkm country...
INFO [2024-09-04 16:06:42] [STACK] - The daily production stack for as-tkm from 2015-01-01 to 2015-12-31 has been saved!
INFO [2024-09-04 16:06:42] [STACK] - Saving production stack for as-tur country...
INFO [2024-09-04 16:07:03] [STACK] - The daily production stack for as-tur from 2015-01-01 to 2015-12-31 has been saved!
INFO [2024-09-04 16:07:03] [STACK] - Saving production stack for as-twn country...
INFO [2024-09-04 16:07:16] [STACK] - The daily production stack for as-twn from 2015-01-01 to 2015-12-31 has been saved!
INFO [2024-09-04 16:07:17] [STACK] - Saving production stack for as-uzb country...
INFO [2024-09-04 16:07:26] [STACK] - The daily production stack for as-uzb from 2015-01-01 to 2015-12-31 has been saved!
INFO [2024-09-04 16:07:26] [STACK] - Saving production stack for as-vnm country...
INFO [2024-09-04 16:07:35] [STACK] - The daily production stack for as-vnm from 2015-01-01 to 2015-12-31 has been saved!
INFO [2024-09-04 16:07:36] [STACK] - Saving production stack for as-yem country...
INFO [2024-09-04 16:07:43] [STACK] - The daily production stack for as-yem from 2015-01-01 to 2015-12-31 has been saved!
INFO [2024-09-04 16:07:43] [STACK] - Saving production stack for eu-alb country...
INFO [2024-09-04 16:08:01] [STACK] - The daily production stack for eu-alb from 2015-01-01 to 2015-12-31 has been saved!
INFO [2024-09-04 16:08:02] [STACK] - Saving production stack for eu-arm country...
INFO [2024-09-04 16:08:09] [STACK] - The daily production stack for eu-arm from 2015-01-01 to 2015-12-31 has been saved!
INFO [2024-09-04 16:08:09] [STACK] - Saving production stack for eu-aut country...
INFO [2024-09-04 16:09:19] [STACK] - The daily production stack for eu-aut from 2015-01-01 to 2015-12-31 has been saved!
INFO [2024-09-04 16:09:19] [STACK] - Saving production stack for eu-aze country...
INFO [2024-09-04 16:09:28] [STACK] - The daily production stack for eu-aze from 2015-01-01 to 2015-12-31 has been saved!
INFO [2024-09-04 16:09:29] [STACK] - Saving production stack for eu-bel country...
INFO [2024-09-04 16:09:45] [STACK] - The daily production stack for eu-bel from 2015-01-01 to 2015-12-31 has been saved!
INFO [2024-09-04 16:09:45] [STACK] - Saving production stack for eu-bgr country...
INFO [2024-09-04 16:09:54] [STACK] - The daily production stack for eu-bgr from 2015-01-01 to 2015-12-31 has been saved!
INFO [2024-09-04 16:09:55] [STACK] - Saving production stack for eu-bih country...
INFO [2024-09-04 16:10:07] [STACK] - The daily production stack for eu-bih from 2015-01-01 to 2015-12-31 has been saved!
INFO [2024-09-04 16:10:08] [STACK] - Saving production stack for eu-blr country...
INFO [2024-09-04 16:10:16] [STACK] - The daily production stack for eu-blr from 2015-01-01 to 2015-12-31 has been saved!
INFO [2024-09-04 16:10:17] [STACK] - Saving production stack for eu-che country...
INFO [2024-09-04 16:11:20] [STACK] - The daily production stack for eu-che from 2015-01-01 to 2015-12-31 has been saved!
INFO [2024-09-04 16:11:21] [STACK] - Saving production stack for eu-cyp country...
INFO [2024-09-04 16:11:33] [STACK] - The daily production stack for eu-cyp from 2015-01-01 to 2015-12-31 has been saved!
INFO [2024-09-04 16:11:34] [STACK] - Saving production stack for eu-cze country...
INFO [2024-09-04 16:11:47] [STACK] - The daily production stack for eu-cze from 2015-01-01 to 2015-12-31 has been saved!
INFO [2024-09-04 16:11:48] [STACK] - Saving production stack for eu-deu country...
INFO [2024-09-04 16:12:11] [STACK] - The daily production stack for eu-deu from 2015-01-01 to 2015-12-31 has been saved!
INFO [2024-09-04 16:12:12] [STACK] - Saving production stack for eu-dnk country...
INFO [2024-09-04 16:12:51] [STACK] - The daily production stack for eu-dnk from 2015-01-01 to 2015-12-31 has been saved!
INFO [2024-09-04 16:12:52] [STACK] - Saving production stack for eu-esp country...
INFO [2024-09-04 16:13:17] [STACK] - The daily production stack for eu-esp from 2015-01-01 to 2015-12-31 has been saved!
INFO [2024-09-04 16:13:18] [STACK] - Saving production stack for eu-est country...
INFO [2024-09-04 16:13:34] [STACK] - The daily production stack for eu-est from 2015-01-01 to 2015-12-31 has been saved!
INFO [2024-09-04 16:13:34] [STACK] - Saving production stack for eu-fin country...
INFO [2024-09-04 16:13:44] [STACK] - The daily production stack for eu-fin from 2015-01-01 to 2015-12-31 has been saved!
INFO [2024-09-04 16:13:44] [STACK] - Saving production stack for eu-fra country...
INFO [2024-09-04 16:13:54] [STACK] - The daily production stack for eu-fra from 2015-01-01 to 2015-12-31 has been saved!
INFO [2024-09-04 16:13:55] [STACK] - Saving production stack for eu-gbr country...
INFO [2024-09-04 16:14:16] [STACK] - The daily production stack for eu-gbr from 2015-01-01 to 2015-12-31 has been saved!
INFO [2024-09-04 16:14:17] [STACK] - Saving production stack for eu-geo country...
INFO [2024-09-04 16:14:27] [STACK] - The daily production stack for eu-geo from 2015-01-01 to 2015-12-31 has been saved!
INFO [2024-09-04 16:14:27] [STACK] - Saving production stack for eu-grc country...
INFO [2024-09-04 16:14:42] [STACK] - The daily production stack for eu-grc from 2015-01-01 to 2015-12-31 has been saved!
INFO [2024-09-04 16:14:42] [STACK] - Saving production stack for eu-hrv country...
INFO [2024-09-04 16:15:18] [STACK] - The daily production stack for eu-hrv from 2015-01-01 to 2015-12-31 has been saved!
INFO [2024-09-04 16:15:18] [STACK] - Saving production stack for eu-hun country...
INFO [2024-09-04 16:15:31] [STACK] - The daily production stack for eu-hun from 2015-01-01 to 2015-12-31 has been saved!
INFO [2024-09-04 16:15:32] [STACK] - Saving production stack for eu-irl country...
INFO [2024-09-04 16:16:00] [STACK] - The daily production stack for eu-irl from 2015-01-01 to 2015-12-31 has been saved!
INFO [2024-09-04 16:16:00] [STACK] - Saving production stack for eu-isl country...
INFO [2024-09-04 16:16:08] [STACK] - The daily production stack for eu-isl from 2015-01-01 to 2015-12-31 has been saved!
INFO [2024-09-04 16:16:08] [STACK] - Saving production stack for eu-ita country...
INFO [2024-09-04 16:16:36] [STACK] - The daily production stack for eu-ita from 2015-01-01 to 2015-12-31 has been saved!
INFO [2024-09-04 16:16:37] [STACK] - Saving production stack for eu-kos country...
INFO [2024-09-04 16:16:45] [STACK] - The daily production stack for eu-kos from 2015-01-01 to 2015-12-31 has been saved!
INFO [2024-09-04 16:16:45] [STACK] - Saving production stack for eu-ltu country...
INFO [2024-09-04 16:17:08] [STACK] - The daily production stack for eu-ltu from 2015-01-01 to 2015-12-31 has been saved!
INFO [2024-09-04 16:17:08] [STACK] - Saving production stack for eu-lux country...
INFO [2024-09-04 16:17:18] [STACK] - The daily production stack for eu-lux from 2015-01-01 to 2015-12-31 has been saved!
INFO [2024-09-04 16:17:19] [STACK] - Saving production stack for eu-lva country...
INFO [2024-09-04 16:17:34] [STACK] - The daily production stack for eu-lva from 2015-01-01 to 2015-12-31 has been saved!
INFO [2024-09-04 16:17:34] [STACK] - Saving production stack for eu-mda country...
INFO [2024-09-04 16:17:43] [STACK] - The daily production stack for eu-mda from 2015-01-01 to 2015-12-31 has been saved!
INFO [2024-09-04 16:17:43] [STACK] - Saving production stack for eu-mkd country...
INFO [2024-09-04 16:17:52] [STACK] - The daily production stack for eu-mkd from 2015-01-01 to 2015-12-31 has been saved!
INFO [2024-09-04 16:17:52] [STACK] - Saving production stack for eu-mne country...
INFO [2024-09-04 16:18:06] [STACK] - The daily production stack for eu-mne from 2015-01-01 to 2015-12-31 has been saved!
INFO [2024-09-04 16:18:06] [STACK] - Saving production stack for eu-nld country...
INFO [2024-09-04 16:18:27] [STACK] - The daily production stack for eu-nld from 2015-01-01 to 2015-12-31 has been saved!
INFO [2024-09-04 16:18:28] [STACK] - Saving production stack for eu-nor country...
INFO [2024-09-04 16:18:41] [STACK] - The daily production stack for eu-nor from 2015-01-01 to 2015-12-31 has been saved!
INFO [2024-09-04 16:18:41] [STACK] - Saving production stack for eu-pol country...
INFO [2024-09-04 16:19:04] [STACK] - The daily production stack for eu-pol from 2015-01-01 to 2015-12-31 has been saved!
INFO [2024-09-04 16:19:05] [STACK] - Saving production stack for eu-prt country...
INFO [2024-09-04 16:19:43] [STACK] - The daily production stack for eu-prt from 2015-01-01 to 2015-12-31 has been saved!
INFO [2024-09-04 16:19:43] [STACK] - Saving production stack for eu-rou country...
INFO [2024-09-04 16:20:00] [STACK] - The daily production stack for eu-rou from 2015-01-01 to 2015-12-31 has been saved!
INFO [2024-09-04 16:20:00] [STACK] - Saving production stack for eu-srb country...
INFO [2024-09-04 16:20:09] [STACK] - The daily production stack for eu-srb from 2015-01-01 to 2015-12-31 has been saved!
INFO [2024-09-04 16:20:09] [STACK] - Saving production stack for eu-svk country...
INFO [2024-09-04 16:20:34] [STACK] - The daily production stack for eu-svk from 2015-01-01 to 2015-12-31 has been saved!
INFO [2024-09-04 16:20:34] [STACK] - Saving production stack for eu-svn country...
INFO [2024-09-04 16:20:45] [STACK] - The daily production stack for eu-svn from 2015-01-01 to 2015-12-31 has been saved!
INFO [2024-09-04 16:20:45] [STACK] - Saving production stack for eu-swe country...
INFO [2024-09-04 16:20:56] [STACK] - The daily production stack for eu-swe from 2015-01-01 to 2015-12-31 has been saved!
INFO [2024-09-04 16:20:57] [STACK] - Saving production stack for eu-ukr country...
INFO [2024-09-04 16:21:06] [STACK] - The daily production stack for eu-ukr from 2015-01-01 to 2015-12-31 has been saved!
INFO [2024-09-04 16:21:07] [STACK] - Saving production stack for na-can country...
INFO [2024-09-04 16:21:21] [STACK] - The daily production stack for na-can from 2015-01-01 to 2015-12-31 has been saved!
INFO [2024-09-04 16:21:21] [STACK] - Saving production stack for na-cri country...
INFO [2024-09-04 16:21:33] [STACK] - The daily production stack for na-cri from 2015-01-01 to 2015-12-31 has been saved!
INFO [2024-09-04 16:21:33] [STACK] - Saving production stack for na-cub country...
INFO [2024-09-04 16:21:42] [STACK] - The daily production stack for na-cub from 2015-01-01 to 2015-12-31 has been saved!
INFO [2024-09-04 16:21:42] [STACK] - Saving production stack for na-dom country...
INFO [2024-09-04 16:21:55] [STACK] - The daily production stack for na-dom from 2015-01-01 to 2015-12-31 has been saved!
INFO [2024-09-04 16:21:56] [STACK] - Saving production stack for na-gtm country...
INFO [2024-09-04 16:22:07] [STACK] - The daily production stack for na-gtm from 2015-01-01 to 2015-12-31 has been saved!
INFO [2024-09-04 16:22:07] [STACK] - Saving production stack for na-hnd country...
INFO [2024-09-04 16:22:19] [STACK] - The daily production stack for na-hnd from 2015-01-01 to 2015-12-31 has been saved!
INFO [2024-09-04 16:22:19] [STACK] - Saving production stack for na-jam country...
INFO [2024-09-04 16:22:34] [STACK] - The daily production stack for na-jam from 2015-01-01 to 2015-12-31 has been saved!
INFO [2024-09-04 16:22:34] [STACK] - Saving production stack for na-mex country...
INFO [2024-09-04 16:22:48] [STACK] - The daily production stack for na-mex from 2015-01-01 to 2015-12-31 has been saved!
INFO [2024-09-04 16:22:48] [STACK] - Saving production stack for na-nic country...
INFO [2024-09-04 16:23:06] [STACK] - The daily production stack for na-nic from 2015-01-01 to 2015-12-31 has been saved!
INFO [2024-09-04 16:23:07] [STACK] - Saving production stack for na-pan country...
INFO [2024-09-04 16:23:22] [STACK] - The daily production stack for na-pan from 2015-01-01 to 2015-12-31 has been saved!
INFO [2024-09-04 16:23:22] [STACK] - Saving production stack for na-slv country...
INFO [2024-09-04 16:23:35] [STACK] - The daily production stack for na-slv from 2015-01-01 to 2015-12-31 has been saved!
INFO [2024-09-04 16:23:36] [STACK] - Saving production stack for na-tto country...
INFO [2024-09-04 16:23:55] [STACK] - The daily production stack for na-tto from 2015-01-01 to 2015-12-31 has been saved!
INFO [2024-09-04 16:23:55] [STACK] - Saving production stack for na-usa country...
INFO [2024-09-04 16:24:06] [STACK] - The daily production stack for na-usa from 2015-01-01 to 2015-12-31 has been saved!
INFO [2024-09-04 16:24:06] [STACK] - Saving production stack for oc-ata country...
INFO [2024-09-04 16:24:27] [STACK] - The daily production stack for oc-ata from 2015-01-01 to 2015-12-31 has been saved!
INFO [2024-09-04 16:24:28] [STACK] - Saving production stack for oc-aus country...
INFO [2024-09-04 16:24:43] [STACK] - The daily production stack for oc-aus from 2015-01-01 to 2015-12-31 has been saved!
INFO [2024-09-04 16:24:43] [STACK] - Saving production stack for oc-fji country...
INFO [2024-09-04 16:24:51] [STACK] - The daily production stack for oc-fji from 2015-01-01 to 2015-12-31 has been saved!
INFO [2024-09-04 16:24:51] [STACK] - Saving production stack for oc-nzl country...
INFO [2024-09-04 16:25:04] [STACK] - The daily production stack for oc-nzl from 2015-01-01 to 2015-12-31 has been saved!
INFO [2024-09-04 16:25:04] [STACK] - Saving production stack for oc-png country...
INFO [2024-09-04 16:25:16] [STACK] - The daily production stack for oc-png from 2015-01-01 to 2015-12-31 has been saved!
INFO [2024-09-04 16:25:16] [STACK] - Saving production stack for sa-arg country...
INFO [2024-09-04 16:25:28] [STACK] - The daily production stack for sa-arg from 2015-01-01 to 2015-12-31 has been saved!
INFO [2024-09-04 16:25:28] [STACK] - Saving production stack for sa-bol country...
INFO [2024-09-04 16:25:39] [STACK] - The daily production stack for sa-bol from 2015-01-01 to 2015-12-31 has been saved!
INFO [2024-09-04 16:25:39] [STACK] - Saving production stack for sa-bra country...
INFO [2024-09-04 16:26:04] [STACK] - The daily production stack for sa-bra from 2015-01-01 to 2015-12-31 has been saved!
INFO [2024-09-04 16:26:04] [STACK] - Saving production stack for sa-chl country...
INFO [2024-09-04 16:26:28] [STACK] - The daily production stack for sa-chl from 2015-01-01 to 2015-12-31 has been saved!
INFO [2024-09-04 16:26:29] [STACK] - Saving production stack for sa-col country...
INFO [2024-09-04 16:26:43] [STACK] - The daily production stack for sa-col from 2015-01-01 to 2015-12-31 has been saved!
INFO [2024-09-04 16:26:43] [STACK] - Saving production stack for sa-ecu country...
INFO [2024-09-04 16:26:52] [STACK] - The daily production stack for sa-ecu from 2015-01-01 to 2015-12-31 has been saved!
INFO [2024-09-04 16:26:53] [STACK] - Saving production stack for sa-guf country...
INFO [2024-09-04 16:27:01] [STACK] - The daily production stack for sa-guf from 2015-01-01 to 2015-12-31 has been saved!
INFO [2024-09-04 16:27:02] [STACK] - Saving production stack for sa-guy country...
INFO [2024-09-04 16:27:13] [STACK] - The daily production stack for sa-guy from 2015-01-01 to 2015-12-31 has been saved!
INFO [2024-09-04 16:27:14] [STACK] - Saving production stack for sa-per country...
INFO [2024-09-04 16:27:28] [STACK] - The daily production stack for sa-per from 2015-01-01 to 2015-12-31 has been saved!
INFO [2024-09-04 16:27:28] [STACK] - Saving production stack for sa-pry country...
INFO [2024-09-04 16:27:41] [STACK] - The daily production stack for sa-pry from 2015-01-01 to 2015-12-31 has been saved!
INFO [2024-09-04 16:27:41] [STACK] - Saving production stack for sa-ury country...
INFO [2024-09-04 16:28:11] [STACK] - The daily production stack for sa-ury from 2015-01-01 to 2015-12-31 has been saved!
INFO [2024-09-04 16:28:12] [STACK] - Saving production stack for sa-ven country...
INFO [2024-09-04 16:28:24] [STACK] - The daily production stack for sa-ven from 2015-01-01 to 2015-12-31 has been saved!
INFO [2024-09-04 16:28:24] [MAIN] - Done saving national production stacks! (run time : 38.38min).

INFO [2024-09-04 16:28:24] [MAIN] - Preparing to save continental load monotones...
INFO [2024-09-04 16:28:26] [MONOT] - Saving hourly load monotone for africa node...
