INFO [2024-09-03 17:58:34] [MAIN] - Creating noActTS__2024_09_03_17_58_33 study...

INFO [2024-09-03 17:58:34] [MAIN] - Unit commitment mode : ACCURATE
INFO [2024-09-03 17:58:34] [MAIN] - Adding nodes...

INFO [2024-09-03 17:58:38] [NODES] - Adding EU-CHE node...
INFO [2024-09-03 17:58:38] [NODES] - Adding EU-DEU node...
INFO [2024-09-03 17:58:39] [NODES] - Adding EU-FRA node...
INFO [2024-09-03 17:58:39] [MAIN] - Done adding nodes! (run time : 4.81s).

INFO [2024-09-03 17:58:39] [MAIN] - Adding districts...

INFO [2024-09-03 17:58:40] [DISTRICTS] - Creating global district...
INFO [2024-09-03 17:58:40] [DISTRICTS] - Done creating global district!
INFO [2024-09-03 17:58:41] [DISTRICTS] - Creating europe continental district...
INFO [2024-09-03 17:58:41] [DISTRICTS] - Done creating europe continental district!
INFO [2024-09-03 17:58:41] [MAIN] - Done adding districts! (run time : 2.07s).

INFO [2024-09-03 17:58:41] [MAIN] - Adding load data...

INFO [2024-09-03 17:58:44] [LOAD] - Adding EU-CHE load data...
INFO [2024-09-03 17:58:44] [LOAD] - Adding EU-DEU load data...
INFO [2024-09-03 17:58:44] [LOAD] - Adding EU-FRA load data...
INFO [2024-09-03 17:58:44] [MAIN] - Done adding load data! (run time : 3.02s).

INFO [2024-09-03 17:58:45] [MAIN] - Fetching wind data...

INFO [2024-09-03 17:58:45] [WIND] - Adding EU-CHE aggregated wind data...
INFO [2024-09-03 17:58:45] [WIND] - Adding EU-DEU aggregated wind data...
INFO [2024-09-03 17:58:45] [WIND] - Adding EU-FRA aggregated wind data...
INFO [2024-09-03 17:58:45] [MAIN] - Done adding wind data! (run time : 0.52s).

INFO [2024-09-03 17:58:45] [MAIN] - Fetching solar data...

INFO [2024-09-03 17:58:45] [SOLAR] - Adding EU-CHE aggregated solar data...
INFO [2024-09-03 17:58:45] [SOLAR] - Adding EU-DEU aggregated solar data...
INFO [2024-09-03 17:58:46] [SOLAR] - Adding EU-FRA aggregated solar data...
INFO [2024-09-03 17:58:46] [MAIN] - Done adding solar data! (run time : 0.56s).

INFO [2024-09-03 17:58:46] [MAIN] - Beginning hydro implementation...
INFO [2024-09-03 17:58:48] [HYDRO] - Initializing EU-CHE hydro parameters...
INFO [2024-09-03 17:58:49] [HYDRO] - Adding EU-CHE max power timeseries...
INFO [2024-09-03 17:58:50] [HYDRO] - Adding EU-CHE hydro profiles...
INFO [2024-09-03 17:58:51] [HYDRO] - Initializing EU-DEU hydro parameters...
INFO [2024-09-03 17:58:52] [HYDRO] - Adding EU-DEU max power timeseries...
INFO [2024-09-03 17:58:53] [HYDRO] - Adding EU-DEU hydro profiles...
INFO [2024-09-03 17:58:55] [HYDRO] - Initializing EU-FRA hydro parameters...
INFO [2024-09-03 17:58:56] [HYDRO] - Adding EU-FRA max power timeseries...
INFO [2024-09-03 17:58:56] [HYDRO] - Adding EU-FRA hydro profiles...
INFO [2024-09-03 17:58:56] [MAIN] - Done adding hydro!
INFO [2024-09-03 17:58:57] [MAIN] - Fetching thermal data...
INFO [2024-09-03 17:59:02] [MAIN] - Aggregating identical generators...
INFO [2024-09-03 17:59:03] [MAIN] - Running 1-clustering algorithm on generators...
INFO [2024-09-03 17:59:03] [MAIN] - Done running 1-clustering algorithm on generators!

INFO [2024-09-03 17:59:04] [THERMAL] - Adding CHE_GAS_CAPACITYSCALER generator to EU-CHE node...
INFO [2024-09-03 17:59:04] [THERMAL] - Adding CHE_COA_CAPACITYSCALER generator to EU-CHE node...
INFO [2024-09-03 17:59:04] [THERMAL] - Adding CHE_BIO_CAPACITYSCALER generator to EU-CHE node...
INFO [2024-09-03 17:59:04] [THERMAL] - Adding CHE_NUC_KERNKRAFTWERKB17760_KERNKRAFTWERKM17763_KERNKRAFTWER generator to EU-CHE node...
INFO [2024-09-03 17:59:04] [THERMAL] - Adding CHE_OIL_CAPACITYSCALER generator to EU-CHE node...
INFO [2024-09-03 17:59:05] [THERMAL] - Adding DEU_GAS_KESSEL211371_ERWEITERUNGENE11099_BHKWANKLINKER10911_ generator to EU-DEU node...
INFO [2024-09-03 17:59:05] [THERMAL] - Adding DEU_COA_KESSEL411372_KRAFTWERK11391_HKWKARCHERSTR_11214_KOHL generator to EU-DEU node...
INFO [2024-09-03 17:59:05] [THERMAL] - Adding DEU_BIO_BLOCKHEIZKRAFTW10981_ZWSF11844_BIOMASSGENERAT10951_M generator to EU-DEU node...
INFO [2024-09-03 17:59:05] [THERMAL] - Adding DEU_NUC_GROHNDE11162_NECKARWESTHEIM11499_EMSLAND11062_PHILIP generator to EU-DEU node...
INFO [2024-09-03 17:59:05] [THERMAL] - Adding DEU_OIL_DKWLEINAU11024_DKWNORD11025_SKWDIESEL11650_SPITZENLA generator to EU-DEU node...
INFO [2024-09-03 17:59:06] [THERMAL] - Adding DEU_GEO_CAPACITYSCALER generator to EU-DEU node...
INFO [2024-09-03 17:59:06] [THERMAL] - Adding DEU_WAV_CAPACITYSCALER generator to EU-DEU node...
INFO [2024-09-03 17:59:06] [THERMAL] - Adding DEU_OTH_ILKEKT11319_BIOMASSGENERAT10952_HKWWEST11236_DKKRAFT generator to EU-DEU node...
INFO [2024-09-03 17:59:06] [THERMAL] - Adding FRA_GAS_GENNEVILLIERS19464_PONTSURSAMBRE10198_CROIXDEMETZ930 generator to EU-FRA node...
INFO [2024-09-03 17:59:07] [THERMAL] - Adding FRA_COA_LUCY39603_CAPACITYSCALER_EMILEHUCHET9364_CORDEMAIS49 generator to EU-FRA node...
INFO [2024-09-03 17:59:07] [THERMAL] - Adding FRA_BIO_ALLEMANT8850_AMANVILLERS8862_AUCH8917_BIMONT9017_BOR generator to EU-FRA node...
INFO [2024-09-03 17:59:07] [THERMAL] - Adding FRA_NUC_STLAURENT10330_CHINON9109_BLAYAIS8945_CRUAS9118_TRIC generator to EU-FRA node...
INFO [2024-09-03 17:59:07] [THERMAL] - Adding FRA_OIL_BRENNILIS8950_DIRINON9327_ARRIGHI8823_CORDEMAIS9115_ generator to EU-FRA node...
INFO [2024-09-03 17:59:07] [THERMAL] - Adding FRA_GEO_BOUILLANTE9046 generator to EU-FRA node...
INFO [2024-09-03 17:59:08] [THERMAL] - Adding FRA_WAV_RANCE10241_CAPACITYSCALER generator to EU-FRA node...
INFO [2024-09-03 17:59:08] [MAIN] - Done adding thermal data! (run time : 0.19min).

INFO [2024-09-03 17:59:08] [MAIN] - Adding lines between areas...

INFO [2024-09-03 17:59:11] [LINES] - Adding EU-CHE to EU-DEU line...
INFO [2024-09-03 17:59:11] [LINES] - Adding EU-CHE to EU-FRA line...
INFO [2024-09-03 17:59:11] [LINES] - Adding EU-DEU to EU-FRA line...
INFO [2024-09-03 17:59:11] [MAIN] - Done adding lines! (run time : 3.54s).

INFO [2024-09-03 17:59:11] [MAIN] - Finished setting up Antares study! (run time : 0.63min).
 

INFO [2024-09-03 17:59:12] [MAIN] - Starting OutageTest simulation...
INFO [2024-09-03 17:59:17] [MAIN] - Antares simulation finished! (run time : 0.09min).
 

