INFO [2024-09-03 17:58:34] [MAIN] - Creating noActTS__2024_09_03_17_58_33 study...

INFO [2024-09-03 17:58:34] [MAIN] - Unit commitment mode : ACCURATE
INFO [2024-09-03 17:58:34] [MAIN] - Adding nodes...

INFO [2024-09-03 17:58:39] [MAIN] - Done adding nodes! (run time : 4.81s).

INFO [2024-09-03 17:58:39] [MAIN] - Adding districts...

INFO [2024-09-03 17:58:41] [MAIN] - Done adding districts! (run time : 2.07s).

INFO [2024-09-03 17:58:41] [MAIN] - Adding load data...

INFO [2024-09-03 17:58:44] [MAIN] - Done adding load data! (run time : 3.02s).

INFO [2024-09-03 17:58:44] [MAIN] - Fetching wind data...

INFO [2024-09-03 17:58:45] [MAIN] - Done adding wind data! (run time : 0.52s).

INFO [2024-09-03 17:58:45] [MAIN] - Fetching solar data...

INFO [2024-09-03 17:58:46] [MAIN] - Done adding solar data! (run time : 0.56s).

INFO [2024-09-03 17:58:46] [MAIN] - Beginning hydro implementation...
INFO [2024-09-03 17:58:56] [MAIN] - Done adding hydro!
INFO [2024-09-03 17:58:57] [MAIN] - Fetching thermal data...
INFO [2024-09-03 17:59:02] [MAIN] - Aggregating identical generators...
INFO [2024-09-03 17:59:03] [MAIN] - Running 1-clustering algorithm on generators...
INFO [2024-09-03 17:59:03] [MAIN] - Done running 1-clustering algorithm on generators!

INFO [2024-09-03 17:59:08] [MAIN] - Done adding thermal data! (run time : 0.19min).

INFO [2024-09-03 17:59:08] [MAIN] - Adding lines between areas...

INFO [2024-09-03 17:59:11] [MAIN] - Done adding lines! (run time : 3.54s).

INFO [2024-09-03 17:59:11] [MAIN] - Finished setting up Antares study! (run time : 0.63min).
 

INFO [2024-09-03 17:59:12] [MAIN] - Starting OutageTest simulation...
INFO [2024-09-03 17:59:17] [MAIN] - Antares simulation finished! (run time : 0.09min).
 

