ERROR [2024-09-09 17:02:06] [WARN] - Could not add load data to eu-alb node, skipping...
ERROR [2024-09-09 17:02:06] [WARN] - Could not add load data to eu-arm node, skipping...
ERROR [2024-09-09 17:02:06] [WARN] - Could not add load data to eu-aut node, skipping...
ERROR [2024-09-09 17:02:06] [WARN] - Could not add load data to eu-aze node, skipping...
ERROR [2024-09-09 17:02:06] [WARN] - Could not add load data to eu-bel node, skipping...
ERROR [2024-09-09 17:02:06] [WARN] - Could not add load data to eu-bgr node, skipping...
ERROR [2024-09-09 17:02:06] [WARN] - Could not add load data to eu-bih node, skipping...
ERROR [2024-09-09 17:02:06] [WARN] - Could not add load data to eu-blr node, skipping...
ERROR [2024-09-09 17:02:06] [WARN] - Could not add load data to eu-che node, skipping...
ERROR [2024-09-09 17:02:06] [WARN] - Could not add load data to eu-cyp node, skipping...
ERROR [2024-09-09 17:02:06] [WARN] - Could not add load data to eu-cze node, skipping...
ERROR [2024-09-09 17:02:06] [WARN] - Could not add load data to eu-deu node, skipping...
ERROR [2024-09-09 17:02:06] [WARN] - Could not add load data to eu-dnk node, skipping...
ERROR [2024-09-09 17:02:06] [WARN] - Could not add load data to eu-esp node, skipping...
ERROR [2024-09-09 17:02:06] [WARN] - Could not add load data to eu-est node, skipping...
ERROR [2024-09-09 17:02:06] [WARN] - Could not add load data to eu-fin node, skipping...
ERROR [2024-09-09 17:02:06] [WARN] - Could not add load data to eu-fra node, skipping...
ERROR [2024-09-09 17:02:06] [WARN] - Could not add load data to eu-gbr node, skipping...
ERROR [2024-09-09 17:02:06] [WARN] - Could not add load data to eu-geo node, skipping...
ERROR [2024-09-09 17:02:06] [WARN] - Could not add load data to eu-grc node, skipping...
ERROR [2024-09-09 17:02:06] [WARN] - Could not add load data to eu-hrv node, skipping...
ERROR [2024-09-09 17:02:06] [WARN] - Could not add load data to eu-hun node, skipping...
ERROR [2024-09-09 17:02:06] [WARN] - Could not add load data to eu-irl node, skipping...
ERROR [2024-09-09 17:02:06] [WARN] - Could not add load data to eu-isl node, skipping...
ERROR [2024-09-09 17:02:06] [WARN] - Could not add load data to eu-ita node, skipping...
ERROR [2024-09-09 17:02:06] [WARN] - Could not add load data to eu-kos node, skipping...
ERROR [2024-09-09 17:02:06] [WARN] - Could not add load data to eu-ltu node, skipping...
ERROR [2024-09-09 17:02:06] [WARN] - Could not add load data to eu-lux node, skipping...
ERROR [2024-09-09 17:02:06] [WARN] - Could not add load data to eu-lva node, skipping...
ERROR [2024-09-09 17:02:06] [WARN] - Could not add load data to eu-mda node, skipping...
ERROR [2024-09-09 17:02:06] [WARN] - Could not add load data to eu-mkd node, skipping...
ERROR [2024-09-09 17:02:06] [WARN] - Could not add load data to eu-mne node, skipping...
ERROR [2024-09-09 17:02:06] [WARN] - Could not add load data to eu-nld node, skipping...
ERROR [2024-09-09 17:02:06] [WARN] - Could not add load data to eu-nor node, skipping...
ERROR [2024-09-09 17:02:06] [WARN] - Could not add load data to eu-pol node, skipping...
ERROR [2024-09-09 17:02:06] [WARN] - Could not add load data to eu-prt node, skipping...
ERROR [2024-09-09 17:02:06] [WARN] - Could not add load data to eu-rou node, skipping...
ERROR [2024-09-09 17:02:06] [WARN] - Could not add load data to eu-srb node, skipping...
ERROR [2024-09-09 17:02:06] [WARN] - Could not add load data to eu-svk node, skipping...
ERROR [2024-09-09 17:02:06] [WARN] - Could not add load data to eu-svn node, skipping...
ERROR [2024-09-09 17:02:06] [WARN] - Could not add load data to eu-swe node, skipping...
ERROR [2024-09-09 17:02:06] [WARN] - Could not add load data to eu-ukr node, skipping...
