ERROR [2024-10-24 18:53:25] [WARN] - Could not add load data to sa-bra-j1 node, skipping...
ERROR [2024-10-24 18:53:25] [WARN] - Could not add load data to sa-bra-j2 node, skipping...
ERROR [2024-10-24 18:53:25] [WARN] - Could not add load data to sa-bra-j3 node, skipping...
ERROR [2024-10-24 18:53:36] [WARN] - Skipped adding wind data for af-ago (no generators found in PLEXOS).
ERROR [2024-10-24 18:53:36] [WARN] - Skipped adding wind data for af-bdi (no generators found in PLEXOS).
ERROR [2024-10-24 18:53:36] [WARN] - Skipped adding wind data for af-ben (no generators found in PLEXOS).
ERROR [2024-10-24 18:53:36] [WARN] - Skipped adding wind data for af-bfa (no generators found in PLEXOS).
ERROR [2024-10-24 18:53:36] [WARN] - Skipped adding wind data for af-bwa (no generators found in PLEXOS).
ERROR [2024-10-24 18:53:36] [WARN] - Skipped adding wind data for af-caf (no generators found in PLEXOS).
ERROR [2024-10-24 18:53:36] [WARN] - Skipped adding wind data for af-civ (no generators found in PLEXOS).
ERROR [2024-10-24 18:53:36] [WARN] - Skipped adding wind data for af-cmr (no generators found in PLEXOS).
ERROR [2024-10-24 18:53:36] [WARN] - Skipped adding wind data for af-cod (no generators found in PLEXOS).
ERROR [2024-10-24 18:53:36] [WARN] - Skipped adding wind data for af-cog (no generators found in PLEXOS).
ERROR [2024-10-24 18:53:37] [WARN] - Skipped adding wind data for af-dji (no generators found in PLEXOS).
ERROR [2024-10-24 18:53:37] [WARN] - Skipped adding wind data for af-dza (no generators found in PLEXOS).
ERROR [2024-10-24 18:53:38] [WARN] - Skipped adding wind data for af-eri (no generators found in PLEXOS).
ERROR [2024-10-24 18:53:38] [WARN] - Skipped adding wind data for af-esh (no generators found in PLEXOS).
ERROR [2024-10-24 18:53:39] [WARN] - Skipped adding wind data for af-gab (no generators found in PLEXOS).
ERROR [2024-10-24 18:53:39] [WARN] - Skipped adding wind data for af-gha (no generators found in PLEXOS).
ERROR [2024-10-24 18:53:39] [WARN] - Skipped adding wind data for af-gin (no generators found in PLEXOS).
ERROR [2024-10-24 18:53:39] [WARN] - Skipped adding wind data for af-gmb (no generators found in PLEXOS).
ERROR [2024-10-24 18:53:39] [WARN] - Skipped adding wind data for af-gnb (no generators found in PLEXOS).
ERROR [2024-10-24 18:53:39] [WARN] - Skipped adding wind data for af-gnq (no generators found in PLEXOS).
ERROR [2024-10-24 18:53:39] [WARN] - Skipped adding wind data for af-lbr (no generators found in PLEXOS).
ERROR [2024-10-24 18:53:39] [WARN] - Skipped adding wind data for af-lby (no generators found in PLEXOS).
ERROR [2024-10-24 18:53:39] [WARN] - Skipped adding wind data for af-lso (no generators found in PLEXOS).
ERROR [2024-10-24 18:53:40] [WARN] - Skipped adding wind data for af-mdg (no generators found in PLEXOS).
ERROR [2024-10-24 18:53:40] [WARN] - Skipped adding wind data for af-mli (no generators found in PLEXOS).
ERROR [2024-10-24 18:53:40] [WARN] - Skipped adding wind data for af-moz (no generators found in PLEXOS).
ERROR [2024-10-24 18:53:41] [WARN] - Skipped adding wind data for af-mus (no generators found in PLEXOS).
ERROR [2024-10-24 18:53:41] [WARN] - Skipped adding wind data for af-mwi (no generators found in PLEXOS).
ERROR [2024-10-24 18:53:41] [WARN] - Skipped adding wind data for af-nam (no generators found in PLEXOS).
ERROR [2024-10-24 18:53:41] [WARN] - Skipped adding wind data for af-ner (no generators found in PLEXOS).
ERROR [2024-10-24 18:53:41] [WARN] - Skipped adding wind data for af-nga (no generators found in PLEXOS).
ERROR [2024-10-24 18:53:41] [WARN] - Skipped adding wind data for af-rwa (no generators found in PLEXOS).
ERROR [2024-10-24 18:53:41] [WARN] - Skipped adding wind data for af-sdn (no generators found in PLEXOS).
ERROR [2024-10-24 18:53:41] [WARN] - Skipped adding wind data for af-sen (no generators found in PLEXOS).
ERROR [2024-10-24 18:53:41] [WARN] - Skipped adding wind data for af-sle (no generators found in PLEXOS).
ERROR [2024-10-24 18:53:41] [WARN] - Skipped adding wind data for af-swz (no generators found in PLEXOS).
ERROR [2024-10-24 18:53:41] [WARN] - Skipped adding wind data for af-tgo (no generators found in PLEXOS).
ERROR [2024-10-24 18:53:42] [WARN] - Skipped adding wind data for af-tza (no generators found in PLEXOS).
ERROR [2024-10-24 18:53:42] [WARN] - Skipped adding wind data for af-uga (no generators found in PLEXOS).
ERROR [2024-10-24 18:53:43] [WARN] - Skipped adding wind data for af-zmb (no generators found in PLEXOS).
ERROR [2024-10-24 18:53:43] [WARN] - Skipped adding wind data for af-zwe (no generators found in PLEXOS).
ERROR [2024-10-24 18:53:43] [WARN] - Skipped adding wind data for as-afg (no generators found in PLEXOS).
ERROR [2024-10-24 18:53:43] [WARN] - Skipped adding wind data for as-are (no generators found in PLEXOS).
ERROR [2024-10-24 18:53:43] [WARN] - Skipped adding wind data for as-bgd (no generators found in PLEXOS).
ERROR [2024-10-24 18:53:43] [WARN] - Skipped adding wind data for as-bhr (no generators found in PLEXOS).
ERROR [2024-10-24 18:53:43] [WARN] - Skipped adding wind data for as-brn (no generators found in PLEXOS).
ERROR [2024-10-24 18:53:43] [WARN] - Skipped adding wind data for as-btn (no generators found in PLEXOS).
ERROR [2024-10-24 18:53:43] [WARN] - Skipped adding wind data for as-chn-be (no generators found in PLEXOS).
ERROR [2024-10-24 18:53:43] [WARN] - Skipped adding wind data for as-chn-ch (no generators found in PLEXOS).
ERROR [2024-10-24 18:53:52] [WARN] - Skipped adding wind data for as-chn-hk (no generators found in PLEXOS).
ERROR [2024-10-24 18:53:56] [WARN] - Skipped adding wind data for as-chn-ma (no generators found in PLEXOS).
ERROR [2024-10-24 18:54:02] [WARN] - Skipped adding wind data for as-chn-ti (no generators found in PLEXOS).
ERROR [2024-10-24 18:54:07] [WARN] - Skipped adding wind data for as-idn (no generators found in PLEXOS).
ERROR [2024-10-24 18:54:07] [WARN] - Skipped adding wind data for as-ind-ea (no generators found in PLEXOS).
ERROR [2024-10-24 18:54:07] [WARN] - Skipped adding wind data for as-ind-ne (no generators found in PLEXOS).
ERROR [2024-10-24 18:54:10] [WARN] - Skipped adding wind data for as-irq (no generators found in PLEXOS).
ERROR [2024-10-24 18:54:10] [WARN] - Skipped adding wind data for as-isr (no generators found in PLEXOS).
ERROR [2024-10-24 18:54:12] [WARN] - Skipped adding wind data for as-jpn-ho (no generators found in PLEXOS).
ERROR [2024-10-24 18:54:12] [WARN] - Skipped adding wind data for as-jpn-ky (no generators found in PLEXOS).
ERROR [2024-10-24 18:54:12] [WARN] - Skipped adding wind data for as-jpn-ok (no generators found in PLEXOS).
ERROR [2024-10-24 18:54:15] [WARN] - Skipped adding wind data for as-kgz (no generators found in PLEXOS).
ERROR [2024-10-24 18:54:15] [WARN] - Skipped adding wind data for as-khm (no generators found in PLEXOS).
ERROR [2024-10-24 18:54:16] [WARN] - Skipped adding wind data for as-kwt (no generators found in PLEXOS).
ERROR [2024-10-24 18:54:16] [WARN] - Skipped adding wind data for as-lao (no generators found in PLEXOS).
ERROR [2024-10-24 18:54:16] [WARN] - Skipped adding wind data for as-lbn (no generators found in PLEXOS).
ERROR [2024-10-24 18:54:17] [WARN] - Skipped adding wind data for as-mmr (no generators found in PLEXOS).
ERROR [2024-10-24 18:54:18] [WARN] - Skipped adding wind data for as-mys (no generators found in PLEXOS).
ERROR [2024-10-24 18:54:18] [WARN] - Skipped adding wind data for as-npl (no generators found in PLEXOS).
ERROR [2024-10-24 18:54:18] [WARN] - Skipped adding wind data for as-omn (no generators found in PLEXOS).
ERROR [2024-10-24 18:54:20] [WARN] - Skipped adding wind data for as-prk (no generators found in PLEXOS).
ERROR [2024-10-24 18:54:20] [WARN] - Skipped adding wind data for as-qat (no generators found in PLEXOS).
ERROR [2024-10-24 18:54:21] [WARN] - Skipped adding wind data for as-rus-fe (no generators found in PLEXOS).
ERROR [2024-10-24 18:54:22] [WARN] - Skipped adding wind data for as-rus-nw (no generators found in PLEXOS).
ERROR [2024-10-24 18:54:22] [WARN] - Skipped adding wind data for as-rus-si (no generators found in PLEXOS).
ERROR [2024-10-24 18:54:22] [WARN] - Skipped adding wind data for as-rus-so (no generators found in PLEXOS).
ERROR [2024-10-24 18:54:23] [WARN] - Skipped adding wind data for as-sau (no generators found in PLEXOS).
ERROR [2024-10-24 18:54:23] [WARN] - Skipped adding wind data for as-sgp (no generators found in PLEXOS).
ERROR [2024-10-24 18:54:23] [WARN] - Skipped adding wind data for as-syr (no generators found in PLEXOS).
ERROR [2024-10-24 18:54:24] [WARN] - Skipped adding wind data for as-tjk (no generators found in PLEXOS).
ERROR [2024-10-24 18:54:24] [WARN] - Skipped adding wind data for as-tkm (no generators found in PLEXOS).
ERROR [2024-10-24 18:54:26] [WARN] - Skipped adding wind data for as-uzb (no generators found in PLEXOS).
ERROR [2024-10-24 18:54:27] [WARN] - Skipped adding wind data for as-yem (no generators found in PLEXOS).
ERROR [2024-10-24 18:54:27] [WARN] - Skipped adding wind data for eu-alb (no generators found in PLEXOS).
ERROR [2024-10-24 18:54:27] [WARN] - Skipped adding wind data for eu-arm (no generators found in PLEXOS).
ERROR [2024-10-24 18:54:28] [WARN] - Skipped adding wind data for eu-aze (no generators found in PLEXOS).
ERROR [2024-10-24 18:54:30] [WARN] - Skipped adding wind data for eu-bih (no generators found in PLEXOS).
ERROR [2024-10-24 18:54:30] [WARN] - Skipped adding wind data for eu-blr (no generators found in PLEXOS).
ERROR [2024-10-24 18:54:39] [WARN] - Skipped adding wind data for eu-geo (no generators found in PLEXOS).
ERROR [2024-10-24 18:54:43] [WARN] - Skipped adding wind data for eu-isl (no generators found in PLEXOS).
ERROR [2024-10-24 18:54:44] [WARN] - Skipped adding wind data for eu-kos (no generators found in PLEXOS).
ERROR [2024-10-24 18:54:47] [WARN] - Skipped adding wind data for eu-mda (no generators found in PLEXOS).
ERROR [2024-10-24 18:54:47] [WARN] - Skipped adding wind data for eu-mkd (no generators found in PLEXOS).
ERROR [2024-10-24 18:54:47] [WARN] - Skipped adding wind data for eu-mne (no generators found in PLEXOS).
ERROR [2024-10-24 18:54:54] [WARN] - Skipped adding wind data for eu-srb (no generators found in PLEXOS).
ERROR [2024-10-24 18:54:54] [WARN] - Skipped adding wind data for eu-svk (no generators found in PLEXOS).
ERROR [2024-10-24 18:54:54] [WARN] - Skipped adding wind data for eu-svn (no generators found in PLEXOS).
ERROR [2024-10-24 18:54:57] [WARN] - Skipped adding wind data for oc-aus-nt (no generators found in PLEXOS).
ERROR [2024-10-24 18:55:07] [WARN] - Skipped adding wind data for oc-png (no generators found in PLEXOS).
ERROR [2024-10-24 18:55:26] [WARN] - Skipped adding wind data for na-slv (no generators found in PLEXOS).
ERROR [2024-10-24 18:55:26] [WARN] - Skipped adding wind data for na-tto (no generators found in PLEXOS).
ERROR [2024-10-24 18:55:30] [WARN] - Skipped adding wind data for na-usa-fr (no generators found in PLEXOS).
ERROR [2024-10-24 18:55:30] [WARN] - Skipped adding wind data for na-usa-gu (no generators found in PLEXOS).
ERROR [2024-10-24 18:55:41] [WARN] - Skipped adding wind data for na-usa-sa (no generators found in PLEXOS).
ERROR [2024-10-24 18:55:42] [WARN] - Skipped adding wind data for na-usa-se (no generators found in PLEXOS).
ERROR [2024-10-24 18:55:44] [WARN] - Skipped adding wind data for na-usa-sv (no generators found in PLEXOS).
ERROR [2024-10-24 18:55:46] [WARN] - Skipped adding wind data for sa-bol (no generators found in PLEXOS).
ERROR [2024-10-24 18:55:46] [WARN] - Skipped adding wind data for sa-bra-cn (no generators found in PLEXOS).
ERROR [2024-10-24 18:55:46] [WARN] - Skipped adding wind data for sa-bra-cw (no generators found in PLEXOS).
ERROR [2024-10-24 18:55:46] [WARN] - Skipped adding wind data for sa-bra-j1 (no generators found in PLEXOS).
ERROR [2024-10-24 18:55:46] [WARN] - Skipped adding wind data for sa-bra-j2 (no generators found in PLEXOS).
ERROR [2024-10-24 18:55:46] [WARN] - Skipped adding wind data for sa-bra-j3 (no generators found in PLEXOS).
ERROR [2024-10-24 18:55:47] [WARN] - Skipped adding wind data for sa-bra-nw (no generators found in PLEXOS).
ERROR [2024-10-24 18:55:49] [WARN] - Skipped adding wind data for sa-bra-we (no generators found in PLEXOS).
ERROR [2024-10-24 18:55:52] [WARN] - Skipped adding wind data for sa-guf (no generators found in PLEXOS).
ERROR [2024-10-24 18:55:54] [WARN] - Skipped adding wind data for sa-pry (no generators found in PLEXOS).
ERROR [2024-10-24 18:55:57] [WARN] - Skipped adding solar data for af-bdi (no generators found in PLEXOS).
ERROR [2024-10-24 18:55:57] [WARN] - Skipped adding solar data for af-ben (no generators found in PLEXOS).
ERROR [2024-10-24 18:55:57] [WARN] - Skipped adding solar data for af-bfa (no generators found in PLEXOS).
ERROR [2024-10-24 18:55:57] [WARN] - Skipped adding solar data for af-bwa (no generators found in PLEXOS).
ERROR [2024-10-24 18:55:57] [WARN] - Skipped adding solar data for af-caf (no generators found in PLEXOS).
ERROR [2024-10-24 18:55:57] [WARN] - Skipped adding solar data for af-civ (no generators found in PLEXOS).
ERROR [2024-10-24 18:55:57] [WARN] - Skipped adding solar data for af-cmr (no generators found in PLEXOS).
ERROR [2024-10-24 18:55:57] [WARN] - Skipped adding solar data for af-cod (no generators found in PLEXOS).
ERROR [2024-10-24 18:55:57] [WARN] - Skipped adding solar data for af-cog (no generators found in PLEXOS).
ERROR [2024-10-24 18:55:58] [WARN] - Skipped adding solar data for af-dji (no generators found in PLEXOS).
ERROR [2024-10-24 18:56:00] [WARN] - Skipped adding solar data for af-eri (no generators found in PLEXOS).
ERROR [2024-10-24 18:56:00] [WARN] - Skipped adding solar data for af-esh (no generators found in PLEXOS).
ERROR [2024-10-24 18:56:01] [WARN] - Skipped adding solar data for af-gab (no generators found in PLEXOS).
ERROR [2024-10-24 18:56:01] [WARN] - Skipped adding solar data for af-gha (no generators found in PLEXOS).
ERROR [2024-10-24 18:56:01] [WARN] - Skipped adding solar data for af-gin (no generators found in PLEXOS).
ERROR [2024-10-24 18:56:01] [WARN] - Skipped adding solar data for af-gmb (no generators found in PLEXOS).
ERROR [2024-10-24 18:56:01] [WARN] - Skipped adding solar data for af-gnb (no generators found in PLEXOS).
ERROR [2024-10-24 18:56:01] [WARN] - Skipped adding solar data for af-gnq (no generators found in PLEXOS).
ERROR [2024-10-24 18:56:02] [WARN] - Skipped adding solar data for af-lbr (no generators found in PLEXOS).
ERROR [2024-10-24 18:56:02] [WARN] - Skipped adding solar data for af-lby (no generators found in PLEXOS).
ERROR [2024-10-24 18:56:02] [WARN] - Skipped adding solar data for af-lso (no generators found in PLEXOS).
ERROR [2024-10-24 18:56:02] [WARN] - Skipped adding solar data for af-mar (no generators found in PLEXOS).
ERROR [2024-10-24 18:56:02] [WARN] - Skipped adding solar data for af-mdg (no generators found in PLEXOS).
ERROR [2024-10-24 18:56:02] [WARN] - Skipped adding solar data for af-mli (no generators found in PLEXOS).
ERROR [2024-10-24 18:56:02] [WARN] - Skipped adding solar data for af-moz (no generators found in PLEXOS).
ERROR [2024-10-24 18:56:04] [WARN] - Skipped adding solar data for af-mwi (no generators found in PLEXOS).
ERROR [2024-10-24 18:56:05] [WARN] - Skipped adding solar data for af-ner (no generators found in PLEXOS).
ERROR [2024-10-24 18:56:07] [WARN] - Skipped adding solar data for af-sdn (no generators found in PLEXOS).
ERROR [2024-10-24 18:56:08] [WARN] - Skipped adding solar data for af-sle (no generators found in PLEXOS).
ERROR [2024-10-24 18:56:08] [WARN] - Skipped adding solar data for af-swz (no generators found in PLEXOS).
ERROR [2024-10-24 18:56:08] [WARN] - Skipped adding solar data for af-tgo (no generators found in PLEXOS).
ERROR [2024-10-24 18:56:09] [WARN] - Skipped adding solar data for af-tza (no generators found in PLEXOS).
ERROR [2024-10-24 18:56:11] [WARN] - Skipped adding solar data for af-zmb (no generators found in PLEXOS).
ERROR [2024-10-24 18:56:11] [WARN] - Skipped adding solar data for af-zwe (no generators found in PLEXOS).
ERROR [2024-10-24 18:56:11] [WARN] - Skipped adding solar data for as-afg (no generators found in PLEXOS).
ERROR [2024-10-24 18:56:13] [WARN] - Skipped adding solar data for as-bhr (no generators found in PLEXOS).
ERROR [2024-10-24 18:56:13] [WARN] - Skipped adding solar data for as-brn (no generators found in PLEXOS).
ERROR [2024-10-24 18:56:13] [WARN] - Skipped adding solar data for as-btn (no generators found in PLEXOS).
ERROR [2024-10-24 18:56:15] [WARN] - Skipped adding solar data for as-chn-ch (no generators found in PLEXOS).
ERROR [2024-10-24 18:56:15] [WARN] - Skipped adding solar data for as-chn-em (no generators found in PLEXOS).
ERROR [2024-10-24 18:56:15] [WARN] - Skipped adding solar data for as-chn-fu (no generators found in PLEXOS).
ERROR [2024-10-24 18:56:16] [WARN] - Skipped adding solar data for as-chn-gd (no generators found in PLEXOS).
ERROR [2024-10-24 18:56:16] [WARN] - Skipped adding solar data for as-chn-gu (no generators found in PLEXOS).
ERROR [2024-10-24 18:56:16] [WARN] - Skipped adding solar data for as-chn-gx (no generators found in PLEXOS).
ERROR [2024-10-24 18:56:19] [WARN] - Skipped adding solar data for as-chn-he (no generators found in PLEXOS).
ERROR [2024-10-24 18:56:20] [WARN] - Skipped adding solar data for as-chn-hk (no generators found in PLEXOS).
ERROR [2024-10-24 18:56:20] [WARN] - Skipped adding solar data for as-chn-hn (no generators found in PLEXOS).
ERROR [2024-10-24 18:56:21] [WARN] - Skipped adding solar data for as-chn-ji (no generators found in PLEXOS).
ERROR [2024-10-24 18:56:22] [WARN] - Skipped adding solar data for as-chn-jx (no generators found in PLEXOS).
ERROR [2024-10-24 18:56:22] [WARN] - Skipped adding solar data for as-chn-li (no generators found in PLEXOS).
ERROR [2024-10-24 18:56:22] [WARN] - Skipped adding solar data for as-chn-ma (no generators found in PLEXOS).
ERROR [2024-10-24 18:56:24] [WARN] - Skipped adding solar data for as-chn-sc (no generators found in PLEXOS).
ERROR [2024-10-24 18:56:27] [WARN] - Skipped adding solar data for as-chn-sx (no generators found in PLEXOS).
ERROR [2024-10-24 18:56:27] [WARN] - Skipped adding solar data for as-chn-ti (no generators found in PLEXOS).
ERROR [2024-10-24 18:56:27] [WARN] - Skipped adding solar data for as-chn-tj (no generators found in PLEXOS).
ERROR [2024-10-24 18:56:30] [WARN] - Skipped adding solar data for as-chn-zh (no generators found in PLEXOS).
ERROR [2024-10-24 18:56:30] [WARN] - Skipped adding solar data for as-idn (no generators found in PLEXOS).
ERROR [2024-10-24 18:56:31] [WARN] - Skipped adding solar data for as-ind-ne (no generators found in PLEXOS).
ERROR [2024-10-24 18:56:45] [WARN] - Skipped adding solar data for as-kgz (no generators found in PLEXOS).
ERROR [2024-10-24 18:56:47] [WARN] - Skipped adding solar data for as-kwt (no generators found in PLEXOS).
ERROR [2024-10-24 18:56:47] [WARN] - Skipped adding solar data for as-lao (no generators found in PLEXOS).
ERROR [2024-10-24 18:56:47] [WARN] - Skipped adding solar data for as-lbn (no generators found in PLEXOS).
ERROR [2024-10-24 18:56:49] [WARN] - Skipped adding solar data for as-mng (no generators found in PLEXOS).
ERROR [2024-10-24 18:56:51] [WARN] - Skipped adding solar data for as-omn (no generators found in PLEXOS).
ERROR [2024-10-24 18:56:53] [WARN] - Skipped adding solar data for as-prk (no generators found in PLEXOS).
ERROR [2024-10-24 18:56:53] [WARN] - Skipped adding solar data for as-qat (no generators found in PLEXOS).
ERROR [2024-10-24 18:56:55] [WARN] - Skipped adding solar data for as-rus-mv (no generators found in PLEXOS).
ERROR [2024-10-24 18:56:55] [WARN] - Skipped adding solar data for as-rus-nw (no generators found in PLEXOS).
ERROR [2024-10-24 18:56:56] [WARN] - Skipped adding solar data for as-rus-so (no generators found in PLEXOS).
ERROR [2024-10-24 18:56:59] [WARN] - Skipped adding solar data for as-syr (no generators found in PLEXOS).
ERROR [2024-10-24 18:57:01] [WARN] - Skipped adding solar data for as-tjk (no generators found in PLEXOS).
ERROR [2024-10-24 18:57:01] [WARN] - Skipped adding solar data for as-tkm (no generators found in PLEXOS).
ERROR [2024-10-24 18:57:03] [WARN] - Skipped adding solar data for as-uzb (no generators found in PLEXOS).
ERROR [2024-10-24 18:57:03] [WARN] - Skipped adding solar data for as-vnm (no generators found in PLEXOS).
ERROR [2024-10-24 18:57:04] [WARN] - Skipped adding solar data for eu-alb (no generators found in PLEXOS).
ERROR [2024-10-24 18:57:04] [WARN] - Skipped adding solar data for eu-arm (no generators found in PLEXOS).
ERROR [2024-10-24 18:57:08] [WARN] - Skipped adding solar data for eu-bih (no generators found in PLEXOS).
ERROR [2024-10-24 18:57:08] [WARN] - Skipped adding solar data for eu-blr (no generators found in PLEXOS).
ERROR [2024-10-24 18:57:15] [WARN] - Skipped adding solar data for eu-est (no generators found in PLEXOS).
ERROR [2024-10-24 18:57:18] [WARN] - Skipped adding solar data for eu-geo (no generators found in PLEXOS).
ERROR [2024-10-24 18:57:21] [WARN] - Skipped adding solar data for eu-irl (no generators found in PLEXOS).
ERROR [2024-10-24 18:57:21] [WARN] - Skipped adding solar data for eu-isl (no generators found in PLEXOS).
ERROR [2024-10-24 18:57:22] [WARN] - Skipped adding solar data for eu-kos (no generators found in PLEXOS).
ERROR [2024-10-24 18:57:24] [WARN] - Skipped adding solar data for eu-lva (no generators found in PLEXOS).
ERROR [2024-10-24 18:57:24] [WARN] - Skipped adding solar data for eu-mda (no generators found in PLEXOS).
ERROR [2024-10-24 18:57:25] [WARN] - Skipped adding solar data for eu-mne (no generators found in PLEXOS).
ERROR [2024-10-24 18:57:35] [WARN] - Skipped adding solar data for oc-ata (no generators found in PLEXOS).
ERROR [2024-10-24 18:57:39] [WARN] - Skipped adding solar data for oc-aus-ta (no generators found in PLEXOS).
ERROR [2024-10-24 18:57:39] [WARN] - Skipped adding solar data for oc-aus-vi (no generators found in PLEXOS).
ERROR [2024-10-24 18:57:40] [WARN] - Skipped adding solar data for oc-fji (no generators found in PLEXOS).
ERROR [2024-10-24 18:57:41] [WARN] - Skipped adding solar data for oc-png (no generators found in PLEXOS).
ERROR [2024-10-24 18:57:42] [WARN] - Skipped adding solar data for na-can-ar (no generators found in PLEXOS).
ERROR [2024-10-24 18:57:43] [WARN] - Skipped adding solar data for na-can-mb (no generators found in PLEXOS).
ERROR [2024-10-24 18:57:43] [WARN] - Skipped adding solar data for na-can-nl (no generators found in PLEXOS).
ERROR [2024-10-24 18:57:43] [WARN] - Skipped adding solar data for na-can-no (no generators found in PLEXOS).
ERROR [2024-10-24 18:57:44] [WARN] - Skipped adding solar data for na-can-qc (no generators found in PLEXOS).
ERROR [2024-10-24 18:57:44] [WARN] - Skipped adding solar data for na-can-sk (no generators found in PLEXOS).
ERROR [2024-10-24 18:57:44] [WARN] - Skipped adding solar data for na-cri (no generators found in PLEXOS).
ERROR [2024-10-24 18:57:48] [WARN] - Skipped adding solar data for na-jam (no generators found in PLEXOS).
ERROR [2024-10-24 18:57:49] [WARN] - Skipped adding solar data for na-nic (no generators found in PLEXOS).
ERROR [2024-10-24 18:57:51] [WARN] - Skipped adding solar data for na-tto (no generators found in PLEXOS).
ERROR [2024-10-24 18:57:51] [WARN] - Skipped adding solar data for na-usa-ak (no generators found in PLEXOS).
ERROR [2024-10-24 18:58:07] [WARN] - Skipped adding solar data for na-usa-sa (no generators found in PLEXOS).
ERROR [2024-10-24 18:58:15] [WARN] - Skipped adding solar data for sa-bra-cn (no generators found in PLEXOS).
ERROR [2024-10-24 18:58:15] [WARN] - Skipped adding solar data for sa-bra-cw (no generators found in PLEXOS).
ERROR [2024-10-24 18:58:15] [WARN] - Skipped adding solar data for sa-bra-j1 (no generators found in PLEXOS).
ERROR [2024-10-24 18:58:15] [WARN] - Skipped adding solar data for sa-bra-j2 (no generators found in PLEXOS).
ERROR [2024-10-24 18:58:15] [WARN] - Skipped adding solar data for sa-bra-j3 (no generators found in PLEXOS).
ERROR [2024-10-24 18:58:16] [WARN] - Skipped adding solar data for sa-bra-nw (no generators found in PLEXOS).
ERROR [2024-10-24 18:58:18] [WARN] - Skipped adding solar data for sa-bra-we (no generators found in PLEXOS).
ERROR [2024-10-24 18:58:19] [WARN] - Skipped adding solar data for sa-col (no generators found in PLEXOS).
ERROR [2024-10-24 18:58:21] [WARN] - Skipped adding solar data for sa-guy (no generators found in PLEXOS).
ERROR [2024-10-24 18:58:22] [WARN] - Skipped adding solar data for sa-pry (no generators found in PLEXOS).
ERROR [2024-10-24 18:58:23] [WARN] - Skipped adding solar data for sa-ven (no generators found in PLEXOS).
