INFO [2024-10-24 18:46:51] [MAIN] - Initializing output folder...
INFO [2024-10-24 18:46:53] [MAIN] - Creating WorldT20B5_allLinks v3-2 study...

INFO [2024-10-24 18:46:53] [MAIN] - Unit commitment mode : ACCURATE
INFO [2024-10-24 18:46:53] [MAIN] - Adding nodes...

INFO [2024-10-24 18:49:46] [MAIN] - Done adding nodes! (run time : 173.07s).

INFO [2024-10-24 18:49:46] [MAIN] - Adding districts...

INFO [2024-10-24 18:50:00] [MAIN] - Done adding districts! (run time : 13.54s).

INFO [2024-10-24 18:50:00] [MAIN] - Adding load data...

INFO [2024-10-24 18:53:36] [MAIN] - Done adding load data! (run time : 216.03s).

INFO [2024-10-24 18:53:36] [MAIN] - Fetching wind data...

INFO [2024-10-24 18:55:55] [MAIN] - Done adding wind data! (run time : 139.42s).

INFO [2024-10-24 18:55:55] [MAIN] - Fetching solar data...

INFO [2024-10-24 18:58:23] [MAIN] - Done adding solar data! (run time : 147.61s).

INFO [2024-10-24 18:58:23] [MAIN] - Beginning hydro implementation...
INFO [2024-10-24 19:12:49] [MAIN] - Done adding hydro!
INFO [2024-10-24 19:12:49] [MAIN] - Fetching thermal data...
INFO [2024-10-24 21:26:04] [MAIN] - Done adding thermal data! (run time : 133.24min).

INFO [2024-10-24 21:26:04] [MAIN] - Fetching battery data...

INFO [2024-10-24 21:26:04] [MAIN] - Aggregating identical batteries...
INFO [2024-10-24 21:26:04] [MAIN] - Running 5-clustering algorithm on batteries...
INFO [2024-10-24 21:26:09] [MAIN] - Done running 5-clustering algorithm on batteries!

INFO [2024-10-24 21:59:48] [MAIN] - Done adding battery data! (run time : 33.73min).

INFO [2024-10-24 21:59:48] [MAIN] - Adding lines between areas...

