INFO [2024-10-31 13:43:21] [MAIN] - Initializing output folder...
INFO [2024-10-31 13:43:31] [MAIN] - Creating If S1 Economy v3 (Deane load) study...
INFO [2024-10-31 13:43:31] [MAIN] - Simulating If scenario~: S1 .

INFO [2024-10-31 13:43:31] [MAIN] - Simulation mode : Economy
INFO [2024-10-31 13:43:31] [MAIN] - Unit commitment mode : accurate
INFO [2024-10-31 13:43:31] [MAIN] - Number of MC years : 1
INFO [2024-10-31 13:43:31] [MAIN] - Generation of CSP : TRUE
INFO [2024-10-31 13:43:31] [MAIN] - Adding world node...

INFO [2024-10-31 13:43:32] [MAIN] - Done adding world node! (run time : 0.17s).

INFO [2024-10-31 13:43:32] [LOAD] - Adding World load data...
INFO [2024-10-31 13:43:32] [MAIN] - Fetching thermal data...
INFO [2024-10-31 13:43:32] [THERMAL] - Adding Bioenergy generator to World node...
INFO [2024-10-31 13:43:32] [THERMAL] - Adding Coal generator to World node...
INFO [2024-10-31 13:43:32] [THERMAL] - Adding Gas generator to World node...
INFO [2024-10-31 13:43:32] [THERMAL] - Adding Geothermal generator to World node...
INFO [2024-10-31 13:43:32] [THERMAL] - Adding Nuclear generator to World node...
INFO [2024-10-31 13:43:32] [THERMAL] - Adding Geothermal generator to World node...
INFO [2024-10-31 13:43:32] [MAIN] - Done adding thermal data! (run time : 0.01min).

INFO [2024-10-31 13:43:32] [MAIN] - Fetching wind data...

INFO [2024-10-31 13:44:18] [WIND] - Adding World wind data to Wind Onshore cluster...
INFO [2024-10-31 13:44:18] [MAIN] - Done adding wind data! (run time : 45.5s).

INFO [2024-10-31 13:44:18] [MAIN] - Fetching PV data...

INFO [2024-10-31 13:45:17] [PV] - Adding World PV data to Solar PV cluster...
INFO [2024-10-31 13:45:17] [MAIN] - Done adding PV data! (run time : 59.01s).

INFO [2024-10-31 13:45:17] [MAIN] - Fetching CSP data...

INFO [2024-10-31 13:45:19] [CSP] - Adding World CSP data to Solar Thermal cluster...
INFO [2024-10-31 13:45:19] [MAIN] - Done adding CSP data! (run time : 2.36s).

INFO [2024-10-31 13:45:19] [HYDRO] - Fetching World hydro data...
INFO [2024-10-31 13:45:22] [HYDRO] - Initializing World hydro parameters...
INFO [2024-10-31 13:45:22] [HYDRO] - Adding World max power timeseries...
INFO [2024-10-31 13:45:23] [HYDRO] - Adding World hydro profiles...
INFO [2024-10-31 13:45:23] [HYDRO] - Successfully added World hydro data!
INFO [2024-10-31 13:45:23] [MAIN] - Finished setting up Antares study! (run time : 1.87min).
 

