INFO [2024-09-09 17:08:17] [MAIN] - Creating clusters_ren__2024_09_09_17_08_17 study...

INFO [2024-09-09 17:08:17] [MAIN] - Unit commitment mode : ACCURATE
INFO [2024-09-09 17:08:18] [MAIN] - Adding nodes...

INFO [2024-09-09 17:08:19] [NODES] - Adding eu-che node...
INFO [2024-09-09 17:08:19] [NODES] - Adding eu-deu node...
INFO [2024-09-09 17:08:20] [NODES] - Adding eu-fra node...
INFO [2024-09-09 17:08:20] [MAIN] - Done adding nodes! (run time : 2.23s).

INFO [2024-09-09 17:08:20] [MAIN] - Adding load data...

INFO [2024-09-09 17:08:21] [LOAD] - Adding eu-che load data...
INFO [2024-09-09 17:08:21] [LOAD] - Adding eu-deu load data...
INFO [2024-09-09 17:08:21] [LOAD] - Adding eu-fra load data...
INFO [2024-09-09 17:08:21] [MAIN] - Done adding load data! (run time : 1.14s).

INFO [2024-09-09 17:08:21] [MAIN] - Fetching solar data...

INFO [2024-09-09 17:08:23] [WARN] - Properties for aus_sol_liddellsolart507 generator has not been found in PLEXOS data.
INFO [2024-09-09 17:08:23] [WARN] - Properties for chn_sol_datangdelingha5184 generator has not been found in PLEXOS data.
INFO [2024-09-09 17:08:23] [WARN] - Properties for chn_sol_gansudunhuang5424 generator has not been found in PLEXOS data.
INFO [2024-09-09 17:08:23] [WARN] - Properties for chn_sol_innermongolia6200 generator has not been found in PLEXOS data.
INFO [2024-09-09 17:08:23] [WARN] - Properties for chn_sol_qinghaigonghe6862 generator has not been found in PLEXOS data.
INFO [2024-09-09 17:08:23] [SOLAR] - Skipped dnk_sol_lerchenborg8488 generator (inactive in 2015).
INFO [2024-09-09 17:08:23] [SOLAR] - Adding fra_sol_agde8830 generator to eu-fra area...
INFO [2024-09-09 17:08:23] [SOLAR] - Successfully added fra_sol_agde8830 generator to eu-fra area!
INFO [2024-09-09 17:08:23] [SOLAR] - Adding fra_sol_aghione8832 generator to eu-fra area...
INFO [2024-09-09 17:08:23] [SOLAR] - Successfully added fra_sol_aghione8832 generator to eu-fra area!
INFO [2024-09-09 17:08:23] [SOLAR] - Adding fra_sol_aigrefeuilled8834 generator to eu-fra area...
INFO [2024-09-09 17:08:23] [SOLAR] - Successfully added fra_sol_aigrefeuilled8834 generator to eu-fra area!
INFO [2024-09-09 17:08:23] [SOLAR] - Adding fra_sol_aiguillon8836 generator to eu-fra area...
INFO [2024-09-09 17:08:23] [SOLAR] - Successfully added fra_sol_aiguillon8836 generator to eu-fra area!
INFO [2024-09-09 17:08:23] [SOLAR] - Adding fra_sol_airesurladou8839 generator to eu-fra area...
INFO [2024-09-09 17:08:23] [SOLAR] - Successfully added fra_sol_airesurladou8839 generator to eu-fra area!
INFO [2024-09-09 17:08:23] [SOLAR] - Adding fra_sol_aixenprovence8841 generator to eu-fra area...
INFO [2024-09-09 17:08:24] [SOLAR] - Successfully added fra_sol_aixenprovence8841 generator to eu-fra area!
INFO [2024-09-09 17:08:24] [SOLAR] - Adding fra_sol_aizenay8842 generator to eu-fra area...
INFO [2024-09-09 17:08:24] [SOLAR] - Successfully added fra_sol_aizenay8842 generator to eu-fra area!
INFO [2024-09-09 17:08:24] [SOLAR] - Adding fra_sol_ajaccio8843 generator to eu-fra area...
INFO [2024-09-09 17:08:24] [SOLAR] - Successfully added fra_sol_ajaccio8843 generator to eu-fra area!
INFO [2024-09-09 17:08:24] [SOLAR] - Adding fra_sol_albi8846 generator to eu-fra area...
INFO [2024-09-09 17:08:24] [SOLAR] - Successfully added fra_sol_albi8846 generator to eu-fra area!
INFO [2024-09-09 17:08:24] [SOLAR] - Adding fra_sol_albias8847 generator to eu-fra area...
INFO [2024-09-09 17:08:24] [SOLAR] - Successfully added fra_sol_albias8847 generator to eu-fra area!
INFO [2024-09-09 17:08:24] [SOLAR] - Adding fra_sol_als8859 generator to eu-fra area...
INFO [2024-09-09 17:08:24] [SOLAR] - Successfully added fra_sol_als8859 generator to eu-fra area!
INFO [2024-09-09 17:08:24] [SOLAR] - Adding fra_sol_alria8860 generator to eu-fra area...
INFO [2024-09-09 17:08:24] [SOLAR] - Successfully added fra_sol_alria8860 generator to eu-fra area!
INFO [2024-09-09 17:08:24] [SOLAR] - Adding fra_sol_ambarsetlag8863 generator to eu-fra area...
INFO [2024-09-09 17:08:25] [SOLAR] - Successfully added fra_sol_ambarsetlag8863 generator to eu-fra area!
INFO [2024-09-09 17:08:25] [SOLAR] - Adding fra_sol_anetz8870 generator to eu-fra area...
INFO [2024-09-09 17:08:25] [SOLAR] - Successfully added fra_sol_anetz8870 generator to eu-fra area!
INFO [2024-09-09 17:08:25] [SOLAR] - Adding fra_sol_angers8871 generator to eu-fra area...
INFO [2024-09-09 17:08:25] [SOLAR] - Successfully added fra_sol_angers8871 generator to eu-fra area!
INFO [2024-09-09 17:08:25] [SOLAR] - Adding fra_sol_anglet8872 generator to eu-fra area...
INFO [2024-09-09 17:08:25] [SOLAR] - Successfully added fra_sol_anglet8872 generator to eu-fra area!
INFO [2024-09-09 17:08:25] [SOLAR] - Adding fra_sol_angoulme8873 generator to eu-fra area...
INFO [2024-09-09 17:08:25] [SOLAR] - Successfully added fra_sol_angoulme8873 generator to eu-fra area!
INFO [2024-09-09 17:08:25] [SOLAR] - Adding fra_sol_appietto8880 generator to eu-fra area...
INFO [2024-09-09 17:08:25] [SOLAR] - Successfully added fra_sol_appietto8880 generator to eu-fra area!
INFO [2024-09-09 17:08:25] [SOLAR] - Adding fra_sol_apremont8881 generator to eu-fra area...
INFO [2024-09-09 17:08:25] [SOLAR] - Successfully added fra_sol_apremont8881 generator to eu-fra area!
INFO [2024-09-09 17:08:25] [SOLAR] - Adding fra_sol_arles8895 generator to eu-fra area...
INFO [2024-09-09 17:08:26] [SOLAR] - Successfully added fra_sol_arles8895 generator to eu-fra area!
INFO [2024-09-09 17:08:26] [SOLAR] - Adding fra_sol_arpajonsurc8898 generator to eu-fra area...
INFO [2024-09-09 17:08:26] [SOLAR] - Successfully added fra_sol_arpajonsurc8898 generator to eu-fra area!
INFO [2024-09-09 17:08:26] [SOLAR] - Adding fra_sol_arrassurrhn8900 generator to eu-fra area...
INFO [2024-09-09 17:08:26] [SOLAR] - Successfully added fra_sol_arrassurrhn8900 generator to eu-fra area!
INFO [2024-09-09 17:08:26] [SOLAR] - Adding fra_sol_arsac8902 generator to eu-fra area...
INFO [2024-09-09 17:08:26] [SOLAR] - Successfully added fra_sol_arsac8902 generator to eu-fra area!
INFO [2024-09-09 17:08:26] [SOLAR] - Adding fra_sol_aubagne8911 generator to eu-fra area...
INFO [2024-09-09 17:08:26] [SOLAR] - Successfully added fra_sol_aubagne8911 generator to eu-fra area!
INFO [2024-09-09 17:08:26] [SOLAR] - Adding fra_sol_aubenas8913 generator to eu-fra area...
INFO [2024-09-09 17:08:26] [SOLAR] - Successfully added fra_sol_aubenas8913 generator to eu-fra area!
INFO [2024-09-09 17:08:26] [SOLAR] - Adding fra_sol_aubergenville8914 generator to eu-fra area...
INFO [2024-09-09 17:08:26] [SOLAR] - Successfully added fra_sol_aubergenville8914 generator to eu-fra area!
INFO [2024-09-09 17:08:26] [SOLAR] - Adding fra_sol_aubusson8916 generator to eu-fra area...
INFO [2024-09-09 17:08:26] [SOLAR] - Successfully added fra_sol_aubusson8916 generator to eu-fra area!
INFO [2024-09-09 17:08:26] [SOLAR] - Adding fra_sol_aumontaubrac8920 generator to eu-fra area...
INFO [2024-09-09 17:08:27] [SOLAR] - Successfully added fra_sol_aumontaubrac8920 generator to eu-fra area!
INFO [2024-09-09 17:08:27] [SOLAR] - Adding fra_sol_aurel8921 generator to eu-fra area...
INFO [2024-09-09 17:08:27] [SOLAR] - Successfully added fra_sol_aurel8921 generator to eu-fra area!
INFO [2024-09-09 17:08:27] [SOLAR] - Adding fra_sol_auriaclagast8922 generator to eu-fra area...
INFO [2024-09-09 17:08:27] [SOLAR] - Successfully added fra_sol_auriaclagast8922 generator to eu-fra area!
INFO [2024-09-09 17:08:27] [SOLAR] - Adding fra_sol_aurillac8924 generator to eu-fra area...
INFO [2024-09-09 17:08:27] [SOLAR] - Successfully added fra_sol_aurillac8924 generator to eu-fra area!
INFO [2024-09-09 17:08:27] [SOLAR] - Adding fra_sol_aussillon8926 generator to eu-fra area...
INFO [2024-09-09 17:08:27] [SOLAR] - Successfully added fra_sol_aussillon8926 generator to eu-fra area!
INFO [2024-09-09 17:08:27] [SOLAR] - Adding fra_sol_availleslimouz8931 generator to eu-fra area...
INFO [2024-09-09 17:08:27] [SOLAR] - Successfully added fra_sol_availleslimouz8931 generator to eu-fra area!
INFO [2024-09-09 17:08:27] [SOLAR] - Adding fra_sol_avignon8934 generator to eu-fra area...
INFO [2024-09-09 17:08:27] [SOLAR] - Successfully added fra_sol_avignon8934 generator to eu-fra area!
INFO [2024-09-09 17:08:27] [SOLAR] - Adding fra_sol_avignonetlaura8936 generator to eu-fra area...
INFO [2024-09-09 17:08:27] [SOLAR] - Successfully added fra_sol_avignonetlaura8936 generator to eu-fra area!
INFO [2024-09-09 17:08:27] [SOLAR] - Adding fra_sol_avonlesroches8937 generator to eu-fra area...
INFO [2024-09-09 17:08:28] [SOLAR] - Successfully added fra_sol_avonlesroches8937 generator to eu-fra area!
INFO [2024-09-09 17:08:28] [SOLAR] - Adding fra_sol_baiemahault8955 generator to eu-fra area...
INFO [2024-09-09 17:08:28] [SOLAR] - Successfully added fra_sol_baiemahault8955 generator to eu-fra area!
INFO [2024-09-09 17:08:28] [SOLAR] - Adding fra_sol_barbaste8966 generator to eu-fra area...
INFO [2024-09-09 17:08:28] [SOLAR] - Successfully added fra_sol_barbaste8966 generator to eu-fra area!
INFO [2024-09-09 17:08:28] [SOLAR] - Adding fra_sol_basseterre8970 generator to eu-fra area...
INFO [2024-09-09 17:08:28] [SOLAR] - Successfully added fra_sol_basseterre8970 generator to eu-fra area!
INFO [2024-09-09 17:08:28] [SOLAR] - Adding fra_sol_bastelicaccia8972 generator to eu-fra area...
INFO [2024-09-09 17:08:28] [SOLAR] - Successfully added fra_sol_bastelicaccia8972 generator to eu-fra area!
INFO [2024-09-09 17:08:28] [SOLAR] - Adding fra_sol_batilly8973 generator to eu-fra area...
INFO [2024-09-09 17:08:29] [SOLAR] - Successfully added fra_sol_batilly8973 generator to eu-fra area!
INFO [2024-09-09 17:08:29] [SOLAR] - Adding fra_sol_beaucaire8979 generator to eu-fra area...
INFO [2024-09-09 17:08:29] [SOLAR] - Successfully added fra_sol_beaucaire8979 generator to eu-fra area!
INFO [2024-09-09 17:08:29] [SOLAR] - Adding fra_sol_beaumontdelom8985 generator to eu-fra area...
INFO [2024-09-09 17:08:29] [SOLAR] - Successfully added fra_sol_beaumontdelom8985 generator to eu-fra area!
INFO [2024-09-09 17:08:29] [SOLAR] - Adding fra_sol_bellegarde8992 generator to eu-fra area...
INFO [2024-09-09 17:08:29] [SOLAR] - Successfully added fra_sol_bellegarde8992 generator to eu-fra area!
INFO [2024-09-09 17:08:29] [SOLAR] - Adding fra_sol_bellocsaintcl8993 generator to eu-fra area...
INFO [2024-09-09 17:08:29] [SOLAR] - Successfully added fra_sol_bellocsaintcl8993 generator to eu-fra area!
INFO [2024-09-09 17:08:29] [SOLAR] - Adding fra_sol_belvzet8994 generator to eu-fra area...
INFO [2024-09-09 17:08:29] [SOLAR] - Successfully added fra_sol_belvzet8994 generator to eu-fra area!
INFO [2024-09-09 17:08:29] [SOLAR] - Adding fra_sol_benet8998 generator to eu-fra area...
INFO [2024-09-09 17:08:30] [SOLAR] - Successfully added fra_sol_benet8998 generator to eu-fra area!
INFO [2024-09-09 17:08:30] [SOLAR] - Adding fra_sol_benotville8999 generator to eu-fra area...
INFO [2024-09-09 17:08:30] [SOLAR] - Successfully added fra_sol_benotville8999 generator to eu-fra area!
INFO [2024-09-09 17:08:30] [SOLAR] - Adding fra_sol_berdoues9000 generator to eu-fra area...
INFO [2024-09-09 17:08:30] [SOLAR] - Successfully added fra_sol_berdoues9000 generator to eu-fra area!
INFO [2024-09-09 17:08:30] [SOLAR] - Adding fra_sol_besanon9004 generator to eu-fra area...
INFO [2024-09-09 17:08:30] [SOLAR] - Successfully added fra_sol_besanon9004 generator to eu-fra area!
INFO [2024-09-09 17:08:30] [SOLAR] - Adding fra_sol_bessan9005 generator to eu-fra area...
INFO [2024-09-09 17:08:30] [SOLAR] - Successfully added fra_sol_bessan9005 generator to eu-fra area!
INFO [2024-09-09 17:08:30] [SOLAR] - Adding fra_sol_besset9006 generator to eu-fra area...
INFO [2024-09-09 17:08:30] [SOLAR] - Successfully added fra_sol_besset9006 generator to eu-fra area!
INFO [2024-09-09 17:08:30] [SOLAR] - Adding fra_sol_bessges9009 generator to eu-fra area...
INFO [2024-09-09 17:08:30] [SOLAR] - Successfully added fra_sol_bessges9009 generator to eu-fra area!
INFO [2024-09-09 17:08:30] [SOLAR] - Adding fra_sol_beynat9013 generator to eu-fra area...
INFO [2024-09-09 17:08:31] [SOLAR] - Successfully added fra_sol_beynat9013 generator to eu-fra area!
INFO [2024-09-09 17:08:31] [SOLAR] - Adding fra_sol_blanquefort9019 generator to eu-fra area...
INFO [2024-09-09 17:08:31] [SOLAR] - Successfully added fra_sol_blanquefort9019 generator to eu-fra area!
INFO [2024-09-09 17:08:31] [SOLAR] - Adding fra_sol_blauvac9021 generator to eu-fra area...
INFO [2024-09-09 17:08:31] [SOLAR] - Successfully added fra_sol_blauvac9021 generator to eu-fra area!
INFO [2024-09-09 17:08:31] [SOLAR] - Adding fra_sol_blavozy9022 generator to eu-fra area...
INFO [2024-09-09 17:08:31] [SOLAR] - Successfully added fra_sol_blavozy9022 generator to eu-fra area!
INFO [2024-09-09 17:08:31] [SOLAR] - Adding fra_sol_boissires9024 generator to eu-fra area...
INFO [2024-09-09 17:08:31] [SOLAR] - Successfully added fra_sol_boissires9024 generator to eu-fra area!
INFO [2024-09-09 17:08:31] [SOLAR] - Adding fra_sol_bollne9027 generator to eu-fra area...
INFO [2024-09-09 17:08:31] [SOLAR] - Successfully added fra_sol_bollne9027 generator to eu-fra area!
INFO [2024-09-09 17:08:31] [SOLAR] - Adding fra_sol_bonifacio9028 generator to eu-fra area...
INFO [2024-09-09 17:08:31] [SOLAR] - Successfully added fra_sol_bonifacio9028 generator to eu-fra area!
INFO [2024-09-09 17:08:31] [SOLAR] - Adding fra_sol_bonnat9030 generator to eu-fra area...
INFO [2024-09-09 17:08:32] [SOLAR] - Successfully added fra_sol_bonnat9030 generator to eu-fra area!
INFO [2024-09-09 17:08:32] [SOLAR] - Adding fra_sol_bonnemain9031 generator to eu-fra area...
INFO [2024-09-09 17:08:32] [SOLAR] - Successfully added fra_sol_bonnemain9031 generator to eu-fra area!
INFO [2024-09-09 17:08:32] [SOLAR] - Adding fra_sol_bonneuilmatour9034 generator to eu-fra area...
INFO [2024-09-09 17:08:32] [SOLAR] - Successfully added fra_sol_bonneuilmatour9034 generator to eu-fra area!
INFO [2024-09-09 17:08:32] [SOLAR] - Adding fra_sol_boos9039 generator to eu-fra area...
INFO [2024-09-09 17:08:32] [SOLAR] - Successfully added fra_sol_boos9039 generator to eu-fra area!
INFO [2024-09-09 17:08:32] [SOLAR] - Adding fra_sol_bordeaux9041 generator to eu-fra area...
INFO [2024-09-09 17:08:32] [SOLAR] - Successfully added fra_sol_bordeaux9041 generator to eu-fra area!
INFO [2024-09-09 17:08:32] [SOLAR] - Skipped fra_sol_borgo9042 generator (inactive in 2015).
INFO [2024-09-09 17:08:32] [SOLAR] - Adding fra_sol_bouillargues9047 generator to eu-fra area...
INFO [2024-09-09 17:08:32] [SOLAR] - Successfully added fra_sol_bouillargues9047 generator to eu-fra area!
INFO [2024-09-09 17:08:32] [SOLAR] - Adding fra_sol_bouloc9050 generator to eu-fra area...
INFO [2024-09-09 17:08:33] [SOLAR] - Successfully added fra_sol_bouloc9050 generator to eu-fra area!
INFO [2024-09-09 17:08:33] [SOLAR] - Adding fra_sol_bourgbarr9054 generator to eu-fra area...
INFO [2024-09-09 17:08:33] [SOLAR] - Successfully added fra_sol_bourgbarr9054 generator to eu-fra area!
INFO [2024-09-09 17:08:33] [SOLAR] - Adding fra_sol_bourges9055 generator to eu-fra area...
INFO [2024-09-09 17:08:33] [SOLAR] - Successfully added fra_sol_bourges9055 generator to eu-fra area!
INFO [2024-09-09 17:08:33] [SOLAR] - Adding fra_sol_bourgneufenma9056 generator to eu-fra area...
INFO [2024-09-09 17:08:33] [SOLAR] - Successfully added fra_sol_bourgneufenma9056 generator to eu-fra area!
INFO [2024-09-09 17:08:33] [SOLAR] - Adding fra_sol_boussac9062 generator to eu-fra area...
INFO [2024-09-09 17:08:33] [SOLAR] - Successfully added fra_sol_boussac9062 generator to eu-fra area!
INFO [2024-09-09 17:08:33] [SOLAR] - Adding fra_sol_boutdupontde9063 generator to eu-fra area...
INFO [2024-09-09 17:08:33] [SOLAR] - Successfully added fra_sol_boutdupontde9063 generator to eu-fra area!
INFO [2024-09-09 17:08:33] [SOLAR] - Adding fra_sol_bozouls9069 generator to eu-fra area...
INFO [2024-09-09 17:08:33] [SOLAR] - Successfully added fra_sol_bozouls9069 generator to eu-fra area!
INFO [2024-09-09 17:08:33] [SOLAR] - Adding fra_sol_bo9070 generator to eu-fra area...
INFO [2024-09-09 17:08:34] [SOLAR] - Successfully added fra_sol_bo9070 generator to eu-fra area!
INFO [2024-09-09 17:08:34] [SOLAR] - Adding fra_sol_bram9073 generator to eu-fra area...
INFO [2024-09-09 17:08:34] [SOLAR] - Successfully added fra_sol_bram9073 generator to eu-fra area!
INFO [2024-09-09 17:08:34] [SOLAR] - Adding fra_sol_braspanon9074 generator to eu-fra area...
INFO [2024-09-09 17:08:34] [SOLAR] - Successfully added fra_sol_braspanon9074 generator to eu-fra area!
INFO [2024-09-09 17:08:34] [SOLAR] - Adding fra_sol_bressols9079 generator to eu-fra area...
INFO [2024-09-09 17:08:34] [SOLAR] - Successfully added fra_sol_bressols9079 generator to eu-fra area!
INFO [2024-09-09 17:08:34] [SOLAR] - Adding fra_sol_bressuire9081 generator to eu-fra area...
INFO [2024-09-09 17:08:34] [SOLAR] - Successfully added fra_sol_bressuire9081 generator to eu-fra area!
INFO [2024-09-09 17:08:34] [SOLAR] - Adding fra_sol_breuvannesenb9083 generator to eu-fra area...
INFO [2024-09-09 17:08:34] [SOLAR] - Successfully added fra_sol_breuvannesenb9083 generator to eu-fra area!
INFO [2024-09-09 17:08:34] [SOLAR] - Adding fra_sol_briec9086 generator to eu-fra area...
INFO [2024-09-09 17:08:35] [SOLAR] - Successfully added fra_sol_briec9086 generator to eu-fra area!
INFO [2024-09-09 17:08:35] [SOLAR] - Adding fra_sol_brignoles9087 generator to eu-fra area...
INFO [2024-09-09 17:08:35] [SOLAR] - Successfully added fra_sol_brignoles9087 generator to eu-fra area!
INFO [2024-09-09 17:08:35] [SOLAR] - Adding fra_sol_brion9089 generator to eu-fra area...
INFO [2024-09-09 17:08:35] [SOLAR] - Successfully added fra_sol_brion9089 generator to eu-fra area!
INFO [2024-09-09 17:08:35] [SOLAR] - Adding fra_sol_brivelagailla9091 generator to eu-fra area...
INFO [2024-09-09 17:08:35] [SOLAR] - Successfully added fra_sol_brivelagailla9091 generator to eu-fra area!
INFO [2024-09-09 17:08:35] [SOLAR] - Adding fra_sol_brognon9092 generator to eu-fra area...
INFO [2024-09-09 17:08:35] [SOLAR] - Successfully added fra_sol_brognon9092 generator to eu-fra area!
INFO [2024-09-09 17:08:35] [SOLAR] - Adding fra_sol_buzetsurbas9099 generator to eu-fra area...
INFO [2024-09-09 17:08:35] [SOLAR] - Successfully added fra_sol_buzetsurbas9099 generator to eu-fra area!
INFO [2024-09-09 17:08:35] [SOLAR] - Adding fra_sol_bdarieux9101 generator to eu-fra area...
INFO [2024-09-09 17:08:35] [SOLAR] - Successfully added fra_sol_bdarieux9101 generator to eu-fra area!
INFO [2024-09-09 17:08:35] [SOLAR] - Adding fra_sol_btheniville9103 generator to eu-fra area...
INFO [2024-09-09 17:08:36] [SOLAR] - Successfully added fra_sol_btheniville9103 generator to eu-fra area!
INFO [2024-09-09 17:08:36] [SOLAR] - Adding fra_sol_bziers9104 generator to eu-fra area...
INFO [2024-09-09 17:08:36] [SOLAR] - Successfully added fra_sol_bziers9104 generator to eu-fra area!
INFO [2024-09-09 17:08:36] [SOLAR] - Adding fra_sol_cabasse9120 generator to eu-fra area...
INFO [2024-09-09 17:08:36] [SOLAR] - Successfully added fra_sol_cabasse9120 generator to eu-fra area!
INFO [2024-09-09 17:08:36] [SOLAR] - Adding fra_sol_caissargues9123 generator to eu-fra area...
INFO [2024-09-09 17:08:36] [SOLAR] - Successfully added fra_sol_caissargues9123 generator to eu-fra area!
INFO [2024-09-09 17:08:36] [SOLAR] - Adding fra_sol_calenzana9129 generator to eu-fra area...
INFO [2024-09-09 17:08:36] [SOLAR] - Successfully added fra_sol_calenzana9129 generator to eu-fra area!
INFO [2024-09-09 17:08:36] [SOLAR] - Adding fra_sol_callian9131 generator to eu-fra area...
INFO [2024-09-09 17:08:37] [SOLAR] - Successfully added fra_sol_callian9131 generator to eu-fra area!
INFO [2024-09-09 17:08:37] [SOLAR] - Adding fra_sol_calmont9132 generator to eu-fra area...
INFO [2024-09-09 17:08:37] [SOLAR] - Successfully added fra_sol_calmont9132 generator to eu-fra area!
INFO [2024-09-09 17:08:37] [SOLAR] - Adding fra_sol_camars9133 generator to eu-fra area...
INFO [2024-09-09 17:08:37] [SOLAR] - Successfully added fra_sol_camars9133 generator to eu-fra area!
INFO [2024-09-09 17:08:37] [SOLAR] - Adding fra_sol_cancon9141 generator to eu-fra area...
INFO [2024-09-09 17:08:37] [SOLAR] - Successfully added fra_sol_cancon9141 generator to eu-fra area!
INFO [2024-09-09 17:08:37] [SOLAR] - Adding fra_sol_cannes9144 generator to eu-fra area...
INFO [2024-09-09 17:08:37] [SOLAR] - Successfully added fra_sol_cannes9144 generator to eu-fra area!
INFO [2024-09-09 17:08:37] [SOLAR] - Adding fra_sol_capesterrebell9146 generator to eu-fra area...
INFO [2024-09-09 17:08:38] [SOLAR] - Successfully added fra_sol_capesterrebell9146 generator to eu-fra area!
INFO [2024-09-09 17:08:38] [SOLAR] - Adding fra_sol_capesterredem9147 generator to eu-fra area...
INFO [2024-09-09 17:08:38] [SOLAR] - Successfully added fra_sol_capesterredem9147 generator to eu-fra area!
INFO [2024-09-09 17:08:38] [SOLAR] - Adding fra_sol_carcassonne9148 generator to eu-fra area...
INFO [2024-09-09 17:08:38] [SOLAR] - Successfully added fra_sol_carcassonne9148 generator to eu-fra area!
INFO [2024-09-09 17:08:38] [SOLAR] - Adding fra_sol_carcenponson9149 generator to eu-fra area...
INFO [2024-09-09 17:08:38] [SOLAR] - Successfully added fra_sol_carcenponson9149 generator to eu-fra area!
INFO [2024-09-09 17:08:38] [SOLAR] - Adding fra_sol_carpentras9151 generator to eu-fra area...
INFO [2024-09-09 17:08:38] [SOLAR] - Successfully added fra_sol_carpentras9151 generator to eu-fra area!
INFO [2024-09-09 17:08:38] [SOLAR] - Adding fra_sol_carros9152 generator to eu-fra area...
INFO [2024-09-09 17:08:39] [SOLAR] - Successfully added fra_sol_carros9152 generator to eu-fra area!
INFO [2024-09-09 17:08:39] [SOLAR] - Adding fra_sol_casteljaloux9155 generator to eu-fra area...
INFO [2024-09-09 17:08:39] [SOLAR] - Successfully added fra_sol_casteljaloux9155 generator to eu-fra area!
INFO [2024-09-09 17:08:39] [SOLAR] - Adding fra_sol_castelnaudest9159 generator to eu-fra area...
INFO [2024-09-09 17:08:39] [SOLAR] - Successfully added fra_sol_castelnaudest9159 generator to eu-fra area!
INFO [2024-09-09 17:08:39] [SOLAR] - Adding fra_sol_castelnaulele9160 generator to eu-fra area...
INFO [2024-09-09 17:08:39] [SOLAR] - Successfully added fra_sol_castelnaulele9160 generator to eu-fra area!
INFO [2024-09-09 17:08:39] [SOLAR] - Adding fra_sol_castelnaudary9161 generator to eu-fra area...
INFO [2024-09-09 17:08:39] [SOLAR] - Successfully added fra_sol_castelnaudary9161 generator to eu-fra area!
INFO [2024-09-09 17:08:39] [SOLAR] - Adding fra_sol_castets9163 generator to eu-fra area...
