INFO [2024-10-13 14:54:43] [MAIN] - Initializing output folder...
INFO [2024-10-13 14:54:47] [MAIN] - Reading simulations of pre-existing v2_20clu__2024_09_04_22_33_36 study...
INFO [2024-10-13 14:54:47] [MAIN] - Opening 20240905-0707eco-world_vOutages_accurateUCM simulation...
INFO [2024-10-13 14:54:47] [MAIN] - Preparing to compare generation values with Deane...
INFO [2024-10-13 14:54:47] [DEANE] - Saving generation comparisons for africa continent...
INFO [2024-10-13 14:54:48] [DEANE] - Done saving generation comparisons for africa continent!
INFO [2024-10-13 14:54:48] [DEANE] - Saving generation comparisons for asia continent...
INFO [2024-10-13 14:54:48] [DEANE] - Done saving generation comparisons for asia continent!
INFO [2024-10-13 14:54:49] [DEANE] - Saving generation comparisons for europe continent...
INFO [2024-10-13 14:54:49] [DEANE] - Done saving generation comparisons for europe continent!
INFO [2024-10-13 14:54:49] [DEANE] - Saving generation comparisons for north america continent...
INFO [2024-10-13 14:54:49] [DEANE] - Done saving generation comparisons for north america continent!
INFO [2024-10-13 14:54:49] [DEANE] - Saving generation comparisons for oceania continent...
INFO [2024-10-13 14:54:49] [DEANE] - Done saving generation comparisons for oceania continent!
INFO [2024-10-13 14:54:49] [DEANE] - Saving generation comparisons for south america continent...
INFO [2024-10-13 14:54:50] [DEANE] - Done saving generation comparisons for south america continent!
INFO [2024-10-13 14:54:50] [DEANE] - Saving generation comparisons for the world...
INFO [2024-10-13 14:54:50] [DEANE] - Done saving generation comparisons for the world!
INFO [2024-10-13 14:54:50] [MAIN] - Done comparing generation values with Deane! (run time : 3.01 s).

INFO [2024-10-13 14:54:50] [MAIN] - Preparing to compare emissions values with Deane...
INFO [2024-10-13 14:54:50] [DEANE] - Computing continental CO2 emissions in Antares study...
INFO [2024-10-13 14:55:16] [DEANE] - Done computing continental CO2 emissions!
INFO [2024-10-13 14:55:16] [DEANE] - Saving emissions comparisons for africa continent...
INFO [2024-10-13 14:55:17] [DEANE] - Done saving emissions comparisons for africa continent!
INFO [2024-10-13 14:55:17] [DEANE] - Saving emissions comparisons for asia continent...
INFO [2024-10-13 14:55:17] [DEANE] - Done saving emissions comparisons for asia continent!
INFO [2024-10-13 14:55:17] [DEANE] - Saving emissions comparisons for europe continent...
INFO [2024-10-13 14:55:17] [DEANE] - Done saving emissions comparisons for europe continent!
INFO [2024-10-13 14:55:17] [DEANE] - Saving emissions comparisons for north america continent...
INFO [2024-10-13 14:55:17] [DEANE] - Done saving emissions comparisons for north america continent!
INFO [2024-10-13 14:55:17] [DEANE] - Saving emissions comparisons for oceania continent...
INFO [2024-10-13 14:55:18] [DEANE] - Done saving emissions comparisons for oceania continent!
INFO [2024-10-13 14:55:18] [DEANE] - Saving emissions comparisons for south america continent...
INFO [2024-10-13 14:55:18] [DEANE] - Done saving emissions comparisons for south america continent!
INFO [2024-10-13 14:55:18] [DEANE] - Computing world CO2 emissions in Antares study...
