INFO [2024-08-20 15:27:18] [MAIN] - Creating Deane_SA_districts_test__2024_08_20_15_27_17 study...

INFO [2024-08-20 15:27:18] [MAIN] - Unit commitment mode : ACCURATE
INFO [2024-08-20 15:27:18] [MAIN] - Adding nodes...

INFO [2024-08-20 15:27:19] [NODES] - Adding SA-ARG node...
INFO [2024-08-20 15:27:20] [NODES] - Adding SA-BOL node...
INFO [2024-08-20 15:27:20] [NODES] - Adding SA-BRA-CN node...
INFO [2024-08-20 15:27:20] [NODES] - Adding SA-BRA-CW node...
INFO [2024-08-20 15:27:20] [NODES] - Adding SA-BRA-J1 node...
INFO [2024-08-20 15:27:20] [NODES] - Adding SA-BRA-J2 node...
INFO [2024-08-20 15:27:21] [NODES] - Adding SA-BRA-J3 node...
INFO [2024-08-20 15:27:21] [NODES] - Adding SA-BRA-NE node...
INFO [2024-08-20 15:27:21] [NODES] - Adding SA-BRA-NW node...
INFO [2024-08-20 15:27:22] [NODES] - Adding SA-BRA-SE node...
INFO [2024-08-20 15:27:22] [NODES] - Adding SA-BRA-SO node...
INFO [2024-08-20 15:27:22] [NODES] - Adding SA-BRA-WE node...
INFO [2024-08-20 15:27:23] [NODES] - Adding SA-CHL node...
INFO [2024-08-20 15:27:23] [NODES] - Adding SA-COL node...
INFO [2024-08-20 15:27:23] [NODES] - Adding SA-ECU node...
INFO [2024-08-20 15:27:24] [NODES] - Adding SA-GUF node...
INFO [2024-08-20 15:27:24] [NODES] - Adding SA-GUY node...
INFO [2024-08-20 15:27:24] [NODES] - Adding SA-PER node...
INFO [2024-08-20 15:27:25] [NODES] - Adding SA-PRY node...
INFO [2024-08-20 15:27:25] [NODES] - Adding SA-URY node...
INFO [2024-08-20 15:27:26] [NODES] - Adding SA-VEN node...
INFO [2024-08-20 15:27:26] [MAIN] - Done adding nodes! (run time : 8.33s).

INFO [2024-08-20 15:27:26] [MAIN] - Adding districts...

INFO [2024-08-20 15:27:27] [DISTRICTS] - Creating south america continental district...
INFO [2024-08-20 15:27:27] [DISTRICTS] - Done creating south america continental district!
INFO [2024-08-20 15:27:27] [DISTRICTS] - Creating sa-bra district from regional nodes...
INFO [2024-08-20 15:27:28] [DISTRICTS] - Done creating sa-bra district!
INFO [2024-08-20 15:27:28] [MAIN] - Done adding districts! (run time : 1.64s).

INFO [2024-08-20 15:27:28] [MAIN] - Adding load data...

INFO [2024-08-20 15:27:30] [LOAD] - Adding SA-ARG load data...
INFO [2024-08-20 15:27:30] [LOAD] - Adding SA-BOL load data...
INFO [2024-08-20 15:27:30] [LOAD] - Adding SA-BRA-CN load data...
INFO [2024-08-20 15:27:30] [LOAD] - Adding SA-BRA-CW load data...
INFO [2024-08-20 15:27:30] [LOAD] - Adding SA-BRA-J1 load data...
INFO [2024-08-20 15:27:30] [WARN] - Could not add load data to SA-BRA-J1 node, skipping...
INFO [2024-08-20 15:27:30] [LOAD] - Adding SA-BRA-J2 load data...
INFO [2024-08-20 15:27:30] [WARN] - Could not add load data to SA-BRA-J2 node, skipping...
INFO [2024-08-20 15:27:30] [LOAD] - Adding SA-BRA-J3 load data...
INFO [2024-08-20 15:27:30] [WARN] - Could not add load data to SA-BRA-J3 node, skipping...
INFO [2024-08-20 15:27:30] [LOAD] - Adding SA-BRA-NE load data...
INFO [2024-08-20 15:27:30] [LOAD] - Adding SA-BRA-NW load data...
INFO [2024-08-20 15:27:31] [LOAD] - Adding SA-BRA-SE load data...
INFO [2024-08-20 15:27:31] [LOAD] - Adding SA-BRA-SO load data...
INFO [2024-08-20 15:27:31] [LOAD] - Adding SA-BRA-WE load data...
INFO [2024-08-20 15:27:31] [LOAD] - Adding SA-CHL load data...
INFO [2024-08-20 15:27:31] [LOAD] - Adding SA-COL load data...
INFO [2024-08-20 15:27:32] [LOAD] - Adding SA-ECU load data...
INFO [2024-08-20 15:27:32] [LOAD] - Adding SA-GUF load data...
INFO [2024-08-20 15:27:32] [LOAD] - Adding SA-GUY load data...
INFO [2024-08-20 15:27:33] [LOAD] - Adding SA-PER load data...
INFO [2024-08-20 15:27:33] [LOAD] - Adding SA-PRY load data...
INFO [2024-08-20 15:27:33] [LOAD] - Adding SA-URY load data...
INFO [2024-08-20 15:27:33] [LOAD] - Adding SA-VEN load data...
INFO [2024-08-20 15:27:33] [MAIN] - Done adding load data! (run time : 5.49s).

INFO [2024-08-20 15:27:33] [MAIN] - Fetching wind data...

INFO [2024-08-20 15:27:34] [WIND] - Adding SA-ARG aggregated wind data...
INFO [2024-08-20 15:27:34] [WARN] - Skipped adding wind data for SA-BOL (no generators found in PLEXOS).
INFO [2024-08-20 15:27:34] [WARN] - Skipped adding wind data for SA-BRA-CN (no generators found in PLEXOS).
INFO [2024-08-20 15:27:34] [WARN] - Skipped adding wind data for SA-BRA-CW (no generators found in PLEXOS).
INFO [2024-08-20 15:27:34] [WARN] - Skipped adding wind data for SA-BRA-J1 (no generators found in PLEXOS).
INFO [2024-08-20 15:27:34] [WARN] - Skipped adding wind data for SA-BRA-J2 (no generators found in PLEXOS).
INFO [2024-08-20 15:27:34] [WARN] - Skipped adding wind data for SA-BRA-J3 (no generators found in PLEXOS).
INFO [2024-08-20 15:27:34] [WIND] - Adding SA-BRA-NE aggregated wind data...
INFO [2024-08-20 15:27:34] [WARN] - Skipped adding wind data for SA-BRA-NW (no generators found in PLEXOS).
INFO [2024-08-20 15:27:34] [WIND] - Adding SA-BRA-SE aggregated wind data...
INFO [2024-08-20 15:27:34] [WIND] - Adding SA-BRA-SO aggregated wind data...
INFO [2024-08-20 15:27:34] [WARN] - Skipped adding wind data for SA-BRA-WE (no generators found in PLEXOS).
INFO [2024-08-20 15:27:35] [WIND] - Adding SA-CHL aggregated wind data...
INFO [2024-08-20 15:27:35] [WIND] - Adding SA-COL aggregated wind data...
INFO [2024-08-20 15:27:35] [WIND] - Adding SA-ECU aggregated wind data...
INFO [2024-08-20 15:27:35] [WARN] - Skipped adding wind data for SA-GUF (no generators found in PLEXOS).
INFO [2024-08-20 15:27:35] [WIND] - Adding SA-GUY aggregated wind data...
INFO [2024-08-20 15:27:35] [WIND] - Adding SA-PER aggregated wind data...
INFO [2024-08-20 15:27:35] [WARN] - Skipped adding wind data for SA-PRY (no generators found in PLEXOS).
INFO [2024-08-20 15:27:35] [WIND] - Adding SA-URY aggregated wind data...
INFO [2024-08-20 15:27:36] [WIND] - Adding SA-VEN aggregated wind data...
INFO [2024-08-20 15:27:36] [MAIN] - Done adding wind data! (run time : 2.15s).

INFO [2024-08-20 15:27:36] [MAIN] - Fetching solar data...

INFO [2024-08-20 15:27:36] [SOLAR] - Adding SA-ARG aggregated solar data...
INFO [2024-08-20 15:27:36] [SOLAR] - Adding SA-BOL aggregated solar data...
INFO [2024-08-20 15:27:36] [WARN] - Skipped adding solar data for SA-BRA-CN (no generators found in PLEXOS).
INFO [2024-08-20 15:27:36] [WARN] - Skipped adding solar data for SA-BRA-CW (no generators found in PLEXOS).
INFO [2024-08-20 15:27:36] [WARN] - Skipped adding solar data for SA-BRA-J1 (no generators found in PLEXOS).
INFO [2024-08-20 15:27:36] [WARN] - Skipped adding solar data for SA-BRA-J2 (no generators found in PLEXOS).
INFO [2024-08-20 15:27:36] [WARN] - Skipped adding solar data for SA-BRA-J3 (no generators found in PLEXOS).
INFO [2024-08-20 15:27:36] [SOLAR] - Adding SA-BRA-NE aggregated solar data...
INFO [2024-08-20 15:27:36] [WARN] - Skipped adding solar data for SA-BRA-NW (no generators found in PLEXOS).
INFO [2024-08-20 15:27:37] [SOLAR] - Adding SA-BRA-SE aggregated solar data...
INFO [2024-08-20 15:27:37] [SOLAR] - Adding SA-BRA-SO aggregated solar data...
INFO [2024-08-20 15:27:37] [WARN] - Skipped adding solar data for SA-BRA-WE (no generators found in PLEXOS).
INFO [2024-08-20 15:27:37] [SOLAR] - Adding SA-CHL aggregated solar data...
INFO [2024-08-20 15:27:37] [WARN] - Skipped adding solar data for SA-COL (no generators found in PLEXOS).
INFO [2024-08-20 15:27:37] [SOLAR] - Adding SA-ECU aggregated solar data...
INFO [2024-08-20 15:27:37] [SOLAR] - Adding SA-GUF aggregated solar data...
INFO [2024-08-20 15:27:37] [WARN] - Skipped adding solar data for SA-GUY (no generators found in PLEXOS).
INFO [2024-08-20 15:27:37] [SOLAR] - Adding SA-PER aggregated solar data...
INFO [2024-08-20 15:27:37] [WARN] - Skipped adding solar data for SA-PRY (no generators found in PLEXOS).
INFO [2024-08-20 15:27:38] [SOLAR] - Adding SA-URY aggregated solar data...
INFO [2024-08-20 15:27:38] [WARN] - Skipped adding solar data for SA-VEN (no generators found in PLEXOS).
INFO [2024-08-20 15:27:38] [MAIN] - Done adding solar data! (run time : 1.98s).

INFO [2024-08-20 15:27:38] [MAIN] - Beginning hydro implementation...
INFO [2024-08-20 15:27:39] [HYDRO] - Initializing SA-ARG hydro parameters...
INFO [2024-08-20 15:27:40] [HYDRO] - Adding SA-ARG max power timeseries...
INFO [2024-08-20 15:27:41] [HYDRO] - Adding SA-ARG hydro profiles...
INFO [2024-08-20 15:27:42] [HYDRO] - Initializing SA-BOL hydro parameters...
INFO [2024-08-20 15:27:43] [HYDRO] - Adding SA-BOL max power timeseries...
INFO [2024-08-20 15:27:44] [HYDRO] - Adding SA-BOL hydro profiles...
INFO [2024-08-20 15:27:45] [HYDRO] - Initializing SA-BRA-CN hydro parameters...
INFO [2024-08-20 15:27:46] [HYDRO] - Adding SA-BRA-CN max power timeseries...
INFO [2024-08-20 15:27:47] [HYDRO] - Adding SA-BRA-CN hydro profiles...
INFO [2024-08-20 15:27:48] [HYDRO] - Initializing SA-BRA-CW hydro parameters...
INFO [2024-08-20 15:27:49] [HYDRO] - Adding SA-BRA-CW max power timeseries...
INFO [2024-08-20 15:27:50] [HYDRO] - Adding SA-BRA-CW hydro profiles...
INFO [2024-08-20 15:27:51] [HYDRO] - Initializing SA-BRA-NE hydro parameters...
INFO [2024-08-20 15:27:52] [HYDRO] - Adding SA-BRA-NE max power timeseries...
INFO [2024-08-20 15:27:53] [HYDRO] - Adding SA-BRA-NE hydro profiles...
INFO [2024-08-20 15:27:54] [HYDRO] - Initializing SA-BRA-NW hydro parameters...
INFO [2024-08-20 15:27:55] [HYDRO] - Adding SA-BRA-NW max power timeseries...
INFO [2024-08-20 15:27:56] [HYDRO] - Adding SA-BRA-NW hydro profiles...
INFO [2024-08-20 15:27:57] [HYDRO] - Initializing SA-BRA-SE hydro parameters...
INFO [2024-08-20 15:27:58] [HYDRO] - Adding SA-BRA-SE max power timeseries...
INFO [2024-08-20 15:27:59] [HYDRO] - Adding SA-BRA-SE hydro profiles...
INFO [2024-08-20 15:28:00] [HYDRO] - Initializing SA-BRA-SO hydro parameters...
INFO [2024-08-20 15:28:01] [HYDRO] - Adding SA-BRA-SO max power timeseries...
INFO [2024-08-20 15:28:02] [HYDRO] - Adding SA-BRA-SO hydro profiles...
INFO [2024-08-20 15:28:03] [HYDRO] - Initializing SA-BRA-WE hydro parameters...
INFO [2024-08-20 15:28:04] [HYDRO] - Adding SA-BRA-WE max power timeseries...
INFO [2024-08-20 15:28:05] [HYDRO] - Adding SA-BRA-WE hydro profiles...
INFO [2024-08-20 15:28:06] [HYDRO] - Initializing SA-CHL hydro parameters...
INFO [2024-08-20 15:28:07] [HYDRO] - Adding SA-CHL max power timeseries...
INFO [2024-08-20 15:28:07] [HYDRO] - Adding SA-CHL hydro profiles...
INFO [2024-08-20 15:28:09] [HYDRO] - Initializing SA-COL hydro parameters...
INFO [2024-08-20 15:28:10] [HYDRO] - Adding SA-COL max power timeseries...
INFO [2024-08-20 15:28:10] [HYDRO] - Adding SA-COL hydro profiles...
INFO [2024-08-20 15:28:12] [HYDRO] - Initializing SA-ECU hydro parameters...
INFO [2024-08-20 15:28:12] [HYDRO] - Adding SA-ECU max power timeseries...
INFO [2024-08-20 15:28:13] [HYDRO] - Adding SA-ECU hydro profiles...
INFO [2024-08-20 15:28:15] [HYDRO] - Initializing SA-GUF hydro parameters...
INFO [2024-08-20 15:28:15] [HYDRO] - Adding SA-GUF max power timeseries...
INFO [2024-08-20 15:28:16] [HYDRO] - Adding SA-GUF hydro profiles...
INFO [2024-08-20 15:28:17] [HYDRO] - Initializing SA-PER hydro parameters...
INFO [2024-08-20 15:28:18] [HYDRO] - Adding SA-PER max power timeseries...
INFO [2024-08-20 15:28:19] [HYDRO] - Adding SA-PER hydro profiles...
INFO [2024-08-20 15:28:20] [HYDRO] - Initializing SA-PRY hydro parameters...
INFO [2024-08-20 15:28:21] [HYDRO] - Adding SA-PRY max power timeseries...
INFO [2024-08-20 15:28:22] [HYDRO] - Adding SA-PRY hydro profiles...
INFO [2024-08-20 15:28:25] [HYDRO] - Initializing SA-URY hydro parameters...
INFO [2024-08-20 15:28:26] [HYDRO] - Adding SA-URY max power timeseries...
INFO [2024-08-20 15:28:27] [HYDRO] - Adding SA-URY hydro profiles...
INFO [2024-08-20 15:28:29] [HYDRO] - Initializing SA-VEN hydro parameters...
INFO [2024-08-20 15:28:30] [HYDRO] - Adding SA-VEN max power timeseries...
INFO [2024-08-20 15:28:31] [HYDRO] - Adding SA-VEN hydro profiles...
INFO [2024-08-20 15:28:31] [MAIN] - Done adding hydro!
INFO [2024-08-20 15:28:31] [MAIN] - Fetching thermal data...
INFO [2024-08-20 15:28:35] [MAIN] - Aggregating identical generators...
INFO [2024-08-20 15:28:35] [MAIN] - Running 15-clustering algorithm on generators...
INFO [2024-08-20 15:28:36] [MAIN] - Done running 15-clustering algorithm on generators!

INFO [2024-08-20 15:28:36] [THERMAL] - Adding ARG_GAS_AGUADELCAJON65_MARDELPLATA231_CTTUCUMAN184 generator to SA-ARG node...
INFO [2024-08-20 15:28:36] [THERMAL] - Adding ARG_GAS_CENTRALTERMOEL102_CENTRALLOMADE92_LUJANDEC generator to SA-ARG node...
INFO [2024-08-20 15:28:36] [THERMAL] - Adding ARG_GAS_CENTRALTERMICA99_PRESIDENTESARM264_MARDEAJ generator to SA-ARG node...
INFO [2024-08-20 15:28:36] [THERMAL] - Adding ARG_GAS_CTSANMIGUELD178_CAPACITY SCALER generator to SA-ARG node...
INFO [2024-08-20 15:28:37] [THERMAL] - Adding ARG_GAS_CTLASARMAS152_GOYAELECTROPA211_OBERATGN212 generator to SA-ARG node...
INFO [2024-08-20 15:28:37] [THERMAL] - Adding ARG_GAS_EXCENTRALBUEN201_CENTRALTERMICA97_CENTRALT generator to SA-ARG node...
INFO [2024-08-20 15:28:37] [THERMAL] - Adding ARG_GAS_SUDOESTE284_COMODORORIVADA110 generator to SA-ARG node...
INFO [2024-08-20 15:28:37] [THERMAL] - Adding ARG_GAS_CTINDEPENDENCI142_PATAGONIA254_LAPLATACOGE generator to SA-ARG node...
INFO [2024-08-20 15:28:37] [THERMAL] - Adding ARG_GAS_CTENSENADADE137_CENTRALTERMOEL104_CENTRALT generator to SA-ARG node...
INFO [2024-08-20 15:28:38] [THERMAL] - Adding ARG_GAS_TENARISSIDERCA286_CENTRALT_GENEL95 generator to SA-ARG node...
INFO [2024-08-20 15:28:38] [THERMAL] - Adding ARG_GAS_ALTOVALLE69 generator to SA-ARG node...
INFO [2024-08-20 15:28:38] [THERMAL] - Adding ARG_GAS_PILARBICENTEN260_CTPLUSPETROLN170_MODESTOM generator to SA-ARG node...
INFO [2024-08-20 15:28:38] [THERMAL] - Adding ARG_GAS_GENERACIONFRIA206_DIQUE191_FILOMORADO202_D generator to SA-ARG node...
INFO [2024-08-20 15:28:38] [THERMAL] - Adding ARG_GAS_PICOTRUNCADOI257_VILLAMARIALA292_CTBRAGADO generator to SA-ARG node...
INFO [2024-08-20 15:28:39] [THERMAL] - Adding ARG_GAS_CTPINAMAR168_LATABLADA221_CTLASARMASII153_ generator to SA-ARG node...
INFO [2024-08-20 15:28:39] [THERMAL] - Adding ARG_COA_CTECOENERGIA136 generator to SA-ARG node...
INFO [2024-08-20 15:28:39] [THERMAL] - Adding ARG_COA_CENTRALTERMICA98 generator to SA-ARG node...
INFO [2024-08-20 15:28:39] [THERMAL] - Adding ARG_COA_NECOCHEA236 generator to SA-ARG node...
INFO [2024-08-20 15:28:40] [THERMAL] - Adding ARG_COA_CENTRALBAHIAB91 generator to SA-ARG node...
INFO [2024-08-20 15:28:40] [THERMAL] - Adding ARG_COA_SANNICOLAS278 generator to SA-ARG node...
INFO [2024-08-20 15:28:40] [THERMAL] - Adding ARG_COA_PILARZANICHELL261 generator to SA-ARG node...
INFO [2024-08-20 15:28:40] [THERMAL] - Adding ARG_COA_SORRENTO283 generator to SA-ARG node...
INFO [2024-08-20 15:28:41] [THERMAL] - Adding ARG_COA_CAPACITY SCALER generator to SA-ARG node...
INFO [2024-08-20 15:28:41] [THERMAL] - Adding ARG_COA_COSTANERA113 generator to SA-ARG node...
INFO [2024-08-20 15:28:41] [THERMAL] - Adding ARG_COA_PUERTONUEVO267 generator to SA-ARG node...
INFO [2024-08-20 15:28:41] [THERMAL] - Adding ARG_BIO_CAPACITY SCALER generator to SA-ARG node...
INFO [2024-08-20 15:28:42] [THERMAL] - Adding ARG_NUC_EMBALSE198 generator to SA-ARG node...
INFO [2024-08-20 15:28:42] [THERMAL] - Adding ARG_NUC_ATUCHAI73 generator to SA-ARG node...
INFO [2024-08-20 15:28:42] [THERMAL] - Adding ARG_NUC_ATUCHAII74 generator to SA-ARG node...
INFO [2024-08-20 15:28:42] [THERMAL] - Adding ARG_OIL_CENTRALPARQUE93_CTAATUYAII122_CTSANMIGUELN generator to SA-ARG node...
INFO [2024-08-20 15:28:43] [THERMAL] - Adding ARG_OIL_CAPACITY SCALER generator to SA-ARG node...
INFO [2024-08-20 15:28:43] [THERMAL] - Adding ARG_OIL_C_T_SANVICENT80 generator to SA-ARG node...
INFO [2024-08-20 15:28:43] [THERMAL] - Adding ARG_OIL_CAACATI81_CACHI84_CORRIENTES112_GOYA210_IT generator to SA-ARG node...
INFO [2024-08-20 15:28:43] [THERMAL] - Adding ARG_OIL_CAFAYATE85_CTINGENIEROJU143_SANMARTINDEL27 generator to SA-ARG node...
INFO [2024-08-20 15:28:44] [THERMAL] - Adding ARG_OIL_CENTRALTERMICA100_CTFORMOSAII139_BANDERA75 generator to SA-ARG node...
INFO [2024-08-20 15:28:44] [THERMAL] - Adding ARG_OIL_ALUMINE70_BERNARDODEIR78_COMANDANTEANDR109 generator to SA-ARG node...
INFO [2024-08-20 15:28:44] [THERMAL] - Adding ARG_OIL_CTLAPLATA148_LARIOJA220 generator to SA-ARG node...
INFO [2024-08-20 15:28:45] [THERMAL] - Adding ARG_OIL_CTJUNIN147_CTPEHUAJO167_CTGENERALVILL140_C generator to SA-ARG node...
INFO [2024-08-20 15:28:45] [THERMAL] - Adding ARG_OIL_CTTEREVINTOS182_VENADOTUERTO290_CTCHILECIT generator to SA-ARG node...
INFO [2024-08-20 15:28:45] [THERMAL] - Adding ARG_OIL_CTALEM117_CTARISTOBULOD119_CTCOLONBUENOS13 generator to SA-ARG node...
INFO [2024-08-20 15:28:45] [THERMAL] - Adding ARG_OIL_CAPITALCATAMAR88_CHILECITO106_CRUZDELEJE11 generator to SA-ARG node...
INFO [2024-08-20 15:28:46] [THERMAL] - Adding ARG_OIL_ISLAVERDE214_NUEVAESPERANZA241_SANTOTOME28 generator to SA-ARG node...
INFO [2024-08-20 15:28:46] [THERMAL] - Adding ARG_OIL_CTCERES129_CTAATUYA121_CTCATAMARCA127_CTCH generator to SA-ARG node...
INFO [2024-08-20 15:28:46] [THERMAL] - Adding ARG_OIL_BARILOCHEPUER76_CAPITALCATAMAR86_CTALUMINE generator to SA-ARG node...
INFO [2024-08-20 15:28:46] [THERMAL] - Adding ARG_OTH_AGUADELCAJON64 generator to SA-ARG node...
INFO [2024-08-20 15:28:47] [THERMAL] - Adding ARG_OTH_PARANA245 generator to SA-ARG node...
INFO [2024-08-20 15:28:47] [THERMAL] - Adding BOL_GAS_KARACHIPAMPAPO1015 generator to SA-BOL node...
INFO [2024-08-20 15:28:47] [THERMAL] - Adding BOL_GAS_ARANJUEZPOWER1001 generator to SA-BOL node...
INFO [2024-08-20 15:28:47] [THERMAL] - Adding BOL_GAS_SANTACRUZPOWE1017 generator to SA-BOL node...
INFO [2024-08-20 15:28:47] [THERMAL] - Adding BOL_GAS_ELALTOELKEN1010 generator to SA-BOL node...
INFO [2024-08-20 15:28:48] [THERMAL] - Adding BOL_GAS_BULOBULOOCGT1003 generator to SA-BOL node...
INFO [2024-08-20 15:28:48] [THERMAL] - Adding BOL_GAS_ENTRERIOSPOWE1011 generator to SA-BOL node...
INFO [2024-08-20 15:28:48] [THERMAL] - Adding BOL_GAS_CARRASCOOCGTP1005 generator to SA-BOL node...
INFO [2024-08-20 15:28:48] [THERMAL] - Adding BOL_GAS_VALLEHERMOSOP1021 generator to SA-BOL node...
INFO [2024-08-20 15:28:48] [THERMAL] - Adding BOL_GAS_CAPACITY SCALER generator to SA-BOL node...
INFO [2024-08-20 15:28:49] [THERMAL] - Adding BOL_GAS_GUARACACHICCGT1012 generator to SA-BOL node...
INFO [2024-08-20 15:28:49] [THERMAL] - Adding BOL_BIO_CAPACITY SCALER generator to SA-BOL node...
INFO [2024-08-20 15:28:49] [THERMAL] - Adding BRA_GAS_ESPIGOI1771_OESTECANOASI2443 generator to SA-BRA-CN node...
INFO [2024-08-20 15:28:49] [THERMAL] - Adding BRA_GAS_PARNABAIV2508 generator to SA-BRA-CN node...
INFO [2024-08-20 15:28:49] [THERMAL] - Adding BRA_GAS_MC2NOVAVENC2239 generator to SA-BRA-CN node...
INFO [2024-08-20 15:28:50] [THERMAL] - Adding BRA-CN_GAS_CAPACITY SCALER generator to SA-BRA-CN node...
INFO [2024-08-20 15:28:50] [THERMAL] - Adding BRA_COA_COSIMA1682 generator to SA-BRA-CN node...
INFO [2024-08-20 15:28:50] [THERMAL] - Adding BRA_COA_COSIPAR1684 generator to SA-BRA-CN node...
INFO [2024-08-20 15:28:50] [THERMAL] - Adding BRA_COA_ALUMAR1115 generator to SA-BRA-CN node...
INFO [2024-08-20 15:28:50] [THERMAL] - Adding BRA_COA_ALUNORTE1116 generator to SA-BRA-CN node...
INFO [2024-08-20 15:28:51] [THERMAL] - Adding BRA_COA_PORTODOITAQUI2637 generator to SA-BRA-CN node...
INFO [2024-08-20 15:28:51] [THERMAL] - Adding BRA-CN_COA_CAPACITY SCALER generator to SA-BRA-CN node...
INFO [2024-08-20 15:28:51] [THERMAL] - Adding BRA_BIO_FLORAPLAC1892 generator to SA-BRA-CN node...
INFO [2024-08-20 15:28:51] [THERMAL] - Adding BRA_BIO_INDSTRIAPALM2058_TRAMONTINA3137 generator to SA-BRA-CN node...
INFO [2024-08-20 15:28:51] [THERMAL] - Adding BRA_BIO_INDSTRIAAGRO2057 generator to SA-BRA-CN node...
INFO [2024-08-20 15:28:52] [THERMAL] - Adding BRA_BIO_VIENA3321 generator to SA-BRA-CN node...
INFO [2024-08-20 15:28:52] [THERMAL] - Adding BRA_BIO_SIMASA2970 generator to SA-BRA-CN node...
INFO [2024-08-20 15:28:52] [THERMAL] - Adding BRA_BIO_GUSANORDESTE2003 generator to SA-BRA-CN node...
INFO [2024-08-20 15:28:52] [THERMAL] - Adding BRA-CN_BIO_CAPACITY SCALER generator to SA-BRA-CN node...
INFO [2024-08-20 15:28:52] [THERMAL] - Adding BRA_BIO_PEDROAFONSO2556 generator to SA-BRA-CN node...
INFO [2024-08-20 15:28:53] [THERMAL] - Adding BRA_BIO_SUZANOMARANH3007 generator to SA-BRA-CN node...
INFO [2024-08-20 15:28:53] [THERMAL] - Adding BRA_OIL_BAGRE1226_CONDOMNIOEDI1637_ETA0061772_ITAP generator to SA-BRA-CN node...
INFO [2024-08-20 15:28:53] [THERMAL] - Adding BRA_OIL_ASSEMBLEIAPARA1183_CEUMAASSOCIA1362_FPIOLO generator to SA-BRA-CN node...
INFO [2024-08-20 15:28:53] [THERMAL] - Adding BRA_OIL_CONDOMNIODO1641_OCRIM2442 generator to SA-BRA-CN node...
INFO [2024-08-20 15:28:54] [THERMAL] - Adding BRA_OIL_BOULEVARDBEL1223_SHOPPINGCASTAN2767 generator to SA-BRA-CN node...
INFO [2024-08-20 15:28:54] [THERMAL] - Adding BRA_OIL_ALBRS1087 generator to SA-BRA-CN node...
INFO [2024-08-20 15:28:54] [THERMAL] - Adding BRA_OIL_ALCOAPORTO1089 generator to SA-BRA-CN node...
INFO [2024-08-20 15:28:54] [THERMAL] - Adding BRA_OIL_ALCOABENEFICIA1088 generator to SA-BRA-CN node...
INFO [2024-08-20 15:28:55] [THERMAL] - Adding BRA_OIL_MRNUGIANTIG2244 generator to SA-BRA-CN node...
INFO [2024-08-20 15:28:55] [THERMAL] - Adding BRA_OIL_SANTARM2903 generator to SA-BRA-CN node...
INFO [2024-08-20 15:28:55] [THERMAL] - Adding BRA_OIL_CADAM1418 generator to SA-BRA-CN node...
INFO [2024-08-20 15:28:55] [THERMAL] - Adding BRA_OIL_MRNUGII2245 generator to SA-BRA-CN node...
INFO [2024-08-20 15:28:56] [THERMAL] - Adding BRA_OIL_GERAMARIANTI1955_GERAMARIIANT1956 generator to SA-BRA-CN node...
INFO [2024-08-20 15:28:56] [THERMAL] - Adding BRA-CN_OIL_CAPACITY SCALER generator to SA-BRA-CN node...
INFO [2024-08-20 15:28:56] [THERMAL] - Adding BRA_GAS_SISTEMABACKUP2974 generator to SA-BRA-CW node...
INFO [2024-08-20 15:28:56] [THERMAL] - Adding BRA_GAS_SHOPPINGCAMPO2951 generator to SA-BRA-CW node...
INFO [2024-08-20 15:28:56] [THERMAL] - Adding BRA_GAS_MODULARDECAMP2344 generator to SA-BRA-CW node...
INFO [2024-08-20 15:28:57] [THERMAL] - Adding BRA_GAS_CUIABANTGA1702 generator to SA-BRA-CW node...
INFO [2024-08-20 15:28:57] [THERMAL] - Adding BRA-CW_GAS_CAPACITY SCALER generator to SA-BRA-CW node...
INFO [2024-08-20 15:28:57] [THERMAL] - Adding BRA_GAS_LUIZCARLOSPRE2223 generator to SA-BRA-CW node...
INFO [2024-08-20 15:28:57] [THERMAL] - Adding BRA_BIO_PORTODASGUA2635_FIBRIAMSAN1884_IO_CAPACITY generator to SA-BRA-CW node...
INFO [2024-08-20 15:28:57] [THERMAL] - Adding BRA_BIO_GOIASA1969_CODORA1600_JALLESMACHADO2130 generator to SA-BRA-CW node...
INFO [2024-08-20 15:28:58] [THERMAL] - Adding BRA_BIO_LDCBIOENERGIA2182_ANGLICA1133_JATA2138 generator to SA-BRA-CW node...
INFO [2024-08-20 15:28:58] [THERMAL] - Adding BRA_BIO_BARRALCOOL1260_GUAU1999_VISTAALEGREII3334_ generator to SA-BRA-CW node...
INFO [2024-08-20 15:28:58] [THERMAL] - Adding BRA_BIO_ELDORADOBRASIL1782_CAARAP1394_AMANDINA1122 generator to SA-BRA-CW node...
INFO [2024-08-20 15:28:58] [THERMAL] - Adding BRA_BIO_SERRANPOLIS2945_SANTAHELENA2862_SONORA2993 generator to SA-BRA-CW node...
INFO [2024-08-20 15:28:58] [THERMAL] - Adding BRA_BIO_UNIDADEDEGERA3169 generator to SA-BRA-CW node...
INFO [2024-08-20 15:28:59] [THERMAL] - Adding BRA_BIO_UNIDADEDEBIOE3165_UNIDADEDEBIOE3167_PASSAT generator to SA-BRA-CW node...
INFO [2024-08-20 15:28:59] [THERMAL] - Adding BRA_BIO_ALCOOLVALE1093_CENTROOESTEIG1555_CRV1387_S generator to SA-BRA-CW node...
INFO [2024-08-20 15:28:59] [THERMAL] - Adding BRA_BIO_ITUMBIARA2107_VISTAALEGREI3333_IACOAGRCOLA generator to SA-BRA-CW node...
INFO [2024-08-20 15:28:59] [THERMAL] - Adding BRA_BIO_ITAMARATI2086 generator to SA-BRA-CW node...
INFO [2024-08-20 15:28:59] [THERMAL] - Adding BRA_BIO_MONTEVERDE2358_VALEDOVERDO3221_CEMANTIGACA generator to SA-BRA-CW node...
INFO [2024-08-20 15:29:00] [THERMAL] - Adding BRA_BIO_ARAGUASSU1154_CONSELVAN1645_NORTAO2410_URB generator to SA-BRA-CW node...
INFO [2024-08-20 15:29:00] [THERMAL] - Adding BRA_BIO_COPRODIA1660_NOVAGERAO2422_GOIANSIA1968_MA generator to SA-BRA-CW node...
INFO [2024-08-20 15:29:00] [THERMAL] - Adding BRA_BIO_BOMSUCESSO1312_COOPERRUBI1651_EGDIO1779_GA generator to SA-BRA-CW node...
INFO [2024-08-20 15:29:00] [THERMAL] - Adding BRA_OIL_ADRIANAAGRCO1061_ATACADOSABR1193_ATACADOSA generator to SA-BRA-CW node...
INFO [2024-08-20 15:29:00] [THERMAL] - Adding BRA_OIL_AEROPORTOINTER1066_ANHANGUERAEDUC1052_ARAG generator to SA-BRA-CW node...
INFO [2024-08-20 15:29:01] [THERMAL] - Adding BRA_OIL_APIACS1144_CONDOMNIOCIV1634_GEOLAB1953_IUN generator to SA-BRA-CW node...
INFO [2024-08-20 15:29:01] [THERMAL] - Adding BRA_OIL_ABATEDOUROSO1056_COMPANHIAMARAN1627_CONDOM generator to SA-BRA-CW node...
INFO [2024-08-20 15:29:01] [THERMAL] - Adding BRA_OIL_JBSGOINIA2118_MARFRIGMINEIRO2298 generator to SA-BRA-CW node...
INFO [2024-08-20 15:29:01] [THERMAL] - Adding BRA_OIL_SOJOSDOR3042 generator to SA-BRA-CW node...
INFO [2024-08-20 15:29:02] [THERMAL] - Adding BRA_OIL_BRASLIA1326 generator to SA-BRA-CW node...
INFO [2024-08-20 15:29:02] [THERMAL] - Adding BRA_OIL_COPEBRSCATAL1657 generator to SA-BRA-CW node...
INFO [2024-08-20 15:29:02] [THERMAL] - Adding BRA_OIL_CNT1380 generator to SA-BRA-CW node...
INFO [2024-08-20 15:29:02] [THERMAL] - Adding BRA_OIL_DAIA1719 generator to SA-BRA-CW node...
INFO [2024-08-20 15:29:02] [THERMAL] - Adding BRA-CW_OIL_CAPACITY SCALER generator to SA-BRA-CW node...
INFO [2024-08-20 15:29:03] [THERMAL] - Adding BRA_OIL_PALMEIRASDEGO2489 generator to SA-BRA-CW node...
INFO [2024-08-20 15:29:03] [THERMAL] - Adding BRA_GAS_ENERGYWORKSKA1795_MACABAANTIG2255 generator to SA-BRA-NE node...
INFO [2024-08-20 15:29:03] [THERMAL] - Adding BRA_GAS_TERMOCABO3109 generator to SA-BRA-NE node...
INFO [2024-08-20 15:29:03] [THERMAL] - Adding BRA_GAS_IGUATEMIBAHIA2042 generator to SA-BRA-NE node...
INFO [2024-08-20 15:29:03] [THERMAL] - Adding BRA_GAS_TERMOPERNAMBUCO3115 generator to SA-BRA-NE node...
INFO [2024-08-20 15:29:03] [THERMAL] - Adding BRA_GAS_JESUSSOARESPE2141 generator to SA-BRA-NE node...
INFO [2024-08-20 15:29:04] [THERMAL] - Adding BRA_GAS_TERMOCEAR3111 generator to SA-BRA-NE node...
INFO [2024-08-20 15:29:04] [THERMAL] - Adding BRA_GAS_CELSOFURTADO1533 generator to SA-BRA-NE node...
INFO [2024-08-20 15:29:04] [THERMAL] - Adding BRA_GAS_CAMAARI1443 generator to SA-BRA-NE node...
INFO [2024-08-20 15:29:04] [THERMAL] - Adding BRA_GAS_PETRORECNCAVO2576 generator to SA-BRA-NE node...
INFO [2024-08-20 15:29:04] [THERMAL] - Adding BRA_GAS_ATALAIA1196_IGUATEMIFORTAL2043_MILLENNIUM2 generator to SA-BRA-NE node...
INFO [2024-08-20 15:29:05] [THERMAL] - Adding BRA_GAS_ASFOR1180_BRASKEMPVCAL1325_CINALTRIKEM1364 generator to SA-BRA-NE node...
INFO [2024-08-20 15:29:05] [THERMAL] - Adding BRA-NE_GAS_CAPACITY SCALER generator to SA-BRA-NE node...
INFO [2024-08-20 15:29:05] [THERMAL] - Adding BRA_GAS_FORTALEZA1898 generator to SA-BRA-NE node...
INFO [2024-08-20 15:29:05] [THERMAL] - Adding BRA_GAS_CAMAARI1442 generator to SA-BRA-NE node...
INFO [2024-08-20 15:29:05] [THERMAL] - Adding BRA_GAS_RMULOALMEIDA2763 generator to SA-BRA-NE node...
INFO [2024-08-20 15:29:06] [THERMAL] - Adding BRA-NE_COA_CAPACITY SCALER generator to SA-BRA-NE node...
INFO [2024-08-20 15:29:06] [THERMAL] - Adding BRA_COA_PORTODOPECM2638 generator to SA-BRA-NE node...
INFO [2024-08-20 15:29:06] [THERMAL] - Adding BRA-NE_BIO_CAPACITY SCALER generator to SA-BRA-NE node...
INFO [2024-08-20 15:29:06] [THERMAL] - Adding BRA_BIO_COMVAP1630_SALI2789_SERESTA2925_UNIO3172_U generator to SA-BRA-NE node...
INFO [2024-08-20 15:29:07] [THERMAL] - Adding BRA_BIO_SANTATERESA2891_SALVADOR2825_MARITUBA2307 generator to SA-BRA-NE node...
INFO [2024-08-20 15:29:07] [THERMAL] - Adding BRA_BIO_BENBIOENERGIA1219 generator to SA-BRA-NE node...
INFO [2024-08-20 15:29:07] [THERMAL] - Adding BRA_BIO_RIBEIRO2712_CACHOEIRA1403_IOLANDOLEITE2066 generator to SA-BRA-NE node...
INFO [2024-08-20 15:29:07] [THERMAL] - Adding BRA_BIO_BOMJESUS1310_UNAACARE3162_DASA1725_ENERGTI generator to SA-BRA-NE node...
INFO [2024-08-20 15:29:07] [THERMAL] - Adding BRA_BIO_BIOFLEXCAET1294 generator to SA-BRA-NE node...
INFO [2024-08-20 15:29:08] [THERMAL] - Adding BRA_BIO_MIRIRI2341_CUCA1701_AGROVALE1077_GUAXUMA19 generator to SA-BRA-NE node...
INFO [2024-08-20 15:29:08] [THERMAL] - Adding BRA_BIO_JUNCONOVO2164_CAPRICHO1479_DESTILARIAPORT1 generator to SA-BRA-NE node...
INFO [2024-08-20 15:29:08] [THERMAL] - Adding BRA_BIO_SUZANOMUCURI3008_BAHIAPULPANT1229_VERACEL3 generator to SA-BRA-NE node...
INFO [2024-08-20 15:29:08] [THERMAL] - Adding BRA_BIO_JAPUNGU2132_GIASAII1959_SYKUI3010_JB2116 generator to SA-BRA-NE node...
INFO [2024-08-20 15:29:08] [THERMAL] - Adding BRA_BIO_ITAENGA2079 generator to SA-BRA-NE node...
INFO [2024-08-20 15:29:09] [THERMAL] - Adding BRA_BIO_CORURIPE1678_ERBCANDEIAS1770_ESTIVAS1822_S generator to SA-BRA-NE node...
INFO [2024-08-20 15:29:09] [THERMAL] - Adding BRA_BIO_CAMPOLINDO1453_CENTRALOLHOD1551_PIRAPAMA25 generator to SA-BRA-NE node...
INFO [2024-08-20 15:29:09] [THERMAL] - Adding BRA_BIO_PETRIBU2570_BAAFORMOSA1270 generator to SA-BRA-NE node...
INFO [2024-08-20 15:29:09] [THERMAL] - Adding BRA_OIL_MARACANAI2281 generator to SA-BRA-NE node...
INFO [2024-08-20 15:29:10] [THERMAL] - Adding BRA_OIL_ALTOS1114_BRUMADO1336_CAMPOMAIOR1454_CRATO generator to SA-BRA-NE node...
INFO [2024-08-20 15:29:10] [THERMAL] - Adding BRA_OIL_CERVEJARIAPETR1566_CERVEJATIAPETR1567_COND generator to SA-BRA-NE node...
INFO [2024-08-20 15:29:10] [THERMAL] - Adding BRA_OIL_PAUFERROI2534 generator to SA-BRA-NE node...
INFO [2024-08-20 15:29:11] [THERMAL] - Adding BRA_OIL_U503152_POTIGUAR2639 generator to SA-BRA-NE node...
INFO [2024-08-20 15:29:11] [THERMAL] - Adding BRA_OIL_PERNAMBUCOIII2564 generator to SA-BRA-NE node...
INFO [2024-08-20 15:29:11] [THERMAL] - Adding BRA_OIL_CAMPINAGRANDE1450 generator to SA-BRA-NE node...
INFO [2024-08-20 15:29:11] [THERMAL] - Adding BRA_OIL_PETROLINA2573_TERMOMANAUS3112_GLOBALI1962_ generator to SA-BRA-NE node...
INFO [2024-08-20 15:29:11] [THERMAL] - Adding BRA_OIL_SUAPEII2997 generator to SA-BRA-NE node...
INFO [2024-08-20 15:29:12] [THERMAL] - Adding BRA_OIL_AEROPORTOINTER1063_AMBEVJOOP1051_BOMPREOFO generator to SA-BRA-NE node...
INFO [2024-08-20 15:29:12] [THERMAL] - Adding BRA_OIL_BAHIAICAMA1228 generator to SA-BRA-NE node...
INFO [2024-08-20 15:29:12] [THERMAL] - Adding BRA-NE_OIL_CAPACITY SCALER generator to SA-BRA-NE node...
INFO [2024-08-20 15:29:12] [THERMAL] - Adding BRA_OIL_TERMONORDESTE3114 generator to SA-BRA-NE node...
INFO [2024-08-20 15:29:13] [THERMAL] - Adding BRA_OIL_CALADOSAZAL1439_ARACATI1151_BATURIT1267 generator to SA-BRA-NE node...
INFO [2024-08-20 15:29:13] [THERMAL] - Adding BRA_OIL_POTIGUARIII2640 generator to SA-BRA-NE node...
INFO [2024-08-20 15:29:13] [THERMAL] - Adding BRA_GAS_ANAM1130_CAAPIRANGA1393 generator to SA-BRA-NW node...
INFO [2024-08-20 15:29:13] [THERMAL] - Adding BRA_GAS_GSCAAPIRANGA2006 generator to SA-BRA-NW node...
INFO [2024-08-20 15:29:13] [THERMAL] - Adding BRA_GAS_ANORI1136_GSANAM2004_GSANORI2005 generator to SA-BRA-NW node...
INFO [2024-08-20 15:29:14] [THERMAL] - Adding BRA_GAS_CODAJS1599 generator to SA-BRA-NW node...
INFO [2024-08-20 15:29:14] [THERMAL] - Adding BRA_GAS_JARAQUI2134 generator to SA-BRA-NW node...
INFO [2024-08-20 15:29:14] [THERMAL] - Adding BRA-NW_GAS_CAPACITY SCALER generator to SA-BRA-NW node...
INFO [2024-08-20 15:29:14] [THERMAL] - Adding BRA_BIO_FLRIDACLEAN1894 generator to SA-BRA-NW node...
INFO [2024-08-20 15:29:14] [THERMAL] - Adding BRA_BIO_BIOFUEL1291 generator to SA-BRA-NW node...
INFO [2024-08-20 15:29:14] [THERMAL] - Adding BRA_BIO_JARICELULOSE2137 generator to SA-BRA-NW node...
INFO [2024-08-20 15:29:15] [THERMAL] - Adding BRA_OIL_MAUPARTEII2316 generator to SA-BRA-NW node...
INFO [2024-08-20 15:29:15] [THERMAL] - Adding BRA_OIL_SOJOS3038 generator to SA-BRA-NW node...
INFO [2024-08-20 15:29:15] [THERMAL] - Adding BRA_OIL_AMATUR1124_APARECIDAPARTE1143_ATALAIADONOR generator to SA-BRA-NW node...
INFO [2024-08-20 15:29:15] [THERMAL] - Adding BRA_OIL_AMAPGARDENS1123_APU1148_BENJAMINCONSTA1279 generator to SA-BRA-NW node...
INFO [2024-08-20 15:29:16] [THERMAL] - Adding BRA_OIL_PARINTINS2507_MANACAPURU2266_MAUPARTEIII23 generator to SA-BRA-NW node...
INFO [2024-08-20 15:29:16] [THERMAL] - Adding BRA_OIL_SANTANA2899 generator to SA-BRA-NW node...
INFO [2024-08-20 15:29:16] [THERMAL] - Adding BRA_OIL_BOCADOACRE1306_CARACARA1483 generator to SA-BRA-NW node...
INFO [2024-08-20 15:29:16] [THERMAL] - Adding BRA_OIL_BARCELOS1246_ITAPIRANGA2091_MARA2289_MONTE generator to SA-BRA-NW node...
INFO [2024-08-20 15:29:16] [THERMAL] - Adding BRA_OIL_CIDADENOVA1587_TEF3102 generator to SA-BRA-NW node...
INFO [2024-08-20 15:29:17] [THERMAL] - Adding BRA_OIL_MAUS2318_NOVOPARASO2434_OIAPOQUECOEN2448 generator to SA-BRA-NW node...
INFO [2024-08-20 15:29:17] [THERMAL] - Adding BRA_OIL_AEROPORTOINTER1062_CALOENE1440_DTCEAMN1710 generator to SA-BRA-NW node...
INFO [2024-08-20 15:29:17] [THERMAL] - Adding BRA_OIL_ITAUTINGA2098_APARECIDAPARTE1142_HERMASA20 generator to SA-BRA-NW node...
INFO [2024-08-20 15:29:17] [THERMAL] - Adding BRA_OIL_FLORES1893_SENADORARNONA2921_TAMBAQUI3083_ generator to SA-BRA-NW node...
INFO [2024-08-20 15:29:17] [THERMAL] - Adding BRA_OIL_APARECIDAPARTE1141_IL_CAPACITY SCALER_MAU2 generator to SA-BRA-NW node...
INFO [2024-08-20 15:29:18] [THERMAL] - Adding BRA_OIL_DISTRITOBLOC1745_SERRADONAVIO2941 generator to SA-BRA-NW node...
INFO [2024-08-20 15:29:18] [THERMAL] - Adding BRA_GAS_CELPAVIV1532 generator to SA-BRA-SE node...
INFO [2024-08-20 15:29:18] [THERMAL] - Adding BRA_GAS_NORTEFLUMINENS2412 generator to SA-BRA-SE node...
INFO [2024-08-20 15:29:18] [THERMAL] - Adding BRA_GAS_BIANCOGRS1285_CONDOMNIOWOR1640_GLOBO1964_P generator to SA-BRA-SE node...
INFO [2024-08-20 15:29:18] [THERMAL] - Adding BRA_GAS_UGPU3155 generator to SA-BRA-SE node...
INFO [2024-08-20 15:29:19] [THERMAL] - Adding BRA_GAS_PETROFLEX2572_CENPESPETROB1360 generator to SA-BRA-SE node...
INFO [2024-08-20 15:29:19] [THERMAL] - Adding BRA_GAS_AHLSTROM1081_CENTRALDECOGE1553_EDIFCIOSKY1 generator to SA-BRA-SE node...
INFO [2024-08-20 15:29:19] [THERMAL] - Adding BRA_GAS_CONTAGEM1647 generator to SA-BRA-SE node...
INFO [2024-08-20 15:29:19] [THERMAL] - Adding BRA_GAS_CAMPOSANTIGA1460_ENERGYWORKSCOR1797_SUZANO generator to SA-BRA-SE node...
INFO [2024-08-20 15:29:19] [THERMAL] - Adding BRA_GAS_REFINARIADUQUE2687_JUIZDEFORA2162 generator to SA-BRA-SE node...
INFO [2024-08-20 15:29:20] [THERMAL] - Adding BRA_GAS_CARIOCASHOPPIN1494_IGWSERVICEENE2023_NORTE generator to SA-BRA-SE node...
INFO [2024-08-20 15:29:20] [THERMAL] - Adding BRA_GAS_CASADEGERADOR1503_CTEFIBRA1390_PQU2470_SAL generator to SA-BRA-SE node...
INFO [2024-08-20 15:29:20] [THERMAL] - Adding BRA_GAS_MARANHOVAN2287_GOVERNADORLEON1974_AS_CAPAC generator to SA-BRA-SE node...
INFO [2024-08-20 15:29:20] [THERMAL] - Adding BRA_GAS_LUIZOSCARRODR2227_AURELIANOCHAVE1209 generator to SA-BRA-SE node...
INFO [2024-08-20 15:29:20] [THERMAL] - Adding BRA_GAS_EUZBIOROCHA1835_BAIXADAFLUMINE1234 generator to SA-BRA-SE node...
INFO [2024-08-20 15:29:21] [THERMAL] - Adding BRA_GAS_JACARE2122_RJR2677_BRAHMA1321 generator to SA-BRA-SE node...
INFO [2024-08-20 15:29:21] [THERMAL] - Adding BRA_COA_BRASILVERDE1323 generator to SA-BRA-SE node...
INFO [2024-08-20 15:29:21] [THERMAL] - Adding BRA_COA_METALSIDER2327 generator to SA-BRA-SE node...
INFO [2024-08-20 15:29:21] [THERMAL] - Adding BRA_COA_COSIPAII1683 generator to SA-BRA-SE node...
INFO [2024-08-20 15:29:21] [THERMAL] - Adding BRA_COA_TRT3077 generator to SA-BRA-SE node...
INFO [2024-08-20 15:29:22] [THERMAL] - Adding BRA_COA_NEGRODEFUMO2392 generator to SA-BRA-SE node...
INFO [2024-08-20 15:29:22] [THERMAL] - Adding BRA_COA_AOMINAS1213 generator to SA-BRA-SE node...
INFO [2024-08-20 15:29:22] [THERMAL] - Adding BRA-SE_COA_CAPACITY SCALER generator to SA-BRA-SE node...
INFO [2024-08-20 15:29:23] [THERMAL] - Adding BRA_BIO_IRACEMA2074_PASSOS2531_COLOMBOPALESTI1616_ generator to SA-BRA-SE node...
INFO [2024-08-20 15:29:23] [THERMAL] - Adding BRA_BIO_AGROALCOOL1075_CORACI1664_FANY1857_NATUREZ generator to SA-BRA-SE node...
INFO [2024-08-20 15:29:23] [THERMAL] - Adding BRA_BIO_BIOLINS1295_COCAL1596_DVPA1711_RUETTE2759_ generator to SA-BRA-SE node...
INFO [2024-08-20 15:29:23] [THERMAL] - Adding BRA_BIO_COCALII1597_BARRABIOENERGI1250_IO_CAPACITY generator to SA-BRA-SE node...
INFO [2024-08-20 15:29:23] [THERMAL] - Adding BRA_BIO_CITROSUCO1589_DIAMANTE1740_IBRIA2034_JUNQU generator to SA-BRA-SE node...
INFO [2024-08-20 15:29:24] [THERMAL] - Adding BRA_BIO_SOJOSCOLI3039_LDCBIOENERGIA2180_SOJOS3037_ generator to SA-BRA-SE node...
INFO [2024-08-20 15:29:24] [THERMAL] - Adding BRA_BIO_SOMARTINHO3051_ALTAMOGIANA1103_BURITI1344_ generator to SA-BRA-SE node...
INFO [2024-08-20 15:29:24] [THERMAL] - Adding BRA_BIO_ALCDIA1094_GUARANITANAB1990_LWARCELANTIGA2 generator to SA-BRA-SE node...
INFO [2024-08-20 15:29:24] [THERMAL] - Adding BRA_BIO_COLORADO1619_RIPASA2743_VERTENTE3312_CERRA generator to SA-BRA-SE node...
INFO [2024-08-20 15:29:24] [THERMAL] - Adding BRA_BIO_CORONA1666_JOSBONIFCI2150_USIMINAS3192_USI generator to SA-BRA-SE node...
INFO [2024-08-20 15:29:25] [THERMAL] - Adding BRA_BIO_VALEDOROSRI3217_CENIBRA1545_DELTA1728_ARAC generator to SA-BRA-SE node...
INFO [2024-08-20 15:29:25] [THERMAL] - Adding BRA_BIO_DECASA1726_IBITIVABIOEN2033_GUARANITANABI1 generator to SA-BRA-SE node...
INFO [2024-08-20 15:29:25] [THERMAL] - Adding BRA_WAS_SOJOOBIOG3045_SANTOANTNIO2908_CORURIPEITUR generator to SA-BRA-SE node...
INFO [2024-08-20 15:29:25] [THERMAL] - Adding BRA_BIO_BARRAGRANDEDE1254_BIOPAVII1296_BROTAS1335_ generator to SA-BRA-SE node...
INFO [2024-08-20 15:29:26] [THERMAL] - Adding BRA_BIO_CANABRAVA1464_BALDIN1236_CLEALCOQUEIROZ159 generator to SA-BRA-SE node...
INFO [2024-08-20 15:29:26] [THERMAL] - Adding BRA_NUC_ALMIRANTELVA1100 generator to SA-BRA-SE node...
INFO [2024-08-20 15:29:26] [THERMAL] - Adding BRA_NUC_ALMIRANTELVA1101 generator to SA-BRA-SE node...
INFO [2024-08-20 15:29:26] [THERMAL] - Adding BRA_OIL_BASFGUARATINGU1262_BERGAMINI1282_CANATIBAT generator to SA-BRA-SE node...
INFO [2024-08-20 15:29:27] [THERMAL] - Adding BRA_OIL_VIANA3317_PIRATININGA2598 generator to SA-BRA-SE node...
INFO [2024-08-20 15:29:27] [THERMAL] - Adding BRA_OIL_REFINARIAHENRI2688 generator to SA-BRA-SE node...
INFO [2024-08-20 15:29:27] [THERMAL] - Adding BRA_OIL_REFINARIADEPA2690 generator to SA-BRA-SE node...
INFO [2024-08-20 15:29:27] [THERMAL] - Adding BRA_OIL_ADRIA1060_AEROPORTOINTER1065_AEROPORTOINTE generator to SA-BRA-SE node...
INFO [2024-08-20 15:29:28] [THERMAL] - Adding BRA_OIL_3MITAPETININGA1047_AEROPORTOINTER1071_ALLI generator to SA-BRA-SE node...
INFO [2024-08-20 15:29:28] [THERMAL] - Adding BRA_OIL_CELPAVII1531 generator to SA-BRA-SE node...
INFO [2024-08-20 15:29:28] [THERMAL] - Adding BRA_OIL_CABOTMAU1400_ALTEROSA1105_ITAUNIBANCO2101_ generator to SA-BRA-SE node...
INFO [2024-08-20 15:29:28] [THERMAL] - Adding BRA_OIL_CST1388_DOATLNTICO1748_IL_CAPACITY SCALER generator to SA-BRA-SE node...
INFO [2024-08-20 15:29:29] [THERMAL] - Adding BRA_OIL_AEROPORTOINTER1070_ITACENTROEM2099_CATERPI generator to SA-BRA-SE node...
INFO [2024-08-20 15:29:29] [THERMAL] - Adding BRA_OIL_AGUDOSAMBEV1079_EDIFCIOROCHA1776_FRANGOSER generator to SA-BRA-SE node...
INFO [2024-08-20 15:29:29] [THERMAL] - Adding BRA_OIL_COGERAOINT1609 generator to SA-BRA-SE node...
INFO [2024-08-20 15:29:29] [THERMAL] - Adding BRA_OIL_CAPUAVA1480_SISTEMADECOGE2981_VALEFERTILIZ generator to SA-BRA-SE node...
INFO [2024-08-20 15:29:30] [THERMAL] - Adding BRA_OIL_ALAPOLO1083_ALCONLABORAT1092_ARARASDPA1156 generator to SA-BRA-SE node...
INFO [2024-08-20 15:29:30] [THERMAL] - Adding BRA_OIL_IGARAP2040 generator to SA-BRA-SE node...
INFO [2024-08-20 15:29:30] [THERMAL] - Adding BRA_OTH_SOL2991 generator to SA-BRA-SE node...
INFO [2024-08-20 15:29:30] [THERMAL] - Adding BRA_GAS_MOINHOSSHOPPIN2242 generator to SA-BRA-SO node...
INFO [2024-08-20 15:29:30] [THERMAL] - Adding BRA_GAS_SOUZACRUZCACH2994_STEPIEULB2995 generator to SA-BRA-SO node...
INFO [2024-08-20 15:29:31] [THERMAL] - Adding BRA_GAS_OBOTICRIO2439 generator to SA-BRA-SO node...
INFO [2024-08-20 15:29:31] [THERMAL] - Adding BRA_GAS_IMCOPA2053 generator to SA-BRA-SO node...
INFO [2024-08-20 15:29:31] [THERMAL] - Adding BRA_GAS_ENERGYWORKSCOR1796 generator to SA-BRA-SO node...
INFO [2024-08-20 15:29:31] [THERMAL] - Adding BRA_GAS_ARAUCRIA1159 generator to SA-BRA-SO node...
INFO [2024-08-20 15:29:31] [THERMAL] - Adding BRA_GAS_SEPTIARAJU2923 generator to SA-BRA-SO node...
INFO [2024-08-20 15:29:32] [THERMAL] - Adding BRA_GAS_URUGUAIANA3188 generator to SA-BRA-SO node...
INFO [2024-08-20 15:29:32] [THERMAL] - Adding BRA_GAS_MARANHOIVA2286 generator to SA-BRA-SO node...
INFO [2024-08-20 15:29:32] [THERMAL] - Adding BRA-SO_GAS_CAPACITY SCALER generator to SA-BRA-SO node...
INFO [2024-08-20 15:29:32] [THERMAL] - Adding BRA_COA_FIGUEIRA1885_SOJERNIMO3027 generator to SA-BRA-SO node...
INFO [2024-08-20 15:29:32] [THERMAL] - Adding BRA_COA_CANDIOTAIII1470 generator to SA-BRA-SO node...
INFO [2024-08-20 15:29:33] [THERMAL] - Adding BRA_COA_JORGELACERDAI2148 generator to SA-BRA-SO node...
INFO [2024-08-20 15:29:33] [THERMAL] - Adding BRA_COA_PRESIDENTEMD2651 generator to SA-BRA-SO node...
INFO [2024-08-20 15:29:33] [THERMAL] - Adding BRA_COA_JORGELACERDAI2146 generator to SA-BRA-SO node...
INFO [2024-08-20 15:29:33] [THERMAL] - Adding BRA_COA_JORGELACERDAI2147 generator to SA-BRA-SO node...
INFO [2024-08-20 15:29:33] [THERMAL] - Adding BRA-SO_COA_CAPACITY SCALER generator to SA-BRA-SO node...
INFO [2024-08-20 15:29:34] [THERMAL] - Adding BRA_BIO_COCAMARMARING1598_SOBORJA3015 generator to SA-BRA-SO node...
INFO [2024-08-20 15:29:34] [THERMAL] - Adding BRA_BIO_CENTRALTERMEL1552_DOISVIZINHOS1753_PEROBLC generator to SA-BRA-SO node...
INFO [2024-08-20 15:29:34] [THERMAL] - Adding BRA_BIO_USACIGA3189_BIOCOOPCANA1290_SANTATEREZINHA generator to SA-BRA-SO node...
INFO [2024-08-20 15:29:34] [THERMAL] - Adding BRA_BIO_UFL3153_SANTATEREZINHA2895 generator to SA-BRA-SO node...
INFO [2024-08-20 15:29:35] [THERMAL] - Adding BRA_BIO_COSTABIOENERGI1685_MIGUELFORTE2331 generator to SA-BRA-SO node...
INFO [2024-08-20 15:29:35] [THERMAL] - Adding BRA_BIO_CATIVAI1355_ENGENHOCORADIN1805_KIARROZ2176 generator to SA-BRA-SO node...
INFO [2024-08-20 15:29:35] [THERMAL] - Adding BRA_BIO_CMPCANTIGAAR1366 generator to SA-BRA-SO node...
INFO [2024-08-20 15:29:35] [THERMAL] - Adding BRA_BIO_DESTILARIAMELH1734_VALEDOIVA3214 generator to SA-BRA-SO node...
INFO [2024-08-20 15:29:35] [THERMAL] - Adding BRA_BIO_RIGESA2717_KLABINCORREIA2178 generator to SA-BRA-SO node...
INFO [2024-08-20 15:29:36] [THERMAL] - Adding BRA_BIO_TERMOCANA3110 generator to SA-BRA-SO node...
INFO [2024-08-20 15:29:36] [THERMAL] - Adding BRA_BIO_CAAL1348_CAMILALIMENTOS1448_COFERCATU1606_ generator to SA-BRA-SO node...
INFO [2024-08-20 15:29:36] [THERMAL] - Adding BRA_BIO_CELULOSEIRANI1535_ENERGYGREEN1794_JACAREZI generator to SA-BRA-SO node...
INFO [2024-08-20 15:29:36] [THERMAL] - Adding BRA_BIO_USACARTE3191 generator to SA-BRA-SO node...
INFO [2024-08-20 15:29:37] [THERMAL] - Adding BRA_BIO_BERNECK1283_ECOLUZ1774 generator to SA-BRA-SO node...
INFO [2024-08-20 15:29:37] [THERMAL] - Adding BRA_BIO_PIRA2600_SANTATEREZINHA2894_BIOTRMICAREC12 generator to SA-BRA-SO node...
INFO [2024-08-20 15:29:37] [THERMAL] - Adding BRA_OIL_BIGFERFIXADORE1221_BIGFERMATRIZ1222_BIGUMU generator to SA-BRA-SO node...
INFO [2024-08-20 15:29:38] [THERMAL] - Adding BRA_OIL_AJRORATO1049_ALTERODESIGN1104_ASSOCIAOPR11 generator to SA-BRA-SO node...
INFO [2024-08-20 15:29:38] [THERMAL] - Adding BRA_OIL_AEROPORTOINTER1064_CAMERASANTARO1446_CATUA generator to SA-BRA-SO node...
INFO [2024-08-20 15:29:38] [THERMAL] - Adding BRA_OIL_BUETTNER1339_INPLASUL2024 generator to SA-BRA-SO node...
INFO [2024-08-20 15:29:38] [THERMAL] - Adding BRA_OIL_HERINGER2010 generator to SA-BRA-SO node...
INFO [2024-08-20 15:29:39] [THERMAL] - Adding BRA_OIL_NUTEPA2436 generator to SA-BRA-SO node...
INFO [2024-08-20 15:29:39] [THERMAL] - Adding BRA_OIL_COPESUL1658 generator to SA-BRA-SO node...
INFO [2024-08-20 15:29:39] [THERMAL] - Adding BRA-SO_OIL_CAPACITY SCALER generator to SA-BRA-SO node...
INFO [2024-08-20 15:29:39] [THERMAL] - Adding BRA-WE_GAS_CAPACITY SCALER generator to SA-BRA-WE node...
INFO [2024-08-20 15:29:39] [THERMAL] - Adding BRA_GAS_TERMONORTEII3108 generator to SA-BRA-WE node...
INFO [2024-08-20 15:29:40] [THERMAL] - Adding BRA_BIO_LAMINADOSTRIUN2197_RICAL2714 generator to SA-BRA-WE node...
INFO [2024-08-20 15:29:40] [THERMAL] - Adding BRA_OIL_AEROPORTOINTER1068_MARFRIGROLIMD2302_MUTUM generator to SA-BRA-WE node...
INFO [2024-08-20 15:29:40] [THERMAL] - Adding BRA_OIL_CONDOMINIOVOLU1385_MARFRIGCHUPING2297_ROVE generator to SA-BRA-WE node...
INFO [2024-08-20 15:29:40] [THERMAL] - Adding BRA_OIL_ABUN1059 generator to SA-BRA-WE node...
INFO [2024-08-20 15:29:40] [THERMAL] - Adding BRA_OIL_JACIPARAN2124_ROVEMATRIUNFO2757_SHOPPINGPO generator to SA-BRA-WE node...
INFO [2024-08-20 15:29:41] [THERMAL] - Adding BRA_OIL_CHUPINGUAIA1578_FEIJ1874 generator to SA-BRA-WE node...
INFO [2024-08-20 15:29:41] [THERMAL] - Adding BRA_OIL_COLORADODOOES1621 generator to SA-BRA-WE node...
INFO [2024-08-20 15:29:41] [THERMAL] - Adding BRA_OIL_RIOBRANCOI2719 generator to SA-BRA-WE node...
INFO [2024-08-20 15:29:41] [THERMAL] - Adding BRA_OIL_CRUZEIRODOSUL1699_VILHENA3326 generator to SA-BRA-WE node...
INFO [2024-08-20 15:29:42] [THERMAL] - Adding BRA_OIL_RIOBRANCOII2720 generator to SA-BRA-WE node...
INFO [2024-08-20 15:29:42] [THERMAL] - Adding BRA_OIL_RIOMADEIRA2723 generator to SA-BRA-WE node...
INFO [2024-08-20 15:29:42] [THERMAL] - Adding BRA_OIL_BELOJARDIM1275 generator to SA-BRA-WE node...
INFO [2024-08-20 15:29:42] [THERMAL] - Adding BRA-WE_OIL_CAPACITY SCALER generator to SA-BRA-WE node...
INFO [2024-08-20 15:29:42] [THERMAL] - Adding CHL_GAS_TOMAVAL24840 generator to SA-CHL node...
INFO [2024-08-20 15:29:43] [THERMAL] - Adding CHL_GAS_BIOCRUZ4610 generator to SA-CHL node...
INFO [2024-08-20 15:29:43] [THERMAL] - Adding CHL_GAS_TAPIHUE4830 generator to SA-CHL node...
INFO [2024-08-20 15:29:43] [THERMAL] - Adding CHL_GAS_NEWEN4754 generator to SA-CHL node...
INFO [2024-08-20 15:29:43] [THERMAL] - Adding CHL_GAS_CORONEL4647 generator to SA-CHL node...
INFO [2024-08-20 15:29:43] [THERMAL] - Adding CHL_GAS_SANISIDROII4806 generator to SA-CHL node...
INFO [2024-08-20 15:29:44] [THERMAL] - Adding CHL_GAS_TALTAL4828 generator to SA-CHL node...
INFO [2024-08-20 15:29:44] [THERMAL] - Adding CHL_GAS_CANDELARIA4618 generator to SA-CHL node...
INFO [2024-08-20 15:29:44] [THERMAL] - Adding CHL_GAS_NEHUENCO4753 generator to SA-CHL node...
INFO [2024-08-20 15:29:44] [THERMAL] - Adding CHL_GAS_SANISIDROI4805 generator to SA-CHL node...
INFO [2024-08-20 15:29:45] [THERMAL] - Adding CHL_GAS_ATACAMACC1CC4607 generator to SA-CHL node...
INFO [2024-08-20 15:29:45] [THERMAL] - Adding CHL_GAS_CAPACITY SCALER generator to SA-CHL node...
INFO [2024-08-20 15:29:45] [THERMAL] - Adding CHL_COA_PLANTACURICO4771 generator to SA-CHL node...
INFO [2024-08-20 15:29:45] [THERMAL] - Adding CHL_COA_DIESELIQUIQUE4659 generator to SA-CHL node...
INFO [2024-08-20 15:29:45] [THERMAL] - Adding CHL_COA_TERMOELECTRICA4833 generator to SA-CHL node...
INFO [2024-08-20 15:29:46] [THERMAL] - Adding CHL_COA_TERMOELECTRICA4834 generator to SA-CHL node...
INFO [2024-08-20 15:29:46] [THERMAL] - Adding CHL_COA_VENTANAS4848 generator to SA-CHL node...
INFO [2024-08-20 15:29:46] [THERMAL] - Adding CHL_COA_SANTAMARIA4810 generator to SA-CHL node...
INFO [2024-08-20 15:29:46] [THERMAL] - Adding CHL_COA_TERMOELECTRICA4836 generator to SA-CHL node...
INFO [2024-08-20 15:29:47] [THERMAL] - Adding CHL_COA_BOCAMINAIII4613 generator to SA-CHL node...
INFO [2024-08-20 15:29:47] [THERMAL] - Adding CHL_COA_TERMOELECTRICA4832 generator to SA-CHL node...
INFO [2024-08-20 15:29:47] [THERMAL] - Adding CHL_COA_CAMPICHE4617_NUEVAVENTANAS4757 generator to SA-CHL node...
INFO [2024-08-20 15:29:47] [THERMAL] - Adding CHL_COA_TERMOELECTRICA4837 generator to SA-CHL node...
INFO [2024-08-20 15:29:47] [THERMAL] - Adding CHL_COA_GUACOLDA4686 generator to SA-CHL node...
INFO [2024-08-20 15:29:48] [THERMAL] - Adding CHL_COA_TERMOELECTRICA4835 generator to SA-CHL node...
INFO [2024-08-20 15:29:48] [THERMAL] - Adding CHL_BIO_ARAUCO4609_CMPC_LAJA4640 generator to SA-CHL node...
INFO [2024-08-20 15:29:48] [THERMAL] - Adding CHL_BIO_CMPCPACFICO4638 generator to SA-CHL node...
INFO [2024-08-20 15:29:48] [THERMAL] - Adding CHL_BIO_LICANTEN4735 generator to SA-CHL node...
INFO [2024-08-20 15:29:49] [THERMAL] - Adding CHL_BIO_LAUTAROII4734 generator to SA-CHL node...
INFO [2024-08-20 15:29:49] [THERMAL] - Adding CHL_BIO_CHOLGUN4653_LAJA4732_ESCUADRN4684_NUEVAALD generator to SA-CHL node...
INFO [2024-08-20 15:29:49] [THERMAL] - Adding CHL_BIO_MASISA4751 generator to SA-CHL node...
INFO [2024-08-20 15:29:49] [THERMAL] - Adding CHL_BIO_LOMALOSCOLORA4737 generator to SA-CHL node...
INFO [2024-08-20 15:29:50] [THERMAL] - Adding CHL_BIO_CMPCSANTAFE4639 generator to SA-CHL node...
INFO [2024-08-20 15:29:50] [THERMAL] - Adding CHL_BIO_SANTAFE4823_CAPACITY SCALER generator to SA-CHL node...
INFO [2024-08-20 15:29:50] [THERMAL] - Adding CHL_BIO_HBS4688_LOMALOSCOLORA4736 generator to SA-CHL node...
INFO [2024-08-20 15:29:50] [THERMAL] - Adding CHL_BIO_COELEMU4654_ENERGABOB4682 generator to SA-CHL node...
INFO [2024-08-20 15:29:51] [THERMAL] - Adding CHL_BIO_NUEVAALDEAIII4759 generator to SA-CHL node...
INFO [2024-08-20 15:29:51] [THERMAL] - Adding CHL_BIO_LAUTARO4733 generator to SA-CHL node...
INFO [2024-08-20 15:29:51] [THERMAL] - Adding CHL_BIO_ENERGAPACF4683 generator to SA-CHL node...
INFO [2024-08-20 15:29:51] [THERMAL] - Adding CHL_BIO_CELCO4652 generator to SA-CHL node...
INFO [2024-08-20 15:29:52] [THERMAL] - Adding CHL_OIL_COLIHUES4642_ESPERANZA12Y4678_ELSALVADOR46 generator to SA-CHL node...
INFO [2024-08-20 15:29:52] [THERMAL] - Adding CHL_OIL_DIEGODEALMAGR4656 generator to SA-CHL node...
INFO [2024-08-20 15:29:52] [THERMAL] - Adding CHL_OIL_DIESELTAMAYA4660_ANTILHUE4605_LOSPINOS4726 generator to SA-CHL node...
INFO [2024-08-20 15:29:52] [THERMAL] - Adding CHL_OIL_CHILOE4634_CONSTITUCION4646_MONTEPATRIA474 generator to SA-CHL node...
INFO [2024-08-20 15:29:53] [THERMAL] - Adding CHL_OIL_NUEVAALDEAII4755_CHUYACA4636 generator to SA-CHL node...
INFO [2024-08-20 15:29:53] [THERMAL] - Adding CHL_OIL_CALLECALLE4616_CBBCENTRO4627_CENIZAS4628_D generator to SA-CHL node...
INFO [2024-08-20 15:29:53] [THERMAL] - Adding CHL_OIL_ELPENON4670_TRAPEN4842_TERMOPACIFICO4838_R generator to SA-CHL node...
INFO [2024-08-20 15:29:53] [THERMAL] - Adding CHL_OIL_OLIVOS4761_LOSESPINOS4720_LOSVIENTOS4729 generator to SA-CHL node...
INFO [2024-08-20 15:29:54] [THERMAL] - Adding CHL_OIL_DIESELZOFRIZ4661_ESTANDARTESZO4680_MAULE47 generator to SA-CHL node...
INFO [2024-08-20 15:29:54] [THERMAL] - Adding CHL_OIL_QUINTERO4788 generator to SA-CHL node...
INFO [2024-08-20 15:29:54] [THERMAL] - Adding CHL_OIL_DEGAN4655 generator to SA-CHL node...
INFO [2024-08-20 15:29:54] [THERMAL] - Adding CHL_OIL_LONQUIMAY4714_TOMAVAL14839_AGUASBLANCAS459 generator to SA-CHL node...
INFO [2024-08-20 15:29:55] [THERMAL] - Adding CHL_OIL_SANTALIDIA4809_CARDONES4624 generator to SA-CHL node...
INFO [2024-08-20 15:29:55] [THERMAL] - Adding CHL_OIL_NUEVARENCA4756_YUNGAY4851_CAPACITY SCALER generator to SA-CHL node...
INFO [2024-08-20 15:29:55] [THERMAL] - Adding CHL_OIL_COLMITO4644_HUASCO4692_TENO4831_SANLORENZO generator to SA-CHL node...
INFO [2024-08-20 15:29:56] [THERMAL] - Adding COL_GAS_TERMOVALLE7913 generator to SA-COL node...
INFO [2024-08-20 15:29:56] [THERMAL] - Adding COL_GAS_LASIERRA7902 generator to SA-COL node...
INFO [2024-08-20 15:29:56] [THERMAL] - Adding COL_GAS_CAPACITY SCALER generator to SA-COL node...
INFO [2024-08-20 15:29:56] [THERMAL] - Adding COL_GAS_TERMOCENTRO7908 generator to SA-COL node...
INFO [2024-08-20 15:29:57] [THERMAL] - Adding COL_GAS_TERMOBARRANQUIL7907 generator to SA-COL node...
INFO [2024-08-20 15:29:57] [THERMAL] - Adding COL_GAS_TERMOFLORES7909 generator to SA-COL node...
INFO [2024-08-20 15:29:57] [THERMAL] - Adding COL_COA_TERMOTASAJEROP7912 generator to SA-COL node...
INFO [2024-08-20 15:29:57] [THERMAL] - Adding COL_COA_TERMOGUAJIRAPO7910 generator to SA-COL node...
INFO [2024-08-20 15:29:58] [THERMAL] - Adding COL_COA_TERMOPAIPAPOWE7911 generator to SA-COL node...
INFO [2024-08-20 15:29:58] [THERMAL] - Adding COL_COA_TERMOZIPACORRA7914 generator to SA-COL node...
INFO [2024-08-20 15:29:58] [THERMAL] - Adding COL_COA_CAPACITY SCALER generator to SA-COL node...
INFO [2024-08-20 15:29:58] [THERMAL] - Adding COL_BIO_CAPACITY SCALER generator to SA-COL node...
INFO [2024-08-20 15:29:59] [THERMAL] - Adding COL_OIL_CARTAGENA7895 generator to SA-COL node...
INFO [2024-08-20 15:29:59] [THERMAL] - Adding ECU_GAS_SANTAROSA8535 generator to SA-ECU node...
INFO [2024-08-20 15:29:59] [THERMAL] - Adding ECU_GAS_ALVAROTINAJERO8521 generator to SA-ECU node...
INFO [2024-08-20 15:29:59] [THERMAL] - Adding ECU_GAS_GONZALOZEVALLO8529 generator to SA-ECU node...
INFO [2024-08-20 15:30:00] [THERMAL] - Adding ECU_GAS_ELECTROQUIL8526 generator to SA-ECU node...
INFO [2024-08-20 15:30:00] [THERMAL] - Adding ECU_GAS_CAPACITY SCALER generator to SA-ECU node...
INFO [2024-08-20 15:30:00] [THERMAL] - Adding ECU_BIO_CAPACITY SCALER generator to SA-ECU node...
INFO [2024-08-20 15:30:00] [THERMAL] - Adding ECU_OIL_CATAMAYO8523 generator to SA-ECU node...
INFO [2024-08-20 15:30:00] [THERMAL] - Adding ECU_OIL_GUALBERTOHERNA8530 generator to SA-ECU node...
INFO [2024-08-20 15:30:01] [THERMAL] - Adding ECU_OIL_MIRAFLORES8533 generator to SA-ECU node...
INFO [2024-08-20 15:30:01] [THERMAL] - Adding ECU_OIL_ESMERALDASII8528 generator to SA-ECU node...
INFO [2024-08-20 15:30:01] [THERMAL] - Adding ECU_OIL_CENTRALTERMICA8524_ESMERALDAS8527 generator to SA-ECU node...
INFO [2024-08-20 15:30:01] [THERMAL] - Adding ECU_OIL_CAPACITY SCALER generator to SA-ECU node...
INFO [2024-08-20 15:30:02] [THERMAL] - Adding GUF_GAS_KOUROU10842 generator to SA-GUF node...
INFO [2024-08-20 15:30:02] [THERMAL] - Adding GUF_GAS_DGRADDESCAN10840 generator to SA-GUF node...
INFO [2024-08-20 15:30:02] [THERMAL] - Adding GUF_BIO_KOUROU10843 generator to SA-GUF node...
INFO [2024-08-20 15:30:02] [THERMAL] - Adding GUF_OIL_DGRADDESCAN10841 generator to SA-GUF node...
INFO [2024-08-20 15:30:03] [THERMAL] - Adding GUY_BIO_SKELDON12022 generator to SA-GUY node...
INFO [2024-08-20 15:30:03] [THERMAL] - Adding GUY_OIL_KINGSTON112020_VERSAILLESPOWE12023 generator to SA-GUY node...
INFO [2024-08-20 15:30:03] [THERMAL] - Adding GUY_OIL_VREEDENHOOP12024 generator to SA-GUY node...
INFO [2024-08-20 15:30:03] [THERMAL] - Adding GUY_OIL_KINGSTON1112021 generator to SA-GUY node...
INFO [2024-08-20 15:30:04] [THERMAL] - Adding GUY_OIL_CAPACITY SCALER generator to SA-GUY node...
INFO [2024-08-20 15:30:04] [THERMAL] - Adding PER_GAS_PISCO15129 generator to SA-PER node...
INFO [2024-08-20 15:30:04] [THERMAL] - Adding PER_GAS_ILO215122 generator to SA-PER node...
INFO [2024-08-20 15:30:04] [THERMAL] - Adding PER_GAS_AGUAYTA15111 generator to SA-PER node...
INFO [2024-08-20 15:30:04] [THERMAL] - Adding PER_GAS_SANTAROSA15136 generator to SA-PER node...
INFO [2024-08-20 15:30:05] [THERMAL] - Adding PER_GAS_VENTANILLA15139 generator to SA-PER node...
INFO [2024-08-20 15:30:05] [THERMAL] - Adding PER_GAS_RESERVAFRIAIL15133 generator to SA-PER node...
INFO [2024-08-20 15:30:05] [THERMAL] - Adding PER_GAS_FENIX15118 generator to SA-PER node...
INFO [2024-08-20 15:30:05] [THERMAL] - Adding PER_GAS_KALLPA15123 generator to SA-PER node...
INFO [2024-08-20 15:30:06] [THERMAL] - Adding PER_GAS_CHILCA115115 generator to SA-PER node...
INFO [2024-08-20 15:30:06] [THERMAL] - Adding PER_GAS_CAPACITY SCALER generator to SA-PER node...
INFO [2024-08-20 15:30:06] [THERMAL] - Adding PER_COA_CAPACITY SCALER generator to SA-PER node...
INFO [2024-08-20 15:30:06] [THERMAL] - Adding PER_COA_ILO115121 generator to SA-PER node...
INFO [2024-08-20 15:30:06] [THERMAL] - Adding PER_BIO_CAPACITY SCALER generator to SA-PER node...
INFO [2024-08-20 15:30:07] [THERMAL] - Adding PRY_BIO_CAPACITY SCALER generator to SA-PRY node...
INFO [2024-08-20 15:30:07] [THERMAL] - Adding URY_GAS_ZENDALEATHER29609 generator to SA-URY node...
INFO [2024-08-20 15:30:07] [THERMAL] - Adding URY_GAS_PUNTADELTIGRE29595 generator to SA-URY node...
INFO [2024-08-20 15:30:07] [THERMAL] - Adding URY_GAS_CTR29546 generator to SA-URY node...
INFO [2024-08-20 15:30:07] [THERMAL] - Adding URY_GAS_CAPACITY SCALER generator to SA-URY node...
INFO [2024-08-20 15:30:08] [THERMAL] - Adding URY_BIO_LASROSAS29558 generator to SA-URY node...
INFO [2024-08-20 15:30:08] [THERMAL] - Adding URY_BIO_LIDERDAT29559 generator to SA-URY node...
INFO [2024-08-20 15:30:08] [THERMAL] - Adding URY_BIO_PONLAR29594 generator to SA-URY node...
INFO [2024-08-20 15:30:08] [THERMAL] - Adding URY_BIO_ALUR29538_FENIROL29554 generator to SA-URY node...
INFO [2024-08-20 15:30:08] [THERMAL] - Adding URY_BIO_BIOENER29540_WEYERHAEUSER29607 generator to SA-URY node...
INFO [2024-08-20 15:30:09] [THERMAL] - Adding URY_BIO_CAPACITY SCALER generator to SA-URY node...
INFO [2024-08-20 15:30:09] [THERMAL] - Adding URY_BIO_GALOFER29555 generator to SA-URY node...
INFO [2024-08-20 15:30:09] [THERMAL] - Adding URY_BIO_UPM29605 generator to SA-URY node...
INFO [2024-08-20 15:30:09] [THERMAL] - Adding URY_BIO_MONTESDELPLAT29567 generator to SA-URY node...
INFO [2024-08-20 15:30:10] [THERMAL] - Adding URY_OIL_SANGREGORIO29600 generator to SA-URY node...
INFO [2024-08-20 15:30:10] [THERMAL] - Adding URY_OIL_TURBINAROBR29604 generator to SA-URY node...
INFO [2024-08-20 15:30:10] [THERMAL] - Adding URY_OIL_MOTORESCENTRAL29568 generator to SA-URY node...
INFO [2024-08-20 15:30:10] [THERMAL] - Adding URY_OIL_CAPACITY SCALER generator to SA-URY node...
INFO [2024-08-20 15:30:10] [THERMAL] - Adding URY_OIL_PUNTADELTIGRE29596 generator to SA-URY node...
INFO [2024-08-20 15:30:11] [THERMAL] - Adding VEN_GAS_GUARENAS29637_TERMOBARRANCAS29662_GUANTA29 generator to SA-VEN node...
INFO [2024-08-20 15:30:11] [THERMAL] - Adding VEN_GAS_PLANTACAMEJO29649 generator to SA-VEN node...
INFO [2024-08-20 15:30:11] [THERMAL] - Adding VEN_GAS_ALBERTOLOVERA29625_ALFREDOSALAZAR29626_PED generator to SA-VEN node...
INFO [2024-08-20 15:30:11] [THERMAL] - Adding VEN_GAS_ENELBAR29633 generator to SA-VEN node...
INFO [2024-08-20 15:30:12] [THERMAL] - Adding VEN_GAS_SANTABARBARA29660_SANLORENZO29659_TURBOVEN generator to SA-VEN node...
INFO [2024-08-20 15:30:12] [THERMAL] - Adding VEN_GAS_PLANTACENTRO29650 generator to SA-VEN node...
INFO [2024-08-20 15:30:12] [THERMAL] - Adding VEN_GAS_TERMOCARABOBO29663 generator to SA-VEN node...
INFO [2024-08-20 15:30:12] [THERMAL] - Adding VEN_GAS_PLANTADELESTE29653 generator to SA-VEN node...
INFO [2024-08-20 15:30:12] [THERMAL] - Adding VEN_GAS_PLANTACORO29651_JUANBUATISTAA29642 generator to SA-VEN node...
INFO [2024-08-20 15:30:13] [THERMAL] - Adding VEN_GAS_JOSEFAJOAQUINA29640 generator to SA-VEN node...
INFO [2024-08-20 15:30:13] [THERMAL] - Adding VEN_GAS_BARCAZASJOSEFA29629_RICARDOZULOAGA29657 generator to SA-VEN node...
INFO [2024-08-20 15:30:13] [THERMAL] - Adding VEN_GAS_ELSITIO29632_LUISACARACERES29645 generator to SA-VEN node...
INFO [2024-08-20 15:30:13] [THERMAL] - Adding VEN_GAS_CASIGUA29630_CASTILLITOGAS29631_BAJOGRANDE generator to SA-VEN node...
INFO [2024-08-20 15:30:14] [THERMAL] - Adding VEN_GAS_PUNTOFIJO29654_RAFAELURDANETA29655_JOSEFAC generator to SA-VEN node...
INFO [2024-08-20 15:30:14] [THERMAL] - Adding VEN_GAS_TERMOZULIA29664_RAMONLAGUNA29656 generator to SA-VEN node...
INFO [2024-08-20 15:30:14] [THERMAL] - Adding VEN_OIL_CAPACITY SCALER generator to SA-VEN node...
INFO [2024-08-20 15:30:14] [MAIN] - Done adding thermal data! (run time : 1.72min).

INFO [2024-08-20 15:30:14] [MAIN] - Fetching battery data...

INFO [2024-08-20 15:30:14] [MAIN] - Aggregating identical batteries...
INFO [2024-08-20 15:30:14] [STORAGE] - Adding ARG_PHS_LosReyunosPumpe3 battery to SA-ARG node...
INFO [2024-08-20 15:30:15] [STORAGE] - Adding ARG_PHS_RioGrandeCerroP4 battery to SA-ARG node...
INFO [2024-08-20 15:30:15] [STORAGE] - Adding BOL_CHE_2.2MWPandoProje80 battery to SA-BOL node...
INFO [2024-08-20 15:30:15] [STORAGE] - Adding BRA_PHS_PedreiraPumpedH81 battery to SA-BRA-SE node...
INFO [2024-08-20 15:30:15] [STORAGE] - Adding CHL_CHE_TierraAtacamaHo125 battery to SA-CHL node...
INFO [2024-08-20 15:30:16] [STORAGE] - Adding CHL_CHE_LosAndesSubstat124 battery to SA-CHL node...
INFO [2024-08-20 15:30:16] [STORAGE] - Adding CHL_CHE_AESAngamosStora123 battery to SA-CHL node...
INFO [2024-08-20 15:30:16] [STORAGE] - Adding CHL_THE_MineraElTesoroC127 battery to SA-CHL node...
INFO [2024-08-20 15:30:16] [STORAGE] - Adding CHL_PHS_AuxiliarMaitene126 battery to SA-CHL node...
INFO [2024-08-20 15:30:17] [STORAGE] - Adding GUF_CHE_EDFENGuianaTouc426 battery to SA-GUF node...
INFO [2024-08-20 15:30:17] [MAIN] - Done adding battery data! (run time : 0.04min).

INFO [2024-08-20 15:30:17] [MAIN] - Adding lines between areas...

INFO [2024-08-20 15:30:18] 2024-08-20 15:30:18 - [LINES] Skipping SA-ARG to SA-BOL link (zero NTC)
INFO [2024-08-20 15:30:19] [LINES] - Adding SA-ARG to SA-BRA-SO line...
INFO [2024-08-20 15:30:19] [LINES] - Adding SA-ARG to SA-CHL line...
INFO [2024-08-20 15:30:19] [LINES] - Adding SA-ARG to SA-PRY line...
INFO [2024-08-20 15:30:19] [LINES] - Adding SA-ARG to SA-URY line...
INFO [2024-08-20 15:30:19] 2024-08-20 15:30:19 - [LINES] Skipping SA-BOL to SA-BRA-CW link (zero NTC)
INFO [2024-08-20 15:30:19] 2024-08-20 15:30:19 - [LINES] Skipping SA-BOL to SA-BRA-WE link (zero NTC)
INFO [2024-08-20 15:30:19] 2024-08-20 15:30:19 - [LINES] Skipping SA-BOL to SA-CHL link (zero NTC)
INFO [2024-08-20 15:30:19] 2024-08-20 15:30:19 - [LINES] Skipping SA-BOL to SA-PER link (zero NTC)
INFO [2024-08-20 15:30:19] 2024-08-20 15:30:19 - [LINES] Skipping SA-BOL to SA-PRY link (zero NTC)
INFO [2024-08-20 15:30:19] 2024-08-20 15:30:19 - [LINES] Skipping SA-BRA-CN to SA-BRA-CW link (zero NTC)
INFO [2024-08-20 15:30:19] [LINES] - Adding SA-BRA-CN to SA-BRA-J2 line...
INFO [2024-08-20 15:30:19] [LINES] - Adding SA-BRA-CN to SA-BRA-J3 line...
INFO [2024-08-20 15:30:19] 2024-08-20 15:30:19 - [LINES] Skipping SA-BRA-CN to SA-BRA-NE link (zero NTC)
INFO [2024-08-20 15:30:19] 2024-08-20 15:30:19 - [LINES] Skipping SA-BRA-CN to SA-BRA-NW link (zero NTC)
INFO [2024-08-20 15:30:19] 2024-08-20 15:30:19 - [LINES] Skipping SA-BRA-CN to SA-GUY link (zero NTC)
INFO [2024-08-20 15:30:20] [LINES] - Adding SA-BRA-CW to SA-BRA-J2 line...
INFO [2024-08-20 15:30:20] 2024-08-20 15:30:20 - [LINES] Skipping SA-BRA-CW to SA-BRA-NE link (zero NTC)
INFO [2024-08-20 15:30:20] 2024-08-20 15:30:20 - [LINES] Skipping SA-BRA-CW to SA-BRA-NW link (zero NTC)
INFO [2024-08-20 15:30:20] [LINES] - Adding SA-BRA-CW to SA-BRA-SE line...
INFO [2024-08-20 15:30:20] 2024-08-20 15:30:20 - [LINES] Skipping SA-BRA-CW to SA-BRA-SO link (zero NTC)
INFO [2024-08-20 15:30:20] [LINES] - Adding SA-BRA-CW to SA-BRA-WE line...
INFO [2024-08-20 15:30:20] 2024-08-20 15:30:20 - [LINES] Skipping SA-BRA-CW to SA-PRY link (zero NTC)
INFO [2024-08-20 15:30:20] [LINES] - Adding SA-BRA-J1 to SA-BRA-SE line...
INFO [2024-08-20 15:30:20] [LINES] - Adding SA-BRA-J1 to SA-BRA-SO line...
INFO [2024-08-20 15:30:21] [LINES] - Adding SA-BRA-J2 to SA-BRA-J3 line...
INFO [2024-08-20 15:30:21] [LINES] - Adding SA-BRA-J2 to SA-BRA-NE line...
INFO [2024-08-20 15:30:21] [LINES] - Adding SA-BRA-J3 to SA-BRA-NW line...
INFO [2024-08-20 15:30:21] [LINES] - Adding SA-BRA-J3 to SA-BRA-SE line...
INFO [2024-08-20 15:30:21] [LINES] - Adding SA-BRA-NE to SA-BRA-SE line...
INFO [2024-08-20 15:30:21] 2024-08-20 15:30:21 - [LINES] Skipping SA-BRA-NW to SA-BRA-WE link (zero NTC)
INFO [2024-08-20 15:30:21] 2024-08-20 15:30:21 - [LINES] Skipping SA-BRA-NW to SA-COL link (zero NTC)
INFO [2024-08-20 15:30:21] 2024-08-20 15:30:21 - [LINES] Skipping SA-BRA-NW to SA-GUF link (zero NTC)
INFO [2024-08-20 15:30:21] 2024-08-20 15:30:21 - [LINES] Skipping SA-BRA-NW to SA-GUY link (zero NTC)
INFO [2024-08-20 15:30:21] 2024-08-20 15:30:21 - [LINES] Skipping SA-BRA-NW to SA-PER link (zero NTC)
INFO [2024-08-20 15:30:22] [LINES] - Adding SA-BRA-NW to SA-VEN line...
INFO [2024-08-20 15:30:22] [LINES] - Adding SA-BRA-SE to SA-BRA-SO line...
INFO [2024-08-20 15:30:22] [LINES] - Adding SA-BRA-SO to SA-PRY line...
INFO [2024-08-20 15:30:22] [LINES] - Adding SA-BRA-SO to SA-URY line...
INFO [2024-08-20 15:30:22] 2024-08-20 15:30:22 - [LINES] Skipping SA-BRA-WE to SA-PER link (zero NTC)
INFO [2024-08-20 15:30:22] 2024-08-20 15:30:22 - [LINES] Skipping SA-CHL to SA-PER link (zero NTC)
INFO [2024-08-20 15:30:23] [LINES] - Adding SA-COL to SA-ECU line...
INFO [2024-08-20 15:30:23] 2024-08-20 15:30:23 - [LINES] Skipping SA-COL to SA-PER link (zero NTC)
INFO [2024-08-20 15:30:23] [LINES] - Adding SA-COL to SA-VEN line...
INFO [2024-08-20 15:30:23] [LINES] - Adding SA-ECU to SA-PER line...
INFO [2024-08-20 15:30:23] 2024-08-20 15:30:23 - [LINES] Skipping SA-GUY to SA-VEN link (zero NTC)
INFO [2024-08-20 15:30:23] [MAIN] - Done adding lines! (run time : 6.41s).

INFO [2024-08-20 15:30:23] [MAIN] - Finished setting up Antares study! (run time : 3.09min).
 

INFO [2024-08-20 15:30:23] [MAIN] - Starting World_15thermalClusters_accurateUCM_districtsTest__2024_08_20_15_30_23 simulation...
INFO [2024-08-20 15:30:34] [MAIN] - Antares simulation finished! (run time : 0.17min).
 

