INFO [2024-10-13 15:02:29] [MAIN] - Initializing output folder...
INFO [2024-10-13 15:02:32] [MAIN] - Reading simulations of pre-existing v2_20clu__2024_09_04_22_33_36 study...
INFO [2024-10-13 15:02:33] [MAIN] - Opening 20240905-0707eco-world_vOutages_accurateUCM simulation...
INFO [2024-10-13 15:02:33] [MAIN] - Preparing to compare generation values with Deane...
INFO [2024-10-13 15:02:33] [DEANE] - Saving generation comparisons for africa continent...
INFO [2024-10-13 15:02:34] [DEANE] - Done saving generation comparisons for africa continent!
INFO [2024-10-13 15:02:34] [DEANE] - Saving generation comparisons for asia continent...
INFO [2024-10-13 15:02:34] [DEANE] - Done saving generation comparisons for asia continent!
INFO [2024-10-13 15:02:34] [DEANE] - Saving generation comparisons for europe continent...
INFO [2024-10-13 15:02:34] [DEANE] - Done saving generation comparisons for europe continent!
INFO [2024-10-13 15:02:34] [DEANE] - Saving generation comparisons for north america continent...
INFO [2024-10-13 15:02:35] [DEANE] - Done saving generation comparisons for north america continent!
INFO [2024-10-13 15:02:35] [DEANE] - Saving generation comparisons for oceania continent...
INFO [2024-10-13 15:02:35] [DEANE] - Done saving generation comparisons for oceania continent!
INFO [2024-10-13 15:02:35] [DEANE] - Saving generation comparisons for south america continent...
INFO [2024-10-13 15:02:35] [DEANE] - Done saving generation comparisons for south america continent!
INFO [2024-10-13 15:02:35] [DEANE] - Saving generation comparisons for the world...
INFO [2024-10-13 15:02:36] [DEANE] - Done saving generation comparisons for the world!
INFO [2024-10-13 15:02:36] [MAIN] - Done comparing generation values with Deane! (run time : 2.64 s).

INFO [2024-10-13 15:02:36] [MAIN] - Preparing to compare emissions values with Deane...
INFO [2024-10-13 15:02:36] [DEANE] - Computing continental CO2 emissions in Antares study...
