INFO [2024-08-05 11:21:16] [MAIN] - Creating Etude_sur_R_Monde__2024_08_05_11_21_16 study...

INFO [2024-08-05 11:21:16] [MAIN] - Adding nodes...

INFO [2024-08-05 11:21:19] [NODES] - Adding EU-CHE node...
INFO [2024-08-05 11:21:19] [NODES] - Adding EU-DEU node...
INFO [2024-08-05 11:21:19] [NODES] - Adding EU-FRA node...
INFO [2024-08-05 11:21:19] [MAIN] - Done adding nodes! (run time : 2.86s).

INFO [2024-08-05 11:21:19] [MAIN] - Adding load data...

INFO [2024-08-05 11:21:21] [LOAD] - Adding EU-CHE load data...
INFO [2024-08-05 11:21:21] [LOAD] - Adding EU-DEU load data...
INFO [2024-08-05 11:21:21] [LOAD] - Adding EU-FRA load data...
INFO [2024-08-05 11:21:21] [MAIN] - Done adding load data! (run time : 1.47s).

INFO [2024-08-05 11:21:21] [MAIN] - Fetching wind data...

INFO [2024-08-05 11:21:21] [WIND] - Adding EU-CHE aggregated wind data...
INFO [2024-08-05 11:21:21] [WIND] - Adding EU-DEU aggregated wind data...
INFO [2024-08-05 11:21:21] [WIND] - Adding EU-FRA aggregated wind data...
INFO [2024-08-05 11:21:21] [MAIN] - Done adding wind data! (run time : 0.31s).

INFO [2024-08-05 11:21:21] [MAIN] - Fetching solar data...

INFO [2024-08-05 11:21:21] [SOLAR] - Adding EU-CHE aggregated solar data...
INFO [2024-08-05 11:21:21] [SOLAR] - Adding EU-DEU aggregated solar data...
INFO [2024-08-05 11:21:22] [SOLAR] - Adding EU-FRA aggregated solar data...
INFO [2024-08-05 11:21:22] [MAIN] - Done adding solar data! (run time : 0.39s).

INFO [2024-08-05 11:21:22] [MAIN] - Fetching thermal data...

INFO [2024-08-05 11:21:25] [THERMAL] - Adding CHE_COA_CAPACITY SCALER generator to EU-CHE node...
INFO [2024-08-05 11:21:25] [THERMAL] - Adding CHE_GAS_CAPACITY SCALER generator to EU-CHE node...
INFO [2024-08-05 11:21:25] [THERMAL] - Adding CHE_NUC_KERNKRAFTWERKB17760 generator to EU-CHE node...
INFO [2024-08-05 11:21:25] [THERMAL] - Adding CHE_NUC_KERNKRAFTWERKG17761 generator to EU-CHE node...
INFO [2024-08-05 11:21:26] [THERMAL] - Adding CHE_NUC_KERNKRAFTWERKL17762 generator to EU-CHE node...
INFO [2024-08-05 11:21:26] [THERMAL] - Adding CHE_NUC_KERNKRAFTWERKM17763 generator to EU-CHE node...
INFO [2024-08-05 11:21:26] [THERMAL] - Adding DEU_COA_ALTBACHPOWERS10887 generator to EU-DEU node...
INFO [2024-08-05 11:21:26] [THERMAL] - Adding DEU_COA_BERGKAMENPOWER10936 generator to EU-DEU node...
INFO [2024-08-05 11:21:26] [THERMAL] - Adding DEU_COA_BERLINMOABITP10938 generator to EU-DEU node...
INFO [2024-08-05 11:21:26] [THERMAL] - Adding DEU_COA_BERLINREUTERP10939 generator to EU-DEU node...
INFO [2024-08-05 11:21:26] [THERMAL] - Adding DEU_COA_BERLINREUTERW10940 generator to EU-DEU node...
INFO [2024-08-05 11:21:26] [THERMAL] - Adding DEU_COA_BOA210982 generator to EU-DEU node...
INFO [2024-08-05 11:21:27] [THERMAL] - Adding DEU_COA_BOXBERGPOWERS10989 generator to EU-DEU node...
INFO [2024-08-05 11:21:27] [THERMAL] - Adding DEU_COA_BRAUNKOHLEKRAFT10993 generator to EU-DEU node...
INFO [2024-08-05 11:21:27] [THERMAL] - Adding DEU_COA_BREMENFARGEPO10995 generator to EU-DEU node...
INFO [2024-08-05 11:21:27] [THERMAL] - Adding DEU_COA_BUERPOWERSTAT11001 generator to EU-DEU node...
INFO [2024-08-05 11:21:27] [THERMAL] - Adding DEU_COA_BUSCHHAUSPOWER11002 generator to EU-DEU node...
INFO [2024-08-05 11:21:27] [THERMAL] - Adding DEU_COA_CHEMIEPARKMARL11011 generator to EU-DEU node...
INFO [2024-08-05 11:21:27] [THERMAL] - Adding DEU_COA_CHEMNITZNORDP11012 generator to EU-DEU node...
INFO [2024-08-05 11:21:27] [THERMAL] - Adding DEU_COA_COALPLANT111015 generator to EU-DEU node...
INFO [2024-08-05 11:21:27] [THERMAL] - Adding DEU_COA_COALPLANT211016 generator to EU-DEU node...
INFO [2024-08-05 11:21:28] [THERMAL] - Adding DEU_COA_COLOGNEMERKENI11018 generator to EU-DEU node...
INFO [2024-08-05 11:21:28] [THERMAL] - Adding DEU_COA_COTTBUSCHPPOW11019 generator to EU-DEU node...
INFO [2024-08-05 11:21:28] [THERMAL] - Adding DEU_COA_DESSAUPOWERST11037 generator to EU-DEU node...
INFO [2024-08-05 11:21:28] [THERMAL] - Adding DEU_COA_DEUBENPOWERST11040 generator to EU-DEU node...
INFO [2024-08-05 11:21:28] [THERMAL] - Adding DEU_COA_EZ111066 generator to EU-DEU node...
INFO [2024-08-05 11:21:28] [THERMAL] - Adding DEU_COA_FKK11104 generator to EU-DEU node...
INFO [2024-08-05 11:21:28] [THERMAL] - Adding DEU_COA_FLENSBURGPOWER11111 generator to EU-DEU node...
INFO [2024-08-05 11:21:29] [THERMAL] - Adding DEU_COA_FORTUNANORD11113 generator to EU-DEU node...
INFO [2024-08-05 11:21:29] [THERMAL] - Adding DEU_COA_FRIMMERSDORFPO11118 generator to EU-DEU node...
INFO [2024-08-05 11:21:29] [THERMAL] - Adding DEU_COA_GKHHANNOVERPO11123 generator to EU-DEU node...
INFO [2024-08-05 11:21:29] [THERMAL] - Adding DEU_COA_GKMMANNHEIM11125 generator to EU-DEU node...
INFO [2024-08-05 11:21:29] [THERMAL] - Adding DEU_COA_GKRAFTWERK11121 generator to EU-DEU node...
INFO [2024-08-05 11:21:30] [THERMAL] - Adding DEU_COA_GRUBENHEIZKRAFT11165 generator to EU-DEU node...
INFO [2024-08-05 11:21:30] [THERMAL] - Adding DEU_COA_HAFENPOWERSTA11244 generator to EU-DEU node...
INFO [2024-08-05 11:21:30] [THERMAL] - Adding DEU_COA_HAMBURGMOORBUR11247 generator to EU-DEU node...
INFO [2024-08-05 11:21:30] [THERMAL] - Adding DEU_COA_HASTEDTPOWERS11251 generator to EU-DEU node...
INFO [2024-08-05 11:21:30] [THERMAL] - Adding DEU_COA_HEILBRONNPOWER11255 generator to EU-DEU node...
INFO [2024-08-05 11:21:30] [THERMAL] - Adding DEU_COA_HEIZKRAFTWERK311260 generator to EU-DEU node...
INFO [2024-08-05 11:21:31] [THERMAL] - Adding DEU_COA_HEIZKRAFTWERKD11281 generator to EU-DEU node...
INFO [2024-08-05 11:21:31] [THERMAL] - Adding DEU_COA_HEIZKRAFTWERKF11266 generator to EU-DEU node...
INFO [2024-08-05 11:21:31] [THERMAL] - Adding DEU_COA_HEIZKRAFTWERKM11274 generator to EU-DEU node...
INFO [2024-08-05 11:21:31] [THERMAL] - Adding DEU_COA_HEIZKRAFTWERKS11279 generator to EU-DEU node...
INFO [2024-08-05 11:21:31] [THERMAL] - Adding DEU_COA_HERNEPOWERSTA11288 generator to EU-DEU node...
INFO [2024-08-05 11:21:32] [THERMAL] - Adding DEU_COA_HEYDENPOWERST11292 generator to EU-DEU node...
INFO [2024-08-05 11:21:32] [THERMAL] - Adding DEU_COA_HKWERLANGENC11203 generator to EU-DEU node...
INFO [2024-08-05 11:21:32] [THERMAL] - Adding DEU_COA_HKWI11211 generator to EU-DEU node...
INFO [2024-08-05 11:21:32] [MAIN] - Starting simulation__2024_08_05_11_21_32 simulation...
