INFO [2024-10-13 15:12:07] [MAIN] - Initializing output folder...
INFO [2024-10-13 15:12:10] [MAIN] - Reading simulations of pre-existing v2_20clu__2024_09_04_22_33_36 study...
INFO [2024-10-13 15:12:10] [MAIN] - Opening 20240905-0707eco-world_vOutages_accurateUCM simulation...
INFO [2024-10-13 15:12:11] [MAIN] - Preparing to compare generation values with Deane...
INFO [2024-10-13 15:12:11] [DEANE] - Saving generation comparisons for africa continent...
INFO [2024-10-13 15:12:11] [DEANE] - Done saving generation comparisons for africa continent!
INFO [2024-10-13 15:12:11] [DEANE] - Saving generation comparisons for asia continent...
INFO [2024-10-13 15:12:12] [DEANE] - Done saving generation comparisons for asia continent!
INFO [2024-10-13 15:12:12] [DEANE] - Saving generation comparisons for europe continent...
INFO [2024-10-13 15:12:12] [DEANE] - Done saving generation comparisons for europe continent!
INFO [2024-10-13 15:12:12] [DEANE] - Saving generation comparisons for north america continent...
INFO [2024-10-13 15:12:12] [DEANE] - Done saving generation comparisons for north america continent!
INFO [2024-10-13 15:12:12] [DEANE] - Saving generation comparisons for oceania continent...
INFO [2024-10-13 15:12:12] [DEANE] - Done saving generation comparisons for oceania continent!
INFO [2024-10-13 15:12:12] [DEANE] - Saving generation comparisons for south america continent...
INFO [2024-10-13 15:12:13] [DEANE] - Done saving generation comparisons for south america continent!
INFO [2024-10-13 15:12:13] [DEANE] - Saving generation comparisons for the world...
INFO [2024-10-13 15:12:13] [DEANE] - Done saving generation comparisons for the world!
INFO [2024-10-13 15:12:13] [MAIN] - Done comparing generation values with Deane! (run time : 2.73 s).

INFO [2024-10-13 15:12:13] [MAIN] - Preparing to compare emissions values with Deane...
INFO [2024-10-13 15:12:13] [DEANE] - Computing continental CO2 emissions in Antares study...
INFO [2024-10-13 15:12:41] [DEANE] - Done computing continental CO2 emissions!
INFO [2024-10-13 15:12:41] [DEANE] - Saving emissions comparisons for africa continent...
INFO [2024-10-13 15:12:41] [DEANE] - Done saving emissions comparisons for africa continent!
INFO [2024-10-13 15:12:41] [DEANE] - Saving emissions comparisons for asia continent...
INFO [2024-10-13 15:12:41] [DEANE] - Done saving emissions comparisons for asia continent!
INFO [2024-10-13 15:12:41] [DEANE] - Saving emissions comparisons for europe continent...
INFO [2024-10-13 15:12:41] [DEANE] - Done saving emissions comparisons for europe continent!
INFO [2024-10-13 15:12:41] [DEANE] - Saving emissions comparisons for north america continent...
INFO [2024-10-13 15:12:41] [DEANE] - Done saving emissions comparisons for north america continent!
INFO [2024-10-13 15:12:41] [DEANE] - Saving emissions comparisons for oceania continent...
INFO [2024-10-13 15:12:42] [DEANE] - Done saving emissions comparisons for oceania continent!
INFO [2024-10-13 15:12:42] [DEANE] - Saving emissions comparisons for south america continent...
INFO [2024-10-13 15:12:42] [DEANE] - Done saving emissions comparisons for south america continent!
INFO [2024-10-13 15:12:42] [DEANE] - Computing world CO2 emissions in Antares study...
INFO [2024-10-13 15:13:05] [DEANE] - Done computing world CO2 emissions!
INFO [2024-10-13 15:13:05] [DEANE] - Saving emissions comparisons for the world...
INFO [2024-10-13 15:13:05] [DEANE] - Done saving emissions comparisons for the world!
INFO [2024-10-13 15:13:05] [MAIN] - Done comparing emissions values with Deane! (run time : 52.16 s).

