ERROR [2024-08-08 15:00:49] [WARN] - Could not create node EU-DEU - skipping and continuing...
ERROR [2024-08-08 15:00:50] [WARN] - Could not add load data to EU-DEU node, skipping...
ERROR [2024-08-08 15:00:50] [WARN] - Skipped adding wind data for EU-DEU (no generators found in PLEXOS).
ERROR [2024-08-08 15:00:50] [WARN] - Skipped adding solar data for EU-DEU (no generators found in PLEXOS).
ERROR [2024-08-08 15:00:53] [HYDRO] - Couldn't initialize EU-DEU hydro parameters, skipping...
ERROR [2024-08-08 15:00:53] [HYDRO] - Couldn't add EU-DEU max power timeseries, skipping...
ERROR [2024-08-08 15:00:53] [HYDRO] - Couldn't add EU-DEU hydro profiles, skipping...
ERROR [2024-08-08 15:00:58] [WARN] - Failed to add DEU_BIO_BIOENERGIEPARK10946 generator to EU-DEU node, skipping...
ERROR [2024-08-08 15:00:58] [WARN] - Failed to add DEU_BIO_BIOHKWHERBREC10945 generator to EU-DEU node, skipping...
ERROR [2024-08-08 15:00:58] [WARN] - Failed to add DEU_BIO_BIOHKWI10947 generator to EU-DEU node, skipping...
ERROR [2024-08-08 15:00:58] [WARN] - Failed to add DEU_BIO_BIOMASSEHEIZKR10970 generator to EU-DEU node, skipping...
ERROR [2024-08-08 15:00:58] [WARN] - Failed to add DEU_BIO_BIOMASSEHEIZKRA10972 generator to EU-DEU node, skipping...
ERROR [2024-08-08 15:00:58] [WARN] - Failed to add DEU_BIO_BIOMASSEKRAFTWE10974 generator to EU-DEU node, skipping...
ERROR [2024-08-08 15:00:58] [WARN] - Failed to add DEU_BIO_BIOMASSEVERSTR10971 generator to EU-DEU node, skipping...
ERROR [2024-08-08 15:00:58] [WARN] - Failed to add DEU_BIO_BIOMASSGENERAT10948 generator to EU-DEU node, skipping...
ERROR [2024-08-08 15:00:58] [WARN] - Failed to add DEU_BIO_BIOMASSGENERAT10953 generator to EU-DEU node, skipping...
ERROR [2024-08-08 15:00:58] [WARN] - Failed to add DEU_BIO_BIOMASSGENERAT10954 generator to EU-DEU node, skipping...
ERROR [2024-08-08 15:00:58] [WARN] - Failed to add DEU_BIO_BIOMASSGENERAT10955 generator to EU-DEU node, skipping...
ERROR [2024-08-08 15:00:58] [WARN] - Failed to add DEU_BIO_BIOMASSGENERAT10956 generator to EU-DEU node, skipping...
ERROR [2024-08-08 15:00:58] [WARN] - Failed to add DEU_BIO_BIOMASSGENERAT10957 generator to EU-DEU node, skipping...
ERROR [2024-08-08 15:00:58] [WARN] - Failed to add DEU_BIO_BIOMASSGENERAT10959 generator to EU-DEU node, skipping...
ERROR [2024-08-08 15:00:58] [WARN] - Failed to add DEU_BIO_BIOMASSGENERAT10960 generator to EU-DEU node, skipping...
ERROR [2024-08-08 15:00:59] [WARN] - Failed to add DEU_BIO_BIOMASSGENERAT10961 generator to EU-DEU node, skipping...
ERROR [2024-08-08 15:00:59] [WARN] - Failed to add DEU_BIO_BIOMASSGENERAT10962 generator to EU-DEU node, skipping...
ERROR [2024-08-08 15:00:59] [WARN] - Failed to add DEU_BIO_BIOMASSGENERAT10963 generator to EU-DEU node, skipping...
ERROR [2024-08-08 15:00:59] [WARN] - Failed to add DEU_BIO_BIOMASSGENERAT10964 generator to EU-DEU node, skipping...
ERROR [2024-08-08 15:00:59] [WARN] - Failed to add DEU_BIO_BIOMASSGENERAT10965 generator to EU-DEU node, skipping...
ERROR [2024-08-08 15:00:59] [WARN] - Failed to add DEU_BIO_BIOMASSGENERAT10966 generator to EU-DEU node, skipping...
ERROR [2024-08-08 15:00:59] [WARN] - Failed to add DEU_BIO_BIOMASSGENERAT10967 generator to EU-DEU node, skipping...
ERROR [2024-08-08 15:00:59] [WARN] - Failed to add DEU_BIO_BIOMASSGENERAT10968 generator to EU-DEU node, skipping...
ERROR [2024-08-08 15:00:59] [WARN] - Failed to add DEU_BIO_BIOMASSGENERAT10969 generator to EU-DEU node, skipping...
ERROR [2024-08-08 15:00:59] [WARN] - Failed to add DEU_BIO_BKF10913 generator to EU-DEU node, skipping...
ERROR [2024-08-08 15:00:59] [WARN] - Failed to add DEU_BIO_BLOCKHEIZKRAFTW10981 generator to EU-DEU node, skipping...
ERROR [2024-08-08 15:00:59] [WARN] - Failed to add DEU_BIO_BMHKWBINDERHOL10914 generator to EU-DEU node, skipping...
ERROR [2024-08-08 15:00:59] [WARN] - Failed to add DEU_BIO_BMHKWRERECKLI10915 generator to EU-DEU node, skipping...
ERROR [2024-08-08 15:00:59] [WARN] - Failed to add DEU_BIO_BMKLNEN10916 generator to EU-DEU node, skipping...
ERROR [2024-08-08 15:00:59] [WARN] - Failed to add DEU_BIO_BMKWBERGKAMEN10917 generator to EU-DEU node, skipping...
ERROR [2024-08-08 15:00:59] [WARN] - Failed to add DEU_BIO_BMKWFLRSHEIM10918 generator to EU-DEU node, skipping...
ERROR [2024-08-08 15:00:59] [WARN] - Failed to add DEU_BIO_BMKWKNIGSWU10919 generator to EU-DEU node, skipping...
ERROR [2024-08-08 15:00:59] [WARN] - Failed to add DEU_BIO_BMKWMANNHEIM10920 generator to EU-DEU node, skipping...
ERROR [2024-08-08 15:00:59] [WARN] - Failed to add DEU_BIO_CAPACITY SCALER generator to EU-DEU node, skipping...
ERROR [2024-08-08 15:00:59] [WARN] - Failed to add DEU_BIO_EGGERKRAFTWERK11072 generator to EU-DEU node, skipping...
ERROR [2024-08-08 15:00:59] [WARN] - Failed to add DEU_BIO_EMDENBIOMASSE11085 generator to EU-DEU node, skipping...
ERROR [2024-08-08 15:00:59] [WARN] - Failed to add DEU_BIO_ENERGIEANLAGE311089 generator to EU-DEU node, skipping...
ERROR [2024-08-08 15:00:59] [WARN] - Failed to add DEU_BIO_ENERTRAGNETZG11063 generator to EU-DEU node, skipping...
ERROR [2024-08-08 15:00:59] [WARN] - Failed to add DEU_BIO_HEIZKRAFTWERKP11275 generator to EU-DEU node, skipping...
ERROR [2024-08-08 15:00:59] [WARN] - Failed to add DEU_BIO_HHKWBERLINNEU11189 generator to EU-DEU node, skipping...
ERROR [2024-08-08 15:00:59] [WARN] - Failed to add DEU_BIO_HKWALTENSTADT11194 generator to EU-DEU node, skipping...
ERROR [2024-08-08 15:00:59] [WARN] - Failed to add DEU_BIO_KWKGTERSLOH11354 generator to EU-DEU node, skipping...
ERROR [2024-08-08 15:00:59] [WARN] - Failed to add DEU_BIO_KWKNEUMARKT11355 generator to EU-DEU node, skipping...
ERROR [2024-08-08 15:00:59] [WARN] - Failed to add DEU_BIO_LANDESBERGENBI11424 generator to EU-DEU node, skipping...
ERROR [2024-08-08 15:00:59] [WARN] - Failed to add DEU_BIO_MLLVERWERTUNG11495 generator to EU-DEU node, skipping...
ERROR [2024-08-08 15:00:59] [WARN] - Failed to add DEU_BIO_SCAMANNHEIM11648 generator to EU-DEU node, skipping...
ERROR [2024-08-08 15:00:59] [WARN] - Failed to add DEU_BIO_STORAENSOMAXA11716 generator to EU-DEU node, skipping...
ERROR [2024-08-08 15:00:59] [WARN] - Failed to add DEU_BIO_UPMSCHWEDT11755 generator to EU-DEU node, skipping...
ERROR [2024-08-08 15:00:59] [WARN] - Failed to add DEU_BIO_UTB11756 generator to EU-DEU node, skipping...
ERROR [2024-08-08 15:00:59] [WARN] - Failed to add DEU_BIO_WERKSKRAFTWERK11803 generator to EU-DEU node, skipping...
ERROR [2024-08-08 15:00:59] [WARN] - Failed to add DEU_BIO_WERKSKRAFTWERK11805 generator to EU-DEU node, skipping...
ERROR [2024-08-08 15:00:59] [WARN] - Failed to add DEU_BIO_WIBIEBRICH11814 generator to EU-DEU node, skipping...
ERROR [2024-08-08 15:00:59] [WARN] - Failed to add DEU_BIO_ZELLSTOFFSTEND11847 generator to EU-DEU node, skipping...
ERROR [2024-08-08 15:00:59] [WARN] - Failed to add DEU_BIO_ZOLLINGPOWERS11851 generator to EU-DEU node, skipping...
ERROR [2024-08-08 15:00:59] [WARN] - Failed to add DEU_COA_ALTBACHPOWERS10887 generator to EU-DEU node, skipping...
ERROR [2024-08-08 15:00:59] [WARN] - Failed to add DEU_COA_BERGKAMENPOWER10936 generator to EU-DEU node, skipping...
ERROR [2024-08-08 15:00:59] [WARN] - Failed to add DEU_COA_BERLINMOABITP10938 generator to EU-DEU node, skipping...
ERROR [2024-08-08 15:00:59] [WARN] - Failed to add DEU_COA_BERLINREUTERP10939 generator to EU-DEU node, skipping...
ERROR [2024-08-08 15:00:59] [WARN] - Failed to add DEU_COA_BERLINREUTERW10940 generator to EU-DEU node, skipping...
ERROR [2024-08-08 15:00:59] [WARN] - Failed to add DEU_COA_BOA210982 generator to EU-DEU node, skipping...
ERROR [2024-08-08 15:00:59] [WARN] - Failed to add DEU_COA_BOXBERGPOWERS10989 generator to EU-DEU node, skipping...
ERROR [2024-08-08 15:00:59] [WARN] - Failed to add DEU_COA_BRAUNKOHLEKRAFT10993 generator to EU-DEU node, skipping...
ERROR [2024-08-08 15:00:59] [WARN] - Failed to add DEU_COA_BREMENFARGEPO10995 generator to EU-DEU node, skipping...
ERROR [2024-08-08 15:00:59] [WARN] - Failed to add DEU_COA_BUERPOWERSTAT11001 generator to EU-DEU node, skipping...
ERROR [2024-08-08 15:00:59] [WARN] - Failed to add DEU_COA_BUSCHHAUSPOWER11002 generator to EU-DEU node, skipping...
ERROR [2024-08-08 15:00:59] [WARN] - Failed to add DEU_COA_CHEMIEPARKMARL11011 generator to EU-DEU node, skipping...
ERROR [2024-08-08 15:00:59] [WARN] - Failed to add DEU_COA_CHEMNITZNORDP11012 generator to EU-DEU node, skipping...
ERROR [2024-08-08 15:00:59] [WARN] - Failed to add DEU_COA_COALPLANT111015 generator to EU-DEU node, skipping...
ERROR [2024-08-08 15:00:59] [WARN] - Failed to add DEU_COA_COALPLANT211016 generator to EU-DEU node, skipping...
ERROR [2024-08-08 15:00:59] [WARN] - Failed to add DEU_COA_COLOGNEMERKENI11018 generator to EU-DEU node, skipping...
ERROR [2024-08-08 15:00:59] [WARN] - Failed to add DEU_COA_COTTBUSCHPPOW11019 generator to EU-DEU node, skipping...
ERROR [2024-08-08 15:00:59] [WARN] - Failed to add DEU_COA_DESSAUPOWERST11037 generator to EU-DEU node, skipping...
ERROR [2024-08-08 15:00:59] [WARN] - Failed to add DEU_COA_DEUBENPOWERST11040 generator to EU-DEU node, skipping...
ERROR [2024-08-08 15:00:59] [WARN] - Failed to add DEU_COA_EZ111066 generator to EU-DEU node, skipping...
ERROR [2024-08-08 15:00:59] [WARN] - Failed to add DEU_COA_FKK11104 generator to EU-DEU node, skipping...
ERROR [2024-08-08 15:00:59] [WARN] - Failed to add DEU_COA_FLENSBURGPOWER11111 generator to EU-DEU node, skipping...
ERROR [2024-08-08 15:00:59] [WARN] - Failed to add DEU_COA_FORTUNANORD11113 generator to EU-DEU node, skipping...
ERROR [2024-08-08 15:00:59] [WARN] - Failed to add DEU_COA_FRIMMERSDORFPO11118 generator to EU-DEU node, skipping...
ERROR [2024-08-08 15:00:59] [WARN] - Failed to add DEU_COA_GKHHANNOVERPO11123 generator to EU-DEU node, skipping...
ERROR [2024-08-08 15:00:59] [WARN] - Failed to add DEU_COA_GKMMANNHEIM11125 generator to EU-DEU node, skipping...
ERROR [2024-08-08 15:00:59] [WARN] - Failed to add DEU_COA_GKRAFTWERK11121 generator to EU-DEU node, skipping...
ERROR [2024-08-08 15:00:59] [WARN] - Failed to add DEU_COA_GRUBENHEIZKRAFT11165 generator to EU-DEU node, skipping...
ERROR [2024-08-08 15:00:59] [WARN] - Failed to add DEU_COA_HAFENPOWERSTA11244 generator to EU-DEU node, skipping...
ERROR [2024-08-08 15:00:59] [WARN] - Failed to add DEU_COA_HAMBURGMOORBUR11247 generator to EU-DEU node, skipping...
ERROR [2024-08-08 15:00:59] [WARN] - Failed to add DEU_COA_HASTEDTPOWERS11251 generator to EU-DEU node, skipping...
ERROR [2024-08-08 15:00:59] [WARN] - Failed to add DEU_COA_HEILBRONNPOWER11255 generator to EU-DEU node, skipping...
ERROR [2024-08-08 15:00:59] [WARN] - Failed to add DEU_COA_HEIZKRAFTWERK311260 generator to EU-DEU node, skipping...
ERROR [2024-08-08 15:00:59] [WARN] - Failed to add DEU_COA_HEIZKRAFTWERKD11281 generator to EU-DEU node, skipping...
ERROR [2024-08-08 15:00:59] [WARN] - Failed to add DEU_COA_HEIZKRAFTWERKF11266 generator to EU-DEU node, skipping...
ERROR [2024-08-08 15:00:59] [WARN] - Failed to add DEU_COA_HEIZKRAFTWERKM11274 generator to EU-DEU node, skipping...
ERROR [2024-08-08 15:00:59] [WARN] - Failed to add DEU_COA_HEIZKRAFTWERKS11279 generator to EU-DEU node, skipping...
ERROR [2024-08-08 15:00:59] [WARN] - Failed to add DEU_COA_HERNEPOWERSTA11288 generator to EU-DEU node, skipping...
ERROR [2024-08-08 15:00:59] [WARN] - Failed to add DEU_COA_HEYDENPOWERST11292 generator to EU-DEU node, skipping...
ERROR [2024-08-08 15:00:59] [WARN] - Failed to add DEU_COA_HKWERLANGENC11203 generator to EU-DEU node, skipping...
ERROR [2024-08-08 15:00:59] [WARN] - Failed to add DEU_COA_HKWI11211 generator to EU-DEU node, skipping...
ERROR [2024-08-08 15:00:59] [WARN] - Failed to add DEU_COA_HKWKARCHERSTR_11214 generator to EU-DEU node, skipping...
ERROR [2024-08-08 15:00:59] [WARN] - Failed to add DEU_COA_HKWNORD11222 generator to EU-DEU node, skipping...
ERROR [2024-08-08 15:00:59] [WARN] - Failed to add DEU_COA_HKWNORDWEST11223 generator to EU-DEU node, skipping...
ERROR [2024-08-08 15:00:59] [WARN] - Failed to add DEU_COA_HKWOFFENBACHP11295 generator to EU-DEU node, skipping...
ERROR [2024-08-08 15:00:59] [WARN] - Failed to add DEU_COA_HKWSACHTLEBEN11226 generator to EU-DEU node, skipping...
ERROR [2024-08-08 15:00:59] [WARN] - Failed to add DEU_COA_HKWWEST11233 generator to EU-DEU node, skipping...
ERROR [2024-08-08 15:00:59] [WARN] - Failed to add DEU_COA_HKWWEST11234 generator to EU-DEU node, skipping...
ERROR [2024-08-08 15:00:59] [WARN] - Failed to add DEU_COA_HUERTHVILLE11303 generator to EU-DEU node, skipping...
ERROR [2024-08-08 15:00:59] [WARN] - Failed to add DEU_COA_IBBENBRENBP11323 generator to EU-DEU node, skipping...
ERROR [2024-08-08 15:00:59] [WARN] - Failed to add DEU_COA_INDUSTRIEKRAFT11330 generator to EU-DEU node, skipping...
ERROR [2024-08-08 15:00:59] [WARN] - Failed to add DEU_COA_JANSCHWALDEPOW11338 generator to EU-DEU node, skipping...
ERROR [2024-08-08 15:00:59] [WARN] - Failed to add DEU_COA_KESSEL411372 generator to EU-DEU node, skipping...
ERROR [2024-08-08 15:00:59] [WARN] - Failed to add DEU_COA_KIELPOWERSTAT11374 generator to EU-DEU node, skipping...
ERROR [2024-08-08 15:00:59] [WARN] - Failed to add DEU_COA_KLINGENBERG11380 generator to EU-DEU node, skipping...
ERROR [2024-08-08 15:00:59] [WARN] - Failed to add DEU_COA_KOHLEKRAFTWERK11387 generator to EU-DEU node, skipping...
ERROR [2024-08-08 15:00:59] [WARN] - Failed to add DEU_COA_KRAFTWERK11391 generator to EU-DEU node, skipping...
ERROR [2024-08-08 15:00:59] [WARN] - Failed to add DEU_COA_KRAFTWERKBEXBA11395 generator to EU-DEU node, skipping...
ERROR [2024-08-08 15:00:59] [WARN] - Failed to add DEU_COA_KRAFTWERKENSDO11396 generator to EU-DEU node, skipping...
ERROR [2024-08-08 15:00:59] [WARN] - Failed to add DEU_COA_KRAFTWERKII11400 generator to EU-DEU node, skipping...
ERROR [2024-08-08 15:00:59] [WARN] - Failed to add DEU_COA_KRAFTWERKL5711402 generator to EU-DEU node, skipping...
ERROR [2024-08-08 15:00:59] [WARN] - Failed to add DEU_COA_KRAFTWERKN23011406 generator to EU-DEU node, skipping...
ERROR [2024-08-08 15:00:59] [WARN] - Failed to add DEU_COA_KRAFTWERKWERDO11414 generator to EU-DEU node, skipping...
ERROR [2024-08-08 15:00:59] [WARN] - Failed to add DEU_COA_KWM11360 generator to EU-DEU node, skipping...
ERROR [2024-08-08 15:01:00] [WARN] - Failed to add DEU_COA_KWVOERDE11348 generator to EU-DEU node, skipping...
ERROR [2024-08-08 15:01:00] [WARN] - Failed to add DEU_COA_KWWALSUM11349 generator to EU-DEU node, skipping...
ERROR [2024-08-08 15:01:00] [WARN] - Failed to add DEU_COA_KWWEST11350 generator to EU-DEU node, skipping...
ERROR [2024-08-08 15:01:00] [WARN] - Failed to add DEU_COA_LIPPENDORFPOWE11441 generator to EU-DEU node, skipping...
ERROR [2024-08-08 15:01:00] [WARN] - Failed to add DEU_COA_LNENPOWERST11449 generator to EU-DEU node, skipping...
ERROR [2024-08-08 15:01:00] [WARN] - Failed to add DEU_COA_MODELLKRAFTWERK11483 generator to EU-DEU node, skipping...
ERROR [2024-08-08 15:01:00] [WARN] - Failed to add DEU_COA_NEURATHPOWERS11521 generator to EU-DEU node, skipping...
ERROR [2024-08-08 15:01:00] [WARN] - Failed to add DEU_COA_NIEDERAUSSEMPO11527 generator to EU-DEU node, skipping...
ERROR [2024-08-08 15:01:00] [WARN] - Failed to add DEU_COA_NORD211529 generator to EU-DEU node, skipping...
ERROR [2024-08-08 15:01:00] [WARN] - Failed to add DEU_COA_PFORZHEIMPOWER11577 generator to EU-DEU node, skipping...
ERROR [2024-08-08 15:01:00] [WARN] - Failed to add DEU_COA_PLWERKEUSKIR11557 generator to EU-DEU node, skipping...
ERROR [2024-08-08 15:01:00] [WARN] - Failed to add DEU_COA_PLWERKJLIC11558 generator to EU-DEU node, skipping...
ERROR [2024-08-08 15:01:00] [WARN] - Failed to add DEU_COA_PLWERKKNNE11559 generator to EU-DEU node, skipping...
ERROR [2024-08-08 15:01:00] [WARN] - Failed to add DEU_COA_RENODEMEDICI11608 generator to EU-DEU node, skipping...
ERROR [2024-08-08 15:01:00] [WARN] - Failed to add DEU_COA_RHEINHAFENDAMP11617 generator to EU-DEU node, skipping...
ERROR [2024-08-08 15:01:00] [WARN] - Failed to add DEU_COA_ROSTOCKPOWERS11638 generator to EU-DEU node, skipping...
ERROR [2024-08-08 15:01:00] [WARN] - Failed to add DEU_COA_SCHKOPAUPOWER11665 generator to EU-DEU node, skipping...
ERROR [2024-08-08 15:01:00] [WARN] - Failed to add DEU_COA_SCHOLVENPOWER11669 generator to EU-DEU node, skipping...
ERROR [2024-08-08 15:01:00] [WARN] - Failed to add DEU_COA_SCHWARZEPUMPE11673 generator to EU-DEU node, skipping...
ERROR [2024-08-08 15:01:00] [WARN] - Failed to add DEU_COA_STAUDINGERPOWE11709 generator to EU-DEU node, skipping...
ERROR [2024-08-08 15:01:00] [WARN] - Failed to add DEU_COA_STUTTGARTMUENS11720 generator to EU-DEU node, skipping...
ERROR [2024-08-08 15:01:00] [WARN] - Failed to add DEU_COA_TIEFSTACKPOWER11739 generator to EU-DEU node, skipping...
ERROR [2024-08-08 15:01:00] [WARN] - Failed to add DEU_COA_TRIANELKOHLEKR11742 generator to EU-DEU node, skipping...
ERROR [2024-08-08 15:01:00] [WARN] - Failed to add DEU_COA_WACHTBERGPOWER11777 generator to EU-DEU node, skipping...
ERROR [2024-08-08 15:01:00] [WARN] - Failed to add DEU_COA_WAEHLITZPOWER11778 generator to EU-DEU node, skipping...
ERROR [2024-08-08 15:01:00] [WARN] - Failed to add DEU_COA_WALHEIMPOWERS11787 generator to EU-DEU node, skipping...
ERROR [2024-08-08 15:01:00] [WARN] - Failed to add DEU_COA_WEDELPOWERSTA11793 generator to EU-DEU node, skipping...
ERROR [2024-08-08 15:01:00] [WARN] - Failed to add DEU_COA_WEIHER11796 generator to EU-DEU node, skipping...
ERROR [2024-08-08 15:01:00] [WARN] - Failed to add DEU_COA_WEISWEILERPOWE11799 generator to EU-DEU node, skipping...
ERROR [2024-08-08 15:01:00] [WARN] - Failed to add DEU_COA_WESTFALEN11811 generator to EU-DEU node, skipping...
ERROR [2024-08-08 15:01:00] [WARN] - Failed to add DEU_COA_WILHELMSHAVENP11817 generator to EU-DEU node, skipping...
ERROR [2024-08-08 15:01:00] [WARN] - Failed to add DEU_COA_WUPPERTALELBER11838 generator to EU-DEU node, skipping...
ERROR [2024-08-08 15:01:00] [WARN] - Failed to add DEU_GAS_ADSANLAGE10872 generator to EU-DEU node, skipping...
ERROR [2024-08-08 15:01:00] [WARN] - Failed to add DEU_GAS_AHRENSFELDE10881 generator to EU-DEU node, skipping...
ERROR [2024-08-08 15:01:00] [WARN] - Failed to add DEU_GAS_BHKW10907 generator to EU-DEU node, skipping...
ERROR [2024-08-08 15:01:00] [WARN] - Failed to add DEU_GAS_BHKWANKLINKER10911 generator to EU-DEU node, skipping...
ERROR [2024-08-08 15:01:00] [WARN] - Failed to add DEU_GAS_BHKWH_12010908 generator to EU-DEU node, skipping...
ERROR [2024-08-08 15:01:00] [WARN] - Failed to add DEU_GAS_BHKWHAUFFSTRA10912 generator to EU-DEU node, skipping...
ERROR [2024-08-08 15:01:00] [WARN] - Failed to add DEU_GAS_BHKWLUDWIGSHAF10909 generator to EU-DEU node, skipping...
ERROR [2024-08-08 15:01:00] [WARN] - Failed to add DEU_GAS_BHKWOBEREVIEH10910 generator to EU-DEU node, skipping...
ERROR [2024-08-08 15:01:00] [WARN] - Failed to add DEU_GAS_BIOMASSGENERAT10958 generator to EU-DEU node, skipping...
ERROR [2024-08-08 15:01:00] [WARN] - Failed to add DEU_GAS_BOCHUM10983 generator to EU-DEU node, skipping...
ERROR [2024-08-08 15:01:00] [WARN] - Failed to add DEU_GAS_BPWERKLINGEN10921 generator to EU-DEU node, skipping...
ERROR [2024-08-08 15:01:00] [WARN] - Failed to add DEU_GAS_CAPACITY SCALER generator to EU-DEU node, skipping...
ERROR [2024-08-08 15:01:00] [WARN] - Failed to add DEU_GAS_CHARLOTTENBURG11010 generator to EU-DEU node, skipping...
ERROR [2024-08-08 15:01:00] [WARN] - Failed to add DEU_GAS_COGENERATION11014 generator to EU-DEU node, skipping...
ERROR [2024-08-08 15:01:00] [WARN] - Failed to add DEU_GAS_DAMPFKRAFTWERK11027 generator to EU-DEU node, skipping...
ERROR [2024-08-08 15:01:00] [WARN] - Failed to add DEU_GAS_DORMAGEN11044 generator to EU-DEU node, skipping...
ERROR [2024-08-08 15:01:00] [WARN] - Failed to add DEU_GAS_DORTMUND11046 generator to EU-DEU node, skipping...
ERROR [2024-08-08 15:01:00] [WARN] - Failed to add DEU_GAS_DOWSTADE11047 generator to EU-DEU node, skipping...
ERROR [2024-08-08 15:01:00] [WARN] - Failed to add DEU_GAS_DUISBURGHAMBOR11049 generator to EU-DEU node, skipping...
ERROR [2024-08-08 15:01:00] [WARN] - Failed to add DEU_GAS_DUISBURGRUHROR11050 generator to EU-DEU node, skipping...
ERROR [2024-08-08 15:01:00] [WARN] - Failed to add DEU_GAS_EGGERKRAFTWERK11073 generator to EU-DEU node, skipping...
ERROR [2024-08-08 15:01:00] [WARN] - Failed to add DEU_GAS_EMDENNATURALG11086 generator to EU-DEU node, skipping...
ERROR [2024-08-08 15:01:00] [WARN] - Failed to add DEU_GAS_EMSLAND11088 generator to EU-DEU node, skipping...
ERROR [2024-08-08 15:01:00] [WARN] - Failed to add DEU_GAS_ENERGIEZENTRALE11090 generator to EU-DEU node, skipping...
ERROR [2024-08-08 15:01:00] [WARN] - Failed to add DEU_GAS_ENERGIEZENTRALE11091 generator to EU-DEU node, skipping...
ERROR [2024-08-08 15:01:00] [WARN] - Failed to add DEU_GAS_ENERGIEZENTRUM11092 generator to EU-DEU node, skipping...
ERROR [2024-08-08 15:01:00] [WARN] - Failed to add DEU_GAS_ERWEITERUNGENE11099 generator to EU-DEU node, skipping...
ERROR [2024-08-08 15:01:00] [WARN] - Failed to add DEU_GAS_EVCGLOBALFOU11064 generator to EU-DEU node, skipping...
ERROR [2024-08-08 15:01:00] [WARN] - Failed to add DEU_GAS_FRANKEN111114 generator to EU-DEU node, skipping...
ERROR [2024-08-08 15:01:00] [WARN] - Failed to add DEU_GAS_FSKARTON11105 generator to EU-DEU node, skipping...
ERROR [2024-08-08 15:01:00] [WARN] - Failed to add DEU_GAS_GEMEINSCHAFTSKR11138 generator to EU-DEU node, skipping...
ERROR [2024-08-08 15:01:00] [WARN] - Failed to add DEU_GAS_GERSTEINWERK11141 generator to EU-DEU node, skipping...
ERROR [2024-08-08 15:01:00] [WARN] - Failed to add DEU_GAS_GHD11122 generator to EU-DEU node, skipping...
ERROR [2024-08-08 15:01:00] [WARN] - Failed to add DEU_GAS_GKL11124 generator to EU-DEU node, skipping...
ERROR [2024-08-08 15:01:00] [WARN] - Failed to add DEU_GAS_GTKWDARMSTADT11128 generator to EU-DEU node, skipping...
ERROR [2024-08-08 15:01:00] [WARN] - Failed to add DEU_GAS_GUD11168 generator to EU-DEU node, skipping...
ERROR [2024-08-08 15:01:00] [WARN] - Failed to add DEU_GAS_GUDANLAGE11177 generator to EU-DEU node, skipping...
ERROR [2024-08-08 15:01:00] [WARN] - Failed to add DEU_GAS_GUDANLAGEDREW11129 generator to EU-DEU node, skipping...
ERROR [2024-08-08 15:01:00] [WARN] - Failed to add DEU_GAS_GUDANLAGERS11178 generator to EU-DEU node, skipping...
ERROR [2024-08-08 15:01:00] [WARN] - Failed to add DEU_GAS_GUDANLAGEWVK11169 generator to EU-DEU node, skipping...
ERROR [2024-08-08 15:01:00] [WARN] - Failed to add DEU_GAS_GUDBAUNATALV11170 generator to EU-DEU node, skipping...
ERROR [2024-08-08 15:01:00] [WARN] - Failed to add DEU_GAS_GUDBITTERFELD11171 generator to EU-DEU node, skipping...
ERROR [2024-08-08 15:01:00] [WARN] - Failed to add DEU_GAS_GUDHKWNEUBRAN11179 generator to EU-DEU node, skipping...
ERROR [2024-08-08 15:01:00] [WARN] - Failed to add DEU_GAS_GUDIKWSTAFU11180 generator to EU-DEU node, skipping...
ERROR [2024-08-08 15:01:00] [WARN] - Failed to add DEU_GAS_GUDKRAFTWERK11181 generator to EU-DEU node, skipping...
ERROR [2024-08-08 15:01:00] [WARN] - Failed to add DEU_GAS_GUDKRAFTWERKH11172 generator to EU-DEU node, skipping...
ERROR [2024-08-08 15:01:00] [WARN] - Failed to add DEU_GAS_GUDLEUNA11173 generator to EU-DEU node, skipping...
ERROR [2024-08-08 15:01:00] [WARN] - Failed to add DEU_GAS_GUDMARIENEHE11174 generator to EU-DEU node, skipping...
ERROR [2024-08-08 15:01:00] [WARN] - Failed to add DEU_GAS_GUDSCHWARZHEID11175 generator to EU-DEU node, skipping...
ERROR [2024-08-08 15:01:00] [WARN] - Failed to add DEU_GAS_GUDTIEFSTACK11176 generator to EU-DEU node, skipping...
ERROR [2024-08-08 15:01:00] [WARN] - Failed to add DEU_GAS_HATTORF11252 generator to EU-DEU node, skipping...
ERROR [2024-08-08 15:01:00] [WARN] - Failed to add DEU_GAS_HBB11188 generator to EU-DEU node, skipping...
ERROR [2024-08-08 15:01:00] [WARN] - Failed to add DEU_GAS_HEIZKRAFTWERK111258 generator to EU-DEU node, skipping...
ERROR [2024-08-08 15:01:00] [WARN] - Failed to add DEU_GAS_HEIZKRAFTWERK211259 generator to EU-DEU node, skipping...
ERROR [2024-08-08 15:01:00] [WARN] - Failed to add DEU_GAS_HEIZKRAFTWERK411261 generator to EU-DEU node, skipping...
ERROR [2024-08-08 15:01:00] [WARN] - Failed to add DEU_GAS_HEIZKRAFTWERK511262 generator to EU-DEU node, skipping...
ERROR [2024-08-08 15:01:00] [WARN] - Failed to add DEU_GAS_HEIZKRAFTWERKA11263 generator to EU-DEU node, skipping...
ERROR [2024-08-08 15:01:00] [WARN] - Failed to add DEU_GAS_HEIZKRAFTWERKB11264 generator to EU-DEU node, skipping...
ERROR [2024-08-08 15:01:00] [WARN] - Failed to add DEU_GAS_HEIZKRAFTWERKE11265 generator to EU-DEU node, skipping...
ERROR [2024-08-08 15:01:00] [WARN] - Failed to add DEU_GAS_HEIZKRAFTWERKE11283 generator to EU-DEU node, skipping...
ERROR [2024-08-08 15:01:00] [WARN] - Failed to add DEU_GAS_HEIZKRAFTWERKG11267 generator to EU-DEU node, skipping...
ERROR [2024-08-08 15:01:00] [WARN] - Failed to add DEU_GAS_HEIZKRAFTWERKH11268 generator to EU-DEU node, skipping...
ERROR [2024-08-08 15:01:00] [WARN] - Failed to add DEU_GAS_HEIZKRAFTWERKH11269 generator to EU-DEU node, skipping...
ERROR [2024-08-08 15:01:00] [WARN] - Failed to add DEU_GAS_HEIZKRAFTWERKK11271 generator to EU-DEU node, skipping...
ERROR [2024-08-08 15:01:00] [WARN] - Failed to add DEU_GAS_HEIZKRAFTWERKK11272 generator to EU-DEU node, skipping...
ERROR [2024-08-08 15:01:00] [WARN] - Failed to add DEU_GAS_HEIZKRAFTWERKL11273 generator to EU-DEU node, skipping...
ERROR [2024-08-08 15:01:00] [WARN] - Failed to add DEU_GAS_HEIZKRAFTWERKP11276 generator to EU-DEU node, skipping...
ERROR [2024-08-08 15:01:00] [WARN] - Failed to add DEU_GAS_HEIZKRAFTWERKS11277 generator to EU-DEU node, skipping...
ERROR [2024-08-08 15:01:01] [WARN] - Failed to add DEU_GAS_HEIZKRAFTWERKS11278 generator to EU-DEU node, skipping...
ERROR [2024-08-08 15:01:01] [WARN] - Failed to add DEU_GAS_HEIZKRAFTWERKW11280 generator to EU-DEU node, skipping...
ERROR [2024-08-08 15:01:01] [WARN] - Failed to add DEU_GAS_HEIZKRAFTWERKZ11282 generator to EU-DEU node, skipping...
ERROR [2024-08-08 15:01:01] [WARN] - Failed to add DEU_GAS_HKW111191 generator to EU-DEU node, skipping...
ERROR [2024-08-08 15:01:01] [WARN] - Failed to add DEU_GAS_HKW1WERKOFFS11192 generator to EU-DEU node, skipping...
ERROR [2024-08-08 15:01:01] [WARN] - Failed to add DEU_GAS_HKW211193 generator to EU-DEU node, skipping...
ERROR [2024-08-08 15:01:01] [WARN] - Failed to add DEU_GAS_HKW3UPMSCHONG11242 generator to EU-DEU node, skipping...
ERROR [2024-08-08 15:01:01] [WARN] - Failed to add DEU_GAS_HKWBADSALZUNG11195 generator to EU-DEU node, skipping...
ERROR [2024-08-08 15:01:01] [WARN] - Failed to add DEU_GAS_HKWBARMEN11196 generator to EU-DEU node, skipping...
ERROR [2024-08-08 15:01:01] [WARN] - Failed to add DEU_GAS_HKWBOHRHGEL11197 generator to EU-DEU node, skipping...
ERROR [2024-08-08 15:01:01] [WARN] - Failed to add DEU_GAS_HKWBRANDENBURG11198 generator to EU-DEU node, skipping...
ERROR [2024-08-08 15:01:01] [WARN] - Failed to add DEU_GAS_HKWCHEMNITZN11199 generator to EU-DEU node, skipping...
ERROR [2024-08-08 15:01:01] [WARN] - Failed to add DEU_GAS_HKWDRESDENNOS11200 generator to EU-DEU node, skipping...
ERROR [2024-08-08 15:01:01] [WARN] - Failed to add DEU_GAS_HKWELTMANN11201 generator to EU-DEU node, skipping...
ERROR [2024-08-08 15:01:01] [WARN] - Failed to add DEU_GAS_HKWERFURTOST11202 generator to EU-DEU node, skipping...
ERROR [2024-08-08 15:01:01] [WARN] - Failed to add DEU_GAS_HKWERLANGENN11204 generator to EU-DEU node, skipping...
ERROR [2024-08-08 15:01:01] [WARN] - Failed to add DEU_GAS_HKWFENNEGRUB11205 generator to EU-DEU node, skipping...
ERROR [2024-08-08 15:01:01] [WARN] - Failed to add DEU_GAS_HKWFREIBERG11206 generator to EU-DEU node, skipping...
ERROR [2024-08-08 15:01:01] [WARN] - Failed to add DEU_GAS_HKWGTTINGEN11207 generator to EU-DEU node, skipping...
ERROR [2024-08-08 15:01:01] [WARN] - Failed to add DEU_GAS_HKWHALLETROTH11208 generator to EU-DEU node, skipping...
ERROR [2024-08-08 15:01:01] [WARN] - Failed to add DEU_GAS_HKWHELMSHGE11190 generator to EU-DEU node, skipping...
ERROR [2024-08-08 15:01:01] [WARN] - Failed to add DEU_GAS_HKWHILTROP11209 generator to EU-DEU node, skipping...
ERROR [2024-08-08 15:01:01] [WARN] - Failed to add DEU_GAS_HKWHUMBOLDTSTR11210 generator to EU-DEU node, skipping...
ERROR [2024-08-08 15:01:01] [WARN] - Failed to add DEU_GAS_HKWIIIB11212 generator to EU-DEU node, skipping...
ERROR [2024-08-08 15:01:01] [WARN] - Failed to add DEU_GAS_HKWJENA11213 generator to EU-DEU node, skipping...
ERROR [2024-08-08 15:01:01] [WARN] - Failed to add DEU_GAS_HKWKARCHERSTR_11215 generator to EU-DEU node, skipping...
ERROR [2024-08-08 15:01:01] [WARN] - Failed to add DEU_GAS_HKWMERHEIM11217 generator to EU-DEU node, skipping...
ERROR [2024-08-08 15:01:01] [WARN] - Failed to add DEU_GAS_HKWMERKENICH11218 generator to EU-DEU node, skipping...
ERROR [2024-08-08 15:01:01] [WARN] - Failed to add DEU_GAS_HKWMERKENICH11219 generator to EU-DEU node, skipping...
ERROR [2024-08-08 15:01:01] [WARN] - Failed to add DEU_GAS_HKWMITTE11239 generator to EU-DEU node, skipping...
ERROR [2024-08-08 15:01:01] [WARN] - Failed to add DEU_GAS_HKWNIEDERRAD11220 generator to EU-DEU node, skipping...
ERROR [2024-08-08 15:01:01] [WARN] - Failed to add DEU_GAS_HKWNIEHL211221 generator to EU-DEU node, skipping...
ERROR [2024-08-08 15:01:01] [WARN] - Failed to add DEU_GAS_HKWNORD11240 generator to EU-DEU node, skipping...
ERROR [2024-08-08 15:01:01] [WARN] - Failed to add DEU_GAS_HKWPFAFFENWALD11224 generator to EU-DEU node, skipping...
ERROR [2024-08-08 15:01:01] [WARN] - Failed to add DEU_GAS_HKWPOTSDAMS11225 generator to EU-DEU node, skipping...
ERROR [2024-08-08 15:01:01] [WARN] - Failed to add DEU_GAS_HKWSANDREUTH11228 generator to EU-DEU node, skipping...
ERROR [2024-08-08 15:01:01] [WARN] - Failed to add DEU_GAS_HKWSCHWARZA11229 generator to EU-DEU node, skipping...
ERROR [2024-08-08 15:01:01] [WARN] - Failed to add DEU_GAS_HKWSCHWERINLA11230 generator to EU-DEU node, skipping...
ERROR [2024-08-08 15:01:01] [WARN] - Failed to add DEU_GAS_HKWSCHWERINS11231 generator to EU-DEU node, skipping...
ERROR [2024-08-08 15:01:01] [WARN] - Failed to add DEU_GAS_HKWSDSTADT11232 generator to EU-DEU node, skipping...
ERROR [2024-08-08 15:01:01] [WARN] - Failed to add DEU_GAS_HKWWEST11235 generator to EU-DEU node, skipping...
ERROR [2024-08-08 15:01:01] [WARN] - Failed to add DEU_GAS_HKWWEST11241 generator to EU-DEU node, skipping...
ERROR [2024-08-08 15:01:01] [WARN] - Failed to add DEU_GAS_HKWWIESENGRUND11237 generator to EU-DEU node, skipping...
ERROR [2024-08-08 15:01:01] [WARN] - Failed to add DEU_GAS_HKWWRTH11238 generator to EU-DEU node, skipping...
ERROR [2024-08-08 15:01:01] [WARN] - Failed to add DEU_GAS_HOLTHAUSEN11299 generator to EU-DEU node, skipping...
ERROR [2024-08-08 15:01:01] [WARN] - Failed to add DEU_GAS_HUCKINGEN11302 generator to EU-DEU node, skipping...
ERROR [2024-08-08 15:01:01] [WARN] - Failed to add DEU_GAS_HUNTORF11306 generator to EU-DEU node, skipping...
ERROR [2024-08-08 15:01:01] [WARN] - Failed to add DEU_GAS_IHKWHEIDENHEIM11315 generator to EU-DEU node, skipping...
ERROR [2024-08-08 15:01:01] [WARN] - Failed to add DEU_GAS_ILKGUD11320 generator to EU-DEU node, skipping...
ERROR [2024-08-08 15:01:01] [WARN] - Failed to add DEU_GAS_INDUSTRIEKRAFTW11331 generator to EU-DEU node, skipping...
ERROR [2024-08-08 15:01:01] [WARN] - Failed to add DEU_GAS_INDUSTRIEKRAFTW11332 generator to EU-DEU node, skipping...
ERROR [2024-08-08 15:01:01] [WARN] - Failed to add DEU_GAS_INDUSTRIEKRAFTW11333 generator to EU-DEU node, skipping...
ERROR [2024-08-08 15:01:01] [WARN] - Failed to add DEU_GAS_INDUSTRIEKRAFTW11334 generator to EU-DEU node, skipping...
ERROR [2024-08-08 15:01:01] [WARN] - Failed to add DEU_GAS_INDUSTRIEPARKW11335 generator to EU-DEU node, skipping...
ERROR [2024-08-08 15:01:01] [WARN] - Failed to add DEU_GAS_INEOSKRAFTWERK11321 generator to EU-DEU node, skipping...
ERROR [2024-08-08 15:01:01] [WARN] - Failed to add DEU_GAS_KESSEL211371 generator to EU-DEU node, skipping...
ERROR [2024-08-08 15:01:01] [WARN] - Failed to add DEU_GAS_KESSELHAUSZUCK11373 generator to EU-DEU node, skipping...
ERROR [2024-08-08 15:01:01] [WARN] - Failed to add DEU_GAS_KIRCHMSER11375 generator to EU-DEU node, skipping...
ERROR [2024-08-08 15:01:01] [WARN] - Failed to add DEU_GAS_KNAPSACKNATURA11383 generator to EU-DEU node, skipping...
ERROR [2024-08-08 15:01:01] [WARN] - Failed to add DEU_GAS_KNPFKAGEV11343 generator to EU-DEU node, skipping...
ERROR [2024-08-08 15:01:01] [WARN] - Failed to add DEU_GAS_KOMBIHKW11388 generator to EU-DEU node, skipping...
ERROR [2024-08-08 15:01:01] [WARN] - Failed to add DEU_GAS_KOMBIKRAFTWERK11389 generator to EU-DEU node, skipping...
ERROR [2024-08-08 15:01:01] [WARN] - Failed to add DEU_GAS_KRAFTWERK211393 generator to EU-DEU node, skipping...
ERROR [2024-08-08 15:01:01] [WARN] - Failed to add DEU_GAS_KRAFTWERKGRENZ11398 generator to EU-DEU node, skipping...
ERROR [2024-08-08 15:01:01] [WARN] - Failed to add DEU_GAS_KRAFTWERKIII11401 generator to EU-DEU node, skipping...
ERROR [2024-08-08 15:01:01] [WARN] - Failed to add DEU_GAS_KRAFTWERKMAINZ11403 generator to EU-DEU node, skipping...
ERROR [2024-08-08 15:01:01] [WARN] - Failed to add DEU_GAS_KRAFTWERKMEGGL11404 generator to EU-DEU node, skipping...
ERROR [2024-08-08 15:01:01] [WARN] - Failed to add DEU_GAS_KRAFTWERKMITTE11405 generator to EU-DEU node, skipping...
ERROR [2024-08-08 15:01:01] [WARN] - Failed to add DEU_GAS_KRAFTWERKPLATT11408 generator to EU-DEU node, skipping...
ERROR [2024-08-08 15:01:01] [WARN] - Failed to add DEU_GAS_KRAFTWERKSD11411 generator to EU-DEU node, skipping...
ERROR [2024-08-08 15:01:01] [WARN] - Failed to add DEU_GAS_KWH11352 generator to EU-DEU node, skipping...
ERROR [2024-08-08 15:01:01] [WARN] - Failed to add DEU_GAS_KWKANLAGEBARB11356 generator to EU-DEU node, skipping...
ERROR [2024-08-08 15:01:01] [WARN] - Failed to add DEU_GAS_KWKANLAGEKREF11357 generator to EU-DEU node, skipping...
ERROR [2024-08-08 15:01:01] [WARN] - Failed to add DEU_GAS_KWKANLAGEKREF11358 generator to EU-DEU node, skipping...
ERROR [2024-08-08 15:01:01] [WARN] - Failed to add DEU_GAS_KWKAOSGMBH11353 generator to EU-DEU node, skipping...
ERROR [2024-08-08 15:01:01] [WARN] - Failed to add DEU_GAS_KWKIRCHLENGERN11345 generator to EU-DEU node, skipping...
ERROR [2024-08-08 15:01:01] [WARN] - Failed to add DEU_GAS_KWKKHEIDELBERG11359 generator to EU-DEU node, skipping...
ERROR [2024-08-08 15:01:01] [WARN] - Failed to add DEU_GAS_LICHTERFELDE11438 generator to EU-DEU node, skipping...
ERROR [2024-08-08 15:01:01] [WARN] - Failed to add DEU_GAS_MITTE11480 generator to EU-DEU node, skipping...
ERROR [2024-08-08 15:01:01] [WARN] - Failed to add DEU_GAS_MTDREN11459 generator to EU-DEU node, skipping...
ERROR [2024-08-08 15:01:01] [WARN] - Failed to add DEU_GAS_NATURALGASBLOC11508 generator to EU-DEU node, skipping...
ERROR [2024-08-08 15:01:01] [WARN] - Failed to add DEU_GAS_NATURALGASKRAF11509 generator to EU-DEU node, skipping...
ERROR [2024-08-08 15:01:01] [WARN] - Failed to add DEU_GAS_NATURALGASMOTO11510 generator to EU-DEU node, skipping...
ERROR [2024-08-08 15:01:01] [WARN] - Failed to add DEU_GAS_NATURALGASTUR11500 generator to EU-DEU node, skipping...
ERROR [2024-08-08 15:01:01] [WARN] - Failed to add DEU_GAS_NATURALGASTUR11501 generator to EU-DEU node, skipping...
ERROR [2024-08-08 15:01:01] [WARN] - Failed to add DEU_GAS_NATURALGASTUR11502 generator to EU-DEU node, skipping...
ERROR [2024-08-08 15:01:01] [WARN] - Failed to add DEU_GAS_NATURALGASTUR11503 generator to EU-DEU node, skipping...
ERROR [2024-08-08 15:01:01] [WARN] - Failed to add DEU_GAS_NATURALGASTUR11504 generator to EU-DEU node, skipping...
ERROR [2024-08-08 15:01:01] [WARN] - Failed to add DEU_GAS_NATURALGASTUR11505 generator to EU-DEU node, skipping...
ERROR [2024-08-08 15:01:01] [WARN] - Failed to add DEU_GAS_NATURALGASTUR11506 generator to EU-DEU node, skipping...
ERROR [2024-08-08 15:01:01] [WARN] - Failed to add DEU_GAS_NATURALGASU_11507 generator to EU-DEU node, skipping...
ERROR [2024-08-08 15:01:01] [WARN] - Failed to add DEU_GAS_OBERNBURG11543 generator to EU-DEU node, skipping...
ERROR [2024-08-08 15:01:01] [WARN] - Failed to add DEU_GAS_PKVKRAFTWERK11563 generator to EU-DEU node, skipping...
ERROR [2024-08-08 15:01:01] [WARN] - Failed to add DEU_GAS_PLWERKAPPELD11556 generator to EU-DEU node, skipping...
ERROR [2024-08-08 15:01:01] [WARN] - Failed to add DEU_GAS_PLWERKLAGE11560 generator to EU-DEU node, skipping...
ERROR [2024-08-08 15:01:01] [WARN] - Failed to add DEU_GAS_PWG11567 generator to EU-DEU node, skipping...
ERROR [2024-08-08 15:01:01] [WARN] - Failed to add DEU_GAS_RAGANTHRAZITI11596 generator to EU-DEU node, skipping...
ERROR [2024-08-08 15:01:01] [WARN] - Failed to add DEU_GAS_RHEINHAFENDAMP11618 generator to EU-DEU node, skipping...
ERROR [2024-08-08 15:01:01] [WARN] - Failed to add DEU_GAS_SDDT111723 generator to EU-DEU node, skipping...
ERROR [2024-08-08 15:01:01] [WARN] - Failed to add DEU_GAS_SDDT6011724 generator to EU-DEU node, skipping...
ERROR [2024-08-08 15:01:02] [WARN] - Failed to add DEU_GAS_SDGT6111725 generator to EU-DEU node, skipping...
ERROR [2024-08-08 15:01:02] [WARN] - Failed to add DEU_GAS_SIGMUNDSHALL11684 generator to EU-DEU node, skipping...
ERROR [2024-08-08 15:01:02] [WARN] - Failed to add DEU_GAS_SPITZENLASTKRAF11705 generator to EU-DEU node, skipping...
ERROR [2024-08-08 15:01:02] [WARN] - Failed to add DEU_GAS_STEINITZ11714 generator to EU-DEU node, skipping...
ERROR [2024-08-08 15:01:02] [WARN] - Failed to add DEU_GAS_STW11652 generator to EU-DEU node, skipping...
ERROR [2024-08-08 15:01:02] [WARN] - Failed to add DEU_GAS_THYROW11738 generator to EU-DEU node, skipping...
ERROR [2024-08-08 15:01:02] [WARN] - Failed to add DEU_GAS_TRIANELNATURAL11743 generator to EU-DEU node, skipping...
ERROR [2024-08-08 15:01:02] [WARN] - Failed to add DEU_GAS_UNTERBREIZBACH11760 generator to EU-DEU node, skipping...
ERROR [2024-08-08 15:01:02] [WARN] - Failed to add DEU_GAS_UPMAUGSBURG11753 generator to EU-DEU node, skipping...
ERROR [2024-08-08 15:01:02] [WARN] - Failed to add DEU_GAS_WERKSKRAFTWERK11804 generator to EU-DEU node, skipping...
ERROR [2024-08-08 15:01:02] [WARN] - Failed to add DEU_GAS_WINTERSHALL11830 generator to EU-DEU node, skipping...
ERROR [2024-08-08 15:01:02] [WARN] - Failed to add DEU_GAS_XKRAFTWERK11843 generator to EU-DEU node, skipping...
ERROR [2024-08-08 15:01:02] [WARN] - Failed to add DEU_GAS_ZIELITZ11850 generator to EU-DEU node, skipping...
ERROR [2024-08-08 15:01:02] [WARN] - Failed to add DEU_GEO_CAPACITY SCALER generator to EU-DEU node, skipping...
ERROR [2024-08-08 15:01:02] [WARN] - Failed to add DEU_NUC_BROKDORF10922 generator to EU-DEU node, skipping...
ERROR [2024-08-08 15:01:02] [WARN] - Failed to add DEU_NUC_EMSLAND11062 generator to EU-DEU node, skipping...
ERROR [2024-08-08 15:01:02] [WARN] - Failed to add DEU_NUC_GROHNDE11162 generator to EU-DEU node, skipping...
ERROR [2024-08-08 15:01:02] [WARN] - Failed to add DEU_NUC_ISAR211322 generator to EU-DEU node, skipping...
ERROR [2024-08-08 15:01:02] [WARN] - Failed to add DEU_NUC_KERNKRAFTGUNDR11370 generator to EU-DEU node, skipping...
ERROR [2024-08-08 15:01:02] [WARN] - Failed to add DEU_NUC_NECKARWESTHEIM11499 generator to EU-DEU node, skipping...
ERROR [2024-08-08 15:01:02] [WARN] - Failed to add DEU_NUC_PHILIPPSBURG211562 generator to EU-DEU node, skipping...
ERROR [2024-08-08 15:01:02] [WARN] - Failed to add DEU_OIL_AUDORF10902 generator to EU-DEU node, skipping...
ERROR [2024-08-08 15:01:02] [WARN] - Failed to add DEU_OIL_BRUNSBTTEL11000 generator to EU-DEU node, skipping...
ERROR [2024-08-08 15:01:02] [WARN] - Failed to add DEU_OIL_CAPACITY SCALER generator to EU-DEU node, skipping...
ERROR [2024-08-08 15:01:02] [WARN] - Failed to add DEU_OIL_DKWLEINAU11024 generator to EU-DEU node, skipping...
ERROR [2024-08-08 15:01:02] [WARN] - Failed to add DEU_OIL_DKWNORD11025 generator to EU-DEU node, skipping...
ERROR [2024-08-08 15:01:02] [WARN] - Failed to add DEU_OIL_EEV11058 generator to EU-DEU node, skipping...
ERROR [2024-08-08 15:01:02] [WARN] - Failed to add DEU_OIL_IKSPCKSCHWEDT11316 generator to EU-DEU node, skipping...
ERROR [2024-08-08 15:01:02] [WARN] - Failed to add DEU_OIL_ITZEHOE11337 generator to EU-DEU node, skipping...
ERROR [2024-08-08 15:01:02] [WARN] - Failed to add DEU_OIL_KRAFTWERK11392 generator to EU-DEU node, skipping...
ERROR [2024-08-08 15:01:02] [WARN] - Failed to add DEU_OIL_KRAFTWERKFULDA11397 generator to EU-DEU node, skipping...
ERROR [2024-08-08 15:01:02] [WARN] - Failed to add DEU_OIL_KRAFTWERKHAUSH11399 generator to EU-DEU node, skipping...
ERROR [2024-08-08 15:01:02] [WARN] - Failed to add DEU_OIL_KRAFTWERKWALHE11413 generator to EU-DEU node, skipping...
ERROR [2024-08-08 15:01:02] [WARN] - Failed to add DEU_OIL_KWMITTELSBRE11346 generator to EU-DEU node, skipping...
ERROR [2024-08-08 15:01:02] [WARN] - Failed to add DEU_OIL_MIRO11477 generator to EU-DEU node, skipping...
ERROR [2024-08-08 15:01:02] [WARN] - Failed to add DEU_OIL_MOABITOIL11482 generator to EU-DEU node, skipping...
ERROR [2024-08-08 15:01:02] [WARN] - Failed to add DEU_OIL_RAFFINERIEKRAFT11601 generator to EU-DEU node, skipping...
ERROR [2024-08-08 15:01:02] [WARN] - Failed to add DEU_OIL_RAFFINERIEKRAFT11602 generator to EU-DEU node, skipping...
ERROR [2024-08-08 15:01:02] [WARN] - Failed to add DEU_OIL_SKWDIESEL11650 generator to EU-DEU node, skipping...
ERROR [2024-08-08 15:01:02] [WARN] - Failed to add DEU_OIL_SKWNATURALGAS11651 generator to EU-DEU node, skipping...
ERROR [2024-08-08 15:01:02] [WARN] - Failed to add DEU_OIL_SPITZENLASTANLA11702 generator to EU-DEU node, skipping...
ERROR [2024-08-08 15:01:02] [WARN] - Failed to add DEU_OIL_SPITZENLASTKRAF11703 generator to EU-DEU node, skipping...
ERROR [2024-08-08 15:01:02] [WARN] - Failed to add DEU_OIL_SPITZENLASTKRAF11704 generator to EU-DEU node, skipping...
ERROR [2024-08-08 15:01:02] [WARN] - Failed to add DEU_OIL_WEDEL11792 generator to EU-DEU node, skipping...
ERROR [2024-08-08 15:01:02] [WARN] - Failed to add DEU_OIL_WILHELMSHAVEN11816 generator to EU-DEU node, skipping...
ERROR [2024-08-08 15:01:02] [WARN] - Failed to add DEU_OIL_WILMERSDORF11818 generator to EU-DEU node, skipping...
ERROR [2024-08-08 15:01:02] [WARN] - Failed to add DEU_OTH_BIOMASSGENERAT10952 generator to EU-DEU node, skipping...
ERROR [2024-08-08 15:01:02] [WARN] - Failed to add DEU_OTH_DKKRAFTWERK11023 generator to EU-DEU node, skipping...
ERROR [2024-08-08 15:01:02] [WARN] - Failed to add DEU_OTH_EBSHEIZKRAFTWE11057 generator to EU-DEU node, skipping...
ERROR [2024-08-08 15:01:02] [WARN] - Failed to add DEU_OTH_GICHTNATURALGA11145 generator to EU-DEU node, skipping...
ERROR [2024-08-08 15:01:02] [WARN] - Failed to add DEU_OTH_HKWWEST11236 generator to EU-DEU node, skipping...
ERROR [2024-08-08 15:01:02] [WARN] - Failed to add DEU_OTH_IKW11317 generator to EU-DEU node, skipping...
ERROR [2024-08-08 15:01:02] [WARN] - Failed to add DEU_OTH_ILKEKT11319 generator to EU-DEU node, skipping...
ERROR [2024-08-08 15:01:02] [WARN] - Failed to add DEU_OTH_KRAFTWERKNORD11407 generator to EU-DEU node, skipping...
ERROR [2024-08-08 15:01:02] [WARN] - Failed to add DEU_OTH_KRAFTWERKSALZG11409 generator to EU-DEU node, skipping...
ERROR [2024-08-08 15:01:02] [WARN] - Failed to add DEU_OTH_O1011535 generator to EU-DEU node, skipping...
ERROR [2024-08-08 15:01:02] [WARN] - Failed to add DEU_OTH_OXEAGMBH11555 generator to EU-DEU node, skipping...
ERROR [2024-08-08 15:01:02] [WARN] - Failed to add DEU_WAS_ABFALLENTSORGUN10878 generator to EU-DEU node, skipping...
ERROR [2024-08-08 15:01:02] [WARN] - Failed to add DEU_WAS_AHKWNEUNKIRCHE10873 generator to EU-DEU node, skipping...
ERROR [2024-08-08 15:01:02] [WARN] - Failed to add DEU_WAS_AMKABFALLENT10874 generator to EU-DEU node, skipping...
ERROR [2024-08-08 15:01:02] [WARN] - Failed to add DEU_WAS_AVAGMBH10875 generator to EU-DEU node, skipping...
ERROR [2024-08-08 15:01:02] [WARN] - Failed to add DEU_WAS_AVAVELSEN10876 generator to EU-DEU node, skipping...
ERROR [2024-08-08 15:01:02] [WARN] - Failed to add DEU_WAS_BEG10906 generator to EU-DEU node, skipping...
ERROR [2024-08-08 15:01:02] [WARN] - Failed to add DEU_WAS_BIOMASSEHEIZKRA10973 generator to EU-DEU node, skipping...
ERROR [2024-08-08 15:01:02] [WARN] - Failed to add DEU_WAS_BIOMASSGENERAT10949 generator to EU-DEU node, skipping...
ERROR [2024-08-08 15:01:02] [WARN] - Failed to add DEU_WAS_BIOMASSGENERAT10950 generator to EU-DEU node, skipping...
ERROR [2024-08-08 15:01:02] [WARN] - Failed to add DEU_WAS_BIOMASSGENERAT10951 generator to EU-DEU node, skipping...
ERROR [2024-08-08 15:01:02] [WARN] - Failed to add DEU_WAS_DAMPFTURBINENAN11028 generator to EU-DEU node, skipping...
ERROR [2024-08-08 15:01:02] [WARN] - Failed to add DEU_WAS_DT11026 generator to EU-DEU node, skipping...
ERROR [2024-08-08 15:01:02] [WARN] - Failed to add DEU_WAS_EBKWKNAPSACK11055 generator to EU-DEU node, skipping...
ERROR [2024-08-08 15:01:02] [WARN] - Failed to add DEU_WAS_EBSHKWROSTOCK11056 generator to EU-DEU node, skipping...
ERROR [2024-08-08 15:01:02] [WARN] - Failed to add DEU_WAS_EEWENERGYFROM11059 generator to EU-DEU node, skipping...
ERROR [2024-08-08 15:01:02] [WARN] - Failed to add DEU_WAS_EEWGPPINGEN11061 generator to EU-DEU node, skipping...
ERROR [2024-08-08 15:01:02] [WARN] - Failed to add DEU_WAS_EEWGRORSCH11060 generator to EU-DEU node, skipping...
ERROR [2024-08-08 15:01:02] [WARN] - Failed to add DEU_WAS_ENERTECHAMELN11093 generator to EU-DEU node, skipping...
ERROR [2024-08-08 15:01:02] [WARN] - Failed to add DEU_WAS_EVE11065 generator to EU-DEU node, skipping...
ERROR [2024-08-08 15:01:02] [WARN] - Failed to add DEU_WAS_FHKWLUDWIGSHAF11103 generator to EU-DEU node, skipping...
ERROR [2024-08-08 15:01:02] [WARN] - Failed to add DEU_WAS_GKS11126 generator to EU-DEU node, skipping...
ERROR [2024-08-08 15:01:02] [WARN] - Failed to add DEU_WAS_GMVANIEDERRHEI11127 generator to EU-DEU node, skipping...
ERROR [2024-08-08 15:01:02] [WARN] - Failed to add DEU_WAS_HAMBURGERRIEGE11248 generator to EU-DEU node, skipping...
ERROR [2024-08-08 15:01:02] [WARN] - Failed to add DEU_WAS_HEIZKRAFTWERKK11270 generator to EU-DEU node, skipping...
ERROR [2024-08-08 15:01:02] [WARN] - Failed to add DEU_WAS_HKWMANNHEIM11216 generator to EU-DEU node, skipping...
ERROR [2024-08-08 15:01:02] [WARN] - Failed to add DEU_WAS_HKWSANDREUTH11227 generator to EU-DEU node, skipping...
ERROR [2024-08-08 15:01:02] [WARN] - Failed to add DEU_WAS_IHKWANDERNACH11314 generator to EU-DEU node, skipping...
ERROR [2024-08-08 15:01:02] [WARN] - Failed to add DEU_WAS_IKWRDERSDORF11318 generator to EU-DEU node, skipping...
ERROR [2024-08-08 15:01:02] [WARN] - Failed to add DEU_WAS_KARNAP11365 generator to EU-DEU node, skipping...
ERROR [2024-08-08 15:01:02] [WARN] - Failed to add DEU_WAS_KLRANLAGE11381 generator to EU-DEU node, skipping...
ERROR [2024-08-08 15:01:02] [WARN] - Failed to add DEU_WAS_KRAFTWERKSCHWE11410 generator to EU-DEU node, skipping...
ERROR [2024-08-08 15:01:02] [WARN] - Failed to add DEU_WAS_KWHAFEN11344 generator to EU-DEU node, skipping...
ERROR [2024-08-08 15:01:02] [WARN] - Failed to add DEU_WAS_MHKW11451 generator to EU-DEU node, skipping...
ERROR [2024-08-08 15:01:02] [WARN] - Failed to add DEU_WAS_MHKWBURGKIRCHE11453 generator to EU-DEU node, skipping...
ERROR [2024-08-08 15:01:02] [WARN] - Failed to add DEU_WAS_MHKWFRANKFURT11454 generator to EU-DEU node, skipping...
ERROR [2024-08-08 15:01:02] [WARN] - Failed to add DEU_WAS_MHKWMAINZ11455 generator to EU-DEU node, skipping...
ERROR [2024-08-08 15:01:02] [WARN] - Failed to add DEU_WAS_MHKWPIRMASENS11456 generator to EU-DEU node, skipping...
ERROR [2024-08-08 15:01:02] [WARN] - Failed to add DEU_WAS_MHKWROTHENSEE11457 generator to EU-DEU node, skipping...
ERROR [2024-08-08 15:01:02] [WARN] - Failed to add DEU_WAS_MHKWWKW11452 generator to EU-DEU node, skipping...
ERROR [2024-08-08 15:01:03] [WARN] - Failed to add DEU_WAS_MKVAKREFELD11458 generator to EU-DEU node, skipping...
ERROR [2024-08-08 15:01:03] [WARN] - Failed to add DEU_WAS_MLLHEIZKRAFTW11491 generator to EU-DEU node, skipping...
ERROR [2024-08-08 15:01:03] [WARN] - Failed to add DEU_WAS_MLLHEIZKRAFTW11492 generator to EU-DEU node, skipping...
ERROR [2024-08-08 15:01:03] [WARN] - Failed to add DEU_WAS_MLLHEIZKRAFTW11493 generator to EU-DEU node, skipping...
ERROR [2024-08-08 15:01:03] [WARN] - Failed to add DEU_WAS_MLLKRAFTWERK11494 generator to EU-DEU node, skipping...
ERROR [2024-08-08 15:01:03] [WARN] - Failed to add DEU_WAS_MVABIELEFELD11460 generator to EU-DEU node, skipping...
ERROR [2024-08-08 15:01:03] [WARN] - Failed to add DEU_WAS_MVAHAMM11461 generator to EU-DEU node, skipping...
ERROR [2024-08-08 15:01:03] [WARN] - Failed to add DEU_WAS_MVAINGOLSTADT11462 generator to EU-DEU node, skipping...
ERROR [2024-08-08 15:01:03] [WARN] - Failed to add DEU_WAS_MVAWEISWEILER11463 generator to EU-DEU node, skipping...
ERROR [2024-08-08 15:01:03] [WARN] - Failed to add DEU_WAS_MVRMLLVERWER11464 generator to EU-DEU node, skipping...
ERROR [2024-08-08 15:01:03] [WARN] - Failed to add DEU_WAS_PDENERGYGMBH11561 generator to EU-DEU node, skipping...
ERROR [2024-08-08 15:01:03] [WARN] - Failed to add DEU_WAS_REMONDISTHERMI11597 generator to EU-DEU node, skipping...
ERROR [2024-08-08 15:01:03] [WARN] - Failed to add DEU_WAS_RESTABFALLBEHAN11611 generator to EU-DEU node, skipping...
ERROR [2024-08-08 15:01:03] [WARN] - Failed to add DEU_WAS_RESTMLLHEIZK11612 generator to EU-DEU node, skipping...
ERROR [2024-08-08 15:01:03] [WARN] - Failed to add DEU_WAS_RESTMLLHEIZKR11613 generator to EU-DEU node, skipping...
ERROR [2024-08-08 15:01:03] [WARN] - Failed to add DEU_WAS_REUTERWASTEFA11615 generator to EU-DEU node, skipping...
ERROR [2024-08-08 15:01:03] [WARN] - Failed to add DEU_WAS_RMVAKLN11598 generator to EU-DEU node, skipping...
ERROR [2024-08-08 15:01:03] [WARN] - Failed to add DEU_WAS_RZRHERTENII11599 generator to EU-DEU node, skipping...
ERROR [2024-08-08 15:01:03] [WARN] - Failed to add DEU_WAS_SITAABFALLVERW11649 generator to EU-DEU node, skipping...
ERROR [2024-08-08 15:01:03] [WARN] - Failed to add DEU_WAS_STEINBEISENERG11713 generator to EU-DEU node, skipping...
ERROR [2024-08-08 15:01:03] [WARN] - Failed to add DEU_WAS_THERMISCHEABFA11735 generator to EU-DEU node, skipping...
ERROR [2024-08-08 15:01:03] [WARN] - Failed to add DEU_WAS_TREABREISGAU11726 generator to EU-DEU node, skipping...
ERROR [2024-08-08 15:01:03] [WARN] - Failed to add DEU_WAS_TREALEUNA11727 generator to EU-DEU node, skipping...
ERROR [2024-08-08 15:01:03] [WARN] - Failed to add DEU_WAS_TRVBUSCHHAUS11728 generator to EU-DEU node, skipping...
ERROR [2024-08-08 15:01:03] [WARN] - Failed to add DEU_WAS_TURBOSATZ111747 generator to EU-DEU node, skipping...
ERROR [2024-08-08 15:01:03] [WARN] - Failed to add DEU_WAS_WASTEINCINERAT11791 generator to EU-DEU node, skipping...
ERROR [2024-08-08 15:01:03] [WARN] - Failed to add DEU_WAS_ZWSF11844 generator to EU-DEU node, skipping...
ERROR [2024-08-08 15:01:03] [WARN] - Failed to add DEU_WAV_CAPACITY SCALER generator to EU-DEU node, skipping...
