INFO [2024-08-20 15:25:34] [MAIN] - Creating Deane_SA_districts_test__2024_08_20_15_25_34 study...

INFO [2024-08-20 15:25:34] [MAIN] - Unit commitment mode : ACCURATE
INFO [2024-08-20 15:25:35] [MAIN] - Adding nodes...

INFO [2024-08-20 15:25:38] [NODES] - Adding SA-ARG node...
INFO [2024-08-20 15:25:38] [NODES] - Adding SA-BOL node...
INFO [2024-08-20 15:25:39] [NODES] - Adding SA-BRA-CN node...
INFO [2024-08-20 15:25:39] [NODES] - Adding SA-BRA-CW node...
INFO [2024-08-20 15:25:39] [NODES] - Adding SA-BRA-J1 node...
INFO [2024-08-20 15:25:39] [NODES] - Adding SA-BRA-J2 node...
INFO [2024-08-20 15:25:39] [NODES] - Adding SA-BRA-J3 node...
INFO [2024-08-20 15:25:40] [NODES] - Adding SA-BRA-NE node...
INFO [2024-08-20 15:25:40] [NODES] - Adding SA-BRA-NW node...
INFO [2024-08-20 15:25:40] [NODES] - Adding SA-BRA-SE node...
INFO [2024-08-20 15:25:40] [NODES] - Adding SA-BRA-SO node...
INFO [2024-08-20 15:25:41] [NODES] - Adding SA-BRA-WE node...
INFO [2024-08-20 15:25:41] [NODES] - Adding SA-CHL node...
INFO [2024-08-20 15:25:41] [NODES] - Adding SA-COL node...
INFO [2024-08-20 15:25:41] [NODES] - Adding SA-ECU node...
INFO [2024-08-20 15:25:42] [NODES] - Adding SA-GUF node...
INFO [2024-08-20 15:25:42] [NODES] - Adding SA-GUY node...
INFO [2024-08-20 15:25:42] [NODES] - Adding SA-PER node...
INFO [2024-08-20 15:25:43] [NODES] - Adding SA-PRY node...
INFO [2024-08-20 15:25:43] [NODES] - Adding SA-URY node...
INFO [2024-08-20 15:25:44] [NODES] - Adding SA-VEN node...
INFO [2024-08-20 15:25:44] [MAIN] - Done adding nodes! (run time : 9.43s).

INFO [2024-08-20 15:25:44] [MAIN] - Adding districts...

INFO [2024-08-20 15:25:45] [DISTRICTS] - Creating south america continental district...
INFO [2024-08-20 15:25:45] [DISTRICTS] - Done creating south america continental district!
INFO [2024-08-20 15:25:45] [DISTRICTS] - Creating sa-bra district from regional nodes...
INFO [2024-08-20 15:25:45] [DISTRICTS] - Done creating sa-bra district!
INFO [2024-08-20 15:25:45] [MAIN] - Done adding districts! (run time : 1.28s).

INFO [2024-08-20 15:25:45] [MAIN] - Adding load data...

INFO [2024-08-20 15:25:47] [LOAD] - Adding SA-ARG load data...
INFO [2024-08-20 15:25:48] [LOAD] - Adding SA-BOL load data...
INFO [2024-08-20 15:25:48] [LOAD] - Adding SA-BRA-CN load data...
INFO [2024-08-20 15:25:48] [LOAD] - Adding SA-BRA-CW load data...
INFO [2024-08-20 15:25:48] [LOAD] - Adding SA-BRA-J1 load data...
INFO [2024-08-20 15:25:48] [WARN] - Could not add load data to SA-BRA-J1 node, skipping...
INFO [2024-08-20 15:25:48] [LOAD] - Adding SA-BRA-J2 load data...
INFO [2024-08-20 15:25:48] [WARN] - Could not add load data to SA-BRA-J2 node, skipping...
INFO [2024-08-20 15:25:48] [LOAD] - Adding SA-BRA-J3 load data...
INFO [2024-08-20 15:25:48] [WARN] - Could not add load data to SA-BRA-J3 node, skipping...
INFO [2024-08-20 15:25:48] [LOAD] - Adding SA-BRA-NE load data...
INFO [2024-08-20 15:25:48] [LOAD] - Adding SA-BRA-NW load data...
INFO [2024-08-20 15:25:48] [LOAD] - Adding SA-BRA-SE load data...
INFO [2024-08-20 15:25:49] [LOAD] - Adding SA-BRA-SO load data...
INFO [2024-08-20 15:25:49] [LOAD] - Adding SA-BRA-WE load data...
INFO [2024-08-20 15:25:49] [LOAD] - Adding SA-CHL load data...
INFO [2024-08-20 15:25:49] [LOAD] - Adding SA-COL load data...
INFO [2024-08-20 15:25:49] [LOAD] - Adding SA-ECU load data...
INFO [2024-08-20 15:25:49] [LOAD] - Adding SA-GUF load data...
INFO [2024-08-20 15:25:49] [LOAD] - Adding SA-GUY load data...
INFO [2024-08-20 15:25:50] [LOAD] - Adding SA-PER load data...
INFO [2024-08-20 15:25:50] [LOAD] - Adding SA-PRY load data...
INFO [2024-08-20 15:25:50] [LOAD] - Adding SA-URY load data...
INFO [2024-08-20 15:25:50] [LOAD] - Adding SA-VEN load data...
INFO [2024-08-20 15:25:50] [MAIN] - Done adding load data! (run time : 4.86s).

INFO [2024-08-20 15:25:50] [MAIN] - Fetching wind data...

INFO [2024-08-20 15:25:51] [WIND] - Adding SA-ARG aggregated wind data...
INFO [2024-08-20 15:25:51] [WARN] - Skipped adding wind data for SA-BOL (no generators found in PLEXOS).
INFO [2024-08-20 15:25:51] [WARN] - Skipped adding wind data for SA-BRA-CN (no generators found in PLEXOS).
INFO [2024-08-20 15:25:51] [WARN] - Skipped adding wind data for SA-BRA-CW (no generators found in PLEXOS).
INFO [2024-08-20 15:25:51] [WARN] - Skipped adding wind data for SA-BRA-J1 (no generators found in PLEXOS).
INFO [2024-08-20 15:25:51] [WARN] - Skipped adding wind data for SA-BRA-J2 (no generators found in PLEXOS).
INFO [2024-08-20 15:25:51] [WARN] - Skipped adding wind data for SA-BRA-J3 (no generators found in PLEXOS).
INFO [2024-08-20 15:25:51] [WIND] - Adding SA-BRA-NE aggregated wind data...
INFO [2024-08-20 15:25:51] [WARN] - Skipped adding wind data for SA-BRA-NW (no generators found in PLEXOS).
INFO [2024-08-20 15:25:51] [WIND] - Adding SA-BRA-SE aggregated wind data...
INFO [2024-08-20 15:25:51] [WIND] - Adding SA-BRA-SO aggregated wind data...
INFO [2024-08-20 15:25:51] [WARN] - Skipped adding wind data for SA-BRA-WE (no generators found in PLEXOS).
INFO [2024-08-20 15:25:51] [WIND] - Adding SA-CHL aggregated wind data...
INFO [2024-08-20 15:25:52] [WIND] - Adding SA-COL aggregated wind data...
INFO [2024-08-20 15:25:52] [WIND] - Adding SA-ECU aggregated wind data...
INFO [2024-08-20 15:25:52] [WARN] - Skipped adding wind data for SA-GUF (no generators found in PLEXOS).
INFO [2024-08-20 15:25:52] [WIND] - Adding SA-GUY aggregated wind data...
INFO [2024-08-20 15:25:52] [WIND] - Adding SA-PER aggregated wind data...
INFO [2024-08-20 15:25:52] [WARN] - Skipped adding wind data for SA-PRY (no generators found in PLEXOS).
INFO [2024-08-20 15:25:52] [WIND] - Adding SA-URY aggregated wind data...
INFO [2024-08-20 15:25:52] [WIND] - Adding SA-VEN aggregated wind data...
INFO [2024-08-20 15:25:52] [MAIN] - Done adding wind data! (run time : 2.08s).

INFO [2024-08-20 15:25:52] [MAIN] - Fetching solar data...

INFO [2024-08-20 15:25:53] [SOLAR] - Adding SA-ARG aggregated solar data...
INFO [2024-08-20 15:25:53] [SOLAR] - Adding SA-BOL aggregated solar data...
INFO [2024-08-20 15:25:53] [WARN] - Skipped adding solar data for SA-BRA-CN (no generators found in PLEXOS).
INFO [2024-08-20 15:25:53] [WARN] - Skipped adding solar data for SA-BRA-CW (no generators found in PLEXOS).
INFO [2024-08-20 15:25:53] [WARN] - Skipped adding solar data for SA-BRA-J1 (no generators found in PLEXOS).
INFO [2024-08-20 15:25:53] [WARN] - Skipped adding solar data for SA-BRA-J2 (no generators found in PLEXOS).
INFO [2024-08-20 15:25:53] [WARN] - Skipped adding solar data for SA-BRA-J3 (no generators found in PLEXOS).
INFO [2024-08-20 15:25:53] [SOLAR] - Adding SA-BRA-NE aggregated solar data...
INFO [2024-08-20 15:25:53] [WARN] - Skipped adding solar data for SA-BRA-NW (no generators found in PLEXOS).
INFO [2024-08-20 15:25:53] [SOLAR] - Adding SA-BRA-SE aggregated solar data...
INFO [2024-08-20 15:25:53] [SOLAR] - Adding SA-BRA-SO aggregated solar data...
INFO [2024-08-20 15:25:53] [WARN] - Skipped adding solar data for SA-BRA-WE (no generators found in PLEXOS).
INFO [2024-08-20 15:25:54] [SOLAR] - Adding SA-CHL aggregated solar data...
INFO [2024-08-20 15:25:54] [WARN] - Skipped adding solar data for SA-COL (no generators found in PLEXOS).
INFO [2024-08-20 15:25:54] [SOLAR] - Adding SA-ECU aggregated solar data...
INFO [2024-08-20 15:25:54] [SOLAR] - Adding SA-GUF aggregated solar data...
INFO [2024-08-20 15:25:54] [WARN] - Skipped adding solar data for SA-GUY (no generators found in PLEXOS).
INFO [2024-08-20 15:25:54] [SOLAR] - Adding SA-PER aggregated solar data...
INFO [2024-08-20 15:25:54] [WARN] - Skipped adding solar data for SA-PRY (no generators found in PLEXOS).
INFO [2024-08-20 15:25:54] [SOLAR] - Adding SA-URY aggregated solar data...
INFO [2024-08-20 15:25:54] [WARN] - Skipped adding solar data for SA-VEN (no generators found in PLEXOS).
INFO [2024-08-20 15:25:54] [MAIN] - Done adding solar data! (run time : 1.84s).

INFO [2024-08-20 15:25:54] [MAIN] - Beginning hydro implementation...
INFO [2024-08-20 15:25:56] [HYDRO] - Initializing SA-ARG hydro parameters...
INFO [2024-08-20 15:25:56] [HYDRO] - Adding SA-ARG max power timeseries...
INFO [2024-08-20 15:25:57] [HYDRO] - Adding SA-ARG hydro profiles...
INFO [2024-08-20 15:25:58] [HYDRO] - Initializing SA-BOL hydro parameters...
INFO [2024-08-20 15:25:59] [HYDRO] - Adding SA-BOL max power timeseries...
INFO [2024-08-20 15:26:00] [HYDRO] - Adding SA-BOL hydro profiles...
INFO [2024-08-20 15:26:01] [HYDRO] - Initializing SA-BRA-CN hydro parameters...
INFO [2024-08-20 15:26:02] [HYDRO] - Adding SA-BRA-CN max power timeseries...
INFO [2024-08-20 15:26:02] [HYDRO] - Adding SA-BRA-CN hydro profiles...
INFO [2024-08-20 15:26:04] [HYDRO] - Initializing SA-BRA-CW hydro parameters...
INFO [2024-08-20 15:26:04] [HYDRO] - Adding SA-BRA-CW max power timeseries...
INFO [2024-08-20 15:26:05] [HYDRO] - Adding SA-BRA-CW hydro profiles...
INFO [2024-08-20 15:26:06] [HYDRO] - Initializing SA-BRA-NE hydro parameters...
INFO [2024-08-20 15:26:07] [HYDRO] - Adding SA-BRA-NE max power timeseries...
INFO [2024-08-20 15:26:08] [HYDRO] - Adding SA-BRA-NE hydro profiles...
INFO [2024-08-20 15:26:09] [HYDRO] - Initializing SA-BRA-NW hydro parameters...
INFO [2024-08-20 15:26:10] [HYDRO] - Adding SA-BRA-NW max power timeseries...
INFO [2024-08-20 15:26:11] [HYDRO] - Adding SA-BRA-NW hydro profiles...
INFO [2024-08-20 15:26:12] [HYDRO] - Initializing SA-BRA-SE hydro parameters...
INFO [2024-08-20 15:26:13] [HYDRO] - Adding SA-BRA-SE max power timeseries...
INFO [2024-08-20 15:26:14] [HYDRO] - Adding SA-BRA-SE hydro profiles...
INFO [2024-08-20 15:26:15] [HYDRO] - Initializing SA-BRA-SO hydro parameters...
INFO [2024-08-20 15:26:16] [HYDRO] - Adding SA-BRA-SO max power timeseries...
INFO [2024-08-20 15:26:17] [HYDRO] - Adding SA-BRA-SO hydro profiles...
INFO [2024-08-20 15:26:18] [HYDRO] - Initializing SA-BRA-WE hydro parameters...
INFO [2024-08-20 15:26:18] [HYDRO] - Adding SA-BRA-WE max power timeseries...
INFO [2024-08-20 15:26:19] [HYDRO] - Adding SA-BRA-WE hydro profiles...
INFO [2024-08-20 15:26:20] [HYDRO] - Initializing SA-CHL hydro parameters...
INFO [2024-08-20 15:26:21] [HYDRO] - Adding SA-CHL max power timeseries...
INFO [2024-08-20 15:26:22] [HYDRO] - Adding SA-CHL hydro profiles...
INFO [2024-08-20 15:26:23] [HYDRO] - Initializing SA-COL hydro parameters...
INFO [2024-08-20 15:26:24] [HYDRO] - Adding SA-COL max power timeseries...
INFO [2024-08-20 15:26:25] [HYDRO] - Adding SA-COL hydro profiles...
INFO [2024-08-20 15:26:26] [HYDRO] - Initializing SA-ECU hydro parameters...
INFO [2024-08-20 15:26:27] [HYDRO] - Adding SA-ECU max power timeseries...
INFO [2024-08-20 15:26:27] [MAIN] - Starting World_15thermalClusters_accurateUCM_districtsTest__2024_08_20_15_26_27 simulation...
INFO [2024-08-20 15:26:30] [MAIN] - Antares simulation finished! (run time : 0.05min).
 

