INFO [2024-08-20 15:34:00] [MAIN] - Creating Deane_SA__2024_08_20_15_34_00 study...

INFO [2024-08-20 15:34:00] [MAIN] - Unit commitment mode : ACCURATE
INFO [2024-08-20 15:34:00] [MAIN] - Adding nodes...

INFO [2024-08-20 15:34:07] [MAIN] - Done adding nodes! (run time : 6.54s).

INFO [2024-08-20 15:34:07] [MAIN] - Adding districts...

INFO [2024-08-20 15:34:08] [MAIN] - Done adding districts! (run time : 1.07s).

INFO [2024-08-20 15:34:08] [MAIN] - Adding load data...

INFO [2024-08-20 15:34:12] [MAIN] - Done adding load data! (run time : 4.63s).

INFO [2024-08-20 15:34:12] [MAIN] - Fetching wind data...

INFO [2024-08-20 15:34:14] [MAIN] - Done adding wind data! (run time : 1.93s).

INFO [2024-08-20 15:34:14] [MAIN] - Fetching solar data...

INFO [2024-08-20 15:34:16] [MAIN] - Done adding solar data! (run time : 1.49s).

INFO [2024-08-20 15:34:16] [MAIN] - Beginning hydro implementation...
INFO [2024-08-20 15:35:03] [MAIN] - Done adding hydro!
INFO [2024-08-20 15:35:03] [MAIN] - Fetching thermal data...
INFO [2024-08-20 15:35:06] [MAIN] - Aggregating identical generators...
INFO [2024-08-20 15:35:06] [MAIN] - Running 15-clustering algorithm on generators...
INFO [2024-08-20 15:35:07] [MAIN] - Done running 15-clustering algorithm on generators!

INFO [2024-08-20 15:36:47] [MAIN] - Done adding thermal data! (run time : 1.72min).

INFO [2024-08-20 15:36:47] [MAIN] - Fetching battery data...

INFO [2024-08-20 15:36:47] [MAIN] - Aggregating identical batteries...
INFO [2024-08-20 15:36:49] [MAIN] - Done adding battery data! (run time : 0.05min).

INFO [2024-08-20 15:36:49] [MAIN] - Adding lines between areas...

INFO [2024-08-20 15:36:57] [MAIN] - Done adding lines! (run time : 7.44s).

INFO [2024-08-20 15:36:57] [MAIN] - Finished setting up Antares study! (run time : 2.95min).
 

INFO [2024-08-20 15:36:57] [MAIN] - Starting 15thmClu_accUCM_districtsTest simulation...
