INFO [2024-09-09 18:00:05] [MAIN] - Creating clusters_ren__2024_09_09_18_00_05 study...

INFO [2024-09-09 18:00:05] [MAIN] - Unit commitment mode : ACCURATE
INFO [2024-09-09 18:00:05] [MAIN] - Adding nodes...

INFO [2024-09-09 18:00:06] [NODES] - Adding eu-fra node...
INFO [2024-09-09 18:00:06] [MAIN] - Done adding nodes! (run time : 1.01s).

INFO [2024-09-09 18:00:06] [MAIN] - Adding districts...

INFO [2024-09-09 18:00:07] [DISTRICTS] - Creating global district...
INFO [2024-09-09 18:00:07] [DISTRICTS] - Done creating global district!
INFO [2024-09-09 18:00:07] [DISTRICTS] - Creating europe continental district...
INFO [2024-09-09 18:00:07] [DISTRICTS] - Done creating europe continental district!
INFO [2024-09-09 18:00:07] [MAIN] - Done adding districts! (run time : 0.67s).

INFO [2024-09-09 18:00:07] [MAIN] - Adding load data...

INFO [2024-09-09 18:00:07] [LOAD] - Adding eu-fra load data...
INFO [2024-09-09 18:00:08] [MAIN] - Done adding load data! (run time : 0.71s).

INFO [2024-09-09 18:00:08] [MAIN] - Beginning hydro implementation...
INFO [2024-09-09 18:00:08] [HYDRO] - Initializing eu-fra hydro parameters...
INFO [2024-09-09 18:00:09] [HYDRO] - Adding eu-fra max power timeseries...
INFO [2024-09-09 18:00:09] [HYDRO] - Adding eu-fra hydro profiles...
INFO [2024-09-09 18:00:09] [MAIN] - Done adding hydro!
INFO [2024-09-09 18:00:09] [MAIN] - Fetching thermal data...
