INFO [2024-10-30 23:33:52] [MAIN] - Initializing output folder...
INFO [2024-10-30 23:33:59] [MAIN] - Creating If S3 Economy v2 (World w CSP) study...
INFO [2024-10-30 23:33:59] [MAIN] - Simulating If scenario~: S3 .

INFO [2024-10-30 23:33:59] [MAIN] - Simulation mode : Economy
INFO [2024-10-30 23:33:59] [MAIN] - Unit commitment mode : accurate
INFO [2024-10-30 23:33:59] [MAIN] - Number of MC years : 10
INFO [2024-10-30 23:33:59] [MAIN] - Generation of CSP : TRUE
INFO [2024-10-30 23:33:59] [MAIN] - Adding world node...

INFO [2024-10-30 23:34:00] [MAIN] - Done adding world node! (run time : 0.18s).

INFO [2024-10-30 23:34:00] [MAIN] - Fetching thermal data...
INFO [2024-10-30 23:34:00] [THERMAL] - Adding Bioenergy generator to World node...
INFO [2024-10-30 23:34:00] [THERMAL] - Adding Coal generator to World node...
INFO [2024-10-30 23:34:00] [THERMAL] - Adding Gas generator to World node...
INFO [2024-10-30 23:34:00] [THERMAL] - Adding Geothermal generator to World node...
INFO [2024-10-30 23:34:00] [THERMAL] - Adding Nuclear generator to World node...
INFO [2024-10-30 23:34:00] [THERMAL] - Adding Oil generator to World node...
INFO [2024-10-30 23:34:00] [THERMAL] - Adding Geothermal generator to World node...
INFO [2024-10-30 23:34:00] [MAIN] - Done adding thermal data! (run time : 0.01min).

INFO [2024-10-30 23:34:00] [MAIN] - Fetching wind data...

INFO [2024-10-30 23:34:35] [WIND] - Adding World wind data to Wind Onshore cluster...
INFO [2024-10-30 23:34:35] [MAIN] - Done adding wind data! (run time : 34.53s).

INFO [2024-10-30 23:34:35] [MAIN] - Fetching PV data...

INFO [2024-10-30 23:35:44] [PV] - Adding World PV data to Solar PV cluster...
INFO [2024-10-30 23:35:44] [MAIN] - Done adding PV data! (run time : 69.46s).

INFO [2024-10-30 23:35:44] [MAIN] - Fetching CSP data...

INFO [2024-10-30 23:35:46] [CSP] - Adding World CSP data to Solar Thermal cluster...
INFO [2024-10-30 23:35:46] [MAIN] - Done adding CSP data! (run time : 1.73s).

INFO [2024-10-30 23:35:50] [HYDRO] - Initializing World hydro parameters...
INFO [2024-10-30 23:35:51] [HYDRO] - Adding World max power timeseries...
INFO [2024-10-30 23:35:53] [HYDRO] - Adding World hydro profiles...
INFO [2024-10-30 23:35:53] [MAIN] - Finished setting up Antares study! (run time : 1.89min).
 

