INFO [2024-08-07 14:11:05] [MAIN] - Creating Etude_sur_R_Monde__2024_08_07_14_11_05 study...

INFO [2024-08-07 14:11:05] [MAIN] - Unit commitment mode : FAST
INFO [2024-08-07 14:11:06] [MAIN] - Adding nodes...

INFO [2024-08-07 14:11:08] [MAIN] - Done adding nodes! (run time : 2.31s).

INFO [2024-08-07 14:11:08] [MAIN] - Adding load data...

INFO [2024-08-07 14:11:10] [MAIN] - Done adding load data! (run time : 1.6s).

INFO [2024-08-07 14:11:10] [MAIN] - Fetching wind data...

INFO [2024-08-07 14:11:10] [MAIN] - Done adding wind data! (run time : 0.22s).

INFO [2024-08-07 14:11:10] [MAIN] - Fetching solar data...

INFO [2024-08-07 14:11:10] [MAIN] - Done adding solar data! (run time : 0.13s).

INFO [2024-08-07 14:11:10] [MAIN] - Beginning hydro implementation...
INFO [2024-08-07 14:11:13] [MAIN] - Done adding hydro!
INFO [2024-08-07 14:11:13] [MAIN] - Fetching thermal data...

INFO [2024-08-07 14:12:03] [MAIN] - Done adding thermal data! (run time : 0.84min).

INFO [2024-08-07 14:12:03] [MAIN] - Fetching storage data...

INFO [2024-08-07 14:12:12] [MAIN] - Done adding storage data! (run time : 0.15min).

INFO [2024-08-07 14:12:12] [MAIN] - Adding lines between areas...

INFO [2024-08-07 14:12:13] [MAIN] - Done adding lines! (run time : 1.58s).

INFO [2024-08-07 14:12:13] [MAIN] - Finished setting up Antares study! (run time : 1.14min).
 

INFO [2024-08-07 14:12:14] [MAIN] - Starting simulation__2024_08_07_14_12_14 simulation...
INFO [2024-08-07 14:15:01] [MAIN] - Antares simulation finished! (run time : 2.79min).
 

INFO [2024-08-07 14:15:07] [MAIN] - Opening latest simulation...
