INFO [2024-10-07 16:21:34] [MAIN] - Creating Other1 fix threePoints 4 study...

INFO [2024-10-07 16:21:34] [MAIN] - Initializing output folder...
INFO [2024-10-07 16:21:35] [MAIN] - Unit commitment mode : ACCURATE
INFO [2024-10-07 16:21:36] [MAIN] - Adding nodes...

INFO [2024-10-07 16:21:37] [MAIN] - Done adding nodes! (run time : 1.58s).

INFO [2024-10-07 16:21:37] [MAIN] - Adding districts...

INFO [2024-10-07 16:21:38] [MAIN] - Done adding districts! (run time : 0.72s).

INFO [2024-10-07 16:21:38] [MAIN] - Adding load data...

INFO [2024-10-07 16:21:39] [MAIN] - Done adding load data! (run time : 1.2s).

INFO [2024-10-07 16:21:39] [MAIN] - Fetching wind data...

INFO [2024-10-07 16:21:39] [WIND] - Saving aggregated wind data to output folder...
INFO [2024-10-07 16:21:51] [WIND] - Done saving aggregated wind data to output folder!
INFO [2024-10-07 16:21:51] [MAIN] - Done adding wind data! (run time : 11.88s).

INFO [2024-10-07 16:21:51] [MAIN] - Fetching solar data...

INFO [2024-10-07 16:21:51] [MAIN] - Done adding solar data! (run time : 0.4s).

INFO [2024-10-07 16:21:51] [MAIN] - Beginning hydro implementation...
INFO [2024-10-07 16:21:59] [MAIN] - Done adding hydro!
INFO [2024-10-07 16:21:59] [MAIN] - Fetching thermal data...
INFO [2024-10-07 16:22:44] [MAIN] - Done adding thermal data! (run time : 0.76min).

INFO [2024-10-07 16:22:44] [MAIN] - Fetching battery data...

INFO [2024-10-07 16:22:45] [MAIN] - Aggregating identical batteries...
INFO [2024-10-07 16:22:45] [MAIN] - Running 5-clustering algorithm on batteries...
INFO [2024-10-07 16:22:45] [MAIN] - Done running 5-clustering algorithm on batteries!

INFO [2024-10-07 16:22:58] [MAIN] - Done adding battery data! (run time : 0.22min).

INFO [2024-10-07 16:22:58] [MAIN] - Adding lines between areas...

INFO [2024-10-07 16:22:59] [MAIN] - Done adding lines! (run time : 1.82s).

INFO [2024-10-07 16:22:59] [MAIN] - Finished setting up Antares study! (run time : 1.43min).
 

