INFO [2024-08-02 17:58:31] [MAIN] - Creating Etude_sur_R_Monde__2024_08_02_17_58_30 study...

INFO [2024-08-02 17:58:31] [MAIN] - Adding nodes...

INFO [2024-08-02 17:58:32] [NODES] - Adding EU-CHE node...
INFO [2024-08-02 17:58:32] [NODES] - Adding EU-DEU node...
INFO [2024-08-02 17:58:32] [NODES] - Adding EU-FRA node...
INFO [2024-08-02 17:58:32] [MAIN] - Done adding nodes! (run time : 1.67s).

INFO [2024-08-02 17:58:32] [MAIN] - Adding load data...

INFO [2024-08-02 17:58:33] [LOAD] - Adding EU-CHE load data...
INFO [2024-08-02 17:58:33] [LOAD] - Adding EU-DEU load data...
INFO [2024-08-02 17:58:33] [LOAD] - Adding EU-FRA load data...
INFO [2024-08-02 17:58:33] [MAIN] - Done adding load data! (run time : 1.11s).

INFO [2024-08-02 17:58:34] [MAIN] - Fetching wind data...

INFO [2024-08-02 17:58:34] [WIND] - Adding EU-CHE aggregated wind data...
INFO [2024-08-02 17:58:34] [WIND] - Adding EU-DEU aggregated wind data...
INFO [2024-08-02 17:58:34] [WIND] - Adding EU-FRA aggregated wind data...
INFO [2024-08-02 17:58:34] [MAIN] - Done adding wind data! (run time : 0.22s).

INFO [2024-08-02 17:58:34] [MAIN] - Fetching solar data...

INFO [2024-08-02 17:58:34] [SOLAR] - Adding EU-CHE aggregated solar data...
INFO [2024-08-02 17:58:34] [SOLAR] - Adding EU-DEU aggregated solar data...
INFO [2024-08-02 17:58:34] [SOLAR] - Adding EU-FRA aggregated solar data...
INFO [2024-08-02 17:58:34] [MAIN] - Done adding solar data! (run time : 0.25s).

INFO [2024-08-02 17:58:34] [MAIN] - Beginning hydro implementation...
INFO [2024-08-02 17:58:35] [HYDRO] - Initializing EU-CHE hydro parameters...
INFO [2024-08-02 17:58:36] [HYDRO] - Adding EU-CHE hydro profiles...
INFO [2024-08-02 17:58:36] [HYDRO] - Initializing EU-DEU hydro parameters...
INFO [2024-08-02 17:58:37] [HYDRO] - Adding EU-DEU hydro profiles...
INFO [2024-08-02 17:58:37] [HYDRO] - Initializing EU-FRA hydro parameters...
INFO [2024-08-02 17:58:38] [HYDRO] - Adding EU-FRA hydro profiles...
INFO [2024-08-02 17:58:38] [MAIN] - Done adding hydro!
INFO [2024-08-02 17:58:38] [MAIN] - Adding lines between areas...

INFO [2024-08-02 17:58:39] [LINES] - Adding EU-CHE to EU-DEU line...
INFO [2024-08-02 17:58:39] [LINES] - Adding EU-CHE to EU-FRA line...
INFO [2024-08-02 17:58:39] [LINES] - Adding EU-DEU to EU-FRA line...
INFO [2024-08-02 17:58:39] [MAIN] - Done adding lines! (run time : 1.14s).

INFO [2024-08-02 17:58:39] [MAIN] - Finished setting up Antares study! (run time : 0.15min).
 

INFO [2024-08-02 17:58:39] [MAIN] - Starting simulation__2024_08_02_17_58_39 simulation...
INFO [2024-08-02 17:58:49] [MAIN] - Antares simulation finished! (run time : 0.16min).
 

INFO [2024-08-02 17:58:49] [MAIN] - Opening latest simulation...
