INFO [2024-09-09 19:10:18] [MAIN] - Creating FRA_aggRES__2024_09_09_19_10_18 study...

INFO [2024-09-09 19:10:18] [MAIN] - Unit commitment mode : ACCURATE
INFO [2024-09-09 19:10:19] [MAIN] - Adding nodes...

INFO [2024-09-09 19:10:21] [NODES] - Adding eu-fra node...
INFO [2024-09-09 19:10:21] [MAIN] - Done adding nodes! (run time : 2.18s).

INFO [2024-09-09 19:10:21] [MAIN] - Adding districts...

INFO [2024-09-09 19:10:21] [DISTRICTS] - Creating global district...
INFO [2024-09-09 19:10:21] [DISTRICTS] - Done creating global district!
INFO [2024-09-09 19:10:22] [DISTRICTS] - Creating europe continental district...
INFO [2024-09-09 19:10:22] [DISTRICTS] - Done creating europe continental district!
INFO [2024-09-09 19:10:22] [MAIN] - Done adding districts! (run time : 1.14s).

INFO [2024-09-09 19:10:22] [MAIN] - Adding load data...

INFO [2024-09-09 19:10:23] [LOAD] - Adding eu-fra load data...
INFO [2024-09-09 19:10:23] [MAIN] - Done adding load data! (run time : 1.49s).

INFO [2024-09-09 19:10:23] [MAIN] - Fetching wind data...

INFO [2024-09-09 19:10:24] [WIND] - Adding eu-fra aggregated wind data...
INFO [2024-09-09 19:10:24] [MAIN] - Done adding wind data! (run time : 0.19s).

INFO [2024-09-09 19:10:24] [MAIN] - Fetching solar data...

INFO [2024-09-09 19:10:24] [SOLAR] - Adding eu-fra aggregated solar data...
INFO [2024-09-09 19:10:24] [MAIN] - Done adding solar data! (run time : 0.17s).

INFO [2024-09-09 19:10:24] [MAIN] - Beginning hydro implementation...
INFO [2024-09-09 19:10:25] [HYDRO] - Initializing eu-fra hydro parameters...
INFO [2024-09-09 19:10:26] [HYDRO] - Adding eu-fra max power timeseries...
INFO [2024-09-09 19:10:27] [HYDRO] - Adding eu-fra hydro profiles...
INFO [2024-09-09 19:10:27] [MAIN] - Done adding hydro!
INFO [2024-09-09 19:10:27] [MAIN] - Fetching thermal data...
INFO [2024-09-09 19:10:30] [MAIN] - Aggregating identical generators...
INFO [2024-09-09 19:10:30] [MAIN] - Running 20-clustering algorithm on generators...
INFO [2024-09-09 19:10:30] [MAIN] - Done running 20-clustering algorithm on generators!

INFO [2024-09-09 19:10:30] [THERMAL] - Adding fra_gas_gennevilliers19464 generator to eu-fra node...
INFO [2024-09-09 19:10:30] [THERMAL] - Adding fra_gas_pontsursambre10198 generator to eu-fra node...
INFO [2024-09-09 19:10:31] [THERMAL] - Adding fra_gas_croixdemetz9304 generator to eu-fra node...
INFO [2024-09-09 19:10:31] [THERMAL] - Adding fra_gas_combigolfe9114 generator to eu-fra node...
INFO [2024-09-09 19:10:31] [THERMAL] - Adding fra_gas_blenod58946 generator to eu-fra node...
INFO [2024-09-09 19:10:31] [THERMAL] - Adding fra_gas_emilehuchet9363 generator to eu-fra node...
INFO [2024-09-09 19:10:31] [THERMAL] - Adding fra_gas_bouchain78948 generator to eu-fra node...
INFO [2024-09-09 19:10:31] [THERMAL] - Adding fra_gas_martiguesponte9866 generator to eu-fra node...
INFO [2024-09-09 19:10:31] [THERMAL] - Adding fra_gas_capacityscaler generator to eu-fra node...
INFO [2024-09-09 19:10:31] [THERMAL] - Adding fra_gas_dk69328 generator to eu-fra node...
INFO [2024-09-09 19:10:31] [THERMAL] - Adding fra_coa_lucy39603 generator to eu-fra node...
INFO [2024-09-09 19:10:31] [THERMAL] - Adding fra_coa_capacityscaler generator to eu-fra node...
INFO [2024-09-09 19:10:32] [THERMAL] - Adding fra_coa_emilehuchet9364 generator to eu-fra node...
INFO [2024-09-09 19:10:32] [THERMAL] - Adding fra_coa_cordemais49116_havre49538 generator to eu-fra node...
INFO [2024-09-09 19:10:32] [THERMAL] - Adding fra_coa_provence510115 generator to eu-fra node...
INFO [2024-09-09 19:10:32] [THERMAL] - Adding fra_bio_aixenprovence8840_arpajonsurc8897_bayonne8976_cenon9 generator to eu-fra node...
INFO [2024-09-09 19:10:32] [THERMAL] - Adding fra_bio_vertlegrand10758 generator to eu-fra node...
INFO [2024-09-09 19:10:32] [THERMAL] - Adding fra_bio_amiens8869_blaringhem9020_concarneau9263_crpyenvaloi generator to eu-fra node...
INFO [2024-09-09 19:10:32] [THERMAL] - Adding fra_bio_pithiviers10150_saintmartinde10457_vedne10745 generator to eu-fra node...
INFO [2024-09-09 19:10:32] [THERMAL] - Adding fra_bio_montech9977_noyellessousl10067_villefranchesu10775 generator to eu-fra node...
INFO [2024-09-09 19:10:33] [THERMAL] - Adding fra_bio_dunkerque9360_fortdefrance9428 generator to eu-fra node...
INFO [2024-09-09 19:10:33] [THERMAL] - Adding fra_bio_nice10055_saintouen10475_lemans9746_vauxlepnil10743_ generator to eu-fra node...
INFO [2024-09-09 19:10:33] [THERMAL] - Adding fra_bio_morcenx9998_orlans10100_pierrelatte10146_saintthibau generator to eu-fra node...
INFO [2024-09-09 19:10:33] [THERMAL] - Adding fra_bio_clermontferran9251_strasbourg10631 generator to eu-fra node...
INFO [2024-09-09 19:10:33] [THERMAL] - Adding fra_bio_antibes8878_mdamill9926_nmes10077 generator to eu-fra node...
INFO [2024-09-09 19:10:33] [THERMAL] - Adding fra_bio_allemant8850_amanvillers8862_auch8917_bimont9017_bor generator to eu-fra node...
INFO [2024-09-09 19:10:33] [THERMAL] - Adding fra_bio_couron9296_douchylesmine9352_latronche9660_lescar979 generator to eu-fra node...
INFO [2024-09-09 19:10:34] [THERMAL] - Adding fra_bio_arques8899_bourogne9059_chang9200_dijon9341_guichain generator to eu-fra node...
INFO [2024-09-09 19:10:34] [THERMAL] - Adding fra_bio_leplessisgass9757_saintjeandef10422 generator to eu-fra node...
INFO [2024-09-09 19:10:34] [THERMAL] - Adding fra_bio_fossurmer9434_issylesmoulin9578 generator to eu-fra node...
INFO [2024-09-09 19:10:35] [THERMAL] - Adding fra_bio_argenteuil8892_chambry9191 generator to eu-fra node...
INFO [2024-09-09 19:10:35] [THERMAL] - Adding fra_bio_bourgoinjallie9058_salaisesursan10550 generator to eu-fra node...
INFO [2024-09-09 19:10:35] [THERMAL] - Adding fra_bio_bailleulsurth8957_barsuraube8965_benet8996_bnac9102_ generator to eu-fra node...
INFO [2024-09-09 19:10:35] [THERMAL] - Adding fra_bio_capacityscaler generator to eu-fra node...
INFO [2024-09-09 19:10:35] [THERMAL] - Adding fra_bio_calce9127 generator to eu-fra node...
INFO [2024-09-09 19:10:35] [THERMAL] - Adding fra_nuc_stlaurent10330 generator to eu-fra node...
INFO [2024-09-09 19:10:36] [THERMAL] - Adding fra_nuc_chinon9109 generator to eu-fra node...
INFO [2024-09-09 19:10:36] [THERMAL] - Adding fra_nuc_blayais8945 generator to eu-fra node...
INFO [2024-09-09 19:10:36] [THERMAL] - Adding fra_nuc_cruas9118_tricastin110646 generator to eu-fra node...
INFO [2024-09-09 19:10:36] [THERMAL] - Adding fra_nuc_belleville8944_golfech9466_nogent10036 generator to eu-fra node...
INFO [2024-09-09 19:10:36] [THERMAL] - Adding fra_nuc_flamanville9394_penly10110 generator to eu-fra node...
INFO [2024-09-09 19:10:37] [THERMAL] - Adding fra_nuc_stalban10328 generator to eu-fra node...
INFO [2024-09-09 19:10:37] [THERMAL] - Adding fra_nuc_gravelines9468 generator to eu-fra node...
INFO [2024-09-09 19:10:37] [THERMAL] - Adding fra_nuc_cattenom9106 generator to eu-fra node...
INFO [2024-09-09 19:10:37] [THERMAL] - Adding fra_nuc_fessenheim9393 generator to eu-fra node...
INFO [2024-09-09 19:10:37] [THERMAL] - Adding fra_nuc_paluel10108 generator to eu-fra node...
INFO [2024-09-09 19:10:37] [THERMAL] - Adding fra_nuc_dampierre9326 generator to eu-fra node...
INFO [2024-09-09 19:10:37] [THERMAL] - Adding fra_nuc_bugey8952 generator to eu-fra node...
INFO [2024-09-09 19:10:38] [THERMAL] - Adding fra_nuc_civaux9111 generator to eu-fra node...
INFO [2024-09-09 19:10:38] [THERMAL] - Adding fra_nuc_chooz9110 generator to eu-fra node...
INFO [2024-09-09 19:10:38] [THERMAL] - Adding fra_oil_brennilis8950 generator to eu-fra node...
INFO [2024-09-09 19:10:38] [THERMAL] - Adding fra_oil_dirinon9327 generator to eu-fra node...
INFO [2024-09-09 19:10:38] [THERMAL] - Adding fra_oil_arrighi8823 generator to eu-fra node...
INFO [2024-09-09 19:10:38] [THERMAL] - Adding fra_oil_cordemais9115 generator to eu-fra node...
INFO [2024-09-09 19:10:39] [THERMAL] - Adding fra_oil_capacityscaler generator to eu-fra node...
INFO [2024-09-09 19:10:39] [THERMAL] - Adding fra_oil_porcheville10112 generator to eu-fra node...
INFO [2024-09-09 19:10:39] [THERMAL] - Adding fra_geo_bouillante9046 generator to eu-fra node...
INFO [2024-09-09 19:10:39] [THERMAL] - Adding fra_wav_rance10241 generator to eu-fra node...
INFO [2024-09-09 19:10:39] [THERMAL] - Adding fra_wav_capacityscaler generator to eu-fra node...
INFO [2024-09-09 19:10:43] [MAIN] - Done adding thermal data! (run time : 0.27min).

INFO [2024-09-09 19:10:43] [MAIN] - Adding lines between areas...

INFO [2024-09-09 19:10:44] [WARN] - Generation of all lines failed (perhaps there are no connections?), skipping...
INFO [2024-09-09 19:10:44] [MAIN] - Done adding lines! (run time : 0.41s).

INFO [2024-09-09 19:10:44] [MAIN] - Finished setting up Antares study! (run time : 0.43min).
 

INFO [2024-09-09 19:10:44] [MAIN] - Starting renewableTest simulation...
