INFO [2024-09-09 19:10:18] [MAIN] - Creating FRA_aggRES__2024_09_09_19_10_18 study...

INFO [2024-09-09 19:10:18] [MAIN] - Unit commitment mode : ACCURATE
INFO [2024-09-09 19:10:19] [MAIN] - Adding nodes...

INFO [2024-09-09 19:10:21] [MAIN] - Done adding nodes! (run time : 2.18s).

INFO [2024-09-09 19:10:21] [MAIN] - Adding districts...

INFO [2024-09-09 19:10:22] [MAIN] - Done adding districts! (run time : 1.14s).

INFO [2024-09-09 19:10:22] [MAIN] - Adding load data...

INFO [2024-09-09 19:10:23] [MAIN] - Done adding load data! (run time : 1.49s).

INFO [2024-09-09 19:10:23] [MAIN] - Fetching wind data...

INFO [2024-09-09 19:10:24] [MAIN] - Done adding wind data! (run time : 0.19s).

INFO [2024-09-09 19:10:24] [MAIN] - Fetching solar data...

INFO [2024-09-09 19:10:24] [MAIN] - Done adding solar data! (run time : 0.17s).

INFO [2024-09-09 19:10:24] [MAIN] - Beginning hydro implementation...
INFO [2024-09-09 19:10:27] [MAIN] - Done adding hydro!
INFO [2024-09-09 19:10:27] [MAIN] - Fetching thermal data...
INFO [2024-09-09 19:10:30] [MAIN] - Aggregating identical generators...
INFO [2024-09-09 19:10:30] [MAIN] - Running 20-clustering algorithm on generators...
INFO [2024-09-09 19:10:30] [MAIN] - Done running 20-clustering algorithm on generators!

INFO [2024-09-09 19:10:43] [MAIN] - Done adding thermal data! (run time : 0.27min).

INFO [2024-09-09 19:10:43] [MAIN] - Adding lines between areas...

INFO [2024-09-09 19:10:44] [MAIN] - Done adding lines! (run time : 0.41s).

INFO [2024-09-09 19:10:44] [MAIN] - Finished setting up Antares study! (run time : 0.43min).
 

INFO [2024-09-09 19:10:44] [MAIN] - Starting renewableTest simulation...
