INFO [2024-10-13 14:42:42] [MAIN] - Initializing output folder...
INFO [2024-10-13 14:42:45] [MAIN] - Reading simulations of pre-existing v2_20clu__2024_09_04_22_33_36 study...
INFO [2024-10-13 14:42:46] [MAIN] - Opening 20240905-0707eco-world_vOutages_accurateUCM simulation...
INFO [2024-10-13 14:42:46] [MAIN] - Preparing to compare generation values with Deane...
INFO [2024-10-13 14:42:46] [DEANE] - Saving generation comparisons for africa continent...
INFO [2024-10-13 14:42:47] [DEANE] - Done saving generation comparisons for africa continent!
INFO [2024-10-13 14:42:47] [DEANE] - Saving generation comparisons for asia continent...
INFO [2024-10-13 14:42:47] [DEANE] - Done saving generation comparisons for asia continent!
INFO [2024-10-13 14:42:47] [DEANE] - Saving generation comparisons for europe continent...
INFO [2024-10-13 14:42:48] [DEANE] - Done saving generation comparisons for europe continent!
INFO [2024-10-13 14:42:48] [DEANE] - Saving generation comparisons for north america continent...
INFO [2024-10-13 14:42:48] [DEANE] - Done saving generation comparisons for north america continent!
INFO [2024-10-13 14:42:48] [DEANE] - Saving generation comparisons for oceania continent...
INFO [2024-10-13 14:42:49] [DEANE] - Done saving generation comparisons for oceania continent!
INFO [2024-10-13 14:42:49] [DEANE] - Saving generation comparisons for south america continent...
INFO [2024-10-13 14:42:49] [DEANE] - Done saving generation comparisons for south america continent!
INFO [2024-10-13 14:42:49] [DEANE] - Saving generation comparisons for the world...
INFO [2024-10-13 14:42:50] [DEANE] - Done saving generation comparisons for the world!
INFO [2024-10-13 14:42:50] [MAIN] - Done comparing generation values with Deane! (run time : 3.65 s).

INFO [2024-10-13 14:42:50] [MAIN] - Preparing to compare emissions values with Deane...
INFO [2024-10-13 14:42:50] [DEANE] - Computing continental CO2 emissions in Antares study...
INFO [2024-10-13 14:43:35] [DEANE] - Done computing continental CO2 emissions!
INFO [2024-10-13 14:43:35] [DEANE] - Saving emissions comparisons for africa continent...
INFO [2024-10-13 14:43:35] [DEANE] - Done saving emissions comparisons for africa continent!
INFO [2024-10-13 14:43:35] [DEANE] - Saving emissions comparisons for asia continent...
INFO [2024-10-13 14:43:35] [DEANE] - Done saving emissions comparisons for asia continent!
INFO [2024-10-13 14:43:35] [DEANE] - Saving emissions comparisons for europe continent...
INFO [2024-10-13 14:43:35] [DEANE] - Done saving emissions comparisons for europe continent!
INFO [2024-10-13 14:43:35] [DEANE] - Saving emissions comparisons for north america continent...
INFO [2024-10-13 14:43:36] [DEANE] - Done saving emissions comparisons for north america continent!
INFO [2024-10-13 14:43:36] [DEANE] - Saving emissions comparisons for oceania continent...
INFO [2024-10-13 14:43:36] [DEANE] - Done saving emissions comparisons for oceania continent!
INFO [2024-10-13 14:43:36] [DEANE] - Saving emissions comparisons for south america continent...
INFO [2024-10-13 14:43:36] [DEANE] - Done saving emissions comparisons for south america continent!
INFO [2024-10-13 14:43:36] [DEANE] - Computing world CO2 emissions in Antares study...
INFO [2024-10-13 14:44:16] [DEANE] - Done computing world CO2 emissions!
INFO [2024-10-13 14:44:16] [DEANE] - Saving emissions comparisons for the world...
INFO [2024-10-13 14:44:16] [DEANE] - Done saving emissions comparisons for the world!
INFO [2024-10-13 14:44:16] [MAIN] - Done comparing emissions values with Deane! (run time : 86.64 s).

INFO [2024-10-13 14:44:16] [MAIN] - Preparing to save import/export ranking of countries...
INFO [2024-10-13 14:44:19] [MAIN] - Import/export ranking of countries has been saved ! (run time : 2.54 s).

