INFO [2024-10-25 01:22:14] [MAIN] - Initializing output folder...
INFO [2024-10-25 01:22:16] [MAIN] - Creating WorldT20B5_allLinks v3-4 study...

INFO [2024-10-25 01:22:16] [MAIN] - Unit commitment mode : ACCURATE
INFO [2024-10-25 01:22:17] [MAIN] - Adding nodes...

INFO [2024-10-25 01:22:17] [NODES] - Adding af-dza node...
INFO [2024-10-25 01:22:18] [NODES] - Adding af-mar node...
INFO [2024-10-25 01:22:18] [NODES] - Adding af-tun node...
INFO [2024-10-25 01:22:18] [NODES] - Adding eu-deu node...
INFO [2024-10-25 01:22:18] [NODES] - Adding eu-esp node...
INFO [2024-10-25 01:22:18] [NODES] - Adding eu-fra node...
INFO [2024-10-25 01:22:19] [NODES] - Adding eu-gbr node...
INFO [2024-10-25 01:22:19] [NODES] - Adding eu-ita node...
INFO [2024-10-25 01:22:19] [MAIN] - Done adding nodes! (run time : 2.44s).

INFO [2024-10-25 01:22:19] [MAIN] - Adding districts...

INFO [2024-10-25 01:22:19] [DISTRICTS] - Creating global district...
INFO [2024-10-25 01:22:19] [DISTRICTS] - Done creating global district!
INFO [2024-10-25 01:22:19] [DISTRICTS] - Creating africa continental district...
INFO [2024-10-25 01:22:19] [DISTRICTS] - Done creating africa continental district!
INFO [2024-10-25 01:22:20] [DISTRICTS] - Creating europe continental district...
INFO [2024-10-25 01:22:20] [DISTRICTS] - Done creating europe continental district!
INFO [2024-10-25 01:22:20] [MAIN] - Done adding districts! (run time : 0.76s).

INFO [2024-10-25 01:22:20] [MAIN] - Adding load data...

INFO [2024-10-25 01:22:21] [LOAD] - Adding eu-fra load data...
INFO [2024-10-25 01:22:21] [LOAD] - Adding eu-gbr load data...
INFO [2024-10-25 01:22:21] [LOAD] - Adding eu-deu load data...
INFO [2024-10-25 01:22:21] [LOAD] - Adding eu-ita load data...
INFO [2024-10-25 01:22:21] [LOAD] - Adding eu-esp load data...
INFO [2024-10-25 01:22:21] [LOAD] - Adding af-mar load data...
INFO [2024-10-25 01:22:21] [LOAD] - Adding af-dza load data...
INFO [2024-10-25 01:22:21] [LOAD] - Adding af-tun load data...
INFO [2024-10-25 01:22:21] [MAIN] - Done adding load data! (run time : 1.5s).

INFO [2024-10-25 01:22:21] [MAIN] - Fetching wind data...

INFO [2024-10-25 01:22:21] [WIND] - Adding eu-fra aggregated wind data...
INFO [2024-10-25 01:22:21] [WIND] - Adding eu-gbr aggregated wind data...
INFO [2024-10-25 01:22:22] [WIND] - Adding eu-deu aggregated wind data...
INFO [2024-10-25 01:22:22] [WIND] - Adding eu-ita aggregated wind data...
INFO [2024-10-25 01:22:22] [WIND] - Adding eu-esp aggregated wind data...
INFO [2024-10-25 01:22:22] [WIND] - Adding af-mar aggregated wind data...
INFO [2024-10-25 01:22:22] [WARN] - Skipped adding wind data for af-dza (no generators found in PLEXOS).
INFO [2024-10-25 01:22:22] [WIND] - Adding af-tun aggregated wind data...
INFO [2024-10-25 01:22:22] [MAIN] - Done adding wind data! (run time : 0.46s).

INFO [2024-10-25 01:22:22] [MAIN] - Fetching solar data...

INFO [2024-10-25 01:22:22] [SOLAR] - Adding eu-fra aggregated solar data...
INFO [2024-10-25 01:22:22] [SOLAR] - Adding eu-gbr aggregated solar data...
INFO [2024-10-25 01:22:22] [SOLAR] - Adding eu-deu aggregated solar data...
INFO [2024-10-25 01:22:22] [SOLAR] - Adding eu-ita aggregated solar data...
INFO [2024-10-25 01:22:22] [SOLAR] - Adding eu-esp aggregated solar data...
INFO [2024-10-25 01:22:22] [WARN] - Skipped adding solar data for af-mar (no generators found in PLEXOS).
INFO [2024-10-25 01:22:22] [SOLAR] - Adding af-dza aggregated solar data...
INFO [2024-10-25 01:22:22] [SOLAR] - Adding af-tun aggregated solar data...
INFO [2024-10-25 01:22:22] [MAIN] - Done adding solar data! (run time : 0.47s).

INFO [2024-10-25 01:22:22] [MAIN] - Beginning hydro implementation...
INFO [2024-10-25 01:22:23] [HYDRO] - Initializing af-dza hydro parameters...
INFO [2024-10-25 01:22:24] [HYDRO] - Adding af-dza max power timeseries...
INFO [2024-10-25 01:22:24] [HYDRO] - Adding af-dza hydro profiles...
INFO [2024-10-25 01:22:25] [HYDRO] - Initializing af-mar hydro parameters...
INFO [2024-10-25 01:22:26] [HYDRO] - Adding af-mar max power timeseries...
INFO [2024-10-25 01:22:26] [HYDRO] - Adding af-mar hydro profiles...
INFO [2024-10-25 01:22:27] [HYDRO] - Initializing af-tun hydro parameters...
INFO [2024-10-25 01:22:28] [HYDRO] - Adding af-tun max power timeseries...
INFO [2024-10-25 01:22:28] [HYDRO] - Adding af-tun hydro profiles...
INFO [2024-10-25 01:22:30] [HYDRO] - Initializing eu-deu hydro parameters...
INFO [2024-10-25 01:22:30] [HYDRO] - Adding eu-deu max power timeseries...
INFO [2024-10-25 01:22:30] [HYDRO] - Adding eu-deu hydro profiles...
INFO [2024-10-25 01:22:31] [HYDRO] - Initializing eu-esp hydro parameters...
INFO [2024-10-25 01:22:32] [HYDRO] - Adding eu-esp max power timeseries...
INFO [2024-10-25 01:22:32] [HYDRO] - Adding eu-esp hydro profiles...
INFO [2024-10-25 01:22:33] [HYDRO] - Initializing eu-fra hydro parameters...
INFO [2024-10-25 01:22:34] [HYDRO] - Adding eu-fra max power timeseries...
INFO [2024-10-25 01:22:34] [HYDRO] - Adding eu-fra hydro profiles...
INFO [2024-10-25 01:22:35] [HYDRO] - Initializing eu-gbr hydro parameters...
INFO [2024-10-25 01:22:36] [HYDRO] - Adding eu-gbr max power timeseries...
INFO [2024-10-25 01:22:36] [HYDRO] - Adding eu-gbr hydro profiles...
INFO [2024-10-25 01:22:37] [HYDRO] - Initializing eu-ita hydro parameters...
INFO [2024-10-25 01:22:38] [HYDRO] - Adding eu-ita max power timeseries...
INFO [2024-10-25 01:22:38] [HYDRO] - Adding eu-ita hydro profiles...
INFO [2024-10-25 01:22:38] [MAIN] - Done adding hydro!
INFO [2024-10-25 01:22:38] [MAIN] - Fetching thermal data...
INFO [2024-10-25 01:22:40] [THERMAL] - Aggregating identical generators...
INFO [2024-10-25 01:22:40] [CLUSTERING] - Aggregated functionally identical generators (same nominal capacity) together!
INFO [2024-10-25 01:22:40] [THERMAL] - Running 20-clustering algorithm on generators...
INFO [2024-10-25 01:22:40] [CLUSTERING] - Clustered the similar generators deu_gas_hkwfreiberg11206_hkwschwarza11229_ihkwheidenheim1131_naturalgastur11500_hkwerlangenn11204_naturalgastur11505_upmaugsburg1175_hkw1werkoffs11192_hkwhumboldtstr11210_kwkaosgmbh11353 into one generator : deu_gas_hkwfreiberg11206_hkwschwarza11229_ihkwheidenheim1131
INFO [2024-10-25 01:22:40] [CLUSTERING] - Clustered the similar generators deu_gas_energiezentrum11092_heizkraftwerkb11264_heizkraftwer_heizkraftwerk111258_hkw111191_hkwschwerinla11230_nat_hbb11188_ineoskraftwerk11321_hkw211193_hkwnord11240_dortmund11046_kwkanlagekref11357 into one generator : deu_gas_energiezentrum11092_heizkraftwerkb11264_heizkraftwer
INFO [2024-10-25 01:22:40] [CLUSTERING] - Clustered the similar generators deu_gas_heizkraftwerka11263_hkw3upmschong11242_bpwerklingen10921_industriekraftw11331 into one generator : deu_gas_heizkraftwerka11263_hkw3upmschong11242_bpwerklingen1
INFO [2024-10-25 01:22:40] [CLUSTERING] - Clustered the similar generators deu_gas_lichterfelde11438_kraftwerkmainz11403_naturalgastur11503_mitte11480_sdgt6111725_gkl11124_heizkraftwerkh11269 into one generator : deu_gas_lichterfelde11438_kraftwerkmainz11403_naturalgastur1
INFO [2024-10-25 01:22:40] [CLUSTERING] - Clustered the similar generators deu_gas_hkwchemnitzn11199_hkweltmann11201_hkwwrth11238_gudanlagewvk11169_pkvkraftwerk11563 into one generator : deu_gas_hkwchemnitzn11199_hkweltmann11201_hkwwrth11238_gudan
INFO [2024-10-25 01:22:40] [CLUSTERING] - Clustered the similar generators deu_gas_heizkraftwerke11265_hkwmerheim11217_hkwmerkenich1121_bhkwh_12010908_gudkraftwerk11181_heizkraftwerk411261_heizkraftwerkz11282_kwkanlagebar_fskarton11105_hkwgttingen11207_naturalgastur11504_si_naturalgastur11501_werkskraftwerk11804_bochum10983 into one generator : deu_gas_heizkraftwerke11265_hkwmerheim11217_hkwmerkenich1121
INFO [2024-10-25 01:22:40] [CLUSTERING] - Clustered the similar generators deu_gas_gemeinschaftskr11138_rheinhafendamp11618_emsland11088_capacityscaler_duisburghambor11049_kraftwerksd11411 into one generator : deu_gas_gemeinschaftskr11138_rheinhafendamp11618_emsland1108
INFO [2024-10-25 01:22:40] [CLUSTERING] - Clustered the similar generators deu_gas_hkwhiltrop11209_hkwschwerins11231_naturalgaskraf11509_gudanlage11177_kombikraftwerk11389 into one generator : deu_gas_hkwhiltrop11209_hkwschwerins11231_naturalgaskraf1150
INFO [2024-10-25 01:22:40] [CLUSTERING] - Clustered the similar generators deu_gas_raganthraziti11596_evcglobalfou11064_kraftwerk211393_unterbreizbach1176_hkwsdstadt11232_hkwbrandenburg11198_hkwpfaffenwald11224_naturalgastu_heizkraftwerkw11280 into one generator : deu_gas_raganthraziti11596_evcglobalfou11064_kraftwerk211393
INFO [2024-10-25 01:22:40] [CLUSTERING] - Clustered the similar generators deu_gas_kirchmser11375_heizkraftwerkl11273_dowstade11047_dampfkraftwerk11027_hkwjena11213 into one generator : deu_gas_kirchmser11375_heizkraftwerkl11273_dowstade11047_dam
INFO [2024-10-25 01:22:40] [CLUSTERING] - Clustered the similar generators deu_gas_gudschwarzheid11175_heizkraftwerke11283_hkwniederrad11220_gudtiefstack11176_sddt6011724_gudikwstafu11180_ilkgud11320_hkwmitte11239_kraftwerkiii11401_heizkraftwerkg11267_ahrensfelde10881_hkwsandreuth11228_heizkraftwerk211259 into one generator : deu_gas_gudschwarzheid11175_heizkraftwerke11283_hkwniederrad
INFO [2024-10-25 01:22:40] [CLUSTERING] - Clustered the similar generators deu_gas_gudhkwneubran11179_gudbaunatalv11170_sddt111723_hkwbarmen11196_hkwpotsdams11225_holthausen11299 into one generator : deu_gas_gudhkwneubran11179_gudbaunatalv11170_sddt111723_hkwb
INFO [2024-10-25 01:22:40] [CLUSTERING] - Clustered the similar generators deu_gas_bhkwanklinker10911_bhkwhauffstra10912_heizkraftwerk5_biomassgenerat10958_energiezentrale11090_energiezent_cogeneration11014_hkwkarcherstr_11215_industriekraft_bhkw10907_bhkwludwigshaf10909_bhkwoberevieh10910_ghd_eggerkraftwerk11073_hkwbohrhgel11197_kwkanlagekref11_hkwhelmshge11190_kesselhauszuck11373 into one generator : deu_gas_bhkwanklinker10911_bhkwhauffstra10912_heizkraftwerk5
INFO [2024-10-25 01:22:40] [CLUSTERING] - Clustered the similar generators deu_gas_kraftwerkmitte11405_hkwhalletroth11208_hkwdresdennos11200_franken111114_hkwiiib11212_trianelnatural11743 into one generator : deu_gas_kraftwerkmitte11405_hkwhalletroth11208_hkwdresdennos
INFO [2024-10-25 01:22:40] [CLUSTERING] - Clustered the similar generators deu_gas_industrieparkw11335_emdennaturalg11086_kombihkw11388_gudleuna11173_hattorf11252_naturalgastur11506_zielit_heizkraftwerkp11276 into one generator : deu_gas_industrieparkw11335_emdennaturalg11086_kombihkw11388
INFO [2024-10-25 01:22:40] [CLUSTERING] - Clustered the similar generators deu_gas_dormagen11044_naturalgasbloc11508_thyrow11738_huckingen11302_knapsacknatura11383_duisburgruhror11050_charlottenburg11010_huntorf11306_gersteinwerk11141 into one generator : deu_gas_dormagen11044_naturalgasbloc11508_thyrow11738_huckin
INFO [2024-10-25 01:22:40] [CLUSTERING] - Clustered the similar generators deu_gas_gudkraftwerkh11172_industriekraftw11333_naturalgasu_11507_kraftwerkgrenz11398_spitzenlastkraf11705_hkwfennegrub11205 into one generator : deu_gas_gudkraftwerkh11172_industriekraftw11333_naturalgasu_
INFO [2024-10-25 01:22:40] [CLUSTERING] - Clustered the similar generators deu_gas_gtkwdarmstadt11128_heizkraftwerkk11271_heizkraftwerk_adsanlage10872_kraftwerkplatt11408_hkwwest11235_gud11168_heizkraftwerkh11268_obernburg11543_kwh11352_gudbitterfeld11171_gudmarienehe11174_hkwmerkenich11219_hkwerfurtost11202_wintershall11830_gudanlagers11178 into one generator : deu_gas_gtkwdarmstadt11128_heizkraftwerkk11271_heizkraftwerk
INFO [2024-10-25 01:22:40] [CLUSTERING] - Clustered the similar generators deu_coa_kwvoerde11348_janschwaldepow11338_gkmmannheim11125_frimmersdorfpo11118_berlinreuterw10940_staudingerpowe11709 into one generator : deu_coa_kwvoerde11348_janschwaldepow11338_gkmmannheim11125_f
INFO [2024-10-25 01:22:40] [CLUSTERING] - Clustered the similar generators deu_coa_heizkraftwerk311260_kwwest11350_hafenpowersta11244_weiher11796 into one generator : deu_coa_heizkraftwerk311260_kwwest11350_hafenpowersta11244_w
INFO [2024-10-25 01:22:40] [CLUSTERING] - Clustered the similar generators deu_coa_heizkraftwerkf11266_dessaupowerst11037_grubenheizkraft11165_huerthville11303_hkwoffenbachp11295_chemnitznordp11012_hkwnord11222 into one generator : deu_coa_heizkraftwerkf11266_dessaupowerst11037_grubenheizkra
INFO [2024-10-25 01:22:40] [CLUSTERING] - Clustered the similar generators deu_coa_kessel411372_kraftwerk11391_hkwkarcherstr_11214_kohlekraftwerk11387_fortunanord11113_plwerkeuskir11557_hkwerlangenc11203_coalplant111015_coalplant211016_ez111066_renodemedici11608_plwerkknne11559_heizkraftwerkm11274 into one generator : deu_coa_kessel411372_kraftwerk11391_hkwkarcherstr_11214_kohl
INFO [2024-10-25 01:22:40] [CLUSTERING] - Clustered the similar generators deu_coa_kwm11360_scholvenpower11669_lnenpowerst11449_bergkamenpower10936_kraftwerkbexba11395 into one generator : deu_coa_kwm11360_scholvenpower11669_lnenpowerst11449_bergkam
INFO [2024-10-25 01:22:40] [CLUSTERING] - Clustered the similar generators deu_coa_bremenfargepo10995_buschhauspower11002_modellkraftwerk11483 into one generator : deu_coa_bremenfargepo10995_buschhauspower11002_modellkraftwe
INFO [2024-10-25 01:22:40] [CLUSTERING] - Clustered the similar generators deu_coa_braunkohlekraft10993_heydenpowerst11292_lippendorfpo_neurathpowers11521_kraftwerkii11400 into one generator : deu_coa_braunkohlekraft10993_heydenpowerst11292_lippendorfpo
INFO [2024-10-25 01:22:40] [CLUSTERING] - Clustered the similar generators deu_coa_heizkraftwerks11279_heizkraftwerkd11281_plwerkjlic11558_kraftwerkl5711402_pforzheimpower11577_hkwsachtleben11226_waehlitzpower11778_fkk11104 into one generator : deu_coa_heizkraftwerks11279_heizkraftwerkd11281_plwerkjlic11
INFO [2024-10-25 01:22:40] [CLUSTERING] - Clustered the similar generators deu_coa_ibbenbrenbp11323_hamburgmoorbur11247_walheimpowers11787_gkhhannoverpo11123 into one generator : deu_coa_ibbenbrenbp11323_hamburgmoorbur11247_walheimpowers11
INFO [2024-10-25 01:22:40] [CLUSTERING] - Clustered the similar generators deu_coa_tiefstackpower11739_flensburgpower11111_kraftwerkensdo11396_hkwnordwest11223 into one generator : deu_coa_tiefstackpower11739_flensburgpower11111_kraftwerkens
INFO [2024-10-25 01:22:40] [CLUSTERING] - Clustered the similar generators deu_coa_buerpowerstat11001_cottbuschppow11019_colognemerkeni11018_industriekraft11330 into one generator : deu_coa_buerpowerstat11001_cottbuschppow11019_colognemerkeni
INFO [2024-10-25 01:22:40] [CLUSTERING] - Clustered the similar generators deu_coa_wuppertalelber11838_deubenpowerst11040_berlinmoabitp10938_hkwi11211_gkraftwerk11121 into one generator : deu_coa_wuppertalelber11838_deubenpowerst11040_berlinmoabitp
INFO [2024-10-25 01:22:40] [CLUSTERING] - Clustered the similar generators deu_coa_kraftwerkn23011406_wachtbergpower11777_hastedtpowers11251_hkwwest11234_berlinreuterp10939 into one generator : deu_coa_kraftwerkn23011406_wachtbergpower11777_hastedtpowers
INFO [2024-10-25 01:22:40] [CLUSTERING] - Clustered the similar generators deu_coa_wilhelmshavenp11817_altbachpowers10887_rostockpowers11638 into one generator : deu_coa_wilhelmshavenp11817_altbachpowers10887_rostockpowers
INFO [2024-10-25 01:22:40] [CLUSTERING] - Clustered the similar generators deu_coa_rheinhafendamp11617_heilbronnpower11255_wedelpowersta11793_westfalen11811 into one generator : deu_coa_rheinhafendamp11617_heilbronnpower11255_wedelpowerst
INFO [2024-10-25 01:22:40] [CLUSTERING] - Clustered the similar generators deu_coa_kraftwerkwerdo11414_stuttgartmuens11720_kielpowerstat11374_klingenberg11380_nord211529 into one generator : deu_coa_kraftwerkwerdo11414_stuttgartmuens11720_kielpowersta
INFO [2024-10-25 01:22:40] [CLUSTERING] - Clustered the similar generators deu_bio_biomassgenerat10965_biomassgenerat10967_bkf10913_hei_biohkwi10947_biomassgenerat10948_biomassgenerat10959_biohkwherbrec10945_biomassgenerat10968_bmhkwrereckli into one generator : deu_bio_biomassgenerat10965_biomassgenerat10967_bkf10913_hei
INFO [2024-10-25 01:22:40] [CLUSTERING] - Clustered the similar generators deu_bio_biomassgenerat10953_fhkwludwigshaf11103_kraftwerkschwe11410_ikwrdersdorf11318_mllheizkraftw11493_rzrhertenii1159 into one generator : deu_bio_biomassgenerat10953_fhkwludwigshaf11103_kraftwerksch
INFO [2024-10-25 01:22:40] [CLUSTERING] - Clustered the similar generators deu_was_mhkwwkw11452_biomasseheizkr10970_biomassgenerat10954_biomassgener_biomassgenerat10962_biomasseheizkra10973_eewgppingen into one generator : deu_was_mhkwwkw11452_biomasseheizkr10970_biomassgenerat10954
INFO [2024-10-25 01:22:40] [CLUSTERING] - Clustered the similar generators deu_was_eewenergyfrom11059_eewgrorsch11060_turbosatz111747_gks11126_mvaweisweiler11463_mvrmllverwer11464_remond into one generator : deu_was_eewenergyfrom11059_eewgrorsch11060_turbosatz111747_g
INFO [2024-10-25 01:22:40] [CLUSTERING] - Clustered the similar generators deu_bio_zellstoffstend11847_zollingpowers11851_capacityscaler into one generator : deu_bio_zellstoffstend11847_zollingpowers11851_capacityscale
INFO [2024-10-25 01:22:40] [CLUSTERING] - Clustered the similar generators deu_bio_wibiebrich11814_enertechameln11093_ebkwknapsack11055_kwhafen11344_mkvakrefeld11458_trea_mvabielefeld11460 into one generator : deu_bio_wibiebrich11814_enertechameln11093_ebkwknapsack11055
INFO [2024-10-25 01:22:40] [CLUSTERING] - Clustered the similar generators deu_bio_bmhkwbinderhol10914_eve11065_mhkwpirmasens11456_mllh_biomassgenerat10957_kwkneumarkt11355_utb11756_avavel into one generator : deu_bio_bmhkwbinderhol10914_eve11065_mhkwpirmasens11456_mllh
INFO [2024-10-25 01:22:40] [CLUSTERING] - Clustered the similar generators deu_bio_biomasseverstr10971_biomassgenerat10956_biomassgener_werkskraftwerk11805_abfallentsorgun10878 into one generator : deu_bio_biomasseverstr10971_biomassgenerat10956_biomassgener
INFO [2024-10-25 01:22:40] [CLUSTERING] - Clustered the similar generators deu_was_mhkwrothensee11457_scamannheim11648_gmvaniederrhei11127 into one generator : deu_was_mhkwrothensee11457_scamannheim11648_gmvaniederrhei11
INFO [2024-10-25 01:22:40] [CLUSTERING] - Clustered the similar generators deu_bio_bioenergiepark10946_biomasseheizkra10972_biomassekra_biomassgenerat10969_energieanlage311089_hamburgerrie into one generator : deu_bio_bioenergiepark10946_biomasseheizkra10972_biomassekra
INFO [2024-10-25 01:22:40] [CLUSTERING] - Clustered the similar generators esp_gas_ctcccastellon16936_ctccaspontes16934_ctccsotoderi16941_puertodebarce17381 into one generator : esp_gas_ctcccastellon16936_ctccaspontes16934_ctccsotoderi169
INFO [2024-10-25 01:22:40] [CLUSTERING] - Clustered the similar generators esp_gas_amorebieta16851_ciclocombinado16912_arcosdelafro16858_sanroquegrupo17399_santurcegrupo17 into one generator : esp_gas_amorebieta16851_ciclocombinado16912_arcosdelafro1685
INFO [2024-10-25 01:22:40] [CLUSTERING] - Clustered the similar generators esp_gas_ctccescombrera16938_ctccplanadel16939_cccbahiadeal16902_ctccescatron16937 into one generator : esp_gas_ctccescombrera16938_ctccplanadel16939_cccbahiadeal16
INFO [2024-10-25 01:22:40] [CLUSTERING] - Clustered the similar generators esp_gas_capacityscaler_palosdelafro17262_campodegibral16889_castellon16898_cristobalcolon16929_ctccsabongru16940_arrubalgrupo116860 into one generator : esp_gas_capacityscaler_palosdelafro17262_campodegibral16889_
INFO [2024-10-25 01:22:40] [CLUSTERING] - Clustered the similar generators esp_gas_fertimolina16967_nufri17050_salinasbrasde17395_tioxi_gensabon16975_colortex16921_cotasa16928_guascor16981 into one generator : esp_gas_fertimolina16967_nufri17050_salinasbrasde17395_tioxi
INFO [2024-10-25 01:22:40] [CLUSTERING] - Clustered the similar generators esp_gas_michelinvallad17040_neumaticosmich17049_cogeneracionmo16918_enceenergiahu16956_mahontg417029 into one generator : esp_gas_michelinvallad17040_neumaticosmich17049_cogeneracion
INFO [2024-10-25 01:22:40] [CLUSTERING] - Clustered the similar generators esp_gas_ecocarburantes16945_torraspapelmon17435_cogeneracionna16919_finsasantiago16968_truchasdelcin_enceponteved16955 into one generator : esp_gas_ecocarburantes16945_torraspapelmon17435_cogeneracion
INFO [2024-10-25 01:22:41] [CLUSTERING] - Clustered the similar generators fra_bio_aixenprovence8840_arpajonsurc8897_bayonne8976_cenon9_pithiviers10150_saintmartinde10457_vedne10745 into one generator : fra_bio_aixenprovence8840_arpajonsurc8897_bayonne8976_cenon9
INFO [2024-10-25 01:22:41] [CLUSTERING] - Clustered the similar generators fra_bio_lemans9746_vauxlepnil10743_villerssaintp10788_bourgoinjallie9058_salaisesursan10550 into one generator : fra_bio_lemans9746_vauxlepnil10743_villerssaintp10788_bourgo
INFO [2024-10-25 01:22:41] [CLUSTERING] - Clustered the similar generators gbr_gas_corby18862_coolkeeragh18856_enfield19078_seabank220324_greatyarmouth19275_shoreham20361 into one generator : gbr_gas_corby18862_coolkeeragh18856_enfield19078_seabank2203
INFO [2024-10-25 01:22:41] [CLUSTERING] - Clustered the similar generators gbr_gas_cowes18886_kilrootocgt19533_taylorslaneg20528_glanfordbrigg19203 into one generator : gbr_gas_cowes18886_kilrootocgt19533_taylorslaneg20528_glanfo
INFO [2024-10-25 01:22:41] [CLUSTERING] - Clustered the similar generators gbr_gas_castleford18752_graingt19249_sandbach20304_blackburn18554 into one generator : gbr_gas_castleford18752_graingt19249_sandbach20304_blackburn
INFO [2024-10-25 01:22:41] [CLUSTERING] - Clustered the similar generators gbr_gas_medway19865_staythorpec20464_ryehouse20283_littlebarford19711_pembroke20103_didcotb18984_capacityscaler into one generator : gbr_gas_medway19865_staythorpec20464_ryehouse20283_littlebar
INFO [2024-10-25 01:22:41] [CLUSTERING] - Clustered the similar generators gbr_gas_southhumberba20409_westburtonccg20714_connahsquay18852 into one generator : gbr_gas_southhumberba20409_westburtonccg20714_connahsquay188
INFO [2024-10-25 01:22:41] [CLUSTERING] - Clustered the similar generators gbr_cog_stevenscroft20465_thornhill20562_aberthawgt18331_coolkeeraghocg18857 into one generator : gbr_cog_stevenscroft20465_thornhill20562_aberthawgt18331_coo
INFO [2024-10-25 01:22:41] [CLUSTERING] - Clustered the similar generators gbr_cog_selchperf20288_baglanbayocgt18432_ratcliffegt20196_slough20392_westburtongt20715 into one generator : gbr_cog_selchperf20288_baglanbayocgt18432_ratcliffegt20196_s
INFO [2024-10-25 01:22:41] [CLUSTERING] - Clustered the similar generators gbr_gas_peterhead20122_cottamdevelopm18876_coryton18870_saltend20301 into one generator : gbr_gas_peterhead20122_cottamdevelopm18876_coryton18870_salt
INFO [2024-10-25 01:22:41] [CLUSTERING] - Clustered the similar generators gbr_gas_spalding20427_carrington18739_killingholme19528_langage19668_ballylumfordc18448 into one generator : gbr_gas_spalding20427_carrington18739_killingholme19528_lang
INFO [2024-10-25 01:22:41] [CLUSTERING] - Clustered the similar generators gbr_gas_damheadcreek18950_ballylumfordb18446_rocksavage20242_seabank120323_suttonbridge20502 into one generator : gbr_gas_damheadcreek18950_ballylumfordb18446_rocksavage20242
INFO [2024-10-25 01:22:41] [CLUSTERING] - Clustered the similar generators gbr_bio_gooseylodgein19239_envirecover19080_lincolnefw19703__rainhamphasei20187_chiltonenergy18795_uskmouthpower20662_whitemoor20768 into one generator : gbr_bio_gooseylodgein19239_envirecover19080_lincolnefw19703_
INFO [2024-10-25 01:22:41] [CLUSTERING] - Clustered the similar generators gbr_bio_iggesundpaperb19472_wilton11efw20794_fibrepowerslo19132 into one generator : gbr_bio_iggesundpaperb19472_wilton11efw20794_fibrepowerslo19
INFO [2024-10-25 01:22:41] [CLUSTERING] - Clustered the similar generators gbr_was_northeastener19995_greatmoorefw19277_fourashesefw19153_northyardefw20011 into one generator : gbr_was_northeastener19995_greatmoorefw19277_fourashesefw191
INFO [2024-10-25 01:22:41] [CLUSTERING] - Clustered the similar generators gbr_bio_arladairysite18385_aspatriacreame18398_bentwaterschp_diageobiomass18983_poplarsanaerob20146_becktonstwenh into one generator : gbr_bio_arladairysite18385_aspatriacreame18398_bentwaterschp
INFO [2024-10-25 01:22:41] [CLUSTERING] - Clustered the similar generators gbr_bio_barnsley1_518465_libertysteelp19697_thorntonpower205_birminghambio18539_bristolstwwa18623_minsworthsewag1_brogboroughpha18632_brogboroughpha18633_calvertphase into one generator : gbr_bio_barnsley1_518465_libertysteelp19697_thorntonpower205
INFO [2024-10-25 01:22:41] [CLUSTERING] - Clustered the similar generators gbr_bio_acshropshire18317_balcastimberb18438_canningtoncold1_boltonroadwas18581_brocklesbycr18631_dartmoorbiopo18 into one generator : gbr_bio_acshropshire18317_balcastimberb18438_canningtoncold1
INFO [2024-10-25 01:22:41] [CLUSTERING] - Clustered the similar generators gbr_was_riversideresou20237_ferrybridgemul19125_runcornefw20277 into one generator : gbr_was_riversideresou20237_ferrybridgemul19125_runcornefw20
INFO [2024-10-25 01:22:41] [CLUSTERING] - Clustered the similar generators gbr_bio_eyesuffolk19094_glanford19202_westernwooden20740_dun_cowiebiomassf18887_evermorerenewa19089 into one generator : gbr_bio_eyesuffolk19094_glanford19202_westernwooden20740_dun
INFO [2024-10-25 01:22:41] [CLUSTERING] - Clustered the similar generators gbr_was_lakesideefw19567_elean19068_wilton1020793_briggrenewable18622_margamgreenen19838_oldbury20038_ into one generator : gbr_was_lakesideefw19567_elean19068_wilton1020793_briggrenew
INFO [2024-10-25 01:22:41] [CLUSTERING] - Clustered the similar generators gbr_bio_avonmouth18415_avonmouthlowc18416_holbrookcommun1942_becktonstwbio18487_loicherlane19760_rothesbioplan202 into one generator : gbr_bio_avonmouth18415_avonmouthlowc18416_holbrookcommun1942
INFO [2024-10-25 01:22:41] [CLUSTERING] - Clustered the similar generators gbr_bio_ridhamchpplan20226_caledonianpape18706_ardleyefw18373 into one generator : gbr_bio_ridhamchpplan20226_caledonianpape18706_ardleyefw1837
INFO [2024-10-25 01:22:41] [CLUSTERING] - Clustered the similar generators gbr_bio_blackburnmeado18555_ardwickrailway18381_aberthawpower18332 into one generator : gbr_bio_blackburnmeado18555_ardwickrailway18381_aberthawpowe
INFO [2024-10-25 01:22:41] [CLUSTERING] - Clustered the similar generators gbr_was_crossgreenerf18915_pitsealandfill20132_speysidebiomas20429_westfieldbioma20742 into one generator : gbr_was_crossgreenerf18915_pitsealandfill20132_speysidebioma
INFO [2024-10-25 01:22:41] [CLUSTERING] - Clustered the similar generators gbr_bio_becktongaspre18486_sheffielderf20347_teessideefw2053_balderton18439_widnes3mgbiom20781_cornwallerc18867_g into one generator : gbr_bio_becktongaspre18486_sheffielderf20347_teessideefw2053
INFO [2024-10-25 01:22:41] [CLUSTERING] - Clustered the similar generators gbr_bio_14tullywiggan18314_abbotsmoorfar18327_abpellesmerea1_alscot18360_austreyhousef18409_barkipanaerobi18456_b into one generator : gbr_bio_14tullywiggan18314_abbotsmoorfar18327_abpellesmerea1
INFO [2024-10-25 01:22:41] [CLUSTERING] - Clustered the similar generators ita_gas_isabenergy13439_e_onc_telivor13416_altomonte13356_piacenza13495 into one generator : ita_gas_isabenergy13439_e_onc_telivor13416_altomonte13356_pi
INFO [2024-10-25 01:22:41] [CLUSTERING] - Clustered the similar generators ita_gas_torrevaldaliga13571_chivasso13404_portocorsini13506_prioloc_le13511_levante13452 into one generator : ita_gas_torrevaldaliga13571_chivasso13404_portocorsini13506_
INFO [2024-10-25 01:22:41] [CLUSTERING] - Clustered the similar generators ita_gas_leini13451_rizziconi13526_simericrichi13544_sparanis_voghera13596 into one generator : ita_gas_leini13451_rizziconi13526_simericrichi13544_sparanis
INFO [2024-10-25 01:22:41] [THERMAL] - Done running 20-clustering algorithm on generators!

INFO [2024-10-25 01:22:41] [THERMAL] - Adding dza_gas_hassimessoudo28 generator to af-dza node...
INFO [2024-10-25 01:22:41] [THERMAL] - Adding dza_gas_hassimessaoud25 generator to af-dza node...
INFO [2024-10-25 01:22:41] [THERMAL] - Adding dza_gas_hassimessoudn27_tilghemt146 generator to af-dza node...
INFO [2024-10-25 01:22:41] [THERMAL] - Adding dza_gas_aindjasser16_skikda43 generator to af-dza node...
INFO [2024-10-25 01:22:41] [THERMAL] - Adding dza_gas_annaba17 generator to af-dza node...
INFO [2024-10-25 01:22:41] [THERMAL] - Adding dza_gas_marsattg35 generator to af-dza node...
INFO [2024-10-25 01:22:41] [THERMAL] - Adding dza_gas_hamma224 generator to af-dza node...
INFO [2024-10-25 01:22:42] [THERMAL] - Adding dza_gas_boufarik119 generator to af-dza node...
INFO [2024-10-25 01:22:42] [THERMAL] - Adding dza_gas_msila136 generator to af-dza node...
INFO [2024-10-25 01:22:42] [THERMAL] - Adding dza_gas_ravinblanc38 generator to af-dza node...
INFO [2024-10-25 01:22:42] [THERMAL] - Adding dza_gas_kahramaipp31 generator to af-dza node...
INFO [2024-10-25 01:22:42] [THERMAL] - Adding dza_gas_spp1thermal42 generator to af-dza node...
INFO [2024-10-25 01:22:42] [THERMAL] - Adding dza_gas_labreg33_hadjretennous23_koudieteddraou32_terga44 generator to af-dza node...
INFO [2024-10-25 01:22:42] [THERMAL] - Adding dza_gas_relizane39 generator to af-dza node...
INFO [2024-10-25 01:22:42] [THERMAL] - Adding dza_gas_rasdjinet37 generator to af-dza node...
INFO [2024-10-25 01:22:43] [THERMAL] - Adding dza_gas_skbipp40 generator to af-dza node...
INFO [2024-10-25 01:22:43] [THERMAL] - Adding dza_gas_capacityscaler generator to af-dza node...
INFO [2024-10-25 01:22:43] [THERMAL] - Adding dza_gas_fkrina22_jijel30 generator to af-dza node...
INFO [2024-10-25 01:22:43] [THERMAL] - Adding dza_gas_sksippsnclav41_arbaa18_marsat34 generator to af-dza node...
INFO [2024-10-25 01:22:43] [THERMAL] - Adding dza_gas_hassimessoud26_tiaret45 generator to af-dza node...
INFO [2024-10-25 01:22:43] [THERMAL] - Adding mar_gas_ainbenimathar14444 generator to af-mar node...
INFO [2024-10-25 01:22:43] [THERMAL] - Adding mar_gas_centraleacycl14458 generator to af-mar node...
INFO [2024-10-25 01:22:43] [THERMAL] - Adding mar_gas_alwahdatherma14446 generator to af-mar node...
INFO [2024-10-25 01:22:43] [THERMAL] - Adding mar_coa_capacityscaler generator to af-mar node...
INFO [2024-10-25 01:22:43] [THERMAL] - Adding mar_coa_jeradapowerst14467 generator to af-mar node...
INFO [2024-10-25 01:22:44] [THERMAL] - Adding mar_coa_centralethermi14455 generator to af-mar node...
INFO [2024-10-25 01:22:44] [THERMAL] - Adding mar_coa_mohammediapowe14472 generator to af-mar node...
INFO [2024-10-25 01:22:44] [THERMAL] - Adding mar_oil_dakhlaicpower14461 generator to af-mar node...
INFO [2024-10-25 01:22:44] [THERMAL] - Adding mar_oil_centralediesel14451 generator to af-mar node...
INFO [2024-10-25 01:22:44] [THERMAL] - Adding mar_oil_centraleturbin14457 generator to af-mar node...
INFO [2024-10-25 01:22:44] [THERMAL] - Adding mar_oil_centraleturbin14456 generator to af-mar node...
INFO [2024-10-25 01:22:44] [THERMAL] - Adding mar_oil_centraltermiqu14450 generator to af-mar node...
INFO [2024-10-25 01:22:44] [THERMAL] - Adding tun_gas_ghannouch18117 generator to af-tun node...
INFO [2024-10-25 01:22:44] [THERMAL] - Adding tun_gas_zarzis18136 generator to af-tun node...
INFO [2024-10-25 01:22:44] [THERMAL] - Adding tun_gas_menzelbourguib18123_sfax18127 generator to af-tun node...
INFO [2024-10-25 01:22:44] [THERMAL] - Adding tun_gas_korba118122 generator to af-tun node...
INFO [2024-10-25 01:22:45] [THERMAL] - Adding tun_gas_tunissud118135 generator to af-tun node...
INFO [2024-10-25 01:22:45] [THERMAL] - Adding tun_gas_kasserine18121 generator to af-tun node...
INFO [2024-10-25 01:22:45] [THERMAL] - Adding tun_gas_goulette18118 generator to af-tun node...
INFO [2024-10-25 01:22:45] [THERMAL] - Adding tun_gas_bouchemma118112 generator to af-tun node...
INFO [2024-10-25 01:22:45] [THERMAL] - Adding tun_gas_ghannouch18116 generator to af-tun node...
INFO [2024-10-25 01:22:45] [THERMAL] - Adding tun_gas_soussec18132_soussed18133 generator to af-tun node...
INFO [2024-10-25 01:22:45] [THERMAL] - Adding tun_gas_ipprades218119 generator to af-tun node...
INFO [2024-10-25 01:22:45] [THERMAL] - Adding tun_gas_feriana118114 generator to af-tun node...
INFO [2024-10-25 01:22:45] [THERMAL] - Adding tun_gas_birmcherga118111 generator to af-tun node...
INFO [2024-10-25 01:22:45] [THERMAL] - Adding tun_gas_soussea18130 generator to af-tun node...
INFO [2024-10-25 01:22:46] [THERMAL] - Adding tun_gas_radesa118126 generator to af-tun node...
INFO [2024-10-25 01:22:46] [THERMAL] - Adding tun_gas_sousseb18131 generator to af-tun node...
INFO [2024-10-25 01:22:46] [THERMAL] - Adding tun_gas_thyna118134 generator to af-tun node...
INFO [2024-10-25 01:22:46] [THERMAL] - Adding deu_gas_hkwfreiberg11206_hkwschwarza11229_ihkwheidenheim1131 generator to eu-deu node...
INFO [2024-10-25 01:22:46] [THERMAL] - Adding deu_gas_energiezentrum11092_heizkraftwerkb11264_heizkraftwer generator to eu-deu node...
INFO [2024-10-25 01:22:46] [THERMAL] - Adding deu_gas_heizkraftwerka11263_hkw3upmschong11242_bpwerklingen1 generator to eu-deu node...
INFO [2024-10-25 01:22:46] [THERMAL] - Adding deu_gas_lichterfelde11438_kraftwerkmainz11403_naturalgastur1 generator to eu-deu node...
INFO [2024-10-25 01:22:46] [THERMAL] - Adding deu_gas_hkwchemnitzn11199_hkweltmann11201_hkwwrth11238_gudan generator to eu-deu node...
INFO [2024-10-25 01:22:47] [THERMAL] - Adding deu_gas_heizkraftwerke11265_hkwmerheim11217_hkwmerkenich1121 generator to eu-deu node...
INFO [2024-10-25 01:22:47] [THERMAL] - Adding deu_gas_gemeinschaftskr11138_rheinhafendamp11618_emsland1108 generator to eu-deu node...
INFO [2024-10-25 01:22:47] [THERMAL] - Adding deu_gas_hkwhiltrop11209_hkwschwerins11231_naturalgaskraf1150 generator to eu-deu node...
INFO [2024-10-25 01:22:47] [THERMAL] - Adding deu_gas_raganthraziti11596_evcglobalfou11064_kraftwerk211393 generator to eu-deu node...
INFO [2024-10-25 01:22:47] [THERMAL] - Adding deu_gas_kessel211371_erweiterungene11099 generator to eu-deu node...
INFO [2024-10-25 01:22:47] [THERMAL] - Adding deu_gas_kirchmser11375_heizkraftwerkl11273_dowstade11047_dam generator to eu-deu node...
INFO [2024-10-25 01:22:47] [THERMAL] - Adding deu_gas_gudschwarzheid11175_heizkraftwerke11283_hkwniederrad generator to eu-deu node...
INFO [2024-10-25 01:22:47] [THERMAL] - Adding deu_gas_gudhkwneubran11179_gudbaunatalv11170_sddt111723_hkwb generator to eu-deu node...
INFO [2024-10-25 01:22:47] [THERMAL] - Adding deu_gas_bhkwanklinker10911_bhkwhauffstra10912_heizkraftwerk5 generator to eu-deu node...
INFO [2024-10-25 01:22:47] [THERMAL] - Adding deu_gas_kraftwerkmitte11405_hkwhalletroth11208_hkwdresdennos generator to eu-deu node...
INFO [2024-10-25 01:22:48] [THERMAL] - Adding deu_gas_industrieparkw11335_emdennaturalg11086_kombihkw11388 generator to eu-deu node...
INFO [2024-10-25 01:22:48] [THERMAL] - Adding deu_gas_kwkirchlengern11345_hkwniehl211221 generator to eu-deu node...
INFO [2024-10-25 01:22:48] [THERMAL] - Adding deu_gas_dormagen11044_naturalgasbloc11508_thyrow11738_huckin generator to eu-deu node...
INFO [2024-10-25 01:22:48] [THERMAL] - Adding deu_gas_gudkraftwerkh11172_industriekraftw11333_naturalgasu_ generator to eu-deu node...
INFO [2024-10-25 01:22:48] [THERMAL] - Adding deu_gas_gtkwdarmstadt11128_heizkraftwerkk11271_heizkraftwerk generator to eu-deu node...
INFO [2024-10-25 01:22:48] [THERMAL] - Adding deu_coa_kwvoerde11348_janschwaldepow11338_gkmmannheim11125_f generator to eu-deu node...
INFO [2024-10-25 01:22:48] [THERMAL] - Adding deu_coa_heizkraftwerk311260_kwwest11350_hafenpowersta11244_w generator to eu-deu node...
INFO [2024-10-25 01:22:48] [THERMAL] - Adding deu_coa_heizkraftwerkf11266_dessaupowerst11037_grubenheizkra generator to eu-deu node...
INFO [2024-10-25 01:22:48] [THERMAL] - Adding deu_coa_kessel411372_kraftwerk11391_hkwkarcherstr_11214_kohl generator to eu-deu node...
INFO [2024-10-25 01:22:48] [THERMAL] - Adding deu_coa_boa210982_kwwalsum11349_schkopaupower11665_schwarzep generator to eu-deu node...
INFO [2024-10-25 01:22:49] [THERMAL] - Adding deu_coa_kwm11360_scholvenpower11669_lnenpowerst11449_bergkam generator to eu-deu node...
INFO [2024-10-25 01:22:49] [THERMAL] - Adding deu_coa_bremenfargepo10995_buschhauspower11002_modellkraftwe generator to eu-deu node...
INFO [2024-10-25 01:22:49] [THERMAL] - Adding deu_coa_braunkohlekraft10993_heydenpowerst11292_lippendorfpo generator to eu-deu node...
INFO [2024-10-25 01:22:49] [THERMAL] - Adding deu_coa_hernepowersta11288_trianelkohlekr11742 generator to eu-deu node...
INFO [2024-10-25 01:22:49] [THERMAL] - Adding deu_coa_niederaussempo11527_boxbergpowers10989 generator to eu-deu node...
INFO [2024-10-25 01:22:49] [THERMAL] - Adding deu_coa_heizkraftwerks11279_heizkraftwerkd11281_plwerkjlic11 generator to eu-deu node...
INFO [2024-10-25 01:22:49] [THERMAL] - Adding deu_coa_ibbenbrenbp11323_hamburgmoorbur11247_walheimpowers11 generator to eu-deu node...
INFO [2024-10-25 01:22:49] [THERMAL] - Adding deu_coa_tiefstackpower11739_flensburgpower11111_kraftwerkens generator to eu-deu node...
INFO [2024-10-25 01:22:50] [THERMAL] - Adding deu_coa_buerpowerstat11001_cottbuschppow11019_colognemerkeni generator to eu-deu node...
INFO [2024-10-25 01:22:50] [THERMAL] - Adding deu_coa_wuppertalelber11838_deubenpowerst11040_berlinmoabitp generator to eu-deu node...
INFO [2024-10-25 01:22:50] [THERMAL] - Adding deu_coa_kraftwerkn23011406_wachtbergpower11777_hastedtpowers generator to eu-deu node...
INFO [2024-10-25 01:22:50] [THERMAL] - Adding deu_coa_wilhelmshavenp11817_altbachpowers10887_rostockpowers generator to eu-deu node...
INFO [2024-10-25 01:22:50] [THERMAL] - Adding deu_coa_rheinhafendamp11617_heilbronnpower11255_wedelpowerst generator to eu-deu node...
INFO [2024-10-25 01:22:50] [THERMAL] - Adding deu_coa_chemieparkmarl11011_hkwwest11233 generator to eu-deu node...
INFO [2024-10-25 01:22:50] [THERMAL] - Adding deu_coa_kraftwerkwerdo11414_stuttgartmuens11720_kielpowersta generator to eu-deu node...
INFO [2024-10-25 01:22:50] [THERMAL] - Adding deu_bio_biomassgenerat10965_biomassgenerat10967_bkf10913_hei generator to eu-deu node...
INFO [2024-10-25 01:22:51] [THERMAL] - Adding deu_was_biomassgenerat10951 generator to eu-deu node...
INFO [2024-10-25 01:22:51] [THERMAL] - Adding deu_bio_biomassgenerat10953_fhkwludwigshaf11103_kraftwerksch generator to eu-deu node...
INFO [2024-10-25 01:22:51] [THERMAL] - Adding deu_was_mhkwwkw11452_biomasseheizkr10970_biomassgenerat10954 generator to eu-deu node...
INFO [2024-10-25 01:22:51] [THERMAL] - Adding deu_was_eewenergyfrom11059_eewgrorsch11060_turbosatz111747_g generator to eu-deu node...
INFO [2024-10-25 01:22:51] [THERMAL] - Adding deu_was_sitaabfallverw11649_mvaingolstadt11462 generator to eu-deu node...
INFO [2024-10-25 01:22:51] [THERMAL] - Adding deu_was_dampfturbinenan11028_reuterwastefa11615 generator to eu-deu node...
INFO [2024-10-25 01:22:51] [THERMAL] - Adding deu_was_mhkwfrankfurt11454_storaensomaxa11716 generator to eu-deu node...
INFO [2024-10-25 01:22:51] [THERMAL] - Adding deu_bio_zellstoffstend11847_zollingpowers11851_capacityscale generator to eu-deu node...
INFO [2024-10-25 01:22:51] [THERMAL] - Adding deu_was_karnap11365_trvbuschhaus11728_biomassgenerat10955 generator to eu-deu node...
INFO [2024-10-25 01:22:52] [THERMAL] - Adding deu_bio_blockheizkraftw10981_zwsf11844 generator to eu-deu node...
INFO [2024-10-25 01:22:52] [THERMAL] - Adding deu_bio_wibiebrich11814_enertechameln11093_ebkwknapsack11055 generator to eu-deu node...
INFO [2024-10-25 01:22:52] [THERMAL] - Adding deu_was_hkwmannheim11216_rmvakln11598 generator to eu-deu node...
INFO [2024-10-25 01:22:52] [THERMAL] - Adding deu_bio_bmhkwbinderhol10914_eve11065_mhkwpirmasens11456_mllh generator to eu-deu node...
INFO [2024-10-25 01:22:52] [THERMAL] - Adding deu_bio_biomasseverstr10971_biomassgenerat10956_biomassgener generator to eu-deu node...
INFO [2024-10-25 01:22:52] [THERMAL] - Adding deu_was_mhkw11451 generator to eu-deu node...
INFO [2024-10-25 01:22:52] [THERMAL] - Adding deu_bio_biomassgenerat10961_dt11026_mllkraftwerk11494 generator to eu-deu node...
INFO [2024-10-25 01:22:53] [THERMAL] - Adding deu_was_mhkwrothensee11457_scamannheim11648_gmvaniederrhei11 generator to eu-deu node...
INFO [2024-10-25 01:22:53] [THERMAL] - Adding deu_bio_bioenergiepark10946_biomasseheizkra10972_biomassekra generator to eu-deu node...
INFO [2024-10-25 01:22:53] [THERMAL] - Adding deu_bio_bmkwknigswu10919_hhkwberlinneu11189_werkskraftwerk11 generator to eu-deu node...
INFO [2024-10-25 01:22:53] [THERMAL] - Adding deu_nuc_grohnde11162 generator to eu-deu node...
INFO [2024-10-25 01:22:53] [THERMAL] - Adding deu_nuc_neckarwestheim11499 generator to eu-deu node...
INFO [2024-10-25 01:22:53] [THERMAL] - Adding deu_nuc_emsland11062 generator to eu-deu node...
INFO [2024-10-25 01:22:53] [THERMAL] - Adding deu_nuc_philippsburg211562 generator to eu-deu node...
INFO [2024-10-25 01:22:54] [THERMAL] - Adding deu_nuc_brokdorf10922 generator to eu-deu node...
INFO [2024-10-25 01:22:54] [THERMAL] - Adding deu_nuc_isar211322 generator to eu-deu node...
INFO [2024-10-25 01:22:54] [THERMAL] - Adding deu_nuc_kernkraftgundr11370 generator to eu-deu node...
INFO [2024-10-25 01:22:54] [THERMAL] - Adding deu_oil_itzehoe11337 generator to eu-deu node...
INFO [2024-10-25 01:22:54] [THERMAL] - Adding deu_oil_kraftwerkwalhe11413 generator to eu-deu node...
INFO [2024-10-25 01:22:54] [THERMAL] - Adding deu_oil_ikspckschwedt11316_kwmittelsbre11346 generator to eu-deu node...
INFO [2024-10-25 01:22:54] [THERMAL] - Adding deu_oil_dkwleinau11024_dkwnord11025_skwdiesel11650 generator to eu-deu node...
INFO [2024-10-25 01:22:54] [THERMAL] - Adding deu_oil_spitzenlastkraf11703 generator to eu-deu node...
INFO [2024-10-25 01:22:55] [THERMAL] - Adding deu_oil_moabitoil11482 generator to eu-deu node...
INFO [2024-10-25 01:22:55] [THERMAL] - Adding deu_oil_kraftwerk11392 generator to eu-deu node...
INFO [2024-10-25 01:22:55] [THERMAL] - Adding deu_oil_raffineriekraft11602 generator to eu-deu node...
INFO [2024-10-25 01:22:55] [THERMAL] - Adding deu_oil_spitzenlastkraf11704 generator to eu-deu node...
INFO [2024-10-25 01:22:55] [THERMAL] - Adding deu_oil_audorf10902 generator to eu-deu node...
INFO [2024-10-25 01:22:55] [THERMAL] - Adding deu_oil_spitzenlastanla11702 generator to eu-deu node...
INFO [2024-10-25 01:22:56] [THERMAL] - Adding deu_oil_wilmersdorf11818 generator to eu-deu node...
INFO [2024-10-25 01:22:56] [THERMAL] - Adding deu_oil_eev11058 generator to eu-deu node...
INFO [2024-10-25 01:22:56] [THERMAL] - Adding deu_oil_capacityscaler generator to eu-deu node...
INFO [2024-10-25 01:22:56] [THERMAL] - Adding deu_oil_wedel11792 generator to eu-deu node...
INFO [2024-10-25 01:22:56] [THERMAL] - Adding deu_oil_brunsbttel11000 generator to eu-deu node...
INFO [2024-10-25 01:22:56] [THERMAL] - Adding deu_oil_wilhelmshaven11816 generator to eu-deu node...
INFO [2024-10-25 01:22:56] [THERMAL] - Adding deu_oil_miro11477 generator to eu-deu node...
INFO [2024-10-25 01:22:57] [THERMAL] - Adding deu_oil_skwnaturalgas11651_kraftwerkfulda11397 generator to eu-deu node...
INFO [2024-10-25 01:22:57] [THERMAL] - Adding deu_oil_kraftwerkhaush11399_raffineriekraft11601 generator to eu-deu node...
INFO [2024-10-25 01:22:57] [THERMAL] - Adding deu_geo_capacityscaler generator to eu-deu node...
INFO [2024-10-25 01:22:57] [THERMAL] - Adding deu_wav_capacityscaler generator to eu-deu node...
INFO [2024-10-25 01:22:57] [THERMAL] - Adding deu_oth_ilkekt11319 generator to eu-deu node...
INFO [2024-10-25 01:22:57] [THERMAL] - Adding deu_oth_biomassgenerat10952 generator to eu-deu node...
INFO [2024-10-25 01:22:58] [THERMAL] - Adding deu_oth_hkwwest11236 generator to eu-deu node...
INFO [2024-10-25 01:22:58] [THERMAL] - Adding deu_oth_dkkraftwerk11023 generator to eu-deu node...
INFO [2024-10-25 01:22:58] [THERMAL] - Adding deu_oth_ebsheizkraftwe11057 generator to eu-deu node...
INFO [2024-10-25 01:22:58] [THERMAL] - Adding deu_oth_oxeagmbh11555 generator to eu-deu node...
INFO [2024-10-25 01:22:58] [THERMAL] - Adding deu_oth_kraftwerknord11407 generator to eu-deu node...
INFO [2024-10-25 01:22:59] [THERMAL] - Adding deu_oth_gichtnaturalga11145 generator to eu-deu node...
INFO [2024-10-25 01:22:59] [THERMAL] - Adding deu_oth_o1011535 generator to eu-deu node...
INFO [2024-10-25 01:22:59] [THERMAL] - Adding deu_oth_ikw11317 generator to eu-deu node...
INFO [2024-10-25 01:22:59] [THERMAL] - Adding deu_oth_kraftwerksalzg11409 generator to eu-deu node...
INFO [2024-10-25 01:22:59] [THERMAL] - Adding esp_gas_michelinaranda17039 generator to eu-esp node...
INFO [2024-10-25 01:22:59] [THERMAL] - Adding esp_gas_cccsaguntogr16903_cartagenagrupo16894 generator to eu-esp node...
INFO [2024-10-25 01:22:59] [THERMAL] - Adding esp_gas_castresorertg16895 generator to eu-esp node...
INFO [2024-10-25 01:22:59] [THERMAL] - Adding esp_gas_ctcccastellon16936_ctccaspontes16934_ctccsotoderi169 generator to eu-esp node...
INFO [2024-10-25 01:22:59] [THERMAL] - Adding esp_gas_amorebieta16851_ciclocombinado16912_arcosdelafro1685 generator to eu-esp node...
INFO [2024-10-25 01:23:00] [THERMAL] - Adding esp_gas_mala1ctccmal17031 generator to eu-esp node...
INFO [2024-10-25 01:23:00] [THERMAL] - Adding esp_gas_ctccescombrera16938_ctccplanadel16939_cccbahiadeal16 generator to eu-esp node...
INFO [2024-10-25 01:23:00] [THERMAL] - Adding esp_gas_castejongrupo16897_escombrerasgru16964 generator to eu-esp node...
INFO [2024-10-25 01:23:00] [THERMAL] - Adding esp_gas_capacityscaler_palosdelafro17262_campodegibral16889_ generator to eu-esp node...
INFO [2024-10-25 01:23:00] [THERMAL] - Adding esp_gas_fertimolina16967_nufri17050_salinasbrasde17395_tioxi generator to eu-esp node...
INFO [2024-10-25 01:23:00] [THERMAL] - Adding esp_gas_garonaverda16974_azuliber16865_plantasecadot17363 generator to eu-esp node...
INFO [2024-10-25 01:23:00] [THERMAL] - Adding esp_gas_michelinvallad17040_neumaticosmich17049_cogeneracion generator to eu-esp node...
INFO [2024-10-25 01:23:00] [THERMAL] - Adding esp_gas_acecagrupo416840 generator to eu-esp node...
INFO [2024-10-25 01:23:00] [THERMAL] - Adding esp_gas_besosgrupo516875 generator to eu-esp node...
INFO [2024-10-25 01:23:00] [THERMAL] - Adding esp_gas_bahiadealgeci16867 generator to eu-esp node...
INFO [2024-10-25 01:23:01] [THERMAL] - Adding esp_gas_papeleraguipuz17264_repsolpuertoll17389_sniace17412 generator to eu-esp node...
INFO [2024-10-25 01:23:01] [THERMAL] - Adding esp_gas_ecocarburantes16945_torraspapelmon17435_cogeneracion generator to eu-esp node...
INFO [2024-10-25 01:23:01] [THERMAL] - Adding esp_gas_escatron16962_tarragona17425 generator to eu-esp node...
INFO [2024-10-25 01:23:01] [THERMAL] - Adding esp_gas_tortosaenergia17437 generator to eu-esp node...
INFO [2024-10-25 01:23:01] [THERMAL] - Adding esp_gas_ctcccastejon16935 generator to eu-esp node...
INFO [2024-10-25 01:23:01] [THERMAL] - Adding esp_coa_escatrongr516963 generator to eu-esp node...
INFO [2024-10-25 01:23:01] [THERMAL] - Adding esp_coa_anllaresgr116856_sotoribera317418 generator to eu-esp node...
INFO [2024-10-25 01:23:01] [THERMAL] - Adding esp_coa_ctlada416932 generator to eu-esp node...
INFO [2024-10-25 01:23:01] [THERMAL] - Adding esp_coa_laroblagrupo17002 generator to eu-esp node...
INFO [2024-10-25 01:23:02] [THERMAL] - Adding esp_coa_ctguardo216931 generator to eu-esp node...
INFO [2024-10-25 01:23:02] [THERMAL] - Adding esp_coa_compostillaii16922 generator to eu-esp node...
INFO [2024-10-25 01:23:02] [THERMAL] - Adding esp_coa_teruelgr317432 generator to eu-esp node...
INFO [2024-10-25 01:23:02] [THERMAL] - Adding esp_coa_alcudia1grup16847 generator to eu-esp node...
INFO [2024-10-25 01:23:02] [THERMAL] - Adding esp_coa_narceagrupo317048 generator to eu-esp node...
INFO [2024-10-25 01:23:02] [THERMAL] - Adding esp_coa_meiramagrupo117035 generator to eu-esp node...
INFO [2024-10-25 01:23:02] [THERMAL] - Adding esp_coa_litoraldealme17020 generator to eu-esp node...
INFO [2024-10-25 01:23:02] [THERMAL] - Adding esp_coa_capacityscaler generator to eu-esp node...
INFO [2024-10-25 01:23:02] [THERMAL] - Adding esp_coa_losbarrios17022 generator to eu-esp node...
INFO [2024-10-25 01:23:03] [THERMAL] - Adding esp_coa_abono216839 generator to eu-esp node...
INFO [2024-10-25 01:23:03] [THERMAL] - Adding esp_coa_puentenuevogr17380 generator to eu-esp node...
INFO [2024-10-25 01:23:03] [THERMAL] - Adding esp_was_vertederodelg17446 generator to eu-esp node...
INFO [2024-10-25 01:23:03] [THERMAL] - Adding esp_was_adsjuneda216841_hortamedioamb16987_plantaddpguar1736 generator to eu-esp node...
INFO [2024-10-25 01:23:03] [THERMAL] - Adding esp_was_agreda16843_plantacogenera17360 generator to eu-esp node...
INFO [2024-10-25 01:23:03] [THERMAL] - Adding esp_was_olextra17051 generator to eu-esp node...
INFO [2024-10-25 01:23:03] [THERMAL] - Adding esp_bio_agroenergetica16844 generator to eu-esp node...
INFO [2024-10-25 01:23:03] [THERMAL] - Adding esp_was_laaljorracart16993 generator to eu-esp node...
INFO [2024-10-25 01:23:04] [THERMAL] - Adding esp_was_procesosecolog17374 generator to eu-esp node...
INFO [2024-10-25 01:23:04] [THERMAL] - Adding esp_was_fuentealamoii16972_grupoturbogen16979 generator to eu-esp node...
INFO [2024-10-25 01:23:04] [THERMAL] - Adding esp_bio_capacityscaler generator to eu-esp node...
INFO [2024-10-25 01:23:04] [THERMAL] - Adding esp_nuc_ascogr16862 generator to eu-esp node...
INFO [2024-10-25 01:23:04] [THERMAL] - Adding esp_nuc_trillo17440 generator to eu-esp node...
INFO [2024-10-25 01:23:04] [THERMAL] - Adding esp_nuc_cnalmaraz116915 generator to eu-esp node...
INFO [2024-10-25 01:23:04] [THERMAL] - Adding esp_nuc_vandellosgr217444 generator to eu-esp node...
INFO [2024-10-25 01:23:04] [THERMAL] - Adding esp_nuc_cncofrentes16916 generator to eu-esp node...
INFO [2024-10-25 01:23:05] [THERMAL] - Adding esp_oil_melilla1317036 generator to eu-esp node...
INFO [2024-10-25 01:23:05] [THERMAL] - Adding esp_oil_boinersa16877_forestaldelat16970 generator to eu-esp node...
INFO [2024-10-25 01:23:05] [THERMAL] - Adding esp_oil_barrancodetir16871 generator to eu-esp node...
INFO [2024-10-25 01:23:05] [THERMAL] - Adding esp_oil_ctescombreras16930 generator to eu-esp node...
INFO [2024-10-25 01:23:05] [THERMAL] - Adding esp_oil_puntagrande1917384 generator to eu-esp node...
INFO [2024-10-25 01:23:05] [THERMAL] - Adding esp_oil_energyworkscar16958_vetejar17447 generator to eu-esp node...
INFO [2024-10-25 01:23:05] [THERMAL] - Adding esp_oil_sonreus3tur17417 generator to eu-esp node...
INFO [2024-10-25 01:23:05] [THERMAL] - Adding esp_oil_cgnufri116911 generator to eu-esp node...
INFO [2024-10-25 01:23:06] [THERMAL] - Adding esp_oil_enemansa16957 generator to eu-esp node...
INFO [2024-10-25 01:23:06] [THERMAL] - Adding esp_oil_candelaria9v16892 generator to eu-esp node...
INFO [2024-10-25 01:23:06] [THERMAL] - Adding esp_oil_losguinchos1517024_lassalinas1217013 generator to eu-esp node...
INFO [2024-10-25 01:23:06] [THERMAL] - Adding esp_oil_mahon10burme17028 generator to eu-esp node...
INFO [2024-10-25 01:23:06] [THERMAL] - Adding esp_oil_ceutagrupo1316909 generator to eu-esp node...
INFO [2024-10-25 01:23:06] [THERMAL] - Adding esp_oil_papeleraromani17265 generator to eu-esp node...
INFO [2024-10-25 01:23:06] [THERMAL] - Adding esp_oil_granadilla1g16978_jinamar10gas16991 generator to eu-esp node...
INFO [2024-10-25 01:23:07] [THERMAL] - Adding esp_oil_ctsanturce216933 generator to eu-esp node...
INFO [2024-10-25 01:23:07] [THERMAL] - Adding esp_oil_arona1gas116859_guiadeisorag16982 generator to eu-esp node...
INFO [2024-10-25 01:23:07] [THERMAL] - Adding esp_oil_lassalinas817014 generator to eu-esp node...
INFO [2024-10-25 01:23:07] [THERMAL] - Adding esp_oil_cogeneracionre16920 generator to eu-esp node...
INFO [2024-10-25 01:23:07] [THERMAL] - Adding esp_oil_ceuta9g916910_lassalinas917015 generator to eu-esp node...
INFO [2024-10-25 01:23:07] [THERMAL] - Adding esp_wav_capacityscaler generator to eu-esp node...
INFO [2024-10-25 01:23:07] [THERMAL] - Adding fra_gas_gennevilliers19464 generator to eu-fra node...
INFO [2024-10-25 01:23:08] [THERMAL] - Adding fra_gas_pontsursambre10198 generator to eu-fra node...
INFO [2024-10-25 01:23:08] [THERMAL] - Adding fra_gas_croixdemetz9304 generator to eu-fra node...
INFO [2024-10-25 01:23:08] [THERMAL] - Adding fra_gas_combigolfe9114 generator to eu-fra node...
INFO [2024-10-25 01:23:08] [THERMAL] - Adding fra_gas_blenod58946 generator to eu-fra node...
INFO [2024-10-25 01:23:08] [THERMAL] - Adding fra_gas_emilehuchet9363 generator to eu-fra node...
INFO [2024-10-25 01:23:08] [THERMAL] - Adding fra_gas_bouchain78948 generator to eu-fra node...
INFO [2024-10-25 01:23:08] [THERMAL] - Adding fra_gas_martiguesponte9866 generator to eu-fra node...
INFO [2024-10-25 01:23:08] [THERMAL] - Adding fra_gas_capacityscaler generator to eu-fra node...
INFO [2024-10-25 01:23:08] [THERMAL] - Adding fra_gas_dk69328 generator to eu-fra node...
INFO [2024-10-25 01:23:08] [THERMAL] - Adding fra_coa_lucy39603 generator to eu-fra node...
INFO [2024-10-25 01:23:09] [THERMAL] - Adding fra_coa_capacityscaler generator to eu-fra node...
INFO [2024-10-25 01:23:09] [THERMAL] - Adding fra_coa_emilehuchet9364 generator to eu-fra node...
INFO [2024-10-25 01:23:09] [THERMAL] - Adding fra_coa_cordemais49116_havre49538 generator to eu-fra node...
INFO [2024-10-25 01:23:09] [THERMAL] - Adding fra_coa_provence510115 generator to eu-fra node...
INFO [2024-10-25 01:23:09] [THERMAL] - Adding fra_bio_aixenprovence8840_arpajonsurc8897_bayonne8976_cenon9 generator to eu-fra node...
INFO [2024-10-25 01:23:09] [THERMAL] - Adding fra_bio_antibes8878_mdamill9926_nmes10077 generator to eu-fra node...
INFO [2024-10-25 01:23:09] [THERMAL] - Adding fra_bio_couron9296_douchylesmine9352_latronche9660_lescar979 generator to eu-fra node...
INFO [2024-10-25 01:23:09] [THERMAL] - Adding fra_bio_morcenx9998_orlans10100_pierrelatte10146_saintthibau generator to eu-fra node...
INFO [2024-10-25 01:23:09] [THERMAL] - Adding fra_bio_calce9127 generator to eu-fra node...
INFO [2024-10-25 01:23:09] [THERMAL] - Adding fra_bio_leplessisgass9757_saintjeandef10422 generator to eu-fra node...
INFO [2024-10-25 01:23:10] [THERMAL] - Adding fra_bio_issylesmoulin9578 generator to eu-fra node...
INFO [2024-10-25 01:23:10] [THERMAL] - Adding fra_bio_amiens8869_blaringhem9020_concarneau9263_crpyenvaloi generator to eu-fra node...
INFO [2024-10-25 01:23:10] [THERMAL] - Adding fra_bio_montech9977_noyellessousl10067_villefranchesu10775 generator to eu-fra node...
INFO [2024-10-25 01:23:10] [THERMAL] - Adding fra_bio_capacityscaler generator to eu-fra node...
INFO [2024-10-25 01:23:10] [THERMAL] - Adding fra_bio_allemant8850_amanvillers8862_auch8917_bimont9017_bor generator to eu-fra node...
INFO [2024-10-25 01:23:10] [THERMAL] - Adding fra_bio_fossurmer9434 generator to eu-fra node...
INFO [2024-10-25 01:23:10] [THERMAL] - Adding fra_bio_nice10055_saintouen10475 generator to eu-fra node...
INFO [2024-10-25 01:23:10] [THERMAL] - Adding fra_bio_dunkerque9360_fortdefrance9428 generator to eu-fra node...
INFO [2024-10-25 01:23:11] [THERMAL] - Adding fra_bio_clermontferran9251_strasbourg10631 generator to eu-fra node...
INFO [2024-10-25 01:23:11] [THERMAL] - Adding fra_bio_bailleulsurth8957_barsuraube8965_benet8996_bnac9102_ generator to eu-fra node...
INFO [2024-10-25 01:23:11] [THERMAL] - Adding fra_bio_arques8899_bourogne9059_chang9200_dijon9341_guichain generator to eu-fra node...
INFO [2024-10-25 01:23:11] [THERMAL] - Adding fra_bio_vertlegrand10758 generator to eu-fra node...
INFO [2024-10-25 01:23:11] [THERMAL] - Adding fra_bio_lemans9746_vauxlepnil10743_villerssaintp10788_bourgo generator to eu-fra node...
INFO [2024-10-25 01:23:11] [THERMAL] - Adding fra_bio_argenteuil8892_chambry9191 generator to eu-fra node...
INFO [2024-10-25 01:23:11] [THERMAL] - Adding fra_nuc_stlaurent10330 generator to eu-fra node...
INFO [2024-10-25 01:23:11] [THERMAL] - Adding fra_nuc_chinon9109 generator to eu-fra node...
INFO [2024-10-25 01:23:11] [THERMAL] - Adding fra_nuc_blayais8945 generator to eu-fra node...
INFO [2024-10-25 01:23:11] [THERMAL] - Adding fra_nuc_cruas9118_tricastin110646 generator to eu-fra node...
INFO [2024-10-25 01:23:12] [THERMAL] - Adding fra_nuc_belleville8944_golfech9466_nogent10036 generator to eu-fra node...
INFO [2024-10-25 01:23:12] [THERMAL] - Adding fra_nuc_flamanville9394_penly10110 generator to eu-fra node...
INFO [2024-10-25 01:23:12] [THERMAL] - Adding fra_nuc_stalban10328 generator to eu-fra node...
INFO [2024-10-25 01:23:12] [THERMAL] - Adding fra_nuc_gravelines9468 generator to eu-fra node...
INFO [2024-10-25 01:23:12] [THERMAL] - Adding fra_nuc_cattenom9106 generator to eu-fra node...
INFO [2024-10-25 01:23:12] [THERMAL] - Adding fra_nuc_fessenheim9393 generator to eu-fra node...
INFO [2024-10-25 01:23:12] [THERMAL] - Adding fra_nuc_paluel10108 generator to eu-fra node...
INFO [2024-10-25 01:23:13] [THERMAL] - Adding fra_nuc_dampierre9326 generator to eu-fra node...
INFO [2024-10-25 01:23:13] [THERMAL] - Adding fra_nuc_bugey8952 generator to eu-fra node...
INFO [2024-10-25 01:23:13] [THERMAL] - Adding fra_nuc_civaux9111 generator to eu-fra node...
INFO [2024-10-25 01:23:13] [THERMAL] - Adding fra_nuc_chooz9110 generator to eu-fra node...
INFO [2024-10-25 01:23:13] [THERMAL] - Adding fra_oil_brennilis8950 generator to eu-fra node...
INFO [2024-10-25 01:23:13] [THERMAL] - Adding fra_oil_dirinon9327 generator to eu-fra node...
INFO [2024-10-25 01:23:13] [THERMAL] - Adding fra_oil_arrighi8823 generator to eu-fra node...
INFO [2024-10-25 01:23:14] [THERMAL] - Adding fra_oil_cordemais9115 generator to eu-fra node...
INFO [2024-10-25 01:23:14] [THERMAL] - Adding fra_oil_capacityscaler generator to eu-fra node...
INFO [2024-10-25 01:23:14] [THERMAL] - Adding fra_oil_porcheville10112 generator to eu-fra node...
INFO [2024-10-25 01:23:14] [THERMAL] - Adding fra_geo_bouillante9046 generator to eu-fra node...
INFO [2024-10-25 01:23:14] [THERMAL] - Adding fra_wav_rance10241 generator to eu-fra node...
INFO [2024-10-25 01:23:14] [THERMAL] - Adding fra_wav_capacityscaler generator to eu-fra node...
INFO [2024-10-25 01:23:14] [THERMAL] - Adding gbr_gas_corby18862_coolkeeragh18856_enfield19078_seabank2203 generator to eu-gbr node...
INFO [2024-10-25 01:23:14] [THERMAL] - Adding gbr_cog_vpiimmingham20664_grainchp19248 generator to eu-gbr node...
INFO [2024-10-25 01:23:14] [THERMAL] - Adding gbr_gas_cowes18886_kilrootocgt19533_taylorslaneg20528_glanfo generator to eu-gbr node...
INFO [2024-10-25 01:23:15] [THERMAL] - Adding gbr_gas_didcotgt18985_ballylumfordb18447 generator to eu-gbr node...
INFO [2024-10-25 01:23:15] [THERMAL] - Adding gbr_gas_chippenham18798_littlebarford19712 generator to eu-gbr node...
INFO [2024-10-25 01:23:15] [THERMAL] - Adding gbr_gas_draxgt19003 generator to eu-gbr node...
INFO [2024-10-25 01:23:15] [THERMAL] - Adding gbr_gas_castleford18752_graingt19249_sandbach20304_blackburn generator to eu-gbr node...
INFO [2024-10-25 01:23:15] [THERMAL] - Adding gbr_cog_fellsidechp19117 generator to eu-gbr node...
INFO [2024-10-25 01:23:15] [THERMAL] - Adding gbr_gas_medway19865_staythorpec20464_ryehouse20283_littlebar generator to eu-gbr node...
INFO [2024-10-25 01:23:15] [THERMAL] - Adding gbr_gas_southhumberba20409_westburtonccg20714_connahsquay188 generator to eu-gbr node...
INFO [2024-10-25 01:23:15] [THERMAL] - Adding gbr_cog_stevenscroft20465_thornhill20562_aberthawgt18331_coo generator to eu-gbr node...
INFO [2024-10-25 01:23:15] [THERMAL] - Adding gbr_gas_keadbygt19505 generator to eu-gbr node...
INFO [2024-10-25 01:23:15] [THERMAL] - Adding gbr_cog_selchperf20288_baglanbayocgt18432_ratcliffegt20196_s generator to eu-gbr node...
INFO [2024-10-25 01:23:16] [THERMAL] - Adding gbr_gas_barry18468_peterborough20120 generator to eu-gbr node...
INFO [2024-10-25 01:23:16] [THERMAL] - Adding gbr_gas_peterhead20122_cottamdevelopm18876_coryton18870_salt generator to eu-gbr node...
INFO [2024-10-25 01:23:16] [THERMAL] - Adding gbr_cog_markinchchp19842 generator to eu-gbr node...
INFO [2024-10-25 01:23:16] [THERMAL] - Adding gbr_gas_spalding20427_carrington18739_killingholme19528_lang generator to eu-gbr node...
INFO [2024-10-25 01:23:16] [THERMAL] - Adding gbr_gas_deeside18969_baglanbayccgt18431 generator to eu-gbr node...
INFO [2024-10-25 01:23:16] [THERMAL] - Adding gbr_gas_damheadcreek18950_ballylumfordb18446_rocksavage20242 generator to eu-gbr node...
INFO [2024-10-25 01:23:16] [THERMAL] - Adding gbr_gas_marchwood19836_severnpower20335 generator to eu-gbr node...
INFO [2024-10-25 01:23:16] [THERMAL] - Adding gbr_coa_uskmouthpower20661 generator to eu-gbr node...
INFO [2024-10-25 01:23:16] [THERMAL] - Adding gbr_coa_kilroot19532 generator to eu-gbr node...
INFO [2024-10-25 01:23:16] [THERMAL] - Adding gbr_coa_aberthawb18330 generator to eu-gbr node...
INFO [2024-10-25 01:23:17] [THERMAL] - Adding gbr_coa_eggborough19064 generator to eu-gbr node...
INFO [2024-10-25 01:23:17] [THERMAL] - Adding gbr_coa_drax19002 generator to eu-gbr node...
INFO [2024-10-25 01:23:17] [THERMAL] - Adding gbr_coa_ratcliffe20195 generator to eu-gbr node...
INFO [2024-10-25 01:23:17] [THERMAL] - Adding gbr_coa_cottam18875_westburton20713 generator to eu-gbr node...
INFO [2024-10-25 01:23:17] [THERMAL] - Adding gbr_coa_capacityscaler generator to eu-gbr node...
INFO [2024-10-25 01:23:17] [THERMAL] - Adding gbr_bio_gooseylodgein19239_envirecover19080_lincolnefw19703_ generator to eu-gbr node...
INFO [2024-10-25 01:23:17] [THERMAL] - Adding gbr_bio_iggesundpaperb19472_wilton11efw20794_fibrepowerslo19 generator to eu-gbr node...
INFO [2024-10-25 01:23:17] [THERMAL] - Adding gbr_was_tridentpark20617_tyseleyerf20646_severnsideener20339 generator to eu-gbr node...
INFO [2024-10-25 01:23:17] [THERMAL] - Adding gbr_was_northeastener19995_greatmoorefw19277_fourashesefw191 generator to eu-gbr node...
INFO [2024-10-25 01:23:18] [THERMAL] - Adding gbr_bio_arladairysite18385_aspatriacreame18398_bentwaterschp generator to eu-gbr node...
INFO [2024-10-25 01:23:18] [THERMAL] - Adding gbr_bio_barnsley1_518465_libertysteelp19697_thorntonpower205 generator to eu-gbr node...
INFO [2024-10-25 01:23:18] [THERMAL] - Adding gbr_bio_acshropshire18317_balcastimberb18438_canningtoncold1 generator to eu-gbr node...
INFO [2024-10-25 01:23:18] [THERMAL] - Adding gbr_was_riversideresou20237_ferrybridgemul19125_runcornefw20 generator to eu-gbr node...
INFO [2024-10-25 01:23:18] [THERMAL] - Adding gbr_bio_capacityscaler generator to eu-gbr node...
INFO [2024-10-25 01:23:18] [THERMAL] - Adding gbr_was_edmonton19061 generator to eu-gbr node...
INFO [2024-10-25 01:23:18] [THERMAL] - Adding gbr_bio_eyesuffolk19094_glanford19202_westernwooden20740_dun generator to eu-gbr node...
INFO [2024-10-25 01:23:18] [THERMAL] - Adding gbr_was_lakesideefw19567_elean19068_wilton1020793_briggrenew generator to eu-gbr node...
INFO [2024-10-25 01:23:19] [THERMAL] - Adding gbr_bio_avonmouth18415_avonmouthlowc18416_holbrookcommun1942 generator to eu-gbr node...
INFO [2024-10-25 01:23:19] [THERMAL] - Adding gbr_bio_ridhamchpplan20226_caledonianpape18706_ardleyefw1837 generator to eu-gbr node...
INFO [2024-10-25 01:23:19] [THERMAL] - Adding gbr_bio_saicapapermil20286_thetford20556_snettertonbiom20397 generator to eu-gbr node...
INFO [2024-10-25 01:23:19] [THERMAL] - Adding gbr_bio_blackburnmeado18555_ardwickrailway18381_aberthawpowe generator to eu-gbr node...
INFO [2024-10-25 01:23:19] [THERMAL] - Adding gbr_was_allingtonefw18353 generator to eu-gbr node...
INFO [2024-10-25 01:23:19] [THERMAL] - Adding gbr_was_crossgreenerf18915_pitsealandfill20132_speysidebioma generator to eu-gbr node...
INFO [2024-10-25 01:23:19] [THERMAL] - Adding gbr_bio_becktongaspre18486_sheffielderf20347_teessideefw2053 generator to eu-gbr node...
INFO [2024-10-25 01:23:19] [THERMAL] - Adding gbr_bio_14tullywiggan18314_abbotsmoorfar18327_abpellesmerea1 generator to eu-gbr node...
INFO [2024-10-25 01:23:20] [THERMAL] - Adding gbr_nuc_heysham219373 generator to eu-gbr node...
INFO [2024-10-25 01:23:20] [THERMAL] - Adding gbr_nuc_hinkleypointb19421 generator to eu-gbr node...
INFO [2024-10-25 01:23:20] [THERMAL] - Adding gbr_nuc_hunterstonb19464 generator to eu-gbr node...
INFO [2024-10-25 01:23:20] [THERMAL] - Adding gbr_nuc_dungenessb19020 generator to eu-gbr node...
INFO [2024-10-25 01:23:20] [THERMAL] - Adding gbr_nuc_heysham119372 generator to eu-gbr node...
INFO [2024-10-25 01:23:20] [THERMAL] - Adding gbr_nuc_hartlepool19347 generator to eu-gbr node...
INFO [2024-10-25 01:23:20] [THERMAL] - Adding gbr_nuc_torness20587 generator to eu-gbr node...
INFO [2024-10-25 01:23:21] [THERMAL] - Adding gbr_nuc_sizewellb20375 generator to eu-gbr node...
INFO [2024-10-25 01:23:21] [THERMAL] - Adding gbr_oil_tiree20575 generator to eu-gbr node...
INFO [2024-10-25 01:23:21] [THERMAL] - Adding gbr_oil_bowmore18601 generator to eu-gbr node...
INFO [2024-10-25 01:23:21] [THERMAL] - Adding gbr_oil_fiveoaks19138_lochcarnanso19738_thatcham20540 generator to eu-gbr node...
INFO [2024-10-25 01:23:21] [THERMAL] - Adding gbr_oil_kirkwall19548 generator to eu-gbr node...
INFO [2024-10-25 01:23:21] [THERMAL] - Adding gbr_oil_stornoway20480 generator to eu-gbr node...
INFO [2024-10-25 01:23:21] [THERMAL] - Adding gbr_oil_burghfield18663_chickerell18793 generator to eu-gbr node...
INFO [2024-10-25 01:23:21] [THERMAL] - Adding gbr_oil_lerwick19694 generator to eu-gbr node...
INFO [2024-10-25 01:23:22] [THERMAL] - Adding gbr_oil_indianqueens19477 generator to eu-gbr node...
INFO [2024-10-25 01:23:22] [THERMAL] - Adding gbr_oil_capacityscaler generator to eu-gbr node...
INFO [2024-10-25 01:23:22] [THERMAL] - Adding gbr_wav_europeanmarine19087_hammerfesteme19331 generator to eu-gbr node...
INFO [2024-10-25 01:23:22] [THERMAL] - Adding gbr_wav_fallofwarness19102_seagentidalfa20322 generator to eu-gbr node...
INFO [2024-10-25 01:23:22] [THERMAL] - Adding gbr_wav_thefallofwar20543 generator to eu-gbr node...
INFO [2024-10-25 01:23:22] [THERMAL] - Adding gbr_wav_innersoundpha19480 generator to eu-gbr node...
INFO [2024-10-25 01:23:22] [THERMAL] - Adding gbr_wav_haylewavehub19359 generator to eu-gbr node...
INFO [2024-10-25 01:23:23] [THERMAL] - Adding ita_gas_milazzo13461_celano13397_sarmato13537 generator to eu-ita node...
INFO [2024-10-25 01:23:23] [THERMAL] - Adding ita_gas_torviscosa13573_ccgtaprilia13395 generator to eu-ita node...
INFO [2024-10-25 01:23:23] [THERMAL] - Adding ita_gas_candela13388_centraleditev13399_centraleditur13400_c generator to eu-ita node...
INFO [2024-10-25 01:23:23] [THERMAL] - Adding ita_gas_terminiimerese13566_enipowerbrindi13420_sarlux13536 generator to eu-ita node...
INFO [2024-10-25 01:23:23] [THERMAL] - Adding ita_gas_isabenergy13439_e_onc_telivor13416_altomonte13356_pi generator to eu-ita node...
INFO [2024-10-25 01:23:23] [THERMAL] - Adding ita_gas_montaltoaless13464_sermide13541 generator to eu-ita node...
INFO [2024-10-25 01:23:23] [THERMAL] - Adding ita_gas_ostiglia13494_pietrafitta13500_lacasellac_le13444 generator to eu-ita node...
INFO [2024-10-25 01:23:23] [THERMAL] - Adding ita_gas_porcari13505_ctetamarete13410 generator to eu-ita node...
INFO [2024-10-25 01:23:23] [THERMAL] - Adding ita_gas_energiamolise13419 generator to eu-ita node...
INFO [2024-10-25 01:23:23] [THERMAL] - Adding ita_gas_centraledisca13398_apienergiaigc13358_gissi13433 generator to eu-ita node...
INFO [2024-10-25 01:23:23] [THERMAL] - Adding ita_gas_azotati13363_ctenucenord13409_larinotg13449 generator to eu-ita node...
INFO [2024-10-25 01:23:24] [THERMAL] - Adding ita_gas_torrevaldaliga13571_chivasso13404_portocorsini13506_ generator to eu-ita node...
INFO [2024-10-25 01:23:24] [THERMAL] - Adding ita_gas_trapanic_le13574_tordivalle13569 generator to eu-ita node...
INFO [2024-10-25 01:23:24] [THERMAL] - Adding ita_gas_moncalieri13463_santabarbara13557 generator to eu-ita node...
INFO [2024-10-25 01:23:24] [THERMAL] - Adding ita_gas_vadoligure13589_maddaloni13470 generator to eu-ita node...
INFO [2024-10-25 01:23:24] [THERMAL] - Adding ita_gas_bussi13380_portoviro13509 generator to eu-ita node...
INFO [2024-10-25 01:23:24] [THERMAL] - Adding ita_gas_terni13567 generator to eu-ita node...
INFO [2024-10-25 01:23:24] [THERMAL] - Adding ita_gas_sanquirico13535_jesi13443_verzuolo13594 generator to eu-ita node...
INFO [2024-10-25 01:23:24] [THERMAL] - Adding ita_gas_cassanodadd13414_enipowerravenn13421 generator to eu-ita node...
INFO [2024-10-25 01:23:24] [THERMAL] - Adding ita_gas_leini13451_rizziconi13526_simericrichi13544_sparanis generator to eu-ita node...
INFO [2024-10-25 01:23:25] [THERMAL] - Adding ita_coa_pietrovannucci13517 generator to eu-ita node...
INFO [2024-10-25 01:23:25] [THERMAL] - Adding ita_coa_monfalconepowe13477 generator to eu-ita node...
INFO [2024-10-25 01:23:25] [THERMAL] - Adding ita_coa_sulcispowerst13562 generator to eu-ita node...
INFO [2024-10-25 01:23:25] [THERMAL] - Adding ita_coa_brindisinordp13385_fiumesantopow13427 generator to eu-ita node...
INFO [2024-10-25 01:23:25] [THERMAL] - Adding ita_coa_andreapalladio13371 generator to eu-ita node...
INFO [2024-10-25 01:23:25] [THERMAL] - Adding ita_coa_laspeziapower13455 generator to eu-ita node...
INFO [2024-10-25 01:23:25] [THERMAL] - Adding ita_coa_torrevaldaliga13578 generator to eu-ita node...
INFO [2024-10-25 01:23:25] [THERMAL] - Adding ita_coa_brindisisudpo13386 generator to eu-ita node...
INFO [2024-10-25 01:23:25] [THERMAL] - Adding ita_bio_capacityscaler generator to eu-ita node...
INFO [2024-10-25 01:23:26] [THERMAL] - Adding ita_oil_lamarmora13446 generator to eu-ita node...
INFO [2024-10-25 01:23:26] [THERMAL] - Adding ita_oil_portoempedocle13507 generator to eu-ita node...
INFO [2024-10-25 01:23:26] [THERMAL] - Adding ita_oil_livornomarzocc13453 generator to eu-ita node...
INFO [2024-10-25 01:23:26] [THERMAL] - Adding ita_oil_portoscuso13518 generator to eu-ita node...
INFO [2024-10-25 01:23:26] [THERMAL] - Adding ita_oil_assemini13360 generator to eu-ita node...
INFO [2024-10-25 01:23:26] [THERMAL] - Adding ita_oil_augustac_le13361 generator to eu-ita node...
INFO [2024-10-25 01:23:26] [THERMAL] - Adding ita_oil_piombinotermic13501 generator to eu-ita node...
INFO [2024-10-25 01:23:26] [THERMAL] - Adding ita_oil_turbigo13577 generator to eu-ita node...
INFO [2024-10-25 01:23:27] [THERMAL] - Adding ita_oil_sanfilippodel13534 generator to eu-ita node...
INFO [2024-10-25 01:23:27] [THERMAL] - Adding ita_oil_portotolle13508 generator to eu-ita node...
INFO [2024-10-25 01:23:27] [THERMAL] - Adding ita_oil_rossanote13529 generator to eu-ita node...
INFO [2024-10-25 01:23:27] [THERMAL] - Adding ita_geo_nuovalago13484_nuovamonteroto13487 generator to eu-ita node...
INFO [2024-10-25 01:23:27] [THERMAL] - Adding ita_geo_nuovacastelnuo13482 generator to eu-ita node...
INFO [2024-10-25 01:23:27] [THERMAL] - Adding ita_geo_chiusdino113403_cornia213407_monteverdi113466_montev generator to eu-ita node...
INFO [2024-10-25 01:23:27] [THERMAL] - Adding ita_geo_nuovamolinetto13486_pianacce13496_rancia113523_ranci generator to eu-ita node...
INFO [2024-10-25 01:23:27] [THERMAL] - Adding ita_geo_bagnore313374_carboli113390_carboli213391_nuovagabbr generator to eu-ita node...
INFO [2024-10-25 01:23:27] [THERMAL] - Adding ita_geo_lagonirossi13445_leprata13450_piancastagnaio13497_pi generator to eu-ita node...
INFO [2024-10-25 01:23:28] [THERMAL] - Adding ita_geo_bagnore413375_nuovasanmarti13489_travale413576 generator to eu-ita node...
INFO [2024-10-25 01:23:28] [THERMAL] - Adding ita_geo_nuovaserrazzan13491 generator to eu-ita node...
INFO [2024-10-25 01:23:28] [THERMAL] - Adding ita_geo_farinello13426 generator to eu-ita node...
INFO [2024-10-25 01:23:28] [THERMAL] - Adding ita_geo_nuovaradicondo13488 generator to eu-ita node...
INFO [2024-10-25 01:23:28] [THERMAL] - Adding ita_geo_vallesecolo13590 generator to eu-ita node...
INFO [2024-10-25 01:23:28] [THERMAL] - Adding ita_wav_capacityscaler generator to eu-ita node...
INFO [2024-10-25 01:23:28] [THERMAL] - Adding ita_oth_acerra13354 generator to eu-ita node...
INFO [2024-10-25 01:23:29] [THERMAL] - Adding ita_oth_novel13481 generator to eu-ita node...
INFO [2024-10-25 01:23:29] [THERMAL] - Adding ita_oth_pomiglianodar13502 generator to eu-ita node...
INFO [2024-10-25 01:23:29] [THERMAL] - Adding ita_oth_sestosangiova13543 generator to eu-ita node...
INFO [2024-10-25 01:23:29] [THERMAL] - Generating timeseries for maintenance of thermal generators...
INFO [2024-10-25 01:23:36] [THERMAL] - Done generating maintenance timeseries!
INFO [2024-10-25 01:23:36] [MAIN] - Done adding thermal data! (run time : 0.97min).

INFO [2024-10-25 01:23:36] [MAIN] - Fetching battery data...

INFO [2024-10-25 01:23:37] [MAIN] - Aggregating identical batteries...
INFO [2024-10-25 01:23:37] [MAIN] - Running 5-clustering algorithm on batteries...
INFO [2024-10-25 01:23:37] [BATTERIES] - Clustered the similar batteries DEU_CHE_10kW100kWhHaakF228_CellcubeWilliba238_SmartRegionPell261_DMGGildemeister241 into one battery : DEU_CHE_10kW100kWhHaakF228_CellcubeWilliba238_SmartRegionPel
INFO [2024-10-25 01:23:37] [BATTERIES] - Clustered the similar batteries DEU_CHE_BoschBraderupES235_1MWLESSYVolklin230_RedoxWindTheFra256 into one battery : DEU_CHE_BoschBraderupES235_1MWLESSYVolklin230_RedoxWindTheFr
INFO [2024-10-25 01:23:37] [BATTERIES] - Clustered the similar batteries DEU_CHE_YounicosandVatt266_EEBattEnergyNei244_250kW1MWhElCheW231_BatteryEnergySt233 into one battery : DEU_CHE_YounicosandVatt266_EEBattEnergyNei244_250kW1MWhElChe
INFO [2024-10-25 01:23:37] [BATTERIES] - Clustered the similar batteries DEU_CHE_CatervaSWARM237_BoschBraderupES236_DREWAGReick2MWP242 into one battery : DEU_CHE_CatervaSWARM237_BoschBraderupES236_DREWAGReick2MWP24
INFO [2024-10-25 01:23:37] [BATTERIES] - Clustered the similar batteries DEU_CHE_IHEMIntelligent251_Web2EnergySmart264_IntelligentesNe252_BatteryEnergySt232_Netlab2Sonderbu253_SmartOperatorW_SwagBoschCommun263_CustomerProject239_FastChargingeBu247_HIUPVBatterySys250_QinousDemonstra255 into one battery : DEU_CHE_IHEMIntelligent251_Web2EnergySmart264_IntelligentesN
INFO [2024-10-25 01:23:37] [BATTERIES] - Clustered the similar batteries DEU_PHS_Kirchentellinsf282_Ruselkraftwerke291_SorpeseePumpedS294_TanzmhlePumpedS295_NiederwarthaPum287_SchwarzenbachPu292_LeitzachwerkI284_LeitzachwerkII285_WendefurthPower300_BleilochPumpedS274_GlemsPumpedStor277_ReisachPumpedSt288_HusernPumpedSto281_GeesthachtPumpe276_WaldeckIPumpedH297_RnkhausenPumped290_WaldshutPumpedS298_Langenprozelten283_WitznauPumpedSt301_ErzhausenPumped275 into one battery : DEU_PHS_Kirchentellinsf282_Ruselkraftwerke291_SorpeseePumped
INFO [2024-10-25 01:23:37] [BATTERIES] - Clustered the similar batteries DEU_PHS_HerdeckePumpedS279_SckingenPumpedS293_HohenwartePumpe280 into one battery : DEU_PHS_HerdeckePumpedS279_SckingenPumpedS293_HohenwartePump
INFO [2024-10-25 01:23:37] [BATTERIES] - Clustered the similar batteries ESP_THE_GemasolarPlant358_PlantaSolar20So365_PuertoErrado2Th367 into one battery : ESP_THE_GemasolarPlant358_PlantaSolar20So365_PuertoErrado2Th
INFO [2024-10-25 01:23:37] [BATTERIES] - Clustered the similar batteries ESP_THE_LaDehesaSolarPo360_LaFloridaSolarP361_Andasol1CSPSola345_Andasol2CSPSola346_Andasol3CSPSol into one battery : ESP_THE_LaDehesaSolarPo360_LaFloridaSolarP361_Andasol1CSPSol
INFO [2024-10-25 01:23:37] [BATTERIES] - Clustered the similar batteries ESP_PHS_GobantesHydroel331_UrdicetoHydroel342_ElHierroHydroWi328_PintadoHydroele337_GuijodeGrandadi332_IbndeIpHydroele334_CardosValleyHyd326_GabrielYGalanHy330_TorrejonHydroel341_TanesHydroelect340_GuillenaHydroel333_AguayoIPumpedSt324_TajoDeLaEncanta339_EstanyGentoSall329 into one battery : ESP_PHS_GobantesHydroel331_UrdicetoHydroel342_ElHierroHydroW
INFO [2024-10-25 01:23:37] [BATTERIES] - Clustered the similar batteries ESP_PHS_ValdencanasHydr343_ConsoHydroelect327_PuenteBibeyHydr338 into one battery : ESP_PHS_ValdencanasHydr343_ConsoHydroelect327_PuenteBibeyHyd
INFO [2024-10-25 01:23:37] [BATTERIES] - Clustered the similar batteries GBR_CHE_WelshHouseTesla416_NorthernPowergr406_NorthernPowergr407_NorthernPowerg_SloughZeroCarbo414_NorthernPowergr409_NorthernPowergr410 into one battery : GBR_CHE_WelshHouseTesla416_NorthernPowergr406_NorthernPowerg
INFO [2024-10-25 01:23:37] [BATTERIES] - Clustered the similar batteries GBR_CHE_EPSRCGridConnec399_OrkneyStoragePa412_NorthernPowergr411 into one battery : GBR_CHE_EPSRCGridConnec399_OrkneyStoragePa412_NorthernPowerg
INFO [2024-10-25 01:23:37] [BATTERIES] - Clustered the similar batteries ITA_CHE_EnelLivornoTest466_TozziEnergyStor489_SmartPolygenera473_TozziGreeniNEXT490 into one battery : ITA_CHE_EnelLivornoTest466_TozziEnergyStor489_SmartPolygener
INFO [2024-10-25 01:23:37] [BATTERIES] - Clustered the similar batteries ITA_CHE_TernaSANCProjec474_TernaSANCProjec475_TernaSANCProjec476 into one battery : ITA_CHE_TernaSANCProjec474_TernaSANCProjec475_TernaSANCProje
INFO [2024-10-25 01:23:37] [BATTERIES] - Clustered the similar batteries ITA_CHE_ACEARaffineriaS460_EnelLivornoTest465_EnelVoltageRegu469_EnelVoltageRegu470 into one battery : ITA_CHE_ACEARaffineriaS460_EnelLivornoTest465_EnelVoltageReg
INFO [2024-10-25 01:23:37] [BATTERIES] - Clustered the similar batteries ITA_CHE_TernaStorageLab477_EnelIserniaSmar463_GRID4EUDemo4Ene472_TernaStorageLa into one battery : ITA_CHE_TernaStorageLab477_EnelIserniaSmar463_GRID4EUDemo4En
INFO [2024-10-25 01:23:37] [BATTERIES] - Clustered the similar batteries ITA_PHS_FadaltoHydroPow499_BargiHydroPower493_AnapoSolarinoPu492 into one battery : ITA_PHS_FadaltoHydroPow499_BargiHydroPower493_AnapoSolarinoP
INFO [2024-10-25 01:23:37] [BATTERIES] - Clustered the similar batteries ITA_PHS_CampoMoroHydroP494_PracomuneHydroP503_GaudalamiHydroP500_PonaleRivadelGa501_CapriatiHydroPo495_RovinaHydroPowe506_VillaGargnanoHy509_ProvvidenzaHydr504_PontVentouxSusa502 into one battery : ITA_PHS_CampoMoroHydroP494_PracomuneHydroP503_GaudalamiHydro
INFO [2024-10-25 01:23:37] [BATTERIES] - Clustered the similar batteries ITA_PHS_RoncovalgrandeL505_DomenicoCimaros497_ChiotasHydroPow496 into one battery : ITA_PHS_RoncovalgrandeL505_DomenicoCimaros497_ChiotasHydroPo
INFO [2024-10-25 01:23:37] [MAIN] - Done running 5-clustering algorithm on batteries!

INFO [2024-10-25 01:23:37] [BATTERY] - Adding MAR_THE_AitBahaPlantThe658 battery to af-mar node...
INFO [2024-10-25 01:23:37] [BATTERY] - Adding MAR_THE_NOORIOuarzazate659 battery to af-mar node...
INFO [2024-10-25 01:23:37] [BATTERY] - Adding MAR_PHS_AfourerPumpedSt657 battery to af-mar node...
INFO [2024-10-25 01:23:38] [BATTERY] - Adding DEU_CHE_FeldheimRegiona248_WEMAGSchwerinBa265 battery to eu-deu node...
INFO [2024-10-25 01:23:38] [BATTERY] - Adding DEU_CHE_YounicosandVatt266_EEBattEnergyNei244_250kW1MWhElChe battery to eu-deu node...
INFO [2024-10-25 01:23:38] [BATTERY] - Adding DEU_CHE_SmartRegionPell262 battery to eu-deu node...
INFO [2024-10-25 01:23:38] [BATTERY] - Adding DEU_CHE_CatervaSWARM237_BoschBraderupES236_DREWAGReick2MWP24 battery to eu-deu node...
INFO [2024-10-25 01:23:38] [BATTERY] - Adding DEU_CHE_IHEMIntelligent251_Web2EnergySmart264_IntelligentesN battery to eu-deu node...
INFO [2024-10-25 01:23:38] [BATTERY] - Adding DEU_CHE_Drverden3MWBatt243_BESSNeuhardenbe234 battery to eu-deu node...
INFO [2024-10-25 01:23:38] [BATTERY] - Adding DEU_CHE_Daimler2ndLifeS240_15MWEnergyStora229 battery to eu-deu node...
INFO [2024-10-25 01:23:38] [BATTERY] - Adding DEU_CHE_10kW100kWhHaakF228_CellcubeWilliba238_SmartRegionPel battery to eu-deu node...
INFO [2024-10-25 01:23:39] [BATTERY] - Adding DEU_CHE_BoschBraderupES235_1MWLESSYVolklin230_RedoxWindTheFr battery to eu-deu node...
INFO [2024-10-25 01:23:39] [BATTERY] - Adding DEU_CHE_GermanyResident249 battery to eu-deu node...
INFO [2024-10-25 01:23:39] [BATTERY] - Adding DEU_CHE_SmartOperator257_SmartOperatorKi258 battery to eu-deu node...
INFO [2024-10-25 01:23:39] [BATTERY] - Adding DEU_CHE_SmartOperatorWi259_QinousDemonstra254 battery to eu-deu node...
INFO [2024-10-25 01:23:39] [BATTERY] - Adding DEU_CHE_EnergyBufferUni246 battery to eu-deu node...
INFO [2024-10-25 01:23:39] [BATTERY] - Adding DEU_CHE_YounicosandVatt267 battery to eu-deu node...
INFO [2024-10-25 01:23:39] [BATTERY] - Adding DEU_CHE_EnerconWindTurb245 battery to eu-deu node...
INFO [2024-10-25 01:23:39] [BATTERY] - Adding DEU_THE_JulichSolarTowe302 battery to eu-deu node...
INFO [2024-10-25 01:23:40] [BATTERY] - Adding DEU_HYD_ThgaDemonstrati273 battery to eu-deu node...
INFO [2024-10-25 01:23:40] [BATTERY] - Adding DEU_HYD_EnBWStuttgartHy270 battery to eu-deu node...
INFO [2024-10-25 01:23:40] [BATTERY] - Adding DEU_HYD_E.ONquotPowerto269_Grapzow140MWWin272 battery to eu-deu node...
INFO [2024-10-25 01:23:40] [BATTERY] - Adding DEU_HYD_AudiegasProject268_EnergieparkMain271 battery to eu-deu node...
INFO [2024-10-25 01:23:40] [BATTERY] - Adding DEU_PHS_Kirchentellinsf282_Ruselkraftwerke291_SorpeseePumped battery to eu-deu node...
INFO [2024-10-25 01:23:40] [BATTERY] - Adding DEU_PHS_RiedlEnergyStor289_WaldeckII296 battery to eu-deu node...
INFO [2024-10-25 01:23:40] [BATTERY] - Adding DEU_PHS_HerdeckePumpedS279_SckingenPumpedS293_HohenwartePump battery to eu-deu node...
INFO [2024-10-25 01:23:41] [BATTERY] - Adding DEU_PHS_GoldisthalPumpe278 battery to eu-deu node...
INFO [2024-10-25 01:23:41] [BATTERY] - Adding DEU_PHS_WehrPumpedStora299_MarkersbachPump286 battery to eu-deu node...
INFO [2024-10-25 01:23:41] [BATTERY] - Adding ESP_CHE_FerrolineraWESS316 battery to eu-esp node...
INFO [2024-10-25 01:23:41] [BATTERY] - Adding ESP_CHE_SmartCityMalaga322 battery to eu-esp node...
INFO [2024-10-25 01:23:41] [BATTERY] - Adding ESP_CHE_EndesaV2G315 battery to eu-esp node...
INFO [2024-10-25 01:23:41] [BATTERY] - Adding ESP_CHE_EndesaHQB2GBarc312_IRECB2G320_EndesaCRAVE311 battery to eu-esp node...
INFO [2024-10-25 01:23:41] [BATTERY] - Adding ESP_CHE_AlmacenaLithium308_EndesaSTOREGran313_SevilleBESSAbe battery to eu-esp node...
INFO [2024-10-25 01:23:42] [BATTERY] - Adding ESP_CHE_DuttPowerElectr310 battery to eu-esp node...
INFO [2024-10-25 01:23:42] [BATTERY] - Adding ESP_CHE_FerroSmartGridR318 battery to eu-esp node...
INFO [2024-10-25 01:23:42] [BATTERY] - Adding ESP_CHE_FerroSmartGridR319 battery to eu-esp node...
INFO [2024-10-25 01:23:42] [BATTERY] - Adding ESP_CHE_CENERVRB309 battery to eu-esp node...
INFO [2024-10-25 01:23:42] [BATTERY] - Adding ESP_CHE_FerrolineraWESS317 battery to eu-esp node...
INFO [2024-10-25 01:23:42] [BATTERY] - Adding ESP_CHE_EndesaSTORELaPa314 battery to eu-esp node...
INFO [2024-10-25 01:23:43] [BATTERY] - Adding ESP_THE_GemasolarPlant358_PlantaSolar20So365_PuertoErrado2Th battery to eu-esp node...
INFO [2024-10-25 01:23:43] [BATTERY] - Adding ESP_THE_PuertoErrado1Th366 battery to eu-esp node...
INFO [2024-10-25 01:23:43] [BATTERY] - Adding ESP_THE_LaDehesaSolarPo360_LaFloridaSolarP361_Andasol1CSPSol battery to eu-esp node...
INFO [2024-10-25 01:23:43] [BATTERY] - Adding ESP_THE_PlantaSolar10So364 battery to eu-esp node...
INFO [2024-10-25 01:23:43] [BATTERY] - Adding ESP_THE_Termosol2SolarP370 battery to eu-esp node...
INFO [2024-10-25 01:23:43] [BATTERY] - Adding ESP_PHS_MoraletsLlauset336_VillarinoAlmend344 battery to eu-esp node...
INFO [2024-10-25 01:23:43] [BATTERY] - Adding ESP_PHS_GobantesHydroel331_UrdicetoHydroel342_ElHierroHydroW battery to eu-esp node...
INFO [2024-10-25 01:23:44] [BATTERY] - Adding ESP_PHS_AguayoIIPumpedS323 battery to eu-esp node...
INFO [2024-10-25 01:23:44] [BATTERY] - Adding ESP_PHS_ValdencanasHydr343_ConsoHydroelect327_PuenteBibeyHyd battery to eu-esp node...
INFO [2024-10-25 01:23:44] [BATTERY] - Adding ESP_PHS_AldeadvilaHydro325_LaMuelapumpedst335 battery to eu-esp node...
INFO [2024-10-25 01:23:44] [BATTERY] - Adding FRA_CHE_NICEGRIDproject380 battery to eu-fra node...
INFO [2024-10-25 01:23:44] [BATTERY] - Adding FRA_CHE_DIYESS5kWhLiFeP376 battery to eu-fra node...
INFO [2024-10-25 01:23:45] [BATTERY] - Adding FRA_CHE_EDFRampDLesRena378_CarrosNICEGRIDP374 battery to eu-fra node...
INFO [2024-10-25 01:23:45] [BATTERY] - Adding FRA_CHE_NICEGRIDproject381 battery to eu-fra node...
INFO [2024-10-25 01:23:45] [BATTERY] - Adding FRA_CHE_ADEMEIntelligen373 battery to eu-fra node...
INFO [2024-10-25 01:23:45] [BATTERY] - Adding FRA_CHE_DieselGenerator375 battery to eu-fra node...
INFO [2024-10-25 01:23:45] [BATTERY] - Adding FRA_CHE_EDFENGabardoneP377 battery to eu-fra node...
INFO [2024-10-25 01:23:45] [BATTERY] - Adding FRA_CHE_INESProject379 battery to eu-fra node...
INFO [2024-10-25 01:23:46] [BATTERY] - Adding FRA_CHE_ReunionIslandPe382 battery to eu-fra node...
INFO [2024-10-25 01:23:46] [BATTERY] - Adding FRA_THE_AlbaNova1SolarP394 battery to eu-fra node...
INFO [2024-10-25 01:23:46] [BATTERY] - Adding FRA_HYD_UniveristyofCor383 battery to eu-fra node...
INFO [2024-10-25 01:23:46] [BATTERY] - Adding FRA_PHS_LaCochePumpedSt387_LePougetPumpedS390 battery to eu-fra node...
INFO [2024-10-25 01:23:46] [BATTERY] - Adding FRA_PHS_AlrancePumpedSt384_ArgentatPumpedS385 battery to eu-fra node...
INFO [2024-10-25 01:23:46] [BATTERY] - Adding FRA_PHS_MontzicPumpedSt391_Grand039MaisonD386 battery to eu-fra node...
INFO [2024-10-25 01:23:47] [BATTERY] - Adding FRA_PHS_SuperBissortePu393_RevinPumpedStor392 battery to eu-fra node...
INFO [2024-10-25 01:23:47] [BATTERY] - Adding FRA_PHS_LaRanceTidalPow388_LeCheylasPumped389 battery to eu-fra node...
INFO [2024-10-25 01:23:47] [BATTERY] - Adding GBR_CHE_SmarterNetworkS415 battery to eu-gbr node...
INFO [2024-10-25 01:23:47] [BATTERY] - Adding GBR_CHE_WelshHouseTesla416_NorthernPowergr406_NorthernPowerg battery to eu-gbr node...
INFO [2024-10-25 01:23:47] [BATTERY] - Adding GBR_CHE_SlepeFarmSolar2413 battery to eu-gbr node...
INFO [2024-10-25 01:23:48] [BATTERY] - Adding GBR_CHE_EPSRCGridConnec399_OrkneyStoragePa412_NorthernPowerg battery to eu-gbr node...
INFO [2024-10-25 01:23:48] [BATTERY] - Adding GBR_CHE_AESKilrootAdvan397 battery to eu-gbr node...
INFO [2024-10-25 01:23:48] [BATTERY] - Adding GBR_CHE_5kW40kWhredTWok396 battery to eu-gbr node...
INFO [2024-10-25 01:23:48] [BATTERY] - Adding GBR_CHE_250kWhBerkshire395 battery to eu-gbr node...
INFO [2024-10-25 01:23:48] [BATTERY] - Adding GBR_CHE_WesternPowerDis417 battery to eu-gbr node...
INFO [2024-10-25 01:23:48] [BATTERY] - Adding GBR_CHE_BatwindStatoil398 battery to eu-gbr node...
INFO [2024-10-25 01:23:49] [BATTERY] - Adding GBR_CHE_FlatHolmMicrogr400 battery to eu-gbr node...
INFO [2024-10-25 01:23:49] [BATTERY] - Adding GBR_CHE_HorseIslandMicr402_FoulaCommunityE401 battery to eu-gbr node...
INFO [2024-10-25 01:23:49] [BATTERY] - Adding GBR_CHE_IsleofEiggElect403 battery to eu-gbr node...
INFO [2024-10-25 01:23:49] [BATTERY] - Adding GBR_CHE_IsleofMuckMicro404_IsleofRumMicrog405 battery to eu-gbr node...
INFO [2024-10-25 01:23:49] [BATTERY] - Adding GBR_CHE_WPDFalconProjec418 battery to eu-gbr node...
INFO [2024-10-25 01:23:50] [BATTERY] - Adding GBR_PHS_FoyersPumpedSto422 battery to eu-gbr node...
INFO [2024-10-25 01:23:50] [BATTERY] - Adding GBR_PHS_FfestiniogPumpe421 battery to eu-gbr node...
INFO [2024-10-25 01:23:50] [BATTERY] - Adding GBR_PHS_CruachanPowerSt419 battery to eu-gbr node...
INFO [2024-10-25 01:23:50] [BATTERY] - Adding GBR_PHS_DinorwigPowerSt420 battery to eu-gbr node...
INFO [2024-10-25 01:23:50] [BATTERY] - Adding ITA_CHE_EnelLivornoTest464 battery to eu-ita node...
INFO [2024-10-25 01:23:51] [BATTERY] - Adding ITA_CHE_ACEARaffineriaS460_EnelLivornoTest465_EnelVoltageReg battery to eu-ita node...
INFO [2024-10-25 01:23:51] [BATTERY] - Adding ITA_CHE_TernaStorageLab477_EnelIserniaSmar463_GRID4EUDemo4En battery to eu-ita node...
INFO [2024-10-25 01:23:51] [BATTERY] - Adding ITA_CHE_EnelChiaravalle461_EnelDirilloSubs462_EnelPugliaESS4 battery to eu-ita node...
INFO [2024-10-25 01:23:51] [BATTERY] - Adding ITA_CHE_TernaStorageLab485_TernaStorageLab486 battery to eu-ita node...
INFO [2024-10-25 01:23:51] [BATTERY] - Adding ITA_CHE_EnelVentotenePr468 battery to eu-ita node...
INFO [2024-10-25 01:23:52] [BATTERY] - Adding ITA_CHE_TernaStorageLab480 battery to eu-ita node...
INFO [2024-10-25 01:23:52] [BATTERY] - Adding ITA_CHE_FIAMMGreenEnerg471 battery to eu-ita node...
INFO [2024-10-25 01:23:52] [BATTERY] - Adding ITA_CHE_TernaStorageLab487_TernaStorageLab488 battery to eu-ita node...
INFO [2024-10-25 01:23:52] [BATTERY] - Adding ITA_CHE_EnelLivornoTest466_TozziEnergyStor489_SmartPolygener battery to eu-ita node...
INFO [2024-10-25 01:23:52] [BATTERY] - Adding ITA_CHE_TernaSANCProjec474_TernaSANCProjec475_TernaSANCProje battery to eu-ita node...
INFO [2024-10-25 01:23:53] [BATTERY] - Adding ITA_THE_DalMolinThermal511 battery to eu-ita node...
INFO [2024-10-25 01:23:53] [BATTERY] - Adding ITA_THE_ArchimedeSolarP510 battery to eu-ita node...
INFO [2024-10-25 01:23:53] [BATTERY] - Adding ITA_HYD_INGRIDHydrogenD491 battery to eu-ita node...
INFO [2024-10-25 01:23:53] [BATTERY] - Adding ITA_PHS_FadaltoHydroPow499_BargiHydroPower493_AnapoSolarinoP battery to eu-ita node...
INFO [2024-10-25 01:23:54] [BATTERY] - Adding ITA_PHS_SanFioranoHydro507 battery to eu-ita node...
INFO [2024-10-25 01:23:54] [BATTERY] - Adding ITA_PHS_CampoMoroHydroP494_PracomuneHydroP503_GaudalamiHydro battery to eu-ita node...
INFO [2024-10-25 01:23:54] [BATTERY] - Adding ITA_PHS_RoncovalgrandeL505_DomenicoCimaros497_ChiotasHydroPo battery to eu-ita node...
INFO [2024-10-25 01:23:54] [BATTERY] - Adding ITA_PHS_TaloroHydroPowe508_EdoloPumpedStor498 battery to eu-ita node...
INFO [2024-10-25 01:23:54] [MAIN] - Done adding battery data! (run time : 0.29min).

INFO [2024-10-25 01:23:54] [MAIN] - Adding lines between areas...

