INFO [2024-10-25 01:22:14] [MAIN] - Initializing output folder...
INFO [2024-10-25 01:22:16] [MAIN] - Creating WorldT20B5_allLinks v3-4 study...

INFO [2024-10-25 01:22:16] [MAIN] - Unit commitment mode : ACCURATE
INFO [2024-10-25 01:22:16] [MAIN] - Adding nodes...

INFO [2024-10-25 01:22:19] [MAIN] - Done adding nodes! (run time : 2.44s).

INFO [2024-10-25 01:22:19] [MAIN] - Adding districts...

INFO [2024-10-25 01:22:20] [MAIN] - Done adding districts! (run time : 0.76s).

INFO [2024-10-25 01:22:20] [MAIN] - Adding load data...

INFO [2024-10-25 01:22:21] [MAIN] - Done adding load data! (run time : 1.5s).

INFO [2024-10-25 01:22:21] [MAIN] - Fetching wind data...

INFO [2024-10-25 01:22:22] [MAIN] - Done adding wind data! (run time : 0.46s).

INFO [2024-10-25 01:22:22] [MAIN] - Fetching solar data...

INFO [2024-10-25 01:22:22] [MAIN] - Done adding solar data! (run time : 0.47s).

INFO [2024-10-25 01:22:22] [MAIN] - Beginning hydro implementation...
INFO [2024-10-25 01:22:38] [MAIN] - Done adding hydro!
INFO [2024-10-25 01:22:38] [MAIN] - Fetching thermal data...
INFO [2024-10-25 01:23:36] [MAIN] - Done adding thermal data! (run time : 0.97min).

INFO [2024-10-25 01:23:36] [MAIN] - Fetching battery data...

INFO [2024-10-25 01:23:36] [MAIN] - Aggregating identical batteries...
INFO [2024-10-25 01:23:37] [MAIN] - Running 5-clustering algorithm on batteries...
INFO [2024-10-25 01:23:37] [MAIN] - Done running 5-clustering algorithm on batteries!

INFO [2024-10-25 01:23:54] [MAIN] - Done adding battery data! (run time : 0.29min).

INFO [2024-10-25 01:23:54] [MAIN] - Adding lines between areas...

