INFO [2024-09-04 16:37:57] [MAIN] - Creating v2_1clu__2024_09_04_16_37_56 study...

INFO [2024-09-04 16:37:57] [MAIN] - Unit commitment mode : ACCURATE
INFO [2024-09-04 16:37:57] [MAIN] - Adding nodes...

INFO [2024-09-04 16:38:01] [NODES] - Adding AF-AGO node...
INFO [2024-09-04 16:38:01] [NODES] - Adding AF-BDI node...
INFO [2024-09-04 16:38:02] [NODES] - Adding AF-BEN node...
INFO [2024-09-04 16:38:02] [NODES] - Adding AF-BFA node...
INFO [2024-09-04 16:38:03] [NODES] - Adding AF-BWA node...
INFO [2024-09-04 16:38:03] [NODES] - Adding AF-CAF node...
INFO [2024-09-04 16:38:03] [NODES] - Adding AF-CIV node...
INFO [2024-09-04 16:38:04] [NODES] - Adding AF-CMR node...
INFO [2024-09-04 16:38:04] [NODES] - Adding AF-COD node...
INFO [2024-09-04 16:38:05] [NODES] - Adding AF-COG node...
INFO [2024-09-04 16:38:05] [NODES] - Adding AF-CPV node...
INFO [2024-09-04 16:38:06] [NODES] - Adding AF-DJI node...
INFO [2024-09-04 16:38:06] [NODES] - Adding AF-DZA node...
INFO [2024-09-04 16:38:07] [NODES] - Adding AF-EGY node...
INFO [2024-09-04 16:38:07] [NODES] - Adding AF-ERI node...
INFO [2024-09-04 16:38:08] [NODES] - Adding AF-ESH node...
INFO [2024-09-04 16:38:08] [NODES] - Adding AF-ETH node...
INFO [2024-09-04 16:38:09] [NODES] - Adding AF-GAB node...
INFO [2024-09-04 16:38:09] [NODES] - Adding AF-GHA node...
INFO [2024-09-04 16:38:10] [NODES] - Adding AF-GIN node...
INFO [2024-09-04 16:38:11] [NODES] - Adding AF-GMB node...
INFO [2024-09-04 16:38:11] [NODES] - Adding AF-GNB node...
INFO [2024-09-04 16:38:12] [NODES] - Adding AF-GNQ node...
INFO [2024-09-04 16:38:12] [NODES] - Adding AF-KEN node...
INFO [2024-09-04 16:38:13] [NODES] - Adding AF-LBR node...
INFO [2024-09-04 16:38:14] [NODES] - Adding AF-LBY node...
INFO [2024-09-04 16:38:15] [NODES] - Adding AF-LSO node...
INFO [2024-09-04 16:38:15] [NODES] - Adding AF-MAR node...
INFO [2024-09-04 16:38:16] [NODES] - Adding AF-MDG node...
INFO [2024-09-04 16:38:17] [NODES] - Adding AF-MLI node...
INFO [2024-09-04 16:38:17] [NODES] - Adding AF-MOZ node...
INFO [2024-09-04 16:38:18] [NODES] - Adding AF-MRT node...
INFO [2024-09-04 16:38:19] [NODES] - Adding AF-MUS node...
INFO [2024-09-04 16:38:20] [NODES] - Adding AF-MWI node...
INFO [2024-09-04 16:38:20] [NODES] - Adding AF-NAM node...
INFO [2024-09-04 16:38:21] [NODES] - Adding AF-NER node...
INFO [2024-09-04 16:38:22] [NODES] - Adding AF-NGA node...
INFO [2024-09-04 16:38:23] [NODES] - Adding AF-RWA node...
INFO [2024-09-04 16:38:24] [NODES] - Adding AF-SDN node...
INFO [2024-09-04 16:38:25] [NODES] - Adding AF-SEN node...
INFO [2024-09-04 16:38:25] [NODES] - Adding AF-SLE node...
INFO [2024-09-04 16:38:26] [NODES] - Adding AF-SWZ node...
INFO [2024-09-04 16:38:27] [NODES] - Adding AF-TGO node...
INFO [2024-09-04 16:38:28] [NODES] - Adding AF-TUN node...
INFO [2024-09-04 16:38:29] [NODES] - Adding AF-TZA node...
INFO [2024-09-04 16:38:30] [NODES] - Adding AF-UGA node...
INFO [2024-09-04 16:38:31] [NODES] - Adding AF-ZAF node...
INFO [2024-09-04 16:38:32] [NODES] - Adding AF-ZMB node...
INFO [2024-09-04 16:38:32] [NODES] - Adding AF-ZWE node...
INFO [2024-09-04 16:38:33] [NODES] - Adding AS-AFG node...
INFO [2024-09-04 16:38:34] [NODES] - Adding AS-ARE node...
INFO [2024-09-04 16:38:35] [NODES] - Adding AS-BGD node...
INFO [2024-09-04 16:38:36] [NODES] - Adding AS-BHR node...
INFO [2024-09-04 16:38:37] [NODES] - Adding AS-BRN node...
INFO [2024-09-04 16:38:38] [NODES] - Adding AS-BTN node...
INFO [2024-09-04 16:38:39] [NODES] - Adding AS-CHN-AN node...
INFO [2024-09-04 16:38:40] [NODES] - Adding AS-CHN-BE node...
INFO [2024-09-04 16:38:41] [NODES] - Adding AS-CHN-CH node...
INFO [2024-09-04 16:38:42] [NODES] - Adding AS-CHN-EM node...
INFO [2024-09-04 16:38:43] [NODES] - Adding AS-CHN-FU node...
INFO [2024-09-04 16:38:44] [NODES] - Adding AS-CHN-GA node...
INFO [2024-09-04 16:38:45] [NODES] - Adding AS-CHN-GD node...
INFO [2024-09-04 16:38:47] [NODES] - Adding AS-CHN-GU node...
INFO [2024-09-04 16:38:48] [NODES] - Adding AS-CHN-GX node...
INFO [2024-09-04 16:38:49] [NODES] - Adding AS-CHN-HA node...
INFO [2024-09-04 16:38:50] [NODES] - Adding AS-CHN-HB node...
INFO [2024-09-04 16:38:51] [NODES] - Adding AS-CHN-HE node...
INFO [2024-09-04 16:38:52] [NODES] - Adding AS-CHN-HJ node...
INFO [2024-09-04 16:38:53] [NODES] - Adding AS-CHN-HK node...
INFO [2024-09-04 16:38:54] [NODES] - Adding AS-CHN-HN node...
INFO [2024-09-04 16:38:55] [NODES] - Adding AS-CHN-HU node...
INFO [2024-09-04 16:38:56] [NODES] - Adding AS-CHN-JI node...
INFO [2024-09-04 16:38:58] [NODES] - Adding AS-CHN-JS node...
INFO [2024-09-04 16:38:59] [NODES] - Adding AS-CHN-JX node...
INFO [2024-09-04 16:39:00] [NODES] - Adding AS-CHN-LI node...
INFO [2024-09-04 16:39:01] [NODES] - Adding AS-CHN-MA node...
INFO [2024-09-04 16:39:02] [NODES] - Adding AS-CHN-NI node...
INFO [2024-09-04 16:39:03] [NODES] - Adding AS-CHN-QI node...
INFO [2024-09-04 16:39:05] [NODES] - Adding AS-CHN-SC node...
INFO [2024-09-04 16:39:06] [NODES] - Adding AS-CHN-SD node...
INFO [2024-09-04 16:39:07] [NODES] - Adding AS-CHN-SH node...
INFO [2024-09-04 16:39:08] [NODES] - Adding AS-CHN-SI node...
INFO [2024-09-04 16:39:09] [NODES] - Adding AS-CHN-SX node...
INFO [2024-09-04 16:39:10] [NODES] - Adding AS-CHN-TI node...
INFO [2024-09-04 16:39:12] [NODES] - Adding AS-CHN-TJ node...
INFO [2024-09-04 16:39:13] [NODES] - Adding AS-CHN-WM node...
INFO [2024-09-04 16:39:14] [NODES] - Adding AS-CHN-XI node...
INFO [2024-09-04 16:39:16] [NODES] - Adding AS-CHN-YU node...
INFO [2024-09-04 16:39:17] [NODES] - Adding AS-CHN-ZH node...
INFO [2024-09-04 16:39:19] [NODES] - Adding AS-IDN node...
INFO [2024-09-04 16:39:21] [NODES] - Adding AS-IND-EA node...
INFO [2024-09-04 16:39:25] [NODES] - Adding AS-IND-NE node...
INFO [2024-09-04 16:39:28] [NODES] - Adding AS-IND-NO node...
INFO [2024-09-04 16:39:30] [NODES] - Adding AS-IND-SO node...
INFO [2024-09-04 16:39:32] [NODES] - Adding AS-IND-WE node...
INFO [2024-09-04 16:39:34] [NODES] - Adding AS-IRN node...
INFO [2024-09-04 16:39:35] [NODES] - Adding AS-IRQ node...
INFO [2024-09-04 16:39:37] [NODES] - Adding AS-ISR node...
INFO [2024-09-04 16:39:38] [NODES] - Adding AS-JOR node...
INFO [2024-09-04 16:39:40] [NODES] - Adding AS-JPN-CE node...
INFO [2024-09-04 16:39:41] [NODES] - Adding AS-JPN-HO node...
INFO [2024-09-04 16:39:42] [NODES] - Adding AS-JPN-KY node...
INFO [2024-09-04 16:39:44] [NODES] - Adding AS-JPN-OK node...
INFO [2024-09-04 16:39:46] [NODES] - Adding AS-JPN-SH node...
INFO [2024-09-04 16:39:47] [NODES] - Adding AS-JPN-TO node...
INFO [2024-09-04 16:39:49] [NODES] - Adding AS-KAZ node...
INFO [2024-09-04 16:39:50] [NODES] - Adding AS-KGZ node...
INFO [2024-09-04 16:39:52] [NODES] - Adding AS-KHM node...
INFO [2024-09-04 16:39:54] [NODES] - Adding AS-KOR node...
INFO [2024-09-04 16:39:55] [NODES] - Adding AS-KWT node...
INFO [2024-09-04 16:39:57] [NODES] - Adding AS-LAO node...
INFO [2024-09-04 16:39:58] [NODES] - Adding AS-LBN node...
INFO [2024-09-04 16:40:00] [NODES] - Adding AS-LKA node...
INFO [2024-09-04 16:40:01] [NODES] - Adding AS-MMR node...
INFO [2024-09-04 16:40:03] [NODES] - Adding AS-MNG node...
INFO [2024-09-04 16:40:05] [NODES] - Adding AS-MYS node...
INFO [2024-09-04 16:40:06] [NODES] - Adding AS-NPL node...
INFO [2024-09-04 16:40:08] [NODES] - Adding AS-OMN node...
INFO [2024-09-04 16:40:09] [NODES] - Adding AS-PAK node...
INFO [2024-09-04 16:40:11] [NODES] - Adding AS-PHL node...
INFO [2024-09-04 16:40:13] [NODES] - Adding AS-PRK node...
INFO [2024-09-04 16:40:14] [NODES] - Adding AS-QAT node...
INFO [2024-09-04 16:40:16] [NODES] - Adding AS-RUS-CE node...
INFO [2024-09-04 16:40:17] [NODES] - Adding AS-RUS-FE node...
INFO [2024-09-04 16:40:19] [NODES] - Adding AS-RUS-MV node...
INFO [2024-09-04 16:40:21] [NODES] - Adding AS-RUS-NW node...
INFO [2024-09-04 16:40:23] [NODES] - Adding AS-RUS-SI node...
INFO [2024-09-04 16:40:25] [NODES] - Adding AS-RUS-SO node...
INFO [2024-09-04 16:40:26] [NODES] - Adding AS-RUS-UR node...
INFO [2024-09-04 16:40:28] [NODES] - Adding AS-SAU node...
INFO [2024-09-04 16:40:30] [NODES] - Adding AS-SGP node...
INFO [2024-09-04 16:40:32] [NODES] - Adding AS-SYR node...
INFO [2024-09-04 16:40:33] [NODES] - Adding AS-THA node...
INFO [2024-09-04 16:40:35] [NODES] - Adding AS-TJK node...
INFO [2024-09-04 16:40:37] [NODES] - Adding AS-TKM node...
INFO [2024-09-04 16:40:38] [NODES] - Adding AS-TUR node...
INFO [2024-09-04 16:40:40] [NODES] - Adding AS-TWN node...
INFO [2024-09-04 16:40:42] [NODES] - Adding AS-UZB node...
INFO [2024-09-04 16:40:44] [NODES] - Adding AS-VNM node...
INFO [2024-09-04 16:40:46] [NODES] - Adding AS-YEM node...
INFO [2024-09-04 16:40:47] [NODES] - Adding EU-ALB node...
INFO [2024-09-04 16:40:49] [NODES] - Adding EU-ARM node...
INFO [2024-09-04 16:40:51] [NODES] - Adding EU-AUT node...
INFO [2024-09-04 16:40:53] [NODES] - Adding EU-AZE node...
INFO [2024-09-04 16:40:55] [NODES] - Adding EU-BEL node...
INFO [2024-09-04 16:40:56] [NODES] - Adding EU-BGR node...
INFO [2024-09-04 16:40:58] [NODES] - Adding EU-BIH node...
INFO [2024-09-04 16:41:00] [NODES] - Adding EU-BLR node...
INFO [2024-09-04 16:41:02] [NODES] - Adding EU-CHE node...
INFO [2024-09-04 16:41:04] [NODES] - Adding EU-CYP node...
INFO [2024-09-04 16:41:06] [NODES] - Adding EU-CZE node...
INFO [2024-09-04 16:41:08] [NODES] - Adding EU-DEU node...
INFO [2024-09-04 16:41:09] [NODES] - Adding EU-DNK node...
INFO [2024-09-04 16:41:11] [NODES] - Adding EU-ESP node...
INFO [2024-09-04 16:41:13] [NODES] - Adding EU-EST node...
INFO [2024-09-04 16:41:15] [NODES] - Adding EU-FIN node...
INFO [2024-09-04 16:41:18] [NODES] - Adding EU-FRA node...
INFO [2024-09-04 16:41:20] [NODES] - Adding EU-GBR node...
INFO [2024-09-04 16:41:22] [NODES] - Adding EU-GEO node...
INFO [2024-09-04 16:41:24] [NODES] - Adding EU-GRC node...
INFO [2024-09-04 16:41:26] [NODES] - Adding EU-HRV node...
INFO [2024-09-04 16:41:28] [NODES] - Adding EU-HUN node...
INFO [2024-09-04 16:41:30] [NODES] - Adding EU-IRL node...
INFO [2024-09-04 16:41:32] [NODES] - Adding EU-ISL node...
INFO [2024-09-04 16:41:34] [NODES] - Adding EU-ITA node...
INFO [2024-09-04 16:41:36] [NODES] - Adding EU-KOS node...
INFO [2024-09-04 16:41:38] [NODES] - Adding EU-LTU node...
INFO [2024-09-04 16:41:40] [NODES] - Adding EU-LUX node...
INFO [2024-09-04 16:41:42] [NODES] - Adding EU-LVA node...
INFO [2024-09-04 16:41:45] [NODES] - Adding EU-MDA node...
INFO [2024-09-04 16:41:47] [NODES] - Adding EU-MKD node...
INFO [2024-09-04 16:41:49] [NODES] - Adding EU-MNE node...
INFO [2024-09-04 16:41:51] [NODES] - Adding EU-NLD node...
INFO [2024-09-04 16:41:53] [NODES] - Adding EU-NOR node...
INFO [2024-09-04 16:41:55] [NODES] - Adding EU-POL node...
INFO [2024-09-04 16:41:57] [NODES] - Adding EU-PRT node...
INFO [2024-09-04 16:41:59] [NODES] - Adding EU-ROU node...
INFO [2024-09-04 16:42:01] [NODES] - Adding EU-SRB node...
INFO [2024-09-04 16:42:04] [NODES] - Adding EU-SVK node...
INFO [2024-09-04 16:42:06] [NODES] - Adding EU-SVN node...
INFO [2024-09-04 16:42:08] [NODES] - Adding EU-SWE node...
INFO [2024-09-04 16:42:10] [NODES] - Adding EU-UKR node...
INFO [2024-09-04 16:42:12] [NODES] - Adding OC-ATA node...
INFO [2024-09-04 16:42:15] [NODES] - Adding OC-AUS-NT node...
INFO [2024-09-04 16:42:17] [NODES] - Adding OC-AUS-QL node...
INFO [2024-09-04 16:42:19] [NODES] - Adding OC-AUS-SA node...
INFO [2024-09-04 16:42:21] [NODES] - Adding OC-AUS-SW node...
INFO [2024-09-04 16:42:24] [NODES] - Adding OC-AUS-TA node...
INFO [2024-09-04 16:42:26] [NODES] - Adding OC-AUS-VI node...
INFO [2024-09-04 16:42:28] [NODES] - Adding OC-AUS-WA node...
INFO [2024-09-04 16:42:31] [NODES] - Adding OC-FJI node...
INFO [2024-09-04 16:42:34] [NODES] - Adding OC-NZL node...
INFO [2024-09-04 16:42:37] [NODES] - Adding OC-PNG node...
INFO [2024-09-04 16:42:39] [NODES] - Adding NA-CAN-AB node...
INFO [2024-09-04 16:42:41] [NODES] - Adding NA-CAN-AR node...
INFO [2024-09-04 16:42:44] [NODES] - Adding NA-CAN-BC node...
INFO [2024-09-04 16:42:46] [NODES] - Adding NA-CAN-MB node...
INFO [2024-09-04 16:42:49] [NODES] - Adding NA-CAN-NL node...
INFO [2024-09-04 16:42:51] [NODES] - Adding NA-CAN-NO node...
INFO [2024-09-04 16:42:54] [NODES] - Adding NA-CAN-ON node...
INFO [2024-09-04 16:42:56] [NODES] - Adding NA-CAN-QC node...
INFO [2024-09-04 16:42:59] [NODES] - Adding NA-CAN-SK node...
INFO [2024-09-04 16:43:01] [NODES] - Adding NA-CRI node...
INFO [2024-09-04 16:43:04] [NODES] - Adding NA-CUB node...
INFO [2024-09-04 16:43:07] [NODES] - Adding NA-DOM node...
INFO [2024-09-04 16:43:09] [NODES] - Adding NA-GTM node...
INFO [2024-09-04 16:43:12] [NODES] - Adding NA-HND node...
INFO [2024-09-04 16:43:14] [NODES] - Adding NA-JAM node...
INFO [2024-09-04 16:43:17] [NODES] - Adding NA-MEX node...
INFO [2024-09-04 16:43:20] [NODES] - Adding NA-NIC node...
INFO [2024-09-04 16:43:22] [NODES] - Adding NA-PAN node...
INFO [2024-09-04 16:43:25] [NODES] - Adding NA-SLV node...
INFO [2024-09-04 16:43:27] [NODES] - Adding NA-TTO node...
INFO [2024-09-04 16:43:30] [NODES] - Adding NA-USA-AK node...
INFO [2024-09-04 16:43:34] [NODES] - Adding NA-USA-AZ node...
INFO [2024-09-04 16:43:37] [NODES] - Adding NA-USA-CA node...
INFO [2024-09-04 16:43:39] [NODES] - Adding NA-USA-ER node...
INFO [2024-09-04 16:43:42] [NODES] - Adding NA-USA-FR node...
INFO [2024-09-04 16:43:45] [NODES] - Adding NA-USA-GU node...
