INFO [2024-10-13 15:03:17] [MAIN] - Initializing output folder...
INFO [2024-10-13 15:03:22] [MAIN] - Reading simulations of pre-existing v2_20clu__2024_09_04_22_33_36 study...
INFO [2024-10-13 15:03:23] [MAIN] - Opening 20240905-0707eco-world_vOutages_accurateUCM simulation...
INFO [2024-10-13 15:03:23] [MAIN] - Preparing to compare generation values with Deane...
INFO [2024-10-13 15:03:23] [DEANE] - Saving generation comparisons for africa continent...
INFO [2024-10-13 15:03:23] [DEANE] - Done saving generation comparisons for africa continent!
INFO [2024-10-13 15:03:23] [DEANE] - Saving generation comparisons for asia continent...
INFO [2024-10-13 15:03:23] [DEANE] - Done saving generation comparisons for asia continent!
INFO [2024-10-13 15:03:24] [DEANE] - Saving generation comparisons for europe continent...
INFO [2024-10-13 15:03:24] [DEANE] - Done saving generation comparisons for europe continent!
INFO [2024-10-13 15:03:24] [DEANE] - Saving generation comparisons for north america continent...
INFO [2024-10-13 15:03:24] [DEANE] - Done saving generation comparisons for north america continent!
INFO [2024-10-13 15:03:24] [DEANE] - Saving generation comparisons for oceania continent...
INFO [2024-10-13 15:03:25] [DEANE] - Done saving generation comparisons for oceania continent!
INFO [2024-10-13 15:03:25] [DEANE] - Saving generation comparisons for south america continent...
INFO [2024-10-13 15:03:25] [DEANE] - Done saving generation comparisons for south america continent!
INFO [2024-10-13 15:03:25] [DEANE] - Saving generation comparisons for the world...
INFO [2024-10-13 15:03:26] [DEANE] - Done saving generation comparisons for the world!
INFO [2024-10-13 15:03:26] [MAIN] - Done comparing generation values with Deane! (run time : 2.83 s).

INFO [2024-10-13 15:03:26] [MAIN] - Preparing to compare emissions values with Deane...
INFO [2024-10-13 15:03:26] [DEANE] - Computing continental CO2 emissions in Antares study...
INFO [2024-10-13 15:03:55] [DEANE] - Done computing continental CO2 emissions!
INFO [2024-10-13 15:03:55] [DEANE] - Saving emissions comparisons for africa continent...
INFO [2024-10-13 15:03:55] [DEANE] - Done saving emissions comparisons for africa continent!
INFO [2024-10-13 15:03:55] [DEANE] - Saving emissions comparisons for asia continent...
INFO [2024-10-13 15:03:56] [DEANE] - Done saving emissions comparisons for asia continent!
INFO [2024-10-13 15:03:56] [DEANE] - Saving emissions comparisons for europe continent...
INFO [2024-10-13 15:03:56] [DEANE] - Done saving emissions comparisons for europe continent!
INFO [2024-10-13 15:03:56] [DEANE] - Saving emissions comparisons for north america continent...
INFO [2024-10-13 15:03:56] [DEANE] - Done saving emissions comparisons for north america continent!
INFO [2024-10-13 15:03:56] [DEANE] - Saving emissions comparisons for oceania continent...
INFO [2024-10-13 15:03:56] [DEANE] - Done saving emissions comparisons for oceania continent!
INFO [2024-10-13 15:03:56] [DEANE] - Saving emissions comparisons for south america continent...
INFO [2024-10-13 15:03:57] [DEANE] - Done saving emissions comparisons for south america continent!
INFO [2024-10-13 15:03:57] [DEANE] - Computing world CO2 emissions in Antares study...
