INFO [2024-08-08 15:39:11] [MAIN] - Creating Deane_Beta_EU__2024_08_08_15_39_10 study...

INFO [2024-08-08 15:39:11] [MAIN] - Unit commitment mode : FAST
INFO [2024-08-08 15:39:11] [MAIN] - Adding nodes...

INFO [2024-08-08 15:39:12] [NODES] - Adding EU-ALB node...
INFO [2024-08-08 15:39:13] [NODES] - Adding EU-ARM node...
INFO [2024-08-08 15:39:13] [NODES] - Adding EU-AUT node...
INFO [2024-08-08 15:39:13] [NODES] - Adding EU-AZE node...
INFO [2024-08-08 15:39:13] [NODES] - Adding EU-BEL node...
INFO [2024-08-08 15:39:13] [NODES] - Adding EU-BGR node...
INFO [2024-08-08 15:39:13] [NODES] - Adding EU-BIH node...
INFO [2024-08-08 15:39:14] [NODES] - Adding EU-BLR node...
INFO [2024-08-08 15:39:14] [NODES] - Adding EU-CHE node...
INFO [2024-08-08 15:39:14] [NODES] - Adding EU-CYP node...
INFO [2024-08-08 15:39:14] [NODES] - Adding EU-CZE node...
INFO [2024-08-08 15:39:14] [NODES] - Adding EU-DEU node...
INFO [2024-08-08 15:39:15] [NODES] - Adding EU-DNK node...
INFO [2024-08-08 15:39:15] [NODES] - Adding EU-ESP node...
INFO [2024-08-08 15:39:15] [NODES] - Adding EU-EST node...
INFO [2024-08-08 15:39:15] [NODES] - Adding EU-FIN node...
INFO [2024-08-08 15:39:16] [NODES] - Adding EU-FRA node...
INFO [2024-08-08 15:39:16] [NODES] - Adding EU-GBR node...
INFO [2024-08-08 15:39:16] [NODES] - Adding EU-GEO node...
INFO [2024-08-08 15:39:16] [NODES] - Adding EU-GRC node...
INFO [2024-08-08 15:39:17] [NODES] - Adding EU-HRV node...
INFO [2024-08-08 15:39:17] [NODES] - Adding EU-HUN node...
INFO [2024-08-08 15:39:18] [NODES] - Adding EU-IRL node...
INFO [2024-08-08 15:39:18] [NODES] - Adding EU-ISL node...
INFO [2024-08-08 15:39:18] [NODES] - Adding EU-ITA node...
INFO [2024-08-08 15:39:19] [NODES] - Adding EU-KOS node...
INFO [2024-08-08 15:39:19] [NODES] - Adding EU-LTU node...
INFO [2024-08-08 15:39:19] [NODES] - Adding EU-LUX node...
INFO [2024-08-08 15:39:20] [NODES] - Adding EU-LVA node...
INFO [2024-08-08 15:39:20] [NODES] - Adding EU-MDA node...
INFO [2024-08-08 15:39:20] [NODES] - Adding EU-MKD node...
INFO [2024-08-08 15:39:20] [NODES] - Adding EU-MNE node...
INFO [2024-08-08 15:39:21] [NODES] - Adding EU-NLD node...
INFO [2024-08-08 15:39:21] [NODES] - Adding EU-NOR node...
INFO [2024-08-08 15:39:21] [NODES] - Adding EU-POL node...
INFO [2024-08-08 15:39:22] [NODES] - Adding EU-PRT node...
INFO [2024-08-08 15:39:22] [NODES] - Adding EU-ROU node...
INFO [2024-08-08 15:39:23] [NODES] - Adding EU-SRB node...
INFO [2024-08-08 15:39:23] [NODES] - Adding EU-SVK node...
INFO [2024-08-08 15:39:23] [NODES] - Adding EU-SVN node...
INFO [2024-08-08 15:39:24] [NODES] - Adding EU-SWE node...
INFO [2024-08-08 15:39:24] [NODES] - Adding EU-UKR node...
INFO [2024-08-08 15:39:25] [MAIN] - Done adding nodes! (run time : 13.9s).

INFO [2024-08-08 15:39:25] [MAIN] - Adding load data...

INFO [2024-08-08 15:39:26] [LOAD] - Adding EU-ALB load data...
INFO [2024-08-08 15:39:26] [LOAD] - Adding EU-ARM load data...
INFO [2024-08-08 15:39:27] [LOAD] - Adding EU-AUT load data...
INFO [2024-08-08 15:39:27] [LOAD] - Adding EU-AZE load data...
INFO [2024-08-08 15:39:27] [LOAD] - Adding EU-BEL load data...
INFO [2024-08-08 15:39:27] [LOAD] - Adding EU-BGR load data...
INFO [2024-08-08 15:39:28] [LOAD] - Adding EU-BIH load data...
INFO [2024-08-08 15:39:28] [LOAD] - Adding EU-BLR load data...
INFO [2024-08-08 15:39:28] [LOAD] - Adding EU-CHE load data...
INFO [2024-08-08 15:39:28] [LOAD] - Adding EU-CYP load data...
INFO [2024-08-08 15:39:28] [LOAD] - Adding EU-CZE load data...
INFO [2024-08-08 15:39:28] [LOAD] - Adding EU-DEU load data...
INFO [2024-08-08 15:39:29] [LOAD] - Adding EU-DNK load data...
INFO [2024-08-08 15:39:29] [LOAD] - Adding EU-ESP load data...
INFO [2024-08-08 15:39:29] [LOAD] - Adding EU-EST load data...
INFO [2024-08-08 15:39:29] [LOAD] - Adding EU-FIN load data...
INFO [2024-08-08 15:39:29] [LOAD] - Adding EU-FRA load data...
INFO [2024-08-08 15:39:30] [LOAD] - Adding EU-GBR load data...
INFO [2024-08-08 15:39:30] [LOAD] - Adding EU-GEO load data...
INFO [2024-08-08 15:39:30] [LOAD] - Adding EU-GRC load data...
INFO [2024-08-08 15:39:30] [LOAD] - Adding EU-HRV load data...
INFO [2024-08-08 15:39:30] [LOAD] - Adding EU-HUN load data...
INFO [2024-08-08 15:39:31] [LOAD] - Adding EU-IRL load data...
INFO [2024-08-08 15:39:31] [LOAD] - Adding EU-ISL load data...
INFO [2024-08-08 15:39:31] [LOAD] - Adding EU-ITA load data...
INFO [2024-08-08 15:39:31] [LOAD] - Adding EU-KOS load data...
INFO [2024-08-08 15:39:31] [LOAD] - Adding EU-LTU load data...
INFO [2024-08-08 15:39:32] [LOAD] - Adding EU-LUX load data...
INFO [2024-08-08 15:39:32] [LOAD] - Adding EU-LVA load data...
INFO [2024-08-08 15:39:32] [LOAD] - Adding EU-MDA load data...
INFO [2024-08-08 15:39:33] [LOAD] - Adding EU-MKD load data...
INFO [2024-08-08 15:39:33] [LOAD] - Adding EU-MNE load data...
INFO [2024-08-08 15:39:33] [LOAD] - Adding EU-NLD load data...
INFO [2024-08-08 15:39:33] [LOAD] - Adding EU-NOR load data...
INFO [2024-08-08 15:39:33] [LOAD] - Adding EU-POL load data...
INFO [2024-08-08 15:39:34] [LOAD] - Adding EU-PRT load data...
INFO [2024-08-08 15:39:34] [LOAD] - Adding EU-ROU load data...
INFO [2024-08-08 15:39:34] [LOAD] - Adding EU-SRB load data...
INFO [2024-08-08 15:39:34] [LOAD] - Adding EU-SVK load data...
INFO [2024-08-08 15:39:34] [LOAD] - Adding EU-SVN load data...
INFO [2024-08-08 15:39:34] [LOAD] - Adding EU-SWE load data...
INFO [2024-08-08 15:39:35] [LOAD] - Adding EU-UKR load data...
INFO [2024-08-08 15:39:35] [MAIN] - Done adding load data! (run time : 9.97s).

INFO [2024-08-08 15:39:35] [MAIN] - Fetching wind data...

INFO [2024-08-08 15:39:35] [WARN] - Skipped adding wind data for EU-ALB (no generators found in PLEXOS).
INFO [2024-08-08 15:39:35] [WARN] - Skipped adding wind data for EU-ARM (no generators found in PLEXOS).
INFO [2024-08-08 15:39:35] [WIND] - Adding EU-AUT aggregated wind data...
INFO [2024-08-08 15:39:35] [WARN] - Skipped adding wind data for EU-AZE (no generators found in PLEXOS).
INFO [2024-08-08 15:39:35] [WIND] - Adding EU-BEL aggregated wind data...
INFO [2024-08-08 15:39:35] [WIND] - Adding EU-BGR aggregated wind data...
INFO [2024-08-08 15:39:35] [WARN] - Skipped adding wind data for EU-BIH (no generators found in PLEXOS).
INFO [2024-08-08 15:39:35] [WARN] - Skipped adding wind data for EU-BLR (no generators found in PLEXOS).
INFO [2024-08-08 15:39:36] [WIND] - Adding EU-CHE aggregated wind data...
INFO [2024-08-08 15:39:36] [WIND] - Adding EU-CYP aggregated wind data...
INFO [2024-08-08 15:39:36] [WIND] - Adding EU-CZE aggregated wind data...
INFO [2024-08-08 15:39:36] [WIND] - Adding EU-DEU aggregated wind data...
INFO [2024-08-08 15:39:36] [WIND] - Adding EU-DNK aggregated wind data...
INFO [2024-08-08 15:39:36] [WIND] - Adding EU-ESP aggregated wind data...
INFO [2024-08-08 15:39:37] [WIND] - Adding EU-EST aggregated wind data...
INFO [2024-08-08 15:39:37] [WIND] - Adding EU-FIN aggregated wind data...
INFO [2024-08-08 15:39:37] [WIND] - Adding EU-FRA aggregated wind data...
INFO [2024-08-08 15:39:37] [WIND] - Adding EU-GBR aggregated wind data...
INFO [2024-08-08 15:39:37] [WARN] - Skipped adding wind data for EU-GEO (no generators found in PLEXOS).
INFO [2024-08-08 15:39:37] [WIND] - Adding EU-GRC aggregated wind data...
INFO [2024-08-08 15:39:37] [WIND] - Adding EU-HRV aggregated wind data...
INFO [2024-08-08 15:39:38] [WIND] - Adding EU-HUN aggregated wind data...
INFO [2024-08-08 15:39:38] [WIND] - Adding EU-IRL aggregated wind data...
INFO [2024-08-08 15:39:38] [WARN] - Skipped adding wind data for EU-ISL (no generators found in PLEXOS).
INFO [2024-08-08 15:39:38] [WIND] - Adding EU-ITA aggregated wind data...
INFO [2024-08-08 15:39:38] [WARN] - Skipped adding wind data for EU-KOS (no generators found in PLEXOS).
INFO [2024-08-08 15:39:38] [WIND] - Adding EU-LTU aggregated wind data...
INFO [2024-08-08 15:39:38] [WIND] - Adding EU-LUX aggregated wind data...
INFO [2024-08-08 15:39:38] [WIND] - Adding EU-LVA aggregated wind data...
INFO [2024-08-08 15:39:38] [WARN] - Skipped adding wind data for EU-MDA (no generators found in PLEXOS).
INFO [2024-08-08 15:39:39] [WARN] - Skipped adding wind data for EU-MKD (no generators found in PLEXOS).
INFO [2024-08-08 15:39:39] [WARN] - Skipped adding wind data for EU-MNE (no generators found in PLEXOS).
INFO [2024-08-08 15:39:39] [WIND] - Adding EU-NLD aggregated wind data...
INFO [2024-08-08 15:39:39] [WIND] - Adding EU-NOR aggregated wind data...
INFO [2024-08-08 15:39:39] [WIND] - Adding EU-POL aggregated wind data...
INFO [2024-08-08 15:39:39] [WIND] - Adding EU-PRT aggregated wind data...
INFO [2024-08-08 15:39:39] [WIND] - Adding EU-ROU aggregated wind data...
INFO [2024-08-08 15:39:39] [WARN] - Skipped adding wind data for EU-SRB (no generators found in PLEXOS).
INFO [2024-08-08 15:39:39] [WARN] - Skipped adding wind data for EU-SVK (no generators found in PLEXOS).
INFO [2024-08-08 15:39:39] [WARN] - Skipped adding wind data for EU-SVN (no generators found in PLEXOS).
INFO [2024-08-08 15:39:40] [WIND] - Adding EU-SWE aggregated wind data...
INFO [2024-08-08 15:39:40] [WIND] - Adding EU-UKR aggregated wind data...
INFO [2024-08-08 15:39:40] [MAIN] - Done adding wind data! (run time : 4.92s).

INFO [2024-08-08 15:39:40] [MAIN] - Fetching solar data...

INFO [2024-08-08 15:39:40] [WARN] - Skipped adding solar data for EU-ALB (no generators found in PLEXOS).
INFO [2024-08-08 15:39:40] [WARN] - Skipped adding solar data for EU-ARM (no generators found in PLEXOS).
INFO [2024-08-08 15:39:40] [SOLAR] - Adding EU-AUT aggregated solar data...
INFO [2024-08-08 15:39:40] [SOLAR] - Adding EU-AZE aggregated solar data...
INFO [2024-08-08 15:39:40] [SOLAR] - Adding EU-BEL aggregated solar data...
INFO [2024-08-08 15:39:41] [SOLAR] - Adding EU-BGR aggregated solar data...
INFO [2024-08-08 15:39:41] [WARN] - Skipped adding solar data for EU-BIH (no generators found in PLEXOS).
INFO [2024-08-08 15:39:41] [WARN] - Skipped adding solar data for EU-BLR (no generators found in PLEXOS).
INFO [2024-08-08 15:39:41] [SOLAR] - Adding EU-CHE aggregated solar data...
INFO [2024-08-08 15:39:41] [SOLAR] - Adding EU-CYP aggregated solar data...
INFO [2024-08-08 15:39:41] [SOLAR] - Adding EU-CZE aggregated solar data...
INFO [2024-08-08 15:39:41] [SOLAR] - Adding EU-DEU aggregated solar data...
INFO [2024-08-08 15:39:41] [SOLAR] - Adding EU-DNK aggregated solar data...
INFO [2024-08-08 15:39:42] [SOLAR] - Adding EU-ESP aggregated solar data...
INFO [2024-08-08 15:39:42] [WARN] - Skipped adding solar data for EU-EST (no generators found in PLEXOS).
INFO [2024-08-08 15:39:42] [SOLAR] - Adding EU-FIN aggregated solar data...
INFO [2024-08-08 15:39:42] [SOLAR] - Adding EU-FRA aggregated solar data...
INFO [2024-08-08 15:39:42] [SOLAR] - Adding EU-GBR aggregated solar data...
INFO [2024-08-08 15:39:42] [WARN] - Skipped adding solar data for EU-GEO (no generators found in PLEXOS).
INFO [2024-08-08 15:39:42] [SOLAR] - Adding EU-GRC aggregated solar data...
INFO [2024-08-08 15:39:42] [SOLAR] - Adding EU-HRV aggregated solar data...
INFO [2024-08-08 15:39:43] [SOLAR] - Adding EU-HUN aggregated solar data...
INFO [2024-08-08 15:39:43] [WARN] - Skipped adding solar data for EU-IRL (no generators found in PLEXOS).
INFO [2024-08-08 15:39:43] [WARN] - Skipped adding solar data for EU-ISL (no generators found in PLEXOS).
INFO [2024-08-08 15:39:43] [SOLAR] - Adding EU-ITA aggregated solar data...
INFO [2024-08-08 15:39:43] [WARN] - Skipped adding solar data for EU-KOS (no generators found in PLEXOS).
INFO [2024-08-08 15:39:43] [SOLAR] - Adding EU-LTU aggregated solar data...
INFO [2024-08-08 15:39:43] [SOLAR] - Adding EU-LUX aggregated solar data...
INFO [2024-08-08 15:39:43] [WARN] - Skipped adding solar data for EU-LVA (no generators found in PLEXOS).
INFO [2024-08-08 15:39:43] [WARN] - Skipped adding solar data for EU-MDA (no generators found in PLEXOS).
INFO [2024-08-08 15:39:43] [SOLAR] - Adding EU-MKD aggregated solar data...
INFO [2024-08-08 15:39:43] [WARN] - Skipped adding solar data for EU-MNE (no generators found in PLEXOS).
INFO [2024-08-08 15:39:43] [SOLAR] - Adding EU-NLD aggregated solar data...
INFO [2024-08-08 15:39:44] [SOLAR] - Adding EU-NOR aggregated solar data...
INFO [2024-08-08 15:39:44] [SOLAR] - Adding EU-POL aggregated solar data...
INFO [2024-08-08 15:39:44] [SOLAR] - Adding EU-PRT aggregated solar data...
INFO [2024-08-08 15:39:44] [SOLAR] - Adding EU-ROU aggregated solar data...
INFO [2024-08-08 15:39:44] [SOLAR] - Adding EU-SRB aggregated solar data...
INFO [2024-08-08 15:39:44] [SOLAR] - Adding EU-SVK aggregated solar data...
INFO [2024-08-08 15:39:45] [SOLAR] - Adding EU-SVN aggregated solar data...
INFO [2024-08-08 15:39:45] [SOLAR] - Adding EU-SWE aggregated solar data...
INFO [2024-08-08 15:39:45] [SOLAR] - Adding EU-UKR aggregated solar data...
INFO [2024-08-08 15:39:45] [MAIN] - Done adding solar data! (run time : 5.22s).

INFO [2024-08-08 15:39:45] [MAIN] - Beginning hydro implementation...
INFO [2024-08-08 15:39:46] [HYDRO] - Initializing EU-ALB hydro parameters...
INFO [2024-08-08 15:39:46] [HYDRO] - Adding EU-ALB max power timeseries...
INFO [2024-08-08 15:39:47] [HYDRO] - Adding EU-ALB hydro profiles...
INFO [2024-08-08 15:39:48] [HYDRO] - Initializing EU-ARM hydro parameters...
INFO [2024-08-08 15:39:48] [HYDRO] - Adding EU-ARM max power timeseries...
INFO [2024-08-08 15:39:48] [HYDRO] - Adding EU-ARM hydro profiles...
INFO [2024-08-08 15:39:49] [HYDRO] - Initializing EU-AUT hydro parameters...
INFO [2024-08-08 15:39:50] [HYDRO] - Adding EU-AUT max power timeseries...
INFO [2024-08-08 15:39:50] [HYDRO] - Adding EU-AUT hydro profiles...
INFO [2024-08-08 15:39:51] [HYDRO] - Initializing EU-AZE hydro parameters...
INFO [2024-08-08 15:39:51] [HYDRO] - Adding EU-AZE max power timeseries...
INFO [2024-08-08 15:39:52] [HYDRO] - Adding EU-AZE hydro profiles...
INFO [2024-08-08 15:39:52] [HYDRO] - Initializing EU-BEL hydro parameters...
INFO [2024-08-08 15:39:53] [HYDRO] - Adding EU-BEL max power timeseries...
INFO [2024-08-08 15:39:53] [HYDRO] - Adding EU-BEL hydro profiles...
INFO [2024-08-08 15:39:54] [HYDRO] - Initializing EU-BGR hydro parameters...
INFO [2024-08-08 15:39:54] [HYDRO] - Adding EU-BGR max power timeseries...
INFO [2024-08-08 15:39:55] [HYDRO] - Adding EU-BGR hydro profiles...
INFO [2024-08-08 15:39:56] [HYDRO] - Initializing EU-BIH hydro parameters...
INFO [2024-08-08 15:39:56] [HYDRO] - Adding EU-BIH max power timeseries...
INFO [2024-08-08 15:39:57] [HYDRO] - Adding EU-BIH hydro profiles...
INFO [2024-08-08 15:39:57] [HYDRO] - Initializing EU-BLR hydro parameters...
INFO [2024-08-08 15:39:58] [HYDRO] - Adding EU-BLR max power timeseries...
INFO [2024-08-08 15:39:58] [HYDRO] - Adding EU-BLR hydro profiles...
INFO [2024-08-08 15:39:59] [HYDRO] - Initializing EU-CHE hydro parameters...
INFO [2024-08-08 15:39:59] [HYDRO] - Adding EU-CHE max power timeseries...
INFO [2024-08-08 15:40:00] [HYDRO] - Adding EU-CHE hydro profiles...
INFO [2024-08-08 15:40:01] [HYDRO] - Initializing EU-CZE hydro parameters...
INFO [2024-08-08 15:40:01] [HYDRO] - Adding EU-CZE max power timeseries...
INFO [2024-08-08 15:40:01] [HYDRO] - Adding EU-CZE hydro profiles...
INFO [2024-08-08 15:40:02] [HYDRO] - Initializing EU-DEU hydro parameters...
INFO [2024-08-08 15:40:03] [HYDRO] - Adding EU-DEU max power timeseries...
INFO [2024-08-08 15:40:03] [HYDRO] - Adding EU-DEU hydro profiles...
INFO [2024-08-08 15:40:04] [HYDRO] - Initializing EU-ESP hydro parameters...
INFO [2024-08-08 15:40:04] [HYDRO] - Adding EU-ESP max power timeseries...
INFO [2024-08-08 15:40:05] [HYDRO] - Adding EU-ESP hydro profiles...
INFO [2024-08-08 15:40:05] [HYDRO] - Initializing EU-FIN hydro parameters...
INFO [2024-08-08 15:40:06] [HYDRO] - Adding EU-FIN max power timeseries...
INFO [2024-08-08 15:40:06] [HYDRO] - Adding EU-FIN hydro profiles...
INFO [2024-08-08 15:40:07] [HYDRO] - Initializing EU-FRA hydro parameters...
INFO [2024-08-08 15:40:07] [HYDRO] - Adding EU-FRA max power timeseries...
INFO [2024-08-08 15:40:08] [HYDRO] - Adding EU-FRA hydro profiles...
INFO [2024-08-08 15:40:09] [HYDRO] - Initializing EU-GBR hydro parameters...
INFO [2024-08-08 15:40:09] [HYDRO] - Adding EU-GBR max power timeseries...
INFO [2024-08-08 15:40:09] [HYDRO] - Adding EU-GBR hydro profiles...
INFO [2024-08-08 15:40:10] [HYDRO] - Initializing EU-GEO hydro parameters...
INFO [2024-08-08 15:40:11] [HYDRO] - Adding EU-GEO max power timeseries...
INFO [2024-08-08 15:40:11] [HYDRO] - Adding EU-GEO hydro profiles...
INFO [2024-08-08 15:40:12] [HYDRO] - Initializing EU-GRC hydro parameters...
INFO [2024-08-08 15:40:12] [HYDRO] - Adding EU-GRC max power timeseries...
INFO [2024-08-08 15:40:13] [HYDRO] - Adding EU-GRC hydro profiles...
INFO [2024-08-08 15:40:13] [HYDRO] - Initializing EU-HRV hydro parameters...
INFO [2024-08-08 15:40:14] [HYDRO] - Adding EU-HRV max power timeseries...
INFO [2024-08-08 15:40:14] [HYDRO] - Adding EU-HRV hydro profiles...
INFO [2024-08-08 15:40:15] [HYDRO] - Initializing EU-HUN hydro parameters...
INFO [2024-08-08 15:40:15] [HYDRO] - Adding EU-HUN max power timeseries...
INFO [2024-08-08 15:40:16] [HYDRO] - Adding EU-HUN hydro profiles...
INFO [2024-08-08 15:40:17] [HYDRO] - Initializing EU-IRL hydro parameters...
INFO [2024-08-08 15:40:17] [HYDRO] - Adding EU-IRL max power timeseries...
INFO [2024-08-08 15:40:18] [HYDRO] - Adding EU-IRL hydro profiles...
INFO [2024-08-08 15:40:18] [HYDRO] - Initializing EU-ISL hydro parameters...
INFO [2024-08-08 15:40:19] [HYDRO] - Adding EU-ISL max power timeseries...
INFO [2024-08-08 15:40:19] [HYDRO] - Adding EU-ISL hydro profiles...
INFO [2024-08-08 15:40:20] [HYDRO] - Initializing EU-ITA hydro parameters...
INFO [2024-08-08 15:40:20] [HYDRO] - Adding EU-ITA max power timeseries...
INFO [2024-08-08 15:40:21] [HYDRO] - Adding EU-ITA hydro profiles...
INFO [2024-08-08 15:40:22] [HYDRO] - Initializing EU-KOS hydro parameters...
INFO [2024-08-08 15:40:22] [HYDRO] - Adding EU-KOS max power timeseries...
INFO [2024-08-08 15:40:23] [HYDRO] - Adding EU-KOS hydro profiles...
INFO [2024-08-08 15:40:23] [HYDRO] - Initializing EU-LTU hydro parameters...
INFO [2024-08-08 15:40:24] [HYDRO] - Adding EU-LTU max power timeseries...
INFO [2024-08-08 15:40:24] [HYDRO] - Adding EU-LTU hydro profiles...
INFO [2024-08-08 15:40:25] [HYDRO] - Initializing EU-LUX hydro parameters...
INFO [2024-08-08 15:40:25] [HYDRO] - Adding EU-LUX max power timeseries...
INFO [2024-08-08 15:40:26] [HYDRO] - Adding EU-LUX hydro profiles...
INFO [2024-08-08 15:40:27] [HYDRO] - Initializing EU-LVA hydro parameters...
INFO [2024-08-08 15:40:27] [HYDRO] - Adding EU-LVA max power timeseries...
INFO [2024-08-08 15:40:27] [HYDRO] - Adding EU-LVA hydro profiles...
INFO [2024-08-08 15:40:28] [HYDRO] - Initializing EU-MDA hydro parameters...
INFO [2024-08-08 15:40:29] [HYDRO] - Adding EU-MDA max power timeseries...
INFO [2024-08-08 15:40:29] [HYDRO] - Adding EU-MDA hydro profiles...
INFO [2024-08-08 15:40:30] [HYDRO] - Initializing EU-MKD hydro parameters...
INFO [2024-08-08 15:40:30] [HYDRO] - Adding EU-MKD max power timeseries...
INFO [2024-08-08 15:40:31] [HYDRO] - Adding EU-MKD hydro profiles...
INFO [2024-08-08 15:40:32] [HYDRO] - Initializing EU-MNE hydro parameters...
INFO [2024-08-08 15:40:32] [HYDRO] - Adding EU-MNE max power timeseries...
INFO [2024-08-08 15:40:32] [HYDRO] - Adding EU-MNE hydro profiles...
INFO [2024-08-08 15:40:33] [HYDRO] - Initializing EU-NLD hydro parameters...
INFO [2024-08-08 15:40:34] [HYDRO] - Adding EU-NLD max power timeseries...
INFO [2024-08-08 15:40:34] [HYDRO] - Adding EU-NLD hydro profiles...
INFO [2024-08-08 15:40:35] [HYDRO] - Initializing EU-NOR hydro parameters...
INFO [2024-08-08 15:40:35] [HYDRO] - Adding EU-NOR max power timeseries...
INFO [2024-08-08 15:40:36] [HYDRO] - Adding EU-NOR hydro profiles...
INFO [2024-08-08 15:40:36] [HYDRO] - Initializing EU-POL hydro parameters...
INFO [2024-08-08 15:40:37] [HYDRO] - Adding EU-POL max power timeseries...
INFO [2024-08-08 15:40:37] [HYDRO] - Adding EU-POL hydro profiles...
INFO [2024-08-08 15:40:38] [HYDRO] - Initializing EU-PRT hydro parameters...
INFO [2024-08-08 15:40:38] [HYDRO] - Adding EU-PRT max power timeseries...
INFO [2024-08-08 15:40:39] [HYDRO] - Adding EU-PRT hydro profiles...
INFO [2024-08-08 15:40:40] [HYDRO] - Initializing EU-ROU hydro parameters...
INFO [2024-08-08 15:40:40] [HYDRO] - Adding EU-ROU max power timeseries...
INFO [2024-08-08 15:40:40] [HYDRO] - Adding EU-ROU hydro profiles...
INFO [2024-08-08 15:40:41] [HYDRO] - Initializing EU-SRB hydro parameters...
INFO [2024-08-08 15:40:42] [HYDRO] - Adding EU-SRB max power timeseries...
INFO [2024-08-08 15:40:42] [HYDRO] - Adding EU-SRB hydro profiles...
INFO [2024-08-08 15:40:43] [HYDRO] - Initializing EU-SVK hydro parameters...
INFO [2024-08-08 15:40:43] [HYDRO] - Adding EU-SVK max power timeseries...
INFO [2024-08-08 15:40:44] [HYDRO] - Adding EU-SVK hydro profiles...
INFO [2024-08-08 15:40:45] [HYDRO] - Initializing EU-SVN hydro parameters...
INFO [2024-08-08 15:40:45] [HYDRO] - Adding EU-SVN max power timeseries...
INFO [2024-08-08 15:40:45] [HYDRO] - Adding EU-SVN hydro profiles...
INFO [2024-08-08 15:40:46] [HYDRO] - Initializing EU-SWE hydro parameters...
INFO [2024-08-08 15:40:46] [HYDRO] - Adding EU-SWE max power timeseries...
INFO [2024-08-08 15:40:47] [HYDRO] - Adding EU-SWE hydro profiles...
INFO [2024-08-08 15:40:48] [HYDRO] - Initializing EU-UKR hydro parameters...
INFO [2024-08-08 15:40:48] [HYDRO] - Adding EU-UKR max power timeseries...
INFO [2024-08-08 15:40:49] [HYDRO] - Adding EU-UKR hydro profiles...
INFO [2024-08-08 15:40:49] [MAIN] - Done adding hydro!
INFO [2024-08-08 15:40:49] [MAIN] - Fetching thermal data...

INFO [2024-08-08 15:40:51] [THERMAL] - Adding ALB_OTH_VLORA15 generator to EU-ALB node...
INFO [2024-08-08 15:40:51] [THERMAL] - Adding ARM_GAS_CAPACITY SCALER generator to EU-ARM node...
INFO [2024-08-08 15:40:51] [THERMAL] - Adding ARM_GAS_HRAZADAN296 generator to EU-ARM node...
INFO [2024-08-08 15:40:52] [THERMAL] - Adding ARM_GAS_NEWYEREVAN297 generator to EU-ARM node...
INFO [2024-08-08 15:40:52] [THERMAL] - Adding ARM_GAS_YEREVAN302 generator to EU-ARM node...
INFO [2024-08-08 15:40:52] [THERMAL] - Adding ARM_NUC_ARMENIAN2295 generator to EU-ARM node...
INFO [2024-08-08 15:40:52] [THERMAL] - Adding AUT_BIO_CAPACITY SCALER generator to EU-AUT node...
INFO [2024-08-08 15:40:52] [THERMAL] - Adding AUT_COA_CAPACITY SCALER generator to EU-AUT node...
INFO [2024-08-08 15:40:53] [THERMAL] - Adding AUT_GAS_CAPACITY SCALER generator to EU-AUT node...
INFO [2024-08-08 15:40:53] [THERMAL] - Adding AUT_GAS_DONAUSTADT739 generator to EU-AUT node...
INFO [2024-08-08 15:40:53] [THERMAL] - Adding AUT_GAS_SIMMERING807 generator to EU-AUT node...
INFO [2024-08-08 15:40:53] [THERMAL] - Adding AUT_GAS_TIMELKAM816 generator to EU-AUT node...
INFO [2024-08-08 15:40:53] [THERMAL] - Adding AUT_OIL_CAPACITY SCALER generator to EU-AUT node...
INFO [2024-08-08 15:40:54] [THERMAL] - Adding AZE_BIO_CAPACITY SCALER generator to EU-AZE node...
INFO [2024-08-08 15:40:54] [THERMAL] - Adding AZE_GAS_ASTARAES835 generator to EU-AZE node...
INFO [2024-08-08 15:40:54] [THERMAL] - Adding AZE_GAS_BAKUES837 generator to EU-AZE node...
INFO [2024-08-08 15:40:54] [THERMAL] - Adding AZE_GAS_BAKUTEC838 generator to EU-AZE node...
INFO [2024-08-08 15:40:54] [THERMAL] - Adding AZE_GAS_CAPACITY SCALER generator to EU-AZE node...
INFO [2024-08-08 15:40:55] [THERMAL] - Adding AZE_GAS_JANUB840 generator to EU-AZE node...
INFO [2024-08-08 15:40:55] [THERMAL] - Adding AZE_GAS_KHACHMAZES841 generator to EU-AZE node...
INFO [2024-08-08 15:40:55] [THERMAL] - Adding AZE_GAS_SANGACHALES843 generator to EU-AZE node...
INFO [2024-08-08 15:40:55] [THERMAL] - Adding AZE_GAS_SHIMAL845 generator to EU-AZE node...
INFO [2024-08-08 15:40:56] [THERMAL] - Adding AZE_GAS_SUMQAYIT846 generator to EU-AZE node...
INFO [2024-08-08 15:40:56] [THERMAL] - Adding AZE_OIL_AZERBAIJANTPP836 generator to EU-AZE node...
INFO [2024-08-08 15:40:56] [THERMAL] - Adding AZE_OIL_CAPACITY SCALER generator to EU-AZE node...
INFO [2024-08-08 15:40:56] [THERMAL] - Adding BEL_BIO_AWIRS4930 generator to EU-BEL node...
INFO [2024-08-08 15:40:56] [THERMAL] - Adding BEL_BIO_CAPACITY SCALER generator to EU-BEL node...
INFO [2024-08-08 15:40:57] [THERMAL] - Adding BEL_BIO_RODENHUIZE4973 generator to EU-BEL node...
INFO [2024-08-08 15:40:57] [THERMAL] - Adding BEL_COA_LANGERLO1965 generator to EU-BEL node...
INFO [2024-08-08 15:40:57] [THERMAL] - Adding BEL_GAS_AALSTSYRALGT931 generator to EU-BEL node...
INFO [2024-08-08 15:40:57] [THERMAL] - Adding BEL_GAS_AALSTSYRALST932 generator to EU-BEL node...
INFO [2024-08-08 15:40:57] [THERMAL] - Adding BEL_GAS_AMERCOEUR1RT933 generator to EU-BEL node...
INFO [2024-08-08 15:40:58] [THERMAL] - Adding BEL_GAS_ANGLEURTG41929 generator to EU-BEL node...
INFO [2024-08-08 15:40:58] [THERMAL] - Adding BEL_GAS_BEVERENINEOSP940 generator to EU-BEL node...
INFO [2024-08-08 15:40:58] [THERMAL] - Adding BEL_GAS_CAPACITY SCALER generator to EU-BEL node...
INFO [2024-08-08 15:40:58] [THERMAL] - Adding BEL_GAS_DROGENBOSDM51944 generator to EU-BEL node...
INFO [2024-08-08 15:40:59] [THERMAL] - Adding BEL_GAS_DROGENBOSGT0945 generator to EU-BEL node...
INFO [2024-08-08 15:40:59] [THERMAL] - Adding BEL_GAS_DROGENBOSTGV946 generator to EU-BEL node...
INFO [2024-08-08 15:40:59] [THERMAL] - Adding BEL_GAS_HAMGENTWKK950 generator to EU-BEL node...
INFO [2024-08-08 15:40:59] [THERMAL] - Adding BEL_GAS_HERDERSBRUGSTE952 generator to EU-BEL node...
INFO [2024-08-08 15:40:59] [THERMAL] - Adding BEL_GAS_INESCOWKK960 generator to EU-BEL node...
INFO [2024-08-08 15:41:00] [THERMAL] - Adding BEL_GAS_LANGERLO4REPO966 generator to EU-BEL node...
INFO [2024-08-08 15:41:00] [THERMAL] - Adding BEL_GAS_MARCINELLEENER968 generator to EU-BEL node...
INFO [2024-08-08 15:41:00] [THERMAL] - Adding BEL_GAS_RINGVAARTSTEG972 generator to EU-BEL node...
INFO [2024-08-08 15:41:00] [THERMAL] - Adding BEL_GAS_SAINTGHISLAIN975 generator to EU-BEL node...
INFO [2024-08-08 15:41:01] [THERMAL] - Adding BEL_GAS_TPOWERBERINGE978 generator to EU-BEL node...
INFO [2024-08-08 15:41:01] [THERMAL] - Adding BEL_GAS_ZEEBRUGGE2FLU988 generator to EU-BEL node...
INFO [2024-08-08 15:41:01] [THERMAL] - Adding BEL_GAS_ZELZATE2KNIPP990 generator to EU-BEL node...
INFO [2024-08-08 15:41:01] [THERMAL] - Adding BEL_GAS_ZWIJNDRECHTLAN992 generator to EU-BEL node...
INFO [2024-08-08 15:41:02] [THERMAL] - Adding BEL_GAS_ZWIJNDRECHTLAN993 generator to EU-BEL node...
INFO [2024-08-08 15:41:02] [THERMAL] - Adding BEL_NUC_DOEL4943 generator to EU-BEL node...
INFO [2024-08-08 15:41:02] [THERMAL] - Adding BEL_NUC_TIHANGE1N979 generator to EU-BEL node...
INFO [2024-08-08 15:41:02] [THERMAL] - Adding BEL_NUC_TIHANGE3980 generator to EU-BEL node...
INFO [2024-08-08 15:41:03] [THERMAL] - Adding BEL_OIL_AALTERTJ928 generator to EU-BEL node...
INFO [2024-08-08 15:41:03] [THERMAL] - Adding BEL_OIL_BEERSETJ935 generator to EU-BEL node...
INFO [2024-08-08 15:41:03] [THERMAL] - Adding BEL_OIL_BUDATJ936 generator to EU-BEL node...
INFO [2024-08-08 15:41:03] [THERMAL] - Adding BEL_OIL_CIERREUXTJ941 generator to EU-BEL node...
INFO [2024-08-08 15:41:04] [THERMAL] - Adding BEL_OIL_DEUXACRENTJ947 generator to EU-BEL node...
INFO [2024-08-08 15:41:04] [THERMAL] - Adding BEL_OIL_NOORDSCHOTETJ969 generator to EU-BEL node...
INFO [2024-08-08 15:41:04] [THERMAL] - Adding BEL_OIL_ZEDELGEMTJ987 generator to EU-BEL node...
INFO [2024-08-08 15:41:04] [THERMAL] - Adding BEL_OIL_ZEEBRUGGETJ989 generator to EU-BEL node...
INFO [2024-08-08 15:41:04] [THERMAL] - Adding BEL_OIL_ZELZATETJ991 generator to EU-BEL node...
INFO [2024-08-08 15:41:05] [THERMAL] - Adding BEL_WAS_BEVEREN2INDAV939 generator to EU-BEL node...
INFO [2024-08-08 15:41:05] [THERMAL] - Adding BEL_WAS_ELECTRAWINDSBI948 generator to EU-BEL node...
INFO [2024-08-08 15:41:05] [THERMAL] - Adding BEL_WAS_INCINERATEURTH962 generator to EU-BEL node...
INFO [2024-08-08 15:41:05] [THERMAL] - Adding BEL_WAS_INTRADELHERSTA963 generator to EU-BEL node...
INFO [2024-08-08 15:41:06] [THERMAL] - Adding BEL_WAS_IVBO961 generator to EU-BEL node...
INFO [2024-08-08 15:41:06] [THERMAL] - Adding BEL_WAS_LANGERBRUGGEST964 generator to EU-BEL node...
INFO [2024-08-08 15:41:06] [THERMAL] - Adding BEL_WAS_SCHAERBEEKSIOM977 generator to EU-BEL node...
INFO [2024-08-08 15:41:06] [THERMAL] - Adding BEL_WAS_WILRIJKISVAG984 generator to EU-BEL node...
INFO [2024-08-08 15:41:07] [THERMAL] - Adding BGR_BIO_CAPACITY SCALER generator to EU-BGR node...
INFO [2024-08-08 15:41:07] [THERMAL] - Adding BGR_COA_AESGALABOVO3390 generator to EU-BGR node...
INFO [2024-08-08 15:41:07] [THERMAL] - Adding BGR_COA_BOBOVDOLPOWER3391 generator to EU-BGR node...
INFO [2024-08-08 15:41:07] [THERMAL] - Adding BGR_COA_BRIKELPOWERST3392 generator to EU-BGR node...
INFO [2024-08-08 15:41:08] [THERMAL] - Adding BGR_COA_CAPACITY SCALER generator to EU-BGR node...
INFO [2024-08-08 15:41:08] [THERMAL] - Adding BGR_COA_DEVENPOWERSTA3393 generator to EU-BGR node...
INFO [2024-08-08 15:41:08] [THERMAL] - Adding BGR_COA_MARITSA3POWER3398 generator to EU-BGR node...
INFO [2024-08-08 15:41:08] [THERMAL] - Adding BGR_COA_MARITSAITZOK23399 generator to EU-BGR node...
INFO [2024-08-08 15:41:08] [THERMAL] - Adding BGR_COA_MARITSAITZOK33400 generator to EU-BGR node...
INFO [2024-08-08 15:41:09] [THERMAL] - Adding BGR_COA_REPUBLIKAPOWER3405 generator to EU-BGR node...
INFO [2024-08-08 15:41:09] [THERMAL] - Adding BGR_COA_RUSE3404 generator to EU-BGR node...
INFO [2024-08-08 15:41:09] [THERMAL] - Adding BGR_COA_TOPLORUSE3408 generator to EU-BGR node...
INFO [2024-08-08 15:41:09] [THERMAL] - Adding BGR_COA_VIDINWORKSPOW3409 generator to EU-BGR node...
INFO [2024-08-08 15:41:09] [THERMAL] - Adding BGR_NUC_KOZLODUY3396 generator to EU-BGR node...
INFO [2024-08-08 15:41:10] [THERMAL] - Adding BIH_COA_GACKOCOALCHP1027 generator to EU-BIH node...
INFO [2024-08-08 15:41:10] [THERMAL] - Adding BIH_COA_KAKANJCHPPOWE1032 generator to EU-BIH node...
INFO [2024-08-08 15:41:10] [THERMAL] - Adding BIH_COA_TUZLACHPPOWER1041 generator to EU-BIH node...
INFO [2024-08-08 15:41:10] [THERMAL] - Adding BIH_COA_UGLJEVIKCHPCO1042 generator to EU-BIH node...
INFO [2024-08-08 15:41:11] [THERMAL] - Adding BLR_BIO_CAPACITY SCALER generator to EU-BLR node...
INFO [2024-08-08 15:41:11] [THERMAL] - Adding BLR_GAS_BEREZASDPPTHE911 generator to EU-BLR node...
INFO [2024-08-08 15:41:11] [THERMAL] - Adding BLR_GAS_BOBRUISKCHP2912 generator to EU-BLR node...
INFO [2024-08-08 15:41:11] [THERMAL] - Adding BLR_GAS_CAPACITY SCALER generator to EU-BLR node...
INFO [2024-08-08 15:41:11] [THERMAL] - Adding BLR_GAS_GOMEL1CHPPOW913 generator to EU-BLR node...
INFO [2024-08-08 15:41:12] [THERMAL] - Adding BLR_GAS_GOMEL2CHPPOW914 generator to EU-BLR node...
INFO [2024-08-08 15:41:12] [THERMAL] - Adding BLR_GAS_GRODNOCHP2PO915 generator to EU-BLR node...
INFO [2024-08-08 15:41:12] [THERMAL] - Adding BLR_GAS_LIDAPOWERPLAN916 generator to EU-BLR node...
INFO [2024-08-08 15:41:12] [THERMAL] - Adding BLR_GAS_LUKOMLTHERMAL917 generator to EU-BLR node...
INFO [2024-08-08 15:41:13] [THERMAL] - Adding BLR_GAS_MINSK3CHPCCG918 generator to EU-BLR node...
INFO [2024-08-08 15:41:13] [THERMAL] - Adding BLR_GAS_MINSK4CHPCCG919 generator to EU-BLR node...
INFO [2024-08-08 15:41:13] [THERMAL] - Adding BLR_GAS_MINSK5CHPCCG920 generator to EU-BLR node...
INFO [2024-08-08 15:41:13] [THERMAL] - Adding BLR_GAS_MOGILEVCHP2T921 generator to EU-BLR node...
INFO [2024-08-08 15:41:14] [THERMAL] - Adding BLR_GAS_MOZYRTHERMALP922 generator to EU-BLR node...
INFO [2024-08-08 15:41:14] [THERMAL] - Adding BLR_GAS_NOVOPOLOTSKTHE923 generator to EU-BLR node...
INFO [2024-08-08 15:41:14] [THERMAL] - Adding BLR_GAS_ORSHACOGENERAT924 generator to EU-BLR node...
INFO [2024-08-08 15:41:14] [THERMAL] - Adding BLR_GAS_SVETLOGORSKCHP925 generator to EU-BLR node...
INFO [2024-08-08 15:41:15] [THERMAL] - Adding BLR_GAS_VITEBSKTHERMAL926 generator to EU-BLR node...
INFO [2024-08-08 15:41:15] [THERMAL] - Adding BLR_GAS_ZHODINOCHPCCG927 generator to EU-BLR node...
INFO [2024-08-08 15:41:15] [THERMAL] - Adding CHE_BIO_CAPACITY SCALER generator to EU-CHE node...
INFO [2024-08-08 15:41:15] [THERMAL] - Adding CHE_COA_CAPACITY SCALER generator to EU-CHE node...
INFO [2024-08-08 15:41:15] [THERMAL] - Adding CHE_GAS_CAPACITY SCALER generator to EU-CHE node...
INFO [2024-08-08 15:41:16] [THERMAL] - Adding CHE_NUC_KERNKRAFTWERKB17760 generator to EU-CHE node...
INFO [2024-08-08 15:41:16] [THERMAL] - Adding CHE_NUC_KERNKRAFTWERKG17761 generator to EU-CHE node...
INFO [2024-08-08 15:41:16] [THERMAL] - Adding CHE_NUC_KERNKRAFTWERKL17762 generator to EU-CHE node...
INFO [2024-08-08 15:41:16] [THERMAL] - Adding CHE_NUC_KERNKRAFTWERKM17763 generator to EU-CHE node...
INFO [2024-08-08 15:41:16] [THERMAL] - Adding CHE_OIL_CAPACITY SCALER generator to EU-CHE node...
INFO [2024-08-08 15:41:17] [THERMAL] - Adding CYP_GAS_VASILIKOSPOWER7996 generator to EU-CYP node...
INFO [2024-08-08 15:41:17] [THERMAL] - Adding CYP_OIL_CAPACITY SCALER generator to EU-CYP node...
INFO [2024-08-08 15:41:17] [THERMAL] - Adding CYP_OIL_DHEKELIAPOWER7994 generator to EU-CYP node...
INFO [2024-08-08 15:41:17] [THERMAL] - Adding CYP_OIL_MONIPOWERSTAT7995 generator to EU-CYP node...
INFO [2024-08-08 15:41:18] [THERMAL] - Adding CZE_BIO_CAPACITY SCALER generator to EU-CZE node...
INFO [2024-08-08 15:41:18] [THERMAL] - Adding CZE_COA_BRNOPOWERSTAT8018 generator to EU-CZE node...
INFO [2024-08-08 15:41:18] [THERMAL] - Adding CZE_COA_CAPACITY SCALER generator to EU-CZE node...
INFO [2024-08-08 15:41:18] [THERMAL] - Adding CZE_COA_CHVALETICEPOWE8056 generator to EU-CZE node...
INFO [2024-08-08 15:41:18] [THERMAL] - Adding CZE_COA_DETMAROVICEPOW8061 generator to EU-CZE node...
INFO [2024-08-08 15:41:19] [THERMAL] - Adding CZE_COA_HODONINPOWERS8092 generator to EU-CZE node...
INFO [2024-08-08 15:41:19] [THERMAL] - Adding CZE_COA_KLADNO8132 generator to EU-CZE node...
INFO [2024-08-08 15:41:19] [THERMAL] - Adding CZE_COA_KOMORANYPOWER8139 generator to EU-CZE node...
INFO [2024-08-08 15:41:19] [THERMAL] - Adding CZE_COA_LEDVICEPOWERS8176 generator to EU-CZE node...
INFO [2024-08-08 15:41:20] [THERMAL] - Adding CZE_COA_MALESICEPOWER8195 generator to EU-CZE node...
INFO [2024-08-08 15:41:20] [THERMAL] - Adding CZE_COA_MELNIKPOWERST8201 generator to EU-CZE node...
INFO [2024-08-08 15:41:20] [THERMAL] - Adding CZE_COA_OPATOVICEPOWER8238 generator to EU-CZE node...
INFO [2024-08-08 15:41:20] [THERMAL] - Adding CZE_COA_PLZENSKAENERGE8255 generator to EU-CZE node...
INFO [2024-08-08 15:41:21] [THERMAL] - Adding CZE_COA_PLZENSKATEPALR8254 generator to EU-CZE node...
INFO [2024-08-08 15:41:21] [THERMAL] - Adding CZE_COA_POCERADYPOWER8259 generator to EU-CZE node...
INFO [2024-08-08 15:41:21] [THERMAL] - Adding CZE_COA_PORICIPOWERST8264 generator to EU-CZE node...
INFO [2024-08-08 15:41:21] [THERMAL] - Adding CZE_COA_SKOENERGOPOWE8311 generator to EU-CZE node...
INFO [2024-08-08 15:41:22] [THERMAL] - Adding CZE_COA_STETIMONDIPOW8323 generator to EU-CZE node...
INFO [2024-08-08 15:41:22] [THERMAL] - Adding CZE_COA_TISOVAPOWERST8351 generator to EU-CZE node...
INFO [2024-08-08 15:41:22] [THERMAL] - Adding CZE_COA_TREBOVICEPOWER8355 generator to EU-CZE node...
INFO [2024-08-08 15:41:22] [THERMAL] - Adding CZE_COA_TRMICE8357 generator to EU-CZE node...
INFO [2024-08-08 15:41:22] [THERMAL] - Adding CZE_COA_TUSIMICEPOWER8361 generator to EU-CZE node...
INFO [2024-08-08 15:41:23] [THERMAL] - Adding CZE_COA_ZLINPOWERSTAT8415 generator to EU-CZE node...
INFO [2024-08-08 15:41:23] [THERMAL] - Adding CZE_GAS_CAPACITY SCALER generator to EU-CZE node...
INFO [2024-08-08 15:41:23] [THERMAL] - Adding CZE_GAS_KLADNOTG68133 generator to EU-CZE node...
INFO [2024-08-08 15:41:23] [THERMAL] - Adding CZE_GAS_POERADY8266 generator to EU-CZE node...
INFO [2024-08-08 15:41:24] [THERMAL] - Adding CZE_GAS_VESOV8408 generator to EU-CZE node...
INFO [2024-08-08 15:41:24] [THERMAL] - Adding CZE_NUC_DUKONAVY8081 generator to EU-CZE node...
INFO [2024-08-08 15:41:24] [THERMAL] - Adding CZE_NUC_TEMELN8349 generator to EU-CZE node...
INFO [2024-08-08 15:41:24] [THERMAL] - Adding DEU_BIO_BIOENERGIEPARK10946 generator to EU-DEU node...
INFO [2024-08-08 15:41:25] [THERMAL] - Adding DEU_BIO_BIOHKWHERBREC10945 generator to EU-DEU node...
INFO [2024-08-08 15:41:25] [THERMAL] - Adding DEU_BIO_BIOHKWI10947 generator to EU-DEU node...
INFO [2024-08-08 15:41:25] [THERMAL] - Adding DEU_BIO_BIOMASSEHEIZKR10970 generator to EU-DEU node...
INFO [2024-08-08 15:41:25] [THERMAL] - Adding DEU_BIO_BIOMASSEHEIZKRA10972 generator to EU-DEU node...
INFO [2024-08-08 15:41:25] [THERMAL] - Adding DEU_BIO_BIOMASSEKRAFTWE10974 generator to EU-DEU node...
INFO [2024-08-08 15:41:26] [THERMAL] - Adding DEU_BIO_BIOMASSEVERSTR10971 generator to EU-DEU node...
INFO [2024-08-08 15:41:26] [THERMAL] - Adding DEU_BIO_BIOMASSGENERAT10948 generator to EU-DEU node...
INFO [2024-08-08 15:41:26] [THERMAL] - Adding DEU_BIO_BIOMASSGENERAT10953 generator to EU-DEU node...
INFO [2024-08-08 15:41:26] [THERMAL] - Adding DEU_BIO_BIOMASSGENERAT10954 generator to EU-DEU node...
INFO [2024-08-08 15:41:27] [THERMAL] - Adding DEU_BIO_BIOMASSGENERAT10955 generator to EU-DEU node...
INFO [2024-08-08 15:41:27] [THERMAL] - Adding DEU_BIO_BIOMASSGENERAT10956 generator to EU-DEU node...
INFO [2024-08-08 15:41:27] [THERMAL] - Adding DEU_BIO_BIOMASSGENERAT10957 generator to EU-DEU node...
INFO [2024-08-08 15:41:27] [THERMAL] - Adding DEU_BIO_BIOMASSGENERAT10959 generator to EU-DEU node...
INFO [2024-08-08 15:41:27] [THERMAL] - Adding DEU_BIO_BIOMASSGENERAT10960 generator to EU-DEU node...
INFO [2024-08-08 15:41:28] [THERMAL] - Adding DEU_BIO_BIOMASSGENERAT10961 generator to EU-DEU node...
INFO [2024-08-08 15:41:28] [THERMAL] - Adding DEU_BIO_BIOMASSGENERAT10962 generator to EU-DEU node...
INFO [2024-08-08 15:41:28] [THERMAL] - Adding DEU_BIO_BIOMASSGENERAT10963 generator to EU-DEU node...
INFO [2024-08-08 15:41:28] [THERMAL] - Adding DEU_BIO_BIOMASSGENERAT10964 generator to EU-DEU node...
INFO [2024-08-08 15:41:29] [THERMAL] - Adding DEU_BIO_BIOMASSGENERAT10965 generator to EU-DEU node...
INFO [2024-08-08 15:41:29] [THERMAL] - Adding DEU_BIO_BIOMASSGENERAT10966 generator to EU-DEU node...
INFO [2024-08-08 15:41:29] [THERMAL] - Adding DEU_BIO_BIOMASSGENERAT10967 generator to EU-DEU node...
INFO [2024-08-08 15:41:29] [THERMAL] - Adding DEU_BIO_BIOMASSGENERAT10968 generator to EU-DEU node...
INFO [2024-08-08 15:41:29] [THERMAL] - Adding DEU_BIO_BIOMASSGENERAT10969 generator to EU-DEU node...
INFO [2024-08-08 15:41:30] [THERMAL] - Adding DEU_BIO_BKF10913 generator to EU-DEU node...
INFO [2024-08-08 15:41:30] [THERMAL] - Adding DEU_BIO_BLOCKHEIZKRAFTW10981 generator to EU-DEU node...
INFO [2024-08-08 15:41:30] [THERMAL] - Adding DEU_BIO_BMHKWBINDERHOL10914 generator to EU-DEU node...
INFO [2024-08-08 15:41:30] [THERMAL] - Adding DEU_BIO_BMHKWRERECKLI10915 generator to EU-DEU node...
INFO [2024-08-08 15:41:31] [THERMAL] - Adding DEU_BIO_BMKLNEN10916 generator to EU-DEU node...
INFO [2024-08-08 15:41:31] [THERMAL] - Adding DEU_BIO_BMKWBERGKAMEN10917 generator to EU-DEU node...
INFO [2024-08-08 15:41:31] [THERMAL] - Adding DEU_BIO_BMKWFLRSHEIM10918 generator to EU-DEU node...
INFO [2024-08-08 15:41:31] [THERMAL] - Adding DEU_BIO_BMKWKNIGSWU10919 generator to EU-DEU node...
INFO [2024-08-08 15:41:32] [THERMAL] - Adding DEU_BIO_BMKWMANNHEIM10920 generator to EU-DEU node...
INFO [2024-08-08 15:41:32] [THERMAL] - Adding DEU_BIO_CAPACITY SCALER generator to EU-DEU node...
INFO [2024-08-08 15:41:32] [THERMAL] - Adding DEU_BIO_EGGERKRAFTWERK11072 generator to EU-DEU node...
INFO [2024-08-08 15:41:32] [THERMAL] - Adding DEU_BIO_EMDENBIOMASSE11085 generator to EU-DEU node...
INFO [2024-08-08 15:41:33] [THERMAL] - Adding DEU_BIO_ENERGIEANLAGE311089 generator to EU-DEU node...
INFO [2024-08-08 15:41:33] [THERMAL] - Adding DEU_BIO_ENERTRAGNETZG11063 generator to EU-DEU node...
INFO [2024-08-08 15:41:34] [THERMAL] - Adding DEU_BIO_HEIZKRAFTWERKP11275 generator to EU-DEU node...
INFO [2024-08-08 15:41:34] [THERMAL] - Adding DEU_BIO_HHKWBERLINNEU11189 generator to EU-DEU node...
INFO [2024-08-08 15:41:34] [THERMAL] - Adding DEU_BIO_HKWALTENSTADT11194 generator to EU-DEU node...
INFO [2024-08-08 15:41:34] [THERMAL] - Adding DEU_BIO_KWKGTERSLOH11354 generator to EU-DEU node...
INFO [2024-08-08 15:41:35] [THERMAL] - Adding DEU_BIO_KWKNEUMARKT11355 generator to EU-DEU node...
INFO [2024-08-08 15:41:35] [THERMAL] - Adding DEU_BIO_LANDESBERGENBI11424 generator to EU-DEU node...
INFO [2024-08-08 15:41:35] [THERMAL] - Adding DEU_BIO_MLLVERWERTUNG11495 generator to EU-DEU node...
INFO [2024-08-08 15:41:35] [THERMAL] - Adding DEU_BIO_SCAMANNHEIM11648 generator to EU-DEU node...
INFO [2024-08-08 15:41:36] [THERMAL] - Adding DEU_BIO_STORAENSOMAXA11716 generator to EU-DEU node...
INFO [2024-08-08 15:41:36] [THERMAL] - Adding DEU_BIO_UPMSCHWEDT11755 generator to EU-DEU node...
INFO [2024-08-08 15:41:36] [THERMAL] - Adding DEU_BIO_UTB11756 generator to EU-DEU node...
INFO [2024-08-08 15:41:37] [THERMAL] - Adding DEU_BIO_WERKSKRAFTWERK11803 generator to EU-DEU node...
INFO [2024-08-08 15:41:37] [THERMAL] - Adding DEU_BIO_WERKSKRAFTWERK11805 generator to EU-DEU node...
INFO [2024-08-08 15:41:37] [THERMAL] - Adding DEU_BIO_WIBIEBRICH11814 generator to EU-DEU node...
INFO [2024-08-08 15:41:37] [THERMAL] - Adding DEU_BIO_ZELLSTOFFSTEND11847 generator to EU-DEU node...
INFO [2024-08-08 15:41:38] [THERMAL] - Adding DEU_BIO_ZOLLINGPOWERS11851 generator to EU-DEU node...
INFO [2024-08-08 15:41:38] [THERMAL] - Adding DEU_COA_ALTBACHPOWERS10887 generator to EU-DEU node...
INFO [2024-08-08 15:41:38] [THERMAL] - Adding DEU_COA_BERGKAMENPOWER10936 generator to EU-DEU node...
INFO [2024-08-08 15:41:38] [THERMAL] - Adding DEU_COA_BERLINMOABITP10938 generator to EU-DEU node...
INFO [2024-08-08 15:41:39] [THERMAL] - Adding DEU_COA_BERLINREUTERP10939 generator to EU-DEU node...
INFO [2024-08-08 15:41:39] [THERMAL] - Adding DEU_COA_BERLINREUTERW10940 generator to EU-DEU node...
INFO [2024-08-08 15:41:39] [THERMAL] - Adding DEU_COA_BOA210982 generator to EU-DEU node...
INFO [2024-08-08 15:41:40] [THERMAL] - Adding DEU_COA_BOXBERGPOWERS10989 generator to EU-DEU node...
INFO [2024-08-08 15:41:40] [THERMAL] - Adding DEU_COA_BRAUNKOHLEKRAFT10993 generator to EU-DEU node...
INFO [2024-08-08 15:41:40] [THERMAL] - Adding DEU_COA_BREMENFARGEPO10995 generator to EU-DEU node...
INFO [2024-08-08 15:41:41] [THERMAL] - Adding DEU_COA_BUERPOWERSTAT11001 generator to EU-DEU node...
INFO [2024-08-08 15:41:41] [THERMAL] - Adding DEU_COA_BUSCHHAUSPOWER11002 generator to EU-DEU node...
INFO [2024-08-08 15:41:41] [THERMAL] - Adding DEU_COA_CHEMIEPARKMARL11011 generator to EU-DEU node...
INFO [2024-08-08 15:41:41] [THERMAL] - Adding DEU_COA_CHEMNITZNORDP11012 generator to EU-DEU node...
INFO [2024-08-08 15:41:42] [THERMAL] - Adding DEU_COA_COALPLANT111015 generator to EU-DEU node...
INFO [2024-08-08 15:41:42] [THERMAL] - Adding DEU_COA_COALPLANT211016 generator to EU-DEU node...
INFO [2024-08-08 15:41:42] [THERMAL] - Adding DEU_COA_COLOGNEMERKENI11018 generator to EU-DEU node...
INFO [2024-08-08 15:41:43] [THERMAL] - Adding DEU_COA_COTTBUSCHPPOW11019 generator to EU-DEU node...
INFO [2024-08-08 15:41:43] [THERMAL] - Adding DEU_COA_DESSAUPOWERST11037 generator to EU-DEU node...
INFO [2024-08-08 15:41:43] [THERMAL] - Adding DEU_COA_DEUBENPOWERST11040 generator to EU-DEU node...
INFO [2024-08-08 15:41:43] [THERMAL] - Adding DEU_COA_EZ111066 generator to EU-DEU node...
INFO [2024-08-08 15:41:44] [THERMAL] - Adding DEU_COA_FKK11104 generator to EU-DEU node...
INFO [2024-08-08 15:41:44] [THERMAL] - Adding DEU_COA_FLENSBURGPOWER11111 generator to EU-DEU node...
INFO [2024-08-08 15:41:44] [THERMAL] - Adding DEU_COA_FORTUNANORD11113 generator to EU-DEU node...
INFO [2024-08-08 15:41:45] [THERMAL] - Adding DEU_COA_FRIMMERSDORFPO11118 generator to EU-DEU node...
INFO [2024-08-08 15:41:45] [THERMAL] - Adding DEU_COA_GKHHANNOVERPO11123 generator to EU-DEU node...
INFO [2024-08-08 15:41:45] [THERMAL] - Adding DEU_COA_GKMMANNHEIM11125 generator to EU-DEU node...
INFO [2024-08-08 15:41:46] [THERMAL] - Adding DEU_COA_GKRAFTWERK11121 generator to EU-DEU node...
INFO [2024-08-08 15:41:46] [THERMAL] - Adding DEU_COA_GRUBENHEIZKRAFT11165 generator to EU-DEU node...
INFO [2024-08-08 15:41:46] [THERMAL] - Adding DEU_COA_HAFENPOWERSTA11244 generator to EU-DEU node...
INFO [2024-08-08 15:41:46] [THERMAL] - Adding DEU_COA_HAMBURGMOORBUR11247 generator to EU-DEU node...
INFO [2024-08-08 15:41:47] [THERMAL] - Adding DEU_COA_HASTEDTPOWERS11251 generator to EU-DEU node...
INFO [2024-08-08 15:41:47] [THERMAL] - Adding DEU_COA_HEILBRONNPOWER11255 generator to EU-DEU node...
INFO [2024-08-08 15:41:47] [THERMAL] - Adding DEU_COA_HEIZKRAFTWERK311260 generator to EU-DEU node...
INFO [2024-08-08 15:41:48] [THERMAL] - Adding DEU_COA_HEIZKRAFTWERKD11281 generator to EU-DEU node...
INFO [2024-08-08 15:41:48] [THERMAL] - Adding DEU_COA_HEIZKRAFTWERKF11266 generator to EU-DEU node...
INFO [2024-08-08 15:41:48] [THERMAL] - Adding DEU_COA_HEIZKRAFTWERKM11274 generator to EU-DEU node...
INFO [2024-08-08 15:41:48] [THERMAL] - Adding DEU_COA_HEIZKRAFTWERKS11279 generator to EU-DEU node...
INFO [2024-08-08 15:41:49] [THERMAL] - Adding DEU_COA_HERNEPOWERSTA11288 generator to EU-DEU node...
INFO [2024-08-08 15:41:49] [THERMAL] - Adding DEU_COA_HEYDENPOWERST11292 generator to EU-DEU node...
INFO [2024-08-08 15:41:49] [THERMAL] - Adding DEU_COA_HKWERLANGENC11203 generator to EU-DEU node...
INFO [2024-08-08 15:41:50] [THERMAL] - Adding DEU_COA_HKWI11211 generator to EU-DEU node...
INFO [2024-08-08 15:41:50] [THERMAL] - Adding DEU_COA_HKWKARCHERSTR_11214 generator to EU-DEU node...
INFO [2024-08-08 15:41:50] [THERMAL] - Adding DEU_COA_HKWNORD11222 generator to EU-DEU node...
INFO [2024-08-08 15:41:51] [THERMAL] - Adding DEU_COA_HKWNORDWEST11223 generator to EU-DEU node...
INFO [2024-08-08 15:41:51] [THERMAL] - Adding DEU_COA_HKWOFFENBACHP11295 generator to EU-DEU node...
INFO [2024-08-08 15:41:51] [THERMAL] - Adding DEU_COA_HKWSACHTLEBEN11226 generator to EU-DEU node...
INFO [2024-08-08 15:41:52] [THERMAL] - Adding DEU_COA_HKWWEST11233 generator to EU-DEU node...
INFO [2024-08-08 15:41:52] [THERMAL] - Adding DEU_COA_HKWWEST11234 generator to EU-DEU node...
INFO [2024-08-08 15:41:52] [THERMAL] - Adding DEU_COA_HUERTHVILLE11303 generator to EU-DEU node...
INFO [2024-08-08 15:41:53] [THERMAL] - Adding DEU_COA_IBBENBRENBP11323 generator to EU-DEU node...
INFO [2024-08-08 15:41:53] [THERMAL] - Adding DEU_COA_INDUSTRIEKRAFT11330 generator to EU-DEU node...
INFO [2024-08-08 15:41:53] [THERMAL] - Adding DEU_COA_JANSCHWALDEPOW11338 generator to EU-DEU node...
INFO [2024-08-08 15:41:53] [THERMAL] - Adding DEU_COA_KESSEL411372 generator to EU-DEU node...
INFO [2024-08-08 15:41:54] [THERMAL] - Adding DEU_COA_KIELPOWERSTAT11374 generator to EU-DEU node...
INFO [2024-08-08 15:41:54] [THERMAL] - Adding DEU_COA_KLINGENBERG11380 generator to EU-DEU node...
INFO [2024-08-08 15:41:54] [THERMAL] - Adding DEU_COA_KOHLEKRAFTWERK11387 generator to EU-DEU node...
INFO [2024-08-08 15:41:55] [THERMAL] - Adding DEU_COA_KRAFTWERK11391 generator to EU-DEU node...
INFO [2024-08-08 15:41:55] [THERMAL] - Adding DEU_COA_KRAFTWERKBEXBA11395 generator to EU-DEU node...
INFO [2024-08-08 15:41:55] [THERMAL] - Adding DEU_COA_KRAFTWERKENSDO11396 generator to EU-DEU node...
INFO [2024-08-08 15:41:56] [THERMAL] - Adding DEU_COA_KRAFTWERKII11400 generator to EU-DEU node...
INFO [2024-08-08 15:41:56] [THERMAL] - Adding DEU_COA_KRAFTWERKL5711402 generator to EU-DEU node...
INFO [2024-08-08 15:41:56] [THERMAL] - Adding DEU_COA_KRAFTWERKN23011406 generator to EU-DEU node...
INFO [2024-08-08 15:41:57] [THERMAL] - Adding DEU_COA_KRAFTWERKWERDO11414 generator to EU-DEU node...
INFO [2024-08-08 15:41:57] [THERMAL] - Adding DEU_COA_KWM11360 generator to EU-DEU node...
INFO [2024-08-08 15:41:57] [THERMAL] - Adding DEU_COA_KWVOERDE11348 generator to EU-DEU node...
INFO [2024-08-08 15:41:58] [THERMAL] - Adding DEU_COA_KWWALSUM11349 generator to EU-DEU node...
INFO [2024-08-08 15:41:58] [THERMAL] - Adding DEU_COA_KWWEST11350 generator to EU-DEU node...
INFO [2024-08-08 15:41:58] [THERMAL] - Adding DEU_COA_LIPPENDORFPOWE11441 generator to EU-DEU node...
INFO [2024-08-08 15:41:59] [THERMAL] - Adding DEU_COA_LNENPOWERST11449 generator to EU-DEU node...
INFO [2024-08-08 15:41:59] [THERMAL] - Adding DEU_COA_MODELLKRAFTWERK11483 generator to EU-DEU node...
INFO [2024-08-08 15:41:59] [THERMAL] - Adding DEU_COA_NEURATHPOWERS11521 generator to EU-DEU node...
INFO [2024-08-08 15:42:00] [THERMAL] - Adding DEU_COA_NIEDERAUSSEMPO11527 generator to EU-DEU node...
INFO [2024-08-08 15:42:00] [THERMAL] - Adding DEU_COA_NORD211529 generator to EU-DEU node...
INFO [2024-08-08 15:42:00] [THERMAL] - Adding DEU_COA_PFORZHEIMPOWER11577 generator to EU-DEU node...
INFO [2024-08-08 15:42:01] [THERMAL] - Adding DEU_COA_PLWERKEUSKIR11557 generator to EU-DEU node...
INFO [2024-08-08 15:42:01] [THERMAL] - Adding DEU_COA_PLWERKJLIC11558 generator to EU-DEU node...
INFO [2024-08-08 15:42:01] [THERMAL] - Adding DEU_COA_PLWERKKNNE11559 generator to EU-DEU node...
INFO [2024-08-08 15:42:02] [THERMAL] - Adding DEU_COA_RENODEMEDICI11608 generator to EU-DEU node...
INFO [2024-08-08 15:42:02] [THERMAL] - Adding DEU_COA_RHEINHAFENDAMP11617 generator to EU-DEU node...
INFO [2024-08-08 15:42:02] [THERMAL] - Adding DEU_COA_ROSTOCKPOWERS11638 generator to EU-DEU node...
INFO [2024-08-08 15:42:03] [THERMAL] - Adding DEU_COA_SCHKOPAUPOWER11665 generator to EU-DEU node...
INFO [2024-08-08 15:42:03] [THERMAL] - Adding DEU_COA_SCHOLVENPOWER11669 generator to EU-DEU node...
INFO [2024-08-08 15:42:03] [THERMAL] - Adding DEU_COA_SCHWARZEPUMPE11673 generator to EU-DEU node...
INFO [2024-08-08 15:42:04] [THERMAL] - Adding DEU_COA_STAUDINGERPOWE11709 generator to EU-DEU node...
INFO [2024-08-08 15:42:04] [THERMAL] - Adding DEU_COA_STUTTGARTMUENS11720 generator to EU-DEU node...
INFO [2024-08-08 15:42:04] [THERMAL] - Adding DEU_COA_TIEFSTACKPOWER11739 generator to EU-DEU node...
INFO [2024-08-08 15:42:05] [THERMAL] - Adding DEU_COA_TRIANELKOHLEKR11742 generator to EU-DEU node...
INFO [2024-08-08 15:42:05] [THERMAL] - Adding DEU_COA_WACHTBERGPOWER11777 generator to EU-DEU node...
INFO [2024-08-08 15:42:05] [THERMAL] - Adding DEU_COA_WAEHLITZPOWER11778 generator to EU-DEU node...
INFO [2024-08-08 15:42:06] [THERMAL] - Adding DEU_COA_WALHEIMPOWERS11787 generator to EU-DEU node...
INFO [2024-08-08 15:42:06] [THERMAL] - Adding DEU_COA_WEDELPOWERSTA11793 generator to EU-DEU node...
INFO [2024-08-08 15:42:07] [THERMAL] - Adding DEU_COA_WEIHER11796 generator to EU-DEU node...
INFO [2024-08-08 15:42:07] [THERMAL] - Adding DEU_COA_WEISWEILERPOWE11799 generator to EU-DEU node...
INFO [2024-08-08 15:42:08] [THERMAL] - Adding DEU_COA_WESTFALEN11811 generator to EU-DEU node...
INFO [2024-08-08 15:42:08] [THERMAL] - Adding DEU_COA_WILHELMSHAVENP11817 generator to EU-DEU node...
INFO [2024-08-08 15:42:08] [THERMAL] - Adding DEU_COA_WUPPERTALELBER11838 generator to EU-DEU node...
INFO [2024-08-08 15:42:09] [THERMAL] - Adding DEU_GAS_ADSANLAGE10872 generator to EU-DEU node...
INFO [2024-08-08 15:42:09] [THERMAL] - Adding DEU_GAS_AHRENSFELDE10881 generator to EU-DEU node...
INFO [2024-08-08 15:42:09] [THERMAL] - Adding DEU_GAS_BHKW10907 generator to EU-DEU node...
INFO [2024-08-08 15:42:10] [THERMAL] - Adding DEU_GAS_BHKWANKLINKER10911 generator to EU-DEU node...
INFO [2024-08-08 15:42:10] [THERMAL] - Adding DEU_GAS_BHKWH_12010908 generator to EU-DEU node...
INFO [2024-08-08 15:42:10] [THERMAL] - Adding DEU_GAS_BHKWHAUFFSTRA10912 generator to EU-DEU node...
INFO [2024-08-08 15:42:11] [THERMAL] - Adding DEU_GAS_BHKWLUDWIGSHAF10909 generator to EU-DEU node...
INFO [2024-08-08 15:42:11] [THERMAL] - Adding DEU_GAS_BHKWOBEREVIEH10910 generator to EU-DEU node...
INFO [2024-08-08 15:42:11] [THERMAL] - Adding DEU_GAS_BIOMASSGENERAT10958 generator to EU-DEU node...
INFO [2024-08-08 15:42:12] [THERMAL] - Adding DEU_GAS_BOCHUM10983 generator to EU-DEU node...
INFO [2024-08-08 15:42:12] [THERMAL] - Adding DEU_GAS_BPWERKLINGEN10921 generator to EU-DEU node...
INFO [2024-08-08 15:42:12] [THERMAL] - Adding DEU_GAS_CAPACITY SCALER generator to EU-DEU node...
INFO [2024-08-08 15:42:13] [THERMAL] - Adding DEU_GAS_CHARLOTTENBURG11010 generator to EU-DEU node...
INFO [2024-08-08 15:42:13] [THERMAL] - Adding DEU_GAS_COGENERATION11014 generator to EU-DEU node...
INFO [2024-08-08 15:42:14] [THERMAL] - Adding DEU_GAS_DAMPFKRAFTWERK11027 generator to EU-DEU node...
INFO [2024-08-08 15:42:14] [THERMAL] - Adding DEU_GAS_DORMAGEN11044 generator to EU-DEU node...
INFO [2024-08-08 15:42:14] [THERMAL] - Adding DEU_GAS_DORTMUND11046 generator to EU-DEU node...
INFO [2024-08-08 15:42:15] [THERMAL] - Adding DEU_GAS_DOWSTADE11047 generator to EU-DEU node...
INFO [2024-08-08 15:42:15] [THERMAL] - Adding DEU_GAS_DUISBURGHAMBOR11049 generator to EU-DEU node...
INFO [2024-08-08 15:42:15] [THERMAL] - Adding DEU_GAS_DUISBURGRUHROR11050 generator to EU-DEU node...
INFO [2024-08-08 15:42:16] [THERMAL] - Adding DEU_GAS_EGGERKRAFTWERK11073 generator to EU-DEU node...
INFO [2024-08-08 15:42:16] [THERMAL] - Adding DEU_GAS_EMDENNATURALG11086 generator to EU-DEU node...
INFO [2024-08-08 15:42:16] [THERMAL] - Adding DEU_GAS_EMSLAND11088 generator to EU-DEU node...
INFO [2024-08-08 15:42:17] [THERMAL] - Adding DEU_GAS_ENERGIEZENTRALE11090 generator to EU-DEU node...
INFO [2024-08-08 15:42:17] [THERMAL] - Adding DEU_GAS_ENERGIEZENTRALE11091 generator to EU-DEU node...
INFO [2024-08-08 15:42:18] [THERMAL] - Adding DEU_GAS_ENERGIEZENTRUM11092 generator to EU-DEU node...
INFO [2024-08-08 15:42:18] [THERMAL] - Adding DEU_GAS_ERWEITERUNGENE11099 generator to EU-DEU node...
INFO [2024-08-08 15:42:18] [THERMAL] - Adding DEU_GAS_EVCGLOBALFOU11064 generator to EU-DEU node...
