INFO [2024-10-30 22:54:44] [MAIN] - Initializing output folder...
INFO [2024-10-30 22:54:50] [MAIN] - Creating If S1 Economy v2.4 (World w CSP) study...
INFO [2024-10-30 22:54:50] [MAIN] - Simulating If scenario~: S1 .

INFO [2024-10-30 22:54:50] [MAIN] - Simulation mode : Economy
INFO [2024-10-30 22:54:50] [MAIN] - Unit commitment mode : accurate
INFO [2024-10-30 22:54:50] [MAIN] - Number of MC years : 10
INFO [2024-10-30 22:54:50] [MAIN] - Generation of CSP : TRUE
INFO [2024-10-30 22:54:51] [MAIN] - Adding world node...

INFO [2024-10-30 22:54:51] [MAIN] - Done adding world node! (run time : 0.16s).

INFO [2024-10-30 22:54:51] [MAIN] - Fetching thermal data...
INFO [2024-10-30 22:54:51] [THERMAL] - Adding Bioenergy generator to World node...
INFO [2024-10-30 22:54:51] [THERMAL] - Adding Coal generator to World node...
INFO [2024-10-30 22:54:51] [THERMAL] - Adding Gas generator to World node...
INFO [2024-10-30 22:54:51] [THERMAL] - Adding Geothermal generator to World node...
INFO [2024-10-30 22:54:51] [THERMAL] - Adding Nuclear generator to World node...
INFO [2024-10-30 22:54:51] [THERMAL] - Adding Geothermal generator to World node...
INFO [2024-10-30 22:54:51] [MAIN] - Done adding thermal data! (run time : 0.01min).

INFO [2024-10-30 22:54:51] [MAIN] - Fetching wind data...

INFO [2024-10-30 22:55:19] [WIND] - Adding World wind data to Wind Onshore cluster...
INFO [2024-10-30 22:55:19] [MAIN] - Done adding wind data! (run time : 27.39s).

INFO [2024-10-30 22:55:19] [MAIN] - Fetching PV data...

INFO [2024-10-30 22:55:41] [PV] - Adding World PV data to Solar PV cluster...
INFO [2024-10-30 22:55:41] [MAIN] - Done adding PV data! (run time : 22.25s).

INFO [2024-10-30 22:55:41] [MAIN] - Fetching CSP data...

INFO [2024-10-30 22:55:42] [CSP] - Adding World CSP data to Solar Thermal cluster...
INFO [2024-10-30 22:55:42] [MAIN] - Done adding CSP data! (run time : 0.73s).

INFO [2024-10-30 22:55:44] [HYDRO] - Initializing World hydro parameters...
INFO [2024-10-30 22:55:44] [HYDRO] - Adding World max power timeseries...
INFO [2024-10-30 22:55:45] [HYDRO] - Adding World hydro profiles...
INFO [2024-10-30 22:55:45] [MAIN] - Finished setting up Antares study! (run time : 0.91min).
 

