INFO [2024-08-05 16:42:32] [MAIN] - Creating Etude_sur_R_Monde__2024_08_05_16_42_32 study...

INFO [2024-08-05 16:42:32] [MAIN] - Unit commitment mode : FAST
INFO [2024-08-05 16:42:33] [MAIN] - Adding nodes...

INFO [2024-08-05 16:42:36] [NODES] - Adding EU-CHE node...
INFO [2024-08-05 16:42:36] [NODES] - Adding EU-DEU node...
INFO [2024-08-05 16:42:36] [NODES] - Adding EU-FRA node...
INFO [2024-08-05 16:42:36] [MAIN] - Done adding nodes! (run time : 3.71s).

INFO [2024-08-05 16:42:36] [MAIN] - Adding load data...

INFO [2024-08-05 16:42:39] [LOAD] - Adding EU-CHE load data...
INFO [2024-08-05 16:42:39] [LOAD] - Adding EU-DEU load data...
INFO [2024-08-05 16:42:39] [LOAD] - Adding EU-FRA load data...
INFO [2024-08-05 16:42:39] [MAIN] - Done adding load data! (run time : 2.58s).

INFO [2024-08-05 16:42:39] [MAIN] - Fetching wind data...

INFO [2024-08-05 16:42:39] [WIND] - Adding EU-CHE aggregated wind data...
INFO [2024-08-05 16:42:39] [WIND] - Adding EU-DEU aggregated wind data...
INFO [2024-08-05 16:42:39] [WIND] - Adding EU-FRA aggregated wind data...
INFO [2024-08-05 16:42:39] [MAIN] - Done adding wind data! (run time : 0.33s).

INFO [2024-08-05 16:42:39] [MAIN] - Fetching solar data...

INFO [2024-08-05 16:42:40] [SOLAR] - Adding EU-CHE aggregated solar data...
INFO [2024-08-05 16:42:40] [SOLAR] - Adding EU-DEU aggregated solar data...
INFO [2024-08-05 16:42:40] [SOLAR] - Adding EU-FRA aggregated solar data...
INFO [2024-08-05 16:42:40] [MAIN] - Done adding solar data! (run time : 0.3s).

INFO [2024-08-05 16:42:40] [MAIN] - Fetching thermal data...

INFO [2024-08-05 16:42:44] [THERMAL] - Adding CHE_COA_CAPACITY SCALER generator to EU-CHE node...
INFO [2024-08-05 16:42:44] [THERMAL] - Adding CHE_GAS_CAPACITY SCALER generator to EU-CHE node...
INFO [2024-08-05 16:42:44] [THERMAL] - Adding CHE_NUC_KERNKRAFTWERKB17760 generator to EU-CHE node...
INFO [2024-08-05 16:42:44] [THERMAL] - Adding CHE_NUC_KERNKRAFTWERKG17761 generator to EU-CHE node...
INFO [2024-08-05 16:42:44] [THERMAL] - Adding CHE_NUC_KERNKRAFTWERKL17762 generator to EU-CHE node...
INFO [2024-08-05 16:42:44] [THERMAL] - Adding CHE_NUC_KERNKRAFTWERKM17763 generator to EU-CHE node...
INFO [2024-08-05 16:42:44] [THERMAL] - Adding DEU_COA_ALTBACHPOWERS10887 generator to EU-DEU node...
INFO [2024-08-05 16:42:44] [THERMAL] - Adding DEU_COA_BERGKAMENPOWER10936 generator to EU-DEU node...
INFO [2024-08-05 16:42:44] [THERMAL] - Adding DEU_COA_BERLINMOABITP10938 generator to EU-DEU node...
INFO [2024-08-05 16:42:45] [THERMAL] - Adding DEU_COA_BERLINREUTERP10939 generator to EU-DEU node...
INFO [2024-08-05 16:42:45] [THERMAL] - Adding DEU_COA_BERLINREUTERW10940 generator to EU-DEU node...
INFO [2024-08-05 16:42:45] [THERMAL] - Adding DEU_COA_BOA210982 generator to EU-DEU node...
INFO [2024-08-05 16:42:45] [THERMAL] - Adding DEU_COA_BOXBERGPOWERS10989 generator to EU-DEU node...
INFO [2024-08-05 16:42:45] [THERMAL] - Adding DEU_COA_BRAUNKOHLEKRAFT10993 generator to EU-DEU node...
INFO [2024-08-05 16:42:45] [THERMAL] - Adding DEU_COA_BREMENFARGEPO10995 generator to EU-DEU node...
INFO [2024-08-05 16:42:46] [THERMAL] - Adding DEU_COA_BUERPOWERSTAT11001 generator to EU-DEU node...
INFO [2024-08-05 16:42:46] [THERMAL] - Adding DEU_COA_BUSCHHAUSPOWER11002 generator to EU-DEU node...
INFO [2024-08-05 16:42:46] [THERMAL] - Adding DEU_COA_CHEMIEPARKMARL11011 generator to EU-DEU node...
INFO [2024-08-05 16:42:46] [THERMAL] - Adding DEU_COA_CHEMNITZNORDP11012 generator to EU-DEU node...
INFO [2024-08-05 16:42:46] [THERMAL] - Adding DEU_COA_COALPLANT111015 generator to EU-DEU node...
INFO [2024-08-05 16:42:46] [THERMAL] - Adding DEU_COA_COALPLANT211016 generator to EU-DEU node...
INFO [2024-08-05 16:42:47] [THERMAL] - Adding DEU_COA_COLOGNEMERKENI11018 generator to EU-DEU node...
INFO [2024-08-05 16:42:47] [THERMAL] - Adding DEU_COA_COTTBUSCHPPOW11019 generator to EU-DEU node...
INFO [2024-08-05 16:42:47] [THERMAL] - Adding DEU_COA_DESSAUPOWERST11037 generator to EU-DEU node...
INFO [2024-08-05 16:42:47] [THERMAL] - Adding DEU_COA_DEUBENPOWERST11040 generator to EU-DEU node...
INFO [2024-08-05 16:42:47] [THERMAL] - Adding DEU_COA_EZ111066 generator to EU-DEU node...
INFO [2024-08-05 16:42:47] [THERMAL] - Adding DEU_COA_FKK11104 generator to EU-DEU node...
INFO [2024-08-05 16:42:48] [THERMAL] - Adding DEU_COA_FLENSBURGPOWER11111 generator to EU-DEU node...
INFO [2024-08-05 16:42:48] [THERMAL] - Adding DEU_COA_FORTUNANORD11113 generator to EU-DEU node...
INFO [2024-08-05 16:42:48] [THERMAL] - Adding DEU_COA_FRIMMERSDORFPO11118 generator to EU-DEU node...
INFO [2024-08-05 16:42:48] [THERMAL] - Adding DEU_COA_GKHHANNOVERPO11123 generator to EU-DEU node...
INFO [2024-08-05 16:42:48] [THERMAL] - Adding DEU_COA_GKMMANNHEIM11125 generator to EU-DEU node...
INFO [2024-08-05 16:42:48] [THERMAL] - Adding DEU_COA_GKRAFTWERK11121 generator to EU-DEU node...
INFO [2024-08-05 16:42:49] [THERMAL] - Adding DEU_COA_GRUBENHEIZKRAFT11165 generator to EU-DEU node...
INFO [2024-08-05 16:42:49] [THERMAL] - Adding DEU_COA_HAFENPOWERSTA11244 generator to EU-DEU node...
INFO [2024-08-05 16:42:49] [THERMAL] - Adding DEU_COA_HAMBURGMOORBUR11247 generator to EU-DEU node...
INFO [2024-08-05 16:42:49] [THERMAL] - Adding DEU_COA_HASTEDTPOWERS11251 generator to EU-DEU node...
INFO [2024-08-05 16:42:49] [THERMAL] - Adding DEU_COA_HEILBRONNPOWER11255 generator to EU-DEU node...
INFO [2024-08-05 16:42:49] [THERMAL] - Adding DEU_COA_HEIZKRAFTWERK311260 generator to EU-DEU node...
INFO [2024-08-05 16:42:50] [THERMAL] - Adding DEU_COA_HEIZKRAFTWERKD11281 generator to EU-DEU node...
INFO [2024-08-05 16:42:50] [THERMAL] - Adding DEU_COA_HEIZKRAFTWERKF11266 generator to EU-DEU node...
INFO [2024-08-05 16:42:50] [THERMAL] - Adding DEU_COA_HEIZKRAFTWERKM11274 generator to EU-DEU node...
INFO [2024-08-05 16:42:50] [THERMAL] - Adding DEU_COA_HEIZKRAFTWERKS11279 generator to EU-DEU node...
INFO [2024-08-05 16:42:50] [THERMAL] - Adding DEU_COA_HERNEPOWERSTA11288 generator to EU-DEU node...
INFO [2024-08-05 16:42:50] [THERMAL] - Adding DEU_COA_HEYDENPOWERST11292 generator to EU-DEU node...
INFO [2024-08-05 16:42:51] [THERMAL] - Adding DEU_COA_HKWERLANGENC11203 generator to EU-DEU node...
INFO [2024-08-05 16:42:51] [THERMAL] - Adding DEU_COA_HKWI11211 generator to EU-DEU node...
INFO [2024-08-05 16:42:51] [THERMAL] - Adding DEU_COA_HKWKARCHERSTR_11214 generator to EU-DEU node...
INFO [2024-08-05 16:42:51] [THERMAL] - Adding DEU_COA_HKWNORD11222 generator to EU-DEU node...
INFO [2024-08-05 16:42:51] [THERMAL] - Adding DEU_COA_HKWNORDWEST11223 generator to EU-DEU node...
INFO [2024-08-05 16:42:52] [THERMAL] - Adding DEU_COA_HKWOFFENBACHP11295 generator to EU-DEU node...
INFO [2024-08-05 16:42:52] [THERMAL] - Adding DEU_COA_HKWSACHTLEBEN11226 generator to EU-DEU node...
INFO [2024-08-05 16:42:52] [THERMAL] - Adding DEU_COA_HKWWEST11233 generator to EU-DEU node...
INFO [2024-08-05 16:42:52] [THERMAL] - Adding DEU_COA_HKWWEST11234 generator to EU-DEU node...
INFO [2024-08-05 16:42:52] [THERMAL] - Adding DEU_COA_HUERTHVILLE11303 generator to EU-DEU node...
INFO [2024-08-05 16:42:52] [THERMAL] - Adding DEU_COA_IBBENBRENBP11323 generator to EU-DEU node...
INFO [2024-08-05 16:42:53] [THERMAL] - Adding DEU_COA_INDUSTRIEKRAFT11330 generator to EU-DEU node...
INFO [2024-08-05 16:42:53] [THERMAL] - Adding DEU_COA_JANSCHWALDEPOW11338 generator to EU-DEU node...
INFO [2024-08-05 16:42:53] [THERMAL] - Adding DEU_COA_KESSEL411372 generator to EU-DEU node...
INFO [2024-08-05 16:42:53] [THERMAL] - Adding DEU_COA_KIELPOWERSTAT11374 generator to EU-DEU node...
INFO [2024-08-05 16:42:54] [THERMAL] - Adding DEU_COA_KLINGENBERG11380 generator to EU-DEU node...
INFO [2024-08-05 16:42:54] [THERMAL] - Adding DEU_COA_KOHLEKRAFTWERK11387 generator to EU-DEU node...
INFO [2024-08-05 16:42:54] [THERMAL] - Adding DEU_COA_KRAFTWERK11391 generator to EU-DEU node...
INFO [2024-08-05 16:42:54] [THERMAL] - Adding DEU_COA_KRAFTWERKBEXBA11395 generator to EU-DEU node...
INFO [2024-08-05 16:42:55] [THERMAL] - Adding DEU_COA_KRAFTWERKENSDO11396 generator to EU-DEU node...
INFO [2024-08-05 16:42:55] [THERMAL] - Adding DEU_COA_KRAFTWERKII11400 generator to EU-DEU node...
INFO [2024-08-05 16:42:55] [THERMAL] - Adding DEU_COA_KRAFTWERKL5711402 generator to EU-DEU node...
INFO [2024-08-05 16:42:55] [THERMAL] - Adding DEU_COA_KRAFTWERKN23011406 generator to EU-DEU node...
INFO [2024-08-05 16:42:56] [THERMAL] - Adding DEU_COA_KRAFTWERKWERDO11414 generator to EU-DEU node...
INFO [2024-08-05 16:42:56] [THERMAL] - Adding DEU_COA_KWM11360 generator to EU-DEU node...
INFO [2024-08-05 16:42:56] [THERMAL] - Adding DEU_COA_KWVOERDE11348 generator to EU-DEU node...
INFO [2024-08-05 16:42:56] [THERMAL] - Adding DEU_COA_KWWALSUM11349 generator to EU-DEU node...
INFO [2024-08-05 16:42:56] [THERMAL] - Adding DEU_COA_KWWEST11350 generator to EU-DEU node...
INFO [2024-08-05 16:42:57] [THERMAL] - Adding DEU_COA_LIPPENDORFPOWE11441 generator to EU-DEU node...
INFO [2024-08-05 16:42:57] [THERMAL] - Adding DEU_COA_LNENPOWERST11449 generator to EU-DEU node...
INFO [2024-08-05 16:42:57] [THERMAL] - Adding DEU_COA_MODELLKRAFTWERK11483 generator to EU-DEU node...
INFO [2024-08-05 16:42:57] [THERMAL] - Adding DEU_COA_NEURATHPOWERS11521 generator to EU-DEU node...
INFO [2024-08-05 16:42:57] [THERMAL] - Adding DEU_COA_NIEDERAUSSEMPO11527 generator to EU-DEU node...
INFO [2024-08-05 16:42:58] [THERMAL] - Adding DEU_COA_NORD211529 generator to EU-DEU node...
INFO [2024-08-05 16:42:58] [THERMAL] - Adding DEU_COA_PFORZHEIMPOWER11577 generator to EU-DEU node...
INFO [2024-08-05 16:42:58] [THERMAL] - Adding DEU_COA_PLWERKEUSKIR11557 generator to EU-DEU node...
INFO [2024-08-05 16:42:58] [THERMAL] - Adding DEU_COA_PLWERKJLIC11558 generator to EU-DEU node...
INFO [2024-08-05 16:42:58] [THERMAL] - Adding DEU_COA_PLWERKKNNE11559 generator to EU-DEU node...
INFO [2024-08-05 16:42:59] [THERMAL] - Adding DEU_COA_RENODEMEDICI11608 generator to EU-DEU node...
INFO [2024-08-05 16:42:59] [THERMAL] - Adding DEU_COA_RHEINHAFENDAMP11617 generator to EU-DEU node...
INFO [2024-08-05 16:42:59] [THERMAL] - Adding DEU_COA_ROSTOCKPOWERS11638 generator to EU-DEU node...
INFO [2024-08-05 16:42:59] [THERMAL] - Adding DEU_COA_SCHKOPAUPOWER11665 generator to EU-DEU node...
INFO [2024-08-05 16:42:59] [THERMAL] - Adding DEU_COA_SCHOLVENPOWER11669 generator to EU-DEU node...
INFO [2024-08-05 16:43:00] [THERMAL] - Adding DEU_COA_SCHWARZEPUMPE11673 generator to EU-DEU node...
INFO [2024-08-05 16:43:00] [THERMAL] - Adding DEU_COA_STAUDINGERPOWE11709 generator to EU-DEU node...
INFO [2024-08-05 16:43:00] [THERMAL] - Adding DEU_COA_STUTTGARTMUENS11720 generator to EU-DEU node...
INFO [2024-08-05 16:43:01] [THERMAL] - Adding DEU_COA_TIEFSTACKPOWER11739 generator to EU-DEU node...
INFO [2024-08-05 16:43:01] [THERMAL] - Adding DEU_COA_TRIANELKOHLEKR11742 generator to EU-DEU node...
INFO [2024-08-05 16:43:01] [THERMAL] - Adding DEU_COA_WACHTBERGPOWER11777 generator to EU-DEU node...
INFO [2024-08-05 16:43:01] [THERMAL] - Adding DEU_COA_WAEHLITZPOWER11778 generator to EU-DEU node...
INFO [2024-08-05 16:43:02] [THERMAL] - Adding DEU_COA_WALHEIMPOWERS11787 generator to EU-DEU node...
INFO [2024-08-05 16:43:02] [THERMAL] - Adding DEU_COA_WEDELPOWERSTA11793 generator to EU-DEU node...
INFO [2024-08-05 16:43:02] [THERMAL] - Adding DEU_COA_WEIHER11796 generator to EU-DEU node...
INFO [2024-08-05 16:43:02] [THERMAL] - Adding DEU_COA_WEISWEILERPOWE11799 generator to EU-DEU node...
INFO [2024-08-05 16:43:03] [THERMAL] - Adding DEU_COA_WESTFALEN11811 generator to EU-DEU node...
INFO [2024-08-05 16:43:03] [THERMAL] - Adding DEU_COA_WILHELMSHAVENP11817 generator to EU-DEU node...
INFO [2024-08-05 16:43:03] [THERMAL] - Adding DEU_COA_WUPPERTALELBER11838 generator to EU-DEU node...
INFO [2024-08-05 16:43:03] [THERMAL] - Adding DEU_GAS_ADSANLAGE10872 generator to EU-DEU node...
INFO [2024-08-05 16:43:04] [THERMAL] - Adding DEU_GAS_AHRENSFELDE10881 generator to EU-DEU node...
INFO [2024-08-05 16:43:04] [THERMAL] - Adding DEU_GAS_BHKW10907 generator to EU-DEU node...
INFO [2024-08-05 16:43:04] [THERMAL] - Adding DEU_GAS_BHKWANKLINKER10911 generator to EU-DEU node...
INFO [2024-08-05 16:43:04] [THERMAL] - Adding DEU_GAS_BHKWH_12010908 generator to EU-DEU node...
INFO [2024-08-05 16:43:05] [THERMAL] - Adding DEU_GAS_BHKWHAUFFSTRA10912 generator to EU-DEU node...
INFO [2024-08-05 16:43:05] [THERMAL] - Adding DEU_GAS_BHKWLUDWIGSHAF10909 generator to EU-DEU node...
INFO [2024-08-05 16:43:05] [THERMAL] - Adding DEU_GAS_BHKWOBEREVIEH10910 generator to EU-DEU node...
INFO [2024-08-05 16:43:05] [THERMAL] - Adding DEU_GAS_BIOMASSGENERAT10958 generator to EU-DEU node...
INFO [2024-08-05 16:43:06] [THERMAL] - Adding DEU_GAS_BOCHUM10983 generator to EU-DEU node...
INFO [2024-08-05 16:43:06] [THERMAL] - Adding DEU_GAS_BPWERKLINGEN10921 generator to EU-DEU node...
INFO [2024-08-05 16:43:06] [THERMAL] - Adding DEU_GAS_CAPACITY SCALER generator to EU-DEU node...
INFO [2024-08-05 16:43:06] [THERMAL] - Adding DEU_GAS_CHARLOTTENBURG11010 generator to EU-DEU node...
INFO [2024-08-05 16:43:07] [THERMAL] - Adding DEU_GAS_COGENERATION11014 generator to EU-DEU node...
INFO [2024-08-05 16:43:07] [THERMAL] - Adding DEU_GAS_DAMPFKRAFTWERK11027 generator to EU-DEU node...
INFO [2024-08-05 16:43:07] [THERMAL] - Adding DEU_GAS_DORMAGEN11044 generator to EU-DEU node...
INFO [2024-08-05 16:43:08] [THERMAL] - Adding DEU_GAS_DORTMUND11046 generator to EU-DEU node...
INFO [2024-08-05 16:43:08] [THERMAL] - Adding DEU_GAS_DOWSTADE11047 generator to EU-DEU node...
INFO [2024-08-05 16:43:08] [THERMAL] - Adding DEU_GAS_DUISBURGHAMBOR11049 generator to EU-DEU node...
INFO [2024-08-05 16:43:08] [THERMAL] - Adding DEU_GAS_DUISBURGRUHROR11050 generator to EU-DEU node...
INFO [2024-08-05 16:43:09] [THERMAL] - Adding DEU_GAS_EGGERKRAFTWERK11073 generator to EU-DEU node...
INFO [2024-08-05 16:43:09] [THERMAL] - Adding DEU_GAS_EMDENNATURALG11086 generator to EU-DEU node...
INFO [2024-08-05 16:43:09] [THERMAL] - Adding DEU_GAS_EMSLAND11088 generator to EU-DEU node...
INFO [2024-08-05 16:43:09] [THERMAL] - Adding DEU_GAS_ENERGIEZENTRALE11090 generator to EU-DEU node...
INFO [2024-08-05 16:43:10] [THERMAL] - Adding DEU_GAS_ENERGIEZENTRALE11091 generator to EU-DEU node...
INFO [2024-08-05 16:43:10] [THERMAL] - Adding DEU_GAS_ENERGIEZENTRUM11092 generator to EU-DEU node...
INFO [2024-08-05 16:43:10] [THERMAL] - Adding DEU_GAS_ERWEITERUNGENE11099 generator to EU-DEU node...
INFO [2024-08-05 16:43:11] [THERMAL] - Adding DEU_GAS_EVCGLOBALFOU11064 generator to EU-DEU node...
INFO [2024-08-05 16:43:11] [THERMAL] - Adding DEU_GAS_FRANKEN111114 generator to EU-DEU node...
INFO [2024-08-05 16:43:11] [THERMAL] - Adding DEU_GAS_FSKARTON11105 generator to EU-DEU node...
INFO [2024-08-05 16:43:12] [THERMAL] - Adding DEU_GAS_GEMEINSCHAFTSKR11138 generator to EU-DEU node...
INFO [2024-08-05 16:43:12] [THERMAL] - Adding DEU_GAS_GERSTEINWERK11141 generator to EU-DEU node...
INFO [2024-08-05 16:43:12] [THERMAL] - Adding DEU_GAS_GHD11122 generator to EU-DEU node...
INFO [2024-08-05 16:43:12] [THERMAL] - Adding DEU_GAS_GKL11124 generator to EU-DEU node...
INFO [2024-08-05 16:43:13] [THERMAL] - Adding DEU_GAS_GTKWDARMSTADT11128 generator to EU-DEU node...
INFO [2024-08-05 16:43:13] [THERMAL] - Adding DEU_GAS_GUD11168 generator to EU-DEU node...
INFO [2024-08-05 16:43:13] [THERMAL] - Adding DEU_GAS_GUDANLAGE11177 generator to EU-DEU node...
INFO [2024-08-05 16:43:14] [THERMAL] - Adding DEU_GAS_GUDANLAGEDREW11129 generator to EU-DEU node...
INFO [2024-08-05 16:43:14] [THERMAL] - Adding DEU_GAS_GUDANLAGERS11178 generator to EU-DEU node...
INFO [2024-08-05 16:43:14] [THERMAL] - Adding DEU_GAS_GUDANLAGEWVK11169 generator to EU-DEU node...
INFO [2024-08-05 16:43:15] [THERMAL] - Adding DEU_GAS_GUDBAUNATALV11170 generator to EU-DEU node...
INFO [2024-08-05 16:43:15] [THERMAL] - Adding DEU_GAS_GUDBITTERFELD11171 generator to EU-DEU node...
INFO [2024-08-05 16:43:15] [THERMAL] - Adding DEU_GAS_GUDHKWNEUBRAN11179 generator to EU-DEU node...
INFO [2024-08-05 16:43:16] [THERMAL] - Adding DEU_GAS_GUDIKWSTAFU11180 generator to EU-DEU node...
INFO [2024-08-05 16:43:16] [THERMAL] - Adding DEU_GAS_GUDKRAFTWERK11181 generator to EU-DEU node...
INFO [2024-08-05 16:43:16] [THERMAL] - Adding DEU_GAS_GUDKRAFTWERKH11172 generator to EU-DEU node...
INFO [2024-08-05 16:43:17] [THERMAL] - Adding DEU_GAS_GUDLEUNA11173 generator to EU-DEU node...
INFO [2024-08-05 16:43:17] [THERMAL] - Adding DEU_GAS_GUDMARIENEHE11174 generator to EU-DEU node...
INFO [2024-08-05 16:43:17] [THERMAL] - Adding DEU_GAS_GUDSCHWARZHEID11175 generator to EU-DEU node...
INFO [2024-08-05 16:43:18] [THERMAL] - Adding DEU_GAS_GUDTIEFSTACK11176 generator to EU-DEU node...
INFO [2024-08-05 16:43:18] [THERMAL] - Adding DEU_GAS_HATTORF11252 generator to EU-DEU node...
INFO [2024-08-05 16:43:19] [THERMAL] - Adding DEU_GAS_HBB11188 generator to EU-DEU node...
INFO [2024-08-05 16:43:19] [THERMAL] - Adding DEU_GAS_HEIZKRAFTWERK111258 generator to EU-DEU node...
INFO [2024-08-05 16:43:19] [THERMAL] - Adding DEU_GAS_HEIZKRAFTWERK211259 generator to EU-DEU node...
INFO [2024-08-05 16:43:19] [THERMAL] - Adding DEU_GAS_HEIZKRAFTWERK411261 generator to EU-DEU node...
INFO [2024-08-05 16:43:20] [THERMAL] - Adding DEU_GAS_HEIZKRAFTWERK511262 generator to EU-DEU node...
INFO [2024-08-05 16:43:20] [THERMAL] - Adding DEU_GAS_HEIZKRAFTWERKA11263 generator to EU-DEU node...
INFO [2024-08-05 16:43:21] [THERMAL] - Adding DEU_GAS_HEIZKRAFTWERKB11264 generator to EU-DEU node...
INFO [2024-08-05 16:43:21] [THERMAL] - Adding DEU_GAS_HEIZKRAFTWERKE11265 generator to EU-DEU node...
INFO [2024-08-05 16:43:21] [THERMAL] - Adding DEU_GAS_HEIZKRAFTWERKE11283 generator to EU-DEU node...
INFO [2024-08-05 16:43:22] [THERMAL] - Adding DEU_GAS_HEIZKRAFTWERKG11267 generator to EU-DEU node...
INFO [2024-08-05 16:43:22] [THERMAL] - Adding DEU_GAS_HEIZKRAFTWERKH11268 generator to EU-DEU node...
INFO [2024-08-05 16:43:22] [THERMAL] - Adding DEU_GAS_HEIZKRAFTWERKH11269 generator to EU-DEU node...
INFO [2024-08-05 16:43:23] [THERMAL] - Adding DEU_GAS_HEIZKRAFTWERKK11271 generator to EU-DEU node...
INFO [2024-08-05 16:43:23] [THERMAL] - Adding DEU_GAS_HEIZKRAFTWERKK11272 generator to EU-DEU node...
INFO [2024-08-05 16:43:23] [THERMAL] - Adding DEU_GAS_HEIZKRAFTWERKL11273 generator to EU-DEU node...
INFO [2024-08-05 16:43:24] [THERMAL] - Adding DEU_GAS_HEIZKRAFTWERKP11276 generator to EU-DEU node...
INFO [2024-08-05 16:43:24] [THERMAL] - Adding DEU_GAS_HEIZKRAFTWERKS11277 generator to EU-DEU node...
INFO [2024-08-05 16:43:25] [THERMAL] - Adding DEU_GAS_HEIZKRAFTWERKS11278 generator to EU-DEU node...
INFO [2024-08-05 16:43:25] [THERMAL] - Adding DEU_GAS_HEIZKRAFTWERKW11280 generator to EU-DEU node...
INFO [2024-08-05 16:43:25] [THERMAL] - Adding DEU_GAS_HEIZKRAFTWERKZ11282 generator to EU-DEU node...
INFO [2024-08-05 16:43:26] [THERMAL] - Adding DEU_GAS_HKW111191 generator to EU-DEU node...
INFO [2024-08-05 16:43:26] [THERMAL] - Adding DEU_GAS_HKW1WERKOFFS11192 generator to EU-DEU node...
INFO [2024-08-05 16:43:26] [THERMAL] - Adding DEU_GAS_HKW211193 generator to EU-DEU node...
INFO [2024-08-05 16:43:27] [THERMAL] - Adding DEU_GAS_HKW3UPMSCHONG11242 generator to EU-DEU node...
INFO [2024-08-05 16:43:27] [THERMAL] - Adding DEU_GAS_HKWBADSALZUNG11195 generator to EU-DEU node...
INFO [2024-08-05 16:43:27] [THERMAL] - Adding DEU_GAS_HKWBARMEN11196 generator to EU-DEU node...
INFO [2024-08-05 16:43:28] [THERMAL] - Adding DEU_GAS_HKWBOHRHGEL11197 generator to EU-DEU node...
INFO [2024-08-05 16:43:28] [THERMAL] - Adding DEU_GAS_HKWBRANDENBURG11198 generator to EU-DEU node...
INFO [2024-08-05 16:43:28] [THERMAL] - Adding DEU_GAS_HKWCHEMNITZN11199 generator to EU-DEU node...
INFO [2024-08-05 16:43:29] [THERMAL] - Adding DEU_GAS_HKWDRESDENNOS11200 generator to EU-DEU node...
INFO [2024-08-05 16:43:29] [THERMAL] - Adding DEU_GAS_HKWELTMANN11201 generator to EU-DEU node...
INFO [2024-08-05 16:43:30] [THERMAL] - Adding DEU_GAS_HKWERFURTOST11202 generator to EU-DEU node...
INFO [2024-08-05 16:43:30] [THERMAL] - Adding DEU_GAS_HKWERLANGENN11204 generator to EU-DEU node...
INFO [2024-08-05 16:43:30] [THERMAL] - Adding DEU_GAS_HKWFENNEGRUB11205 generator to EU-DEU node...
INFO [2024-08-05 16:43:31] [THERMAL] - Adding DEU_GAS_HKWFREIBERG11206 generator to EU-DEU node...
INFO [2024-08-05 16:43:31] [THERMAL] - Adding DEU_GAS_HKWGTTINGEN11207 generator to EU-DEU node...
INFO [2024-08-05 16:43:32] [THERMAL] - Adding DEU_GAS_HKWHALLETROTH11208 generator to EU-DEU node...
INFO [2024-08-05 16:43:32] [THERMAL] - Adding DEU_GAS_HKWHELMSHGE11190 generator to EU-DEU node...
INFO [2024-08-05 16:43:32] [THERMAL] - Adding DEU_GAS_HKWHILTROP11209 generator to EU-DEU node...
INFO [2024-08-05 16:43:33] [THERMAL] - Adding DEU_GAS_HKWHUMBOLDTSTR11210 generator to EU-DEU node...
INFO [2024-08-05 16:43:33] [THERMAL] - Adding DEU_GAS_HKWIIIB11212 generator to EU-DEU node...
INFO [2024-08-05 16:43:33] [THERMAL] - Adding DEU_GAS_HKWJENA11213 generator to EU-DEU node...
INFO [2024-08-05 16:43:34] [THERMAL] - Adding DEU_GAS_HKWKARCHERSTR_11215 generator to EU-DEU node...
INFO [2024-08-05 16:43:34] [THERMAL] - Adding DEU_GAS_HKWMERHEIM11217 generator to EU-DEU node...
INFO [2024-08-05 16:43:35] [THERMAL] - Adding DEU_GAS_HKWMERKENICH11218 generator to EU-DEU node...
INFO [2024-08-05 16:43:35] [THERMAL] - Adding DEU_GAS_HKWMERKENICH11219 generator to EU-DEU node...
INFO [2024-08-05 16:43:35] [THERMAL] - Adding DEU_GAS_HKWMITTE11239 generator to EU-DEU node...
INFO [2024-08-05 16:43:36] [THERMAL] - Adding DEU_GAS_HKWNIEDERRAD11220 generator to EU-DEU node...
INFO [2024-08-05 16:43:36] [THERMAL] - Adding DEU_GAS_HKWNIEHL211221 generator to EU-DEU node...
INFO [2024-08-05 16:43:37] [THERMAL] - Adding DEU_GAS_HKWNORD11240 generator to EU-DEU node...
INFO [2024-08-05 16:43:37] [THERMAL] - Adding DEU_GAS_HKWPFAFFENWALD11224 generator to EU-DEU node...
INFO [2024-08-05 16:43:37] [THERMAL] - Adding DEU_GAS_HKWPOTSDAMS11225 generator to EU-DEU node...
INFO [2024-08-05 16:43:38] [THERMAL] - Adding DEU_GAS_HKWSANDREUTH11228 generator to EU-DEU node...
INFO [2024-08-05 16:43:38] [THERMAL] - Adding DEU_GAS_HKWSCHWARZA11229 generator to EU-DEU node...
INFO [2024-08-05 16:43:39] [THERMAL] - Adding DEU_GAS_HKWSCHWERINLA11230 generator to EU-DEU node...
INFO [2024-08-05 16:43:39] [THERMAL] - Adding DEU_GAS_HKWSCHWERINS11231 generator to EU-DEU node...
INFO [2024-08-05 16:43:39] [THERMAL] - Adding DEU_GAS_HKWSDSTADT11232 generator to EU-DEU node...
INFO [2024-08-05 16:43:40] [THERMAL] - Adding DEU_GAS_HKWWEST11235 generator to EU-DEU node...
INFO [2024-08-05 16:43:40] [THERMAL] - Adding DEU_GAS_HKWWEST11241 generator to EU-DEU node...
INFO [2024-08-05 16:43:41] [THERMAL] - Adding DEU_GAS_HKWWIESENGRUND11237 generator to EU-DEU node...
INFO [2024-08-05 16:43:41] [THERMAL] - Adding DEU_GAS_HKWWRTH11238 generator to EU-DEU node...
INFO [2024-08-05 16:43:42] [THERMAL] - Adding DEU_GAS_HOLTHAUSEN11299 generator to EU-DEU node...
INFO [2024-08-05 16:43:42] [THERMAL] - Adding DEU_GAS_HUCKINGEN11302 generator to EU-DEU node...
INFO [2024-08-05 16:43:42] [THERMAL] - Adding DEU_GAS_HUNTORF11306 generator to EU-DEU node...
INFO [2024-08-05 16:43:43] [THERMAL] - Adding DEU_GAS_IHKWHEIDENHEIM11315 generator to EU-DEU node...
INFO [2024-08-05 16:43:43] [THERMAL] - Adding DEU_GAS_ILKGUD11320 generator to EU-DEU node...
INFO [2024-08-05 16:43:44] [THERMAL] - Adding DEU_GAS_INDUSTRIEKRAFTW11331 generator to EU-DEU node...
INFO [2024-08-05 16:43:44] [THERMAL] - Adding DEU_GAS_INDUSTRIEKRAFTW11332 generator to EU-DEU node...
INFO [2024-08-05 16:43:45] [THERMAL] - Adding DEU_GAS_INDUSTRIEKRAFTW11333 generator to EU-DEU node...
INFO [2024-08-05 16:43:45] [THERMAL] - Adding DEU_GAS_INDUSTRIEKRAFTW11334 generator to EU-DEU node...
INFO [2024-08-05 16:43:46] [THERMAL] - Adding DEU_GAS_INDUSTRIEPARKW11335 generator to EU-DEU node...
INFO [2024-08-05 16:43:46] [THERMAL] - Adding DEU_GAS_INEOSKRAFTWERK11321 generator to EU-DEU node...
INFO [2024-08-05 16:43:46] [THERMAL] - Adding DEU_GAS_KESSEL211371 generator to EU-DEU node...
INFO [2024-08-05 16:43:47] [THERMAL] - Adding DEU_GAS_KESSELHAUSZUCK11373 generator to EU-DEU node...
INFO [2024-08-05 16:43:47] [THERMAL] - Adding DEU_GAS_KIRCHMSER11375 generator to EU-DEU node...
INFO [2024-08-05 16:43:48] [THERMAL] - Adding DEU_GAS_KNAPSACKNATURA11383 generator to EU-DEU node...
INFO [2024-08-05 16:43:48] [THERMAL] - Adding DEU_GAS_KNPFKAGEV11343 generator to EU-DEU node...
INFO [2024-08-05 16:43:49] [THERMAL] - Adding DEU_GAS_KOMBIHKW11388 generator to EU-DEU node...
INFO [2024-08-05 16:43:49] [THERMAL] - Adding DEU_GAS_KOMBIKRAFTWERK11389 generator to EU-DEU node...
INFO [2024-08-05 16:43:50] [THERMAL] - Adding DEU_GAS_KRAFTWERK211393 generator to EU-DEU node...
INFO [2024-08-05 16:43:50] [THERMAL] - Adding DEU_GAS_KRAFTWERKGRENZ11398 generator to EU-DEU node...
INFO [2024-08-05 16:43:51] [THERMAL] - Adding DEU_GAS_KRAFTWERKIII11401 generator to EU-DEU node...
INFO [2024-08-05 16:43:51] [THERMAL] - Adding DEU_GAS_KRAFTWERKMAINZ11403 generator to EU-DEU node...
INFO [2024-08-05 16:43:52] [THERMAL] - Adding DEU_GAS_KRAFTWERKMEGGL11404 generator to EU-DEU node...
INFO [2024-08-05 16:43:52] [THERMAL] - Adding DEU_GAS_KRAFTWERKMITTE11405 generator to EU-DEU node...
INFO [2024-08-05 16:43:52] [THERMAL] - Adding DEU_GAS_KRAFTWERKPLATT11408 generator to EU-DEU node...
INFO [2024-08-05 16:43:53] [THERMAL] - Adding DEU_GAS_KRAFTWERKSD11411 generator to EU-DEU node...
INFO [2024-08-05 16:43:53] [THERMAL] - Adding DEU_GAS_KWH11352 generator to EU-DEU node...
INFO [2024-08-05 16:43:54] [THERMAL] - Adding DEU_GAS_KWKANLAGEBARB11356 generator to EU-DEU node...
INFO [2024-08-05 16:43:54] [THERMAL] - Adding DEU_GAS_KWKANLAGEKREF11357 generator to EU-DEU node...
INFO [2024-08-05 16:43:55] [THERMAL] - Adding DEU_GAS_KWKANLAGEKREF11358 generator to EU-DEU node...
INFO [2024-08-05 16:43:55] [THERMAL] - Adding DEU_GAS_KWKAOSGMBH11353 generator to EU-DEU node...
INFO [2024-08-05 16:43:56] [THERMAL] - Adding DEU_GAS_KWKIRCHLENGERN11345 generator to EU-DEU node...
INFO [2024-08-05 16:43:56] [THERMAL] - Adding DEU_GAS_KWKKHEIDELBERG11359 generator to EU-DEU node...
INFO [2024-08-05 16:43:57] [THERMAL] - Adding DEU_GAS_LICHTERFELDE11438 generator to EU-DEU node...
INFO [2024-08-05 16:43:57] [THERMAL] - Adding DEU_GAS_MITTE11480 generator to EU-DEU node...
INFO [2024-08-05 16:43:58] [THERMAL] - Adding DEU_GAS_MTDREN11459 generator to EU-DEU node...
INFO [2024-08-05 16:43:58] [THERMAL] - Adding DEU_GAS_NATURALGASBLOC11508 generator to EU-DEU node...
INFO [2024-08-05 16:43:59] [THERMAL] - Adding DEU_GAS_NATURALGASKRAF11509 generator to EU-DEU node...
INFO [2024-08-05 16:43:59] [THERMAL] - Adding DEU_GAS_NATURALGASMOTO11510 generator to EU-DEU node...
INFO [2024-08-05 16:44:00] [THERMAL] - Adding DEU_GAS_NATURALGASTUR11500 generator to EU-DEU node...
INFO [2024-08-05 16:44:00] [THERMAL] - Adding DEU_GAS_NATURALGASTUR11501 generator to EU-DEU node...
INFO [2024-08-05 16:44:01] [THERMAL] - Adding DEU_GAS_NATURALGASTUR11502 generator to EU-DEU node...
INFO [2024-08-05 16:44:01] [THERMAL] - Adding DEU_GAS_NATURALGASTUR11503 generator to EU-DEU node...
INFO [2024-08-05 16:44:02] [THERMAL] - Adding DEU_GAS_NATURALGASTUR11504 generator to EU-DEU node...
INFO [2024-08-05 16:44:02] [THERMAL] - Adding DEU_GAS_NATURALGASTUR11505 generator to EU-DEU node...
INFO [2024-08-05 16:44:03] [THERMAL] - Adding DEU_GAS_NATURALGASTUR11506 generator to EU-DEU node...
INFO [2024-08-05 16:44:03] [THERMAL] - Adding DEU_GAS_NATURALGASU_11507 generator to EU-DEU node...
INFO [2024-08-05 16:44:04] [THERMAL] - Adding DEU_GAS_OBERNBURG11543 generator to EU-DEU node...
INFO [2024-08-05 16:44:04] [THERMAL] - Adding DEU_GAS_PKVKRAFTWERK11563 generator to EU-DEU node...
INFO [2024-08-05 16:44:05] [THERMAL] - Adding DEU_GAS_PLWERKAPPELD11556 generator to EU-DEU node...
INFO [2024-08-05 16:44:05] [THERMAL] - Adding DEU_GAS_PLWERKLAGE11560 generator to EU-DEU node...
INFO [2024-08-05 16:44:06] [THERMAL] - Adding DEU_GAS_PWG11567 generator to EU-DEU node...
INFO [2024-08-05 16:44:06] [THERMAL] - Adding DEU_GAS_RAGANTHRAZITI11596 generator to EU-DEU node...
INFO [2024-08-05 16:44:06] [THERMAL] - Adding DEU_GAS_RHEINHAFENDAMP11618 generator to EU-DEU node...
INFO [2024-08-05 16:44:07] [THERMAL] - Adding DEU_GAS_SDDT111723 generator to EU-DEU node...
INFO [2024-08-05 16:44:07] [THERMAL] - Adding DEU_GAS_SDDT6011724 generator to EU-DEU node...
INFO [2024-08-05 16:44:08] [THERMAL] - Adding DEU_GAS_SDGT6111725 generator to EU-DEU node...
INFO [2024-08-05 16:44:08] [THERMAL] - Adding DEU_GAS_SIGMUNDSHALL11684 generator to EU-DEU node...
INFO [2024-08-05 16:44:09] [THERMAL] - Adding DEU_GAS_SPITZENLASTKRAF11705 generator to EU-DEU node...
INFO [2024-08-05 16:44:09] [THERMAL] - Adding DEU_GAS_STEINITZ11714 generator to EU-DEU node...
INFO [2024-08-05 16:44:10] [THERMAL] - Adding DEU_GAS_STW11652 generator to EU-DEU node...
INFO [2024-08-05 16:44:10] [THERMAL] - Adding DEU_GAS_THYROW11738 generator to EU-DEU node...
INFO [2024-08-05 16:44:11] [THERMAL] - Adding DEU_GAS_TRIANELNATURAL11743 generator to EU-DEU node...
INFO [2024-08-05 16:44:11] [THERMAL] - Adding DEU_GAS_UNTERBREIZBACH11760 generator to EU-DEU node...
INFO [2024-08-05 16:44:12] [THERMAL] - Adding DEU_GAS_UPMAUGSBURG11753 generator to EU-DEU node...
INFO [2024-08-05 16:44:12] [THERMAL] - Adding DEU_GAS_WERKSKRAFTWERK11804 generator to EU-DEU node...
INFO [2024-08-05 16:44:13] [THERMAL] - Adding DEU_GAS_WINTERSHALL11830 generator to EU-DEU node...
INFO [2024-08-05 16:44:13] [THERMAL] - Adding DEU_GAS_XKRAFTWERK11843 generator to EU-DEU node...
INFO [2024-08-05 16:44:14] [THERMAL] - Adding DEU_GAS_ZIELITZ11850 generator to EU-DEU node...
INFO [2024-08-05 16:44:15] [THERMAL] - Adding DEU_NUC_BROKDORF10922 generator to EU-DEU node...
INFO [2024-08-05 16:44:15] [THERMAL] - Adding DEU_NUC_EMSLAND11062 generator to EU-DEU node...
INFO [2024-08-05 16:44:16] [THERMAL] - Adding DEU_NUC_GROHNDE11162 generator to EU-DEU node...
INFO [2024-08-05 16:44:17] [THERMAL] - Adding DEU_NUC_ISAR211322 generator to EU-DEU node...
INFO [2024-08-05 16:44:17] [THERMAL] - Adding DEU_NUC_KERNKRAFTGUNDR11370 generator to EU-DEU node...
INFO [2024-08-05 16:44:18] [THERMAL] - Adding DEU_NUC_NECKARWESTHEIM11499 generator to EU-DEU node...
INFO [2024-08-05 16:44:18] [THERMAL] - Adding DEU_NUC_PHILIPPSBURG211562 generator to EU-DEU node...
INFO [2024-08-05 16:44:19] [THERMAL] - Adding FRA_COA_CAPACITY SCALER generator to EU-FRA node...
INFO [2024-08-05 16:44:19] [THERMAL] - Adding FRA_COA_CORDEMAIS49116 generator to EU-FRA node...
INFO [2024-08-05 16:44:19] [THERMAL] - Adding FRA_COA_EMILEHUCHET9364 generator to EU-FRA node...
INFO [2024-08-05 16:44:19] [THERMAL] - Adding FRA_COA_HAVRE49538 generator to EU-FRA node...
INFO [2024-08-05 16:44:19] [THERMAL] - Adding FRA_COA_LUCY39603 generator to EU-FRA node...
INFO [2024-08-05 16:44:19] [THERMAL] - Adding FRA_COA_PROVENCE510115 generator to EU-FRA node...
INFO [2024-08-05 16:44:19] [THERMAL] - Adding FRA_GAS_BLENOD58946 generator to EU-FRA node...
INFO [2024-08-05 16:44:19] [THERMAL] - Adding FRA_GAS_BOUCHAIN78948 generator to EU-FRA node...
INFO [2024-08-05 16:44:19] [THERMAL] - Adding FRA_GAS_CAPACITY SCALER generator to EU-FRA node...
INFO [2024-08-05 16:44:20] [THERMAL] - Adding FRA_GAS_COMBIGOLFE9114 generator to EU-FRA node...
INFO [2024-08-05 16:44:20] [THERMAL] - Adding FRA_GAS_CROIXDEMETZ9304 generator to EU-FRA node...
INFO [2024-08-05 16:44:20] [THERMAL] - Adding FRA_GAS_DK69328 generator to EU-FRA node...
INFO [2024-08-05 16:44:20] [THERMAL] - Adding FRA_GAS_EMILEHUCHET9363 generator to EU-FRA node...
INFO [2024-08-05 16:44:20] [THERMAL] - Adding FRA_GAS_GENNEVILLIERS19464 generator to EU-FRA node...
INFO [2024-08-05 16:44:20] [THERMAL] - Adding FRA_GAS_MARTIGUESPONTE9866 generator to EU-FRA node...
INFO [2024-08-05 16:44:20] [THERMAL] - Adding FRA_GAS_PONTSURSAMBRE10198 generator to EU-FRA node...
INFO [2024-08-05 16:44:20] [THERMAL] - Adding FRA_NUC_BELLEVILLE8944 generator to EU-FRA node...
INFO [2024-08-05 16:44:21] [THERMAL] - Adding FRA_NUC_BLAYAIS8945 generator to EU-FRA node...
INFO [2024-08-05 16:44:21] [THERMAL] - Adding FRA_NUC_BUGEY8952 generator to EU-FRA node...
INFO [2024-08-05 16:44:21] [THERMAL] - Adding FRA_NUC_CATTENOM9106 generator to EU-FRA node...
INFO [2024-08-05 16:44:21] [THERMAL] - Adding FRA_NUC_CHINON9109 generator to EU-FRA node...
INFO [2024-08-05 16:44:21] [THERMAL] - Adding FRA_NUC_CHOOZ9110 generator to EU-FRA node...
INFO [2024-08-05 16:44:21] [THERMAL] - Adding FRA_NUC_CIVAUX9111 generator to EU-FRA node...
INFO [2024-08-05 16:44:22] [THERMAL] - Adding FRA_NUC_CRUAS9118 generator to EU-FRA node...
INFO [2024-08-05 16:44:22] [THERMAL] - Adding FRA_NUC_DAMPIERRE9326 generator to EU-FRA node...
INFO [2024-08-05 16:44:22] [THERMAL] - Adding FRA_NUC_FESSENHEIM9393 generator to EU-FRA node...
INFO [2024-08-05 16:44:23] [THERMAL] - Adding FRA_NUC_FLAMANVILLE9394 generator to EU-FRA node...
INFO [2024-08-05 16:44:23] [THERMAL] - Adding FRA_NUC_GOLFECH9466 generator to EU-FRA node...
INFO [2024-08-05 16:44:23] [THERMAL] - Adding FRA_NUC_GRAVELINES9468 generator to EU-FRA node...
INFO [2024-08-05 16:44:23] [THERMAL] - Adding FRA_NUC_NOGENT10036 generator to EU-FRA node...
INFO [2024-08-05 16:44:24] [THERMAL] - Adding FRA_NUC_PALUEL10108 generator to EU-FRA node...
INFO [2024-08-05 16:44:24] [THERMAL] - Adding FRA_NUC_PENLY10110 generator to EU-FRA node...
INFO [2024-08-05 16:44:24] [THERMAL] - Adding FRA_NUC_STALBAN10328 generator to EU-FRA node...
INFO [2024-08-05 16:44:24] [THERMAL] - Adding FRA_NUC_STLAURENT10330 generator to EU-FRA node...
INFO [2024-08-05 16:44:24] [THERMAL] - Adding FRA_NUC_TRICASTIN110646 generator to EU-FRA node...
INFO [2024-08-05 16:44:24] [MAIN] - Done adding thermal data! (run time : 1.74min).

INFO [2024-08-05 16:44:25] [MAIN] - Beginning hydro implementation...
INFO [2024-08-05 16:44:25] [HYDRO] - Couldn't initialize EU-CHE hydro parameters, skipping...
INFO [2024-08-05 16:44:25] [HYDRO] - Adding EU-CHE hydro profiles...
INFO [2024-08-05 16:44:26] [HYDRO] - Couldn't initialize EU-DEU hydro parameters, skipping...
INFO [2024-08-05 16:44:26] [HYDRO] - Adding EU-DEU hydro profiles...
INFO [2024-08-05 16:44:27] [HYDRO] - Couldn't initialize EU-FRA hydro parameters, skipping...
INFO [2024-08-05 16:44:27] [HYDRO] - Adding EU-FRA hydro profiles...
INFO [2024-08-05 16:44:27] [MAIN] - Done adding hydro!
INFO [2024-08-05 16:44:27] [MAIN] - Adding lines between areas...

INFO [2024-08-05 16:44:28] [LINES] - Adding EU-CHE to EU-DEU line...
INFO [2024-08-05 16:44:28] [LINES] - Adding EU-CHE to EU-FRA line...
INFO [2024-08-05 16:44:29] [LINES] - Adding EU-DEU to EU-FRA line...
INFO [2024-08-05 16:44:29] [MAIN] - Done adding lines! (run time : 1.8s).

INFO [2024-08-05 16:44:29] [MAIN] - Finished setting up Antares study! (run time : 1.95min).
 

INFO [2024-08-05 16:44:29] [MAIN] - Starting simulation__2024_08_05_16_44_29 simulation...
INFO [2024-08-05 16:44:37] [MAIN] - Antares simulation finished! (run time : 0.13min).
 

