INFO [2024-08-08 14:54:30] [MAIN] - Creating Etude_sur_R_Beta_France_full__2024_08_08_14_54_30 study...

INFO [2024-08-08 14:54:30] [MAIN] - Unit commitment mode : FAST
INFO [2024-08-08 14:54:30] [MAIN] - Adding nodes...

INFO [2024-08-08 14:54:32] [MAIN] - Done adding nodes! (run time : 1.56s).

INFO [2024-08-08 14:54:32] [MAIN] - Adding load data...

INFO [2024-08-08 14:54:33] [MAIN] - Done adding load data! (run time : 1.04s).

INFO [2024-08-08 14:54:33] [MAIN] - Fetching wind data...

INFO [2024-08-08 14:54:33] [MAIN] - Done adding wind data! (run time : 0.12s).

INFO [2024-08-08 14:54:33] [MAIN] - Fetching solar data...

INFO [2024-08-08 14:54:33] [MAIN] - Done adding solar data! (run time : 0.11s).

INFO [2024-08-08 14:54:33] [MAIN] - Beginning hydro implementation...
INFO [2024-08-08 14:54:35] [MAIN] - Done adding hydro!
INFO [2024-08-08 14:54:35] [MAIN] - Fetching thermal data...

INFO [2024-08-08 14:55:11] [MAIN] - Done adding thermal data! (run time : 0.6min).

INFO [2024-08-08 14:55:11] [MAIN] - Fetching storage data...

INFO [2024-08-08 14:55:17] [MAIN] - Done adding storage data! (run time : 0.11min).

INFO [2024-08-08 14:55:17] [MAIN] - Adding lines between areas...

INFO [2024-08-08 14:55:19] [MAIN] - Done adding lines! (run time : 1.14s).

INFO [2024-08-08 14:55:19] [MAIN] - Finished setting up Antares study! (run time : 0.81min).
 

INFO [2024-08-08 14:55:19] [MAIN] - Starting simulation__2024_08_08_14_55_19 simulation...
INFO [2024-08-08 14:58:09] [MAIN] - Antares simulation finished! (run time : 2.84min).
 

INFO [2024-08-08 14:58:16] [MAIN] - Opening latest simulation...
