INFO [2024-09-03 13:52:59] [MAIN] - Creating Deane_Outage__2024_09_03_13_52_59 study...

INFO [2024-09-03 13:52:59] [MAIN] - Unit commitment mode : ACCURATE
INFO [2024-09-03 13:53:00] [MAIN] - Adding nodes...

INFO [2024-09-03 13:53:03] [NODES] - Adding EU-CHE node...
INFO [2024-09-03 13:53:03] [NODES] - Adding EU-DEU node...
INFO [2024-09-03 13:53:03] [NODES] - Adding EU-FRA node...
INFO [2024-09-03 13:53:03] [MAIN] - Done adding nodes! (run time : 3.72s).

INFO [2024-09-03 13:53:03] [MAIN] - Adding districts...

INFO [2024-09-03 13:53:04] [DISTRICTS] - Creating global district...
INFO [2024-09-03 13:53:04] [DISTRICTS] - Done creating global district!
INFO [2024-09-03 13:53:04] [DISTRICTS] - Creating europe continental district...
INFO [2024-09-03 13:53:04] [DISTRICTS] - Done creating europe continental district!
INFO [2024-09-03 13:53:05] [MAIN] - Done adding districts! (run time : 1.25s).

INFO [2024-09-03 13:53:05] [MAIN] - Adding load data...

INFO [2024-09-03 13:53:06] [LOAD] - Adding EU-CHE load data...
INFO [2024-09-03 13:53:07] [LOAD] - Adding EU-DEU load data...
INFO [2024-09-03 13:53:07] [LOAD] - Adding EU-FRA load data...
INFO [2024-09-03 13:53:07] [MAIN] - Done adding load data! (run time : 2.39s).

INFO [2024-09-03 13:53:07] [MAIN] - Fetching wind data...

INFO [2024-09-03 13:53:07] [WIND] - Adding EU-CHE aggregated wind data...
INFO [2024-09-03 13:53:08] [WIND] - Adding EU-DEU aggregated wind data...
INFO [2024-09-03 13:53:08] [WIND] - Adding EU-FRA aggregated wind data...
INFO [2024-09-03 13:53:08] [MAIN] - Done adding wind data! (run time : 0.45s).

INFO [2024-09-03 13:53:08] [MAIN] - Fetching solar data...

INFO [2024-09-03 13:53:08] [SOLAR] - Adding EU-CHE aggregated solar data...
INFO [2024-09-03 13:53:08] [SOLAR] - Adding EU-DEU aggregated solar data...
INFO [2024-09-03 13:53:08] [SOLAR] - Adding EU-FRA aggregated solar data...
INFO [2024-09-03 13:53:08] [MAIN] - Done adding solar data! (run time : 0.44s).

INFO [2024-09-03 13:53:08] [MAIN] - Beginning hydro implementation...
INFO [2024-09-03 13:53:10] [HYDRO] - Initializing EU-CHE hydro parameters...
INFO [2024-09-03 13:53:10] [HYDRO] - Adding EU-CHE max power timeseries...
INFO [2024-09-03 13:53:11] [HYDRO] - Adding EU-CHE hydro profiles...
INFO [2024-09-03 13:53:12] [HYDRO] - Initializing EU-DEU hydro parameters...
INFO [2024-09-03 13:53:13] [HYDRO] - Adding EU-DEU max power timeseries...
INFO [2024-09-03 13:53:13] [HYDRO] - Adding EU-DEU hydro profiles...
INFO [2024-09-03 13:53:15] [HYDRO] - Initializing EU-FRA hydro parameters...
INFO [2024-09-03 13:53:15] [HYDRO] - Adding EU-FRA max power timeseries...
INFO [2024-09-03 13:53:16] [HYDRO] - Adding EU-FRA hydro profiles...
INFO [2024-09-03 13:53:16] [MAIN] - Done adding hydro!
INFO [2024-09-03 13:53:16] [MAIN] - Fetching thermal data...
INFO [2024-09-03 13:53:20] [MAIN] - Aggregating identical generators...
INFO [2024-09-03 13:53:20] [MAIN] - Running 15-clustering algorithm on generators...
INFO [2024-09-03 13:53:28] [MAIN] - Done running 15-clustering algorithm on generators!

INFO [2024-09-03 13:53:28] [THERMAL] - Adding CHE_GAS_CAPACITYSCALER generator to EU-CHE node...
INFO [2024-09-03 13:53:28] [THERMAL] - Adding CHE_COA_CAPACITYSCALER generator to EU-CHE node...
INFO [2024-09-03 13:53:28] [THERMAL] - Adding CHE_BIO_CAPACITYSCALER generator to EU-CHE node...
INFO [2024-09-03 13:53:29] [THERMAL] - Adding CHE_NUC_KERNKRAFTWERKB17760 generator to EU-CHE node...
INFO [2024-09-03 13:53:29] [THERMAL] - Adding CHE_NUC_KERNKRAFTWERKM17763 generator to EU-CHE node...
INFO [2024-09-03 13:53:29] [THERMAL] - Adding CHE_NUC_KERNKRAFTWERKL17762 generator to EU-CHE node...
