ERROR [2024-08-14 14:27:22] [WARN] - Skipped adding wind data for EU-ALB (no generators found in PLEXOS).
ERROR [2024-08-14 14:27:22] [WARN] - Skipped adding wind data for EU-ARM (no generators found in PLEXOS).
ERROR [2024-08-14 14:27:22] [WARN] - Skipped adding wind data for EU-AZE (no generators found in PLEXOS).
ERROR [2024-08-14 14:27:22] [WARN] - Skipped adding wind data for EU-BIH (no generators found in PLEXOS).
ERROR [2024-08-14 14:27:22] [WARN] - Skipped adding wind data for EU-BLR (no generators found in PLEXOS).
ERROR [2024-08-14 14:27:25] [WARN] - Skipped adding wind data for EU-GEO (no generators found in PLEXOS).
ERROR [2024-08-14 14:27:25] [WARN] - Skipped adding wind data for EU-ISL (no generators found in PLEXOS).
ERROR [2024-08-14 14:27:26] [WARN] - Skipped adding wind data for EU-KOS (no generators found in PLEXOS).
ERROR [2024-08-14 14:27:26] [WARN] - Skipped adding wind data for EU-MDA (no generators found in PLEXOS).
ERROR [2024-08-14 14:27:26] [WARN] - Skipped adding wind data for EU-MKD (no generators found in PLEXOS).
ERROR [2024-08-14 14:27:26] [WARN] - Skipped adding wind data for EU-MNE (no generators found in PLEXOS).
ERROR [2024-08-14 14:27:27] [WARN] - Skipped adding wind data for EU-SRB (no generators found in PLEXOS).
ERROR [2024-08-14 14:27:27] [WARN] - Skipped adding wind data for EU-SVK (no generators found in PLEXOS).
ERROR [2024-08-14 14:27:27] [WARN] - Skipped adding wind data for EU-SVN (no generators found in PLEXOS).
ERROR [2024-08-14 14:27:28] [WARN] - Skipped adding solar data for EU-ALB (no generators found in PLEXOS).
ERROR [2024-08-14 14:27:28] [WARN] - Skipped adding solar data for EU-ARM (no generators found in PLEXOS).
ERROR [2024-08-14 14:27:29] [WARN] - Skipped adding solar data for EU-BIH (no generators found in PLEXOS).
ERROR [2024-08-14 14:27:29] [WARN] - Skipped adding solar data for EU-BLR (no generators found in PLEXOS).
ERROR [2024-08-14 14:27:30] [WARN] - Skipped adding solar data for EU-EST (no generators found in PLEXOS).
ERROR [2024-08-14 14:27:30] [WARN] - Skipped adding solar data for EU-GEO (no generators found in PLEXOS).
ERROR [2024-08-14 14:27:31] [WARN] - Skipped adding solar data for EU-IRL (no generators found in PLEXOS).
ERROR [2024-08-14 14:27:31] [WARN] - Skipped adding solar data for EU-ISL (no generators found in PLEXOS).
ERROR [2024-08-14 14:27:31] [WARN] - Skipped adding solar data for EU-KOS (no generators found in PLEXOS).
ERROR [2024-08-14 14:27:32] [WARN] - Skipped adding solar data for EU-LVA (no generators found in PLEXOS).
ERROR [2024-08-14 14:27:32] [WARN] - Skipped adding solar data for EU-MDA (no generators found in PLEXOS).
ERROR [2024-08-14 14:27:32] [WARN] - Skipped adding solar data for EU-MNE (no generators found in PLEXOS).
