INFO [2024-10-31 17:43:31] [MAIN] - Initializing output folder...
INFO [2024-10-31 17:43:37] [MAIN] - Creating If S3 Economy v3 (Castillo load) study...
INFO [2024-10-31 17:43:37] [MAIN] - Simulating If scenario~: S3 .

INFO [2024-10-31 17:43:38] [MAIN] - Simulation mode : Economy
INFO [2024-10-31 17:43:38] [MAIN] - Unit commitment mode : accurate
INFO [2024-10-31 17:43:38] [MAIN] - Number of MC years : 1
INFO [2024-10-31 17:43:38] [MAIN] - Generation of CSP : TRUE
INFO [2024-10-31 17:43:38] [MAIN] - Adding world node...

INFO [2024-10-31 17:43:38] [MAIN] - Done adding world node! (run time : 0.24s).

INFO [2024-10-31 17:43:38] [LOAD] - Adding World load data...
INFO [2024-10-31 17:43:38] [MAIN] - Fetching thermal data...
INFO [2024-10-31 17:43:38] [THERMAL] - Adding Bioenergy generator to World node...
INFO [2024-10-31 17:43:39] [THERMAL] - Adding Coal generator to World node...
INFO [2024-10-31 17:43:39] [THERMAL] - Adding Gas generator to World node...
INFO [2024-10-31 17:43:39] [THERMAL] - Adding Geothermal generator to World node...
INFO [2024-10-31 17:43:39] [THERMAL] - Adding Nuclear generator to World node...
INFO [2024-10-31 17:43:39] [THERMAL] - Adding Oil generator to World node...
INFO [2024-10-31 17:43:39] [THERMAL] - Adding Geothermal generator to World node...
INFO [2024-10-31 17:43:39] [MAIN] - Done adding thermal data! (run time : 0.01min).

INFO [2024-10-31 17:43:39] [MAIN] - Fetching wind data...

INFO [2024-10-31 17:44:16] [WIND] - Adding World wind data to Wind Onshore cluster...
INFO [2024-10-31 17:44:16] [MAIN] - Done adding wind data! (run time : 36.23s).

INFO [2024-10-31 17:44:16] [MAIN] - Fetching PV data...

INFO [2024-10-31 17:45:17] [PV] - Adding World PV data to Solar PV cluster...
INFO [2024-10-31 17:45:17] [MAIN] - Done adding PV data! (run time : 61.9s).

INFO [2024-10-31 17:45:18] [MAIN] - Fetching CSP data...

INFO [2024-10-31 17:45:20] [CSP] - Adding World CSP data to Solar Thermal cluster...
INFO [2024-10-31 17:45:20] [MAIN] - Done adding CSP data! (run time : 2.56s).

INFO [2024-10-31 17:45:20] [HYDRO] - Fetching World hydro data...
INFO [2024-10-31 17:45:24] [HYDRO] - Initializing World hydro parameters...
INFO [2024-10-31 17:45:25] [HYDRO] - Adding World max power timeseries...
INFO [2024-10-31 17:45:26] [HYDRO] - Adding World hydro profiles...
INFO [2024-10-31 17:45:26] [HYDRO] - Successfully added World hydro data!
INFO [2024-10-31 17:45:26] [MAIN] - Finished setting up Antares study! (run time : 1.81min).
 

