INFO [2024-08-02 18:04:40] [MAIN] - Creating Etude_sur_R_Monde__2024_08_02_18_04_40 study...

INFO [2024-08-02 18:04:41] [MAIN] - Adding nodes...

INFO [2024-08-02 18:04:42] [NODES] - Adding EU-CHE node...
INFO [2024-08-02 18:04:42] [NODES] - Adding EU-DEU node...
INFO [2024-08-02 18:04:42] [NODES] - Adding EU-FRA node...
INFO [2024-08-02 18:04:42] [MAIN] - Done adding nodes! (run time : 1.73s).

INFO [2024-08-02 18:04:42] [MAIN] - Adding load data...

INFO [2024-08-02 18:04:43] [LOAD] - Adding EU-CHE load data...
INFO [2024-08-02 18:04:43] [LOAD] - Adding EU-DEU load data...
INFO [2024-08-02 18:04:43] [LOAD] - Adding EU-FRA load data...
INFO [2024-08-02 18:04:43] [MAIN] - Done adding load data! (run time : 0.97s).

INFO [2024-08-02 18:04:43] [MAIN] - Fetching wind data...

INFO [2024-08-02 18:04:44] [WIND] - Adding EU-CHE aggregated wind data...
INFO [2024-08-02 18:04:44] [WIND] - Adding EU-DEU aggregated wind data...
INFO [2024-08-02 18:04:44] [WIND] - Adding EU-FRA aggregated wind data...
INFO [2024-08-02 18:04:44] [MAIN] - Done adding wind data! (run time : 0.23s).

INFO [2024-08-02 18:04:44] [MAIN] - Fetching solar data...

INFO [2024-08-02 18:04:44] [SOLAR] - Adding EU-CHE aggregated solar data...
INFO [2024-08-02 18:04:44] [SOLAR] - Adding EU-DEU aggregated solar data...
INFO [2024-08-02 18:04:44] [SOLAR] - Adding EU-FRA aggregated solar data...
INFO [2024-08-02 18:04:44] [MAIN] - Done adding solar data! (run time : 0.2s).

INFO [2024-08-02 18:04:44] [MAIN] - Beginning hydro implementation...
INFO [2024-08-02 18:04:45] [HYDRO] - Initializing EU-CHE hydro parameters...
INFO [2024-08-02 18:04:46] [HYDRO] - Adding EU-CHE hydro profiles...
INFO [2024-08-02 18:04:46] [HYDRO] - Initializing EU-DEU hydro parameters...
INFO [2024-08-02 18:04:47] [HYDRO] - Adding EU-DEU hydro profiles...
INFO [2024-08-02 18:04:48] [HYDRO] - Initializing EU-FRA hydro parameters...
INFO [2024-08-02 18:04:48] [HYDRO] - Adding EU-FRA hydro profiles...
INFO [2024-08-02 18:04:48] [MAIN] - Done adding hydro!
INFO [2024-08-02 18:04:48] [MAIN] - Adding lines between areas...

INFO [2024-08-02 18:04:49] [LINES] - Adding EU-CHE to EU-DEU line...
INFO [2024-08-02 18:04:49] [LINES] - Adding EU-CHE to EU-FRA line...
INFO [2024-08-02 18:04:49] [LINES] - Adding EU-DEU to EU-FRA line...
INFO [2024-08-02 18:04:49] [MAIN] - Done adding lines! (run time : 1.3s).

INFO [2024-08-02 18:04:49] [MAIN] - Finished setting up Antares study! (run time : 0.15min).
 

INFO [2024-08-02 18:04:50] [MAIN] - Starting simulation__2024_08_02_18_04_50 simulation...
INFO [2024-08-02 18:04:59] [MAIN] - Antares simulation finished! (run time : 0.16min).
 

INFO [2024-08-02 18:05:00] [MAIN] - Opening latest simulation...
