INFO [2024-09-03 11:03:53] [MAIN] - Creating Deane_CO2fix__2024_09_03_11_03_52 study...

INFO [2024-09-03 11:03:53] [MAIN] - Unit commitment mode : ACCURATE
INFO [2024-09-03 11:03:53] [MAIN] - Adding nodes...

INFO [2024-09-03 11:03:55] [NODES] - Adding EU-CHE node...
INFO [2024-09-03 11:03:56] [NODES] - Adding EU-DEU node...
INFO [2024-09-03 11:03:56] [NODES] - Adding EU-FRA node...
INFO [2024-09-03 11:03:56] [MAIN] - Done adding nodes! (run time : 3.56s).

INFO [2024-09-03 11:03:56] [MAIN] - Adding districts...

INFO [2024-09-03 11:03:57] [DISTRICTS] - Creating global district...
INFO [2024-09-03 11:03:57] [DISTRICTS] - Done creating global district!
INFO [2024-09-03 11:03:58] [DISTRICTS] - Creating europe continental district...
INFO [2024-09-03 11:03:58] [DISTRICTS] - Done creating europe continental district!
INFO [2024-09-03 11:03:58] [MAIN] - Done adding districts! (run time : 1.69s).

INFO [2024-09-03 11:03:58] [MAIN] - Adding load data...

INFO [2024-09-03 11:04:01] [LOAD] - Adding EU-CHE load data...
INFO [2024-09-03 11:04:01] [LOAD] - Adding EU-DEU load data...
INFO [2024-09-03 11:04:01] [LOAD] - Adding EU-FRA load data...
INFO [2024-09-03 11:04:01] [MAIN] - Done adding load data! (run time : 2.56s).

INFO [2024-09-03 11:04:01] [MAIN] - Fetching wind data...

INFO [2024-09-03 11:04:01] [WIND] - Adding EU-CHE aggregated wind data...
INFO [2024-09-03 11:04:01] [WIND] - Adding EU-DEU aggregated wind data...
INFO [2024-09-03 11:04:01] [WIND] - Adding EU-FRA aggregated wind data...
INFO [2024-09-03 11:04:01] [MAIN] - Done adding wind data! (run time : 0.46s).

INFO [2024-09-03 11:04:01] [MAIN] - Fetching solar data...

INFO [2024-09-03 11:04:02] [SOLAR] - Adding EU-CHE aggregated solar data...
INFO [2024-09-03 11:04:02] [SOLAR] - Adding EU-DEU aggregated solar data...
INFO [2024-09-03 11:04:02] [SOLAR] - Adding EU-FRA aggregated solar data...
INFO [2024-09-03 11:04:02] [MAIN] - Done adding solar data! (run time : 0.29s).

INFO [2024-09-03 11:04:02] [MAIN] - Beginning hydro implementation...
INFO [2024-09-03 11:04:03] [HYDRO] - Initializing EU-CHE hydro parameters...
INFO [2024-09-03 11:04:03] [HYDRO] - Adding EU-CHE max power timeseries...
INFO [2024-09-03 11:04:04] [HYDRO] - Adding EU-CHE hydro profiles...
INFO [2024-09-03 11:04:05] [HYDRO] - Initializing EU-DEU hydro parameters...
INFO [2024-09-03 11:04:06] [HYDRO] - Adding EU-DEU max power timeseries...
INFO [2024-09-03 11:04:06] [HYDRO] - Adding EU-DEU hydro profiles...
INFO [2024-09-03 11:04:07] [HYDRO] - Initializing EU-FRA hydro parameters...
INFO [2024-09-03 11:04:08] [HYDRO] - Adding EU-FRA max power timeseries...
INFO [2024-09-03 11:04:09] [HYDRO] - Adding EU-FRA hydro profiles...
INFO [2024-09-03 11:04:09] [MAIN] - Done adding hydro!
INFO [2024-09-03 11:04:09] [MAIN] - Fetching thermal data...
INFO [2024-09-03 11:04:12] [MAIN] - Aggregating identical generators...
