ERROR [2024-07-31 11:50:09] [WARN] - Skipped adding wind data for EU-ALB (no generators found in PLEXOS).
ERROR [2024-07-31 11:50:09] [WARN] - Skipped adding wind data for EU-ARM (no generators found in PLEXOS).
ERROR [2024-07-31 11:50:09] [WARN] - Skipped adding wind data for EU-AZE (no generators found in PLEXOS).
ERROR [2024-07-31 11:50:10] [WARN] - Skipped adding wind data for EU-BIH (no generators found in PLEXOS).
ERROR [2024-07-31 11:50:10] [WARN] - Skipped adding wind data for EU-BLR (no generators found in PLEXOS).
ERROR [2024-07-31 11:50:13] [WARN] - Skipped adding wind data for EU-GEO (no generators found in PLEXOS).
ERROR [2024-07-31 11:50:14] [WARN] - Skipped adding wind data for EU-ISL (no generators found in PLEXOS).
ERROR [2024-07-31 11:50:15] [WARN] - Skipped adding wind data for EU-KOS (no generators found in PLEXOS).
ERROR [2024-07-31 11:50:16] [WARN] - Skipped adding wind data for EU-MDA (no generators found in PLEXOS).
ERROR [2024-07-31 11:50:16] [WARN] - Skipped adding wind data for EU-MKD (no generators found in PLEXOS).
ERROR [2024-07-31 11:50:16] [WARN] - Skipped adding wind data for EU-MNE (no generators found in PLEXOS).
ERROR [2024-07-31 11:50:19] [WARN] - Skipped adding wind data for EU-SRB (no generators found in PLEXOS).
ERROR [2024-07-31 11:50:19] [WARN] - Skipped adding wind data for EU-SVK (no generators found in PLEXOS).
ERROR [2024-07-31 11:50:19] [WARN] - Skipped adding wind data for EU-SVN (no generators found in PLEXOS).
ERROR [2024-07-31 11:51:17] [WARN] - Skipped adding solar PV data for EU-ALB (no generators found in PLEXOS).
ERROR [2024-07-31 11:51:17] [WARN] - Skipped adding solar PV data for EU-ARM (no generators found in PLEXOS).
ERROR [2024-07-31 11:51:19] [WARN] - Skipped adding solar PV data for EU-BIH (no generators found in PLEXOS).
ERROR [2024-07-31 11:51:19] [WARN] - Skipped adding solar PV data for EU-BLR (no generators found in PLEXOS).
ERROR [2024-07-31 11:51:21] [WARN] - Skipped adding solar PV data for EU-EST (no generators found in PLEXOS).
ERROR [2024-07-31 11:51:22] [WARN] - Skipped adding solar PV data for EU-GEO (no generators found in PLEXOS).
ERROR [2024-07-31 11:51:24] [WARN] - Skipped adding solar PV data for EU-IRL (no generators found in PLEXOS).
ERROR [2024-07-31 11:51:24] [WARN] - Skipped adding solar PV data for EU-ISL (no generators found in PLEXOS).
ERROR [2024-07-31 11:51:24] [WARN] - Skipped adding solar PV data for EU-KOS (no generators found in PLEXOS).
ERROR [2024-07-31 11:51:25] [WARN] - Skipped adding solar PV data for EU-LVA (no generators found in PLEXOS).
ERROR [2024-07-31 11:51:25] [WARN] - Skipped adding solar PV data for EU-MDA (no generators found in PLEXOS).
ERROR [2024-07-31 11:51:25] [WARN] - Skipped adding solar PV data for EU-MNE (no generators found in PLEXOS).
