INFO [2024-09-02 11:24:51] [MAIN] - Reading simulations of pre-existing Deane_testWorld_v1__2024_08_25_21_23_09 study...
INFO [2024-09-02 11:24:52] [MAIN] - Opening 20240826-0706eco-fastUCM_worldDistrict simulation...
INFO [2024-09-02 11:24:52] [MAIN] - Preparing to save global production stack...
INFO [2024-09-02 11:24:58] [MAIN] - Done saving global production stack! (run time : 5.21s).

INFO [2024-09-02 11:24:58] [MAIN] - Preparing to save continental production stacks...
INFO [2024-09-02 11:25:22] [MAIN] - Done saving continental production stacks! (run time : 24.75s).

INFO [2024-09-02 11:25:22] [MAIN] - Preparing to save national production stacks...
INFO [2024-09-02 11:44:10] [MAIN] - Done saving national production stacks! (run time : 18.79min).

INFO [2024-09-02 11:44:10] [MAIN] - Preparing to save regional production stacks...
INFO [2024-09-02 11:55:57] [MAIN] - Done saving regional production stacks! (run time : 11.78min).

INFO [2024-09-02 11:55:57] [MAIN] - Preparing to save global production stack...
INFO [2024-09-02 11:56:02] [MAIN] - Done saving global production stack! (run time : 5.37s).

INFO [2024-09-02 11:56:02] [MAIN] - Preparing to save continental production stacks...
INFO [2024-09-02 11:56:32] [MAIN] - Done saving continental production stacks! (run time : 30.15s).

INFO [2024-09-02 11:56:32] [MAIN] - Preparing to save national production stacks...
INFO [2024-09-02 12:14:35] [MAIN] - Done saving national production stacks! (run time : 18.04min).

INFO [2024-09-02 12:14:35] [MAIN] - Preparing to save regional production stacks...
INFO [2024-09-02 12:49:34] [MAIN] - Done saving regional production stacks! (run time : 34.99min).

INFO [2024-09-02 12:49:34] [MAIN] - Preparing to save global load monotone...
INFO [2024-09-02 12:55:38] [MAIN] - Done saving global load monotone! (run time : 6.05 min).

INFO [2024-09-02 12:55:38] [MAIN] - Preparing to save continental load monotone...
INFO [2024-09-02 13:15:21] [MAIN] - Done saving continental load monotone! (run time : 19.73 min).

INFO [2024-09-02 13:15:22] [MAIN] - Preparing to save national load monotone...
INFO [2024-09-02 22:31:30] [MAIN] - Done saving national load monotone! (run time : 556.14 min).

INFO [2024-09-02 22:31:30] [MAIN] - Preparing to save regional load monotone...
