INFO [2024-08-05 17:50:15] [MAIN] - Creating Etude_sur_R_Monde__2024_08_05_17_50_15 study...

INFO [2024-08-05 17:50:15] [MAIN] - Unit commitment mode : FAST
INFO [2024-08-05 17:50:16] [MAIN] - Adding nodes...

INFO [2024-08-05 17:50:17] [NODES] - Adding EU-CHE node...
INFO [2024-08-05 17:50:17] [NODES] - Adding EU-DEU node...
INFO [2024-08-05 17:50:17] [NODES] - Adding EU-FRA node...
INFO [2024-08-05 17:50:18] [MAIN] - Done adding nodes! (run time : 2.03s).

INFO [2024-08-05 17:50:18] [MAIN] - Adding load data...

INFO [2024-08-05 17:50:19] [LOAD] - Adding EU-CHE load data...
INFO [2024-08-05 17:50:19] [LOAD] - Adding EU-DEU load data...
INFO [2024-08-05 17:50:19] [LOAD] - Adding EU-FRA load data...
INFO [2024-08-05 17:50:19] [MAIN] - Done adding load data! (run time : 1.11s).

INFO [2024-08-05 17:50:19] [MAIN] - Fetching wind data...

INFO [2024-08-05 17:50:19] [WIND] - Adding EU-CHE aggregated wind data...
INFO [2024-08-05 17:50:19] [WIND] - Adding EU-DEU aggregated wind data...
INFO [2024-08-05 17:50:19] [WIND] - Adding EU-FRA aggregated wind data...
INFO [2024-08-05 17:50:19] [MAIN] - Done adding wind data! (run time : 0.21s).

INFO [2024-08-05 17:50:19] [MAIN] - Fetching solar data...

INFO [2024-08-05 17:50:19] [SOLAR] - Adding EU-CHE aggregated solar data...
INFO [2024-08-05 17:50:19] [SOLAR] - Adding EU-DEU aggregated solar data...
INFO [2024-08-05 17:50:19] [SOLAR] - Adding EU-FRA aggregated solar data...
INFO [2024-08-05 17:50:19] [MAIN] - Done adding solar data! (run time : 0.22s).

INFO [2024-08-05 17:50:19] [MAIN] - Beginning hydro implementation...
INFO [2024-08-05 17:50:19] [HYDRO] - Couldn't initialize EU-CHE hydro parameters, skipping...
INFO [2024-08-05 17:50:20] [HYDRO] - Adding EU-CHE max power timeseries...
INFO [2024-08-05 17:50:21] [HYDRO] - Adding EU-CHE hydro profiles...
INFO [2024-08-05 17:50:21] [HYDRO] - Couldn't initialize EU-DEU hydro parameters, skipping...
INFO [2024-08-05 17:50:21] [HYDRO] - Adding EU-DEU max power timeseries...
INFO [2024-08-05 17:50:22] [HYDRO] - Adding EU-DEU hydro profiles...
INFO [2024-08-05 17:50:22] [HYDRO] - Couldn't initialize EU-FRA hydro parameters, skipping...
INFO [2024-08-05 17:50:22] [HYDRO] - Adding EU-FRA max power timeseries...
INFO [2024-08-05 17:50:23] [HYDRO] - Adding EU-FRA hydro profiles...
INFO [2024-08-05 17:50:23] [MAIN] - Done adding hydro!
INFO [2024-08-05 17:50:23] [MAIN] - Adding lines between areas...

INFO [2024-08-05 17:50:24] [LINES] - Adding EU-CHE to EU-DEU line...
INFO [2024-08-05 17:50:24] [LINES] - Adding EU-CHE to EU-FRA line...
INFO [2024-08-05 17:50:24] [LINES] - Adding EU-DEU to EU-FRA line...
INFO [2024-08-05 17:50:24] [MAIN] - Done adding lines! (run time : 1.22s).

INFO [2024-08-05 17:50:24] [MAIN] - Finished setting up Antares study! (run time : 0.14min).
 

INFO [2024-08-05 17:50:24] [MAIN] - Starting simulation__2024_08_05_17_50_24 simulation...
INFO [2024-08-05 17:50:33] [MAIN] - Antares simulation finished! (run time : 0.15min).
 

INFO [2024-08-05 17:50:33] [MAIN] - Opening latest simulation...
