INFO [2024-10-08 13:14:42] [MAIN] - Reading simulations of pre-existing WorldT20B5 w hurdles v4 study...
INFO [2024-10-08 13:14:42] [MAIN] - Opening 20241008-0629eco-accurateUCM simulation...
INFO [2024-10-08 13:14:42] [MAIN] - Preparing to compare generation values with Deane...
INFO [2024-10-08 13:14:42] [DEANE] - Saving generation comparisons for africa continent...
INFO [2024-10-08 13:14:44] [DEANE] - Done saving generation comparisons for africa continent!
INFO [2024-10-08 13:14:44] [DEANE] - Saving generation comparisons for asia continent...
INFO [2024-10-08 13:14:45] [DEANE] - Done saving generation comparisons for asia continent!
INFO [2024-10-08 13:14:45] [DEANE] - Saving generation comparisons for europe continent...
INFO [2024-10-08 13:14:45] [DEANE] - Done saving generation comparisons for europe continent!
INFO [2024-10-08 13:14:45] [DEANE] - Saving generation comparisons for north america continent...
INFO [2024-10-08 13:14:45] [DEANE] - Done saving generation comparisons for north america continent!
INFO [2024-10-08 13:14:45] [DEANE] - Saving generation comparisons for oceania continent...
INFO [2024-10-08 13:14:46] [DEANE] - Done saving generation comparisons for oceania continent!
INFO [2024-10-08 13:14:46] [DEANE] - Saving generation comparisons for south america continent...
INFO [2024-10-08 13:14:46] [DEANE] - Done saving generation comparisons for south america continent!
INFO [2024-10-08 13:14:46] [MAIN] - Done comparing generation values with Deane! (run time : 3.59 s).

INFO [2024-10-08 13:14:46] [MAIN] - Preparing to compare emissions values with Deane...
INFO [2024-10-08 13:14:46] [DEANE] - Computing continental CO2 emissions in Antares study...
INFO [2024-10-08 13:15:25] [DEANE] - Done computing continental CO2 emissions!
INFO [2024-10-08 13:15:25] [DEANE] - Saving emissions comparisons for africa continent...
INFO [2024-10-08 13:15:25] [DEANE] - Done saving emissions comparisons for africa continent!
INFO [2024-10-08 13:15:25] [DEANE] - Saving emissions comparisons for asia continent...
INFO [2024-10-08 13:15:26] [DEANE] - Done saving emissions comparisons for asia continent!
INFO [2024-10-08 13:15:26] [DEANE] - Saving emissions comparisons for europe continent...
INFO [2024-10-08 13:15:26] [DEANE] - Done saving emissions comparisons for europe continent!
INFO [2024-10-08 13:15:26] [DEANE] - Saving emissions comparisons for north america continent...
INFO [2024-10-08 13:15:26] [DEANE] - Done saving emissions comparisons for north america continent!
INFO [2024-10-08 13:15:26] [DEANE] - Saving emissions comparisons for oceania continent...
INFO [2024-10-08 13:15:27] [DEANE] - Done saving emissions comparisons for oceania continent!
INFO [2024-10-08 13:15:27] [DEANE] - Saving emissions comparisons for south america continent...
INFO [2024-10-08 13:15:27] [DEANE] - Done saving emissions comparisons for south america continent!
INFO [2024-10-08 13:15:27] [MAIN] - Done comparing emissions values with Deane! (run time : 40.99 s).

INFO [2024-10-08 13:15:27] [MAIN] - Preparing to save import/export ranking of countries...
INFO [2024-10-08 13:15:30] [MAIN] - Import/export ranking of countries has been saved ! (run time : 2.71 s).

INFO [2024-10-08 13:15:30] [MAIN] - Preparing to save global production stack...
INFO [2024-10-08 13:15:41] [MAIN] - Done saving global production stack! (run time : 11.17s).

INFO [2024-10-08 13:15:41] [MAIN] - Preparing to save continental production stacks...
INFO [2024-10-08 13:15:41] [STACK] - Saving production stack for africa continent...
INFO [2024-10-08 13:15:46] [STACK] - The daily production stack for africa from 2015-01-01 to 2015-12-31 has been saved!
INFO [2024-10-08 13:15:46] [STACK] - Saving production stack for asia continent...
INFO [2024-10-08 13:15:51] [STACK] - The daily production stack for asia from 2015-01-01 to 2015-12-31 has been saved!
INFO [2024-10-08 13:15:51] [STACK] - Saving production stack for europe continent...
INFO [2024-10-08 13:15:59] [STACK] - The daily production stack for europe from 2015-01-01 to 2015-12-31 has been saved!
INFO [2024-10-08 13:16:00] [STACK] - Saving production stack for north america continent...
INFO [2024-10-08 13:16:04] [STACK] - The daily production stack for north america from 2015-01-01 to 2015-12-31 has been saved!
INFO [2024-10-08 13:16:05] [STACK] - Saving production stack for oceania continent...
INFO [2024-10-08 13:16:12] [STACK] - The daily production stack for oceania from 2015-01-01 to 2015-12-31 has been saved!
INFO [2024-10-08 13:16:12] [STACK] - Saving production stack for south america continent...
INFO [2024-10-08 13:16:22] [STACK] - The daily production stack for south america from 2015-01-01 to 2015-12-31 has been saved!
INFO [2024-10-08 13:16:22] [MAIN] - Done saving continental production stacks! (run time : 40.81s).

INFO [2024-10-08 13:16:22] [MAIN] - Preparing to save national production stacks...
