INFO [2024-10-14 22:48:19] [MAIN] - Initializing output folder...
INFO [2024-10-14 22:48:23] [MAIN] - Reading simulations of pre-existing v2_20clu__2024_09_04_22_33_36 study...
INFO [2024-10-14 22:48:23] [MAIN] - Opening 20240905-0707eco-world_vOutages_accurateUCM simulation...
INFO [2024-10-14 22:48:23] [MAIN] - Preparing to save global production stack...
INFO [2024-10-14 22:48:26] [MAIN] - Done saving global production stack! (run time : 3.02s).

INFO [2024-10-14 22:48:26] [MAIN] - Preparing to save continental production stacks...
INFO [2024-10-14 22:48:27] [STACK] - Saving production stack for africa continent...
INFO [2024-10-14 22:48:29] [STACK] - The hourly production stack for africa from 2015-01-05 to 2015-01-11 has been saved!
INFO [2024-10-14 22:48:30] [STACK] - Saving production stack for asia continent...
INFO [2024-10-14 22:48:32] [STACK] - The hourly production stack for asia from 2015-01-05 to 2015-01-11 has been saved!
INFO [2024-10-14 22:48:32] [STACK] - Saving production stack for europe continent...
INFO [2024-10-14 22:48:35] [STACK] - The hourly production stack for europe from 2015-01-05 to 2015-01-11 has been saved!
INFO [2024-10-14 22:48:35] [STACK] - Saving production stack for north america continent...
INFO [2024-10-14 22:48:38] [STACK] - The hourly production stack for north america from 2015-01-05 to 2015-01-11 has been saved!
INFO [2024-10-14 22:48:38] [STACK] - Saving production stack for oceania continent...
INFO [2024-10-14 22:48:41] [STACK] - The hourly production stack for oceania from 2015-01-05 to 2015-01-11 has been saved!
INFO [2024-10-14 22:48:41] [STACK] - Saving production stack for south america continent...
INFO [2024-10-14 22:48:44] [STACK] - The hourly production stack for south america from 2015-01-05 to 2015-01-11 has been saved!
INFO [2024-10-14 22:48:44] [MAIN] - Done saving continental production stacks! (run time : 17.22s).

INFO [2024-10-14 22:48:44] [MAIN] - Preparing to save national production stacks...
INFO [2024-10-14 22:48:47] [STACK] - Saving production stack for af-ago country...
INFO [2024-10-14 22:48:50] [STACK] - The hourly production stack for af-ago from 2015-01-05 to 2015-01-11 has been saved!
INFO [2024-10-14 22:48:50] [STACK] - Saving production stack for af-bdi country...
INFO [2024-10-14 22:48:53] [STACK] - The hourly production stack for af-bdi from 2015-01-05 to 2015-01-11 has been saved!
INFO [2024-10-14 22:48:53] [STACK] - Saving production stack for af-ben country...
INFO [2024-10-14 22:48:56] [STACK] - The hourly production stack for af-ben from 2015-01-05 to 2015-01-11 has been saved!
INFO [2024-10-14 22:48:56] [STACK] - Saving production stack for af-bfa country...
INFO [2024-10-14 22:48:59] [STACK] - The hourly production stack for af-bfa from 2015-01-05 to 2015-01-11 has been saved!
INFO [2024-10-14 22:48:59] [STACK] - Saving production stack for af-bwa country...
INFO [2024-10-14 22:49:02] [STACK] - The hourly production stack for af-bwa from 2015-01-05 to 2015-01-11 has been saved!
INFO [2024-10-14 22:49:02] [STACK] - Saving production stack for af-caf country...
INFO [2024-10-14 22:49:05] [STACK] - The hourly production stack for af-caf from 2015-01-05 to 2015-01-11 has been saved!
INFO [2024-10-14 22:49:05] [STACK] - Saving production stack for af-civ country...
INFO [2024-10-14 22:49:08] [STACK] - The hourly production stack for af-civ from 2015-01-05 to 2015-01-11 has been saved!
INFO [2024-10-14 22:49:08] [STACK] - Saving production stack for af-cmr country...
INFO [2024-10-14 22:49:11] [STACK] - The hourly production stack for af-cmr from 2015-01-05 to 2015-01-11 has been saved!
INFO [2024-10-14 22:49:11] [STACK] - Saving production stack for af-cod country...
INFO [2024-10-14 22:49:14] [STACK] - The hourly production stack for af-cod from 2015-01-05 to 2015-01-11 has been saved!
INFO [2024-10-14 22:49:14] [STACK] - Saving production stack for af-cog country...
INFO [2024-10-14 22:49:17] [STACK] - The hourly production stack for af-cog from 2015-01-05 to 2015-01-11 has been saved!
INFO [2024-10-14 22:49:17] [STACK] - Saving production stack for af-cpv country...
INFO [2024-10-14 22:49:19] [STACK] - The hourly production stack for af-cpv from 2015-01-05 to 2015-01-11 has been saved!
INFO [2024-10-14 22:49:20] [STACK] - Saving production stack for af-dji country...
INFO [2024-10-14 22:49:22] [STACK] - The hourly production stack for af-dji from 2015-01-05 to 2015-01-11 has been saved!
INFO [2024-10-14 22:49:22] [STACK] - Saving production stack for af-dza country...
INFO [2024-10-14 22:49:25] [STACK] - The hourly production stack for af-dza from 2015-01-05 to 2015-01-11 has been saved!
INFO [2024-10-14 22:49:25] [STACK] - Saving production stack for af-egy country...
INFO [2024-10-14 22:49:28] [STACK] - The hourly production stack for af-egy from 2015-01-05 to 2015-01-11 has been saved!
INFO [2024-10-14 22:49:28] [STACK] - Saving production stack for af-eri country...
INFO [2024-10-14 22:49:31] [STACK] - The hourly production stack for af-eri from 2015-01-05 to 2015-01-11 has been saved!
INFO [2024-10-14 22:49:31] [STACK] - Saving production stack for af-esh country...
INFO [2024-10-14 22:49:33] [STACK] - The hourly production stack for af-esh from 2015-01-05 to 2015-01-11 has been saved!
INFO [2024-10-14 22:49:33] [STACK] - Saving production stack for af-eth country...
INFO [2024-10-14 22:49:37] [STACK] - The hourly production stack for af-eth from 2015-01-05 to 2015-01-11 has been saved!
INFO [2024-10-14 22:49:37] [STACK] - Saving production stack for af-gab country...
INFO [2024-10-14 22:49:40] [STACK] - The hourly production stack for af-gab from 2015-01-05 to 2015-01-11 has been saved!
INFO [2024-10-14 22:49:40] [STACK] - Saving production stack for af-gha country...
INFO [2024-10-14 22:49:43] [STACK] - The hourly production stack for af-gha from 2015-01-05 to 2015-01-11 has been saved!
INFO [2024-10-14 22:49:43] [STACK] - Saving production stack for af-gin country...
INFO [2024-10-14 22:49:47] [STACK] - The hourly production stack for af-gin from 2015-01-05 to 2015-01-11 has been saved!
INFO [2024-10-14 22:49:47] [STACK] - Saving production stack for af-gmb country...
