INFO [2024-09-04 09:50:03] [MAIN] - Creating v2_test__2024_09_04_09_50_03 study...

INFO [2024-09-04 09:50:03] [MAIN] - Unit commitment mode : ACCURATE
INFO [2024-09-04 09:50:03] [MAIN] - Adding nodes...

INFO [2024-09-04 09:50:05] [NODES] - Adding EU-CHE node...
INFO [2024-09-04 09:50:05] [NODES] - Adding EU-DEU node...
INFO [2024-09-04 09:50:06] [NODES] - Adding EU-FRA node...
INFO [2024-09-04 09:50:06] [MAIN] - Done adding nodes! (run time : 3.14s).

INFO [2024-09-04 09:50:06] [MAIN] - Adding districts...

INFO [2024-09-04 09:50:07] [DISTRICTS] - Creating global district...
INFO [2024-09-04 09:50:07] [DISTRICTS] - Done creating global district!
INFO [2024-09-04 09:50:07] [DISTRICTS] - Creating europe continental district...
INFO [2024-09-04 09:50:07] [DISTRICTS] - Done creating europe continental district!
INFO [2024-09-04 09:50:07] [MAIN] - Done adding districts! (run time : 0.78s).

INFO [2024-09-04 09:50:07] [MAIN] - Adding load data...

INFO [2024-09-04 09:50:08] [LOAD] - Adding EU-CHE load data...
INFO [2024-09-04 09:50:08] [LOAD] - Adding EU-DEU load data...
INFO [2024-09-04 09:50:08] [LOAD] - Adding EU-FRA load data...
INFO [2024-09-04 09:50:08] [MAIN] - Done adding load data! (run time : 1.43s).

INFO [2024-09-04 09:50:09] [MAIN] - Fetching wind data...

INFO [2024-09-04 09:50:09] [WIND] - Adding EU-CHE aggregated wind data...
INFO [2024-09-04 09:50:09] [WIND] - Adding EU-DEU aggregated wind data...
INFO [2024-09-04 09:50:09] [WIND] - Adding EU-FRA aggregated wind data...
INFO [2024-09-04 09:50:09] [MAIN] - Done adding wind data! (run time : 0.24s).

INFO [2024-09-04 09:50:09] [MAIN] - Fetching solar data...

INFO [2024-09-04 09:50:09] [SOLAR] - Adding EU-CHE aggregated solar data...
INFO [2024-09-04 09:50:09] [SOLAR] - Adding EU-DEU aggregated solar data...
INFO [2024-09-04 09:50:09] [SOLAR] - Adding EU-FRA aggregated solar data...
INFO [2024-09-04 09:50:09] [MAIN] - Done adding solar data! (run time : 0.21s).

INFO [2024-09-04 09:50:09] [MAIN] - Beginning hydro implementation...
INFO [2024-09-04 09:50:10] [HYDRO] - Initializing EU-CHE hydro parameters...
INFO [2024-09-04 09:50:10] [HYDRO] - Adding EU-CHE max power timeseries...
INFO [2024-09-04 09:50:11] [HYDRO] - Adding EU-CHE hydro profiles...
INFO [2024-09-04 09:50:11] [HYDRO] - Initializing EU-DEU hydro parameters...
INFO [2024-09-04 09:50:12] [HYDRO] - Adding EU-DEU max power timeseries...
INFO [2024-09-04 09:50:12] [HYDRO] - Adding EU-DEU hydro profiles...
INFO [2024-09-04 09:50:13] [HYDRO] - Initializing EU-FRA hydro parameters...
INFO [2024-09-04 09:50:13] [HYDRO] - Adding EU-FRA max power timeseries...
INFO [2024-09-04 09:50:14] [HYDRO] - Adding EU-FRA hydro profiles...
INFO [2024-09-04 09:50:14] [MAIN] - Done adding hydro!
INFO [2024-09-04 09:50:14] [MAIN] - Fetching thermal data...
INFO [2024-09-04 09:50:16] [MAIN] - Aggregating identical generators...
INFO [2024-09-04 09:50:16] [MAIN] - Running 10-clustering algorithm on generators...
INFO [2024-09-04 09:50:17] [MAIN] - Done running 10-clustering algorithm on generators!

INFO [2024-09-04 09:50:17] [THERMAL] - Adding CHE_GAS_CAPACITYSCALER generator to EU-CHE node...
INFO [2024-09-04 09:50:17] [THERMAL] - Adding CHE_COA_CAPACITYSCALER generator to EU-CHE node...
INFO [2024-09-04 09:50:17] [THERMAL] - Adding CHE_BIO_CAPACITYSCALER generator to EU-CHE node...
INFO [2024-09-04 09:50:17] [THERMAL] - Adding CHE_NUC_KERNKRAFTWERKB17760 generator to EU-CHE node...
INFO [2024-09-04 09:50:17] [THERMAL] - Adding CHE_NUC_KERNKRAFTWERKM17763 generator to EU-CHE node...
INFO [2024-09-04 09:50:17] [THERMAL] - Adding CHE_NUC_KERNKRAFTWERKL17762 generator to EU-CHE node...
INFO [2024-09-04 09:50:17] [THERMAL] - Adding CHE_NUC_KERNKRAFTWERKG17761 generator to EU-CHE node...
INFO [2024-09-04 09:50:17] [THERMAL] - Adding CHE_OIL_CAPACITYSCALER generator to EU-CHE node...
INFO [2024-09-04 09:50:17] [THERMAL] - Adding DEU_GAS_GUDSCHWARZHEID11175_HEIZKRAFTWERKE11283_HKWNIEDERRAD generator to EU-DEU node...
INFO [2024-09-04 09:50:17] [THERMAL] - Adding DEU_GAS_INDUSTRIEPARKW11335_EMDENNATURALG11086_KOMBIHKW11388 generator to EU-DEU node...
INFO [2024-09-04 09:50:18] [THERMAL] - Adding DEU_GAS_DORMAGEN11044_NATURALGASBLOC11508_THYROW11738_HUCKIN generator to EU-DEU node...
INFO [2024-09-04 09:50:18] [THERMAL] - Adding DEU_GAS_KESSEL211371_ERWEITERUNGENE11099_BHKWANKLINKER10911_ generator to EU-DEU node...
INFO [2024-09-04 09:50:18] [THERMAL] - Adding DEU_GAS_RAGANTHRAZITI11596_EVCGLOBALFOU11064_KRAFTWERK211393 generator to EU-DEU node...
INFO [2024-09-04 09:50:18] [THERMAL] - Adding DEU_GAS_FSKARTON11105_HKWGTTINGEN11207_NATURALGASTUR11504_SI generator to EU-DEU node...
INFO [2024-09-04 09:50:18] [THERMAL] - Adding DEU_GAS_GUDHKWNEUBRAN11179_GUDBAUNATALV11170_SDDT111723_HKWB generator to EU-DEU node...
INFO [2024-09-04 09:50:18] [THERMAL] - Adding DEU_GAS_HEIZKRAFTWERKL11273_DOWSTADE11047_DAMPFKRAFTWERK1102 generator to EU-DEU node...
INFO [2024-09-04 09:50:18] [THERMAL] - Adding DEU_GAS_LICHTERFELDE11438_KRAFTWERKMAINZ11403_NATURALGASTUR1 generator to EU-DEU node...
INFO [2024-09-04 09:50:18] [THERMAL] - Adding DEU_GAS_GTKWDARMSTADT11128_HEIZKRAFTWERKK11271_HEIZKRAFTWERK generator to EU-DEU node...
INFO [2024-09-04 09:50:18] [THERMAL] - Adding DEU_COA_KWM11360_SCHOLVENPOWER11669_LNENPOWERST11449_BERGKAM generator to EU-DEU node...
INFO [2024-09-04 09:50:19] [THERMAL] - Adding DEU_COA_GKHHANNOVERPO11123_KWVOERDE11348_JANSCHWALDEPOW11338 generator to EU-DEU node...
INFO [2024-09-04 09:50:19] [THERMAL] - Adding DEU_COA_TRIANELKOHLEKR11742_WILHELMSHAVENP11817_ALTBACHPOWER generator to EU-DEU node...
INFO [2024-09-04 09:50:19] [THERMAL] - Adding DEU_COA_GKRAFTWERK11121_KRAFTWERKN23011406_WACHTBERGPOWER117 generator to EU-DEU node...
INFO [2024-09-04 09:50:19] [THERMAL] - Adding DEU_COA_BRAUNKOHLEKRAFT10993_HEYDENPOWERST11292_LIPPENDORFPO generator to EU-DEU node...
INFO [2024-09-04 09:50:19] [THERMAL] - Adding DEU_COA_DESSAUPOWERST11037_GRUBENHEIZKRAFT11165_HUERTHVILLE1 generator to EU-DEU node...
INFO [2024-09-04 09:50:19] [THERMAL] - Adding DEU_COA_KESSEL411372_KRAFTWERK11391_HKWKARCHERSTR_11214_KOHL generator to EU-DEU node...
INFO [2024-09-04 09:50:19] [THERMAL] - Adding DEU_COA_TIEFSTACKPOWER11739_FLENSBURGPOWER11111_KRAFTWERKENS generator to EU-DEU node...
INFO [2024-09-04 09:50:19] [THERMAL] - Adding DEU_COA_KRAFTWERKWERDO11414_STUTTGARTMUENS11720_KIELPOWERSTA generator to EU-DEU node...
INFO [2024-09-04 09:50:19] [THERMAL] - Adding DEU_COA_FRIMMERSDORFPO11118_BERLINREUTERW10940_STAUDINGERPOW generator to EU-DEU node...
INFO [2024-09-04 09:50:20] [THERMAL] - Adding DEU_WAS_MHKWFRANKFURT11454 generator to EU-DEU node...
INFO [2024-09-04 09:50:20] [THERMAL] - Adding DEU_BIO_BIOMASSGENERAT10961_DT11026_MLLKRAFTWERK11494_MHKWRO generator to EU-DEU node...
INFO [2024-09-04 09:50:20] [THERMAL] - Adding DEU_WAS_EEWENERGYFROM11059_EEWGRORSCH11060_TURBOSATZ111747_G generator to EU-DEU node...
INFO [2024-09-04 09:50:20] [THERMAL] - Adding DEU_WAS_MHKWWKW11452_BIOMASSEHEIZKR10970_BIOMASSGENERAT10954 generator to EU-DEU node...
INFO [2024-09-04 09:50:20] [THERMAL] - Adding DEU_BIO_WIBIEBRICH11814_ENERTECHAMELN11093_EBKWKNAPSACK11055 generator to EU-DEU node...
INFO [2024-09-04 09:50:20] [THERMAL] - Adding DEU_BIO_ZELLSTOFFSTEND11847_ZOLLINGPOWERS11851_CAPACITYSCALE generator to EU-DEU node...
INFO [2024-09-04 09:50:21] [THERMAL] - Adding DEU_BIO_BLOCKHEIZKRAFTW10981_ZWSF11844_BIOMASSGENERAT10951 generator to EU-DEU node...
INFO [2024-09-04 09:50:21] [THERMAL] - Adding DEU_BIO_BIOMASSGENERAT10955_MHKW11451_HKWMANNHEIM11216_RMVAK generator to EU-DEU node...
INFO [2024-09-04 09:50:21] [THERMAL] - Adding DEU_BIO_STORAENSOMAXA11716 generator to EU-DEU node...
INFO [2024-09-04 09:50:21] [THERMAL] - Adding DEU_BIO_BIOMASSGENERAT10957_KWKNEUMARKT11355_UTB11756_AVAVEL generator to EU-DEU node...
INFO [2024-09-04 09:50:21] [THERMAL] - Adding DEU_NUC_GROHNDE11162 generator to EU-DEU node...
INFO [2024-09-04 09:50:21] [THERMAL] - Adding DEU_NUC_NECKARWESTHEIM11499 generator to EU-DEU node...
INFO [2024-09-04 09:50:21] [THERMAL] - Adding DEU_NUC_EMSLAND11062 generator to EU-DEU node...
INFO [2024-09-04 09:50:21] [THERMAL] - Adding DEU_NUC_PHILIPPSBURG211562 generator to EU-DEU node...
INFO [2024-09-04 09:50:22] [THERMAL] - Adding DEU_NUC_BROKDORF10922 generator to EU-DEU node...
INFO [2024-09-04 09:50:22] [THERMAL] - Adding DEU_NUC_ISAR211322 generator to EU-DEU node...
INFO [2024-09-04 09:50:22] [THERMAL] - Adding DEU_NUC_KERNKRAFTGUNDR11370 generator to EU-DEU node...
INFO [2024-09-04 09:50:22] [THERMAL] - Adding DEU_OIL_EEV11058 generator to EU-DEU node...
INFO [2024-09-04 09:50:22] [THERMAL] - Adding DEU_OIL_IKSPCKSCHWEDT11316 generator to EU-DEU node...
INFO [2024-09-04 09:50:22] [THERMAL] - Adding DEU_OIL_SPITZENLASTKRAF11703_KRAFTWERKWALHE11413 generator to EU-DEU node...
INFO [2024-09-04 09:50:22] [THERMAL] - Adding DEU_OIL_RAFFINERIEKRAFT11602_AUDORF10902_ITZEHOE11337 generator to EU-DEU node...
INFO [2024-09-04 09:50:23] [THERMAL] - Adding DEU_OIL_KWMITTELSBRE11346 generator to EU-DEU node...
INFO [2024-09-04 09:50:23] [THERMAL] - Adding DEU_OIL_KRAFTWERKHAUSH11399_RAFFINERIEKRAFT11601_WEDEL11792 generator to EU-DEU node...
INFO [2024-09-04 09:50:23] [THERMAL] - Adding DEU_OIL_BRUNSBTTEL11000_WILMERSDORF11818_CAPACITYSCALER generator to EU-DEU node...
INFO [2024-09-04 09:50:23] [THERMAL] - Adding DEU_OIL_KRAFTWERK11392_MIRO11477 generator to EU-DEU node...
INFO [2024-09-04 09:50:23] [THERMAL] - Adding DEU_OIL_MOABITOIL11482_WILHELMSHAVEN11816_SPITZENLASTANLA117 generator to EU-DEU node...
INFO [2024-09-04 09:50:23] [THERMAL] - Adding DEU_OIL_DKWLEINAU11024_DKWNORD11025_SKWDIESEL11650_SPITZENLA generator to EU-DEU node...
INFO [2024-09-04 09:50:23] [THERMAL] - Adding DEU_GEO_CAPACITYSCALER generator to EU-DEU node...
INFO [2024-09-04 09:50:24] [THERMAL] - Adding DEU_WAV_CAPACITYSCALER generator to EU-DEU node...
INFO [2024-09-04 09:50:24] [THERMAL] - Adding DEU_OTH_EBSHEIZKRAFTWE11057 generator to EU-DEU node...
INFO [2024-09-04 09:50:24] [THERMAL] - Adding DEU_OTH_DKKRAFTWERK11023 generator to EU-DEU node...
INFO [2024-09-04 09:50:24] [THERMAL] - Adding DEU_OTH_KRAFTWERKNORD11407 generator to EU-DEU node...
INFO [2024-09-04 09:50:24] [THERMAL] - Adding DEU_OTH_OXEAGMBH11555 generator to EU-DEU node...
INFO [2024-09-04 09:50:24] [THERMAL] - Adding DEU_OTH_ILKEKT11319 generator to EU-DEU node...
INFO [2024-09-04 09:50:24] [THERMAL] - Adding DEU_OTH_GICHTNATURALGA11145 generator to EU-DEU node...
INFO [2024-09-04 09:50:25] [THERMAL] - Adding DEU_OTH_HKWWEST11236 generator to EU-DEU node...
INFO [2024-09-04 09:50:25] [THERMAL] - Adding DEU_OTH_KRAFTWERKSALZG11409 generator to EU-DEU node...
INFO [2024-09-04 09:50:25] [THERMAL] - Adding DEU_OTH_O1011535_IKW11317 generator to EU-DEU node...
INFO [2024-09-04 09:50:25] [THERMAL] - Adding DEU_OTH_BIOMASSGENERAT10952 generator to EU-DEU node...
INFO [2024-09-04 09:50:25] [THERMAL] - Adding FRA_GAS_GENNEVILLIERS19464 generator to EU-FRA node...
INFO [2024-09-04 09:50:25] [THERMAL] - Adding FRA_GAS_PONTSURSAMBRE10198 generator to EU-FRA node...
INFO [2024-09-04 09:50:25] [THERMAL] - Adding FRA_GAS_CROIXDEMETZ9304 generator to EU-FRA node...
INFO [2024-09-04 09:50:25] [THERMAL] - Adding FRA_GAS_COMBIGOLFE9114 generator to EU-FRA node...
INFO [2024-09-04 09:50:26] [THERMAL] - Adding FRA_GAS_BLENOD58946 generator to EU-FRA node...
INFO [2024-09-04 09:50:26] [THERMAL] - Adding FRA_GAS_EMILEHUCHET9363 generator to EU-FRA node...
INFO [2024-09-04 09:50:26] [THERMAL] - Adding FRA_GAS_BOUCHAIN78948 generator to EU-FRA node...
INFO [2024-09-04 09:50:26] [THERMAL] - Adding FRA_GAS_MARTIGUESPONTE9866 generator to EU-FRA node...
INFO [2024-09-04 09:50:26] [THERMAL] - Adding FRA_GAS_CAPACITYSCALER generator to EU-FRA node...
INFO [2024-09-04 09:50:26] [THERMAL] - Adding FRA_GAS_DK69328 generator to EU-FRA node...
INFO [2024-09-04 09:50:26] [THERMAL] - Adding FRA_COA_LUCY39603 generator to EU-FRA node...
INFO [2024-09-04 09:50:26] [THERMAL] - Adding FRA_COA_CAPACITYSCALER generator to EU-FRA node...
INFO [2024-09-04 09:50:26] [THERMAL] - Adding FRA_COA_EMILEHUCHET9364 generator to EU-FRA node...
INFO [2024-09-04 09:50:27] [THERMAL] - Adding FRA_COA_CORDEMAIS49116_HAVRE49538 generator to EU-FRA node...
INFO [2024-09-04 09:50:27] [THERMAL] - Adding FRA_COA_PROVENCE510115 generator to EU-FRA node...
INFO [2024-09-04 09:50:27] [THERMAL] - Adding FRA_BIO_DUNKERQUE9360_FORTDEFRANCE9428_MONTECH9977_NOYELLESS generator to EU-FRA node...
INFO [2024-09-04 09:50:27] [THERMAL] - Adding FRA_BIO_AMIENS8869_BLARINGHEM9020_CONCARNEAU9263_CRPYENVALOI generator to EU-FRA node...
INFO [2024-09-04 09:50:27] [THERMAL] - Adding FRA_BIO_NICE10055_SAINTOUEN10475_LEMANS9746_VAUXLEPNIL10743_ generator to EU-FRA node...
INFO [2024-09-04 09:50:27] [THERMAL] - Adding FRA_BIO_CAPACITYSCALER generator to EU-FRA node...
INFO [2024-09-04 09:50:27] [THERMAL] - Adding FRA_BIO_LEPLESSISGASS9757_SAINTJEANDEF10422_CLERMONTFERRAN92 generator to EU-FRA node...
INFO [2024-09-04 09:50:27] [THERMAL] - Adding FRA_BIO_ANTIBES8878_MDAMILL9926_NMES10077_MORCENX9998_ORLANS generator to EU-FRA node...
INFO [2024-09-04 09:50:28] [THERMAL] - Adding FRA_BIO_ALLEMANT8850_AMANVILLERS8862_AUCH8917_BIMONT9017_BOR generator to EU-FRA node...
INFO [2024-09-04 09:50:28] [THERMAL] - Adding FRA_BIO_PITHIVIERS10150_SAINTMARTINDE10457_VEDNE10745_COURON generator to EU-FRA node...
INFO [2024-09-04 09:50:28] [THERMAL] - Adding FRA_BIO_ARQUES8899_BOUROGNE9059_CHANG9200_DIJON9341_GUICHAIN generator to EU-FRA node...
INFO [2024-09-04 09:50:28] [THERMAL] - Adding FRA_BIO_FOSSURMER9434_ISSYLESMOULIN9578 generator to EU-FRA node...
INFO [2024-09-04 09:50:28] [THERMAL] - Adding FRA_NUC_STLAURENT10330 generator to EU-FRA node...
INFO [2024-09-04 09:50:28] [THERMAL] - Adding FRA_NUC_GRAVELINES9468 generator to EU-FRA node...
INFO [2024-09-04 09:50:29] [THERMAL] - Adding FRA_NUC_PALUEL10108_DAMPIERRE9326 generator to EU-FRA node...
INFO [2024-09-04 09:50:29] [THERMAL] - Adding FRA_NUC_FLAMANVILLE9394_PENLY10110 generator to EU-FRA node...
INFO [2024-09-04 09:50:29] [THERMAL] - Adding FRA_NUC_BUGEY8952_CIVAUX9111_CHOOZ9110 generator to EU-FRA node...
INFO [2024-09-04 09:50:29] [THERMAL] - Adding FRA_NUC_STALBAN10328 generator to EU-FRA node...
INFO [2024-09-04 09:50:29] [THERMAL] - Adding FRA_NUC_CHINON9109_BLAYAIS8945 generator to EU-FRA node...
INFO [2024-09-04 09:50:30] [THERMAL] - Adding FRA_NUC_FESSENHEIM9393 generator to EU-FRA node...
INFO [2024-09-04 09:50:30] [THERMAL] - Adding FRA_NUC_CRUAS9118_TRICASTIN110646_BELLEVILLE8944_GOLFECH9466 generator to EU-FRA node...
INFO [2024-09-04 09:50:30] [THERMAL] - Adding FRA_NUC_CATTENOM9106 generator to EU-FRA node...
INFO [2024-09-04 09:50:30] [THERMAL] - Adding FRA_OIL_BRENNILIS8950 generator to EU-FRA node...
INFO [2024-09-04 09:50:30] [THERMAL] - Adding FRA_OIL_DIRINON9327 generator to EU-FRA node...
INFO [2024-09-04 09:50:31] [THERMAL] - Adding FRA_OIL_ARRIGHI8823 generator to EU-FRA node...
INFO [2024-09-04 09:50:31] [THERMAL] - Adding FRA_OIL_CORDEMAIS9115 generator to EU-FRA node...
INFO [2024-09-04 09:50:31] [THERMAL] - Adding FRA_OIL_CAPACITYSCALER generator to EU-FRA node...
INFO [2024-09-04 09:50:31] [THERMAL] - Adding FRA_OIL_PORCHEVILLE10112 generator to EU-FRA node...
INFO [2024-09-04 09:50:31] [THERMAL] - Adding FRA_GEO_BOUILLANTE9046 generator to EU-FRA node...
INFO [2024-09-04 09:50:31] [THERMAL] - Adding FRA_WAV_RANCE10241 generator to EU-FRA node...
INFO [2024-09-04 09:50:31] [THERMAL] - Adding FRA_WAV_CAPACITYSCALER generator to EU-FRA node...
INFO [2024-09-04 09:50:38] [MAIN] - Done adding thermal data! (run time : 0.4min).

INFO [2024-09-04 09:50:38] [MAIN] - Fetching battery data...

INFO [2024-09-04 09:50:38] [MAIN] - Aggregating identical batteries...
INFO [2024-09-04 09:50:38] [MAIN] - Running 10-clustering algorithm on batteries...
INFO [2024-09-04 09:50:43] [MAIN] - Done running 10-clustering algorithm on batteries!

INFO [2024-09-04 09:50:43] [WARN] - Failed to add CHE_CHE_SwissDualCircui104 battery to EU-CHE node, skipping...
INFO [2024-09-04 09:50:43] [WARN] - Failed to add CHE_CHE_LausannePolytec102 battery to EU-CHE node, skipping...
INFO [2024-09-04 09:50:43] [WARN] - Failed to add CHE_CHE_50kW60kWhEnergy99_Passivhaus50kW1103 battery to EU-CHE node, skipping...
INFO [2024-09-04 09:50:43] [WARN] - Failed to add CHE_CHE_CKWESpeicherWer100 battery to EU-CHE node, skipping...
INFO [2024-09-04 09:50:43] [WARN] - Failed to add CHE_CHE_EPFLLeclancheDi101 battery to EU-CHE node, skipping...
INFO [2024-09-04 09:50:43] [WARN] - Failed to add CHE_CHE_TheZurichDietik105 battery to EU-CHE node, skipping...
INFO [2024-09-04 09:50:43] [WARN] - Failed to add CHE_PHS_EtzelwerkPumped107_Grimsel2PumpedH110_NantdeDrancePu battery to EU-CHE node, skipping...
INFO [2024-09-04 09:50:43] [WARN] - Failed to add CHE_PHS_OvaSpinPumpedHy119 battery to EU-CHE node, skipping...
INFO [2024-09-04 09:50:43] [WARN] - Failed to add CHE_PHS_GougraPumpedHyd109 battery to EU-CHE node, skipping...
INFO [2024-09-04 09:50:43] [WARN] - Failed to add CHE_PHS_FerreraPumpedHy108_LinthLimmernPum116 battery to EU-CHE node, skipping...
INFO [2024-09-04 09:50:43] [WARN] - Failed to add CHE_PHS_Grimsel3PumpedH111 battery to EU-CHE node, skipping...
INFO [2024-09-04 09:50:43] [WARN] - Failed to add CHE_PHS_EmossonPumpedHy106 battery to EU-CHE node, skipping...
INFO [2024-09-04 09:50:43] [WARN] - Failed to add CHE_PHS_HongrinLemanPum113 battery to EU-CHE node, skipping...
INFO [2024-09-04 09:50:43] [WARN] - Failed to add CHE_PHS_VeytauxFMHLPump122 battery to EU-CHE node, skipping...
INFO [2024-09-04 09:50:43] [WARN] - Failed to add CHE_PHS_Handeck3PumpedH112_TierfehdNestilP121 battery to EU-CHE node, skipping...
INFO [2024-09-04 09:50:43] [WARN] - Failed to add CHE_PHS_RobieiPumpedHyd120_MapraggPumpedHy117 battery to EU-CHE node, skipping...
INFO [2024-09-04 09:50:43] [WARN] - Failed to add DEU_CHE_QinousDemonstra255 battery to EU-DEU node, skipping...
INFO [2024-09-04 09:50:43] [WARN] - Failed to add DEU_CHE_IHEMIntelligent251_Web2EnergySmart264 battery to EU-DEU node, skipping...
INFO [2024-09-04 09:50:43] [WARN] - Failed to add DEU_CHE_IntelligentesNe252_BatteryEnergySt232_Netlab2Sonderb battery to EU-DEU node, skipping...
INFO [2024-09-04 09:50:43] [WARN] - Failed to add DEU_CHE_YounicosandVatt266 battery to EU-DEU node, skipping...
INFO [2024-09-04 09:50:43] [WARN] - Failed to add DEU_CHE_CatervaSWARM237_BoschBraderupES236_DREWAGReick2MWP24 battery to EU-DEU node, skipping...
INFO [2024-09-04 09:50:43] [WARN] - Failed to add DEU_CHE_FeldheimRegiona248_WEMAGSchwerinBa265 battery to EU-DEU node, skipping...
INFO [2024-09-04 09:50:43] [WARN] - Failed to add DEU_CHE_SwagBoschCommun263_CustomerProject239_FastChargingeB battery to EU-DEU node, skipping...
INFO [2024-09-04 09:50:43] [WARN] - Failed to add DEU_CHE_SmartRegionPell262 battery to EU-DEU node, skipping...
INFO [2024-09-04 09:50:43] [WARN] - Failed to add DEU_CHE_EEBattEnergyNei244_250kW1MWhElCheW231_BatteryEnergyS battery to EU-DEU node, skipping...
INFO [2024-09-04 09:50:43] [WARN] - Failed to add DEU_CHE_HIUPVBatterySys250 battery to EU-DEU node, skipping...
INFO [2024-09-04 09:50:43] [WARN] - Failed to add DEU_CHE_10kW100kWhHaakF228_CellcubeWilliba238 battery to EU-DEU node, skipping...
INFO [2024-09-04 09:50:43] [WARN] - Failed to add DEU_CHE_BESSNeuhardenbe234 battery to EU-DEU node, skipping...
INFO [2024-09-04 09:50:43] [WARN] - Failed to add DEU_CHE_Drverden3MWBatt243 battery to EU-DEU node, skipping...
INFO [2024-09-04 09:50:43] [WARN] - Failed to add DEU_CHE_1MWLESSYVolklin230 battery to EU-DEU node, skipping...
INFO [2024-09-04 09:50:43] [WARN] - Failed to add DEU_CHE_BoschBraderupES235 battery to EU-DEU node, skipping...
INFO [2024-09-04 09:50:43] [WARN] - Failed to add DEU_CHE_15MWEnergyStora229 battery to EU-DEU node, skipping...
INFO [2024-09-04 09:50:43] [WARN] - Failed to add DEU_CHE_GermanyResident249 battery to EU-DEU node, skipping...
INFO [2024-09-04 09:50:44] [WARN] - Failed to add DEU_CHE_Daimler2ndLifeS240 battery to EU-DEU node, skipping...
INFO [2024-09-04 09:50:44] [WARN] - Failed to add DEU_CHE_RedoxWindTheFra256 battery to EU-DEU node, skipping...
INFO [2024-09-04 09:50:44] [WARN] - Failed to add DEU_CHE_SmartRegionPell261_DMGGildemeister241 battery to EU-DEU node, skipping...
INFO [2024-09-04 09:50:44] [WARN] - Failed to add DEU_CHE_SmartOperatorWi259 battery to EU-DEU node, skipping...
INFO [2024-09-04 09:50:44] [WARN] - Failed to add DEU_CHE_QinousDemonstra254 battery to EU-DEU node, skipping...
INFO [2024-09-04 09:50:44] [WARN] - Failed to add DEU_CHE_SmartOperator257_SmartOperatorKi258 battery to EU-DEU node, skipping...
INFO [2024-09-04 09:50:44] [WARN] - Failed to add DEU_CHE_EnerconWindTurb245 battery to EU-DEU node, skipping...
INFO [2024-09-04 09:50:44] [WARN] - Failed to add DEU_CHE_YounicosandVatt267 battery to EU-DEU node, skipping...
INFO [2024-09-04 09:50:44] [WARN] - Failed to add DEU_CHE_EnergyBufferUni246 battery to EU-DEU node, skipping...
INFO [2024-09-04 09:50:44] [WARN] - Failed to add DEU_THE_JulichSolarTowe302 battery to EU-DEU node, skipping...
INFO [2024-09-04 09:50:44] [WARN] - Failed to add DEU_HYD_ThgaDemonstrati273 battery to EU-DEU node, skipping...
INFO [2024-09-04 09:50:44] [WARN] - Failed to add DEU_HYD_EnBWStuttgartHy270 battery to EU-DEU node, skipping...
INFO [2024-09-04 09:50:44] [WARN] - Failed to add DEU_HYD_E.ONquotPowerto269_Grapzow140MWWin272 battery to EU-DEU node, skipping...
INFO [2024-09-04 09:50:44] [WARN] - Failed to add DEU_HYD_AudiegasProject268_EnergieparkMain271 battery to EU-DEU node, skipping...
INFO [2024-09-04 09:50:44] [WARN] - Failed to add DEU_PHS_ErzhausenPumped275 battery to EU-DEU node, skipping...
INFO [2024-09-04 09:50:44] [WARN] - Failed to add DEU_PHS_SckingenPumpedS293_HohenwartePumpe280 battery to EU-DEU node, skipping...
INFO [2024-09-04 09:50:44] [WARN] - Failed to add DEU_PHS_WehrPumpedStora299_MarkersbachPump286 battery to EU-DEU node, skipping...
INFO [2024-09-04 09:50:44] [WARN] - Failed to add DEU_PHS_Kirchentellinsf282_Ruselkraftwerke291_SorpeseePumped battery to EU-DEU node, skipping...
INFO [2024-09-04 09:50:44] [WARN] - Failed to add DEU_PHS_GoldisthalPumpe278 battery to EU-DEU node, skipping...
INFO [2024-09-04 09:50:44] [WARN] - Failed to add DEU_PHS_HerdeckePumpedS279 battery to EU-DEU node, skipping...
INFO [2024-09-04 09:50:44] [WARN] - Failed to add DEU_PHS_SchwarzenbachPu292_Langenprozelten283_WitznauPumpedS battery to EU-DEU node, skipping...
INFO [2024-09-04 09:50:44] [WARN] - Failed to add DEU_PHS_RiedlEnergyStor289 battery to EU-DEU node, skipping...
INFO [2024-09-04 09:50:44] [WARN] - Failed to add DEU_PHS_WaldeckII296 battery to EU-DEU node, skipping...
INFO [2024-09-04 09:50:44] [WARN] - Failed to add DEU_PHS_TanzmhlePumpedS295_NiederwarthaPum287_WendefurthPowe battery to EU-DEU node, skipping...
INFO [2024-09-04 09:50:44] [WARN] - Failed to add FRA_CHE_DIYESS5kWhLiFeP376 battery to EU-FRA node, skipping...
INFO [2024-09-04 09:50:44] [WARN] - Failed to add FRA_CHE_NICEGRIDproject380 battery to EU-FRA node, skipping...
INFO [2024-09-04 09:50:44] [WARN] - Failed to add FRA_CHE_NICEGRIDproject381 battery to EU-FRA node, skipping...
INFO [2024-09-04 09:50:44] [WARN] - Failed to add FRA_CHE_EDFRampDLesRena378 battery to EU-FRA node, skipping...
INFO [2024-09-04 09:50:44] [WARN] - Failed to add FRA_CHE_CarrosNICEGRIDP374 battery to EU-FRA node, skipping...
INFO [2024-09-04 09:50:44] [WARN] - Failed to add FRA_CHE_ADEMEIntelligen373 battery to EU-FRA node, skipping...
INFO [2024-09-04 09:50:44] [WARN] - Failed to add FRA_CHE_DieselGenerator375 battery to EU-FRA node, skipping...
INFO [2024-09-04 09:50:44] [WARN] - Failed to add FRA_CHE_EDFENGabardoneP377 battery to EU-FRA node, skipping...
INFO [2024-09-04 09:50:44] [WARN] - Failed to add FRA_CHE_INESProject379 battery to EU-FRA node, skipping...
INFO [2024-09-04 09:50:44] [WARN] - Failed to add FRA_CHE_ReunionIslandPe382 battery to EU-FRA node, skipping...
INFO [2024-09-04 09:50:44] [WARN] - Failed to add FRA_THE_AlbaNova1SolarP394 battery to EU-FRA node, skipping...
INFO [2024-09-04 09:50:44] [WARN] - Failed to add FRA_HYD_UniveristyofCor383 battery to EU-FRA node, skipping...
INFO [2024-09-04 09:50:44] [WARN] - Failed to add FRA_PHS_AlrancePumpedSt384 battery to EU-FRA node, skipping...
INFO [2024-09-04 09:50:44] [WARN] - Failed to add FRA_PHS_ArgentatPumpedS385 battery to EU-FRA node, skipping...
INFO [2024-09-04 09:50:44] [WARN] - Failed to add FRA_PHS_LaRanceTidalPow388 battery to EU-FRA node, skipping...
INFO [2024-09-04 09:50:44] [WARN] - Failed to add FRA_PHS_LaCochePumpedSt387 battery to EU-FRA node, skipping...
INFO [2024-09-04 09:50:44] [WARN] - Failed to add FRA_PHS_LePougetPumpedS390 battery to EU-FRA node, skipping...
INFO [2024-09-04 09:50:44] [WARN] - Failed to add FRA_PHS_LeCheylasPumped389 battery to EU-FRA node, skipping...
INFO [2024-09-04 09:50:44] [WARN] - Failed to add FRA_PHS_SuperBissortePu393 battery to EU-FRA node, skipping...
INFO [2024-09-04 09:50:44] [WARN] - Failed to add FRA_PHS_RevinPumpedStor392 battery to EU-FRA node, skipping...
INFO [2024-09-04 09:50:44] [WARN] - Failed to add FRA_PHS_MontzicPumpedSt391 battery to EU-FRA node, skipping...
INFO [2024-09-04 09:50:44] [WARN] - Failed to add FRA_PHS_Grand039MaisonD386 battery to EU-FRA node, skipping...
INFO [2024-09-04 09:50:44] [MAIN] - Done adding battery data! (run time : 0.1min).

