INFO [2024-09-04 09:50:03] [MAIN] - Creating v2_test__2024_09_04_09_50_03 study...

INFO [2024-09-04 09:50:03] [MAIN] - Unit commitment mode : ACCURATE
INFO [2024-09-04 09:50:03] [MAIN] - Adding nodes...

INFO [2024-09-04 09:50:06] [MAIN] - Done adding nodes! (run time : 3.14s).

INFO [2024-09-04 09:50:06] [MAIN] - Adding districts...

INFO [2024-09-04 09:50:07] [MAIN] - Done adding districts! (run time : 0.78s).

INFO [2024-09-04 09:50:07] [MAIN] - Adding load data...

INFO [2024-09-04 09:50:08] [MAIN] - Done adding load data! (run time : 1.43s).

INFO [2024-09-04 09:50:09] [MAIN] - Fetching wind data...

INFO [2024-09-04 09:50:09] [MAIN] - Done adding wind data! (run time : 0.24s).

INFO [2024-09-04 09:50:09] [MAIN] - Fetching solar data...

INFO [2024-09-04 09:50:09] [MAIN] - Done adding solar data! (run time : 0.21s).

INFO [2024-09-04 09:50:09] [MAIN] - Beginning hydro implementation...
INFO [2024-09-04 09:50:14] [MAIN] - Done adding hydro!
INFO [2024-09-04 09:50:14] [MAIN] - Fetching thermal data...
INFO [2024-09-04 09:50:16] [MAIN] - Aggregating identical generators...
INFO [2024-09-04 09:50:16] [MAIN] - Running 10-clustering algorithm on generators...
INFO [2024-09-04 09:50:16] [MAIN] - Done running 10-clustering algorithm on generators!

INFO [2024-09-04 09:50:38] [MAIN] - Done adding thermal data! (run time : 0.4min).

INFO [2024-09-04 09:50:38] [MAIN] - Fetching battery data...

INFO [2024-09-04 09:50:38] [MAIN] - Aggregating identical batteries...
INFO [2024-09-04 09:50:38] [MAIN] - Running 10-clustering algorithm on batteries...
INFO [2024-09-04 09:50:43] [MAIN] - Done running 10-clustering algorithm on batteries!

INFO [2024-09-04 09:50:44] [MAIN] - Done adding battery data! (run time : 0.1min).

INFO [2024-09-04 09:50:44] [MAIN] - Adding lines between areas...

