INFO [2024-09-12 15:41:33] [MAIN] - Creating EU_full_agg__2024_09_12_15_41_33 study...

INFO [2024-09-12 15:41:33] [MAIN] - Initializing output folder...
INFO [2024-09-12 15:41:35] [MAIN] - Unit commitment mode : ACCURATE
INFO [2024-09-12 15:41:35] [MAIN] - Adding nodes...

INFO [2024-09-12 15:41:36] [NODES] - Adding eu-alb node...
INFO [2024-09-12 15:41:36] [NODES] - Adding eu-arm node...
INFO [2024-09-12 15:41:36] [NODES] - Adding eu-aut node...
INFO [2024-09-12 15:41:37] [NODES] - Adding eu-aze node...
INFO [2024-09-12 15:41:37] [NODES] - Adding eu-bel node...
INFO [2024-09-12 15:41:37] [NODES] - Adding eu-bgr node...
INFO [2024-09-12 15:41:37] [NODES] - Adding eu-bih node...
INFO [2024-09-12 15:41:37] [NODES] - Adding eu-blr node...
INFO [2024-09-12 15:41:37] [NODES] - Adding eu-che node...
INFO [2024-09-12 15:41:38] [NODES] - Adding eu-cyp node...
INFO [2024-09-12 15:41:38] [NODES] - Adding eu-cze node...
INFO [2024-09-12 15:41:38] [NODES] - Adding eu-deu node...
INFO [2024-09-12 15:41:38] [NODES] - Adding eu-dnk node...
INFO [2024-09-12 15:41:38] [NODES] - Adding eu-esp node...
INFO [2024-09-12 15:41:39] [NODES] - Adding eu-est node...
INFO [2024-09-12 15:41:39] [NODES] - Adding eu-fin node...
INFO [2024-09-12 15:41:39] [NODES] - Adding eu-fra node...
INFO [2024-09-12 15:41:40] [NODES] - Adding eu-gbr node...
INFO [2024-09-12 15:41:40] [NODES] - Adding eu-geo node...
INFO [2024-09-12 15:41:40] [NODES] - Adding eu-grc node...
INFO [2024-09-12 15:41:41] [NODES] - Adding eu-hrv node...
INFO [2024-09-12 15:41:41] [NODES] - Adding eu-hun node...
INFO [2024-09-12 15:41:41] [NODES] - Adding eu-irl node...
INFO [2024-09-12 15:41:41] [NODES] - Adding eu-isl node...
INFO [2024-09-12 15:41:42] [NODES] - Adding eu-ita node...
INFO [2024-09-12 15:41:42] [NODES] - Adding eu-kos node...
INFO [2024-09-12 15:41:42] [NODES] - Adding eu-ltu node...
INFO [2024-09-12 15:41:43] [NODES] - Adding eu-lux node...
INFO [2024-09-12 15:41:43] [NODES] - Adding eu-lva node...
INFO [2024-09-12 15:41:43] [NODES] - Adding eu-mda node...
INFO [2024-09-12 15:41:44] [NODES] - Adding eu-mkd node...
INFO [2024-09-12 15:41:44] [NODES] - Adding eu-mne node...
INFO [2024-09-12 15:41:44] [NODES] - Adding eu-nld node...
INFO [2024-09-12 15:41:45] [NODES] - Adding eu-nor node...
INFO [2024-09-12 15:41:45] [NODES] - Adding eu-pol node...
INFO [2024-09-12 15:41:45] [NODES] - Adding eu-prt node...
INFO [2024-09-12 15:41:46] [NODES] - Adding eu-rou node...
INFO [2024-09-12 15:41:46] [NODES] - Adding eu-srb node...
INFO [2024-09-12 15:41:47] [NODES] - Adding eu-svk node...
INFO [2024-09-12 15:41:47] [NODES] - Adding eu-svn node...
INFO [2024-09-12 15:41:47] [NODES] - Adding eu-swe node...
INFO [2024-09-12 15:41:48] [NODES] - Adding eu-ukr node...
INFO [2024-09-12 15:41:48] [MAIN] - Done adding nodes! (run time : 13.22s).

INFO [2024-09-12 15:41:48] [MAIN] - Adding districts...

INFO [2024-09-12 15:41:48] [DISTRICTS] - Creating global district...
INFO [2024-09-12 15:41:49] [DISTRICTS] - Done creating global district!
INFO [2024-09-12 15:41:49] [DISTRICTS] - Creating europe continental district...
INFO [2024-09-12 15:41:49] [DISTRICTS] - Done creating europe continental district!
INFO [2024-09-12 15:41:49] [MAIN] - Done adding districts! (run time : 1.14s).

INFO [2024-09-12 15:41:49] [MAIN] - Adding load data...

INFO [2024-09-12 15:41:50] [LOAD] - Adding eu-alb load data...
INFO [2024-09-12 15:41:50] [LOAD] - Adding eu-arm load data...
INFO [2024-09-12 15:41:51] [LOAD] - Adding eu-aut load data...
INFO [2024-09-12 15:41:51] [LOAD] - Adding eu-aze load data...
INFO [2024-09-12 15:41:51] [LOAD] - Adding eu-bel load data...
INFO [2024-09-12 15:41:51] [LOAD] - Adding eu-bgr load data...
INFO [2024-09-12 15:41:51] [LOAD] - Adding eu-bih load data...
INFO [2024-09-12 15:41:52] [LOAD] - Adding eu-blr load data...
INFO [2024-09-12 15:41:52] [LOAD] - Adding eu-che load data...
INFO [2024-09-12 15:41:52] [LOAD] - Adding eu-cyp load data...
INFO [2024-09-12 15:41:52] [LOAD] - Adding eu-cze load data...
INFO [2024-09-12 15:41:52] [LOAD] - Adding eu-deu load data...
INFO [2024-09-12 15:41:53] [LOAD] - Adding eu-dnk load data...
INFO [2024-09-12 15:41:53] [LOAD] - Adding eu-esp load data...
INFO [2024-09-12 15:41:53] [LOAD] - Adding eu-est load data...
INFO [2024-09-12 15:41:53] [LOAD] - Adding eu-fin load data...
INFO [2024-09-12 15:41:53] [LOAD] - Adding eu-fra load data...
INFO [2024-09-12 15:41:53] [LOAD] - Adding eu-gbr load data...
INFO [2024-09-12 15:41:54] [LOAD] - Adding eu-geo load data...
INFO [2024-09-12 15:41:54] [LOAD] - Adding eu-grc load data...
INFO [2024-09-12 15:41:54] [LOAD] - Adding eu-hrv load data...
INFO [2024-09-12 15:41:54] [LOAD] - Adding eu-hun load data...
INFO [2024-09-12 15:41:54] [LOAD] - Adding eu-irl load data...
INFO [2024-09-12 15:41:55] [LOAD] - Adding eu-isl load data...
INFO [2024-09-12 15:41:55] [LOAD] - Adding eu-ita load data...
INFO [2024-09-12 15:41:55] [LOAD] - Adding eu-kos load data...
INFO [2024-09-12 15:41:55] [LOAD] - Adding eu-ltu load data...
INFO [2024-09-12 15:41:55] [LOAD] - Adding eu-lux load data...
INFO [2024-09-12 15:41:56] [LOAD] - Adding eu-lva load data...
INFO [2024-09-12 15:41:56] [LOAD] - Adding eu-mda load data...
INFO [2024-09-12 15:41:56] [LOAD] - Adding eu-mkd load data...
INFO [2024-09-12 15:41:56] [LOAD] - Adding eu-mne load data...
INFO [2024-09-12 15:41:56] [LOAD] - Adding eu-nld load data...
INFO [2024-09-12 15:41:57] [LOAD] - Adding eu-nor load data...
INFO [2024-09-12 15:41:57] [LOAD] - Adding eu-pol load data...
INFO [2024-09-12 15:41:57] [LOAD] - Adding eu-prt load data...
INFO [2024-09-12 15:41:57] [LOAD] - Adding eu-rou load data...
INFO [2024-09-12 15:41:58] [LOAD] - Adding eu-srb load data...
INFO [2024-09-12 15:41:58] [LOAD] - Adding eu-svk load data...
INFO [2024-09-12 15:41:58] [LOAD] - Adding eu-svn load data...
INFO [2024-09-12 15:41:58] [LOAD] - Adding eu-swe load data...
INFO [2024-09-12 15:41:58] [LOAD] - Adding eu-ukr load data...
INFO [2024-09-12 15:41:59] [MAIN] - Done adding load data! (run time : 9.3s).

INFO [2024-09-12 15:41:59] [MAIN] - Fetching wind data...

INFO [2024-09-12 15:41:59] [WARN] - Skipped adding wind data for eu-alb (no generators found in PLEXOS).
INFO [2024-09-12 15:41:59] [WARN] - Skipped adding wind data for eu-arm (no generators found in PLEXOS).
INFO [2024-09-12 15:41:59] [WARN] - Skipped adding wind data for eu-aut (no generators found in PLEXOS).
INFO [2024-09-12 15:41:59] [WARN] - Skipped adding wind data for eu-aze (no generators found in PLEXOS).
INFO [2024-09-12 15:41:59] [WARN] - Skipped adding wind data for eu-bel (no generators found in PLEXOS).
INFO [2024-09-12 15:41:59] [WARN] - Skipped adding wind data for eu-bgr (no generators found in PLEXOS).
INFO [2024-09-12 15:41:59] [WARN] - Skipped adding wind data for eu-bih (no generators found in PLEXOS).
INFO [2024-09-12 15:41:59] [WARN] - Skipped adding wind data for eu-blr (no generators found in PLEXOS).
INFO [2024-09-12 15:41:59] [WARN] - Skipped adding wind data for eu-che (no generators found in PLEXOS).
INFO [2024-09-12 15:41:59] [WARN] - Skipped adding wind data for eu-cyp (no generators found in PLEXOS).
INFO [2024-09-12 15:41:59] [WARN] - Skipped adding wind data for eu-cze (no generators found in PLEXOS).
INFO [2024-09-12 15:41:59] [WARN] - Skipped adding wind data for eu-deu (no generators found in PLEXOS).
INFO [2024-09-12 15:41:59] [WARN] - Skipped adding wind data for eu-dnk (no generators found in PLEXOS).
INFO [2024-09-12 15:41:59] [WARN] - Skipped adding wind data for eu-esp (no generators found in PLEXOS).
INFO [2024-09-12 15:41:59] [WARN] - Skipped adding wind data for eu-est (no generators found in PLEXOS).
INFO [2024-09-12 15:41:59] [WARN] - Skipped adding wind data for eu-fin (no generators found in PLEXOS).
INFO [2024-09-12 15:41:59] [WARN] - Skipped adding wind data for eu-fra (no generators found in PLEXOS).
INFO [2024-09-12 15:41:59] [WARN] - Skipped adding wind data for eu-gbr (no generators found in PLEXOS).
INFO [2024-09-12 15:41:59] [WARN] - Skipped adding wind data for eu-geo (no generators found in PLEXOS).
INFO [2024-09-12 15:41:59] [WARN] - Skipped adding wind data for eu-grc (no generators found in PLEXOS).
INFO [2024-09-12 15:41:59] [WARN] - Skipped adding wind data for eu-hrv (no generators found in PLEXOS).
INFO [2024-09-12 15:41:59] [WARN] - Skipped adding wind data for eu-hun (no generators found in PLEXOS).
INFO [2024-09-12 15:41:59] [WARN] - Skipped adding wind data for eu-irl (no generators found in PLEXOS).
INFO [2024-09-12 15:41:59] [WARN] - Skipped adding wind data for eu-isl (no generators found in PLEXOS).
INFO [2024-09-12 15:41:59] [WARN] - Skipped adding wind data for eu-ita (no generators found in PLEXOS).
INFO [2024-09-12 15:41:59] [WARN] - Skipped adding wind data for eu-kos (no generators found in PLEXOS).
INFO [2024-09-12 15:41:59] [WARN] - Skipped adding wind data for eu-ltu (no generators found in PLEXOS).
INFO [2024-09-12 15:41:59] [WARN] - Skipped adding wind data for eu-lux (no generators found in PLEXOS).
INFO [2024-09-12 15:41:59] [WARN] - Skipped adding wind data for eu-lva (no generators found in PLEXOS).
INFO [2024-09-12 15:41:59] [WARN] - Skipped adding wind data for eu-mda (no generators found in PLEXOS).
INFO [2024-09-12 15:41:59] [WARN] - Skipped adding wind data for eu-mkd (no generators found in PLEXOS).
INFO [2024-09-12 15:41:59] [WARN] - Skipped adding wind data for eu-mne (no generators found in PLEXOS).
INFO [2024-09-12 15:41:59] [WARN] - Skipped adding wind data for eu-nld (no generators found in PLEXOS).
INFO [2024-09-12 15:41:59] [WARN] - Skipped adding wind data for eu-nor (no generators found in PLEXOS).
INFO [2024-09-12 15:41:59] [WARN] - Skipped adding wind data for eu-pol (no generators found in PLEXOS).
INFO [2024-09-12 15:41:59] [WARN] - Skipped adding wind data for eu-prt (no generators found in PLEXOS).
INFO [2024-09-12 15:41:59] [WARN] - Skipped adding wind data for eu-rou (no generators found in PLEXOS).
INFO [2024-09-12 15:41:59] [WARN] - Skipped adding wind data for eu-srb (no generators found in PLEXOS).
INFO [2024-09-12 15:41:59] [WARN] - Skipped adding wind data for eu-svk (no generators found in PLEXOS).
INFO [2024-09-12 15:41:59] [WARN] - Skipped adding wind data for eu-svn (no generators found in PLEXOS).
INFO [2024-09-12 15:41:59] [WARN] - Skipped adding wind data for eu-swe (no generators found in PLEXOS).
INFO [2024-09-12 15:41:59] [WARN] - Skipped adding wind data for eu-ukr (no generators found in PLEXOS).
INFO [2024-09-12 15:41:59] [WIND] - Saving aggregated wind data to output folder...
INFO [2024-09-12 15:41:59] [WARN] - The following generators have Ninja timeseries, but no PLEXOS properties: afg_win_capacity scaler, ago_win_capacity scaler, alb_win_capacity scaler, are_win_capacity scaler, arm_win_capacity scaler, chn-be_win_capacity scaler, chn-ch_win_capacity scaler, chn-hk_win_capacity scaler, chn-ma_win_capacity scaler, chn-ti_win_capacity scaler, ind-ea_win_capacity scaler, ind-ne_win_capacity scaler, jpn-ho_win_capacity scaler, jpn-ky_win_capacity scaler, jpn-ok_win_capacity scaler, rus-ce_win_capacity scaler, rus-fe_win_capacity scaler, rus-mv_win_capacity scaler, rus-nw_win_capacity scaler, rus-si_win_capacity scaler, rus-so_win_capacity scaler, rus-ur_win_capacity scaler, ata_win_capacity scaler, aze_win_capacity scaler, bdi_win_capacity scaler, ben_win_capacity scaler, bfa_win_capacity scaler, bgd_win_capacity scaler, bhr_win_capacity scaler, bih_win_capacity scaler, blr_win_capacity scaler, bol_win_capacity scaler, brn_win_capacity scaler, btn_win_capacity scaler, bwa_win_capacity scaler, caf_win_capacity scaler, civ_win_capacity scaler, cmr_win_capacity scaler, cod_win_capacity scaler, cog_win_capacity scaler, cub_win_capacity scaler, dji_win_capacity scaler, dza_win_capacity scaler, eri_win_capacity scaler, esh_win_capacity scaler, fji_win_capacity scaler, gab_win_capacity scaler, gbr_win_capacity scaler, geo_win_capacity scaler, gha_win_capacity scaler, gin_win_capacity scaler, gmb_win_capacity scaler, gnb_win_capacity scaler, gnq_win_capacity scaler, gtm_win_capacity scaler, guf_win_capacity scaler, idn_win_capacity scaler, irq_win_capacity scaler, isl_win_capacity scaler, isr_win_capacity scaler, jam_win_capacity scaler, ken_win_capacity scaler, kgz_win_capacity scaler, khm_win_capacity scaler, kos_win_capacity scaler, kwt_win_capacity scaler, lao_win_capacity scaler, lbn_win_capacity scaler, lbr_win_capacity scaler, lby_win_capacity scaler, lka_win_capacity scaler, lso_win_capacity scaler, mda_win_capacity scaler, mdg_win_capacity scaler, mkd_win_capacity scaler, mli_win_capacity scaler, mmr_win_capacity scaler, mne_win_capacity scaler, mng_win_capacity scaler, moz_win_capacity scaler, mrt_win_capacity scaler, mus_win_capacity scaler, mwi_win_capacity scaler, mys_win_capacity scaler, can-ab_win_capacity scaler, can-ar_win_capacity scaler, can-bc_win_capacity scaler, can-mb_win_capacity scaler, can-nl_win_capacity scaler, can-no_win_capacity scaler, can-on_win_capacity scaler, can-qc_win_capacity scaler, can-sk_win_capacity scaler, nam_win_capacity scaler, usa-ak_win_capacity scaler, usa-fr_win_capacity scaler, usa-gu_win_capacity scaler, usa-ha_win_capacity scaler, usa-me_win_capacity scaler, usa-pr_win_capacity scaler, usa-sa_win_capacity scaler, usa-sc_win_capacity scaler, usa-se_win_capacity scaler, usa-sv_win_capacity scaler, ner_win_capacity scaler, nga_win_capacity scaler, npl_win_capacity scaler, aus-nt_win_capacity scaler, aus-ql_win_capacity scaler, aus-sa_win_capacity scaler, aus-sw_win_capacity scaler, aus-ta_win_capacity scaler, aus-vi_win_capacity scaler, aus-wa_win_capacity scaler, omn_win_capacity scaler, pak_win_capacity scaler, png_win_capacity scaler, prk_win_capacity scaler, prt_win_capacity scaler, pry_win_capacity scaler, qat_win_capacity scaler, rwa_win_capacity scaler, bra-cn_win_capacity scaler, bra-cw_win_capacity scaler, bra-nw_win_capacity scaler, bra-se_win_capacity scaler, bra-we_win_capacity scaler, sau_win_capacity scaler, sdn_win_capacity scaler, sen_win_capacity scaler, sgp_win_capacity scaler, sle_win_capacity scaler, slv_win_capacity scaler, srb_win_capacity scaler, svk_win_capacity scaler, svn_win_capacity scaler, swz_win_capacity scaler, syr_win_capacity scaler, tgo_win_capacity scaler, tha_win_capacity scaler, tjk_win_capacity scaler, tkm_win_capacity scaler, tto_win_capacity scaler, tza_win_capacity scaler, uga_win_capacity scaler, ury_win_capacity scaler, uzb_win_capacity scaler, yem_win_capacity scaler, zaf_win_capacity scaler, zmb_win_capacity scaler, zwe_win_capacity scaler
INFO [2024-09-12 15:41:59] [WARN] - Nominal capacities are unknown, so they cannot be imported into the simulation.
INFO [2024-09-12 15:42:08] [MAIN] - Starting acc_test simulation...
INFO [2024-09-12 15:43:34] [MAIN] - Antares simulation finished! (run time : 1.43min).
 

