INFO [2024-09-03 17:22:50] [MAIN] - Creating Deane_CHEDEUFRA-noActivateTS__2024_09_03_17_22_50 study...

INFO [2024-09-03 17:22:50] [MAIN] - Unit commitment mode : ACCURATE
INFO [2024-09-03 17:22:51] [MAIN] - Adding nodes...

INFO [2024-09-03 17:22:55] [NODES] - Adding EU-CHE node...
INFO [2024-09-03 17:22:55] [NODES] - Adding EU-DEU node...
INFO [2024-09-03 17:22:56] [NODES] - Adding EU-FRA node...
INFO [2024-09-03 17:22:56] [MAIN] - Done adding nodes! (run time : 5.36s).

INFO [2024-09-03 17:22:56] [MAIN] - Adding districts...

INFO [2024-09-03 17:22:57] [DISTRICTS] - Creating global district...
INFO [2024-09-03 17:22:57] [DISTRICTS] - Done creating global district!
INFO [2024-09-03 17:22:57] [DISTRICTS] - Creating europe continental district...
INFO [2024-09-03 17:22:58] [DISTRICTS] - Done creating europe continental district!
INFO [2024-09-03 17:22:58] [MAIN] - Done adding districts! (run time : 1.81s).

INFO [2024-09-03 17:22:58] [MAIN] - Adding load data...

INFO [2024-09-03 17:23:01] [LOAD] - Adding EU-CHE load data...
INFO [2024-09-03 17:23:01] [LOAD] - Adding EU-DEU load data...
INFO [2024-09-03 17:23:01] [LOAD] - Adding EU-FRA load data...
INFO [2024-09-03 17:23:01] [MAIN] - Done adding load data! (run time : 3.52s).

INFO [2024-09-03 17:23:02] [MAIN] - Fetching wind data...

INFO [2024-09-03 17:23:02] [WIND] - Adding EU-CHE aggregated wind data...
INFO [2024-09-03 17:23:02] [WIND] - Adding EU-DEU aggregated wind data...
INFO [2024-09-03 17:23:02] [WIND] - Adding EU-FRA aggregated wind data...
INFO [2024-09-03 17:23:02] [MAIN] - Done adding wind data! (run time : 0.45s).

INFO [2024-09-03 17:23:02] [MAIN] - Fetching solar data...

INFO [2024-09-03 17:23:02] [SOLAR] - Adding EU-CHE aggregated solar data...
INFO [2024-09-03 17:23:02] [SOLAR] - Adding EU-DEU aggregated solar data...
INFO [2024-09-03 17:23:02] [SOLAR] - Adding EU-FRA aggregated solar data...
INFO [2024-09-03 17:23:03] [MAIN] - Done adding solar data! (run time : 0.45s).

INFO [2024-09-03 17:23:03] [MAIN] - Beginning hydro implementation...
INFO [2024-09-03 17:23:04] [HYDRO] - Initializing EU-CHE hydro parameters...
INFO [2024-09-03 17:23:05] [HYDRO] - Adding EU-CHE max power timeseries...
