INFO [2024-08-05 09:53:58] [MAIN] - Creating Etude_sur_R_Monde__2024_08_05_09_53_58 study...

INFO [2024-08-05 09:53:58] [MAIN] - Adding nodes...

INFO [2024-08-05 09:53:59] [NODES] - Adding EU-CHE node...
INFO [2024-08-05 09:53:59] [NODES] - Adding EU-DEU node...
INFO [2024-08-05 09:54:00] [NODES] - Adding EU-FRA node...
INFO [2024-08-05 09:54:00] [MAIN] - Done adding nodes! (run time : 1.8s).

INFO [2024-08-05 09:54:00] [MAIN] - Adding load data...

INFO [2024-08-05 09:54:01] [LOAD] - Adding EU-CHE load data...
INFO [2024-08-05 09:54:01] [LOAD] - Adding EU-DEU load data...
INFO [2024-08-05 09:54:02] [LOAD] - Adding EU-FRA load data...
INFO [2024-08-05 09:54:02] [MAIN] - Done adding load data! (run time : 1.72s).

INFO [2024-08-05 09:54:02] [MAIN] - Fetching wind data...

INFO [2024-08-05 09:54:02] [WIND] - Adding EU-CHE aggregated wind data...
INFO [2024-08-05 09:54:02] [WIND] - Adding EU-DEU aggregated wind data...
INFO [2024-08-05 09:54:02] [WIND] - Adding EU-FRA aggregated wind data...
INFO [2024-08-05 09:54:02] [MAIN] - Done adding wind data! (run time : 0.26s).

INFO [2024-08-05 09:54:02] [MAIN] - Fetching solar data...

INFO [2024-08-05 09:54:02] [SOLAR] - Adding EU-CHE aggregated solar data...
INFO [2024-08-05 09:54:02] [SOLAR] - Adding EU-DEU aggregated solar data...
INFO [2024-08-05 09:54:02] [SOLAR] - Adding EU-FRA aggregated solar data...
INFO [2024-08-05 09:54:02] [MAIN] - Done adding solar data! (run time : 0.21s).

INFO [2024-08-05 09:54:02] [MAIN] - Beginning hydro implementation...
INFO [2024-08-05 09:54:03] [HYDRO] - Initializing EU-CHE hydro parameters...
INFO [2024-08-05 09:54:03] [HYDRO] - Adding EU-CHE hydro profiles...
INFO [2024-08-05 09:54:04] [HYDRO] - Initializing EU-DEU hydro parameters...
INFO [2024-08-05 09:54:04] [HYDRO] - Adding EU-DEU hydro profiles...
INFO [2024-08-05 09:54:04] [HYDRO] - Initializing EU-FRA hydro parameters...
INFO [2024-08-05 09:54:05] [HYDRO] - Adding EU-FRA hydro profiles...
INFO [2024-08-05 09:54:05] [MAIN] - Done adding hydro!
INFO [2024-08-05 09:54:05] [MAIN] - Adding lines between areas...

INFO [2024-08-05 09:54:06] [LINES] - Adding EU-CHE to EU-DEU line...
INFO [2024-08-05 09:54:06] [LINES] - Adding EU-CHE to EU-FRA line...
INFO [2024-08-05 09:54:06] [LINES] - Adding EU-DEU to EU-FRA line...
INFO [2024-08-05 09:54:06] [MAIN] - Done adding lines! (run time : 1.17s).

INFO [2024-08-05 09:54:06] [MAIN] - Finished setting up Antares study! (run time : 0.14min).
 

INFO [2024-08-05 09:54:06] [MAIN] - Starting simulation__2024_08_05_09_54_06 simulation...
INFO [2024-08-05 09:54:16] [MAIN] - Antares simulation finished! (run time : 0.16min).
 

INFO [2024-08-05 09:54:16] [MAIN] - Opening latest simulation...
