INFO [2024-09-10 09:48:31] [MAIN] - Reading simulations of pre-existing v2_20clu__2024_09_04_22_33_36 study...
INFO [2024-09-10 09:48:32] [MAIN] - Opening 20240905-0707eco-world_vOutages_accurateUCM simulation...
INFO [2024-09-10 09:48:32] [MAIN] - Preparing to save global production stack...
INFO [2024-09-10 09:48:37] [MAIN] - Done saving global production stack! (run time : 5.67s).

INFO [2024-09-10 09:48:37] [MAIN] - Preparing to save continental production stacks...
INFO [2024-09-10 09:48:38] [STACK] - Saving production stack for africa continent...
INFO [2024-09-10 09:48:42] [STACK] - The daily production stack for africa from 2015-01-01 to 2015-12-31 has been saved!
INFO [2024-09-10 09:48:42] [STACK] - Saving production stack for asia continent...
INFO [2024-09-10 09:48:47] [STACK] - The daily production stack for asia from 2015-01-01 to 2015-12-31 has been saved!
INFO [2024-09-10 09:48:47] [STACK] - Saving production stack for europe continent...
INFO [2024-09-10 09:48:55] [STACK] - The daily production stack for europe from 2015-01-01 to 2015-12-31 has been saved!
INFO [2024-09-10 09:48:55] [STACK] - Saving production stack for north america continent...
INFO [2024-09-10 09:48:59] [STACK] - The daily production stack for north america from 2015-01-01 to 2015-12-31 has been saved!
INFO [2024-09-10 09:48:59] [STACK] - Saving production stack for oceania continent...
INFO [2024-09-10 09:49:06] [STACK] - The daily production stack for oceania from 2015-01-01 to 2015-12-31 has been saved!
INFO [2024-09-10 09:49:06] [STACK] - Saving production stack for south america continent...
INFO [2024-09-10 09:49:13] [STACK] - The daily production stack for south america from 2015-01-01 to 2015-12-31 has been saved!
INFO [2024-09-10 09:49:13] [MAIN] - Done saving continental production stacks! (run time : 35.95s).

INFO [2024-09-10 09:49:13] [MAIN] - Preparing to save national production stacks...
INFO [2024-09-10 09:49:15] [STACK] - Saving production stack for af-ago country...
INFO [2024-09-10 09:49:20] [STACK] - The daily production stack for af-ago from 2015-01-01 to 2015-12-31 has been saved!
INFO [2024-09-10 09:49:20] [STACK] - Saving production stack for af-bdi country...
INFO [2024-09-10 09:49:25] [STACK] - The daily production stack for af-bdi from 2015-01-01 to 2015-12-31 has been saved!
INFO [2024-09-10 09:49:25] [STACK] - Saving production stack for af-ben country...
INFO [2024-09-10 09:49:28] [STACK] - The daily production stack for af-ben from 2015-01-01 to 2015-12-31 has been saved!
INFO [2024-09-10 09:49:28] [STACK] - Saving production stack for af-bfa country...
INFO [2024-09-10 09:49:33] [STACK] - The daily production stack for af-bfa from 2015-01-01 to 2015-12-31 has been saved!
INFO [2024-09-10 09:49:33] [STACK] - Saving production stack for af-bwa country...
INFO [2024-09-10 09:49:41] [STACK] - The daily production stack for af-bwa from 2015-01-01 to 2015-12-31 has been saved!
INFO [2024-09-10 09:49:41] [STACK] - Saving production stack for af-caf country...
INFO [2024-09-10 09:49:45] [STACK] - The daily production stack for af-caf from 2015-01-01 to 2015-12-31 has been saved!
INFO [2024-09-10 09:49:45] [STACK] - Saving production stack for af-civ country...
INFO [2024-09-10 09:49:49] [STACK] - The daily production stack for af-civ from 2015-01-01 to 2015-12-31 has been saved!
INFO [2024-09-10 09:49:49] [STACK] - Saving production stack for af-cmr country...
INFO [2024-09-10 09:49:55] [STACK] - The daily production stack for af-cmr from 2015-01-01 to 2015-12-31 has been saved!
INFO [2024-09-10 09:49:55] [STACK] - Saving production stack for af-cod country...
INFO [2024-09-10 09:49:59] [STACK] - The daily production stack for af-cod from 2015-01-01 to 2015-12-31 has been saved!
INFO [2024-09-10 09:49:59] [STACK] - Saving production stack for af-cog country...
INFO [2024-09-10 09:50:03] [STACK] - The daily production stack for af-cog from 2015-01-01 to 2015-12-31 has been saved!
INFO [2024-09-10 09:50:03] [STACK] - Saving production stack for af-cpv country...
INFO [2024-09-10 09:50:09] [STACK] - The daily production stack for af-cpv from 2015-01-01 to 2015-12-31 has been saved!
INFO [2024-09-10 09:50:09] [STACK] - Saving production stack for af-dji country...
INFO [2024-09-10 09:50:12] [STACK] - The daily production stack for af-dji from 2015-01-01 to 2015-12-31 has been saved!
INFO [2024-09-10 09:50:12] [STACK] - Saving production stack for af-dza country...
INFO [2024-09-10 09:50:16] [STACK] - The daily production stack for af-dza from 2015-01-01 to 2015-12-31 has been saved!
INFO [2024-09-10 09:50:17] [STACK] - Saving production stack for af-egy country...
INFO [2024-09-10 09:50:21] [STACK] - The daily production stack for af-egy from 2015-01-01 to 2015-12-31 has been saved!
INFO [2024-09-10 09:50:21] [STACK] - Saving production stack for af-eri country...
INFO [2024-09-10 09:50:25] [STACK] - The daily production stack for af-eri from 2015-01-01 to 2015-12-31 has been saved!
INFO [2024-09-10 09:50:25] [STACK] - Saving production stack for af-esh country...
INFO [2024-09-10 09:50:29] [STACK] - The daily production stack for af-esh from 2015-01-01 to 2015-12-31 has been saved!
INFO [2024-09-10 09:50:30] [STACK] - Saving production stack for af-eth country...
INFO [2024-09-10 09:50:34] [STACK] - The daily production stack for af-eth from 2015-01-01 to 2015-12-31 has been saved!
INFO [2024-09-10 09:50:34] [STACK] - Saving production stack for af-gab country...
INFO [2024-09-10 09:50:40] [STACK] - The daily production stack for af-gab from 2015-01-01 to 2015-12-31 has been saved!
INFO [2024-09-10 09:50:40] [STACK] - Saving production stack for af-gha country...
