INFO [2024-08-14 14:16:35] [MAIN] - Creating Deane_Beta_Deu_Agg__2024_08_14_14_16_34 study...

INFO [2024-08-14 14:16:35] [MAIN] - Unit commitment mode : FAST
INFO [2024-08-14 14:16:35] [MAIN] - Adding nodes...

INFO [2024-08-14 14:16:36] [NODES] - Adding EU-DEU node...
INFO [2024-08-14 14:16:37] [MAIN] - Done adding nodes! (run time : 1.92s).

INFO [2024-08-14 14:16:37] [MAIN] - Adding load data...

INFO [2024-08-14 14:16:38] [LOAD] - Adding EU-DEU load data...
INFO [2024-08-14 14:16:38] [MAIN] - Done adding load data! (run time : 1.67s).

INFO [2024-08-14 14:16:38] [MAIN] - Fetching wind data...

INFO [2024-08-14 14:16:39] [WIND] - Adding EU-DEU aggregated wind data...
INFO [2024-08-14 14:16:39] [MAIN] - Done adding wind data! (run time : 0.1s).

INFO [2024-08-14 14:16:39] [MAIN] - Fetching solar data...

INFO [2024-08-14 14:16:39] [SOLAR] - Adding EU-DEU aggregated solar data...
INFO [2024-08-14 14:16:39] [MAIN] - Done adding solar data! (run time : 0.19s).

INFO [2024-08-14 14:16:39] [MAIN] - Beginning hydro implementation...
INFO [2024-08-14 14:16:40] [HYDRO] - Initializing EU-DEU hydro parameters...
INFO [2024-08-14 14:16:40] [HYDRO] - Adding EU-DEU max power timeseries...
INFO [2024-08-14 14:16:41] [HYDRO] - Adding EU-DEU hydro profiles...
INFO [2024-08-14 14:16:41] [MAIN] - Done adding hydro!
INFO [2024-08-14 14:16:41] [MAIN] - Fetching thermal data...

INFO [2024-08-14 14:16:42] [THERMAL] - Adding DEU_GAS_KESSEL211371 generator to EU-DEU node...
INFO [2024-08-14 14:16:42] [THERMAL] - Adding DEU_GAS_ERWEITERUNGENE11099 generator to EU-DEU node...
INFO [2024-08-14 14:16:42] [THERMAL] - Adding DEU_GAS_HKWBADSALZUNG11195 generator to EU-DEU node...
INFO [2024-08-14 14:16:42] [THERMAL] - Adding DEU_GAS_BHKWHAUFFSTRA10912 generator to EU-DEU node...
INFO [2024-08-14 14:16:43] [THERMAL] - Adding DEU_GAS_HEIZKRAFTWERK511262 generator to EU-DEU node...
INFO [2024-08-14 14:16:43] [THERMAL] - Adding DEU_GAS_BHKWANKLINKER10911_PLWERKLAGE11560 generator to EU-DEU node...
INFO [2024-08-14 14:16:43] [THERMAL] - Adding DEU_GAS_PWG11567 generator to EU-DEU node...
INFO [2024-08-14 14:16:43] [THERMAL] - Adding DEU_GAS_BIOMASSGENERAT10958 generator to EU-DEU node...
INFO [2024-08-14 14:16:43] [THERMAL] - Adding DEU_GAS_ENERGIEZENTRALE11091 generator to EU-DEU node...
INFO [2024-08-14 14:16:43] [THERMAL] - Adding DEU_GAS_ENERGIEZENTRALE11090 generator to EU-DEU node...
INFO [2024-08-14 14:16:43] [THERMAL] - Adding DEU_GAS_INDUSTRIEKRAFTW11332_PLWERKAPPELD11556_STEINITZ11714 generator to EU-DEU node...
INFO [2024-08-14 14:16:43] [THERMAL] - Adding DEU_GAS_INDUSTRIEKRAFTW11334 generator to EU-DEU node...
INFO [2024-08-14 14:16:43] [THERMAL] - Adding DEU_GAS_COGENERATION11014 generator to EU-DEU node...
INFO [2024-08-14 14:16:43] [THERMAL] - Adding DEU_GAS_HKWKARCHERSTR_11215 generator to EU-DEU node...
INFO [2024-08-14 14:16:44] [THERMAL] - Adding DEU_GAS_BHKWLUDWIGSHAF10909 generator to EU-DEU node...
INFO [2024-08-14 14:16:44] [THERMAL] - Adding DEU_GAS_HEIZKRAFTWERKK11272_KRAFTWERKMEGGL11404 generator to EU-DEU node...
INFO [2024-08-14 14:16:44] [THERMAL] - Adding DEU_GAS_KNPFKAGEV11343 generator to EU-DEU node...
INFO [2024-08-14 14:16:44] [THERMAL] - Adding DEU_GAS_HKWWEST11241 generator to EU-DEU node...
INFO [2024-08-14 14:16:44] [THERMAL] - Adding DEU_GAS_BHKW10907_GUDANLAGEDREW11129 generator to EU-DEU node...
INFO [2024-08-14 14:16:44] [THERMAL] - Adding DEU_GAS_BHKWOBEREVIEH10910_GHD11122 generator to EU-DEU node...
INFO [2024-08-14 14:16:44] [THERMAL] - Adding DEU_GAS_EGGERKRAFTWERK11073_HKWBOHRHGEL11197_KWKKHEIDELBERG11359_STW11652 generator to EU-DEU node...
INFO [2024-08-14 14:16:44] [THERMAL] - Adding DEU_GAS_KWKANLAGEKREF11358_MTDREN11459 generator to EU-DEU node...
INFO [2024-08-14 14:16:44] [THERMAL] - Adding DEU_GAS_HKWHELMSHGE11190 generator to EU-DEU node...
INFO [2024-08-14 14:16:44] [THERMAL] - Adding DEU_GAS_KESSELHAUSZUCK11373 generator to EU-DEU node...
INFO [2024-08-14 14:16:45] [THERMAL] - Adding DEU_GAS_HKWMERKENICH11218 generator to EU-DEU node...
INFO [2024-08-14 14:16:45] [THERMAL] - Adding DEU_GAS_HKWMERHEIM11217 generator to EU-DEU node...
INFO [2024-08-14 14:16:45] [THERMAL] - Adding DEU_GAS_HEIZKRAFTWERKE11265 generator to EU-DEU node...
INFO [2024-08-14 14:16:45] [THERMAL] - Adding DEU_GAS_BHKWH_12010908 generator to EU-DEU node...
INFO [2024-08-14 14:16:45] [THERMAL] - Adding DEU_GAS_GUDKRAFTWERK11181 generator to EU-DEU node...
INFO [2024-08-14 14:16:45] [THERMAL] - Adding DEU_GAS_HEIZKRAFTWERK411261_KWKANLAGEBARB11356 generator to EU-DEU node...
INFO [2024-08-14 14:16:46] [THERMAL] - Adding DEU_GAS_HEIZKRAFTWERKZ11282 generator to EU-DEU node...
INFO [2024-08-14 14:16:46] [THERMAL] - Adding DEU_GAS_NATURALGASTUR11504 generator to EU-DEU node...
INFO [2024-08-14 14:16:46] [THERMAL] - Adding DEU_GAS_HKWGTTINGEN11207 generator to EU-DEU node...
INFO [2024-08-14 14:16:46] [THERMAL] - Adding DEU_GAS_FSKARTON11105 generator to EU-DEU node...
INFO [2024-08-14 14:16:46] [THERMAL] - Adding DEU_GAS_SIGMUNDSHALL11684 generator to EU-DEU node...
INFO [2024-08-14 14:16:46] [THERMAL] - Adding DEU_GAS_NATURALGASTUR11501 generator to EU-DEU node...
INFO [2024-08-14 14:16:46] [THERMAL] - Adding DEU_GAS_WERKSKRAFTWERK11804 generator to EU-DEU node...
INFO [2024-08-14 14:16:47] [THERMAL] - Adding DEU_GAS_BOCHUM10983 generator to EU-DEU node...
INFO [2024-08-14 14:16:47] [THERMAL] - Adding DEU_GAS_ENERGIEZENTRUM11092_HEIZKRAFTWERKS11278 generator to EU-DEU node...
INFO [2024-08-14 14:16:47] [THERMAL] - Adding DEU_GAS_HEIZKRAFTWERKB11264_HKWWIESENGRUND11237 generator to EU-DEU node...
INFO [2024-08-14 14:16:47] [THERMAL] - Adding DEU_GAS_HEIZKRAFTWERK111258 generator to EU-DEU node...
INFO [2024-08-14 14:16:47] [THERMAL] - Adding DEU_GAS_HKWSCHWERINLA11230 generator to EU-DEU node...
INFO [2024-08-14 14:16:47] [THERMAL] - Adding DEU_GAS_HKW111191 generator to EU-DEU node...
INFO [2024-08-14 14:16:48] [THERMAL] - Adding DEU_GAS_NATURALGASMOTO11510 generator to EU-DEU node...
INFO [2024-08-14 14:16:48] [THERMAL] - Adding DEU_GAS_HBB11188_INEOSKRAFTWERK11321 generator to EU-DEU node...
INFO [2024-08-14 14:16:48] [THERMAL] - Adding DEU_GAS_HKW211193 generator to EU-DEU node...
INFO [2024-08-14 14:16:48] [THERMAL] - Adding DEU_GAS_HKWNORD11240 generator to EU-DEU node...
INFO [2024-08-14 14:16:48] [THERMAL] - Adding DEU_GAS_KWKANLAGEKREF11357 generator to EU-DEU node...
INFO [2024-08-14 14:16:48] [THERMAL] - Adding DEU_GAS_DORTMUND11046 generator to EU-DEU node...
INFO [2024-08-14 14:16:48] [THERMAL] - Adding DEU_GAS_HKWSCHWARZA11229_IHKWHEIDENHEIM11315 generator to EU-DEU node...
INFO [2024-08-14 14:16:49] [THERMAL] - Adding DEU_GAS_HKWFREIBERG11206_XKRAFTWERK11843 generator to EU-DEU node...
INFO [2024-08-14 14:16:49] [THERMAL] - Adding DEU_GAS_NATURALGASTUR11500 generator to EU-DEU node...
INFO [2024-08-14 14:16:49] [THERMAL] - Adding DEU_GAS_HKWERLANGENN11204 generator to EU-DEU node...
INFO [2024-08-14 14:16:49] [THERMAL] - Adding DEU_GAS_NATURALGASTUR11505 generator to EU-DEU node...
INFO [2024-08-14 14:16:49] [THERMAL] - Adding DEU_GAS_UPMAUGSBURG11753 generator to EU-DEU node...
INFO [2024-08-14 14:16:49] [THERMAL] - Adding DEU_GAS_HKW1WERKOFFS11192 generator to EU-DEU node...
INFO [2024-08-14 14:16:50] [THERMAL] - Adding DEU_GAS_KWKAOSGMBH11353 generator to EU-DEU node...
INFO [2024-08-14 14:16:50] [THERMAL] - Adding DEU_GAS_HKWHUMBOLDTSTR11210 generator to EU-DEU node...
INFO [2024-08-14 14:16:50] [THERMAL] - Adding DEU_GAS_RAGANTHRAZITI11596 generator to EU-DEU node...
INFO [2024-08-14 14:16:50] [THERMAL] - Adding DEU_GAS_UNTERBREIZBACH11760 generator to EU-DEU node...
INFO [2024-08-14 14:16:50] [THERMAL] - Adding DEU_GAS_KRAFTWERK211393 generator to EU-DEU node...
INFO [2024-08-14 14:16:50] [THERMAL] - Adding DEU_GAS_EVCGLOBALFOU11064 generator to EU-DEU node...
INFO [2024-08-14 14:16:51] [THERMAL] - Adding DEU_GAS_HKWSDSTADT11232 generator to EU-DEU node...
INFO [2024-08-14 14:16:51] [THERMAL] - Adding DEU_GAS_HKWBRANDENBURG11198_HKWPFAFFENWALD11224_NATURALGASTUR11502 generator to EU-DEU node...
INFO [2024-08-14 14:16:51] [THERMAL] - Adding DEU_GAS_HEIZKRAFTWERKW11280 generator to EU-DEU node...
INFO [2024-08-14 14:16:51] [THERMAL] - Adding DEU_GAS_GUDKRAFTWERKH11172 generator to EU-DEU node...
INFO [2024-08-14 14:16:51] [THERMAL] - Adding DEU_GAS_INDUSTRIEKRAFTW11333 generator to EU-DEU node...
INFO [2024-08-14 14:16:52] [THERMAL] - Adding DEU_GAS_NATURALGASU_11507 generator to EU-DEU node...
INFO [2024-08-14 14:16:52] [THERMAL] - Adding DEU_GAS_KRAFTWERKGRENZ11398_SPITZENLASTKRAF11705 generator to EU-DEU node...
INFO [2024-08-14 14:16:52] [THERMAL] - Adding DEU_GAS_HKWFENNEGRUB11205 generator to EU-DEU node...
INFO [2024-08-14 14:16:52] [THERMAL] - Adding DEU_GAS_HKWHILTROP11209 generator to EU-DEU node...
INFO [2024-08-14 14:16:52] [THERMAL] - Adding DEU_GAS_HKWSCHWERINS11231 generator to EU-DEU node...
INFO [2024-08-14 14:16:53] [THERMAL] - Adding DEU_GAS_NATURALGASKRAF11509 generator to EU-DEU node...
INFO [2024-08-14 14:16:53] [THERMAL] - Adding DEU_GAS_KOMBIKRAFTWERK11389 generator to EU-DEU node...
INFO [2024-08-14 14:16:53] [THERMAL] - Adding DEU_GAS_GUDANLAGE11177 generator to EU-DEU node...
INFO [2024-08-14 14:16:53] [THERMAL] - Adding DEU_GAS_INDUSTRIEPARKW11335 generator to EU-DEU node...
INFO [2024-08-14 14:16:53] [THERMAL] - Adding DEU_GAS_EMDENNATURALG11086_KOMBIHKW11388 generator to EU-DEU node...
INFO [2024-08-14 14:16:54] [THERMAL] - Adding DEU_GAS_NATURALGASTUR11506 generator to EU-DEU node...
INFO [2024-08-14 14:16:54] [THERMAL] - Adding DEU_GAS_GUDLEUNA11173_ZIELITZ11850 generator to EU-DEU node...
INFO [2024-08-14 14:16:54] [THERMAL] - Adding DEU_GAS_HATTORF11252 generator to EU-DEU node...
INFO [2024-08-14 14:16:54] [THERMAL] - Adding DEU_GAS_HEIZKRAFTWERKP11276 generator to EU-DEU node...
INFO [2024-08-14 14:16:55] [THERMAL] - Adding DEU_GAS_HKWELTMANN11201 generator to EU-DEU node...
INFO [2024-08-14 14:16:55] [THERMAL] - Adding DEU_GAS_HKWCHEMNITZN11199 generator to EU-DEU node...
INFO [2024-08-14 14:16:55] [THERMAL] - Adding DEU_GAS_HKWWRTH11238 generator to EU-DEU node...
INFO [2024-08-14 14:16:55] [THERMAL] - Adding DEU_GAS_PKVKRAFTWERK11563 generator to EU-DEU node...
INFO [2024-08-14 14:16:55] [THERMAL] - Adding DEU_GAS_GUDANLAGEWVK11169 generator to EU-DEU node...
INFO [2024-08-14 14:16:56] [THERMAL] - Adding DEU_GAS_HEIZKRAFTWERKA11263_HKW3UPMSCHONG11242 generator to EU-DEU node...
INFO [2024-08-14 14:16:56] [THERMAL] - Adding DEU_GAS_BPWERKLINGEN10921_INDUSTRIEKRAFTW11331 generator to EU-DEU node...
INFO [2024-08-14 14:16:56] [THERMAL] - Adding DEU_GAS_GUDHKWNEUBRAN11179 generator to EU-DEU node...
INFO [2024-08-14 14:16:56] [THERMAL] - Adding DEU_GAS_GUDBAUNATALV11170 generator to EU-DEU node...
INFO [2024-08-14 14:16:56] [THERMAL] - Adding DEU_GAS_SDDT111723 generator to EU-DEU node...
INFO [2024-08-14 14:16:57] [THERMAL] - Adding DEU_GAS_HKWPOTSDAMS11225 generator to EU-DEU node...
INFO [2024-08-14 14:16:57] [THERMAL] - Adding DEU_GAS_HKWBARMEN11196 generator to EU-DEU node...
INFO [2024-08-14 14:16:57] [THERMAL] - Adding DEU_GAS_HOLTHAUSEN11299 generator to EU-DEU node...
INFO [2024-08-14 14:16:57] [THERMAL] - Adding DEU_GAS_GTKWDARMSTADT11128 generator to EU-DEU node...
INFO [2024-08-14 14:16:58] [THERMAL] - Adding DEU_GAS_HEIZKRAFTWERKK11271_HEIZKRAFTWERKS11277 generator to EU-DEU node...
INFO [2024-08-14 14:16:58] [THERMAL] - Adding DEU_GAS_ADSANLAGE10872 generator to EU-DEU node...
INFO [2024-08-14 14:16:58] [THERMAL] - Adding DEU_GAS_KRAFTWERKPLATT11408 generator to EU-DEU node...
INFO [2024-08-14 14:16:58] [THERMAL] - Adding DEU_GAS_HKWWEST11235 generator to EU-DEU node...
INFO [2024-08-14 14:16:58] [THERMAL] - Adding DEU_GAS_GUD11168_OBERNBURG11543 generator to EU-DEU node...
INFO [2024-08-14 14:16:59] [THERMAL] - Adding DEU_GAS_HEIZKRAFTWERKH11268 generator to EU-DEU node...
INFO [2024-08-14 14:16:59] [THERMAL] - Adding DEU_GAS_KWH11352 generator to EU-DEU node...
INFO [2024-08-14 14:16:59] [THERMAL] - Adding DEU_GAS_GUDBITTERFELD11171 generator to EU-DEU node...
INFO [2024-08-14 14:16:59] [THERMAL] - Adding DEU_GAS_GUDMARIENEHE11174_HKWMERKENICH11219 generator to EU-DEU node...
INFO [2024-08-14 14:17:00] [THERMAL] - Adding DEU_GAS_HKWERFURTOST11202 generator to EU-DEU node...
INFO [2024-08-14 14:17:00] [THERMAL] - Adding DEU_GAS_WINTERSHALL11830 generator to EU-DEU node...
INFO [2024-08-14 14:17:00] [THERMAL] - Adding DEU_GAS_GUDANLAGERS11178 generator to EU-DEU node...
INFO [2024-08-14 14:17:01] [THERMAL] - Adding DEU_GAS_GUDSCHWARZHEID11175_HEIZKRAFTWERKE11283 generator to EU-DEU node...
INFO [2024-08-14 14:17:01] [THERMAL] - Adding DEU_GAS_HKWNIEDERRAD11220 generator to EU-DEU node...
INFO [2024-08-14 14:17:01] [THERMAL] - Adding DEU_GAS_GUDTIEFSTACK11176 generator to EU-DEU node...
INFO [2024-08-14 14:17:01] [THERMAL] - Adding DEU_GAS_SDDT6011724 generator to EU-DEU node...
INFO [2024-08-14 14:17:01] [THERMAL] - Adding DEU_GAS_GUDIKWSTAFU11180 generator to EU-DEU node...
INFO [2024-08-14 14:17:02] [THERMAL] - Adding DEU_GAS_ILKGUD11320 generator to EU-DEU node...
INFO [2024-08-14 14:17:02] [THERMAL] - Adding DEU_GAS_HKWMITTE11239 generator to EU-DEU node...
INFO [2024-08-14 14:17:02] [THERMAL] - Adding DEU_GAS_KRAFTWERKIII11401 generator to EU-DEU node...
INFO [2024-08-14 14:17:02] [THERMAL] - Adding DEU_GAS_HEIZKRAFTWERKG11267 generator to EU-DEU node...
INFO [2024-08-14 14:17:03] [THERMAL] - Adding DEU_GAS_AHRENSFELDE10881_HKWSANDREUTH11228 generator to EU-DEU node...
INFO [2024-08-14 14:17:03] [THERMAL] - Adding DEU_GAS_HEIZKRAFTWERK211259 generator to EU-DEU node...
INFO [2024-08-14 14:17:03] [THERMAL] - Adding DEU_GAS_KIRCHMSER11375 generator to EU-DEU node...
INFO [2024-08-14 14:17:03] [THERMAL] - Adding DEU_GAS_HEIZKRAFTWERKL11273 generator to EU-DEU node...
INFO [2024-08-14 14:17:04] [THERMAL] - Adding DEU_GAS_DOWSTADE11047 generator to EU-DEU node...
INFO [2024-08-14 14:17:04] [THERMAL] - Adding DEU_GAS_DAMPFKRAFTWERK11027 generator to EU-DEU node...
INFO [2024-08-14 14:17:04] [THERMAL] - Adding DEU_GAS_HKWJENA11213 generator to EU-DEU node...
INFO [2024-08-14 14:17:04] [THERMAL] - Adding DEU_GAS_KWKIRCHLENGERN11345 generator to EU-DEU node...
INFO [2024-08-14 14:17:05] [THERMAL] - Adding DEU_GAS_HKWNIEHL211221 generator to EU-DEU node...
INFO [2024-08-14 14:17:05] [THERMAL] - Adding DEU_GAS_LICHTERFELDE11438 generator to EU-DEU node...
INFO [2024-08-14 14:17:05] [THERMAL] - Adding DEU_GAS_KRAFTWERKMAINZ11403 generator to EU-DEU node...
INFO [2024-08-14 14:17:05] [THERMAL] - Adding DEU_GAS_NATURALGASTUR11503 generator to EU-DEU node...
INFO [2024-08-14 14:17:05] [THERMAL] - Adding DEU_GAS_MITTE11480 generator to EU-DEU node...
INFO [2024-08-14 14:17:06] [THERMAL] - Adding DEU_GAS_SDGT6111725 generator to EU-DEU node...
INFO [2024-08-14 14:17:06] [THERMAL] - Adding DEU_GAS_GKL11124_HEIZKRAFTWERKH11269 generator to EU-DEU node...
INFO [2024-08-14 14:17:06] [THERMAL] - Adding DEU_GAS_KRAFTWERKMITTE11405 generator to EU-DEU node...
INFO [2024-08-14 14:17:06] [THERMAL] - Adding DEU_GAS_HKWHALLETROTH11208 generator to EU-DEU node...
INFO [2024-08-14 14:17:07] [THERMAL] - Adding DEU_GAS_HKWDRESDENNOS11200 generator to EU-DEU node...
INFO [2024-08-14 14:17:07] [THERMAL] - Adding DEU_GAS_HKWIIIB11212 generator to EU-DEU node...
INFO [2024-08-14 14:17:07] [THERMAL] - Adding DEU_GAS_FRANKEN111114 generator to EU-DEU node...
INFO [2024-08-14 14:17:07] [THERMAL] - Adding DEU_GAS_TRIANELNATURAL11743 generator to EU-DEU node...
INFO [2024-08-14 14:17:08] [THERMAL] - Adding DEU_GAS_NATURALGASBLOC11508 generator to EU-DEU node...
INFO [2024-08-14 14:17:08] [THERMAL] - Adding DEU_GAS_DORMAGEN11044 generator to EU-DEU node...
INFO [2024-08-14 14:17:08] [THERMAL] - Adding DEU_GAS_THYROW11738 generator to EU-DEU node...
INFO [2024-08-14 14:17:09] [THERMAL] - Adding DEU_GAS_HUCKINGEN11302 generator to EU-DEU node...
INFO [2024-08-14 14:17:09] [THERMAL] - Adding DEU_GAS_KNAPSACKNATURA11383 generator to EU-DEU node...
INFO [2024-08-14 14:17:09] [THERMAL] - Adding DEU_GAS_DUISBURGRUHROR11050 generator to EU-DEU node...
INFO [2024-08-14 14:17:09] [THERMAL] - Adding DEU_GAS_CHARLOTTENBURG11010 generator to EU-DEU node...
INFO [2024-08-14 14:17:10] [THERMAL] - Adding DEU_GAS_HUNTORF11306 generator to EU-DEU node...
INFO [2024-08-14 14:17:10] [THERMAL] - Adding DEU_GAS_GERSTEINWERK11141 generator to EU-DEU node...
INFO [2024-08-14 14:17:10] [THERMAL] - Adding DEU_GAS_GEMEINSCHAFTSKR11138 generator to EU-DEU node...
INFO [2024-08-14 14:17:10] [THERMAL] - Adding DEU_GAS_RHEINHAFENDAMP11618 generator to EU-DEU node...
INFO [2024-08-14 14:17:11] [THERMAL] - Adding DEU_GAS_EMSLAND11088 generator to EU-DEU node...
INFO [2024-08-14 14:17:11] [THERMAL] - Adding DEU_GAS_CAPACITY SCALER generator to EU-DEU node...
INFO [2024-08-14 14:17:11] [THERMAL] - Adding DEU_GAS_DUISBURGHAMBOR11049 generator to EU-DEU node...
INFO [2024-08-14 14:17:12] [THERMAL] - Adding DEU_GAS_KRAFTWERKSD11411 generator to EU-DEU node...
INFO [2024-08-14 14:17:12] [THERMAL] - Adding DEU_COA_KESSEL411372 generator to EU-DEU node...
INFO [2024-08-14 14:17:12] [THERMAL] - Adding DEU_COA_KRAFTWERK11391 generator to EU-DEU node...
INFO [2024-08-14 14:17:12] [THERMAL] - Adding DEU_COA_HKWKARCHERSTR_11214 generator to EU-DEU node...
INFO [2024-08-14 14:17:13] [THERMAL] - Adding DEU_COA_KOHLEKRAFTWERK11387 generator to EU-DEU node...
INFO [2024-08-14 14:17:13] [THERMAL] - Adding DEU_COA_PLWERKEUSKIR11557 generator to EU-DEU node...
INFO [2024-08-14 14:17:13] [THERMAL] - Adding DEU_COA_FORTUNANORD11113 generator to EU-DEU node...
INFO [2024-08-14 14:17:14] [THERMAL] - Adding DEU_COA_HKWERLANGENC11203 generator to EU-DEU node...
INFO [2024-08-14 14:17:14] [THERMAL] - Adding DEU_COA_COALPLANT111015 generator to EU-DEU node...
INFO [2024-08-14 14:17:14] [THERMAL] - Adding DEU_COA_COALPLANT211016_EZ111066 generator to EU-DEU node...
INFO [2024-08-14 14:17:15] [THERMAL] - Adding DEU_COA_RENODEMEDICI11608 generator to EU-DEU node...
INFO [2024-08-14 14:17:15] [THERMAL] - Adding DEU_COA_PLWERKKNNE11559 generator to EU-DEU node...
INFO [2024-08-14 14:17:15] [THERMAL] - Adding DEU_COA_HEIZKRAFTWERKM11274 generator to EU-DEU node...
INFO [2024-08-14 14:17:15] [THERMAL] - Adding DEU_COA_HEIZKRAFTWERKS11279 generator to EU-DEU node...
INFO [2024-08-14 14:17:16] [THERMAL] - Adding DEU_COA_PLWERKJLIC11558 generator to EU-DEU node...
INFO [2024-08-14 14:17:16] [THERMAL] - Adding DEU_COA_HEIZKRAFTWERKD11281 generator to EU-DEU node...
INFO [2024-08-14 14:17:16] [THERMAL] - Adding DEU_COA_KRAFTWERKL5711402 generator to EU-DEU node...
INFO [2024-08-14 14:17:17] [THERMAL] - Adding DEU_COA_PFORZHEIMPOWER11577 generator to EU-DEU node...
INFO [2024-08-14 14:17:17] [THERMAL] - Adding DEU_COA_HKWSACHTLEBEN11226 generator to EU-DEU node...
INFO [2024-08-14 14:17:17] [THERMAL] - Adding DEU_COA_WAEHLITZPOWER11778 generator to EU-DEU node...
INFO [2024-08-14 14:17:18] [THERMAL] - Adding DEU_COA_FKK11104 generator to EU-DEU node...
INFO [2024-08-14 14:17:18] [THERMAL] - Adding DEU_COA_HEIZKRAFTWERKF11266 generator to EU-DEU node...
INFO [2024-08-14 14:17:18] [THERMAL] - Adding DEU_COA_DESSAUPOWERST11037_GRUBENHEIZKRAFT11165 generator to EU-DEU node...
INFO [2024-08-14 14:17:19] [THERMAL] - Adding DEU_COA_HUERTHVILLE11303 generator to EU-DEU node...
INFO [2024-08-14 14:17:19] [THERMAL] - Adding DEU_COA_HKWOFFENBACHP11295 generator to EU-DEU node...
INFO [2024-08-14 14:17:19] [THERMAL] - Adding DEU_COA_CHEMNITZNORDP11012 generator to EU-DEU node...
INFO [2024-08-14 14:17:19] [THERMAL] - Adding DEU_COA_HKWNORD11222 generator to EU-DEU node...
INFO [2024-08-14 14:17:20] [THERMAL] - Adding DEU_COA_BUERPOWERSTAT11001 generator to EU-DEU node...
INFO [2024-08-14 14:17:20] [THERMAL] - Adding DEU_COA_COTTBUSCHPPOW11019 generator to EU-DEU node...
INFO [2024-08-14 14:17:20] [THERMAL] - Adding DEU_COA_COLOGNEMERKENI11018 generator to EU-DEU node...
INFO [2024-08-14 14:17:21] [THERMAL] - Adding DEU_COA_INDUSTRIEKRAFT11330 generator to EU-DEU node...
INFO [2024-08-14 14:17:21] [THERMAL] - Adding DEU_COA_WUPPERTALELBER11838 generator to EU-DEU node...
INFO [2024-08-14 14:17:21] [THERMAL] - Adding DEU_COA_DEUBENPOWERST11040 generator to EU-DEU node...
INFO [2024-08-14 14:17:22] [THERMAL] - Adding DEU_COA_BERLINMOABITP10938 generator to EU-DEU node...
INFO [2024-08-14 14:17:22] [THERMAL] - Adding DEU_COA_HKWI11211 generator to EU-DEU node...
INFO [2024-08-14 14:17:22] [THERMAL] - Adding DEU_COA_GKRAFTWERK11121 generator to EU-DEU node...
INFO [2024-08-14 14:17:23] [THERMAL] - Adding DEU_COA_KRAFTWERKN23011406 generator to EU-DEU node...
INFO [2024-08-14 14:17:23] [THERMAL] - Adding DEU_COA_WACHTBERGPOWER11777 generator to EU-DEU node...
INFO [2024-08-14 14:17:23] [THERMAL] - Adding DEU_COA_HASTEDTPOWERS11251 generator to EU-DEU node...
INFO [2024-08-14 14:17:24] [THERMAL] - Adding DEU_COA_HKWWEST11234 generator to EU-DEU node...
INFO [2024-08-14 14:17:24] [THERMAL] - Adding DEU_COA_BERLINREUTERP10939 generator to EU-DEU node...
INFO [2024-08-14 14:17:24] [THERMAL] - Adding DEU_COA_CHEMIEPARKMARL11011 generator to EU-DEU node...
INFO [2024-08-14 14:17:25] [THERMAL] - Adding DEU_COA_HKWWEST11233 generator to EU-DEU node...
INFO [2024-08-14 14:17:25] [THERMAL] - Adding DEU_COA_KRAFTWERKWERDO11414 generator to EU-DEU node...
INFO [2024-08-14 14:17:25] [THERMAL] - Adding DEU_COA_STUTTGARTMUENS11720 generator to EU-DEU node...
INFO [2024-08-14 14:17:26] [THERMAL] - Adding DEU_COA_KIELPOWERSTAT11374 generator to EU-DEU node...
INFO [2024-08-14 14:17:26] [THERMAL] - Adding DEU_COA_KLINGENBERG11380 generator to EU-DEU node...
INFO [2024-08-14 14:17:26] [THERMAL] - Adding DEU_COA_NORD211529 generator to EU-DEU node...
INFO [2024-08-14 14:17:27] [THERMAL] - Adding DEU_COA_BREMENFARGEPO10995 generator to EU-DEU node...
INFO [2024-08-14 14:17:27] [THERMAL] - Adding DEU_COA_BUSCHHAUSPOWER11002 generator to EU-DEU node...
INFO [2024-08-14 14:17:27] [THERMAL] - Adding DEU_COA_MODELLKRAFTWERK11483 generator to EU-DEU node...
INFO [2024-08-14 14:17:28] [THERMAL] - Adding DEU_COA_TIEFSTACKPOWER11739 generator to EU-DEU node...
INFO [2024-08-14 14:17:28] [THERMAL] - Adding DEU_COA_KRAFTWERKENSDO11396 generator to EU-DEU node...
INFO [2024-08-14 14:17:28] [THERMAL] - Adding DEU_COA_FLENSBURGPOWER11111 generator to EU-DEU node...
INFO [2024-08-14 14:17:29] [THERMAL] - Adding DEU_COA_HKWNORDWEST11223 generator to EU-DEU node...
INFO [2024-08-14 14:17:29] [THERMAL] - Adding DEU_COA_HEIZKRAFTWERK311260 generator to EU-DEU node...
INFO [2024-08-14 14:17:29] [THERMAL] - Adding DEU_COA_KWWEST11350 generator to EU-DEU node...
INFO [2024-08-14 14:17:30] [THERMAL] - Adding DEU_COA_HAFENPOWERSTA11244 generator to EU-DEU node...
INFO [2024-08-14 14:17:30] [THERMAL] - Adding DEU_COA_WEIHER11796 generator to EU-DEU node...
INFO [2024-08-14 14:17:30] [THERMAL] - Adding DEU_COA_KWM11360_SCHOLVENPOWER11669 generator to EU-DEU node...
INFO [2024-08-14 14:17:31] [THERMAL] - Adding DEU_COA_LNENPOWERST11449 generator to EU-DEU node...
INFO [2024-08-14 14:17:31] [THERMAL] - Adding DEU_COA_BERGKAMENPOWER10936 generator to EU-DEU node...
INFO [2024-08-14 14:17:32] [THERMAL] - Adding DEU_COA_KRAFTWERKBEXBA11395 generator to EU-DEU node...
INFO [2024-08-14 14:17:32] [THERMAL] - Adding DEU_COA_HERNEPOWERSTA11288 generator to EU-DEU node...
INFO [2024-08-14 14:17:32] [THERMAL] - Adding DEU_COA_TRIANELKOHLEKR11742 generator to EU-DEU node...
INFO [2024-08-14 14:17:33] [THERMAL] - Adding DEU_COA_WILHELMSHAVENP11817 generator to EU-DEU node...
INFO [2024-08-14 14:17:33] [THERMAL] - Adding DEU_COA_ALTBACHPOWERS10887 generator to EU-DEU node...
INFO [2024-08-14 14:17:33] [THERMAL] - Adding DEU_COA_ROSTOCKPOWERS11638 generator to EU-DEU node...
INFO [2024-08-14 14:17:34] [THERMAL] - Adding DEU_COA_RHEINHAFENDAMP11617 generator to EU-DEU node...
INFO [2024-08-14 14:17:34] [THERMAL] - Adding DEU_COA_HEILBRONNPOWER11255 generator to EU-DEU node...
INFO [2024-08-14 14:17:34] [THERMAL] - Adding DEU_COA_WEDELPOWERSTA11793 generator to EU-DEU node...
INFO [2024-08-14 14:17:35] [THERMAL] - Adding DEU_COA_WESTFALEN11811 generator to EU-DEU node...
INFO [2024-08-14 14:17:35] [THERMAL] - Adding DEU_COA_IBBENBRENBP11323 generator to EU-DEU node...
INFO [2024-08-14 14:17:36] [THERMAL] - Adding DEU_COA_HAMBURGMOORBUR11247 generator to EU-DEU node...
INFO [2024-08-14 14:17:36] [THERMAL] - Adding DEU_COA_WALHEIMPOWERS11787 generator to EU-DEU node...
INFO [2024-08-14 14:17:36] [THERMAL] - Adding DEU_COA_GKHHANNOVERPO11123 generator to EU-DEU node...
INFO [2024-08-14 14:17:37] [THERMAL] - Adding DEU_COA_KWVOERDE11348 generator to EU-DEU node...
INFO [2024-08-14 14:17:37] [THERMAL] - Adding DEU_COA_JANSCHWALDEPOW11338 generator to EU-DEU node...
INFO [2024-08-14 14:17:37] [THERMAL] - Adding DEU_COA_GKMMANNHEIM11125 generator to EU-DEU node...
INFO [2024-08-14 14:17:38] [THERMAL] - Adding DEU_COA_FRIMMERSDORFPO11118 generator to EU-DEU node...
INFO [2024-08-14 14:17:38] [THERMAL] - Adding DEU_COA_BERLINREUTERW10940 generator to EU-DEU node...
INFO [2024-08-14 14:17:39] [THERMAL] - Adding DEU_COA_STAUDINGERPOWE11709 generator to EU-DEU node...
INFO [2024-08-14 14:17:39] [THERMAL] - Adding DEU_COA_NIEDERAUSSEMPO11527 generator to EU-DEU node...
INFO [2024-08-14 14:17:39] [THERMAL] - Adding DEU_COA_BOXBERGPOWERS10989 generator to EU-DEU node...
INFO [2024-08-14 14:17:40] [THERMAL] - Adding DEU_COA_BRAUNKOHLEKRAFT10993_HEYDENPOWERST11292_LIPPENDORFPOWE11441 generator to EU-DEU node...
INFO [2024-08-14 14:17:40] [THERMAL] - Adding DEU_COA_NEURATHPOWERS11521 generator to EU-DEU node...
INFO [2024-08-14 14:17:41] [THERMAL] - Adding DEU_COA_KRAFTWERKII11400 generator to EU-DEU node...
INFO [2024-08-14 14:17:41] [THERMAL] - Adding DEU_COA_BOA210982_KWWALSUM11349_SCHKOPAUPOWER11665_SCHWARZEPUMPE11673_WEISWEILERPOWE1179 generator to EU-DEU node...
INFO [2024-08-14 14:17:41] [THERMAL] - Adding DEU_BIO_BLOCKHEIZKRAFTW10981 generator to EU-DEU node...
INFO [2024-08-14 14:17:42] [THERMAL] - Adding DEU_WAS_ZWSF11844 generator to EU-DEU node...
INFO [2024-08-14 14:17:42] [THERMAL] - Adding DEU_WAS_BIOMASSGENERAT10951 generator to EU-DEU node...
INFO [2024-08-14 14:17:42] [THERMAL] - Adding DEU_WAS_MHKWWKW11452 generator to EU-DEU node...
INFO [2024-08-14 14:17:43] [THERMAL] - Adding DEU_WAS_AVAGMBH10875_MLLHEIZKRAFTW11492_PDENERGYGMBH11561_RESTMLLHEIZKR11613 generator to EU-DEU node...
INFO [2024-08-14 14:17:43] [THERMAL] - Adding DEU_BIO_BIOMASSGENERAT10954 generator to EU-DEU node...
INFO [2024-08-14 14:17:44] [THERMAL] - Adding DEU_BIO_BIOMASSGENERAT10966 generator to EU-DEU node...
INFO [2024-08-14 14:17:44] [THERMAL] - Adding DEU_BIO_BIOMASSEHEIZKR10970_HKWALTENSTADT11194 generator to EU-DEU node...
INFO [2024-08-14 14:17:44] [THERMAL] - Adding DEU_WAS_BIOMASSEHEIZKRA10973_EEWGPPINGEN11061_RESTABFALLBEHAN11611 generator to EU-DEU node...
INFO [2024-08-14 14:17:45] [THERMAL] - Adding DEU_BIO_BIOMASSGENERAT10962 generator to EU-DEU node...
INFO [2024-08-14 14:17:45] [THERMAL] - Adding DEU_WAS_AHKWNEUNKIRCHE10873_BIOMASSGENERAT10950_HEIZKRAFTWERKK11270_KLRANLAGE11381_WASTE generator to EU-DEU node...
INFO [2024-08-14 14:17:46] [THERMAL] - Adding DEU_BIO_BIOMASSGENERAT10967_KWKGTERSLOH11354 generator to EU-DEU node...
INFO [2024-08-14 14:17:46] [THERMAL] - Adding DEU_BIO_HEIZKRAFTWERKP11275 generator to EU-DEU node...
INFO [2024-08-14 14:17:46] [THERMAL] - Adding DEU_BIO_BIOMASSGENERAT10965_BKF10913 generator to EU-DEU node...
INFO [2024-08-14 14:17:47] [THERMAL] - Adding DEU_WAS_AMKABFALLENT10874_IHKWANDERNACH11314_MHKWBURGKIRCHE11453 generator to EU-DEU node...
INFO [2024-08-14 14:17:47] [THERMAL] - Adding DEU_BIO_BIOMASSGENERAT10959_BMKWFLRSHEIM10918 generator to EU-DEU node...
INFO [2024-08-14 14:17:48] [THERMAL] - Adding DEU_BIO_BIOMASSGENERAT10948 generator to EU-DEU node...
INFO [2024-08-14 14:17:48] [THERMAL] - Adding DEU_BIO_BIOHKWI10947 generator to EU-DEU node...
INFO [2024-08-14 14:17:49] [THERMAL] - Adding DEU_BIO_UPMSCHWEDT11755 generator to EU-DEU node...
INFO [2024-08-14 14:17:49] [THERMAL] - Adding DEU_WAS_BEG10906_TREABREISGAU11726 generator to EU-DEU node...
INFO [2024-08-14 14:17:50] [THERMAL] - Adding DEU_BIO_BIOHKWHERBREC10945_BIOMASSGENERAT10968_BMHKWRERECKLI10915 generator to EU-DEU node...
INFO [2024-08-14 14:17:50] [THERMAL] - Adding DEU_WAS_EVE11065_MHKWPIRMASENS11456_MLLHEIZKRAFTW11491_MVAHAMM11461 generator to EU-DEU node...
INFO [2024-08-14 14:17:51] [THERMAL] - Adding DEU_BIO_BMHKWBINDERHOL10914 generator to EU-DEU node...
INFO [2024-08-14 14:17:51] [THERMAL] - Adding DEU_WAS_AVAVELSEN10876_BIOMASSGENERAT10949_MHKWMAINZ11455_THERMISCHEABFA11735 generator to EU-DEU node...
INFO [2024-08-14 14:17:51] [THERMAL] - Adding DEU_BIO_KWKNEUMARKT11355 generator to EU-DEU node...
INFO [2024-08-14 14:17:52] [THERMAL] - Adding DEU_BIO_BIOMASSGENERAT10957 generator to EU-DEU node...
INFO [2024-08-14 14:17:52] [THERMAL] - Adding DEU_BIO_UTB11756 generator to EU-DEU node...
INFO [2024-08-14 14:17:53] [THERMAL] - Adding DEU_WAS_EBSHKWROSTOCK11056_STEINBEISENERG11713 generator to EU-DEU node...
INFO [2024-08-14 14:17:53] [THERMAL] - Adding DEU_BIO_HHKWBERLINNEU11189 generator to EU-DEU node...
INFO [2024-08-14 14:17:54] [THERMAL] - Adding DEU_BIO_WERKSKRAFTWERK11803 generator to EU-DEU node...
INFO [2024-08-14 14:17:54] [THERMAL] - Adding DEU_BIO_BMKWKNIGSWU10919 generator to EU-DEU node...
INFO [2024-08-14 14:17:55] [THERMAL] - Adding DEU_WAS_HKWSANDREUTH11227 generator to EU-DEU node...
INFO [2024-08-14 14:17:55] [THERMAL] - Adding DEU_BIO_BMKWMANNHEIM10920 generator to EU-DEU node...
INFO [2024-08-14 14:17:56] [THERMAL] - Adding DEU_BIO_EGGERKRAFTWERK11072 generator to EU-DEU node...
INFO [2024-08-14 14:17:56] [THERMAL] - Adding DEU_BIO_BIOMASSEHEIZKRA10972_BIOMASSEKRAFTWE10974 generator to EU-DEU node...
INFO [2024-08-14 14:17:57] [THERMAL] - Adding DEU_BIO_BIOMASSGENERAT10960 generator to EU-DEU node...
INFO [2024-08-14 14:17:57] [THERMAL] - Adding DEU_BIO_BMKWBERGKAMEN10917 generator to EU-DEU node...
INFO [2024-08-14 14:17:58] [THERMAL] - Adding DEU_BIO_BIOENERGIEPARK10946 generator to EU-DEU node...
INFO [2024-08-14 14:17:58] [THERMAL] - Adding DEU_WAS_HAMBURGERRIEGE11248 generator to EU-DEU node...
INFO [2024-08-14 14:17:59] [THERMAL] - Adding DEU_BIO_ENERGIEANLAGE311089 generator to EU-DEU node...
INFO [2024-08-14 14:17:59] [THERMAL] - Adding DEU_BIO_BIOMASSGENERAT10969 generator to EU-DEU node...
INFO [2024-08-14 14:17:59] [THERMAL] - Adding DEU_WAS_RESTMLLHEIZK11612 generator to EU-DEU node...
INFO [2024-08-14 14:18:00] [THERMAL] - Adding DEU_BIO_BIOMASSGENERAT10963 generator to EU-DEU node...
INFO [2024-08-14 14:18:00] [THERMAL] - Adding DEU_BIO_BIOMASSGENERAT10964 generator to EU-DEU node...
INFO [2024-08-14 14:18:01] [THERMAL] - Adding DEU_BIO_BIOMASSEVERSTR10971_BIOMASSGENERAT10956_BMKLNEN10916_EMDENBIOMASSE11085_ENERTRAG generator to EU-DEU node...
INFO [2024-08-14 14:18:01] [THERMAL] - Adding DEU_WAS_ABFALLENTSORGUN10878 generator to EU-DEU node...
INFO [2024-08-14 14:18:02] [THERMAL] - Adding DEU_BIO_WERKSKRAFTWERK11805 generator to EU-DEU node...
INFO [2024-08-14 14:18:02] [THERMAL] - Adding DEU_WAS_EEWENERGYFROM11059_EEWGRORSCH11060_TURBOSATZ111747 generator to EU-DEU node...
INFO [2024-08-14 14:18:03] [THERMAL] - Adding DEU_WAS_GKS11126_MVAWEISWEILER11463_MVRMLLVERWER11464_REMONDISTHERMI11597 generator to EU-DEU node...
INFO [2024-08-14 14:18:03] [THERMAL] - Adding DEU_WAS_SITAABFALLVERW11649 generator to EU-DEU node...
INFO [2024-08-14 14:18:04] [THERMAL] - Adding DEU_WAS_MVAINGOLSTADT11462 generator to EU-DEU node...
INFO [2024-08-14 14:18:04] [THERMAL] - Adding DEU_WAS_FHKWLUDWIGSHAF11103 generator to EU-DEU node...
INFO [2024-08-14 14:18:05] [THERMAL] - Adding DEU_BIO_BIOMASSGENERAT10953 generator to EU-DEU node...
INFO [2024-08-14 14:18:05] [THERMAL] - Adding DEU_WAS_KRAFTWERKSCHWE11410 generator to EU-DEU node...
INFO [2024-08-14 14:18:06] [THERMAL] - Adding DEU_WAS_IKWRDERSDORF11318_MLLHEIZKRAFTW11493_RZRHERTENII11599 generator to EU-DEU node...
INFO [2024-08-14 14:18:06] [THERMAL] - Adding DEU_WAS_ENERTECHAMELN11093 generator to EU-DEU node...
INFO [2024-08-14 14:18:07] [THERMAL] - Adding DEU_BIO_WIBIEBRICH11814 generator to EU-DEU node...
INFO [2024-08-14 14:18:07] [THERMAL] - Adding DEU_WAS_EBKWKNAPSACK11055_KWHAFEN11344_MKVAKREFELD11458_TREALEUNA11727 generator to EU-DEU node...
INFO [2024-08-14 14:18:08] [THERMAL] - Adding DEU_WAS_MVABIELEFELD11460 generator to EU-DEU node...
INFO [2024-08-14 14:18:09] [THERMAL] - Adding DEU_WAS_DAMPFTURBINENAN11028 generator to EU-DEU node...
INFO [2024-08-14 14:18:09] [THERMAL] - Adding DEU_WAS_REUTERWASTEFA11615 generator to EU-DEU node...
INFO [2024-08-14 14:18:10] [THERMAL] - Adding DEU_WAS_KARNAP11365_TRVBUSCHHAUS11728 generator to EU-DEU node...
INFO [2024-08-14 14:18:10] [THERMAL] - Adding DEU_BIO_BIOMASSGENERAT10955 generator to EU-DEU node...
INFO [2024-08-14 14:18:11] [THERMAL] - Adding DEU_WAS_MHKW11451 generator to EU-DEU node...
INFO [2024-08-14 14:18:11] [THERMAL] - Adding DEU_WAS_HKWMANNHEIM11216_RMVAKLN11598 generator to EU-DEU node...
INFO [2024-08-14 14:18:12] [THERMAL] - Adding DEU_WAS_DT11026_MLLKRAFTWERK11494 generator to EU-DEU node...
INFO [2024-08-14 14:18:12] [THERMAL] - Adding DEU_BIO_BIOMASSGENERAT10961 generator to EU-DEU node...
INFO [2024-08-14 14:18:13] [THERMAL] - Adding DEU_WAS_MHKWROTHENSEE11457 generator to EU-DEU node...
INFO [2024-08-14 14:18:13] [THERMAL] - Adding DEU_BIO_SCAMANNHEIM11648 generator to EU-DEU node...
INFO [2024-08-14 14:18:13] [THERMAL] - Adding DEU_WAS_GMVANIEDERRHEI11127 generator to EU-DEU node...
INFO [2024-08-14 14:18:14] [THERMAL] - Adding DEU_WAS_MHKWFRANKFURT11454 generator to EU-DEU node...
INFO [2024-08-14 14:18:15] [THERMAL] - Adding DEU_BIO_STORAENSOMAXA11716 generator to EU-DEU node...
INFO [2024-08-14 14:18:15] [THERMAL] - Adding DEU_BIO_ZELLSTOFFSTEND11847 generator to EU-DEU node...
INFO [2024-08-14 14:18:16] [THERMAL] - Adding DEU_BIO_ZOLLINGPOWERS11851 generator to EU-DEU node...
