INFO [2024-08-05 11:17:43] [MAIN] - Creating Etude_sur_R_Monde__2024_08_05_11_17_43 study...

INFO [2024-08-05 11:17:44] [MAIN] - Adding nodes...

INFO [2024-08-05 11:17:45] [NODES] - Adding EU-CHE node...
INFO [2024-08-05 11:17:46] [NODES] - Adding EU-DEU node...
INFO [2024-08-05 11:17:46] [NODES] - Adding EU-FRA node...
INFO [2024-08-05 11:17:46] [MAIN] - Done adding nodes! (run time : 2.57s).

INFO [2024-08-05 11:17:46] [MAIN] - Adding load data...

INFO [2024-08-05 11:17:48] [LOAD] - Adding EU-CHE load data...
INFO [2024-08-05 11:17:48] [LOAD] - Adding EU-DEU load data...
INFO [2024-08-05 11:17:48] [LOAD] - Adding EU-FRA load data...
INFO [2024-08-05 11:17:48] [MAIN] - Done adding load data! (run time : 1.57s).

INFO [2024-08-05 11:17:48] [MAIN] - Fetching wind data...

INFO [2024-08-05 11:17:48] [WIND] - Adding EU-CHE aggregated wind data...
INFO [2024-08-05 11:17:48] [WIND] - Adding EU-DEU aggregated wind data...
INFO [2024-08-05 11:17:48] [WIND] - Adding EU-FRA aggregated wind data...
INFO [2024-08-05 11:17:48] [MAIN] - Done adding wind data! (run time : 0.36s).

INFO [2024-08-05 11:17:48] [MAIN] - Fetching solar data...

INFO [2024-08-05 11:17:48] [SOLAR] - Adding EU-CHE aggregated solar data...
INFO [2024-08-05 11:17:49] [SOLAR] - Adding EU-DEU aggregated solar data...
INFO [2024-08-05 11:17:49] [SOLAR] - Adding EU-FRA aggregated solar data...
INFO [2024-08-05 11:17:49] [MAIN] - Done adding solar data! (run time : 0.35s).

INFO [2024-08-05 11:17:49] [MAIN] - Fetching thermal data...

INFO [2024-08-05 11:17:52] [THERMAL] - Adding CHE_COA_CAPACITY SCALER generator to EU-CHE node...
INFO [2024-08-05 11:17:52] [THERMAL] - Adding CHE_GAS_CAPACITY SCALER generator to EU-CHE node...
INFO [2024-08-05 11:17:53] [THERMAL] - Adding CHE_NUC_KERNKRAFTWERKB17760 generator to EU-CHE node...
INFO [2024-08-05 11:17:53] [THERMAL] - Adding CHE_NUC_KERNKRAFTWERKG17761 generator to EU-CHE node...
INFO [2024-08-05 11:17:53] [THERMAL] - Adding CHE_NUC_KERNKRAFTWERKL17762 generator to EU-CHE node...
INFO [2024-08-05 11:17:53] [THERMAL] - Adding CHE_NUC_KERNKRAFTWERKM17763 generator to EU-CHE node...
INFO [2024-08-05 11:17:53] [THERMAL] - Adding DEU_COA_ALTBACHPOWERS10887 generator to EU-DEU node...
INFO [2024-08-05 11:17:53] [THERMAL] - Adding DEU_COA_BERGKAMENPOWER10936 generator to EU-DEU node...
INFO [2024-08-05 11:17:53] [THERMAL] - Adding DEU_COA_BERLINMOABITP10938 generator to EU-DEU node...
INFO [2024-08-05 11:17:53] [THERMAL] - Adding DEU_COA_BERLINREUTERP10939 generator to EU-DEU node...
INFO [2024-08-05 11:17:53] [THERMAL] - Adding DEU_COA_BERLINREUTERW10940 generator to EU-DEU node...
INFO [2024-08-05 11:17:54] [THERMAL] - Adding DEU_COA_BOA210982 generator to EU-DEU node...
INFO [2024-08-05 11:17:54] [THERMAL] - Adding DEU_COA_BOXBERGPOWERS10989 generator to EU-DEU node...
INFO [2024-08-05 11:17:54] [THERMAL] - Adding DEU_COA_BRAUNKOHLEKRAFT10993 generator to EU-DEU node...
INFO [2024-08-05 11:17:54] [THERMAL] - Adding DEU_COA_BREMENFARGEPO10995 generator to EU-DEU node...
INFO [2024-08-05 11:17:54] [THERMAL] - Adding DEU_COA_BUERPOWERSTAT11001 generator to EU-DEU node...
INFO [2024-08-05 11:17:54] [THERMAL] - Adding DEU_COA_BUSCHHAUSPOWER11002 generator to EU-DEU node...
INFO [2024-08-05 11:17:54] [THERMAL] - Adding DEU_COA_CHEMIEPARKMARL11011 generator to EU-DEU node...
INFO [2024-08-05 11:17:54] [THERMAL] - Adding DEU_COA_CHEMNITZNORDP11012 generator to EU-DEU node...
INFO [2024-08-05 11:17:55] [THERMAL] - Adding DEU_COA_COALPLANT111015 generator to EU-DEU node...
INFO [2024-08-05 11:17:55] [THERMAL] - Adding DEU_COA_COALPLANT211016 generator to EU-DEU node...
INFO [2024-08-05 11:17:55] [THERMAL] - Adding DEU_COA_COLOGNEMERKENI11018 generator to EU-DEU node...
INFO [2024-08-05 11:17:55] [THERMAL] - Adding DEU_COA_COTTBUSCHPPOW11019 generator to EU-DEU node...
INFO [2024-08-05 11:17:55] [THERMAL] - Adding DEU_COA_DESSAUPOWERST11037 generator to EU-DEU node...
INFO [2024-08-05 11:17:55] [THERMAL] - Adding DEU_COA_DEUBENPOWERST11040 generator to EU-DEU node...
INFO [2024-08-05 11:17:56] [THERMAL] - Adding DEU_COA_EZ111066 generator to EU-DEU node...
INFO [2024-08-05 11:17:56] [THERMAL] - Adding DEU_COA_FKK11104 generator to EU-DEU node...
INFO [2024-08-05 11:17:56] [THERMAL] - Adding DEU_COA_FLENSBURGPOWER11111 generator to EU-DEU node...
INFO [2024-08-05 11:17:56] [THERMAL] - Adding DEU_COA_FORTUNANORD11113 generator to EU-DEU node...
INFO [2024-08-05 11:17:56] [THERMAL] - Adding DEU_COA_FRIMMERSDORFPO11118 generator to EU-DEU node...
INFO [2024-08-05 11:17:57] [THERMAL] - Adding DEU_COA_GKHHANNOVERPO11123 generator to EU-DEU node...
INFO [2024-08-05 11:17:57] [THERMAL] - Adding DEU_COA_GKMMANNHEIM11125 generator to EU-DEU node...
INFO [2024-08-05 11:17:57] [THERMAL] - Adding DEU_COA_GKRAFTWERK11121 generator to EU-DEU node...
INFO [2024-08-05 11:17:57] [THERMAL] - Adding DEU_COA_GRUBENHEIZKRAFT11165 generator to EU-DEU node...
INFO [2024-08-05 11:17:57] [THERMAL] - Adding DEU_COA_HAFENPOWERSTA11244 generator to EU-DEU node...
INFO [2024-08-05 11:17:57] [THERMAL] - Adding DEU_COA_HAMBURGMOORBUR11247 generator to EU-DEU node...
INFO [2024-08-05 11:17:58] [THERMAL] - Adding DEU_COA_HASTEDTPOWERS11251 generator to EU-DEU node...
INFO [2024-08-05 11:17:58] [THERMAL] - Adding DEU_COA_HEILBRONNPOWER11255 generator to EU-DEU node...
INFO [2024-08-05 11:17:58] [THERMAL] - Adding DEU_COA_HEIZKRAFTWERK311260 generator to EU-DEU node...
INFO [2024-08-05 11:17:58] [THERMAL] - Adding DEU_COA_HEIZKRAFTWERKD11281 generator to EU-DEU node...
INFO [2024-08-05 11:17:59] [THERMAL] - Adding DEU_COA_HEIZKRAFTWERKF11266 generator to EU-DEU node...
INFO [2024-08-05 11:17:59] [THERMAL] - Adding DEU_COA_HEIZKRAFTWERKM11274 generator to EU-DEU node...
INFO [2024-08-05 11:17:59] [THERMAL] - Adding DEU_COA_HEIZKRAFTWERKS11279 generator to EU-DEU node...
INFO [2024-08-05 11:17:59] [THERMAL] - Adding DEU_COA_HERNEPOWERSTA11288 generator to EU-DEU node...
INFO [2024-08-05 11:17:59] [THERMAL] - Adding DEU_COA_HEYDENPOWERST11292 generator to EU-DEU node...
INFO [2024-08-05 11:18:00] [THERMAL] - Adding DEU_COA_HKWERLANGENC11203 generator to EU-DEU node...
INFO [2024-08-05 11:18:00] [THERMAL] - Adding DEU_COA_HKWI11211 generator to EU-DEU node...
INFO [2024-08-05 11:18:00] [THERMAL] - Adding DEU_COA_HKWKARCHERSTR_11214 generator to EU-DEU node...
INFO [2024-08-05 11:18:00] [THERMAL] - Adding DEU_COA_HKWNORD11222 generator to EU-DEU node...
INFO [2024-08-05 11:18:00] [THERMAL] - Adding DEU_COA_HKWNORDWEST11223 generator to EU-DEU node...
INFO [2024-08-05 11:18:00] [THERMAL] - Adding DEU_COA_HKWOFFENBACHP11295 generator to EU-DEU node...
INFO [2024-08-05 11:18:01] [THERMAL] - Adding DEU_COA_HKWSACHTLEBEN11226 generator to EU-DEU node...
INFO [2024-08-05 11:18:01] [THERMAL] - Adding DEU_COA_HKWWEST11233 generator to EU-DEU node...
INFO [2024-08-05 11:18:01] [THERMAL] - Adding DEU_COA_HKWWEST11234 generator to EU-DEU node...
INFO [2024-08-05 11:18:01] [THERMAL] - Adding DEU_COA_HUERTHVILLE11303 generator to EU-DEU node...
INFO [2024-08-05 11:18:01] [THERMAL] - Adding DEU_COA_IBBENBRENBP11323 generator to EU-DEU node...
INFO [2024-08-05 11:18:02] [THERMAL] - Adding DEU_COA_INDUSTRIEKRAFT11330 generator to EU-DEU node...
INFO [2024-08-05 11:18:02] [THERMAL] - Adding DEU_COA_JANSCHWALDEPOW11338 generator to EU-DEU node...
INFO [2024-08-05 11:18:02] [THERMAL] - Adding DEU_COA_KESSEL411372 generator to EU-DEU node...
INFO [2024-08-05 11:18:02] [THERMAL] - Adding DEU_COA_KIELPOWERSTAT11374 generator to EU-DEU node...
INFO [2024-08-05 11:18:02] [THERMAL] - Adding DEU_COA_KLINGENBERG11380 generator to EU-DEU node...
INFO [2024-08-05 11:18:02] [THERMAL] - Adding DEU_COA_KOHLEKRAFTWERK11387 generator to EU-DEU node...
INFO [2024-08-05 11:18:03] [THERMAL] - Adding DEU_COA_KRAFTWERK11391 generator to EU-DEU node...
INFO [2024-08-05 11:18:03] [THERMAL] - Adding DEU_COA_KRAFTWERKBEXBA11395 generator to EU-DEU node...
INFO [2024-08-05 11:18:03] [THERMAL] - Adding DEU_COA_KRAFTWERKENSDO11396 generator to EU-DEU node...
INFO [2024-08-05 11:18:03] [THERMAL] - Adding DEU_COA_KRAFTWERKII11400 generator to EU-DEU node...
INFO [2024-08-05 11:18:04] [THERMAL] - Adding DEU_COA_KRAFTWERKL5711402 generator to EU-DEU node...
INFO [2024-08-05 11:18:04] [THERMAL] - Adding DEU_COA_KRAFTWERKN23011406 generator to EU-DEU node...
INFO [2024-08-05 11:18:04] [THERMAL] - Adding DEU_COA_KRAFTWERKWERDO11414 generator to EU-DEU node...
INFO [2024-08-05 11:18:04] [THERMAL] - Adding DEU_COA_KWM11360 generator to EU-DEU node...
INFO [2024-08-05 11:18:04] [THERMAL] - Adding DEU_COA_KWVOERDE11348 generator to EU-DEU node...
INFO [2024-08-05 11:18:05] [THERMAL] - Adding DEU_COA_KWWALSUM11349 generator to EU-DEU node...
INFO [2024-08-05 11:18:05] [THERMAL] - Adding DEU_COA_KWWEST11350 generator to EU-DEU node...
INFO [2024-08-05 11:18:05] [THERMAL] - Adding DEU_COA_LIPPENDORFPOWE11441 generator to EU-DEU node...
INFO [2024-08-05 11:18:05] [THERMAL] - Adding DEU_COA_LNENPOWERST11449 generator to EU-DEU node...
INFO [2024-08-05 11:18:05] [THERMAL] - Adding DEU_COA_MODELLKRAFTWERK11483 generator to EU-DEU node...
INFO [2024-08-05 11:18:06] [THERMAL] - Adding DEU_COA_NEURATHPOWERS11521 generator to EU-DEU node...
INFO [2024-08-05 11:18:06] [THERMAL] - Adding DEU_COA_NIEDERAUSSEMPO11527 generator to EU-DEU node...
INFO [2024-08-05 11:18:06] [THERMAL] - Adding DEU_COA_NORD211529 generator to EU-DEU node...
INFO [2024-08-05 11:18:06] [MAIN] - Starting simulation__2024_08_05_11_18_06 simulation...
INFO [2024-08-05 11:18:08] [MAIN] - Antares simulation finished! (run time : 0.03min).
 

