INFO [2024-09-03 17:50:40] [MAIN] - Creating Deane_CHEDEUFRA-yesActivateTS_15clu__2024_09_03_17_50_40 study...

INFO [2024-09-03 17:50:41] [MAIN] - Unit commitment mode : ACCURATE
INFO [2024-09-03 17:50:41] [MAIN] - Adding nodes...

INFO [2024-09-03 17:50:44] [MAIN] - Done adding nodes! (run time : 3.38s).

INFO [2024-09-03 17:50:44] [MAIN] - Adding districts...

INFO [2024-09-03 17:50:46] [MAIN] - Done adding districts! (run time : 1.53s).

INFO [2024-09-03 17:50:46] [MAIN] - Adding load data...

INFO [2024-09-03 17:50:48] [MAIN] - Done adding load data! (run time : 2.04s).

INFO [2024-09-03 17:50:48] [MAIN] - Fetching wind data...

INFO [2024-09-03 17:50:48] [MAIN] - Done adding wind data! (run time : 0.4s).

INFO [2024-09-03 17:50:48] [MAIN] - Fetching solar data...

INFO [2024-09-03 17:50:49] [MAIN] - Done adding solar data! (run time : 0.46s).

INFO [2024-09-03 17:50:49] [MAIN] - Beginning hydro implementation...
INFO [2024-09-03 17:50:58] [MAIN] - Done adding hydro!
INFO [2024-09-03 17:50:58] [MAIN] - Fetching thermal data...
INFO [2024-09-03 17:51:02] [MAIN] - Aggregating identical generators...
INFO [2024-09-03 17:51:02] [MAIN] - Running 15-clustering algorithm on generators...
INFO [2024-09-03 17:51:02] [MAIN] - Done running 15-clustering algorithm on generators!

INFO [2024-09-03 17:51:42] [MAIN] - Done adding thermal data! (run time : 0.74min).

INFO [2024-09-03 17:51:42] [MAIN] - Fetching battery data...

INFO [2024-09-03 17:51:42] [MAIN] - Aggregating identical batteries...
INFO [2024-09-03 17:52:28] [MAIN] - Done adding battery data! (run time : 0.76min).

INFO [2024-09-03 17:52:28] [MAIN] - Adding lines between areas...

INFO [2024-09-03 17:52:30] [MAIN] - Starting OutageTest simulation...
INFO [2024-09-03 17:52:36] [MAIN] - Antares simulation finished! (run time : 0.1min).
 

