ERROR [2024-08-19 15:01:31] [WARN] - Skipped adding wind data for EU-ALB (no generators found in PLEXOS).
ERROR [2024-08-19 15:01:31] [WARN] - Skipped adding wind data for EU-ARM (no generators found in PLEXOS).
ERROR [2024-08-19 15:01:32] [WARN] - Skipped adding wind data for EU-AZE (no generators found in PLEXOS).
ERROR [2024-08-19 15:01:32] [WARN] - Skipped adding wind data for EU-BIH (no generators found in PLEXOS).
ERROR [2024-08-19 15:01:32] [WARN] - Skipped adding wind data for EU-BLR (no generators found in PLEXOS).
ERROR [2024-08-19 15:01:35] [WARN] - Skipped adding wind data for EU-GEO (no generators found in PLEXOS).
ERROR [2024-08-19 15:01:36] [WARN] - Skipped adding wind data for EU-ISL (no generators found in PLEXOS).
ERROR [2024-08-19 15:01:37] [WARN] - Skipped adding wind data for EU-KOS (no generators found in PLEXOS).
ERROR [2024-08-19 15:01:38] [WARN] - Skipped adding wind data for EU-MDA (no generators found in PLEXOS).
ERROR [2024-08-19 15:01:38] [WARN] - Skipped adding wind data for EU-MKD (no generators found in PLEXOS).
ERROR [2024-08-19 15:01:38] [WARN] - Skipped adding wind data for EU-MNE (no generators found in PLEXOS).
ERROR [2024-08-19 15:01:39] [WARN] - Skipped adding wind data for EU-SRB (no generators found in PLEXOS).
ERROR [2024-08-19 15:01:39] [WARN] - Skipped adding wind data for EU-SVK (no generators found in PLEXOS).
ERROR [2024-08-19 15:01:39] [WARN] - Skipped adding wind data for EU-SVN (no generators found in PLEXOS).
ERROR [2024-08-19 15:01:40] [WARN] - Skipped adding solar data for EU-ALB (no generators found in PLEXOS).
ERROR [2024-08-19 15:01:40] [WARN] - Skipped adding solar data for EU-ARM (no generators found in PLEXOS).
ERROR [2024-08-19 15:01:41] [WARN] - Skipped adding solar data for EU-BIH (no generators found in PLEXOS).
ERROR [2024-08-19 15:01:41] [WARN] - Skipped adding solar data for EU-BLR (no generators found in PLEXOS).
ERROR [2024-08-19 15:01:43] [WARN] - Skipped adding solar data for EU-EST (no generators found in PLEXOS).
ERROR [2024-08-19 15:01:44] [WARN] - Skipped adding solar data for EU-GEO (no generators found in PLEXOS).
ERROR [2024-08-19 15:01:45] [WARN] - Skipped adding solar data for EU-IRL (no generators found in PLEXOS).
ERROR [2024-08-19 15:01:45] [WARN] - Skipped adding solar data for EU-ISL (no generators found in PLEXOS).
ERROR [2024-08-19 15:01:45] [WARN] - Skipped adding solar data for EU-KOS (no generators found in PLEXOS).
ERROR [2024-08-19 15:01:46] [WARN] - Skipped adding solar data for EU-LVA (no generators found in PLEXOS).
ERROR [2024-08-19 15:01:46] [WARN] - Skipped adding solar data for EU-MDA (no generators found in PLEXOS).
ERROR [2024-08-19 15:01:46] [WARN] - Skipped adding solar data for EU-MNE (no generators found in PLEXOS).
