INFO [2024-07-30 18:06:46] [MAIN] - Creating Etude_sur_R_Monde__2024_07_30_18_06_46 study...
INFO [2024-07-30 18:06:46] [MAIN] - Adding nodes...

INFO [2024-07-30 18:06:46] [NODES] - Adding EU-ALB node...
INFO [2024-07-30 18:06:47] [NODES] - Adding EU-ARM node...
INFO [2024-07-30 18:06:47] [NODES] - Adding EU-AUT node...
INFO [2024-07-30 18:06:47] [NODES] - Adding EU-AZE node...
INFO [2024-07-30 18:06:47] [NODES] - Adding EU-BEL node...
INFO [2024-07-30 18:06:48] [NODES] - Adding EU-BGR node...
INFO [2024-07-30 18:06:48] [NODES] - Adding EU-BIH node...
INFO [2024-07-30 18:06:48] [NODES] - Adding EU-BLR node...
INFO [2024-07-30 18:06:48] [NODES] - Adding EU-CHE node...
INFO [2024-07-30 18:06:49] [NODES] - Adding EU-CYP node...
INFO [2024-07-30 18:06:49] [NODES] - Adding EU-CZE node...
INFO [2024-07-30 18:06:49] [NODES] - Adding EU-DEU node...
INFO [2024-07-30 18:06:49] [NODES] - Adding EU-DNK node...
INFO [2024-07-30 18:06:50] [NODES] - Adding EU-ESP node...
INFO [2024-07-30 18:06:50] [NODES] - Adding EU-EST node...
INFO [2024-07-30 18:06:50] [NODES] - Adding EU-FIN node...
INFO [2024-07-30 18:06:51] [NODES] - Adding EU-FRA node...
INFO [2024-07-30 18:06:51] [NODES] - Adding EU-GBR node...
INFO [2024-07-30 18:06:51] [NODES] - Adding EU-GEO node...
INFO [2024-07-30 18:06:51] [NODES] - Adding EU-GRC node...
INFO [2024-07-30 18:06:52] [NODES] - Adding EU-HRV node...
INFO [2024-07-30 18:06:52] [NODES] - Adding EU-HUN node...
INFO [2024-07-30 18:06:52] [NODES] - Adding EU-IRL node...
INFO [2024-07-30 18:06:53] [NODES] - Adding EU-ISL node...
INFO [2024-07-30 18:06:53] [NODES] - Adding EU-ITA node...
INFO [2024-07-30 18:06:54] [NODES] - Adding EU-KOS node...
INFO [2024-07-30 18:06:54] [NODES] - Adding EU-LTU node...
INFO [2024-07-30 18:06:55] [NODES] - Adding EU-LUX node...
INFO [2024-07-30 18:06:55] [NODES] - Adding EU-LVA node...
INFO [2024-07-30 18:06:55] [NODES] - Adding EU-MDA node...
INFO [2024-07-30 18:06:56] [NODES] - Adding EU-MKD node...
INFO [2024-07-30 18:06:56] [NODES] - Adding EU-MNE node...
INFO [2024-07-30 18:06:56] [NODES] - Adding EU-NLD node...
INFO [2024-07-30 18:06:57] [NODES] - Adding EU-NOR node...
INFO [2024-07-30 18:06:57] [NODES] - Adding EU-POL node...
INFO [2024-07-30 18:06:58] [NODES] - Adding EU-PRT node...
INFO [2024-07-30 18:06:58] [NODES] - Adding EU-ROU node...
INFO [2024-07-30 18:06:58] [NODES] - Adding EU-SRB node...
INFO [2024-07-30 18:06:59] [NODES] - Adding EU-SVK node...
INFO [2024-07-30 18:06:59] [NODES] - Adding EU-SVN node...
INFO [2024-07-30 18:07:00] [NODES] - Adding EU-SWE node...
INFO [2024-07-30 18:07:00] [NODES] - Adding EU-UKR node...
INFO [2024-07-30 18:07:01] 
[MAIN] - Done adding nodes! (run time : 14.63s).
INFO [2024-07-30 18:07:01] [MAIN] - Adding load data...

INFO [2024-07-30 18:07:02] [LOAD] - Adding EU-ALB load data...
INFO [2024-07-30 18:07:02] [LOAD] - Adding EU-ARM load data...
INFO [2024-07-30 18:07:03] [LOAD] - Adding EU-AUT load data...
INFO [2024-07-30 18:07:03] [LOAD] - Adding EU-AZE load data...
INFO [2024-07-30 18:07:03] [LOAD] - Adding EU-BEL load data...
INFO [2024-07-30 18:07:03] [LOAD] - Adding EU-BGR load data...
INFO [2024-07-30 18:07:04] [LOAD] - Adding EU-BIH load data...
INFO [2024-07-30 18:07:04] [LOAD] - Adding EU-BLR load data...
INFO [2024-07-30 18:07:04] [LOAD] - Adding EU-CHE load data...
INFO [2024-07-30 18:07:04] [LOAD] - Adding EU-CYP load data...
INFO [2024-07-30 18:07:04] [LOAD] - Adding EU-CZE load data...
INFO [2024-07-30 18:07:05] [LOAD] - Adding EU-DEU load data...
INFO [2024-07-30 18:07:05] [LOAD] - Adding EU-DNK load data...
INFO [2024-07-30 18:07:05] [LOAD] - Adding EU-ESP load data...
INFO [2024-07-30 18:07:05] [LOAD] - Adding EU-EST load data...
INFO [2024-07-30 18:07:06] [LOAD] - Adding EU-FIN load data...
INFO [2024-07-30 18:07:06] [LOAD] - Adding EU-FRA load data...
INFO [2024-07-30 18:07:06] [LOAD] - Adding EU-GBR load data...
INFO [2024-07-30 18:07:06] [LOAD] - Adding EU-GEO load data...
INFO [2024-07-30 18:07:07] [LOAD] - Adding EU-GRC load data...
INFO [2024-07-30 18:07:07] [LOAD] - Adding EU-HRV load data...
INFO [2024-07-30 18:07:07] [LOAD] - Adding EU-HUN load data...
INFO [2024-07-30 18:07:07] [LOAD] - Adding EU-IRL load data...
INFO [2024-07-30 18:07:08] [LOAD] - Adding EU-ISL load data...
INFO [2024-07-30 18:07:08] [LOAD] - Adding EU-ITA load data...
INFO [2024-07-30 18:07:08] [LOAD] - Adding EU-KOS load data...
INFO [2024-07-30 18:07:08] [LOAD] - Adding EU-LTU load data...
INFO [2024-07-30 18:07:09] [LOAD] - Adding EU-LUX load data...
INFO [2024-07-30 18:07:09] [LOAD] - Adding EU-LVA load data...
INFO [2024-07-30 18:07:09] [LOAD] - Adding EU-MDA load data...
INFO [2024-07-30 18:07:09] [LOAD] - Adding EU-MKD load data...
INFO [2024-07-30 18:07:09] [LOAD] - Adding EU-MNE load data...
INFO [2024-07-30 18:07:10] [LOAD] - Adding EU-NLD load data...
INFO [2024-07-30 18:07:10] [LOAD] - Adding EU-NOR load data...
INFO [2024-07-30 18:07:10] [LOAD] - Adding EU-POL load data...
INFO [2024-07-30 18:07:10] [LOAD] - Adding EU-PRT load data...
INFO [2024-07-30 18:07:11] [LOAD] - Adding EU-ROU load data...
INFO [2024-07-30 18:07:11] [LOAD] - Adding EU-SRB load data...
INFO [2024-07-30 18:07:11] [LOAD] - Adding EU-SVK load data...
INFO [2024-07-30 18:07:11] [LOAD] - Adding EU-SVN load data...
INFO [2024-07-30 18:07:12] [LOAD] - Adding EU-SWE load data...
INFO [2024-07-30 18:07:12] [LOAD] - Adding EU-UKR load data...
INFO [2024-07-30 18:07:12] 
[MAIN] - Done adding load data! (run time : 11.41s).
INFO [2024-07-30 18:07:12] [MAIN] - Gathering generator data from PLEXOS...

INFO [2024-07-30 18:07:14] [MAIN] - Done gathering generator data! (run time : 1.79s).
INFO [2024-07-30 18:07:14] [MAIN] - Adding wind data...

