INFO [2024-07-31 10:39:25] [MAIN] - Creating Etude_sur_R_Monde__2024_07_31_10_39_24 study...
INFO [2024-07-31 10:39:25] [MAIN] - Adding nodes...

INFO [2024-07-31 10:39:25] [NODES] - Adding EU-ALB node...
INFO [2024-07-31 10:39:26] [NODES] - Adding EU-ARM node...
INFO [2024-07-31 10:39:26] [NODES] - Adding EU-AUT node...
INFO [2024-07-31 10:39:26] [NODES] - Adding EU-AZE node...
INFO [2024-07-31 10:39:26] [NODES] - Adding EU-BEL node...
INFO [2024-07-31 10:39:26] [NODES] - Adding EU-BGR node...
INFO [2024-07-31 10:39:27] [NODES] - Adding EU-BIH node...
INFO [2024-07-31 10:39:27] [NODES] - Adding EU-BLR node...
INFO [2024-07-31 10:39:27] [NODES] - Adding EU-CHE node...
INFO [2024-07-31 10:39:27] [NODES] - Adding EU-CYP node...
INFO [2024-07-31 10:39:28] [NODES] - Adding EU-CZE node...
INFO [2024-07-31 10:39:28] [NODES] - Adding EU-DEU node...
INFO [2024-07-31 10:39:28] [NODES] - Adding EU-DNK node...
INFO [2024-07-31 10:39:29] [NODES] - Adding EU-ESP node...
INFO [2024-07-31 10:39:29] [NODES] - Adding EU-EST node...
INFO [2024-07-31 10:39:29] [NODES] - Adding EU-FIN node...
INFO [2024-07-31 10:39:29] [NODES] - Adding EU-FRA node...
INFO [2024-07-31 10:39:30] [NODES] - Adding EU-GBR node...
INFO [2024-07-31 10:39:30] [NODES] - Adding EU-GEO node...
INFO [2024-07-31 10:39:31] [NODES] - Adding EU-GRC node...
INFO [2024-07-31 10:39:31] [NODES] - Adding EU-HRV node...
INFO [2024-07-31 10:39:31] [NODES] - Adding EU-HUN node...
INFO [2024-07-31 10:39:32] [NODES] - Adding EU-IRL node...
INFO [2024-07-31 10:39:32] [NODES] - Adding EU-ISL node...
INFO [2024-07-31 10:39:32] [NODES] - Adding EU-ITA node...
INFO [2024-07-31 10:39:33] [NODES] - Adding EU-KOS node...
INFO [2024-07-31 10:39:34] [NODES] - Adding EU-LTU node...
INFO [2024-07-31 10:39:34] [NODES] - Adding EU-LUX node...
INFO [2024-07-31 10:39:35] [NODES] - Adding EU-LVA node...
INFO [2024-07-31 10:39:35] [NODES] - Adding EU-MDA node...
INFO [2024-07-31 10:39:36] [NODES] - Adding EU-MKD node...
INFO [2024-07-31 10:39:36] [NODES] - Adding EU-MNE node...
INFO [2024-07-31 10:39:37] [NODES] - Adding EU-NLD node...
INFO [2024-07-31 10:39:37] [NODES] - Adding EU-NOR node...
INFO [2024-07-31 10:39:38] [NODES] - Adding EU-POL node...
INFO [2024-07-31 10:39:38] [NODES] - Adding EU-PRT node...
INFO [2024-07-31 10:39:39] [NODES] - Adding EU-ROU node...
INFO [2024-07-31 10:39:40] [NODES] - Adding EU-SRB node...
INFO [2024-07-31 10:39:40] [NODES] - Adding EU-SVK node...
INFO [2024-07-31 10:39:41] [NODES] - Adding EU-SVN node...
INFO [2024-07-31 10:39:41] [NODES] - Adding EU-SWE node...
INFO [2024-07-31 10:39:42] [NODES] - Adding EU-UKR node...
INFO [2024-07-31 10:39:43] [MAIN] - Done adding nodes! (run time : 17.69s).
INFO [2024-07-31 10:39:43] [MAIN] - Adding load data...

INFO [2024-07-31 10:39:44] [LOAD] - Adding EU-ALB load data...
INFO [2024-07-31 10:39:45] [LOAD] - Adding EU-ARM load data...
INFO [2024-07-31 10:39:45] [LOAD] - Adding EU-AUT load data...
INFO [2024-07-31 10:39:45] [LOAD] - Adding EU-AZE load data...
INFO [2024-07-31 10:39:46] [LOAD] - Adding EU-BEL load data...
INFO [2024-07-31 10:39:46] [LOAD] - Adding EU-BGR load data...
INFO [2024-07-31 10:39:46] [LOAD] - Adding EU-BIH load data...
INFO [2024-07-31 10:39:46] [LOAD] - Adding EU-BLR load data...
INFO [2024-07-31 10:39:47] [LOAD] - Adding EU-CHE load data...
INFO [2024-07-31 10:39:47] [LOAD] - Adding EU-CYP load data...
INFO [2024-07-31 10:39:47] [LOAD] - Adding EU-CZE load data...
INFO [2024-07-31 10:39:48] [LOAD] - Adding EU-DEU load data...
INFO [2024-07-31 10:39:48] [LOAD] - Adding EU-DNK load data...
INFO [2024-07-31 10:39:48] [LOAD] - Adding EU-ESP load data...
INFO [2024-07-31 10:39:49] [LOAD] - Adding EU-EST load data...
INFO [2024-07-31 10:39:49] [LOAD] - Adding EU-FIN load data...
INFO [2024-07-31 10:39:49] [LOAD] - Adding EU-FRA load data...
INFO [2024-07-31 10:39:50] [LOAD] - Adding EU-GBR load data...
INFO [2024-07-31 10:39:50] [LOAD] - Adding EU-GEO load data...
INFO [2024-07-31 10:39:50] [LOAD] - Adding EU-GRC load data...
INFO [2024-07-31 10:39:51] [LOAD] - Adding EU-HRV load data...
INFO [2024-07-31 10:39:51] [LOAD] - Adding EU-HUN load data...
INFO [2024-07-31 10:39:51] [LOAD] - Adding EU-IRL load data...
INFO [2024-07-31 10:39:52] [LOAD] - Adding EU-ISL load data...
INFO [2024-07-31 10:39:52] [LOAD] - Adding EU-ITA load data...
INFO [2024-07-31 10:39:52] [LOAD] - Adding EU-KOS load data...
INFO [2024-07-31 10:39:53] [LOAD] - Adding EU-LTU load data...
INFO [2024-07-31 10:39:53] [LOAD] - Adding EU-LUX load data...
INFO [2024-07-31 10:39:53] [LOAD] - Adding EU-LVA load data...
INFO [2024-07-31 10:39:54] [LOAD] - Adding EU-MDA load data...
INFO [2024-07-31 10:39:54] [LOAD] - Adding EU-MKD load data...
INFO [2024-07-31 10:39:54] [LOAD] - Adding EU-MNE load data...
INFO [2024-07-31 10:39:55] [LOAD] - Adding EU-NLD load data...
INFO [2024-07-31 10:39:55] [LOAD] - Adding EU-NOR load data...
INFO [2024-07-31 10:39:55] [LOAD] - Adding EU-POL load data...
INFO [2024-07-31 10:39:56] [LOAD] - Adding EU-PRT load data...
INFO [2024-07-31 10:39:56] [LOAD] - Adding EU-ROU load data...
INFO [2024-07-31 10:39:56] [LOAD] - Adding EU-SRB load data...
INFO [2024-07-31 10:39:57] [LOAD] - Adding EU-SVK load data...
INFO [2024-07-31 10:39:57] [LOAD] - Adding EU-SVN load data...
INFO [2024-07-31 10:39:57] [LOAD] - Adding EU-SWE load data...
INFO [2024-07-31 10:39:58] [LOAD] - Adding EU-UKR load data...
INFO [2024-07-31 10:39:58] [MAIN] - Done adding load data! (run time : 15.35s).
INFO [2024-07-31 10:39:58] [MAIN] - Gathering generator data from PLEXOS...

INFO [2024-07-31 10:40:02] [MAIN] - Done gathering generator data! (run time : 4.18s).
INFO [2024-07-31 10:40:02] [MAIN] - Adding wind data...

INFO [2024-07-31 10:40:02] [MAIN] - Adding solar PV data...

