INFO [2024-08-21 08:53:22] [MAIN] - Creating Deane_testAmericas__2024_08_21_08_53_21 study...

INFO [2024-08-21 08:53:22] [MAIN] - Unit commitment mode : ACCURATE
INFO [2024-08-21 08:53:22] [MAIN] - Adding nodes...

INFO [2024-08-21 08:53:49] [MAIN] - Done adding nodes! (run time : 26.81s).

INFO [2024-08-21 08:53:49] [MAIN] - Adding districts...

INFO [2024-08-21 08:53:51] [MAIN] - Done adding districts! (run time : 2.05s).

INFO [2024-08-21 08:53:51] [MAIN] - Adding load data...

INFO [2024-08-21 08:54:10] [MAIN] - Done adding load data! (run time : 19.46s).

INFO [2024-08-21 08:54:10] [MAIN] - Fetching wind data...

INFO [2024-08-21 08:54:25] [MAIN] - Done adding wind data! (run time : 14.56s).

INFO [2024-08-21 08:54:25] [MAIN] - Fetching solar data...

INFO [2024-08-21 08:54:38] [MAIN] - Done adding solar data! (run time : 13.05s).

INFO [2024-08-21 08:54:38] [MAIN] - Beginning hydro implementation...
INFO [2024-08-21 08:56:45] [MAIN] - Done adding hydro!
INFO [2024-08-21 08:56:45] [MAIN] - Fetching thermal data...
INFO [2024-08-21 08:56:47] [MAIN] - Aggregating identical generators...
INFO [2024-08-21 08:56:47] [MAIN] - Running 15-clustering algorithm on generators...
INFO [2024-08-21 08:56:50] [MAIN] - Done running 15-clustering algorithm on generators!

INFO [2024-08-21 09:07:00] [MAIN] - Done adding thermal data! (run time : 10.26min).

INFO [2024-08-21 09:07:00] [MAIN] - Fetching battery data...

INFO [2024-08-21 09:07:00] [MAIN] - Aggregating identical batteries...
INFO [2024-08-21 09:10:10] [MAIN] - Done adding battery data! (run time : 3.17min).

INFO [2024-08-21 09:10:10] [MAIN] - Adding lines between areas...

INFO [2024-08-21 09:10:36] [MAIN] - Done adding lines! (run time : 26.04s).

INFO [2024-08-21 09:10:36] [MAIN] - Finished setting up Antares study! (run time : 17.25min).
 

INFO [2024-08-21 09:10:36] [MAIN] - Starting 15thmClu_accUCM__2024_08_21_09_10_36 simulation...
INFO [2024-08-21 16:22:05] [MAIN] - Antares simulation finished! (run time : 431.49min).
 

INFO [2024-08-21 16:27:28] [MAIN] - Reading simulations of pre-existing Deane_testAmericas__2024_08_21_08_53_21 study...
INFO [2024-08-21 16:28:05] [MAIN] - Reading simulations of pre-existing Deane_testAmericas__2024_08_21_08_53_21 study...
INFO [2024-08-21 16:28:05] [MAIN] - Opening 20240821-1125eco-testDistricts_fastUCM simulation...
INFO [2024-08-21 16:29:11] [MAIN] - Reading simulations of pre-existing Deane_testAmericas__2024_08_21_08_53_21 study...
INFO [2024-08-21 16:29:12] [MAIN] - Opening 20240821-1125eco-testDistricts_fastUCM simulation...
INFO [2024-08-21 16:29:12] [MAIN] - Preparing to save continental production stacks...
INFO [2024-08-21 16:29:28] [MAIN] - Done saving continental production stacks!
INFO [2024-08-21 16:30:56] [MAIN] - Reading simulations of pre-existing Deane_testAmericas__2024_08_21_08_53_21 study...
INFO [2024-08-21 16:30:56] [MAIN] - Opening 20240821-1125eco-testDistricts_fastUCM simulation...
INFO [2024-08-21 16:30:56] [MAIN] - Preparing to save continental production stacks...
INFO [2024-08-21 16:31:07] [MAIN] - Done saving continental production stacks!
INFO [2024-08-21 16:31:21] [MAIN] - Reading simulations of pre-existing Deane_testAmericas__2024_08_21_08_53_21 study...
INFO [2024-08-21 16:31:22] [MAIN] - Opening 20240821-1125eco-testDistricts_fastUCM simulation...
INFO [2024-08-21 16:31:22] [MAIN] - Preparing to save continental production stacks...
INFO [2024-08-21 16:31:41] [MAIN] - Done saving continental production stacks!
INFO [2024-08-21 16:32:32] [MAIN] - Reading simulations of pre-existing Deane_testAmericas__2024_08_21_08_53_21 study...
INFO [2024-08-21 16:32:33] [MAIN] - Opening 20240821-1125eco-testDistricts_fastUCM simulation...
INFO [2024-08-21 16:32:33] [MAIN] - Preparing to save continental production stacks...
INFO [2024-08-21 16:32:50] [MAIN] - Done saving continental production stacks!
