INFO [2024-09-03 11:14:52] [MAIN] - Creating Deane_CO2fix__2024_09_03_11_14_52 study...

INFO [2024-09-03 11:14:53] [MAIN] - Unit commitment mode : ACCURATE
INFO [2024-09-03 11:14:53] [MAIN] - Adding nodes...

INFO [2024-09-03 11:14:54] [NODES] - Adding EU-CHE node...
INFO [2024-09-03 11:14:55] [NODES] - Adding EU-DEU node...
INFO [2024-09-03 11:14:55] [NODES] - Adding EU-FRA node...
INFO [2024-09-03 11:14:55] [MAIN] - Done adding nodes! (run time : 2.09s).

INFO [2024-09-03 11:14:55] [MAIN] - Adding districts...

INFO [2024-09-03 11:14:55] [DISTRICTS] - Creating global district...
INFO [2024-09-03 11:14:55] [DISTRICTS] - Done creating global district!
INFO [2024-09-03 11:14:56] [DISTRICTS] - Creating europe continental district...
INFO [2024-09-03 11:14:56] [DISTRICTS] - Done creating europe continental district!
INFO [2024-09-03 11:14:56] [MAIN] - Done adding districts! (run time : 0.86s).

INFO [2024-09-03 11:14:56] [MAIN] - Adding load data...

INFO [2024-09-03 11:14:57] [LOAD] - Adding EU-CHE load data...
INFO [2024-09-03 11:14:57] [LOAD] - Adding EU-DEU load data...
INFO [2024-09-03 11:14:57] [LOAD] - Adding EU-FRA load data...
INFO [2024-09-03 11:14:57] [MAIN] - Done adding load data! (run time : 1.25s).

INFO [2024-09-03 11:14:57] [MAIN] - Fetching wind data...

INFO [2024-09-03 11:14:57] [WIND] - Adding EU-CHE aggregated wind data...
INFO [2024-09-03 11:14:57] [WIND] - Adding EU-DEU aggregated wind data...
INFO [2024-09-03 11:14:58] [WIND] - Adding EU-FRA aggregated wind data...
INFO [2024-09-03 11:14:58] [MAIN] - Done adding wind data! (run time : 0.3s).

INFO [2024-09-03 11:14:58] [MAIN] - Fetching solar data...

INFO [2024-09-03 11:14:58] [SOLAR] - Adding EU-CHE aggregated solar data...
INFO [2024-09-03 11:14:58] [SOLAR] - Adding EU-DEU aggregated solar data...
INFO [2024-09-03 11:14:58] [SOLAR] - Adding EU-FRA aggregated solar data...
INFO [2024-09-03 11:14:58] [MAIN] - Done adding solar data! (run time : 0.27s).

INFO [2024-09-03 11:14:58] [MAIN] - Beginning hydro implementation...
INFO [2024-09-03 11:14:59] [HYDRO] - Initializing EU-CHE hydro parameters...
INFO [2024-09-03 11:14:59] [HYDRO] - Adding EU-CHE max power timeseries...
INFO [2024-09-03 11:15:00] [HYDRO] - Adding EU-CHE hydro profiles...
INFO [2024-09-03 11:15:01] [HYDRO] - Initializing EU-DEU hydro parameters...
INFO [2024-09-03 11:15:01] [HYDRO] - Adding EU-DEU max power timeseries...
INFO [2024-09-03 11:15:02] [HYDRO] - Adding EU-DEU hydro profiles...
INFO [2024-09-03 11:15:03] [HYDRO] - Initializing EU-FRA hydro parameters...
INFO [2024-09-03 11:15:03] [HYDRO] - Adding EU-FRA max power timeseries...
INFO [2024-09-03 11:15:04] [HYDRO] - Adding EU-FRA hydro profiles...
INFO [2024-09-03 11:15:04] [MAIN] - Done adding hydro!
INFO [2024-09-03 11:15:04] [MAIN] - Fetching thermal data...
