INFO [2024-09-03 14:26:40] [MAIN] - Creating Deane_Outage__2024_09_03_14_26_40 study...

INFO [2024-09-03 14:26:40] [MAIN] - Unit commitment mode : ACCURATE
INFO [2024-09-03 14:26:40] [MAIN] - Adding nodes...

INFO [2024-09-03 14:26:44] [NODES] - Adding EU-CHE node...
INFO [2024-09-03 14:26:44] [NODES] - Adding EU-DEU node...
INFO [2024-09-03 14:26:44] [NODES] - Adding EU-FRA node...
INFO [2024-09-03 14:26:45] [MAIN] - Done adding nodes! (run time : 4.36s).

INFO [2024-09-03 14:26:45] [MAIN] - Adding districts...

INFO [2024-09-03 14:26:46] [DISTRICTS] - Creating global district...
INFO [2024-09-03 14:26:46] [DISTRICTS] - Done creating global district!
INFO [2024-09-03 14:26:46] [DISTRICTS] - Creating europe continental district...
INFO [2024-09-03 14:26:46] [DISTRICTS] - Done creating europe continental district!
INFO [2024-09-03 14:26:47] [MAIN] - Done adding districts! (run time : 1.7s).

INFO [2024-09-03 14:26:47] [MAIN] - Adding load data...

INFO [2024-09-03 14:26:51] [LOAD] - Adding EU-CHE load data...
INFO [2024-09-03 14:26:51] [LOAD] - Adding EU-DEU load data...
INFO [2024-09-03 14:26:51] [LOAD] - Adding EU-FRA load data...
INFO [2024-09-03 14:26:51] [MAIN] - Done adding load data! (run time : 4.38s).

INFO [2024-09-03 14:26:51] [MAIN] - Fetching wind data...

INFO [2024-09-03 14:26:51] [WIND] - Adding EU-CHE aggregated wind data...
INFO [2024-09-03 14:26:52] [WIND] - Adding EU-DEU aggregated wind data...
INFO [2024-09-03 14:26:52] [WIND] - Adding EU-FRA aggregated wind data...
INFO [2024-09-03 14:26:52] [MAIN] - Done adding wind data! (run time : 0.48s).

INFO [2024-09-03 14:26:52] [MAIN] - Fetching solar data...

INFO [2024-09-03 14:26:52] [SOLAR] - Adding EU-CHE aggregated solar data...
INFO [2024-09-03 14:26:52] [SOLAR] - Adding EU-DEU aggregated solar data...
INFO [2024-09-03 14:26:52] [SOLAR] - Adding EU-FRA aggregated solar data...
INFO [2024-09-03 14:26:52] [MAIN] - Done adding solar data! (run time : 0.59s).

INFO [2024-09-03 14:26:53] [MAIN] - Beginning hydro implementation...
INFO [2024-09-03 14:26:54] [HYDRO] - Initializing EU-CHE hydro parameters...
INFO [2024-09-03 14:26:55] [HYDRO] - Adding EU-CHE max power timeseries...
INFO [2024-09-03 14:26:56] [HYDRO] - Adding EU-CHE hydro profiles...
INFO [2024-09-03 14:26:57] [HYDRO] - Initializing EU-DEU hydro parameters...
INFO [2024-09-03 14:26:58] [HYDRO] - Adding EU-DEU max power timeseries...
INFO [2024-09-03 14:27:00] [HYDRO] - Adding EU-DEU hydro profiles...
INFO [2024-09-03 14:27:01] [HYDRO] - Initializing EU-FRA hydro parameters...
INFO [2024-09-03 14:27:02] [HYDRO] - Adding EU-FRA max power timeseries...
INFO [2024-09-03 14:27:03] [HYDRO] - Adding EU-FRA hydro profiles...
INFO [2024-09-03 14:27:03] [MAIN] - Done adding hydro!
INFO [2024-09-03 14:27:03] [MAIN] - Fetching thermal data...
INFO [2024-09-03 14:27:07] [MAIN] - Aggregating identical generators...
INFO [2024-09-03 14:27:08] [MAIN] - Running 15-clustering algorithm on generators...
INFO [2024-09-03 14:27:08] [MAIN] - Done running 15-clustering algorithm on generators!

INFO [2024-09-03 14:27:08] [THERMAL] - Adding CHE_GAS_CAPACITYSCALER generator to EU-CHE node...
INFO [2024-09-03 14:27:08] [THERMAL] - Adding CHE_COA_CAPACITYSCALER generator to EU-CHE node...
INFO [2024-09-03 14:27:09] [THERMAL] - Adding CHE_BIO_CAPACITYSCALER generator to EU-CHE node...
INFO [2024-09-03 14:27:09] [THERMAL] - Adding CHE_NUC_KERNKRAFTWERKB17760 generator to EU-CHE node...
INFO [2024-09-03 14:27:09] [THERMAL] - Adding CHE_NUC_KERNKRAFTWERKM17763 generator to EU-CHE node...
INFO [2024-09-03 14:27:09] [THERMAL] - Adding CHE_NUC_KERNKRAFTWERKL17762 generator to EU-CHE node...
INFO [2024-09-03 14:27:09] [THERMAL] - Adding CHE_NUC_KERNKRAFTWERKG17761 generator to EU-CHE node...
INFO [2024-09-03 14:27:09] [THERMAL] - Adding CHE_OIL_CAPACITYSCALER generator to EU-CHE node...
INFO [2024-09-03 14:27:10] [THERMAL] - Adding DEU_GAS_HKWDRESDENNOS11200_FRANKEN111114_HKWIIIB11212_TRIANE generator to EU-DEU node...
INFO [2024-09-03 14:27:10] [THERMAL] - Adding DEU_GAS_HKWFREIBERG11206_HKWSCHWARZA11229_IHKWHEIDENHEIM1131 generator to EU-DEU node...
INFO [2024-09-03 14:27:10] [THERMAL] - Adding DEU_GAS_COGENERATION11014_HKWKARCHERSTR_11215_INDUSTRIEKRAFT generator to EU-DEU node...
INFO [2024-09-03 14:27:10] [THERMAL] - Adding DEU_GAS_GUDSCHWARZHEID11175_HEIZKRAFTWERKE11283_HKWNIEDERRAD generator to EU-DEU node...
INFO [2024-09-03 14:27:10] [THERMAL] - Adding DEU_GAS_GERSTEINWERK11141_GEMEINSCHAFTSKR11138_RHEINHAFENDAM generator to EU-DEU node...
INFO [2024-09-03 14:27:10] [THERMAL] - Adding DEU_GAS_GUDHKWNEUBRAN11179_GUDBAUNATALV11170_SDDT111723_HKWB generator to EU-DEU node...
INFO [2024-09-03 14:27:11] [THERMAL] - Adding DEU_GAS_EVCGLOBALFOU11064_KRAFTWERK211393_UNTERBREIZBACH1176 generator to EU-DEU node...
INFO [2024-09-03 14:27:11] [THERMAL] - Adding DEU_GAS_KIRCHMSER11375_HEIZKRAFTWERKL11273_DOWSTADE11047_DAM generator to EU-DEU node...
INFO [2024-09-03 14:27:11] [THERMAL] - Adding DEU_GAS_HKWFENNEGRUB11205_HKWHILTROP11209_HKWSCHWERINS11231_ generator to EU-DEU node...
INFO [2024-09-03 14:27:11] [THERMAL] - Adding DEU_GAS_KESSEL211371_ERWEITERUNGENE11099_BHKWANKLINKER10911_ generator to EU-DEU node...
INFO [2024-09-03 14:27:11] [THERMAL] - Adding DEU_GAS_KWKIRCHLENGERN11345_HKWNIEHL211221_LICHTERFELDE11438 generator to EU-DEU node...
INFO [2024-09-03 14:27:12] [THERMAL] - Adding DEU_GAS_GTKWDARMSTADT11128_HEIZKRAFTWERKK11271_HEIZKRAFTWERK generator to EU-DEU node...
INFO [2024-09-03 14:27:12] [THERMAL] - Adding DEU_GAS_NATURALGASTUR11501_WERKSKRAFTWERK11804_BOCHUM10983_E generator to EU-DEU node...
INFO [2024-09-03 14:27:12] [THERMAL] - Adding DEU_GAS_HKWCHEMNITZN11199_HKWELTMANN11201_HKWWRTH11238_GUDAN generator to EU-DEU node...
INFO [2024-09-03 14:27:12] [THERMAL] - Adding DEU_GAS_INDUSTRIEPARKW11335_EMDENNATURALG11086_KOMBIHKW11388 generator to EU-DEU node...
INFO [2024-09-03 14:27:12] [THERMAL] - Adding DEU_COA_WACHTBERGPOWER11777_HASTEDTPOWERS11251_HKWWEST11234_ generator to EU-DEU node...
INFO [2024-09-03 14:27:13] [THERMAL] - Adding DEU_COA_TRIANELKOHLEKR11742_WILHELMSHAVENP11817_ALTBACHPOWER generator to EU-DEU node...
INFO [2024-09-03 14:27:13] [THERMAL] - Adding DEU_COA_BUERPOWERSTAT11001_COTTBUSCHPPOW11019_COLOGNEMERKENI generator to EU-DEU node...
INFO [2024-09-03 14:27:13] [THERMAL] - Adding DEU_COA_CHEMIEPARKMARL11011_HKWWEST11233 generator to EU-DEU node...
INFO [2024-09-03 14:27:13] [THERMAL] - Adding DEU_COA_BREMENFARGEPO10995_BUSCHHAUSPOWER11002_MODELLKRAFTWE generator to EU-DEU node...
INFO [2024-09-03 14:27:13] [THERMAL] - Adding DEU_COA_KWM11360_SCHOLVENPOWER11669_LNENPOWERST11449_BERGKAM generator to EU-DEU node...
INFO [2024-09-03 14:27:14] [THERMAL] - Adding DEU_COA_TIEFSTACKPOWER11739_FLENSBURGPOWER11111_KRAFTWERKENS generator to EU-DEU node...
INFO [2024-09-03 14:27:14] [THERMAL] - Adding DEU_COA_GKHHANNOVERPO11123_KWVOERDE11348_JANSCHWALDEPOW11338 generator to EU-DEU node...
INFO [2024-09-03 14:27:14] [THERMAL] - Adding DEU_COA_HKWI11211_GKRAFTWERK11121_KRAFTWERKN23011406 generator to EU-DEU node...
INFO [2024-09-03 14:27:14] [THERMAL] - Adding DEU_COA_KRAFTWERKWERDO11414_STUTTGARTMUENS11720_KIELPOWERSTA generator to EU-DEU node...
INFO [2024-09-03 14:27:15] [THERMAL] - Adding DEU_COA_BRAUNKOHLEKRAFT10993_HEYDENPOWERST11292_LIPPENDORFPO generator to EU-DEU node...
INFO [2024-09-03 14:27:15] [THERMAL] - Adding DEU_COA_HEIZKRAFTWERK311260_KWWEST11350_HAFENPOWERSTA11244_W generator to EU-DEU node...
INFO [2024-09-03 14:27:15] [THERMAL] - Adding DEU_COA_HEIZKRAFTWERKS11279_HEIZKRAFTWERKD11281_PLWERKJLIC11 generator to EU-DEU node...
INFO [2024-09-03 14:27:15] [THERMAL] - Adding DEU_COA_HEIZKRAFTWERKF11266_DESSAUPOWERST11037_GRUBENHEIZKRA generator to EU-DEU node...
INFO [2024-09-03 14:27:16] [THERMAL] - Adding DEU_COA_KESSEL411372_KRAFTWERK11391_HKWKARCHERSTR_11214_KOHL generator to EU-DEU node...
INFO [2024-09-03 14:27:16] [THERMAL] - Adding DEU_BIO_WIBIEBRICH11814_ENERTECHAMELN11093_EBKWKNAPSACK11055 generator to EU-DEU node...
INFO [2024-09-03 14:27:16] [THERMAL] - Adding DEU_WAS_MHKWFRANKFURT11454_STORAENSOMAXA11716 generator to EU-DEU node...
INFO [2024-09-03 14:27:16] [THERMAL] - Adding DEU_WAS_KARNAP11365_TRVBUSCHHAUS11728_BIOMASSGENERAT10955 generator to EU-DEU node...
INFO [2024-09-03 14:27:17] [THERMAL] - Adding DEU_BIO_BIOHKWHERBREC10945_BIOMASSGENERAT10968_BMHKWRERECKLI generator to EU-DEU node...
INFO [2024-09-03 14:27:17] [THERMAL] - Adding DEU_BIO_BIOMASSGENERAT10961_DT11026_MLLKRAFTWERK11494_MHKWRO generator to EU-DEU node...
INFO [2024-09-03 14:27:17] [THERMAL] - Adding DEU_BIO_BIOMASSGENERAT10953_FHKWLUDWIGSHAF11103_KRAFTWERKSCH generator to EU-DEU node...
INFO [2024-09-03 14:27:17] [THERMAL] - Adding DEU_BIO_BIOMASSGENERAT10962_BIOMASSEHEIZKRA10973_EEWGPPINGEN generator to EU-DEU node...
INFO [2024-09-03 14:27:18] [THERMAL] - Adding DEU_WAS_EEWENERGYFROM11059_EEWGRORSCH11060_TURBOSATZ111747_G generator to EU-DEU node...
INFO [2024-09-03 14:27:18] [THERMAL] - Adding DEU_WAS_MHKW11451_HKWMANNHEIM11216_RMVAKLN11598 generator to EU-DEU node...
INFO [2024-09-03 14:27:18] [THERMAL] - Adding DEU_WAS_MVABIELEFELD11460 generator to EU-DEU node...
INFO [2024-09-03 14:27:18] [THERMAL] - Adding DEU_BIO_BLOCKHEIZKRAFTW10981_ZWSF11844 generator to EU-DEU node...
INFO [2024-09-03 14:27:19] [THERMAL] - Adding DEU_WAS_BIOMASSGENERAT10951_MHKWWKW11452_BIOMASSEHEIZKR10970 generator to EU-DEU node...
INFO [2024-09-03 14:27:19] [THERMAL] - Adding DEU_BIO_BIOENERGIEPARK10946_BIOMASSEHEIZKRA10972_BIOMASSEKRA generator to EU-DEU node...
INFO [2024-09-03 14:27:19] [THERMAL] - Adding DEU_WAS_DAMPFTURBINENAN11028_REUTERWASTEFA11615 generator to EU-DEU node...
INFO [2024-09-03 14:27:20] [THERMAL] - Adding DEU_BIO_ZELLSTOFFSTEND11847_ZOLLINGPOWERS11851_CAPACITYSCALE generator to EU-DEU node...
INFO [2024-09-03 14:27:20] [THERMAL] - Adding DEU_NUC_GROHNDE11162 generator to EU-DEU node...
INFO [2024-09-03 14:27:20] [THERMAL] - Adding DEU_NUC_NECKARWESTHEIM11499 generator to EU-DEU node...
INFO [2024-09-03 14:27:21] [THERMAL] - Adding DEU_NUC_EMSLAND11062 generator to EU-DEU node...
INFO [2024-09-03 14:27:21] [THERMAL] - Adding DEU_NUC_PHILIPPSBURG211562 generator to EU-DEU node...
INFO [2024-09-03 14:27:21] [THERMAL] - Adding DEU_NUC_BROKDORF10922 generator to EU-DEU node...
INFO [2024-09-03 14:27:21] [THERMAL] - Adding DEU_NUC_ISAR211322 generator to EU-DEU node...
INFO [2024-09-03 14:27:22] [THERMAL] - Adding DEU_NUC_KERNKRAFTGUNDR11370 generator to EU-DEU node...
INFO [2024-09-03 14:27:22] [THERMAL] - Adding DEU_OIL_AUDORF10902_ITZEHOE11337 generator to EU-DEU node...
INFO [2024-09-03 14:27:22] [THERMAL] - Adding DEU_OIL_BRUNSBTTEL11000 generator to EU-DEU node...
INFO [2024-09-03 14:27:23] [THERMAL] - Adding DEU_OIL_SKWNATURALGAS11651_KRAFTWERKFULDA11397 generator to EU-DEU node...
INFO [2024-09-03 14:27:23] [THERMAL] - Adding DEU_OIL_KRAFTWERKHAUSH11399_RAFFINERIEKRAFT11601 generator to EU-DEU node...
INFO [2024-09-03 14:27:23] [THERMAL] - Adding DEU_OIL_WILHELMSHAVEN11816_SPITZENLASTANLA11702 generator to EU-DEU node...
INFO [2024-09-03 14:27:24] [THERMAL] - Adding DEU_OIL_WILMERSDORF11818_CAPACITYSCALER generator to EU-DEU node...
INFO [2024-09-03 14:27:24] [THERMAL] - Adding DEU_OIL_EEV11058 generator to EU-DEU node...
INFO [2024-09-03 14:27:24] [THERMAL] - Adding DEU_OIL_IKSPCKSCHWEDT11316 generator to EU-DEU node...
INFO [2024-09-03 14:27:25] [THERMAL] - Adding DEU_OIL_WEDEL11792 generator to EU-DEU node...
INFO [2024-09-03 14:27:25] [THERMAL] - Adding DEU_OIL_SPITZENLASTKRAF11703_KRAFTWERKWALHE11413 generator to EU-DEU node...
INFO [2024-09-03 14:27:25] [THERMAL] - Adding DEU_OIL_KRAFTWERK11392_MIRO11477 generator to EU-DEU node...
INFO [2024-09-03 14:27:26] [THERMAL] - Adding DEU_OIL_KWMITTELSBRE11346 generator to EU-DEU node...
INFO [2024-09-03 14:27:26] [THERMAL] - Adding DEU_OIL_MOABITOIL11482 generator to EU-DEU node...
INFO [2024-09-03 14:27:26] [THERMAL] - Adding DEU_OIL_RAFFINERIEKRAFT11602 generator to EU-DEU node...
INFO [2024-09-03 14:27:27] [THERMAL] - Adding DEU_OIL_DKWLEINAU11024_DKWNORD11025_SKWDIESEL11650_SPITZENLA generator to EU-DEU node...
INFO [2024-09-03 14:27:27] [THERMAL] - Adding DEU_GEO_CAPACITYSCALER generator to EU-DEU node...
INFO [2024-09-03 14:27:28] [THERMAL] - Adding DEU_WAV_CAPACITYSCALER generator to EU-DEU node...
INFO [2024-09-03 14:27:28] [THERMAL] - Adding DEU_OTH_ILKEKT11319 generator to EU-DEU node...
INFO [2024-09-03 14:27:28] [THERMAL] - Adding DEU_OTH_BIOMASSGENERAT10952 generator to EU-DEU node...
INFO [2024-09-03 14:27:29] [THERMAL] - Adding DEU_OTH_HKWWEST11236 generator to EU-DEU node...
INFO [2024-09-03 14:27:29] [THERMAL] - Adding DEU_OTH_DKKRAFTWERK11023 generator to EU-DEU node...
INFO [2024-09-03 14:27:30] [THERMAL] - Adding DEU_OTH_EBSHEIZKRAFTWE11057 generator to EU-DEU node...
INFO [2024-09-03 14:27:30] [THERMAL] - Adding DEU_OTH_OXEAGMBH11555 generator to EU-DEU node...
INFO [2024-09-03 14:27:30] [THERMAL] - Adding DEU_OTH_KRAFTWERKNORD11407 generator to EU-DEU node...
INFO [2024-09-03 14:27:31] [THERMAL] - Adding DEU_OTH_GICHTNATURALGA11145 generator to EU-DEU node...
INFO [2024-09-03 14:27:31] [THERMAL] - Adding DEU_OTH_O1011535 generator to EU-DEU node...
INFO [2024-09-03 14:27:31] [THERMAL] - Adding DEU_OTH_IKW11317 generator to EU-DEU node...
INFO [2024-09-03 14:27:32] [THERMAL] - Adding DEU_OTH_KRAFTWERKSALZG11409 generator to EU-DEU node...
INFO [2024-09-03 14:27:32] [THERMAL] - Adding FRA_GAS_GENNEVILLIERS19464 generator to EU-FRA node...
INFO [2024-09-03 14:27:32] [THERMAL] - Adding FRA_GAS_PONTSURSAMBRE10198 generator to EU-FRA node...
INFO [2024-09-03 14:27:32] [THERMAL] - Adding FRA_GAS_CROIXDEMETZ9304 generator to EU-FRA node...
INFO [2024-09-03 14:27:32] [THERMAL] - Adding FRA_GAS_COMBIGOLFE9114 generator to EU-FRA node...
INFO [2024-09-03 14:27:32] [THERMAL] - Adding FRA_GAS_BLENOD58946 generator to EU-FRA node...
INFO [2024-09-03 14:27:33] [THERMAL] - Adding FRA_GAS_EMILEHUCHET9363 generator to EU-FRA node...
INFO [2024-09-03 14:27:33] [THERMAL] - Adding FRA_GAS_BOUCHAIN78948 generator to EU-FRA node...
INFO [2024-09-03 14:27:33] [THERMAL] - Adding FRA_GAS_MARTIGUESPONTE9866 generator to EU-FRA node...
INFO [2024-09-03 14:27:33] [THERMAL] - Adding FRA_GAS_CAPACITYSCALER generator to EU-FRA node...
INFO [2024-09-03 14:27:33] [THERMAL] - Adding FRA_GAS_DK69328 generator to EU-FRA node...
INFO [2024-09-03 14:27:33] [THERMAL] - Adding FRA_COA_LUCY39603 generator to EU-FRA node...
INFO [2024-09-03 14:27:34] [THERMAL] - Adding FRA_COA_CAPACITYSCALER generator to EU-FRA node...
INFO [2024-09-03 14:27:34] [THERMAL] - Adding FRA_COA_EMILEHUCHET9364 generator to EU-FRA node...
INFO [2024-09-03 14:27:34] [THERMAL] - Adding FRA_COA_CORDEMAIS49116_HAVRE49538 generator to EU-FRA node...
INFO [2024-09-03 14:27:34] [THERMAL] - Adding FRA_COA_PROVENCE510115 generator to EU-FRA node...
INFO [2024-09-03 14:27:34] [THERMAL] - Adding FRA_BIO_PITHIVIERS10150_SAINTMARTINDE10457_VEDNE10745 generator to EU-FRA node...
INFO [2024-09-03 14:27:35] [THERMAL] - Adding FRA_BIO_ALLEMANT8850_AMANVILLERS8862_AUCH8917_BIMONT9017_BOR generator to EU-FRA node...
INFO [2024-09-03 14:27:35] [THERMAL] - Adding FRA_BIO_ARGENTEUIL8892_CHAMBRY9191_ANTIBES8878_MDAMILL9926_N generator to EU-FRA node...
INFO [2024-09-03 14:27:35] [THERMAL] - Adding FRA_BIO_CAPACITYSCALER generator to EU-FRA node...
INFO [2024-09-03 14:27:35] [THERMAL] - Adding FRA_BIO_AMIENS8869_BLARINGHEM9020_CONCARNEAU9263_CRPYENVALOI generator to EU-FRA node...
INFO [2024-09-03 14:27:36] [THERMAL] - Adding FRA_BIO_NICE10055_SAINTOUEN10475_LEMANS9746_VAUXLEPNIL10743_ generator to EU-FRA node...
INFO [2024-09-03 14:27:36] [THERMAL] - Adding FRA_BIO_MONTECH9977_NOYELLESSOUSL10067_VILLEFRANCHESU10775_A generator to EU-FRA node...
INFO [2024-09-03 14:27:36] [THERMAL] - Adding FRA_BIO_CALCE9127 generator to EU-FRA node...
INFO [2024-09-03 14:27:36] [THERMAL] - Adding FRA_BIO_AIXENPROVENCE8840_ARPAJONSURC8897_BAYONNE8976_CENON9 generator to EU-FRA node...
INFO [2024-09-03 14:27:36] [THERMAL] - Adding FRA_BIO_BAILLEULSURTH8957_BARSURAUBE8965_BENET8996_BNAC9102_ generator to EU-FRA node...
INFO [2024-09-03 14:27:37] [THERMAL] - Adding FRA_BIO_LEPLESSISGASS9757_SAINTJEANDEF10422_CLERMONTFERRAN92 generator to EU-FRA node...
INFO [2024-09-03 14:27:37] [THERMAL] - Adding FRA_BIO_FOSSURMER9434 generator to EU-FRA node...
INFO [2024-09-03 14:27:37] [THERMAL] - Adding FRA_BIO_VERTLEGRAND10758 generator to EU-FRA node...
INFO [2024-09-03 14:27:37] [THERMAL] - Adding FRA_BIO_ISSYLESMOULIN9578 generator to EU-FRA node...
INFO [2024-09-03 14:27:37] [THERMAL] - Adding FRA_BIO_COURON9296_DOUCHYLESMINE9352_LATRONCHE9660_LESCAR979 generator to EU-FRA node...
INFO [2024-09-03 14:27:38] [THERMAL] - Adding FRA_NUC_STLAURENT10330 generator to EU-FRA node...
INFO [2024-09-03 14:27:38] [THERMAL] - Adding FRA_NUC_CHINON9109 generator to EU-FRA node...
INFO [2024-09-03 14:27:38] [THERMAL] - Adding FRA_NUC_BLAYAIS8945 generator to EU-FRA node...
INFO [2024-09-03 14:27:39] [THERMAL] - Adding FRA_NUC_CRUAS9118_TRICASTIN110646 generator to EU-FRA node...
INFO [2024-09-03 14:27:39] [THERMAL] - Adding FRA_NUC_BELLEVILLE8944_GOLFECH9466_NOGENT10036 generator to EU-FRA node...
INFO [2024-09-03 14:27:39] [THERMAL] - Adding FRA_NUC_FLAMANVILLE9394_PENLY10110 generator to EU-FRA node...
INFO [2024-09-03 14:27:40] [THERMAL] - Adding FRA_NUC_STALBAN10328 generator to EU-FRA node...
INFO [2024-09-03 14:27:40] [THERMAL] - Adding FRA_NUC_GRAVELINES9468 generator to EU-FRA node...
INFO [2024-09-03 14:27:40] [THERMAL] - Adding FRA_NUC_CATTENOM9106 generator to EU-FRA node...
INFO [2024-09-03 14:27:41] [THERMAL] - Adding FRA_NUC_FESSENHEIM9393 generator to EU-FRA node...
INFO [2024-09-03 14:27:41] [THERMAL] - Adding FRA_NUC_PALUEL10108 generator to EU-FRA node...
INFO [2024-09-03 14:27:41] [THERMAL] - Adding FRA_NUC_DAMPIERRE9326 generator to EU-FRA node...
INFO [2024-09-03 14:27:41] [THERMAL] - Adding FRA_NUC_BUGEY8952 generator to EU-FRA node...
INFO [2024-09-03 14:27:42] [THERMAL] - Adding FRA_NUC_CIVAUX9111 generator to EU-FRA node...
INFO [2024-09-03 14:27:42] [THERMAL] - Adding FRA_NUC_CHOOZ9110 generator to EU-FRA node...
INFO [2024-09-03 14:27:42] [THERMAL] - Adding FRA_OIL_BRENNILIS8950 generator to EU-FRA node...
INFO [2024-09-03 14:27:43] [THERMAL] - Adding FRA_OIL_DIRINON9327 generator to EU-FRA node...
INFO [2024-09-03 14:27:43] [THERMAL] - Adding FRA_OIL_ARRIGHI8823 generator to EU-FRA node...
INFO [2024-09-03 14:27:43] [THERMAL] - Adding FRA_OIL_CORDEMAIS9115 generator to EU-FRA node...
INFO [2024-09-03 14:27:44] [THERMAL] - Adding FRA_OIL_CAPACITYSCALER generator to EU-FRA node...
INFO [2024-09-03 14:27:44] [THERMAL] - Adding FRA_OIL_PORCHEVILLE10112 generator to EU-FRA node...
INFO [2024-09-03 14:27:44] [THERMAL] - Adding FRA_GEO_BOUILLANTE9046 generator to EU-FRA node...
INFO [2024-09-03 14:27:44] [THERMAL] - Adding FRA_WAV_RANCE10241 generator to EU-FRA node...
INFO [2024-09-03 14:27:45] [THERMAL] - Adding FRA_WAV_CAPACITYSCALER generator to EU-FRA node...
INFO [2024-09-03 14:27:50] [MAIN] - Done adding thermal data! (run time : 0.79min).

INFO [2024-09-03 14:27:50] [MAIN] - Fetching battery data...

INFO [2024-09-03 14:27:50] [MAIN] - Aggregating identical batteries...
INFO [2024-09-03 14:27:51] [STORAGE] - Adding CHE_CHE_SwissDualCircui104 battery to EU-CHE node...
INFO [2024-09-03 14:27:51] [STORAGE] - Adding CHE_CHE_50kW60kWhEnergy99_Passivhaus50kW1103 battery to EU-CHE node...
INFO [2024-09-03 14:27:51] [STORAGE] - Adding CHE_CHE_CKWESpeicherWer100 battery to EU-CHE node...
INFO [2024-09-03 14:27:51] [STORAGE] - Adding CHE_CHE_LausannePolytec102 battery to EU-CHE node...
INFO [2024-09-03 14:27:51] [STORAGE] - Adding CHE_CHE_EPFLLeclancheDi101 battery to EU-CHE node...
INFO [2024-09-03 14:27:52] [STORAGE] - Adding CHE_CHE_TheZurichDietik105 battery to EU-CHE node...
INFO [2024-09-03 14:27:52] [STORAGE] - Adding CHE_PHS_OvaSpinPumpedHy119 battery to EU-CHE node...
INFO [2024-09-03 14:27:52] [STORAGE] - Adding CHE_PHS_Handeck3PumpedH112 battery to EU-CHE node...
INFO [2024-09-03 14:27:52] [STORAGE] - Adding CHE_PHS_EtzelwerkPumped107 battery to EU-CHE node...
INFO [2024-09-03 14:27:52] [STORAGE] - Adding CHE_PHS_TierfehdNestilP121 battery to EU-CHE node...
INFO [2024-09-03 14:27:53] [STORAGE] - Adding CHE_PHS_RobieiPumpedHyd120 battery to EU-CHE node...
INFO [2024-09-03 14:27:53] [STORAGE] - Adding CHE_PHS_GougraPumpedHyd109 battery to EU-CHE node...
INFO [2024-09-03 14:27:53] [STORAGE] - Adding CHE_PHS_FerreraPumpedHy108 battery to EU-CHE node...
INFO [2024-09-03 14:27:53] [STORAGE] - Adding CHE_PHS_HongrinLemanPum113 battery to EU-CHE node...
INFO [2024-09-03 14:27:54] [STORAGE] - Adding CHE_PHS_VeytauxFMHLPump122 battery to EU-CHE node...
INFO [2024-09-03 14:27:54] [STORAGE] - Adding CHE_PHS_Grimsel2PumpedH110 battery to EU-CHE node...
INFO [2024-09-03 14:27:54] [STORAGE] - Adding CHE_PHS_EmossonPumpedHy106 battery to EU-CHE node...
INFO [2024-09-03 14:27:55] [STORAGE] - Adding CHE_PHS_MapraggPumpedHy117 battery to EU-CHE node...
INFO [2024-09-03 14:27:55] [STORAGE] - Adding CHE_PHS_LinthLimmernPum116 battery to EU-CHE node...
INFO [2024-09-03 14:27:55] [STORAGE] - Adding CHE_PHS_Grimsel3PumpedH111 battery to EU-CHE node...
INFO [2024-09-03 14:27:56] [STORAGE] - Adding CHE_PHS_NantdeDrancePum118 battery to EU-CHE node...
INFO [2024-09-03 14:27:56] [STORAGE] - Adding CHE_PHS_LagoBiancoPumpe114_Linthal2015Lint115 battery to EU-CHE node...
INFO [2024-09-03 14:27:56] [STORAGE] - Adding DEU_CHE_IHEMIntelligent251 battery to EU-DEU node...
INFO [2024-09-03 14:27:56] [STORAGE] - Adding DEU_CHE_Web2EnergySmart264 battery to EU-DEU node...
INFO [2024-09-03 14:27:57] [STORAGE] - Adding DEU_CHE_10kW100kWhHaakF228 battery to EU-DEU node...
INFO [2024-09-03 14:27:57] [STORAGE] - Adding DEU_CHE_SmartOperatorWi259 battery to EU-DEU node...
INFO [2024-09-03 14:27:57] [STORAGE] - Adding DEU_CHE_QinousDemonstra254 battery to EU-DEU node...
INFO [2024-09-03 14:27:58] [STORAGE] - Adding DEU_CHE_IntelligentesNe252 battery to EU-DEU node...
INFO [2024-09-03 14:27:58] [STORAGE] - Adding DEU_CHE_CellcubeWilliba238 battery to EU-DEU node...
INFO [2024-09-03 14:27:58] [STORAGE] - Adding DEU_CHE_BatteryEnergySt232_Netlab2Sonderbu253_SmartOperatorW battery to EU-DEU node...
INFO [2024-09-03 14:27:58] [STORAGE] - Adding DEU_CHE_SwagBoschCommun263 battery to EU-DEU node...
INFO [2024-09-03 14:27:59] [STORAGE] - Adding DEU_CHE_CustomerProject239_FastChargingeBu247 battery to EU-DEU node...
INFO [2024-09-03 14:27:59] [STORAGE] - Adding DEU_CHE_HIUPVBatterySys250 battery to EU-DEU node...
INFO [2024-09-03 14:27:59] [STORAGE] - Adding DEU_CHE_SmartOperator257_SmartOperatorKi258 battery to EU-DEU node...
INFO [2024-09-03 14:28:00] [STORAGE] - Adding DEU_CHE_QinousDemonstra255 battery to EU-DEU node...
INFO [2024-09-03 14:28:00] [STORAGE] - Adding DEU_CHE_SmartRegionPell261 battery to EU-DEU node...
INFO [2024-09-03 14:28:00] [STORAGE] - Adding DEU_CHE_YounicosandVatt266 battery to EU-DEU node...
INFO [2024-09-03 14:28:01] [STORAGE] - Adding DEU_CHE_EEBattEnergyNei244 battery to EU-DEU node...
INFO [2024-09-03 14:28:01] [STORAGE] - Adding DEU_CHE_250kW1MWhElCheW231_BatteryEnergySt233 battery to EU-DEU node...
INFO [2024-09-03 14:28:01] [STORAGE] - Adding DEU_CHE_DMGGildemeister241 battery to EU-DEU node...
INFO [2024-09-03 14:28:02] [STORAGE] - Adding DEU_CHE_BoschBraderupES235 battery to EU-DEU node...
INFO [2024-09-03 14:28:02] [STORAGE] - Adding DEU_CHE_SmartRegionPell262 battery to EU-DEU node...
INFO [2024-09-03 14:28:02] [STORAGE] - Adding DEU_CHE_EnerconWindTurb245 battery to EU-DEU node...
INFO [2024-09-03 14:28:03] [STORAGE] - Adding DEU_CHE_1MWLESSYVolklin230 battery to EU-DEU node...
INFO [2024-09-03 14:28:03] [STORAGE] - Adding DEU_CHE_YounicosandVatt267 battery to EU-DEU node...
INFO [2024-09-03 14:28:03] [STORAGE] - Adding DEU_CHE_CatervaSWARM237 battery to EU-DEU node...
INFO [2024-09-03 14:28:04] [STORAGE] - Adding DEU_CHE_EnergyBufferUni246 battery to EU-DEU node...
INFO [2024-09-03 14:28:04] [STORAGE] - Adding DEU_CHE_RedoxWindTheFra256 battery to EU-DEU node...
INFO [2024-09-03 14:28:05] [STORAGE] - Adding DEU_CHE_BoschBraderupES236_DREWAGReick2MWP242 battery to EU-DEU node...
INFO [2024-09-03 14:28:05] [STORAGE] - Adding DEU_CHE_Drverden3MWBatt243 battery to EU-DEU node...
INFO [2024-09-03 14:28:05] [STORAGE] - Adding DEU_CHE_BESSNeuhardenbe234 battery to EU-DEU node...
INFO [2024-09-03 14:28:06] [STORAGE] - Adding DEU_CHE_FeldheimRegiona248 battery to EU-DEU node...
INFO [2024-09-03 14:28:06] [STORAGE] - Adding DEU_CHE_Daimler2ndLifeS240 battery to EU-DEU node...
INFO [2024-09-03 14:28:06] [STORAGE] - Adding DEU_CHE_15MWEnergyStora229 battery to EU-DEU node...
INFO [2024-09-03 14:28:07] [STORAGE] - Adding DEU_CHE_WEMAGSchwerinBa265 battery to EU-DEU node...
INFO [2024-09-03 14:28:07] [STORAGE] - Adding DEU_CHE_GermanyResident249 battery to EU-DEU node...
INFO [2024-09-03 14:28:08] [STORAGE] - Adding DEU_THE_JulichSolarTowe302 battery to EU-DEU node...
INFO [2024-09-03 14:28:08] [STORAGE] - Adding DEU_HYD_ThgaDemonstrati273 battery to EU-DEU node...
INFO [2024-09-03 14:28:09] [STORAGE] - Adding DEU_HYD_EnBWStuttgartHy270 battery to EU-DEU node...
INFO [2024-09-03 14:28:09] [STORAGE] - Adding DEU_HYD_E.ONquotPowerto269_Grapzow140MWWin272 battery to EU-DEU node...
INFO [2024-09-03 14:28:09] [STORAGE] - Adding DEU_HYD_AudiegasProject268_EnergieparkMain271 battery to EU-DEU node...
INFO [2024-09-03 14:28:10] [STORAGE] - Adding DEU_PHS_Kirchentellinsf282 battery to EU-DEU node...
INFO [2024-09-03 14:28:10] [STORAGE] - Adding DEU_PHS_Ruselkraftwerke291 battery to EU-DEU node...
INFO [2024-09-03 14:28:11] [STORAGE] - Adding DEU_PHS_SorpeseePumpedS294 battery to EU-DEU node...
INFO [2024-09-03 14:28:11] [STORAGE] - Adding DEU_PHS_TanzmhlePumpedS295 battery to EU-DEU node...
INFO [2024-09-03 14:28:12] [STORAGE] - Adding DEU_PHS_NiederwarthaPum287 battery to EU-DEU node...
INFO [2024-09-03 14:28:12] [STORAGE] - Adding DEU_PHS_SchwarzenbachPu292 battery to EU-DEU node...
INFO [2024-09-03 14:28:13] [STORAGE] - Adding DEU_PHS_LeitzachwerkI284 battery to EU-DEU node...
INFO [2024-09-03 14:28:13] [STORAGE] - Adding DEU_PHS_LeitzachwerkII285 battery to EU-DEU node...
INFO [2024-09-03 14:28:14] [STORAGE] - Adding DEU_PHS_WendefurthPower300 battery to EU-DEU node...
INFO [2024-09-03 14:28:14] [STORAGE] - Adding DEU_PHS_BleilochPumpedS274 battery to EU-DEU node...
INFO [2024-09-03 14:28:15] [STORAGE] - Adding DEU_PHS_GlemsPumpedStor277 battery to EU-DEU node...
INFO [2024-09-03 14:28:15] [STORAGE] - Adding DEU_PHS_ReisachPumpedSt288 battery to EU-DEU node...
INFO [2024-09-03 14:28:16] [STORAGE] - Adding DEU_PHS_HusernPumpedSto281 battery to EU-DEU node...
INFO [2024-09-03 14:28:16] [STORAGE] - Adding DEU_PHS_GeesthachtPumpe276 battery to EU-DEU node...
INFO [2024-09-03 14:28:17] [STORAGE] - Adding DEU_PHS_WaldeckIPumpedH297 battery to EU-DEU node...
INFO [2024-09-03 14:28:17] [STORAGE] - Adding DEU_PHS_RnkhausenPumped290 battery to EU-DEU node...
INFO [2024-09-03 14:28:18] [STORAGE] - Adding DEU_PHS_WaldshutPumpedS298 battery to EU-DEU node...
INFO [2024-09-03 14:28:19] [STORAGE] - Adding DEU_PHS_HerdeckePumpedS279 battery to EU-DEU node...
INFO [2024-09-03 14:28:19] [STORAGE] - Adding DEU_PHS_Langenprozelten283 battery to EU-DEU node...
INFO [2024-09-03 14:28:20] [STORAGE] - Adding DEU_PHS_WitznauPumpedSt301 battery to EU-DEU node...
INFO [2024-09-03 14:28:20] [STORAGE] - Adding DEU_PHS_ErzhausenPumped275 battery to EU-DEU node...
INFO [2024-09-03 14:28:21] [STORAGE] - Adding DEU_PHS_RiedlEnergyStor289 battery to EU-DEU node...
INFO [2024-09-03 14:28:22] [STORAGE] - Adding DEU_PHS_SckingenPumpedS293 battery to EU-DEU node...
INFO [2024-09-03 14:28:22] [STORAGE] - Adding DEU_PHS_HohenwartePumpe280 battery to EU-DEU node...
INFO [2024-09-03 14:28:23] [STORAGE] - Adding DEU_PHS_WaldeckII296 battery to EU-DEU node...
INFO [2024-09-03 14:28:23] [STORAGE] - Adding DEU_PHS_WehrPumpedStora299 battery to EU-DEU node...
INFO [2024-09-03 14:28:24] [STORAGE] - Adding DEU_PHS_MarkersbachPump286 battery to EU-DEU node...
INFO [2024-09-03 14:28:25] [STORAGE] - Adding DEU_PHS_GoldisthalPumpe278 battery to EU-DEU node...
INFO [2024-09-03 14:28:25] [STORAGE] - Adding FRA_CHE_DIYESS5kWhLiFeP376 battery to EU-FRA node...
INFO [2024-09-03 14:28:26] [STORAGE] - Adding FRA_CHE_DieselGenerator375 battery to EU-FRA node...
INFO [2024-09-03 14:28:26] [STORAGE] - Adding FRA_CHE_EDFENGabardoneP377 battery to EU-FRA node...
INFO [2024-09-03 14:28:27] [STORAGE] - Adding FRA_CHE_NICEGRIDproject380 battery to EU-FRA node...
INFO [2024-09-03 14:28:28] [STORAGE] - Adding FRA_CHE_INESProject379 battery to EU-FRA node...
INFO [2024-09-03 14:28:29] [STORAGE] - Adding FRA_CHE_NICEGRIDproject381 battery to EU-FRA node...
INFO [2024-09-03 14:28:30] [STORAGE] - Adding FRA_CHE_ReunionIslandPe382 battery to EU-FRA node...
INFO [2024-09-03 14:28:30] [STORAGE] - Adding FRA_CHE_EDFRampDLesRena378 battery to EU-FRA node...
INFO [2024-09-03 14:28:31] [STORAGE] - Adding FRA_CHE_CarrosNICEGRIDP374 battery to EU-FRA node...
INFO [2024-09-03 14:28:32] [STORAGE] - Adding FRA_CHE_ADEMEIntelligen373 battery to EU-FRA node...
INFO [2024-09-03 14:28:33] [STORAGE] - Adding FRA_THE_AlbaNova1SolarP394 battery to EU-FRA node...
INFO [2024-09-03 14:28:33] [STORAGE] - Adding FRA_HYD_UniveristyofCor383 battery to EU-FRA node...
INFO [2024-09-03 14:28:34] [STORAGE] - Adding FRA_PHS_AlrancePumpedSt384 battery to EU-FRA node...
INFO [2024-09-03 14:28:35] [STORAGE] - Adding FRA_PHS_ArgentatPumpedS385 battery to EU-FRA node...
INFO [2024-09-03 14:28:35] [STORAGE] - Adding FRA_PHS_LaRanceTidalPow388 battery to EU-FRA node...
INFO [2024-09-03 14:28:36] [STORAGE] - Adding FRA_PHS_LaCochePumpedSt387 battery to EU-FRA node...
INFO [2024-09-03 14:28:37] [STORAGE] - Adding FRA_PHS_LePougetPumpedS390 battery to EU-FRA node...
INFO [2024-09-03 14:28:38] [STORAGE] - Adding FRA_PHS_LeCheylasPumped389 battery to EU-FRA node...
INFO [2024-09-03 14:28:38] [STORAGE] - Adding FRA_PHS_SuperBissortePu393 battery to EU-FRA node...
INFO [2024-09-03 14:28:39] [STORAGE] - Adding FRA_PHS_RevinPumpedStor392 battery to EU-FRA node...
INFO [2024-09-03 14:28:40] [STORAGE] - Adding FRA_PHS_MontzicPumpedSt391 battery to EU-FRA node...
INFO [2024-09-03 14:28:41] [STORAGE] - Adding FRA_PHS_Grand039MaisonD386 battery to EU-FRA node...
INFO [2024-09-03 14:28:41] [MAIN] - Done adding battery data! (run time : 0.85min).

INFO [2024-09-03 14:28:41] [MAIN] - Adding lines between areas...

INFO [2024-09-03 14:28:44] [LINES] - Adding EU-CHE to EU-DEU line...
INFO [2024-09-03 14:28:45] [LINES] - Adding EU-CHE to EU-FRA line...
INFO [2024-09-03 14:28:45] [LINES] - Adding EU-DEU to EU-FRA line...
INFO [2024-09-03 14:28:45] [MAIN] - Done adding lines! (run time : 3.69s).

INFO [2024-09-03 14:28:45] [MAIN] - Finished setting up Antares study! (run time : 2.09min).
 

INFO [2024-09-03 14:28:45] [MAIN] - Starting TSgen_test simulation...
