INFO [2024-09-03 14:26:40] [MAIN] - Creating Deane_Outage__2024_09_03_14_26_40 study...

INFO [2024-09-03 14:26:40] [MAIN] - Unit commitment mode : ACCURATE
INFO [2024-09-03 14:26:40] [MAIN] - Adding nodes...

INFO [2024-09-03 14:26:45] [MAIN] - Done adding nodes! (run time : 4.36s).

INFO [2024-09-03 14:26:45] [MAIN] - Adding districts...

INFO [2024-09-03 14:26:47] [MAIN] - Done adding districts! (run time : 1.7s).

INFO [2024-09-03 14:26:47] [MAIN] - Adding load data...

INFO [2024-09-03 14:26:51] [MAIN] - Done adding load data! (run time : 4.38s).

INFO [2024-09-03 14:26:51] [MAIN] - Fetching wind data...

INFO [2024-09-03 14:26:52] [MAIN] - Done adding wind data! (run time : 0.48s).

INFO [2024-09-03 14:26:52] [MAIN] - Fetching solar data...

INFO [2024-09-03 14:26:52] [MAIN] - Done adding solar data! (run time : 0.59s).

INFO [2024-09-03 14:26:53] [MAIN] - Beginning hydro implementation...
INFO [2024-09-03 14:27:03] [MAIN] - Done adding hydro!
INFO [2024-09-03 14:27:03] [MAIN] - Fetching thermal data...
INFO [2024-09-03 14:27:07] [MAIN] - Aggregating identical generators...
INFO [2024-09-03 14:27:08] [MAIN] - Running 15-clustering algorithm on generators...
INFO [2024-09-03 14:27:08] [MAIN] - Done running 15-clustering algorithm on generators!

INFO [2024-09-03 14:27:50] [MAIN] - Done adding thermal data! (run time : 0.79min).

INFO [2024-09-03 14:27:50] [MAIN] - Fetching battery data...

INFO [2024-09-03 14:27:50] [MAIN] - Aggregating identical batteries...
INFO [2024-09-03 14:28:41] [MAIN] - Done adding battery data! (run time : 0.85min).

INFO [2024-09-03 14:28:41] [MAIN] - Adding lines between areas...

INFO [2024-09-03 14:28:45] [MAIN] - Done adding lines! (run time : 3.69s).

INFO [2024-09-03 14:28:45] [MAIN] - Finished setting up Antares study! (run time : 2.09min).
 

INFO [2024-09-03 14:28:45] [MAIN] - Starting TSgen_test simulation...
