INFO [2024-09-03 17:53:05] [MAIN] - Creating CHEDEUFRA__2024_09_03_17_53_05 study...

INFO [2024-09-03 17:53:05] [MAIN] - Unit commitment mode : ACCURATE
INFO [2024-09-03 17:53:05] [MAIN] - Adding nodes...

INFO [2024-09-03 17:53:08] [NODES] - Adding EU-CHE node...
INFO [2024-09-03 17:53:08] [NODES] - Adding EU-DEU node...
INFO [2024-09-03 17:53:09] [NODES] - Adding EU-FRA node...
INFO [2024-09-03 17:53:09] [MAIN] - Done adding nodes! (run time : 3.58s).

INFO [2024-09-03 17:53:09] [MAIN] - Adding districts...

INFO [2024-09-03 17:53:10] [DISTRICTS] - Creating global district...
INFO [2024-09-03 17:53:10] [DISTRICTS] - Done creating global district!
INFO [2024-09-03 17:53:10] [DISTRICTS] - Creating europe continental district...
INFO [2024-09-03 17:53:10] [DISTRICTS] - Done creating europe continental district!
INFO [2024-09-03 17:53:11] [MAIN] - Done adding districts! (run time : 1.69s).

INFO [2024-09-03 17:53:11] [MAIN] - Adding load data...

INFO [2024-09-03 17:53:13] [LOAD] - Adding EU-CHE load data...
INFO [2024-09-03 17:53:13] [LOAD] - Adding EU-DEU load data...
INFO [2024-09-03 17:53:13] [LOAD] - Adding EU-FRA load data...
INFO [2024-09-03 17:53:13] [MAIN] - Done adding load data! (run time : 2.43s).

INFO [2024-09-03 17:53:13] [MAIN] - Fetching wind data...

INFO [2024-09-03 17:53:13] [WIND] - Adding EU-CHE aggregated wind data...
INFO [2024-09-03 17:53:13] [WIND] - Adding EU-DEU aggregated wind data...
INFO [2024-09-03 17:53:14] [WIND] - Adding EU-FRA aggregated wind data...
INFO [2024-09-03 17:53:14] [MAIN] - Done adding wind data! (run time : 0.45s).

INFO [2024-09-03 17:53:14] [MAIN] - Fetching solar data...

INFO [2024-09-03 17:53:14] [SOLAR] - Adding EU-CHE aggregated solar data...
INFO [2024-09-03 17:53:14] [SOLAR] - Adding EU-DEU aggregated solar data...
INFO [2024-09-03 17:53:14] [SOLAR] - Adding EU-FRA aggregated solar data...
INFO [2024-09-03 17:53:14] [MAIN] - Done adding solar data! (run time : 0.51s).

INFO [2024-09-03 17:53:14] [MAIN] - Beginning hydro implementation...
INFO [2024-09-03 17:53:16] [HYDRO] - Initializing EU-CHE hydro parameters...
INFO [2024-09-03 17:53:17] [HYDRO] - Adding EU-CHE max power timeseries...
INFO [2024-09-03 17:53:18] [HYDRO] - Adding EU-CHE hydro profiles...
INFO [2024-09-03 17:53:19] [HYDRO] - Initializing EU-DEU hydro parameters...
INFO [2024-09-03 17:53:20] [HYDRO] - Adding EU-DEU max power timeseries...
INFO [2024-09-03 17:53:21] [HYDRO] - Adding EU-DEU hydro profiles...
INFO [2024-09-03 17:53:22] [HYDRO] - Initializing EU-FRA hydro parameters...
INFO [2024-09-03 17:53:23] [HYDRO] - Adding EU-FRA max power timeseries...
INFO [2024-09-03 17:53:24] [HYDRO] - Adding EU-FRA hydro profiles...
INFO [2024-09-03 17:53:24] [MAIN] - Done adding hydro!
INFO [2024-09-03 17:53:24] [MAIN] - Fetching thermal data...
INFO [2024-09-03 17:53:28] [MAIN] - Aggregating identical generators...
INFO [2024-09-03 17:53:29] [MAIN] - Running 15-clustering algorithm on generators...
INFO [2024-09-03 17:53:29] [MAIN] - Done running 15-clustering algorithm on generators!

INFO [2024-09-03 17:53:29] [THERMAL] - Adding CHE_GAS_CAPACITYSCALER generator to EU-CHE node...
INFO [2024-09-03 17:53:29] [THERMAL] - Adding CHE_COA_CAPACITYSCALER generator to EU-CHE node...
INFO [2024-09-03 17:53:30] [THERMAL] - Adding CHE_BIO_CAPACITYSCALER generator to EU-CHE node...
INFO [2024-09-03 17:53:30] [THERMAL] - Adding CHE_NUC_KERNKRAFTWERKB17760 generator to EU-CHE node...
INFO [2024-09-03 17:53:30] [THERMAL] - Adding CHE_NUC_KERNKRAFTWERKM17763 generator to EU-CHE node...
INFO [2024-09-03 17:53:30] [THERMAL] - Adding CHE_NUC_KERNKRAFTWERKL17762 generator to EU-CHE node...
INFO [2024-09-03 17:53:30] [THERMAL] - Adding CHE_NUC_KERNKRAFTWERKG17761 generator to EU-CHE node...
INFO [2024-09-03 17:53:31] [THERMAL] - Adding CHE_OIL_CAPACITYSCALER generator to EU-CHE node...
INFO [2024-09-03 17:53:31] [THERMAL] - Adding DEU_GAS_EGGERKRAFTWERK11073_HKWBOHRHGEL11197_KWKANLAGEKREF11 generator to EU-DEU node...
INFO [2024-09-03 17:53:31] [THERMAL] - Adding DEU_GAS_GUDBITTERFELD11171_GUDMARIENEHE11174_HKWMERKENICH112 generator to EU-DEU node...
INFO [2024-09-03 17:53:31] [THERMAL] - Adding DEU_GAS_HEIZKRAFTWERK111258_HKW111191_HKWSCHWERINLA11230_NAT generator to EU-DEU node...
INFO [2024-09-03 17:53:31] [THERMAL] - Adding DEU_GAS_RAGANTHRAZITI11596_EVCGLOBALFOU11064_KRAFTWERK211393 generator to EU-DEU node...
INFO [2024-09-03 17:53:32] [THERMAL] - Adding DEU_GAS_DORMAGEN11044_NATURALGASBLOC11508_THYROW11738_HUCKIN generator to EU-DEU node...
INFO [2024-09-03 17:53:32] [THERMAL] - Adding DEU_GAS_KIRCHMSER11375_HEIZKRAFTWERKL11273_DOWSTADE11047_DAM generator to EU-DEU node...
INFO [2024-09-03 17:53:32] [THERMAL] - Adding DEU_GAS_GUDHKWNEUBRAN11179_GUDBAUNATALV11170_SDDT111723_HKWB generator to EU-DEU node...
INFO [2024-09-03 17:53:32] [THERMAL] - Adding DEU_GAS_HKWHILTROP11209_HKWSCHWERINS11231_NATURALGASKRAF1150 generator to EU-DEU node...
INFO [2024-09-03 17:53:33] [THERMAL] - Adding DEU_GAS_GEMEINSCHAFTSKR11138_RHEINHAFENDAMP11618_EMSLAND1108 generator to EU-DEU node...
INFO [2024-09-03 17:53:33] [THERMAL] - Adding DEU_GAS_GTKWDARMSTADT11128_HEIZKRAFTWERKK11271_HEIZKRAFTWERK generator to EU-DEU node...
INFO [2024-09-03 17:53:33] [THERMAL] - Adding DEU_GAS_KWKIRCHLENGERN11345_HKWNIEHL211221_LICHTERFELDE11438 generator to EU-DEU node...
INFO [2024-09-03 17:53:33] [THERMAL] - Adding DEU_GAS_HKWNIEDERRAD11220_GUDTIEFSTACK11176_SDDT6011724_GUDI generator to EU-DEU node...
INFO [2024-09-03 17:53:33] [THERMAL] - Adding DEU_GAS_KESSEL211371_ERWEITERUNGENE11099_BHKWANKLINKER10911_ generator to EU-DEU node...
INFO [2024-09-03 17:53:34] [THERMAL] - Adding DEU_GAS_HKWCHEMNITZN11199_HKWELTMANN11201_HKWWRTH11238_GUDAN generator to EU-DEU node...
INFO [2024-09-03 17:53:34] [THERMAL] - Adding DEU_GAS_KRAFTWERKMITTE11405_HKWHALLETROTH11208_HKWDRESDENNOS generator to EU-DEU node...
INFO [2024-09-03 17:53:34] [THERMAL] - Adding DEU_COA_KESSEL411372_KRAFTWERK11391_HKWKARCHERSTR_11214_KOHL generator to EU-DEU node...
INFO [2024-09-03 17:53:34] [THERMAL] - Adding DEU_COA_KWM11360_SCHOLVENPOWER11669_LNENPOWERST11449_BERGKAM generator to EU-DEU node...
INFO [2024-09-03 17:53:35] [THERMAL] - Adding DEU_COA_TIEFSTACKPOWER11739_FLENSBURGPOWER11111_KRAFTWERKENS generator to EU-DEU node...
INFO [2024-09-03 17:53:35] [THERMAL] - Adding DEU_COA_WAEHLITZPOWER11778_FKK11104 generator to EU-DEU node...
INFO [2024-09-03 17:53:35] [THERMAL] - Adding DEU_COA_TRIANELKOHLEKR11742_WILHELMSHAVENP11817_ALTBACHPOWER generator to EU-DEU node...
INFO [2024-09-03 17:53:35] [THERMAL] - Adding DEU_COA_WUPPERTALELBER11838_DEUBENPOWERST11040_BERLINMOABITP generator to EU-DEU node...
INFO [2024-09-03 17:53:36] [THERMAL] - Adding DEU_COA_BUERPOWERSTAT11001_COTTBUSCHPPOW11019_COLOGNEMERKENI generator to EU-DEU node...
INFO [2024-09-03 17:53:36] [THERMAL] - Adding DEU_COA_GKHHANNOVERPO11123_KWVOERDE11348_JANSCHWALDEPOW11338 generator to EU-DEU node...
INFO [2024-09-03 17:53:36] [THERMAL] - Adding DEU_COA_KRAFTWERKWERDO11414_STUTTGARTMUENS11720_KIELPOWERSTA generator to EU-DEU node...
INFO [2024-09-03 17:53:36] [THERMAL] - Adding DEU_COA_HEIZKRAFTWERKS11279_HEIZKRAFTWERKD11281_PLWERKJLIC11 generator to EU-DEU node...
INFO [2024-09-03 17:53:37] [THERMAL] - Adding DEU_COA_FRIMMERSDORFPO11118_BERLINREUTERW10940_STAUDINGERPOW generator to EU-DEU node...
INFO [2024-09-03 17:53:37] [THERMAL] - Adding DEU_COA_HKWERLANGENC11203_COALPLANT111015_COALPLANT211016_EZ generator to EU-DEU node...
INFO [2024-09-03 17:53:37] [THERMAL] - Adding DEU_COA_KRAFTWERKN23011406_WACHTBERGPOWER11777_HASTEDTPOWERS generator to EU-DEU node...
INFO [2024-09-03 17:53:37] [THERMAL] - Adding DEU_COA_HEIZKRAFTWERKF11266_DESSAUPOWERST11037_GRUBENHEIZKRA generator to EU-DEU node...
INFO [2024-09-03 17:53:38] [THERMAL] - Adding DEU_COA_BRAUNKOHLEKRAFT10993_HEYDENPOWERST11292_LIPPENDORFPO generator to EU-DEU node...
INFO [2024-09-03 17:53:38] [THERMAL] - Adding DEU_WAS_EBKWKNAPSACK11055_KWHAFEN11344_MKVAKREFELD11458_TREA generator to EU-DEU node...
INFO [2024-09-03 17:53:38] [THERMAL] - Adding DEU_WAS_MHKW11451_HKWMANNHEIM11216_RMVAKLN11598 generator to EU-DEU node...
INFO [2024-09-03 17:53:39] [THERMAL] - Adding DEU_BIO_BLOCKHEIZKRAFTW10981_ZWSF11844 generator to EU-DEU node...
INFO [2024-09-03 17:53:39] [THERMAL] - Adding DEU_WAS_KARNAP11365_TRVBUSCHHAUS11728_BIOMASSGENERAT10955 generator to EU-DEU node...
INFO [2024-09-03 17:53:39] [THERMAL] - Adding DEU_WAS_EEWENERGYFROM11059_EEWGRORSCH11060_TURBOSATZ111747_G generator to EU-DEU node...
INFO [2024-09-03 17:53:39] [THERMAL] - Adding DEU_BIO_ZELLSTOFFSTEND11847_ZOLLINGPOWERS11851_CAPACITYSCALE generator to EU-DEU node...
INFO [2024-09-03 17:53:40] [THERMAL] - Adding DEU_BIO_BMKWKNIGSWU10919_HHKWBERLINNEU11189_WERKSKRAFTWERK11 generator to EU-DEU node...
INFO [2024-09-03 17:53:40] [THERMAL] - Adding DEU_WAS_MHKWFRANKFURT11454_STORAENSOMAXA11716 generator to EU-DEU node...
INFO [2024-09-03 17:53:40] [THERMAL] - Adding DEU_BIO_BIOMASSEVERSTR10971_BIOMASSGENERAT10956_BIOMASSGENER generator to EU-DEU node...
INFO [2024-09-03 17:53:41] [THERMAL] - Adding DEU_BIO_BIOHKWHERBREC10945_BIOMASSGENERAT10968_BMHKWRERECKLI generator to EU-DEU node...
INFO [2024-09-03 17:53:41] [THERMAL] - Adding DEU_WAS_MVAINGOLSTADT11462_BIOMASSGENERAT10953_FHKWLUDWIGSHA generator to EU-DEU node...
INFO [2024-09-03 17:53:41] [THERMAL] - Adding DEU_WAS_BIOMASSGENERAT10951_MHKWWKW11452_BIOMASSEHEIZKR10970 generator to EU-DEU node...
INFO [2024-09-03 17:53:41] [THERMAL] - Adding DEU_BIO_BIOMASSGENERAT10962_BIOMASSEHEIZKRA10973_EEWGPPINGEN generator to EU-DEU node...
INFO [2024-09-03 17:53:42] [THERMAL] - Adding DEU_BIO_BIOMASSGENERAT10961_DT11026_MLLKRAFTWERK11494_MHKWRO generator to EU-DEU node...
INFO [2024-09-03 17:53:42] [THERMAL] - Adding DEU_WAS_KRAFTWERKSCHWE11410_IKWRDERSDORF11318_MLLHEIZKRAFTW1 generator to EU-DEU node...
INFO [2024-09-03 17:53:42] [THERMAL] - Adding DEU_NUC_GROHNDE11162 generator to EU-DEU node...
INFO [2024-09-03 17:53:43] [THERMAL] - Adding DEU_NUC_NECKARWESTHEIM11499 generator to EU-DEU node...
INFO [2024-09-03 17:53:43] [THERMAL] - Adding DEU_NUC_EMSLAND11062 generator to EU-DEU node...
INFO [2024-09-03 17:53:43] [THERMAL] - Adding DEU_NUC_PHILIPPSBURG211562 generator to EU-DEU node...
INFO [2024-09-03 17:53:44] [THERMAL] - Adding DEU_NUC_BROKDORF10922 generator to EU-DEU node...
INFO [2024-09-03 17:53:44] [THERMAL] - Adding DEU_NUC_ISAR211322 generator to EU-DEU node...
INFO [2024-09-03 17:53:44] [THERMAL] - Adding DEU_NUC_KERNKRAFTGUNDR11370 generator to EU-DEU node...
INFO [2024-09-03 17:53:44] [THERMAL] - Adding DEU_OIL_IKSPCKSCHWEDT11316_KWMITTELSBRE11346 generator to EU-DEU node...
INFO [2024-09-03 17:53:45] [THERMAL] - Adding DEU_OIL_DKWLEINAU11024_DKWNORD11025_SKWDIESEL11650 generator to EU-DEU node...
INFO [2024-09-03 17:53:45] [THERMAL] - Adding DEU_OIL_SPITZENLASTKRAF11704 generator to EU-DEU node...
INFO [2024-09-03 17:53:45] [THERMAL] - Adding DEU_OIL_WEDEL11792 generator to EU-DEU node...
INFO [2024-09-03 17:53:45] [THERMAL] - Adding DEU_OIL_KRAFTWERKFULDA11397 generator to EU-DEU node...
INFO [2024-09-03 17:53:46] [THERMAL] - Adding DEU_OIL_RAFFINERIEKRAFT11602 generator to EU-DEU node...
INFO [2024-09-03 17:53:46] [THERMAL] - Adding DEU_OIL_MOABITOIL11482_WILHELMSHAVEN11816_SPITZENLASTANLA117 generator to EU-DEU node...
INFO [2024-09-03 17:53:46] [THERMAL] - Adding DEU_OIL_AUDORF10902_ITZEHOE11337_KRAFTWERKHAUSH11399_RAFFINE generator to EU-DEU node...
INFO [2024-09-03 17:53:47] [THERMAL] - Adding DEU_OIL_KRAFTWERKWALHE11413 generator to EU-DEU node...
INFO [2024-09-03 17:53:47] [THERMAL] - Adding DEU_OIL_EEV11058 generator to EU-DEU node...
INFO [2024-09-03 17:53:47] [THERMAL] - Adding DEU_OIL_SPITZENLASTKRAF11703 generator to EU-DEU node...
INFO [2024-09-03 17:53:48] [THERMAL] - Adding DEU_OIL_SKWNATURALGAS11651 generator to EU-DEU node...
INFO [2024-09-03 17:53:48] [THERMAL] - Adding DEU_OIL_KRAFTWERK11392_MIRO11477 generator to EU-DEU node...
INFO [2024-09-03 17:53:48] [THERMAL] - Adding DEU_OIL_WILMERSDORF11818_CAPACITYSCALER generator to EU-DEU node...
INFO [2024-09-03 17:53:49] [THERMAL] - Adding DEU_OIL_BRUNSBTTEL11000 generator to EU-DEU node...
INFO [2024-09-03 17:53:49] [THERMAL] - Adding DEU_GEO_CAPACITYSCALER generator to EU-DEU node...
INFO [2024-09-03 17:53:49] [THERMAL] - Adding DEU_WAV_CAPACITYSCALER generator to EU-DEU node...
INFO [2024-09-03 17:53:50] [THERMAL] - Adding DEU_OTH_ILKEKT11319 generator to EU-DEU node...
INFO [2024-09-03 17:53:50] [THERMAL] - Adding DEU_OTH_BIOMASSGENERAT10952 generator to EU-DEU node...
INFO [2024-09-03 17:53:50] [THERMAL] - Adding DEU_OTH_HKWWEST11236 generator to EU-DEU node...
INFO [2024-09-03 17:53:51] [THERMAL] - Adding DEU_OTH_DKKRAFTWERK11023 generator to EU-DEU node...
INFO [2024-09-03 17:53:51] [THERMAL] - Adding DEU_OTH_EBSHEIZKRAFTWE11057 generator to EU-DEU node...
INFO [2024-09-03 17:53:52] [THERMAL] - Adding DEU_OTH_OXEAGMBH11555 generator to EU-DEU node...
INFO [2024-09-03 17:53:52] [THERMAL] - Adding DEU_OTH_KRAFTWERKNORD11407 generator to EU-DEU node...
INFO [2024-09-03 17:53:52] [THERMAL] - Adding DEU_OTH_GICHTNATURALGA11145 generator to EU-DEU node...
INFO [2024-09-03 17:53:53] [THERMAL] - Adding DEU_OTH_O1011535 generator to EU-DEU node...
INFO [2024-09-03 17:53:53] [THERMAL] - Adding DEU_OTH_IKW11317 generator to EU-DEU node...
INFO [2024-09-03 17:53:53] [THERMAL] - Adding DEU_OTH_KRAFTWERKSALZG11409 generator to EU-DEU node...
INFO [2024-09-03 17:53:53] [THERMAL] - Adding FRA_GAS_GENNEVILLIERS19464 generator to EU-FRA node...
INFO [2024-09-03 17:53:54] [THERMAL] - Adding FRA_GAS_PONTSURSAMBRE10198 generator to EU-FRA node...
INFO [2024-09-03 17:53:54] [THERMAL] - Adding FRA_GAS_CROIXDEMETZ9304 generator to EU-FRA node...
INFO [2024-09-03 17:53:54] [THERMAL] - Adding FRA_GAS_COMBIGOLFE9114 generator to EU-FRA node...
INFO [2024-09-03 17:53:54] [THERMAL] - Adding FRA_GAS_BLENOD58946 generator to EU-FRA node...
INFO [2024-09-03 17:53:54] [THERMAL] - Adding FRA_GAS_EMILEHUCHET9363 generator to EU-FRA node...
INFO [2024-09-03 17:53:54] [THERMAL] - Adding FRA_GAS_BOUCHAIN78948 generator to EU-FRA node...
INFO [2024-09-03 17:53:55] [THERMAL] - Adding FRA_GAS_MARTIGUESPONTE9866 generator to EU-FRA node...
INFO [2024-09-03 17:53:55] [THERMAL] - Adding FRA_GAS_CAPACITYSCALER generator to EU-FRA node...
INFO [2024-09-03 17:53:55] [THERMAL] - Adding FRA_GAS_DK69328 generator to EU-FRA node...
INFO [2024-09-03 17:53:55] [THERMAL] - Adding FRA_COA_LUCY39603 generator to EU-FRA node...
INFO [2024-09-03 17:53:55] [THERMAL] - Adding FRA_COA_CAPACITYSCALER generator to EU-FRA node...
INFO [2024-09-03 17:53:56] [THERMAL] - Adding FRA_COA_EMILEHUCHET9364 generator to EU-FRA node...
INFO [2024-09-03 17:53:56] [THERMAL] - Adding FRA_COA_CORDEMAIS49116_HAVRE49538 generator to EU-FRA node...
INFO [2024-09-03 17:53:56] [THERMAL] - Adding FRA_COA_PROVENCE510115 generator to EU-FRA node...
INFO [2024-09-03 17:53:56] [THERMAL] - Adding FRA_BIO_ANTIBES8878_MDAMILL9926_NMES10077_MORCENX9998_ORLANS generator to EU-FRA node...
INFO [2024-09-03 17:53:57] [THERMAL] - Adding FRA_BIO_ALLEMANT8850_AMANVILLERS8862_AUCH8917_BIMONT9017_BOR generator to EU-FRA node...
INFO [2024-09-03 17:53:57] [THERMAL] - Adding FRA_BIO_LEPLESSISGASS9757_SAINTJEANDEF10422_CLERMONTFERRAN92 generator to EU-FRA node...
INFO [2024-09-03 17:53:57] [THERMAL] - Adding FRA_BIO_DUNKERQUE9360_FORTDEFRANCE9428 generator to EU-FRA node...
INFO [2024-09-03 17:53:57] [THERMAL] - Adding FRA_BIO_PITHIVIERS10150_SAINTMARTINDE10457_VEDNE10745 generator to EU-FRA node...
INFO [2024-09-03 17:53:58] [THERMAL] - Adding FRA_BIO_MONTECH9977_NOYELLESSOUSL10067_VILLEFRANCHESU10775 generator to EU-FRA node...
INFO [2024-09-03 17:53:58] [THERMAL] - Adding FRA_BIO_BOURGOINJALLIE9058_SALAISESURSAN10550 generator to EU-FRA node...
INFO [2024-09-03 17:53:58] [THERMAL] - Adding FRA_BIO_AMIENS8869_BLARINGHEM9020_CONCARNEAU9263_CRPYENVALOI generator to EU-FRA node...
INFO [2024-09-03 17:53:58] [THERMAL] - Adding FRA_BIO_VERTLEGRAND10758_CALCE9127 generator to EU-FRA node...
INFO [2024-09-03 17:53:59] [THERMAL] - Adding FRA_BIO_ISSYLESMOULIN9578 generator to EU-FRA node...
INFO [2024-09-03 17:53:59] [THERMAL] - Adding FRA_BIO_ARQUES8899_BOUROGNE9059_CHANG9200_DIJON9341_GUICHAIN generator to EU-FRA node...
INFO [2024-09-03 17:53:59] [THERMAL] - Adding FRA_BIO_FOSSURMER9434 generator to EU-FRA node...
INFO [2024-09-03 17:53:59] [THERMAL] - Adding FRA_BIO_COURON9296_DOUCHYLESMINE9352_LATRONCHE9660_LESCAR979 generator to EU-FRA node...
INFO [2024-09-03 17:54:00] [THERMAL] - Adding FRA_BIO_NICE10055_SAINTOUEN10475_LEMANS9746_VAUXLEPNIL10743_ generator to EU-FRA node...
INFO [2024-09-03 17:54:00] [THERMAL] - Adding FRA_BIO_CAPACITYSCALER generator to EU-FRA node...
INFO [2024-09-03 17:54:00] [THERMAL] - Adding FRA_NUC_STLAURENT10330 generator to EU-FRA node...
INFO [2024-09-03 17:54:00] [THERMAL] - Adding FRA_NUC_CHINON9109 generator to EU-FRA node...
INFO [2024-09-03 17:54:01] [THERMAL] - Adding FRA_NUC_BLAYAIS8945 generator to EU-FRA node...
INFO [2024-09-03 17:54:01] [THERMAL] - Adding FRA_NUC_CRUAS9118_TRICASTIN110646 generator to EU-FRA node...
INFO [2024-09-03 17:54:01] [THERMAL] - Adding FRA_NUC_BELLEVILLE8944_GOLFECH9466_NOGENT10036 generator to EU-FRA node...
INFO [2024-09-03 17:54:02] [THERMAL] - Adding FRA_NUC_FLAMANVILLE9394_PENLY10110 generator to EU-FRA node...
INFO [2024-09-03 17:54:02] [THERMAL] - Adding FRA_NUC_STALBAN10328 generator to EU-FRA node...
INFO [2024-09-03 17:54:02] [THERMAL] - Adding FRA_NUC_GRAVELINES9468 generator to EU-FRA node...
INFO [2024-09-03 17:54:02] [THERMAL] - Adding FRA_NUC_CATTENOM9106 generator to EU-FRA node...
INFO [2024-09-03 17:54:03] [THERMAL] - Adding FRA_NUC_FESSENHEIM9393 generator to EU-FRA node...
INFO [2024-09-03 17:54:03] [THERMAL] - Adding FRA_NUC_PALUEL10108 generator to EU-FRA node...
INFO [2024-09-03 17:54:03] [THERMAL] - Adding FRA_NUC_DAMPIERRE9326 generator to EU-FRA node...
INFO [2024-09-03 17:54:04] [THERMAL] - Adding FRA_NUC_BUGEY8952 generator to EU-FRA node...
INFO [2024-09-03 17:54:04] [THERMAL] - Adding FRA_NUC_CIVAUX9111 generator to EU-FRA node...
INFO [2024-09-03 17:54:04] [THERMAL] - Adding FRA_NUC_CHOOZ9110 generator to EU-FRA node...
INFO [2024-09-03 17:54:05] [THERMAL] - Adding FRA_OIL_BRENNILIS8950 generator to EU-FRA node...
INFO [2024-09-03 17:54:05] [THERMAL] - Adding FRA_OIL_DIRINON9327 generator to EU-FRA node...
INFO [2024-09-03 17:54:05] [THERMAL] - Adding FRA_OIL_ARRIGHI8823 generator to EU-FRA node...
INFO [2024-09-03 17:54:05] [THERMAL] - Adding FRA_OIL_CORDEMAIS9115 generator to EU-FRA node...
INFO [2024-09-03 17:54:06] [THERMAL] - Adding FRA_OIL_CAPACITYSCALER generator to EU-FRA node...
INFO [2024-09-03 17:54:06] [THERMAL] - Adding FRA_OIL_PORCHEVILLE10112 generator to EU-FRA node...
INFO [2024-09-03 17:54:06] [THERMAL] - Adding FRA_GEO_BOUILLANTE9046 generator to EU-FRA node...
INFO [2024-09-03 17:54:07] [THERMAL] - Adding FRA_WAV_RANCE10241 generator to EU-FRA node...
INFO [2024-09-03 17:54:07] [THERMAL] - Adding FRA_WAV_CAPACITYSCALER generator to EU-FRA node...
INFO [2024-09-03 17:54:25] [MAIN] - Done adding thermal data! (run time : 1.02min).

INFO [2024-09-03 17:54:25] [MAIN] - Fetching battery data...

INFO [2024-09-03 17:54:25] [MAIN] - Aggregating identical batteries...
INFO [2024-09-03 17:54:25] [STORAGE] - Adding CHE_CHE_SwissDualCircui104 battery to EU-CHE node...
INFO [2024-09-03 17:54:26] [STORAGE] - Adding CHE_CHE_50kW60kWhEnergy99_Passivhaus50kW1103 battery to EU-CHE node...
INFO [2024-09-03 17:54:26] [STORAGE] - Adding CHE_CHE_CKWESpeicherWer100 battery to EU-CHE node...
INFO [2024-09-03 17:54:26] [STORAGE] - Adding CHE_CHE_LausannePolytec102 battery to EU-CHE node...
INFO [2024-09-03 17:54:26] [STORAGE] - Adding CHE_CHE_EPFLLeclancheDi101 battery to EU-CHE node...
INFO [2024-09-03 17:54:27] [STORAGE] - Adding CHE_CHE_TheZurichDietik105 battery to EU-CHE node...
INFO [2024-09-03 17:54:27] [STORAGE] - Adding CHE_PHS_OvaSpinPumpedHy119 battery to EU-CHE node...
INFO [2024-09-03 17:54:27] [STORAGE] - Adding CHE_PHS_Handeck3PumpedH112 battery to EU-CHE node...
INFO [2024-09-03 17:54:28] [STORAGE] - Adding CHE_PHS_EtzelwerkPumped107 battery to EU-CHE node...
INFO [2024-09-03 17:54:28] [STORAGE] - Adding CHE_PHS_TierfehdNestilP121 battery to EU-CHE node...
INFO [2024-09-03 17:54:28] [STORAGE] - Adding CHE_PHS_RobieiPumpedHyd120 battery to EU-CHE node...
INFO [2024-09-03 17:54:28] [STORAGE] - Adding CHE_PHS_GougraPumpedHyd109 battery to EU-CHE node...
INFO [2024-09-03 17:54:29] [STORAGE] - Adding CHE_PHS_FerreraPumpedHy108 battery to EU-CHE node...
INFO [2024-09-03 17:54:29] [STORAGE] - Adding CHE_PHS_HongrinLemanPum113 battery to EU-CHE node...
INFO [2024-09-03 17:54:29] [STORAGE] - Adding CHE_PHS_VeytauxFMHLPump122 battery to EU-CHE node...
INFO [2024-09-03 17:54:30] [STORAGE] - Adding CHE_PHS_Grimsel2PumpedH110 battery to EU-CHE node...
INFO [2024-09-03 17:54:30] [STORAGE] - Adding CHE_PHS_EmossonPumpedHy106 battery to EU-CHE node...
INFO [2024-09-03 17:54:30] [STORAGE] - Adding CHE_PHS_MapraggPumpedHy117 battery to EU-CHE node...
INFO [2024-09-03 17:54:30] [STORAGE] - Adding CHE_PHS_LinthLimmernPum116 battery to EU-CHE node...
INFO [2024-09-03 17:54:31] [STORAGE] - Adding CHE_PHS_Grimsel3PumpedH111 battery to EU-CHE node...
INFO [2024-09-03 17:54:31] [STORAGE] - Adding CHE_PHS_NantdeDrancePum118 battery to EU-CHE node...
INFO [2024-09-03 17:54:31] [STORAGE] - Adding CHE_PHS_LagoBiancoPumpe114_Linthal2015Lint115 battery to EU-CHE node...
INFO [2024-09-03 17:54:32] [STORAGE] - Adding DEU_CHE_IHEMIntelligent251 battery to EU-DEU node...
INFO [2024-09-03 17:54:32] [STORAGE] - Adding DEU_CHE_Web2EnergySmart264 battery to EU-DEU node...
INFO [2024-09-03 17:54:32] [STORAGE] - Adding DEU_CHE_10kW100kWhHaakF228 battery to EU-DEU node...
INFO [2024-09-03 17:54:32] [STORAGE] - Adding DEU_CHE_SmartOperatorWi259 battery to EU-DEU node...
INFO [2024-09-03 17:54:33] [STORAGE] - Adding DEU_CHE_QinousDemonstra254 battery to EU-DEU node...
INFO [2024-09-03 17:54:33] [STORAGE] - Adding DEU_CHE_IntelligentesNe252 battery to EU-DEU node...
INFO [2024-09-03 17:54:34] [STORAGE] - Adding DEU_CHE_CellcubeWilliba238 battery to EU-DEU node...
INFO [2024-09-03 17:54:34] [STORAGE] - Adding DEU_CHE_BatteryEnergySt232_Netlab2Sonderbu253_SmartOperatorW battery to EU-DEU node...
INFO [2024-09-03 17:54:34] [STORAGE] - Adding DEU_CHE_SwagBoschCommun263 battery to EU-DEU node...
INFO [2024-09-03 17:54:35] [STORAGE] - Adding DEU_CHE_CustomerProject239_FastChargingeBu247 battery to EU-DEU node...
INFO [2024-09-03 17:54:35] [STORAGE] - Adding DEU_CHE_HIUPVBatterySys250 battery to EU-DEU node...
INFO [2024-09-03 17:54:35] [STORAGE] - Adding DEU_CHE_SmartOperator257_SmartOperatorKi258 battery to EU-DEU node...
INFO [2024-09-03 17:54:36] [STORAGE] - Adding DEU_CHE_QinousDemonstra255 battery to EU-DEU node...
INFO [2024-09-03 17:54:36] [STORAGE] - Adding DEU_CHE_SmartRegionPell261 battery to EU-DEU node...
INFO [2024-09-03 17:54:36] [STORAGE] - Adding DEU_CHE_YounicosandVatt266 battery to EU-DEU node...
INFO [2024-09-03 17:54:37] [STORAGE] - Adding DEU_CHE_EEBattEnergyNei244 battery to EU-DEU node...
INFO [2024-09-03 17:54:37] [STORAGE] - Adding DEU_CHE_250kW1MWhElCheW231_BatteryEnergySt233 battery to EU-DEU node...
INFO [2024-09-03 17:54:37] [STORAGE] - Adding DEU_CHE_DMGGildemeister241 battery to EU-DEU node...
INFO [2024-09-03 17:54:38] [STORAGE] - Adding DEU_CHE_BoschBraderupES235 battery to EU-DEU node...
INFO [2024-09-03 17:54:38] [STORAGE] - Adding DEU_CHE_SmartRegionPell262 battery to EU-DEU node...
INFO [2024-09-03 17:54:38] [STORAGE] - Adding DEU_CHE_EnerconWindTurb245 battery to EU-DEU node...
INFO [2024-09-03 17:54:39] [STORAGE] - Adding DEU_CHE_1MWLESSYVolklin230 battery to EU-DEU node...
INFO [2024-09-03 17:54:39] [STORAGE] - Adding DEU_CHE_YounicosandVatt267 battery to EU-DEU node...
INFO [2024-09-03 17:54:40] [STORAGE] - Adding DEU_CHE_CatervaSWARM237 battery to EU-DEU node...
INFO [2024-09-03 17:54:40] [STORAGE] - Adding DEU_CHE_EnergyBufferUni246 battery to EU-DEU node...
INFO [2024-09-03 17:54:40] [STORAGE] - Adding DEU_CHE_RedoxWindTheFra256 battery to EU-DEU node...
INFO [2024-09-03 17:54:41] [STORAGE] - Adding DEU_CHE_BoschBraderupES236_DREWAGReick2MWP242 battery to EU-DEU node...
INFO [2024-09-03 17:54:41] [STORAGE] - Adding DEU_CHE_Drverden3MWBatt243 battery to EU-DEU node...
INFO [2024-09-03 17:54:41] [STORAGE] - Adding DEU_CHE_BESSNeuhardenbe234 battery to EU-DEU node...
INFO [2024-09-03 17:54:42] [STORAGE] - Adding DEU_CHE_FeldheimRegiona248 battery to EU-DEU node...
INFO [2024-09-03 17:54:42] [STORAGE] - Adding DEU_CHE_Daimler2ndLifeS240 battery to EU-DEU node...
INFO [2024-09-03 17:54:43] [STORAGE] - Adding DEU_CHE_15MWEnergyStora229 battery to EU-DEU node...
INFO [2024-09-03 17:54:44] [STORAGE] - Adding DEU_CHE_WEMAGSchwerinBa265 battery to EU-DEU node...
INFO [2024-09-03 17:54:44] [STORAGE] - Adding DEU_CHE_GermanyResident249 battery to EU-DEU node...
INFO [2024-09-03 17:54:45] [STORAGE] - Adding DEU_THE_JulichSolarTowe302 battery to EU-DEU node...
INFO [2024-09-03 17:54:45] [STORAGE] - Adding DEU_HYD_ThgaDemonstrati273 battery to EU-DEU node...
INFO [2024-09-03 17:54:46] [STORAGE] - Adding DEU_HYD_EnBWStuttgartHy270 battery to EU-DEU node...
INFO [2024-09-03 17:54:46] [STORAGE] - Adding DEU_HYD_E.ONquotPowerto269_Grapzow140MWWin272 battery to EU-DEU node...
INFO [2024-09-03 17:54:47] [STORAGE] - Adding DEU_HYD_AudiegasProject268_EnergieparkMain271 battery to EU-DEU node...
INFO [2024-09-03 17:54:47] [STORAGE] - Adding DEU_PHS_Kirchentellinsf282 battery to EU-DEU node...
INFO [2024-09-03 17:54:48] [STORAGE] - Adding DEU_PHS_Ruselkraftwerke291 battery to EU-DEU node...
INFO [2024-09-03 17:54:48] [STORAGE] - Adding DEU_PHS_SorpeseePumpedS294 battery to EU-DEU node...
INFO [2024-09-03 17:54:49] [STORAGE] - Adding DEU_PHS_TanzmhlePumpedS295 battery to EU-DEU node...
INFO [2024-09-03 17:54:49] [STORAGE] - Adding DEU_PHS_NiederwarthaPum287 battery to EU-DEU node...
INFO [2024-09-03 17:54:50] [STORAGE] - Adding DEU_PHS_SchwarzenbachPu292 battery to EU-DEU node...
INFO [2024-09-03 17:54:50] [STORAGE] - Adding DEU_PHS_LeitzachwerkI284 battery to EU-DEU node...
INFO [2024-09-03 17:54:51] [STORAGE] - Adding DEU_PHS_LeitzachwerkII285 battery to EU-DEU node...
INFO [2024-09-03 17:54:51] [STORAGE] - Adding DEU_PHS_WendefurthPower300 battery to EU-DEU node...
INFO [2024-09-03 17:54:52] [STORAGE] - Adding DEU_PHS_BleilochPumpedS274 battery to EU-DEU node...
INFO [2024-09-03 17:54:52] [STORAGE] - Adding DEU_PHS_GlemsPumpedStor277 battery to EU-DEU node...
INFO [2024-09-03 17:54:53] [STORAGE] - Adding DEU_PHS_ReisachPumpedSt288 battery to EU-DEU node...
INFO [2024-09-03 17:54:54] [STORAGE] - Adding DEU_PHS_HusernPumpedSto281 battery to EU-DEU node...
INFO [2024-09-03 17:54:54] [STORAGE] - Adding DEU_PHS_GeesthachtPumpe276 battery to EU-DEU node...
INFO [2024-09-03 17:54:55] [STORAGE] - Adding DEU_PHS_WaldeckIPumpedH297 battery to EU-DEU node...
INFO [2024-09-03 17:54:55] [STORAGE] - Adding DEU_PHS_RnkhausenPumped290 battery to EU-DEU node...
INFO [2024-09-03 17:54:56] [STORAGE] - Adding DEU_PHS_WaldshutPumpedS298 battery to EU-DEU node...
INFO [2024-09-03 17:54:56] [STORAGE] - Adding DEU_PHS_HerdeckePumpedS279 battery to EU-DEU node...
INFO [2024-09-03 17:54:57] [STORAGE] - Adding DEU_PHS_Langenprozelten283 battery to EU-DEU node...
INFO [2024-09-03 17:54:58] [STORAGE] - Adding DEU_PHS_WitznauPumpedSt301 battery to EU-DEU node...
INFO [2024-09-03 17:54:58] [STORAGE] - Adding DEU_PHS_ErzhausenPumped275 battery to EU-DEU node...
INFO [2024-09-03 17:54:59] [STORAGE] - Adding DEU_PHS_RiedlEnergyStor289 battery to EU-DEU node...
INFO [2024-09-03 17:54:59] [STORAGE] - Adding DEU_PHS_SckingenPumpedS293 battery to EU-DEU node...
INFO [2024-09-03 17:55:00] [STORAGE] - Adding DEU_PHS_HohenwartePumpe280 battery to EU-DEU node...
INFO [2024-09-03 17:55:01] [STORAGE] - Adding DEU_PHS_WaldeckII296 battery to EU-DEU node...
INFO [2024-09-03 17:55:01] [MAIN] - Starting OutageTest simulation...
