INFO [2024-09-03 17:53:05] [MAIN] - Creating CHEDEUFRA__2024_09_03_17_53_05 study...

INFO [2024-09-03 17:53:05] [MAIN] - Unit commitment mode : ACCURATE
INFO [2024-09-03 17:53:05] [MAIN] - Adding nodes...

INFO [2024-09-03 17:53:09] [MAIN] - Done adding nodes! (run time : 3.58s).

INFO [2024-09-03 17:53:09] [MAIN] - Adding districts...

INFO [2024-09-03 17:53:11] [MAIN] - Done adding districts! (run time : 1.69s).

INFO [2024-09-03 17:53:11] [MAIN] - Adding load data...

INFO [2024-09-03 17:53:13] [MAIN] - Done adding load data! (run time : 2.43s).

INFO [2024-09-03 17:53:13] [MAIN] - Fetching wind data...

INFO [2024-09-03 17:53:14] [MAIN] - Done adding wind data! (run time : 0.45s).

INFO [2024-09-03 17:53:14] [MAIN] - Fetching solar data...

INFO [2024-09-03 17:53:14] [MAIN] - Done adding solar data! (run time : 0.51s).

INFO [2024-09-03 17:53:14] [MAIN] - Beginning hydro implementation...
INFO [2024-09-03 17:53:24] [MAIN] - Done adding hydro!
INFO [2024-09-03 17:53:24] [MAIN] - Fetching thermal data...
INFO [2024-09-03 17:53:28] [MAIN] - Aggregating identical generators...
INFO [2024-09-03 17:53:29] [MAIN] - Running 15-clustering algorithm on generators...
INFO [2024-09-03 17:53:29] [MAIN] - Done running 15-clustering algorithm on generators!

INFO [2024-09-03 17:54:25] [MAIN] - Done adding thermal data! (run time : 1.02min).

INFO [2024-09-03 17:54:25] [MAIN] - Fetching battery data...

INFO [2024-09-03 17:54:25] [MAIN] - Aggregating identical batteries...
INFO [2024-09-03 17:55:01] [MAIN] - Starting OutageTest simulation...
