INFO [2024-10-10 12:30:47] [MAIN] - Initializing output folder...
INFO [2024-10-10 12:30:50] [MAIN] - Reading simulations of pre-existing WorldT20B5 UniformVoLL v3 study...
INFO [2024-10-10 12:30:51] [MAIN] - Opening 20241010-0740eco-accurate_test-2 simulation...
INFO [2024-10-10 12:30:51] [MAIN] - Preparing to compare generation values with Deane...
INFO [2024-10-10 12:30:58] [MAIN] - Done comparing generation values with Deane! (run time : 6.81 s).

INFO [2024-10-10 12:30:58] [MAIN] - Preparing to compare emissions values with Deane...
INFO [2024-10-10 12:31:43] [MAIN] - Done comparing emissions values with Deane! (run time : 44.72 s).

INFO [2024-10-10 12:31:43] [MAIN] - Preparing to save import/export ranking of countries...
INFO [2024-10-10 12:31:46] [MAIN] - Import/export ranking of countries has been saved ! (run time : 3.57 s).

INFO [2024-10-10 12:31:46] [MAIN] - Preparing to save global production stack...
INFO [2024-10-10 12:31:57] [MAIN] - Done saving global production stack! (run time : 10.76s).

INFO [2024-10-10 12:31:57] [MAIN] - Preparing to save continental production stacks...
INFO [2024-10-10 12:32:40] [MAIN] - Done saving continental production stacks! (run time : 42.93s).

INFO [2024-10-10 12:32:40] [MAIN] - Preparing to save national production stacks...
INFO [2024-10-10 12:54:48] [MAIN] - Done saving national production stacks! (run time : 22.13min).

INFO [2024-10-10 12:54:48] [MAIN] - Preparing to save regional production stacks...
INFO [2024-10-10 13:06:44] [MAIN] - Done saving regional production stacks! (run time : 11.93min).

INFO [2024-10-10 13:06:44] [MAIN] - Preparing to save global production stack...
INFO [2024-10-10 13:06:50] [MAIN] - Done saving global production stack! (run time : 6.01s).

INFO [2024-10-10 13:06:50] [MAIN] - Preparing to save continental production stacks...
INFO [2024-10-10 13:07:17] [MAIN] - Done saving continental production stacks! (run time : 26.52s).

INFO [2024-10-10 13:07:17] [MAIN] - Preparing to save national production stacks...
INFO [2024-10-10 13:21:15] [MAIN] - Done saving national production stacks! (run time : 13.98min).

INFO [2024-10-10 13:21:15] [MAIN] - Preparing to save regional production stacks...
INFO [2024-10-10 13:29:44] [MAIN] - Done saving regional production stacks! (run time : 8.47min).

INFO [2024-10-10 13:29:44] [MAIN] - Preparing to save global production stack...
INFO [2024-10-10 13:29:48] [MAIN] - Done saving global production stack! (run time : 4.52s).

INFO [2024-10-10 13:29:48] [MAIN] - Preparing to save continental production stacks...
INFO [2024-10-10 13:30:15] [MAIN] - Done saving continental production stacks! (run time : 26.77s).

INFO [2024-10-10 13:30:15] [MAIN] - Preparing to save national production stacks...
INFO [2024-10-10 13:43:31] [MAIN] - Done saving national production stacks! (run time : 13.26min).

INFO [2024-10-10 13:43:31] [MAIN] - Preparing to save regional production stacks...
INFO [2024-10-10 13:51:50] [MAIN] - Done saving regional production stacks! (run time : 8.33min).

INFO [2024-10-10 13:51:50] [MAIN] - Preparing to save global load monotones...
INFO [2024-10-10 13:57:17] [MAIN] - Done saving global load monotones! (run time : 5.45 min).

INFO [2024-10-10 13:57:17] [MAIN] - Preparing to save continental load monotones...
INFO [2024-10-10 14:23:23] [MAIN] - Done saving continental load monotones! (run time : 26.1 min).

INFO [2024-10-10 14:23:23] [MAIN] - Preparing to save national load monotones...
