INFO [2024-10-14 23:45:45] [MAIN] - Initializing output folder...
INFO [2024-10-14 23:45:50] [MAIN] - Reading simulations of pre-existing v2_20clu__2024_09_04_22_33_36 study...
INFO [2024-10-14 23:45:52] [MAIN] - Opening 20240905-0707eco-world_vOutages_accurateUCM simulation...
INFO [2024-10-14 23:45:52] [MAIN] - Preparing to save global production stack...
INFO [2024-10-14 23:45:56] [MAIN] - Done saving global production stack! (run time : 3.9s).

INFO [2024-10-14 23:45:56] [MAIN] - Preparing to save continental production stacks...
INFO [2024-10-14 23:45:56] [STACK] - Saving production stack for africa continent...
INFO [2024-10-14 23:46:00] [STACK] - The hourly production stack for africa from 2015-01-05 to 2015-01-11 has been saved!
INFO [2024-10-14 23:46:00] [STACK] - Saving production stack for asia continent...
INFO [2024-10-14 23:46:03] [STACK] - The hourly production stack for asia from 2015-01-05 to 2015-01-11 has been saved!
INFO [2024-10-14 23:46:03] [STACK] - Saving production stack for europe continent...
INFO [2024-10-14 23:46:07] [STACK] - The hourly production stack for europe from 2015-01-05 to 2015-01-11 has been saved!
INFO [2024-10-14 23:46:07] [STACK] - Saving production stack for north america continent...
INFO [2024-10-14 23:46:10] [STACK] - The hourly production stack for north america from 2015-01-05 to 2015-01-11 has been saved!
INFO [2024-10-14 23:46:10] [STACK] - Saving production stack for oceania continent...
INFO [2024-10-14 23:46:14] [STACK] - The hourly production stack for oceania from 2015-01-05 to 2015-01-11 has been saved!
INFO [2024-10-14 23:46:14] [STACK] - Saving production stack for south america continent...
INFO [2024-10-14 23:46:17] [STACK] - The hourly production stack for south america from 2015-01-05 to 2015-01-11 has been saved!
INFO [2024-10-14 23:46:17] [MAIN] - Done saving continental production stacks! (run time : 21.61s).

INFO [2024-10-14 23:46:17] [MAIN] - Preparing to save national production stacks...
INFO [2024-10-14 23:46:29] [STACK] - Saving production stack for af-ago country...
INFO [2024-10-14 23:46:33] [STACK] - The hourly production stack for af-ago from 2015-01-05 to 2015-01-11 has been saved!
INFO [2024-10-14 23:46:33] [STACK] - Saving production stack for af-bdi country...
INFO [2024-10-14 23:46:38] [STACK] - The hourly production stack for af-bdi from 2015-01-05 to 2015-01-11 has been saved!
INFO [2024-10-14 23:46:38] [STACK] - Saving production stack for af-ben country...
INFO [2024-10-14 23:46:42] [STACK] - The hourly production stack for af-ben from 2015-01-05 to 2015-01-11 has been saved!
INFO [2024-10-14 23:46:42] [STACK] - Saving production stack for af-bfa country...
INFO [2024-10-14 23:46:45] [STACK] - The hourly production stack for af-bfa from 2015-01-05 to 2015-01-11 has been saved!
INFO [2024-10-14 23:46:46] [STACK] - Saving production stack for af-bwa country...
INFO [2024-10-14 23:46:49] [STACK] - The hourly production stack for af-bwa from 2015-01-05 to 2015-01-11 has been saved!
INFO [2024-10-14 23:46:49] [STACK] - Saving production stack for af-caf country...
INFO [2024-10-14 23:46:53] [STACK] - The hourly production stack for af-caf from 2015-01-05 to 2015-01-11 has been saved!
INFO [2024-10-14 23:46:54] [STACK] - Saving production stack for af-civ country...
INFO [2024-10-14 23:46:57] [STACK] - The hourly production stack for af-civ from 2015-01-05 to 2015-01-11 has been saved!
INFO [2024-10-14 23:46:57] [STACK] - Saving production stack for af-cmr country...
INFO [2024-10-14 23:47:01] [STACK] - The hourly production stack for af-cmr from 2015-01-05 to 2015-01-11 has been saved!
INFO [2024-10-14 23:47:01] [STACK] - Saving production stack for af-cod country...
INFO [2024-10-14 23:47:05] [STACK] - The hourly production stack for af-cod from 2015-01-05 to 2015-01-11 has been saved!
INFO [2024-10-14 23:47:05] [STACK] - Saving production stack for af-cog country...
INFO [2024-10-14 23:47:09] [STACK] - The hourly production stack for af-cog from 2015-01-05 to 2015-01-11 has been saved!
INFO [2024-10-14 23:47:09] [STACK] - Saving production stack for af-cpv country...
INFO [2024-10-14 23:47:12] [STACK] - The hourly production stack for af-cpv from 2015-01-05 to 2015-01-11 has been saved!
INFO [2024-10-14 23:47:12] [STACK] - Saving production stack for af-dji country...
INFO [2024-10-14 23:47:15] [STACK] - The hourly production stack for af-dji from 2015-01-05 to 2015-01-11 has been saved!
INFO [2024-10-14 23:47:15] [STACK] - Saving production stack for af-dza country...
INFO [2024-10-14 23:47:19] [STACK] - The hourly production stack for af-dza from 2015-01-05 to 2015-01-11 has been saved!
INFO [2024-10-14 23:47:19] [STACK] - Saving production stack for af-egy country...
INFO [2024-10-14 23:47:22] [STACK] - The hourly production stack for af-egy from 2015-01-05 to 2015-01-11 has been saved!
INFO [2024-10-14 23:47:22] [STACK] - Saving production stack for af-eri country...
INFO [2024-10-14 23:47:25] [STACK] - The hourly production stack for af-eri from 2015-01-05 to 2015-01-11 has been saved!
INFO [2024-10-14 23:47:26] [STACK] - Saving production stack for af-esh country...
INFO [2024-10-14 23:47:29] [STACK] - The hourly production stack for af-esh from 2015-01-05 to 2015-01-11 has been saved!
INFO [2024-10-14 23:47:29] [STACK] - Saving production stack for af-eth country...
INFO [2024-10-14 23:47:33] [STACK] - The hourly production stack for af-eth from 2015-01-05 to 2015-01-11 has been saved!
INFO [2024-10-14 23:47:33] [STACK] - Saving production stack for af-gab country...
INFO [2024-10-14 23:47:36] [STACK] - The hourly production stack for af-gab from 2015-01-05 to 2015-01-11 has been saved!
INFO [2024-10-14 23:47:37] [STACK] - Saving production stack for af-gha country...
INFO [2024-10-14 23:47:40] [STACK] - The hourly production stack for af-gha from 2015-01-05 to 2015-01-11 has been saved!
INFO [2024-10-14 23:47:41] [STACK] - Saving production stack for af-gin country...
INFO [2024-10-14 23:47:46] [STACK] - The hourly production stack for af-gin from 2015-01-05 to 2015-01-11 has been saved!
INFO [2024-10-14 23:47:46] [STACK] - Saving production stack for af-gmb country...
INFO [2024-10-14 23:47:49] [STACK] - The hourly production stack for af-gmb from 2015-01-05 to 2015-01-11 has been saved!
INFO [2024-10-14 23:47:49] [STACK] - Saving production stack for af-gnb country...
INFO [2024-10-14 23:47:52] [STACK] - The hourly production stack for af-gnb from 2015-01-05 to 2015-01-11 has been saved!
INFO [2024-10-14 23:47:52] [STACK] - Saving production stack for af-gnq country...
INFO [2024-10-14 23:47:56] [STACK] - The hourly production stack for af-gnq from 2015-01-05 to 2015-01-11 has been saved!
INFO [2024-10-14 23:47:56] [STACK] - Saving production stack for af-ken country...
INFO [2024-10-14 23:47:59] [STACK] - The hourly production stack for af-ken from 2015-01-05 to 2015-01-11 has been saved!
INFO [2024-10-14 23:48:00] [STACK] - Saving production stack for af-lbr country...
INFO [2024-10-14 23:48:03] [STACK] - The hourly production stack for af-lbr from 2015-01-05 to 2015-01-11 has been saved!
INFO [2024-10-14 23:48:03] [STACK] - Saving production stack for af-lby country...
INFO [2024-10-14 23:48:06] [STACK] - The hourly production stack for af-lby from 2015-01-05 to 2015-01-11 has been saved!
INFO [2024-10-14 23:48:07] [STACK] - Saving production stack for af-lso country...
INFO [2024-10-14 23:48:10] [STACK] - The hourly production stack for af-lso from 2015-01-05 to 2015-01-11 has been saved!
INFO [2024-10-14 23:48:10] [STACK] - Saving production stack for af-mar country...
INFO [2024-10-14 23:48:13] [STACK] - The hourly production stack for af-mar from 2015-01-05 to 2015-01-11 has been saved!
INFO [2024-10-14 23:48:14] [STACK] - Saving production stack for af-mdg country...
INFO [2024-10-14 23:48:17] [STACK] - The hourly production stack for af-mdg from 2015-01-05 to 2015-01-11 has been saved!
INFO [2024-10-14 23:48:17] [STACK] - Saving production stack for af-mli country...
INFO [2024-10-14 23:48:20] [STACK] - The hourly production stack for af-mli from 2015-01-05 to 2015-01-11 has been saved!
INFO [2024-10-14 23:48:20] [STACK] - Saving production stack for af-moz country...
INFO [2024-10-14 23:48:24] [STACK] - The hourly production stack for af-moz from 2015-01-05 to 2015-01-11 has been saved!
INFO [2024-10-14 23:48:24] [STACK] - Saving production stack for af-mrt country...
INFO [2024-10-14 23:48:27] [STACK] - The hourly production stack for af-mrt from 2015-01-05 to 2015-01-11 has been saved!
INFO [2024-10-14 23:48:27] [STACK] - Saving production stack for af-mus country...
INFO [2024-10-14 23:48:30] [STACK] - The hourly production stack for af-mus from 2015-01-05 to 2015-01-11 has been saved!
INFO [2024-10-14 23:48:31] [STACK] - Saving production stack for af-mwi country...
INFO [2024-10-14 23:48:34] [STACK] - The hourly production stack for af-mwi from 2015-01-05 to 2015-01-11 has been saved!
INFO [2024-10-14 23:48:34] [STACK] - Saving production stack for af-nam country...
INFO [2024-10-14 23:48:37] [STACK] - The hourly production stack for af-nam from 2015-01-05 to 2015-01-11 has been saved!
INFO [2024-10-14 23:48:38] [STACK] - Saving production stack for af-ner country...
INFO [2024-10-14 23:48:41] [STACK] - The hourly production stack for af-ner from 2015-01-05 to 2015-01-11 has been saved!
INFO [2024-10-14 23:48:41] [STACK] - Saving production stack for af-nga country...
INFO [2024-10-14 23:48:44] [STACK] - The hourly production stack for af-nga from 2015-01-05 to 2015-01-11 has been saved!
INFO [2024-10-14 23:48:44] [STACK] - Saving production stack for af-rwa country...
INFO [2024-10-14 23:48:51] [STACK] - The hourly production stack for af-rwa from 2015-01-05 to 2015-01-11 has been saved!
INFO [2024-10-14 23:48:51] [STACK] - Saving production stack for af-sdn country...
INFO [2024-10-14 23:48:54] [STACK] - The hourly production stack for af-sdn from 2015-01-05 to 2015-01-11 has been saved!
INFO [2024-10-14 23:48:54] [STACK] - Saving production stack for af-sen country...
INFO [2024-10-14 23:48:57] [STACK] - The hourly production stack for af-sen from 2015-01-05 to 2015-01-11 has been saved!
INFO [2024-10-14 23:48:58] [STACK] - Saving production stack for af-sle country...
INFO [2024-10-14 23:49:01] [STACK] - The hourly production stack for af-sle from 2015-01-05 to 2015-01-11 has been saved!
INFO [2024-10-14 23:49:01] [STACK] - Saving production stack for af-swz country...
INFO [2024-10-14 23:49:04] [STACK] - The hourly production stack for af-swz from 2015-01-05 to 2015-01-11 has been saved!
INFO [2024-10-14 23:49:04] [STACK] - Saving production stack for af-tgo country...
INFO [2024-10-14 23:49:08] [STACK] - The hourly production stack for af-tgo from 2015-01-05 to 2015-01-11 has been saved!
INFO [2024-10-14 23:49:08] [STACK] - Saving production stack for af-tun country...
INFO [2024-10-14 23:49:11] [STACK] - The hourly production stack for af-tun from 2015-01-05 to 2015-01-11 has been saved!
INFO [2024-10-14 23:49:11] [STACK] - Saving production stack for af-tza country...
INFO [2024-10-14 23:49:14] [STACK] - The hourly production stack for af-tza from 2015-01-05 to 2015-01-11 has been saved!
INFO [2024-10-14 23:49:15] [STACK] - Saving production stack for af-uga country...
INFO [2024-10-14 23:49:19] [STACK] - The hourly production stack for af-uga from 2015-01-05 to 2015-01-11 has been saved!
INFO [2024-10-14 23:49:20] [STACK] - Saving production stack for af-zaf country...
INFO [2024-10-14 23:49:23] [STACK] - The hourly production stack for af-zaf from 2015-01-05 to 2015-01-11 has been saved!
INFO [2024-10-14 23:49:23] [STACK] - Saving production stack for af-zmb country...
INFO [2024-10-14 23:49:27] [STACK] - The hourly production stack for af-zmb from 2015-01-05 to 2015-01-11 has been saved!
INFO [2024-10-14 23:49:27] [STACK] - Saving production stack for af-zwe country...
INFO [2024-10-14 23:49:30] [STACK] - The hourly production stack for af-zwe from 2015-01-05 to 2015-01-11 has been saved!
INFO [2024-10-14 23:49:30] [STACK] - Saving production stack for as-afg country...
