INFO [2024-09-10 10:20:23] [MAIN] - Creating EU_cluRES__2024_09_10_10_20_23 study...

INFO [2024-09-10 10:20:23] [MAIN] - Unit commitment mode : ACCURATE
INFO [2024-09-10 10:20:24] [MAIN] - Adding nodes...

INFO [2024-09-10 10:20:25] [NODES] - Adding eu-alb node...
INFO [2024-09-10 10:20:25] [NODES] - Adding eu-arm node...
INFO [2024-09-10 10:20:25] [NODES] - Adding eu-aut node...
INFO [2024-09-10 10:20:26] [NODES] - Adding eu-aze node...
INFO [2024-09-10 10:20:26] [NODES] - Adding eu-bel node...
INFO [2024-09-10 10:20:26] [NODES] - Adding eu-bgr node...
INFO [2024-09-10 10:20:26] [NODES] - Adding eu-bih node...
INFO [2024-09-10 10:20:26] [NODES] - Adding eu-blr node...
INFO [2024-09-10 10:20:27] [NODES] - Adding eu-che node...
INFO [2024-09-10 10:20:27] [NODES] - Adding eu-cyp node...
INFO [2024-09-10 10:20:27] [NODES] - Adding eu-cze node...
INFO [2024-09-10 10:20:27] [NODES] - Adding eu-deu node...
INFO [2024-09-10 10:20:28] [NODES] - Adding eu-dnk node...
INFO [2024-09-10 10:20:28] [NODES] - Adding eu-esp node...
INFO [2024-09-10 10:20:28] [NODES] - Adding eu-est node...
INFO [2024-09-10 10:20:28] [NODES] - Adding eu-fin node...
INFO [2024-09-10 10:20:29] [NODES] - Adding eu-fra node...
INFO [2024-09-10 10:20:29] [NODES] - Adding eu-gbr node...
INFO [2024-09-10 10:20:30] [NODES] - Adding eu-geo node...
INFO [2024-09-10 10:20:30] [NODES] - Adding eu-grc node...
INFO [2024-09-10 10:20:30] [NODES] - Adding eu-hrv node...
INFO [2024-09-10 10:20:31] [NODES] - Adding eu-hun node...
INFO [2024-09-10 10:20:31] [NODES] - Adding eu-irl node...
INFO [2024-09-10 10:20:32] [NODES] - Adding eu-isl node...
INFO [2024-09-10 10:20:32] [NODES] - Adding eu-ita node...
INFO [2024-09-10 10:20:32] [NODES] - Adding eu-kos node...
INFO [2024-09-10 10:20:33] [NODES] - Adding eu-ltu node...
INFO [2024-09-10 10:20:33] [NODES] - Adding eu-lux node...
INFO [2024-09-10 10:20:34] [NODES] - Adding eu-lva node...
INFO [2024-09-10 10:20:34] [NODES] - Adding eu-mda node...
INFO [2024-09-10 10:20:34] [NODES] - Adding eu-mkd node...
INFO [2024-09-10 10:20:35] [NODES] - Adding eu-mne node...
INFO [2024-09-10 10:20:35] [NODES] - Adding eu-nld node...
INFO [2024-09-10 10:20:36] [NODES] - Adding eu-nor node...
INFO [2024-09-10 10:20:36] [NODES] - Adding eu-pol node...
INFO [2024-09-10 10:20:37] [NODES] - Adding eu-prt node...
INFO [2024-09-10 10:20:37] [NODES] - Adding eu-rou node...
INFO [2024-09-10 10:20:38] [NODES] - Adding eu-srb node...
INFO [2024-09-10 10:20:38] [NODES] - Adding eu-svk node...
INFO [2024-09-10 10:20:39] [NODES] - Adding eu-svn node...
INFO [2024-09-10 10:20:39] [NODES] - Adding eu-swe node...
INFO [2024-09-10 10:20:39] [NODES] - Adding eu-ukr node...
INFO [2024-09-10 10:20:40] [MAIN] - Done adding nodes! (run time : 16.43s).

INFO [2024-09-10 10:20:40] [MAIN] - Adding districts...

INFO [2024-09-10 10:20:41] [DISTRICTS] - Creating global district...
INFO [2024-09-10 10:20:41] [DISTRICTS] - Done creating global district!
INFO [2024-09-10 10:20:41] [DISTRICTS] - Creating europe continental district...
INFO [2024-09-10 10:20:41] [DISTRICTS] - Done creating europe continental district!
INFO [2024-09-10 10:20:42] [MAIN] - Done adding districts! (run time : 1.43s).

INFO [2024-09-10 10:20:42] [MAIN] - Adding load data...

INFO [2024-09-10 10:20:43] [LOAD] - Adding eu-alb load data...
INFO [2024-09-10 10:20:43] [LOAD] - Adding eu-arm load data...
INFO [2024-09-10 10:20:43] [LOAD] - Adding eu-aut load data...
INFO [2024-09-10 10:20:44] [LOAD] - Adding eu-aze load data...
INFO [2024-09-10 10:20:44] [LOAD] - Adding eu-bel load data...
INFO [2024-09-10 10:20:44] [LOAD] - Adding eu-bgr load data...
INFO [2024-09-10 10:20:44] [LOAD] - Adding eu-bih load data...
INFO [2024-09-10 10:20:45] [LOAD] - Adding eu-blr load data...
INFO [2024-09-10 10:20:45] [LOAD] - Adding eu-che load data...
INFO [2024-09-10 10:20:45] [LOAD] - Adding eu-cyp load data...
INFO [2024-09-10 10:20:45] [LOAD] - Adding eu-cze load data...
INFO [2024-09-10 10:20:46] [LOAD] - Adding eu-deu load data...
INFO [2024-09-10 10:20:46] [LOAD] - Adding eu-dnk load data...
INFO [2024-09-10 10:20:46] [LOAD] - Adding eu-esp load data...
INFO [2024-09-10 10:20:46] [LOAD] - Adding eu-est load data...
INFO [2024-09-10 10:20:47] [LOAD] - Adding eu-fin load data...
INFO [2024-09-10 10:20:47] [LOAD] - Adding eu-fra load data...
INFO [2024-09-10 10:20:48] [LOAD] - Adding eu-gbr load data...
INFO [2024-09-10 10:20:48] [LOAD] - Adding eu-geo load data...
INFO [2024-09-10 10:20:49] [LOAD] - Adding eu-grc load data...
INFO [2024-09-10 10:20:49] [LOAD] - Adding eu-hrv load data...
INFO [2024-09-10 10:20:49] [LOAD] - Adding eu-hun load data...
INFO [2024-09-10 10:20:49] [LOAD] - Adding eu-irl load data...
INFO [2024-09-10 10:20:50] [LOAD] - Adding eu-isl load data...
INFO [2024-09-10 10:20:50] [LOAD] - Adding eu-ita load data...
INFO [2024-09-10 10:20:50] [LOAD] - Adding eu-kos load data...
INFO [2024-09-10 10:20:51] [LOAD] - Adding eu-ltu load data...
INFO [2024-09-10 10:20:51] [LOAD] - Adding eu-lux load data...
INFO [2024-09-10 10:20:51] [LOAD] - Adding eu-lva load data...
INFO [2024-09-10 10:20:52] [LOAD] - Adding eu-mda load data...
INFO [2024-09-10 10:20:52] [LOAD] - Adding eu-mkd load data...
INFO [2024-09-10 10:20:52] [LOAD] - Adding eu-mne load data...
INFO [2024-09-10 10:20:53] [LOAD] - Adding eu-nld load data...
INFO [2024-09-10 10:20:53] [LOAD] - Adding eu-nor load data...
INFO [2024-09-10 10:20:53] [LOAD] - Adding eu-pol load data...
INFO [2024-09-10 10:20:53] [LOAD] - Adding eu-prt load data...
INFO [2024-09-10 10:20:54] [LOAD] - Adding eu-rou load data...
INFO [2024-09-10 10:20:54] [LOAD] - Adding eu-srb load data...
INFO [2024-09-10 10:20:54] [LOAD] - Adding eu-svk load data...
INFO [2024-09-10 10:20:54] [LOAD] - Adding eu-svn load data...
INFO [2024-09-10 10:20:55] [LOAD] - Adding eu-swe load data...
INFO [2024-09-10 10:20:55] [LOAD] - Adding eu-ukr load data...
INFO [2024-09-10 10:20:55] [MAIN] - Done adding load data! (run time : 13.63s).

INFO [2024-09-10 10:20:55] [MAIN] - Fetching wind data...

INFO [2024-09-10 10:20:59] [WIND] - Successfully added aut_win_windparkbruck830 generator to eu-aut area!
INFO [2024-09-10 10:20:59] [WIND] - Successfully added aut_win_windparkholle831 generator to eu-aut area!
INFO [2024-09-10 10:20:59] [WIND] - Successfully added aut_win_windparkpetro832 generator to eu-aut area!
INFO [2024-09-10 10:21:00] [WIND] - Successfully added aut_win_windparkbruck833 generator to eu-aut area!
INFO [2024-09-10 10:21:00] [WIND] - Successfully added bel_win_aspiraviwuustw934 generator to eu-bel area!
INFO [2024-09-10 10:21:00] [WIND] - Successfully added bel_wof_belwindphase1938 generator to eu-bel area!
INFO [2024-09-10 10:21:01] [WIND] - Successfully added bel_win_froidchapellew949 generator to eu-bel area!
INFO [2024-09-10 10:21:01] [WIND] - Successfully added bel_win_herdersbrugwin953 generator to eu-bel area!
INFO [2024-09-10 10:21:01] [WIND] - Successfully added bel_wof_northwind970 generator to eu-bel area!
INFO [2024-09-10 10:21:02] [WIND] - Successfully added bel_win_rodenhuizewind974 generator to eu-bel area!
INFO [2024-09-10 10:21:02] [WIND] - Successfully added bel_win_schellewind976 generator to eu-bel area!
INFO [2024-09-10 10:21:02] [WIND] - Successfully added bel_wof_thorntonbank981 generator to eu-bel area!
INFO [2024-09-10 10:21:03] [WIND] - Successfully added bel_wof_thorntonbank982 generator to eu-bel area!
INFO [2024-09-10 10:21:03] [WIND] - Successfully added bel_win_wmparkpowerpo983 generator to eu-bel area!
INFO [2024-09-10 10:21:03] [WIND] - Successfully added bel_win_windvisionesti985 generator to eu-bel area!
INFO [2024-09-10 10:21:04] [WIND] - Successfully added bel_win_zeebruggewind986 generator to eu-bel area!
INFO [2024-09-10 10:21:04] [WIND] - Successfully added bgr_win_svetinikola3407 generator to eu-bgr area!
INFO [2024-09-10 10:21:05] [WIND] - Successfully added dnk_wof_anholt8471 generator to eu-dnk area!
INFO [2024-09-10 10:21:05] [WIND] - Successfully added dnk_win_avedoreholme8474 generator to eu-dnk area!
INFO [2024-09-10 10:21:05] [WIND] - Successfully added dnk_win_draebyfed8475 generator to eu-dnk area!
INFO [2024-09-10 10:21:06] [WIND] - Successfully added dnk_win_frederikshavn8478 generator to eu-dnk area!
INFO [2024-09-10 10:21:06] [WIND] - Successfully added dnk_win_hagesholm8481 generator to eu-dnk area!
INFO [2024-09-10 10:21:07] [WIND] - Successfully added dnk_wof_hornsreva8484 generator to eu-dnk area!
INFO [2024-09-10 10:21:07] [WIND] - Successfully added dnk_wof_hornsrevb8485 generator to eu-dnk area!
INFO [2024-09-10 10:21:07] [WIND] - Successfully added dnk_win_klimfjordholme8486 generator to eu-dnk area!
INFO [2024-09-10 10:21:08] [WIND] - Successfully added dnk_wof_middelgrunden8489 generator to eu-dnk area!
INFO [2024-09-10 10:21:08] [WIND] - Successfully added dnk_win_nrreks8491 generator to eu-dnk area!
INFO [2024-09-10 10:21:09] [WIND] - Successfully added dnk_win_rejsbyhede8493 generator to eu-dnk area!
INFO [2024-09-10 10:21:09] [WIND] - Successfully added dnk_wof_roedsand18494 generator to eu-dnk area!
INFO [2024-09-10 10:21:09] [WIND] - Successfully added dnk_wof_roedsand28495 generator to eu-dnk area!
INFO [2024-09-10 10:21:10] [WIND] - Successfully added dnk_win_ronland18496 generator to eu-dnk area!
INFO [2024-09-10 10:21:10] [WIND] - Successfully added dnk_wof_samso8497 generator to eu-dnk area!
INFO [2024-09-10 10:21:10] [WIND] - Successfully added dnk_wof_sprogo8500 generator to eu-dnk area!
INFO [2024-09-10 10:21:11] [WIND] - Successfully added dnk_wof_tunoknob8504 generator to eu-dnk area!
INFO [2024-09-10 10:21:11] [WIND] - Successfully added dnk_wof_vindeby8505 generator to eu-dnk area!
INFO [2024-09-10 10:21:11] [WIND] - Successfully added est_win_aseriaru8596 generator to eu-est area!
INFO [2024-09-10 10:21:12] [WIND] - Successfully added est_win_aulepa8597 generator to eu-est area!
INFO [2024-09-10 10:21:12] [WIND] - Successfully added est_win_mali8602 generator to eu-est area!
INFO [2024-09-10 10:21:12] [WIND] - Successfully added est_win_narvaashfield8603 generator to eu-est area!
INFO [2024-09-10 10:21:13] [WIND] - Successfully added est_win_pakri8604 generator to eu-est area!
INFO [2024-09-10 10:21:13] [WIND] - Successfully added est_win_paldiski8605 generator to eu-est area!
INFO [2024-09-10 10:21:14] [WIND] - Successfully added est_win_tamba8606 generator to eu-est area!
INFO [2024-09-10 10:21:14] [WIND] - Successfully added est_win_toomaesvierew8607 generator to eu-est area!
INFO [2024-09-10 10:21:14] [WIND] - Successfully added est_win_vanakula8608 generator to eu-est area!
INFO [2024-09-10 10:21:15] [WIND] - Successfully added est_win_virtsui8609 generator to eu-est area!
INFO [2024-09-10 10:21:15] [WIND] - Skipped est_win_virtsuii8610 generator (inactive in 2015).
INFO [2024-09-10 10:21:15] [WIND] - Successfully added est_win_virtsuiii8611 generator to eu-est area!
INFO [2024-09-10 10:21:16] [WIND] - Successfully added est_win_virunigula8612 generator to eu-est area!
INFO [2024-09-10 10:21:16] [WIND] - Successfully added fin_win_huikkuhailuoto8660 generator to eu-fin area!
INFO [2024-09-10 10:21:17] [WIND] - Successfully added fin_win_huittinenpahk8661 generator to eu-fin area!
INFO [2024-09-10 10:21:17] [WIND] - Successfully added fin_win_iikuivaniemi8663 generator to eu-fin area!
INFO [2024-09-10 10:21:18] [WIND] - Successfully added fin_win_kemiajos8692 generator to eu-fin area!
INFO [2024-09-10 10:21:18] [WIND] - Successfully added fin_win_kokkolatv1ja8702 generator to eu-fin area!
INFO [2024-09-10 10:21:18] [WIND] - Successfully added fin_win_lumijoki8726 generator to eu-fin area!
INFO [2024-09-10 10:21:19] [WIND] - Successfully added fin_win_olkiluototv8747 generator to eu-fin area!
INFO [2024-09-10 10:21:19] [WIND] - Successfully added fin_win_oulunsaloriutu8751 generator to eu-fin area!
INFO [2024-09-10 10:21:20] [WIND] - Successfully added fin_win_summatv8788 generator to eu-fin area!
INFO [2024-09-10 10:21:20] [WIND] - Successfully added fin_win_tahkoluotooffs8791 generator to eu-fin area!
INFO [2024-09-10 10:21:21] [WIND] - Successfully added fin_win_tahkoluototv8792 generator to eu-fin area!
INFO [2024-09-10 10:21:21] [WIND] - Successfully added fin_win_torniotv8803 generator to eu-fin area!
INFO [2024-09-10 10:21:21] [WIND] - Successfully added fra_win_ablaincourtpre8826 generator to eu-fra area!
INFO [2024-09-10 10:21:22] [WIND] - Successfully added fra_win_ablainzevelle8827 generator to eu-fra area!
INFO [2024-09-10 10:21:22] [WIND] - Successfully added fra_win_achietlegrand8828 generator to eu-fra area!
INFO [2024-09-10 10:21:23] [WIND] - Successfully added fra_win_adriers8829 generator to eu-fra area!
INFO [2024-09-10 10:21:23] [WIND] - Successfully added fra_win_agenville8831 generator to eu-fra area!
INFO [2024-09-10 10:21:24] [WIND] - Successfully added fra_win_airaines8837 generator to eu-fra area!
INFO [2024-09-10 10:21:24] [WIND] - Successfully added fra_win_airan8838 generator to eu-fra area!
INFO [2024-09-10 10:21:24] [WIND] - Successfully added fra_win_allaire8848 generator to eu-fra area!
INFO [2024-09-10 10:21:25] [WIND] - Successfully added fra_win_allanche8849 generator to eu-fra area!
INFO [2024-09-10 10:21:25] [WIND] - Successfully added fra_win_allery8853 generator to eu-fra area!
INFO [2024-09-10 10:21:26] [WIND] - Successfully added fra_win_allibaudires8854 generator to eu-fra area!
INFO [2024-09-10 10:21:26] [WIND] - Successfully added fra_win_allondrellela8855 generator to eu-fra area!
INFO [2024-09-10 10:21:26] [WIND] - Successfully added fra_win_allonnes8856 generator to eu-fra area!
INFO [2024-09-10 10:21:27] [WIND] - Successfully added fra_win_alluyes8857 generator to eu-fra area!
INFO [2024-09-10 10:21:27] [WIND] - Successfully added fra_win_ally8858 generator to eu-fra area!
INFO [2024-09-10 10:21:27] [WIND] - Successfully added fra_win_amanty8861 generator to eu-fra area!
INFO [2024-09-10 10:21:28] [WIND] - Successfully added fra_win_ambon8864 generator to eu-fra area!
INFO [2024-09-10 10:21:28] [WIND] - Successfully added fra_win_ambonville8865 generator to eu-fra area!
INFO [2024-09-10 10:21:28] [WIND] - Successfully added fra_win_ambricourt8866 generator to eu-fra area!
INFO [2024-09-10 10:21:29] [WIND] - Successfully added fra_win_amelcourt8868 generator to eu-fra area!
INFO [2024-09-10 10:21:29] [WIND] - Successfully added fra_win_anoux8875 generator to eu-fra area!
INFO [2024-09-10 10:21:30] [WIND] - Successfully added fra_win_ansauvillers8876 generator to eu-fra area!
INFO [2024-09-10 10:21:30] [WIND] - Successfully added fra_win_ansebertrand8877 generator to eu-fra area!
INFO [2024-09-10 10:21:30] [WIND] - Successfully added fra_win_antoign8879 generator to eu-fra area!
INFO [2024-09-10 10:21:31] [WIND] - Successfully added fra_win_arconcey8885 generator to eu-fra area!
INFO [2024-09-10 10:21:31] [WIND] - Successfully added fra_win_ardin8886 generator to eu-fra area!
INFO [2024-09-10 10:21:32] [WIND] - Successfully added fra_win_ardouval8887 generator to eu-fra area!
INFO [2024-09-10 10:21:32] [WIND] - Successfully added fra_win_arfons8889 generator to eu-fra area!
INFO [2024-09-10 10:21:33] [WIND] - Successfully added fra_win_artemps8904 generator to eu-fra area!
INFO [2024-09-10 10:21:33] [WIND] - Successfully added fra_win_assac8908 generator to eu-fra area!
INFO [2024-09-10 10:21:33] [WIND] - Successfully added fra_win_assigny8909 generator to eu-fra area!
INFO [2024-09-10 10:21:34] [WIND] - Successfully added fra_win_aubigny8915 generator to eu-fra area!
INFO [2024-09-10 10:21:34] [WIND] - Successfully added fra_win_audrieu8918 generator to eu-fra area!
INFO [2024-09-10 10:21:35] [WIND] - Successfully added fra_win_aumelas8919 generator to eu-fra area!
INFO [2024-09-10 10:21:35] [WIND] - Successfully added fra_win_aussacvadalle8925 generator to eu-fra area!
INFO [2024-09-10 10:21:36] [WIND] - Successfully added fra_win_autremencourt8928 generator to eu-fra area!
INFO [2024-09-10 10:21:36] [WIND] - Successfully added fra_win_avantlsmarc8932 generator to eu-fra area!
INFO [2024-09-10 10:21:36] [WIND] - Successfully added fra_win_avesnesenbray8933 generator to eu-fra area!
INFO [2024-09-10 10:21:37] [WIND] - Successfully added fra_win_avignonetlaura8935 generator to eu-fra area!
INFO [2024-09-10 10:21:37] [WIND] - Successfully added fra_win_ayssnes8940 generator to eu-fra area!
INFO [2024-09-10 10:21:37] [WIND] - Successfully added fra_win_bais8958 generator to eu-fra area!
INFO [2024-09-10 10:21:38] [WIND] - Successfully added fra_win_baissey8959 generator to eu-fra area!
INFO [2024-09-10 10:21:38] [WIND] - Successfully added fra_win_balaz8960 generator to eu-fra area!
INFO [2024-09-10 10:21:39] [WIND] - Successfully added fra_win_bambiderstroff8961 generator to eu-fra area!
INFO [2024-09-10 10:21:39] [WIND] - Successfully added fra_win_barby8967 generator to eu-fra area!
INFO [2024-09-10 10:21:39] [WIND] - Successfully added fra_win_barre8969 generator to eu-fra area!
INFO [2024-09-10 10:21:40] [WIND] - Successfully added fra_win_bassu8971 generator to eu-fra area!
INFO [2024-09-10 10:21:40] [WIND] - Successfully added fra_win_baudigncourt8974 generator to eu-fra area!
INFO [2024-09-10 10:21:41] [WIND] - Successfully added fra_win_baudreville8975 generator to eu-fra area!
INFO [2024-09-10 10:21:41] [WIND] - Successfully added fra_win_bazocheslesga8977 generator to eu-fra area!
INFO [2024-09-10 10:21:41] [WIND] - Successfully added fra_win_beaucaire8978 generator to eu-fra area!
INFO [2024-09-10 10:21:42] [WIND] - Successfully added fra_win_beauchamps8981 generator to eu-fra area!
INFO [2024-09-10 10:21:42] [WIND] - Successfully added fra_win_beaudignies8982 generator to eu-fra area!
INFO [2024-09-10 10:21:43] [WIND] - Successfully added fra_win_beaufou8983 generator to eu-fra area!
INFO [2024-09-10 10:21:43] [WIND] - Successfully added fra_win_beaurevoir8986 generator to eu-fra area!
INFO [2024-09-10 10:21:44] [WIND] - Successfully added fra_win_beausemblant8987 generator to eu-fra area!
INFO [2024-09-10 10:21:44] [WIND] - Successfully added fra_win_beausite8988 generator to eu-fra area!
INFO [2024-09-10 10:21:45] [WIND] - Successfully added fra_win_beauval8989 generator to eu-fra area!
INFO [2024-09-10 10:21:45] [WIND] - Successfully added fra_win_beauvilliers8990 generator to eu-fra area!
INFO [2024-09-10 10:21:45] [WIND] - Successfully added fra_win_benet8997 generator to eu-fra area!
INFO [2024-09-10 10:21:46] [WIND] - Successfully added fra_win_bernaysaintma9002 generator to eu-fra area!
INFO [2024-09-10 10:21:46] [WIND] - Successfully added fra_win_bertignolles9003 generator to eu-fra area!
INFO [2024-09-10 10:21:47] [WIND] - Successfully added fra_win_beuveille9010 generator to eu-fra area!
INFO [2024-09-10 10:21:47] [WIND] - Successfully added fra_win_beuvraignes9011 generator to eu-fra area!
INFO [2024-09-10 10:21:47] [WIND] - Successfully added fra_win_beuzeccapsizu9012 generator to eu-fra area!
INFO [2024-09-10 10:21:48] [WIND] - Successfully added fra_win_biesles9015 generator to eu-fra area!
INFO [2024-09-10 10:21:48] [WIND] - Successfully added fra_win_bignan9016 generator to eu-fra area!
INFO [2024-09-10 10:21:49] [WIND] - Successfully added fra_win_binas9018 generator to eu-fra area!
INFO [2024-09-10 10:21:49] [WIND] - Successfully added fra_win_blignylesec9023 generator to eu-fra area!
INFO [2024-09-10 10:21:50] [WIND] - Successfully added fra_win_boisvillelasa9025 generator to eu-fra area!
INFO [2024-09-10 10:21:50] [WIND] - Successfully added fra_win_bollne9026 generator to eu-fra area!
INFO [2024-09-10 10:21:51] [WIND] - Successfully added fra_win_bonnet9032 generator to eu-fra area!
INFO [2024-09-10 10:21:51] [WIND] - Successfully added fra_win_bonneuillesea9035 generator to eu-fra area!
INFO [2024-09-10 10:21:51] [WIND] - Successfully added fra_win_bonnires9037 generator to eu-fra area!
INFO [2024-09-10 10:21:52] [WIND] - Successfully added fra_win_bonvillers9038 generator to eu-fra area!
INFO [2024-09-10 10:21:52] [WIND] - Successfully added fra_win_bouberssurcan9043 generator to eu-fra area!
INFO [2024-09-10 10:21:53] [WIND] - Successfully added fra_win_bougainville9044 generator to eu-fra area!
INFO [2024-09-10 10:21:53] [WIND] - Successfully added fra_win_bouillancourte9045 generator to eu-fra area!
INFO [2024-09-10 10:21:53] [WIND] - Successfully added fra_win_bouin9048 generator to eu-fra area!
INFO [2024-09-10 10:21:54] [WIND] - Successfully added fra_win_boulaymoselle9049 generator to eu-fra area!
INFO [2024-09-10 10:21:54] [WIND] - Successfully added fra_win_bourbriac9051 generator to eu-fra area!
INFO [2024-09-10 10:21:55] [WIND] - Successfully added fra_win_bourgneufenre9057 generator to eu-fra area!
INFO [2024-09-10 10:21:55] [WIND] - Successfully added fra_win_bourthes9060 generator to eu-fra area!
INFO [2024-09-10 10:21:56] [WIND] - Successfully added fra_win_bousbach9061 generator to eu-fra area!
INFO [2024-09-10 10:21:56] [WIND] - Successfully added fra_win_boutavent9064 generator to eu-fra area!
INFO [2024-09-10 10:21:56] [WIND] - Successfully added fra_win_bovesurbarb9067 generator to eu-fra area!
INFO [2024-09-10 10:21:57] [WIND] - Successfully added fra_win_brachy9071 generator to eu-fra area!
INFO [2024-09-10 10:21:57] [WIND] - Successfully added fra_win_braillycorneho9072 generator to eu-fra area!
INFO [2024-09-10 10:21:58] [WIND] - Successfully added fra_win_bremsurmer9077 generator to eu-fra area!
INFO [2024-09-10 10:21:58] [WIND] - Successfully added fra_win_bressuire9080 generator to eu-fra area!
INFO [2024-09-10 10:21:59] [WIND] - Successfully added fra_win_breteuil9082 generator to eu-fra area!
INFO [2024-09-10 10:21:59] [WIND] - Successfully added fra_win_brissyhamgic9090 generator to eu-fra area!
INFO [2024-09-10 10:22:00] [WIND] - Successfully added fra_win_broquis9093 generator to eu-fra area!
INFO [2024-09-10 10:22:00] [WIND] - Successfully added fra_win_brusque9096 generator to eu-fra area!
INFO [2024-09-10 10:22:01] [WIND] - Successfully added fra_win_bussiresaint9098 generator to eu-fra area!
INFO [2024-09-10 10:22:01] [WIND] - Successfully added fra_win_cabrespine9122 generator to eu-fra area!
INFO [2024-09-10 10:22:01] [WIND] - Successfully added fra_win_caix9124 generator to eu-fra area!
INFO [2024-09-10 10:22:02] [WIND] - Successfully added fra_win_calenzana9128 generator to eu-fra area!
INFO [2024-09-10 10:22:02] [WIND] - Successfully added fra_win_callengeville9130 generator to eu-fra area!
INFO [2024-09-10 10:22:03] [WIND] - Successfully added fra_win_cambernon9134 generator to eu-fra area!
INFO [2024-09-10 10:22:03] [WIND] - Successfully added fra_win_cambonetsalve9135 generator to eu-fra area!
INFO [2024-09-10 10:22:04] [WIND] - Successfully added fra_win_campbon9137 generator to eu-fra area!
INFO [2024-09-10 10:22:04] [WIND] - Successfully added fra_win_campigny9138 generator to eu-fra area!
INFO [2024-09-10 10:22:05] [WIND] - Successfully added fra_win_camplong9139 generator to eu-fra area!
INFO [2024-09-10 10:22:05] [WIND] - Successfully added fra_win_campnac9140 generator to eu-fra area!
INFO [2024-09-10 10:22:05] [WIND] - Successfully added fra_win_candas9142 generator to eu-fra area!
INFO [2024-09-10 10:22:06] [WIND] - Successfully added fra_win_canet9143 generator to eu-fra area!
INFO [2024-09-10 10:22:06] [WIND] - Successfully added fra_win_cast9153 generator to eu-fra area!
INFO [2024-09-10 10:22:07] [WIND] - Successfully added fra_win_castanetlehau9154 generator to eu-fra area!
INFO [2024-09-10 10:22:07] [WIND] - Successfully added fra_win_castelnaupga9158 generator to eu-fra area!
INFO [2024-09-10 10:22:08] [WIND] - Successfully added fra_win_caudebronde9171 generator to eu-fra area!
INFO [2024-09-10 10:22:08] [WIND] - Successfully added fra_win_caulires9172 generator to eu-fra area!
INFO [2024-09-10 10:22:09] [WIND] - Successfully added fra_win_caurel9173 generator to eu-fra area!
INFO [2024-09-10 10:22:09] [WIND] - Successfully added fra_win_cellessurbell9179 generator to eu-fra area!
INFO [2024-09-10 10:22:10] [WIND] - Successfully added fra_win_cerisires9181 generator to eu-fra area!
INFO [2024-09-10 10:22:10] [WIND] - Successfully added fra_win_cernon9183 generator to eu-fra area!
INFO [2024-09-10 10:22:11] [WIND] - Successfully added fra_win_chambonchard9188 generator to eu-fra area!
INFO [2024-09-10 10:22:11] [WIND] - Successfully added fra_win_champdenierssa9193 generator to eu-fra area!
INFO [2024-09-10 10:22:12] [WIND] - Successfully added fra_win_champfleury9194 generator to eu-fra area!
INFO [2024-09-10 10:22:13] [WIND] - Successfully added fra_win_champlin9195 generator to eu-fra area!
INFO [2024-09-10 10:22:14] [WIND] - Successfully added fra_win_champon9198 generator to eu-fra area!
INFO [2024-09-10 10:22:15] [WIND] - Successfully added fra_win_chantrign9202 generator to eu-fra area!
INFO [2024-09-10 10:22:16] [WIND] - Successfully added fra_win_chapellevallon9203 generator to eu-fra area!
INFO [2024-09-10 10:22:17] [WIND] - Successfully added fra_win_charlysurmarn9205 generator to eu-fra area!
INFO [2024-09-10 10:22:17] [WIND] - Successfully added fra_win_charmontenbea9207 generator to eu-fra area!
INFO [2024-09-10 10:22:18] [WIND] - Successfully added fra_win_charmontsousb9208 generator to eu-fra area!
INFO [2024-09-10 10:22:19] [WIND] - Successfully added fra_win_chastelnouvel9213 generator to eu-fra area!
INFO [2024-09-10 10:22:19] [WIND] - Successfully added fra_win_chaudeyrac9218 generator to eu-fra area!
INFO [2024-09-10 10:22:20] [WIND] - Successfully added fra_win_chauv9221 generator to eu-fra area!
INFO [2024-09-10 10:22:20] [WIND] - Successfully added fra_win_chelers9222 generator to eu-fra area!
INFO [2024-09-10 10:22:20] [WIND] - Successfully added fra_win_chermisey9224 generator to eu-fra area!
INFO [2024-09-10 10:22:21] [WIND] - Successfully added fra_win_chervey9225 generator to eu-fra area!
INFO [2024-09-10 10:22:21] [WIND] - Successfully added fra_win_chicheboville9227 generator to eu-fra area!
INFO [2024-09-10 10:22:22] [WIND] - Successfully added fra_win_chteauporcie9231 generator to eu-fra area!
INFO [2024-09-10 10:22:22] [WIND] - Successfully added fra_win_chteaulin9232 generator to eu-fra area!
INFO [2024-09-10 10:22:23] [WIND] - Successfully added fra_win_chtres9238 generator to eu-fra area!
INFO [2024-09-10 10:22:23] [WIND] - Successfully added fra_win_chpy9239 generator to eu-fra area!
INFO [2024-09-10 10:22:24] [WIND] - Successfully added fra_win_chry9240 generator to eu-fra area!
INFO [2024-09-10 10:22:24] [WIND] - Successfully added fra_win_civray9244 generator to eu-fra area!
INFO [2024-09-10 10:22:25] [WIND] - Successfully added fra_win_clamanges9247 generator to eu-fra area!
INFO [2024-09-10 10:22:25] [WIND] - Successfully added fra_win_clamecy9249 generator to eu-fra area!
INFO [2024-09-10 10:22:25] [WIND] - Successfully added fra_win_clitourps9254 generator to eu-fra area!
INFO [2024-09-10 10:22:26] [WIND] - Successfully added fra_win_cocquerel9257 generator to eu-fra area!
INFO [2024-09-10 10:22:26] [WIND] - Successfully added fra_win_collorec9259 generator to eu-fra area!
INFO [2024-09-10 10:22:27] [WIND] - Successfully added fra_win_conilhaccorbi9265 generator to eu-fra area!
INFO [2024-09-10 10:22:27] [WIND] - Successfully added fra_win_conilhacdela9266 generator to eu-fra area!
INFO [2024-09-10 10:22:28] [WIND] - Successfully added fra_win_conteville9267 generator to eu-fra area!
INFO [2024-09-10 10:22:28] [WIND] - Successfully added fra_win_contreuve9268 generator to eu-fra area!
INFO [2024-09-10 10:22:29] [WIND] - Successfully added fra_win_coole9269 generator to eu-fra area!
INFO [2024-09-10 10:22:29] [WIND] - Successfully added fra_win_coquelles9270 generator to eu-fra area!
INFO [2024-09-10 10:22:30] [WIND] - Successfully added fra_win_coren9273 generator to eu-fra area!
INFO [2024-09-10 10:22:30] [WIND] - Successfully added fra_win_cormainville9274 generator to eu-fra area!
INFO [2024-09-10 10:22:31] [WIND] - Successfully added fra_win_cormont9275 generator to eu-fra area!
INFO [2024-09-10 10:22:32] [WIND] - Successfully added fra_win_corpe9278 generator to eu-fra area!
INFO [2024-09-10 10:22:32] [WIND] - Successfully added fra_win_corroy9279 generator to eu-fra area!
INFO [2024-09-10 10:22:32] [WIND] - Successfully added fra_win_couff9283 generator to eu-fra area!
INFO [2024-09-10 10:22:33] [WIND] - Successfully added fra_win_coulongesthoua9285 generator to eu-fra area!
INFO [2024-09-10 10:22:33] [WIND] - Successfully added fra_win_coulours9286 generator to eu-fra area!
INFO [2024-09-10 10:22:34] [WIND] - Successfully added fra_win_coume9287 generator to eu-fra area!
INFO [2024-09-10 10:22:34] [WIND] - Successfully added fra_win_coupellevieill9288 generator to eu-fra area!
INFO [2024-09-10 10:22:35] [WIND] - Successfully added fra_win_coupville9289 generator to eu-fra area!
INFO [2024-09-10 10:22:35] [WIND] - Successfully added fra_win_courcellessur9290 generator to eu-fra area!
INFO [2024-09-10 10:22:36] [WIND] - Successfully added fra_win_courdemanges9291 generator to eu-fra area!
INFO [2024-09-10 10:22:36] [WIND] - Successfully added fra_win_courgis9292 generator to eu-fra area!
INFO [2024-09-10 10:22:37] [WIND] - Successfully added fra_win_coyecques9297 generator to eu-fra area!
INFO [2024-09-10 10:22:37] [WIND] - Successfully added fra_win_crennessurfra9299 generator to eu-fra area!
INFO [2024-09-10 10:22:38] [WIND] - Successfully added fra_win_creutzwald9300 generator to eu-fra area!
INFO [2024-09-10 10:22:38] [WIND] - Successfully added fra_win_crielsurmer9301 generator to eu-fra area!
INFO [2024-09-10 10:22:38] [WIND] - Successfully added fra_win_criquiers9302 generator to eu-fra area!
INFO [2024-09-10 10:22:39] [WIND] - Successfully added fra_win_croixrault9305 generator to eu-fra area!
INFO [2024-09-10 10:22:40] [WIND] - Successfully added fra_win_crosdegoran9306 generator to eu-fra area!
INFO [2024-09-10 10:22:40] [WIND] - Successfully added fra_win_cruas9307 generator to eu-fra area!
INFO [2024-09-10 10:22:41] [WIND] - Successfully added fra_win_cruguel9310 generator to eu-fra area!
INFO [2024-09-10 10:22:41] [WIND] - Successfully added fra_win_cruscades9311 generator to eu-fra area!
INFO [2024-09-10 10:22:42] [WIND] - Successfully added fra_win_crvecoeurle9312 generator to eu-fra area!
INFO [2024-09-10 10:22:42] [WIND] - Successfully added fra_win_crdin9313 generator to eu-fra area!
INFO [2024-09-10 10:22:43] [WIND] - Successfully added fra_win_crquy9315 generator to eu-fra area!
INFO [2024-09-10 10:22:43] [WIND] - Successfully added fra_win_cuq9319 generator to eu-fra area!
INFO [2024-09-10 10:22:43] [WIND] - Successfully added fra_win_cuxaccabards9324 generator to eu-fra area!
INFO [2024-09-10 10:22:44] [WIND] - Successfully added fra_win_damery9331 generator to eu-fra area!
INFO [2024-09-10 10:22:44] [WIND] - Successfully added fra_win_dargies9333 generator to eu-fra area!
INFO [2024-09-10 10:22:45] [WIND] - Successfully added fra_win_dehlingen9335 generator to eu-fra area!
INFO [2024-09-10 10:22:45] [WIND] - Successfully added fra_win_delouzerosir9336 generator to eu-fra area!
INFO [2024-09-10 10:22:46] [WIND] - Successfully added fra_win_derval9337 generator to eu-fra area!
INFO [2024-09-10 10:22:46] [WIND] - Successfully added fra_win_destry9338 generator to eu-fra area!
INFO [2024-09-10 10:22:47] [WIND] - Successfully added fra_win_dinault9342 generator to eu-fra area!
INFO [2024-09-10 10:22:47] [WIND] - Successfully added fra_win_dioetvalqui9343 generator to eu-fra area!
INFO [2024-09-10 10:22:48] [WIND] - Successfully added fra_win_dirinon9345 generator to eu-fra area!
INFO [2024-09-10 10:22:48] [WIND] - Successfully added fra_win_dohem9347 generator to eu-fra area!
INFO [2024-09-10 10:22:49] [WIND] - Successfully added fra_win_domartenponth9348 generator to eu-fra area!
INFO [2024-09-10 10:22:49] [WIND] - Successfully added fra_win_doncourtlsl9350 generator to eu-fra area!
INFO [2024-09-10 10:22:50] [WIND] - Successfully added fra_win_doudelainville9353 generator to eu-fra area!
INFO [2024-09-10 10:22:50] [WIND] - Successfully added fra_win_drouptsaintba9356 generator to eu-fra area!
INFO [2024-09-10 10:22:51] [WIND] - Successfully added fra_win_drouptsaintem9357 generator to eu-fra area!
INFO [2024-09-10 10:22:51] [WIND] - Successfully added fra_win_eaucourtsurso9365 generator to eu-fra area!
INFO [2024-09-10 10:22:52] [WIND] - Successfully added fra_win_erbray9376 generator to eu-fra area!
INFO [2024-09-10 10:22:52] [WIND] - Successfully added fra_win_ervillers9377 generator to eu-fra area!
INFO [2024-09-10 10:22:53] [WIND] - Successfully added fra_win_escamps9378 generator to eu-fra area!
INFO [2024-09-10 10:22:53] [WIND] - Successfully added fra_win_esclavolleslur9380 generator to eu-fra area!
INFO [2024-09-10 10:22:54] [WIND] - Successfully added fra_win_esnouveaux9381 generator to eu-fra area!
INFO [2024-09-10 10:22:54] [WIND] - Successfully added fra_win_esquennoy9386 generator to eu-fra area!
INFO [2024-09-10 10:22:55] [WIND] - Successfully added fra_win_euvy9388 generator to eu-fra area!
INFO [2024-09-10 10:22:55] [WIND] - Successfully added fra_win_falleron9396 generator to eu-fra area!
INFO [2024-09-10 10:22:56] [WIND] - Successfully added fra_win_familly9397 generator to eu-fra area!
INFO [2024-09-10 10:22:56] [WIND] - Successfully added fra_win_fauquembergues9399 generator to eu-fra area!
INFO [2024-09-10 10:22:57] [WIND] - Successfully added fra_win_ferrireetla9406 generator to eu-fra area!
INFO [2024-09-10 10:22:58] [WIND] - Successfully added fra_win_fiefs9408 generator to eu-fra area!
INFO [2024-09-10 10:22:58] [WIND] - Successfully added fra_win_fiennes9409 generator to eu-fra area!
INFO [2024-09-10 10:22:59] [WIND] - Successfully added fra_win_fienvillers9410 generator to eu-fra area!
INFO [2024-09-10 10:22:59] [WIND] - Successfully added fra_win_fiervillebray9411 generator to eu-fra area!
INFO [2024-09-10 10:23:00] [WIND] - Successfully added fra_win_fillires9413 generator to eu-fra area!
INFO [2024-09-10 10:23:00] [WIND] - Successfully added fra_win_fitou9415 generator to eu-fra area!
INFO [2024-09-10 10:23:01] [WIND] - Successfully added fra_win_flammercourt9416 generator to eu-fra area!
INFO [2024-09-10 10:23:01] [WIND] - Successfully added fra_win_flavin9419 generator to eu-fra area!
INFO [2024-09-10 10:23:02] [WIND] - Successfully added fra_win_fontainemcon9422 generator to eu-fra area!
INFO [2024-09-10 10:23:02] [WIND] - Successfully added fra_win_fortelenartoi9430 generator to eu-fra area!
INFO [2024-09-10 10:23:03] [WIND] - Successfully added fra_win_fossurmer9433 generator to eu-fra area!
INFO [2024-09-10 10:23:03] [WIND] - Successfully added fra_win_foulcrey9438 generator to eu-fra area!
INFO [2024-09-10 10:23:04] [WIND] - Successfully added fra_win_fraissesurago9440 generator to eu-fra area!
INFO [2024-09-10 10:23:04] [WIND] - Successfully added fra_win_framervillerai9441 generator to eu-fra area!
INFO [2024-09-10 10:23:05] [WIND] - Successfully added fra_win_francastel9442 generator to eu-fra area!
INFO [2024-09-10 10:23:05] [WIND] - Successfully added fra_win_francheville9443 generator to eu-fra area!
INFO [2024-09-10 10:23:06] [WIND] - Successfully added fra_win_freign9444 generator to eu-fra area!
INFO [2024-09-10 10:23:06] [WIND] - Successfully added fra_win_fresnestillolo9445 generator to eu-fra area!
INFO [2024-09-10 10:23:07] [WIND] - Successfully added fra_win_fresnesensaul9446 generator to eu-fra area!
INFO [2024-09-10 10:23:07] [WIND] - Successfully added fra_win_fresnoylegran9448 generator to eu-fra area!
INFO [2024-09-10 10:23:08] [WIND] - Successfully added fra_win_fressenneville9449 generator to eu-fra area!
INFO [2024-09-10 10:23:08] [WIND] - Successfully added fra_win_freycenetlato9450 generator to eu-fra area!
INFO [2024-09-10 10:23:09] [WIND] - Successfully added fra_win_freyssenet9451 generator to eu-fra area!
INFO [2024-09-10 10:23:09] [WIND] - Successfully added fra_win_froidfond9452 generator to eu-fra area!
INFO [2024-09-10 10:23:10] [WIND] - Successfully added fra_win_fruges9454 generator to eu-fra area!
INFO [2024-09-10 10:23:10] [WIND] - Successfully added fra_win_frnouville9456 generator to eu-fra area!
INFO [2024-09-10 10:23:11] [WIND] - Successfully added fra_win_frvent9457 generator to eu-fra area!
INFO [2024-09-10 10:23:11] [WIND] - Successfully added fra_win_fcamp9461 generator to eu-fra area!
INFO [2024-09-10 10:23:12] [WIND] - Successfully added fra_win_gamaches9471 generator to eu-fra area!
INFO [2024-09-10 10:23:12] [WIND] - Successfully added fra_win_garcellessecqu9474 generator to eu-fra area!
INFO [2024-09-10 10:23:13] [WIND] - Successfully added fra_win_gavray9480 generator to eu-fra area!
INFO [2024-09-10 10:23:13] [WIND] - Successfully added fra_win_ger9484 generator to eu-fra area!
INFO [2024-09-10 10:23:14] [WIND] - Successfully added fra_win_germinon9486 generator to eu-fra area!
INFO [2024-09-10 10:23:14] [WIND] - Successfully added fra_win_gogney9492 generator to eu-fra area!
INFO [2024-09-10 10:23:15] [WIND] - Successfully added fra_win_gommerville9494 generator to eu-fra area!
INFO [2024-09-10 10:23:15] [WIND] - Successfully added fra_win_gonfreville9495 generator to eu-fra area!
INFO [2024-09-10 10:23:15] [WIND] - Successfully added fra_win_gouchaupre9497 generator to eu-fra area!
INFO [2024-09-10 10:23:16] [WIND] - Successfully added fra_win_gourganon9500 generator to eu-fra area!
INFO [2024-09-10 10:23:16] [WIND] - Successfully added fra_win_gournayloiz9501 generator to eu-fra area!
INFO [2024-09-10 10:23:17] [WIND] - Successfully added fra_win_grandfougeray9505 generator to eu-fra area!
INFO [2024-09-10 10:23:17] [WIND] - Successfully added fra_win_gratot9512 generator to eu-fra area!
INFO [2024-09-10 10:23:18] [WIND] - Successfully added fra_win_grenevilleenb9514 generator to eu-fra area!
INFO [2024-09-10 10:23:18] [WIND] - Successfully added fra_win_gruny9516 generator to eu-fra area!
INFO [2024-09-10 10:23:19] [WIND] - Successfully added fra_win_grning9517 generator to eu-fra area!
INFO [2024-09-10 10:23:19] [WIND] - Successfully added fra_win_gueltas9520 generator to eu-fra area!
INFO [2024-09-10 10:23:20] [WIND] - Successfully added fra_win_guern9521 generator to eu-fra area!
INFO [2024-09-10 10:23:20] [WIND] - Successfully added fra_win_guerville9522 generator to eu-fra area!
INFO [2024-09-10 10:23:21] [WIND] - Successfully added fra_win_gueschart9523 generator to eu-fra area!
INFO [2024-09-10 10:23:21] [WIND] - Successfully added fra_win_gueures9524 generator to eu-fra area!
INFO [2024-09-10 10:23:22] [WIND] - Successfully added fra_win_guigneville9526 generator to eu-fra area!
INFO [2024-09-10 10:23:22] [WIND] - Successfully added fra_win_guilberville9527 generator to eu-fra area!
INFO [2024-09-10 10:23:23] [WIND] - Successfully added fra_win_guindrecourtsu9528 generator to eu-fra area!
INFO [2024-09-10 10:23:23] [WIND] - Successfully added fra_win_gugon9532 generator to eu-fra area!
INFO [2024-09-10 10:23:24] [WIND] - Successfully added fra_win_guhenno9533 generator to eu-fra area!
INFO [2024-09-10 10:23:24] [WIND] - Successfully added fra_win_hambers9539 generator to eu-fra area!
INFO [2024-09-10 10:23:25] [WIND] - Successfully added fra_win_hangestensant9540 generator to eu-fra area!
INFO [2024-09-10 10:23:25] [WIND] - Successfully added fra_win_harcanville9541 generator to eu-fra area!
INFO [2024-09-10 10:23:26] [WIND] - Successfully added fra_win_hargicourt9542 generator to eu-fra area!
INFO [2024-09-10 10:23:26] [WIND] - Successfully added fra_win_haucourtmoulai9543 generator to eu-fra area!
INFO [2024-09-10 10:23:27] [WIND] - Successfully added fra_win_hautevesnes9546 generator to eu-fra area!
INFO [2024-09-10 10:23:27] [WIND] - Successfully added fra_win_hauteville9547 generator to eu-fra area!
INFO [2024-09-10 10:23:28] [WIND] - Successfully added fra_win_hendecourtls9548 generator to eu-fra area!
INFO [2024-09-10 10:23:28] [WIND] - Successfully added fra_win_herlincourt9549 generator to eu-fra area!
INFO [2024-09-10 10:23:29] [WIND] - Successfully added fra_win_herly9550 generator to eu-fra area!
INFO [2024-09-10 10:23:29] [WIND] - Successfully added fra_win_hermin9552 generator to eu-fra area!
INFO [2024-09-10 10:23:30] [WIND] - Successfully added fra_win_hescamps9554 generator to eu-fra area!
INFO [2024-09-10 10:23:30] [WIND] - Successfully added fra_win_hombleux9557 generator to eu-fra area!
INFO [2024-09-10 10:23:31] [WIND] - Successfully added fra_win_houdelaincourt9561 generator to eu-fra area!
INFO [2024-09-10 10:23:31] [WIND] - Successfully added fra_win_huclier9562 generator to eu-fra area!
INFO [2024-09-10 10:23:32] [WIND] - Successfully added fra_win_huiron9563 generator to eu-fra area!
INFO [2024-09-10 10:23:33] [WIND] - Successfully added fra_win_hninel9566 generator to eu-fra area!
INFO [2024-09-10 10:23:33] [WIND] - Successfully added fra_win_htomesnil9567 generator to eu-fra area!
INFO [2024-09-10 10:23:34] [WIND] - Successfully added fra_win_hzecques9568 generator to eu-fra area!
INFO [2024-09-10 10:23:34] [WIND] - Successfully added fra_win_iffendic9569 generator to eu-fra area!
INFO [2024-09-10 10:23:35] [WIND] - Successfully added fra_win_igney9570 generator to eu-fra area!
INFO [2024-09-10 10:23:36] [WIND] - Successfully added fra_win_illois9572 generator to eu-fra area!
INFO [2024-09-10 10:23:36] [WIND] - Successfully added fra_win_iron9573 generator to eu-fra area!
INFO [2024-09-10 10:23:37] [WIND] - Successfully added fra_win_isenbassigny9574 generator to eu-fra area!
INFO [2024-09-10 10:23:37] [WIND] - Successfully added fra_win_ivergny9581 generator to eu-fra area!
INFO [2024-09-10 10:23:38] [WIND] - Successfully added fra_win_janville9585 generator to eu-fra area!
INFO [2024-09-10 10:23:38] [WIND] - Successfully added fra_win_jouyenpithive9588 generator to eu-fra area!
INFO [2024-09-10 10:23:39] [WIND] - Successfully added fra_win_juill9589 generator to eu-fra area!
INFO [2024-09-10 10:23:39] [WIND] - Successfully added fra_win_kergrist9594 generator to eu-fra area!
INFO [2024-09-10 10:23:40] [WIND] - Successfully added fra_win_kergristmolo9595 generator to eu-fra area!
INFO [2024-09-10 10:23:40] [WIND] - Successfully added fra_win_lledolonne9602 generator to eu-fra area!
INFO [2024-09-10 10:23:41] [WIND] - Successfully added fra_win_labente9607 generator to eu-fra area!
INFO [2024-09-10 10:23:42] [WIND] - Successfully added fra_win_lachapellegau9612 generator to eu-fra area!
INFO [2024-09-10 10:23:42] [WIND] - Successfully added fra_win_lachapellelau9614 generator to eu-fra area!
INFO [2024-09-10 10:23:43] [WIND] - Successfully added fra_win_lachapellerou9615 generator to eu-fra area!
INFO [2024-09-10 10:23:43] [WIND] - Successfully added fra_win_lachaussesu9617 generator to eu-fra area!
INFO [2024-09-10 10:23:44] [WIND] - Successfully added fra_win_ladsirade9620 generator to eu-fra area!
INFO [2024-09-10 10:23:44] [WIND] - Successfully added fra_win_lafagemontive9621 generator to eu-fra area!
INFO [2024-09-10 10:23:45] [WIND] - Successfully added fra_win_lafaye9624 generator to eu-fra area!
INFO [2024-09-10 10:23:45] [WIND] - Successfully added fra_win_lagacilly9626 generator to eu-fra area!
INFO [2024-09-10 10:23:46] [WIND] - Successfully added fra_win_lagarnache9629 generator to eu-fra area!
INFO [2024-09-10 10:23:47] [WIND] - Successfully added fra_win_lahaietravers9632 generator to eu-fra area!
INFO [2024-09-10 10:23:47] [WIND] - Successfully added fra_win_lalimouzinir9633 generator to eu-fra area!
INFO [2024-09-10 10:23:48] [WIND] - Successfully added fra_win_lamarne9636 generator to eu-fra area!
INFO [2024-09-10 10:23:48] [WIND] - Successfully added fra_win_lamottedegal9637 generator to eu-fra area!
INFO [2024-09-10 10:23:49] [WIND] - Successfully added fra_win_laneuvillebos9638 generator to eu-fra area!
INFO [2024-09-10 10:23:49] [WIND] - Successfully added fra_win_lapalme9640 generator to eu-fra area!
INFO [2024-09-10 10:23:50] [WIND] - Successfully added fra_win_laprnessaye9643 generator to eu-fra area!
INFO [2024-09-10 10:23:51] [WIND] - Successfully added fra_win_larparaauri9650 generator to eu-fra area!
INFO [2024-09-10 10:23:51] [WIND] - Successfully added fra_win_lasouterraine9655 generator to eu-fra area!
INFO [2024-09-10 10:23:52] [WIND] - Successfully added fra_win_latourlandry9658 generator to eu-fra area!
INFO [2024-09-10 10:23:53] [WIND] - Successfully added fra_win_latche9661 generator to eu-fra area!
INFO [2024-09-10 10:23:53] [WIND] - Successfully added fra_win_lacombe9669 generator to eu-fra area!
INFO [2024-09-10 10:23:54] [WIND] - Successfully added fra_win_lafresguimonts9673 generator to eu-fra area!
INFO [2024-09-10 10:23:54] [WIND] - Successfully added fra_win_lamballe9679 generator to eu-fra area!
INFO [2024-09-10 10:23:55] [WIND] - Successfully added fra_win_lamontlari9681 generator to eu-fra area!
INFO [2024-09-10 10:23:55] [WIND] - Successfully added fra_win_landroff9684 generator to eu-fra area!
INFO [2024-09-10 10:23:56] [WIND] - Successfully added fra_win_laneuvilleaur9686 generator to eu-fra area!
INFO [2024-09-10 10:23:56] [WIND] - Successfully added fra_win_lanfains9687 generator to eu-fra area!
INFO [2024-09-10 10:23:57] [WIND] - Successfully added fra_win_langolan9689 generator to eu-fra area!
INFO [2024-09-10 10:23:58] [WIND] - Successfully added fra_win_lannoycuillr9691 generator to eu-fra area!
INFO [2024-09-10 10:23:58] [WIND] - Successfully added fra_win_lanoue9693 generator to eu-fra area!
INFO [2024-09-10 10:23:59] [WIND] - Successfully added fra_win_lanquessurrog9694 generator to eu-fra area!
INFO [2024-09-10 10:24:00] [WIND] - Successfully added fra_win_lanrivain9695 generator to eu-fra area!
INFO [2024-09-10 10:24:00] [WIND] - Successfully added fra_win_lanrivoar9696 generator to eu-fra area!
INFO [2024-09-10 10:24:01] [WIND] - Successfully added fra_win_laprugne9700 generator to eu-fra area!
INFO [2024-09-10 10:24:02] [WIND] - Successfully added fra_win_lassaylesch9707 generator to eu-fra area!
INFO [2024-09-10 10:24:03] [WIND] - Successfully added fra_win_laucourt9714 generator to eu-fra area!
INFO [2024-09-10 10:24:03] [WIND] - Successfully added fra_win_lauwinplanque9717 generator to eu-fra area!
INFO [2024-09-10 10:24:04] [WIND] - Successfully added fra_win_lauzach9718 generator to eu-fra area!
INFO [2024-09-10 10:24:04] [WIND] - Successfully added fra_win_lavalle9721 generator to eu-fra area!
INFO [2024-09-10 10:24:05] [WIND] - Successfully added fra_win_lebernard9728 generator to eu-fra area!
INFO [2024-09-10 10:24:06] [WIND] - Successfully added fra_win_leham9737 generator to eu-fra area!
INFO [2024-09-10 10:24:06] [WIND] - Successfully added fra_win_lehautcorlay9738 generator to eu-fra area!
INFO [2024-09-10 10:24:07] [WIND] - Successfully added fra_win_lelandreau9741 generator to eu-fra area!
INFO [2024-09-10 10:24:08] [WIND] - Successfully added fra_win_lelangon9742 generator to eu-fra area!
INFO [2024-09-10 10:24:08] [WIND] - Successfully added fra_win_lemargns9747 generator to eu-fra area!
INFO [2024-09-10 10:24:09] [WIND] - Successfully added fra_win_lemeixtiercel9749 generator to eu-fra area!
INFO [2024-09-10 10:24:09] [WIND] - Successfully added fra_win_lemesnilopac9750 generator to eu-fra area!
INFO [2024-09-10 10:24:10] [WIND] - Successfully added fra_win_leportel9761 generator to eu-fra area!
INFO [2024-09-10 10:24:11] [WIND] - Successfully added fra_win_lepouzin9762 generator to eu-fra area!
INFO [2024-09-10 10:24:11] [WIND] - Successfully added fra_win_lerochereau9765 generator to eu-fra area!
INFO [2024-09-10 10:24:12] [WIND] - Successfully added fra_win_lesouich9766 generator to eu-fra area!
INFO [2024-09-10 10:24:13] [WIND] - Successfully added fra_win_lethour9771 generator to eu-fra area!
INFO [2024-09-10 10:24:13] [WIND] - Successfully added fra_win_letransloy9772 generator to eu-fra area!
INFO [2024-09-10 10:24:14] [WIND] - Successfully added fra_win_levaldesnoms9775 generator to eu-fra area!
INFO [2024-09-10 10:24:15] [WIND] - Successfully added fra_win_levauclin9776 generator to eu-fra area!
INFO [2024-09-10 10:24:16] [WIND] - Successfully added fra_win_leffincourt9780 generator to eu-fra area!
INFO [2024-09-10 10:24:16] [WIND] - Successfully added fra_win_lehaucourt9782 generator to eu-fra area!
INFO [2024-09-10 10:24:17] [WIND] - Successfully added fra_win_lesclrimois9786 generator to eu-fra area!
INFO [2024-09-10 10:24:18] [WIND] - Successfully added fra_win_lesessartsle9787 generator to eu-fra area!
INFO [2024-09-10 10:24:18] [WIND] - Successfully added fra_win_lesfougerts9788 generator to eu-fra area!
INFO [2024-09-10 10:24:19] [WIND] - Successfully added fra_win_lesgrandescha9789 generator to eu-fra area!
INFO [2024-09-10 10:24:20] [WIND] - Successfully added fra_win_lesnouillers9792 generator to eu-fra area!
INFO [2024-09-10 10:24:20] [WIND] - Successfully added fra_win_lessiges9797 generator to eu-fra area!
INFO [2024-09-10 10:24:21] [WIND] - Successfully added fra_win_lesterps9801 generator to eu-fra area!
INFO [2024-09-10 10:24:22] [WIND] - Successfully added fra_win_lestradeettho9802 generator to eu-fra area!
INFO [2024-09-10 10:24:22] [WIND] - Successfully added fra_win_levoncourt9803 generator to eu-fra area!
INFO [2024-09-10 10:24:23] [WIND] - Successfully added fra_win_lhutre9807 generator to eu-fra area!
INFO [2024-09-10 10:24:24] [WIND] - Successfully added fra_win_lignysaintflo9811 generator to eu-fra area!
INFO [2024-09-10 10:24:24] [WIND] - Successfully added fra_win_lignysurcanch9812 generator to eu-fra area!
INFO [2024-09-10 10:24:25] [WIND] - Successfully added fra_win_lihons9813 generator to eu-fra area!
INFO [2024-09-10 10:24:26] [WIND] - Successfully added fra_win_lihus9814 generator to eu-fra area!
INFO [2024-09-10 10:24:26] [WIND] - Successfully added fra_win_linghem9819 generator to eu-fra area!
INFO [2024-09-10 10:24:27] [WIND] - Successfully added fra_win_liniez9820 generator to eu-fra area!
INFO [2024-09-10 10:24:28] [WIND] - Successfully added fra_win_lislet9822 generator to eu-fra area!
INFO [2024-09-10 10:24:28] [WIND] - Successfully added fra_win_litz9823 generator to eu-fra area!
INFO [2024-09-10 10:24:29] [WIND] - Successfully added fra_win_lizeray9828 generator to eu-fra area!
INFO [2024-09-10 10:24:30] [WIND] - Successfully added fra_win_lohuec9830 generator to eu-fra area!
INFO [2024-09-10 10:24:30] [WIND] - Successfully added fra_win_longevillesur9831 generator to eu-fra area!
INFO [2024-09-10 10:24:31] [WIND] - Successfully added fra_win_longuevillesur9832 generator to eu-fra area!
INFO [2024-09-10 10:24:32] [WIND] - Successfully added fra_win_loonplage9836 generator to eu-fra area!
INFO [2024-09-10 10:24:32] [WIND] - Successfully added fra_win_louvillelache9844 generator to eu-fra area!
INFO [2024-09-10 10:24:33] [WIND] - Successfully added fra_win_lucsurorbieu9849 generator to eu-fra area!
INFO [2024-09-10 10:24:34] [WIND] - Successfully added fra_win_lusignan9854 generator to eu-fra area!
INFO [2024-09-10 10:24:34] [WIND] - Successfully added fra_win_lvigny9860 generator to eu-fra area!
INFO [2024-09-10 10:24:35] [WIND] - Successfully added fra_win_mach9872 generator to eu-fra area!
INFO [2024-09-10 10:24:36] [WIND] - Successfully added fra_win_magoar9877 generator to eu-fra area!
INFO [2024-09-10 10:24:36] [WIND] - Successfully added fra_win_mahalon9878 generator to eu-fra area!
INFO [2024-09-10 10:24:37] [WIND] - Successfully added fra_win_maisnires9881 generator to eu-fra area!
INFO [2024-09-10 10:24:38] [WIND] - Successfully added fra_win_maisonsencham9882 generator to eu-fra area!
INFO [2024-09-10 10:24:38] [WIND] - Successfully added fra_win_maizires9883 generator to eu-fra area!
INFO [2024-09-10 10:24:39] [WIND] - Successfully added fra_win_mannevilles9891 generator to eu-fra area!
INFO [2024-09-10 10:24:40] [WIND] - Successfully added fra_win_marcellois9894 generator to eu-fra area!
INFO [2024-09-10 10:24:41] [WIND] - Successfully added fra_win_mareuilsurarn9897 generator to eu-fra area!
INFO [2024-09-10 10:24:41] [WIND] - Successfully added fra_win_margueray9898 generator to eu-fra area!
INFO [2024-09-10 10:24:42] [WIND] - Successfully added fra_win_marsangis9905 generator to eu-fra area!
INFO [2024-09-10 10:24:43] [WIND] - Successfully added fra_win_marsanne9907 generator to eu-fra area!
INFO [2024-09-10 10:24:43] [WIND] - Successfully added fra_win_marsonsurbarb9908 generator to eu-fra area!
INFO [2024-09-10 10:24:44] [WIND] - Successfully added fra_win_massingylsv9911 generator to eu-fra area!
INFO [2024-09-10 10:24:45] [WIND] - Successfully added fra_win_maulon9916 generator to eu-fra area!
INFO [2024-09-10 10:24:46] [WIND] - Successfully added fra_win_mauredebretag9917 generator to eu-fra area!
INFO [2024-09-10 10:24:46] [WIND] - Successfully added fra_win_mauron9918 generator to eu-fra area!
INFO [2024-09-10 10:24:47] [WIND] - Successfully added fra_win_maxent9919 generator to eu-fra area!
INFO [2024-09-10 10:24:48] [WIND] - Successfully added fra_win_mazeray9921 generator to eu-fra area!
INFO [2024-09-10 10:24:48] [WIND] - Successfully added fra_win_mazoires9923 generator to eu-fra area!
INFO [2024-09-10 10:24:49] [WIND] - Successfully added fra_win_malpestivien9925 generator to eu-fra area!
INFO [2024-09-10 10:24:50] [WIND] - Successfully added fra_win_menaucourt9928 generator to eu-fra area!
INFO [2024-09-10 10:24:50] [WIND] - Successfully added fra_win_mercoeur9930 generator to eu-fra area!
INFO [2024-09-10 10:24:51] [WIND] - Successfully added fra_win_mergey9932 generator to eu-fra area!
INFO [2024-09-10 10:24:52] [WIND] - Successfully added fra_win_merrysec9934 generator to eu-fra area!
INFO [2024-09-10 10:24:52] [WIND] - Successfully added fra_win_mig9942 generator to eu-fra area!
INFO [2024-09-10 10:24:53] [WIND] - Successfully added fra_win_mohon9955 generator to eu-fra area!
INFO [2024-09-10 10:24:54] [WIND] - Successfully added fra_win_moisy9956 generator to eu-fra area!
INFO [2024-09-10 10:24:55] [WIND] - Successfully added fra_win_molain9957 generator to eu-fra area!
INFO [2024-09-10 10:24:55] [WIND] - Successfully added fra_win_molinons9958 generator to eu-fra area!
INFO [2024-09-10 10:24:56] [WIND] - Successfully added fra_win_momerstroff9959 generator to eu-fra area!
INFO [2024-09-10 10:24:57] [WIND] - Successfully added fra_win_monchelsurcan9961 generator to eu-fra area!
INFO [2024-09-10 10:24:58] [WIND] - Successfully added fra_win_monchybreton9962 generator to eu-fra area!
INFO [2024-09-10 10:24:58] [WIND] - Successfully added fra_win_montbazin9969 generator to eu-fra area!
INFO [2024-09-10 10:24:59] [WIND] - Successfully added fra_win_montbray9970 generator to eu-fra area!
INFO [2024-09-10 10:25:00] [WIND] - Successfully added fra_win_montcornet9974 generator to eu-fra area!
INFO [2024-09-10 10:25:01] [WIND] - Successfully added fra_win_montdidier9975 generator to eu-fra area!
INFO [2024-09-10 10:25:02] [WIND] - Successfully added fra_win_montjoyer9982 generator to eu-fra area!
INFO [2024-09-10 10:25:02] [WIND] - Successfully added fra_win_montlou9983 generator to eu-fra area!
INFO [2024-09-10 10:25:03] [WIND] - Successfully added fra_win_morvillerssain10001 generator to eu-fra area!
INFO [2024-09-10 10:25:04] [WIND] - Successfully added fra_win_morac10002 generator to eu-fra area!
INFO [2024-09-10 10:25:05] [WIND] - Successfully added fra_win_mouriez10007 generator to eu-fra area!
INFO [2024-09-10 10:25:05] [WIND] - Successfully added fra_win_moustru10010 generator to eu-fra area!
INFO [2024-09-10 10:25:06] [WIND] - Successfully added fra_win_mouzeuilsaint10013 generator to eu-fra area!
INFO [2024-09-10 10:25:07] [WIND] - Successfully added fra_win_moyencourtls10014 generator to eu-fra area!
INFO [2024-09-10 10:25:07] [WIND] - Successfully added fra_win_murasson10020 generator to eu-fra area!
INFO [2024-09-10 10:25:08] [WIND] - Successfully added fra_win_muratsurvbr10021 generator to eu-fra area!
INFO [2024-09-10 10:25:09] [WIND] - Successfully added fra_win_muzillac10023 generator to eu-fra area!
INFO [2024-09-10 10:25:10] [WIND] - Successfully added fra_win_mautis10024 generator to eu-fra area!
INFO [2024-09-10 10:25:10] [WIND] - Successfully added fra_win_mlignylegra10025 generator to eu-fra area!
INFO [2024-09-10 10:25:11] [WIND] - Successfully added fra_win_mneslies10026 generator to eu-fra area!
INFO [2024-09-10 10:25:12] [WIND] - Successfully added fra_win_mnillahorgn10027 generator to eu-fra area!
INFO [2024-09-10 10:25:12] [WIND] - Successfully added fra_win_mnac10028 generator to eu-fra area!
INFO [2024-09-10 10:25:13] [WIND] - Successfully added fra_win_mntrolss10029 generator to eu-fra area!
INFO [2024-09-10 10:25:14] [WIND] - Successfully added fra_win_msanger10034 generator to eu-fra area!
INFO [2024-09-10 10:25:14] [WIND] - Successfully added fra_win_naivesrosire10037 generator to eu-fra area!
INFO [2024-09-10 10:25:15] [WIND] - Successfully added fra_win_nalliers10038 generator to eu-fra area!
INFO [2024-09-10 10:25:16] [WIND] - Successfully added fra_win_naours10042 generator to eu-fra area!
INFO [2024-09-10 10:25:16] [WIND] - Successfully added fra_win_nelling10045 generator to eu-fra area!
INFO [2024-09-10 10:25:17] [WIND] - Successfully added fra_win_neuchtelurti10047 generator to eu-fra area!
INFO [2024-09-10 10:25:18] [WIND] - Successfully added fra_win_neuvybouin10050 generator to eu-fra area!
INFO [2024-09-10 10:25:18] [WIND] - Successfully added fra_win_neuvyendunois10051 generator to eu-fra area!
INFO [2024-09-10 10:25:19] [WIND] - Successfully added fra_win_nibas10053 generator to eu-fra area!
INFO [2024-09-10 10:25:20] [WIND] - Successfully added fra_win_niedervisse10057 generator to eu-fra area!
INFO [2024-09-10 10:25:20] [WIND] - Successfully added fra_win_nixvillebler10059 generator to eu-fra area!
INFO [2024-09-10 10:25:21] [WIND] - Successfully added fra_win_nohantengra10060 generator to eu-fra area!
INFO [2024-09-10 10:25:22] [WIND] - Successfully added fra_win_noirlieu10064 generator to eu-fra area!
INFO [2024-09-10 10:25:22] [WIND] - Successfully added fra_win_noyales10066 generator to eu-fra area!
INFO [2024-09-10 10:25:23] [WIND] - Successfully added fra_win_noyerssaintma10068 generator to eu-fra area!
INFO [2024-09-10 10:25:24] [WIND] - Successfully added fra_win_nozay10069 generator to eu-fra area!
INFO [2024-09-10 10:25:24] [WIND] - Successfully added fra_win_nurlu10072 generator to eu-fra area!
INFO [2024-09-10 10:25:25] [WIND] - Successfully added fra_win_nvian10075 generator to eu-fra area!
INFO [2024-09-10 10:25:26] [WIND] - Successfully added fra_win_oinvillesaint10081 generator to eu-fra area!
INFO [2024-09-10 10:25:26] [WIND] - Successfully added fra_win_omey10087 generator to eu-fra area!
INFO [2024-09-10 10:25:27] [WIND] - Successfully added fra_win_omissy10088 generator to eu-fra area!
INFO [2024-09-10 10:25:28] [WIND] - Successfully added fra_win_opoulprillos10092 generator to eu-fra area!
INFO [2024-09-10 10:25:29] [WIND] - Successfully added fra_win_orcevaux10095 generator to eu-fra area!
INFO [2024-09-10 10:25:29] [WIND] - Successfully added fra_win_oresmaux10096 generator to eu-fra area!
INFO [2024-09-10 10:25:30] [WIND] - Successfully added fra_win_ortillon10103 generator to eu-fra area!
INFO [2024-09-10 10:25:31] [WIND] - Successfully added fra_win_orvillierssain10104 generator to eu-fra area!
INFO [2024-09-10 10:25:31] [WIND] - Successfully added fra_win_ouanne10105 generator to eu-fra area!
INFO [2024-09-10 10:25:32] [WIND] - Successfully added fra_win_oupia10106 generator to eu-fra area!
INFO [2024-09-10 10:25:33] [WIND] - Successfully added fra_win_ouzouerlemarc10107 generator to eu-fra area!
INFO [2024-09-10 10:25:34] [WIND] - Successfully added fra_win_paizayletort10116 generator to eu-fra area!
INFO [2024-09-10 10:25:35] [WIND] - Successfully added fra_win_pamproux10119 generator to eu-fra area!
INFO [2024-09-10 10:25:35] [WIND] - Successfully added fra_win_pannec10120 generator to eu-fra area!
INFO [2024-09-10 10:25:36] [WIND] - Successfully added fra_win_patay10123 generator to eu-fra area!
INFO [2024-09-10 10:25:37] [WIND] - Successfully added fra_win_payns10126 generator to eu-fra area!
INFO [2024-09-10 10:25:38] [WIND] - Successfully added fra_win_pellafol10127 generator to eu-fra area!
INFO [2024-09-10 10:25:39] [WIND] - Successfully added fra_win_penin10128 generator to eu-fra area!
INFO [2024-09-10 10:25:39] [WIND] - Successfully added fra_win_pertain10133 generator to eu-fra area!
INFO [2024-09-10 10:25:40] [WIND] - Successfully added fra_win_petitcanal10137 generator to eu-fra area!
INFO [2024-09-10 10:25:41] [WIND] - Successfully added fra_win_peyrelevade10141 generator to eu-fra area!
INFO [2024-09-10 10:25:42] [WIND] - Successfully added fra_win_pithivierslev10151 generator to eu-fra area!
INFO [2024-09-10 10:25:42] [WIND] - Successfully added fra_win_plestan10154 generator to eu-fra area!
INFO [2024-09-10 10:25:43] [WIND] - Successfully added fra_win_pleugriffet10155 generator to eu-fra area!
INFO [2024-09-10 10:25:44] [WIND] - Successfully added fra_win_pleyberchrist10156 generator to eu-fra area!
INFO [2024-09-10 10:25:45] [WIND] - Successfully added fra_win_plogastelsaint10157 generator to eu-fra area!
INFO [2024-09-10 10:25:45] [WIND] - Successfully added fra_win_plomodiern10158 generator to eu-fra area!
INFO [2024-09-10 10:25:46] [WIND] - Successfully added fra_win_plouarzel10159 generator to eu-fra area!
INFO [2024-09-10 10:25:47] [WIND] - Successfully added fra_win_ploudalmzeau10161 generator to eu-fra area!
INFO [2024-09-10 10:25:47] [WIND] - Successfully added fra_win_plougras10163 generator to eu-fra area!
INFO [2024-09-10 10:25:48] [WIND] - Successfully added fra_win_plouguin10164 generator to eu-fra area!
INFO [2024-09-10 10:25:49] [WIND] - Successfully added fra_win_plouigneau10165 generator to eu-fra area!
INFO [2024-09-10 10:25:50] [WIND] - Successfully added fra_win_plouisy10166 generator to eu-fra area!
INFO [2024-09-10 10:25:50] [WIND] - Successfully added fra_win_ploumoguer10167 generator to eu-fra area!
INFO [2024-09-10 10:25:51] [WIND] - Successfully added fra_win_plounvezquin10168 generator to eu-fra area!
INFO [2024-09-10 10:25:52] [WIND] - Successfully added fra_win_plourin10169 generator to eu-fra area!
INFO [2024-09-10 10:25:53] [WIND] - Successfully added fra_win_plouvien10170 generator to eu-fra area!
INFO [2024-09-10 10:25:54] [WIND] - Successfully added fra_win_plouy10171 generator to eu-fra area!
INFO [2024-09-10 10:25:54] [WIND] - Successfully added fra_win_plozvet10172 generator to eu-fra area!
INFO [2024-09-10 10:25:55] [WIND] - Successfully added fra_win_plumieux10174 generator to eu-fra area!
INFO [2024-09-10 10:25:56] [WIND] - Successfully added fra_win_pluzunet10175 generator to eu-fra area!
INFO [2024-09-10 10:25:57] [WIND] - Successfully added fra_win_plchtel10176 generator to eu-fra area!
INFO [2024-09-10 10:25:58] [WIND] - Successfully added fra_win_pllanlegran10177 generator to eu-fra area!
INFO [2024-09-10 10:25:58] [WIND] - Successfully added fra_win_pogny10182 generator to eu-fra area!
INFO [2024-09-10 10:25:59] [WIND] - Successfully added fra_win_poinsonlsno10183 generator to eu-fra area!
INFO [2024-09-10 10:26:00] [WIND] - Successfully added fra_win_poinville10186 generator to eu-fra area!
INFO [2024-09-10 10:26:01] [WIND] - Successfully added fra_win_poiseullagran10187 generator to eu-fra area!
INFO [2024-09-10 10:26:02] [WIND] - Successfully added fra_win_pontmelvez10190 generator to eu-fra area!
INFO [2024-09-10 10:26:02] [WIND] - Successfully added fra_win_pontremy10191 generator to eu-fra area!
INFO [2024-09-10 10:26:03] [WIND] - Successfully added fra_win_pontdesalars10196 generator to eu-fra area!
INFO [2024-09-10 10:26:04] [WIND] - Successfully added fra_win_pontruet10203 generator to eu-fra area!
INFO [2024-09-10 10:26:05] [WIND] - Successfully added fra_win_portsaintloui10206 generator to eu-fra area!
INFO [2024-09-10 10:26:06] [WIND] - Successfully added fra_win_porteldescorb10208 generator to eu-fra area!
INFO [2024-09-10 10:26:07] [WIND] - Successfully added fra_win_pouilllesc10212 generator to eu-fra area!
INFO [2024-09-10 10:26:08] [WIND] - Successfully added fra_win_poussan10213 generator to eu-fra area!
INFO [2024-09-10 10:26:09] [WIND] - Successfully added fra_win_pouzolsminervo10216 generator to eu-fra area!
INFO [2024-09-10 10:26:10] [WIND] - Successfully added fra_win_pradellescabar10217 generator to eu-fra area!
INFO [2024-09-10 10:26:11] [WIND] - Successfully added fra_win_preuseville10221 generator to eu-fra area!
INFO [2024-09-10 10:26:12] [WIND] - Successfully added fra_win_prouville10222 generator to eu-fra area!
INFO [2024-09-10 10:26:12] [WIND] - Successfully added fra_win_pussay10228 generator to eu-fra area!
INFO [2024-09-10 10:26:13] [WIND] - Successfully added fra_win_prignylaros10230 generator to eu-fra area!
INFO [2024-09-10 10:26:14] [WIND] - Successfully added fra_win_pr10232 generator to eu-fra area!
INFO [2024-09-10 10:26:15] [WIND] - Successfully added fra_win_quesnoysurair10234 generator to eu-fra area!
INFO [2024-09-10 10:26:16] [WIND] - Successfully added fra_win_quincy10236 generator to eu-fra area!
INFO [2024-09-10 10:26:17] [WIND] - Successfully added fra_win_quinquempoix10237 generator to eu-fra area!
INFO [2024-09-10 10:26:18] [WIND] - Successfully added fra_win_quittebeuf10240 generator to eu-fra area!
INFO [2024-09-10 10:26:19] [WIND] - Successfully added fra_win_radenac10247 generator to eu-fra area!
INFO [2024-09-10 10:26:20] [WIND] - Successfully added fra_win_radinghem10248 generator to eu-fra area!
INFO [2024-09-10 10:26:20] [WIND] - Successfully added fra_win_rageade10249 generator to eu-fra area!
INFO [2024-09-10 10:26:21] [WIND] - Successfully added fra_win_raival10250 generator to eu-fra area!
INFO [2024-09-10 10:26:22] [WIND] - Successfully added fra_win_rambures10252 generator to eu-fra area!
INFO [2024-09-10 10:26:23] [WIND] - Successfully added fra_win_raucourtetfla10254 generator to eu-fra area!
INFO [2024-09-10 10:26:24] [WIND] - Successfully added fra_win_reffroy10255 generator to eu-fra area!
INFO [2024-09-10 10:26:24] [WIND] - Successfully added fra_win_rehaincourt10256 generator to eu-fra area!
INFO [2024-09-10 10:26:25] [WIND] - Successfully added fra_win_remillywirquin10257 generator to eu-fra area!
INFO [2024-09-10 10:26:26] [WIND] - Successfully added fra_win_renneville10259 generator to eu-fra area!
INFO [2024-09-10 10:26:27] [WIND] - Successfully added fra_win_repaix10260 generator to eu-fra area!
INFO [2024-09-10 10:26:27] [WIND] - Successfully added fra_win_rethonvillers10261 generator to eu-fra area!
INFO [2024-09-10 10:26:28] [WIND] - Successfully added fra_win_retiers10262 generator to eu-fra area!
INFO [2024-09-10 10:26:29] [WIND] - Successfully added fra_win_rhges10267 generator to eu-fra area!
INFO [2024-09-10 10:26:29] [WIND] - Successfully added fra_win_ribemont10269 generator to eu-fra area!
INFO [2024-09-10 10:26:30] [WIND] - Successfully added fra_win_rilhaclastours10274 generator to eu-fra area!
INFO [2024-09-10 10:26:31] [WIND] - Successfully added fra_win_rimboval10275 generator to eu-fra area!
INFO [2024-09-10 10:26:31] [WIND] - Successfully added fra_win_riols10276 generator to eu-fra area!
INFO [2024-09-10 10:26:32] [WIND] - Successfully added fra_win_rivesaltes10278 generator to eu-fra area!
INFO [2024-09-10 10:26:33] [WIND] - Successfully added fra_win_rochecharlesl10282 generator to eu-fra area!
INFO [2024-09-10 10:26:34] [WIND] - Successfully added fra_win_rochefortenva10284 generator to eu-fra area!
INFO [2024-09-10 10:26:34] [WIND] - Successfully added fra_win_roinville10288 generator to eu-fra area!
INFO [2024-09-10 10:26:35] [WIND] - Successfully added fra_win_roman10289 generator to eu-fra area!
INFO [2024-09-10 10:26:36] [WIND] - Successfully added fra_win_ronchois10293 generator to eu-fra area!
INFO [2024-09-10 10:26:37] [WIND] - Successfully added fra_win_roquefortdesc10298 generator to eu-fra area!
INFO [2024-09-10 10:26:37] [WIND] - Successfully added fra_win_roquetaillade10299 generator to eu-fra area!
INFO [2024-09-10 10:26:38] [WIND] - Successfully added fra_win_roudouallec10302 generator to eu-fra area!
INFO [2024-09-10 10:26:39] [WIND] - Successfully added fra_win_roumens10305 generator to eu-fra area!
INFO [2024-09-10 10:26:39] [WIND] - Successfully added fra_win_roussas10307 generator to eu-fra area!
INFO [2024-09-10 10:26:40] [WIND] - Successfully added fra_win_rouylepetit10309 generator to eu-fra area!
INFO [2024-09-10 10:26:41] [WIND] - Successfully added fra_win_roucourt10310 generator to eu-fra area!
INFO [2024-09-10 10:26:42] [WIND] - Successfully added fra_win_roye10311 generator to eu-fra area!
INFO [2024-09-10 10:26:42] [WIND] - Successfully added fra_win_rully10312 generator to eu-fra area!
INFO [2024-09-10 10:26:43] [WIND] - Successfully added fra_win_rumont10313 generator to eu-fra area!
INFO [2024-09-10 10:26:44] [WIND] - Successfully added fra_win_rclainville10314 generator to eu-fra area!
INFO [2024-09-10 10:26:45] [WIND] - Successfully added fra_win_rmrangles10315 generator to eu-fra area!
INFO [2024-09-10 10:26:46] [WIND] - Successfully added fra_win_rzentires10317 generator to eu-fra area!
INFO [2024-09-10 10:26:47] [WIND] - Successfully added fra_win_sachin10333 generator to eu-fra area!
INFO [2024-09-10 10:26:48] [WIND] - Successfully added fra_win_saffr10334 generator to eu-fra area!
INFO [2024-09-10 10:26:49] [WIND] - Successfully added fra_win_sainslspern10337 generator to eu-fra area!
INFO [2024-09-10 10:26:50] [WIND] - Successfully added fra_win_saintagrve10341 generator to eu-fra area!
INFO [2024-09-10 10:26:50] [WIND] - Successfully added fra_win_saintalban10342 generator to eu-fra area!
INFO [2024-09-10 10:26:51] [WIND] - Successfully added fra_win_saintallouestr10344 generator to eu-fra area!
INFO [2024-09-10 10:26:52] [WIND] - Successfully added fra_win_saintamand10346 generator to eu-fra area!
INFO [2024-09-10 10:26:53] [WIND] - Successfully added fra_win_saintamandsur10347 generator to eu-fra area!
INFO [2024-09-10 10:26:54] [WIND] - Successfully added fra_win_saintandrfa10353 generator to eu-fra area!
INFO [2024-09-10 10:26:55] [WIND] - Successfully added fra_win_saintarnac10356 generator to eu-fra area!
INFO [2024-09-10 10:26:55] [WIND] - Successfully added fra_win_saintaubinsur10358 generator to eu-fra area!
INFO [2024-09-10 10:26:56] [WIND] - Successfully added fra_win_saintbarnab10361 generator to eu-fra area!
INFO [2024-09-10 10:26:57] [WIND] - Successfully added fra_win_saintbihy10366 generator to eu-fra area!
INFO [2024-09-10 10:26:58] [WIND] - Successfully added fra_win_saintchristoph10368 generator to eu-fra area!
INFO [2024-09-10 10:26:59] [WIND] - Successfully added fra_win_saintcirguese10370 generator to eu-fra area!
INFO [2024-09-10 10:27:00] [WIND] - Successfully added fra_win_saintclment10374 generator to eu-fra area!
INFO [2024-09-10 10:27:01] [WIND] - Successfully added fra_win_saintcongard10375 generator to eu-fra area!
