INFO [2024-09-04 10:11:23] [MAIN] - Creating v2_test__2024_09_04_10_11_22 study...

INFO [2024-09-04 10:11:23] [MAIN] - Unit commitment mode : ACCURATE
INFO [2024-09-04 10:11:23] [MAIN] - Adding nodes...

INFO [2024-09-04 10:11:25] [NODES] - Adding EU-CHE node...
INFO [2024-09-04 10:11:26] [NODES] - Adding EU-DEU node...
INFO [2024-09-04 10:11:26] [NODES] - Adding EU-FRA node...
INFO [2024-09-04 10:11:26] [MAIN] - Done adding nodes! (run time : 3.25s).

INFO [2024-09-04 10:11:26] [MAIN] - Adding districts...

INFO [2024-09-04 10:11:27] [DISTRICTS] - Creating global district...
INFO [2024-09-04 10:11:27] [DISTRICTS] - Done creating global district!
INFO [2024-09-04 10:11:27] [DISTRICTS] - Creating europe continental district...
INFO [2024-09-04 10:11:27] [DISTRICTS] - Done creating europe continental district!
INFO [2024-09-04 10:11:27] [MAIN] - Done adding districts! (run time : 1.03s).

INFO [2024-09-04 10:11:27] [MAIN] - Adding load data...

INFO [2024-09-04 10:11:29] [LOAD] - Adding EU-CHE load data...
INFO [2024-09-04 10:11:29] [LOAD] - Adding EU-DEU load data...
INFO [2024-09-04 10:11:29] [LOAD] - Adding EU-FRA load data...
INFO [2024-09-04 10:11:29] [MAIN] - Done adding load data! (run time : 2.17s).

INFO [2024-09-04 10:11:29] [MAIN] - Fetching wind data...

INFO [2024-09-04 10:11:30] [WIND] - Adding EU-CHE aggregated wind data...
INFO [2024-09-04 10:11:30] [WIND] - Adding EU-DEU aggregated wind data...
INFO [2024-09-04 10:11:30] [WIND] - Adding EU-FRA aggregated wind data...
INFO [2024-09-04 10:11:30] [MAIN] - Done adding wind data! (run time : 0.32s).

INFO [2024-09-04 10:11:30] [MAIN] - Fetching solar data...

INFO [2024-09-04 10:11:30] [SOLAR] - Adding EU-CHE aggregated solar data...
INFO [2024-09-04 10:11:30] [SOLAR] - Adding EU-DEU aggregated solar data...
INFO [2024-09-04 10:11:30] [SOLAR] - Adding EU-FRA aggregated solar data...
INFO [2024-09-04 10:11:30] [MAIN] - Done adding solar data! (run time : 0.34s).

INFO [2024-09-04 10:11:30] [MAIN] - Fetching battery data...

INFO [2024-09-04 10:11:30] [MAIN] - Aggregating identical batteries...
INFO [2024-09-04 10:11:30] [MAIN] - Running 10-clustering algorithm on batteries...
INFO [2024-09-04 10:11:36] [MAIN] - Done running 10-clustering algorithm on batteries!

INFO [2024-09-04 10:11:36] [STORAGE] - Adding CHE_CHE_SwissDualCircui104 battery to EU-CHE node...
INFO [2024-09-04 10:11:36] [STORAGE] - Adding CHE_CHE_LausannePolytec102 battery to EU-CHE node...
INFO [2024-09-04 10:11:36] [STORAGE] - Adding CHE_CHE_50kW60kWhEnergy99_Passivhaus50kW1103 battery to EU-CHE node...
