ERROR [2024-08-07 13:36:30] [WARN] - Failed to add FRA_CHE_ADEMEIntelligen373_1 battery to EU-FRA node, skipping...
ERROR [2024-08-07 13:36:30] [WARN] - Failed to add FRA_CHE_CarrosNICEGRIDP374_1 battery to EU-FRA node, skipping...
ERROR [2024-08-07 13:36:30] [WARN] - Failed to add FRA_CHE_DieselGenerator375_1 battery to EU-FRA node, skipping...
ERROR [2024-08-07 13:36:30] [WARN] - Failed to add FRA_CHE_DIYESS5kWhLiFeP376_1 battery to EU-FRA node, skipping...
ERROR [2024-08-07 13:36:30] [WARN] - Failed to add FRA_CHE_EDFENGabardoneP377_1 battery to EU-FRA node, skipping...
ERROR [2024-08-07 13:36:30] [WARN] - Failed to add FRA_CHE_EDFRampDLesRena378_1 battery to EU-FRA node, skipping...
ERROR [2024-08-07 13:36:30] [WARN] - Failed to add FRA_CHE_INESProject379_1 battery to EU-FRA node, skipping...
ERROR [2024-08-07 13:36:31] [WARN] - Failed to add FRA_CHE_NICEGRIDproject380_1 battery to EU-FRA node, skipping...
ERROR [2024-08-07 13:36:31] [WARN] - Failed to add FRA_CHE_NICEGRIDproject381_1 battery to EU-FRA node, skipping...
ERROR [2024-08-07 13:36:31] [WARN] - Failed to add FRA_CHE_ReunionIslandPe382_1 battery to EU-FRA node, skipping...
ERROR [2024-08-07 13:36:31] [WARN] - Failed to add FRA_HYD_UniveristyofCor383_1 battery to EU-FRA node, skipping...
ERROR [2024-08-07 13:36:31] [WARN] - Failed to add FRA_PHS_AlrancePumpedSt384_1 battery to EU-FRA node, skipping...
ERROR [2024-08-07 13:36:31] [WARN] - Failed to add FRA_PHS_ArgentatPumpedS385_1 battery to EU-FRA node, skipping...
ERROR [2024-08-07 13:36:31] [WARN] - Failed to add FRA_PHS_Grand039MaisonD386_1 battery to EU-FRA node, skipping...
ERROR [2024-08-07 13:36:31] [WARN] - Failed to add FRA_PHS_Grand039MaisonD386_2 battery to EU-FRA node, skipping...
ERROR [2024-08-07 13:36:31] [WARN] - Failed to add FRA_PHS_Grand039MaisonD386_3 battery to EU-FRA node, skipping...
ERROR [2024-08-07 13:36:31] [WARN] - Failed to add FRA_PHS_Grand039MaisonD386_4 battery to EU-FRA node, skipping...
ERROR [2024-08-07 13:36:31] [WARN] - Failed to add FRA_PHS_Grand039MaisonD386_5 battery to EU-FRA node, skipping...
ERROR [2024-08-07 13:36:31] [WARN] - Failed to add FRA_PHS_Grand039MaisonD386_6 battery to EU-FRA node, skipping...
ERROR [2024-08-07 13:36:31] [WARN] - Failed to add FRA_PHS_Grand039MaisonD386_7 battery to EU-FRA node, skipping...
ERROR [2024-08-07 13:36:31] [WARN] - Failed to add FRA_PHS_Grand039MaisonD386_8 battery to EU-FRA node, skipping...
ERROR [2024-08-07 13:36:31] [WARN] - Failed to add FRA_PHS_Grand039MaisonD386_9 battery to EU-FRA node, skipping...
ERROR [2024-08-07 13:36:31] [WARN] - Failed to add FRA_PHS_Grand039MaisonD386_10 battery to EU-FRA node, skipping...
ERROR [2024-08-07 13:36:31] [WARN] - Failed to add FRA_PHS_LaCochePumpedSt387_1 battery to EU-FRA node, skipping...
ERROR [2024-08-07 13:36:31] [WARN] - Failed to add FRA_PHS_LaCochePumpedSt387_2 battery to EU-FRA node, skipping...
ERROR [2024-08-07 13:36:31] [WARN] - Failed to add FRA_PHS_LaRanceTidalPow388_1 battery to EU-FRA node, skipping...
ERROR [2024-08-07 13:36:31] [WARN] - Failed to add FRA_PHS_LaRanceTidalPow388_2 battery to EU-FRA node, skipping...
ERROR [2024-08-07 13:36:31] [WARN] - Failed to add FRA_PHS_LeCheylasPumped389_1 battery to EU-FRA node, skipping...
ERROR [2024-08-07 13:36:31] [WARN] - Failed to add FRA_PHS_LeCheylasPumped389_2 battery to EU-FRA node, skipping...
ERROR [2024-08-07 13:36:31] [WARN] - Failed to add FRA_PHS_LeCheylasPumped389_3 battery to EU-FRA node, skipping...
ERROR [2024-08-07 13:36:31] [WARN] - Failed to add FRA_PHS_LePougetPumpedS390_1 battery to EU-FRA node, skipping...
ERROR [2024-08-07 13:36:31] [WARN] - Failed to add FRA_PHS_LePougetPumpedS390_2 battery to EU-FRA node, skipping...
ERROR [2024-08-07 13:36:31] [WARN] - Failed to add FRA_PHS_LePougetPumpedS390_3 battery to EU-FRA node, skipping...
ERROR [2024-08-07 13:36:31] [WARN] - Failed to add FRA_PHS_MontzicPumpedSt391_1 battery to EU-FRA node, skipping...
ERROR [2024-08-07 13:36:31] [WARN] - Failed to add FRA_PHS_MontzicPumpedSt391_2 battery to EU-FRA node, skipping...
ERROR [2024-08-07 13:36:31] [WARN] - Failed to add FRA_PHS_MontzicPumpedSt391_3 battery to EU-FRA node, skipping...
ERROR [2024-08-07 13:36:31] [WARN] - Failed to add FRA_PHS_MontzicPumpedSt391_4 battery to EU-FRA node, skipping...
ERROR [2024-08-07 13:36:31] [WARN] - Failed to add FRA_PHS_MontzicPumpedSt391_5 battery to EU-FRA node, skipping...
ERROR [2024-08-07 13:36:31] [WARN] - Failed to add FRA_PHS_RevinPumpedStor392_1 battery to EU-FRA node, skipping...
ERROR [2024-08-07 13:36:31] [WARN] - Failed to add FRA_PHS_RevinPumpedStor392_2 battery to EU-FRA node, skipping...
ERROR [2024-08-07 13:36:31] [WARN] - Failed to add FRA_PHS_RevinPumpedStor392_3 battery to EU-FRA node, skipping...
ERROR [2024-08-07 13:36:31] [WARN] - Failed to add FRA_PHS_RevinPumpedStor392_4 battery to EU-FRA node, skipping...
ERROR [2024-08-07 13:36:31] [WARN] - Failed to add FRA_PHS_SuperBissortePu393_1 battery to EU-FRA node, skipping...
ERROR [2024-08-07 13:36:31] [WARN] - Failed to add FRA_PHS_SuperBissortePu393_2 battery to EU-FRA node, skipping...
ERROR [2024-08-07 13:36:31] [WARN] - Failed to add FRA_PHS_SuperBissortePu393_3 battery to EU-FRA node, skipping...
ERROR [2024-08-07 13:36:31] [WARN] - Failed to add FRA_PHS_SuperBissortePu393_4 battery to EU-FRA node, skipping...
ERROR [2024-08-07 13:36:31] [WARN] - Failed to add FRA_THE_AlbaNova1SolarP394_1 battery to EU-FRA node, skipping...
ERROR [2024-08-07 13:36:33] [WARN] - Generation of all lines failed (perhaps there are no connections?), skipping...
