INFO [2024-10-30 23:34:30] [MAIN] - Initializing output folder...
INFO [2024-10-30 23:34:36] [MAIN] - Creating If S4 Economy v2 (World w CSP) study...
INFO [2024-10-30 23:34:36] [MAIN] - Simulating If scenario~: S4 .

INFO [2024-10-30 23:34:36] [MAIN] - Simulation mode : Economy
INFO [2024-10-30 23:34:36] [MAIN] - Unit commitment mode : accurate
INFO [2024-10-30 23:34:36] [MAIN] - Number of MC years : 10
INFO [2024-10-30 23:34:36] [MAIN] - Generation of CSP : TRUE
INFO [2024-10-30 23:34:36] [MAIN] - Adding world node...

INFO [2024-10-30 23:34:36] [MAIN] - Done adding world node! (run time : 0.2s).

INFO [2024-10-30 23:34:37] [MAIN] - Fetching thermal data...
INFO [2024-10-30 23:34:37] [THERMAL] - Adding Bioenergy generator to World node...
INFO [2024-10-30 23:34:37] [THERMAL] - Adding Gas generator to World node...
INFO [2024-10-30 23:34:37] [THERMAL] - Adding Geothermal generator to World node...
INFO [2024-10-30 23:34:37] [THERMAL] - Adding Nuclear generator to World node...
INFO [2024-10-30 23:34:37] [THERMAL] - Adding Oil generator to World node...
INFO [2024-10-30 23:34:37] [THERMAL] - Adding Geothermal generator to World node...
INFO [2024-10-30 23:34:37] [MAIN] - Done adding thermal data! (run time : 0.01min).

INFO [2024-10-30 23:34:37] [MAIN] - Fetching wind data...

INFO [2024-10-30 23:35:29] [WIND] - Adding World wind data to Wind Onshore cluster...
INFO [2024-10-30 23:35:29] [MAIN] - Done adding wind data! (run time : 52.1s).

INFO [2024-10-30 23:35:29] [MAIN] - Fetching PV data...

INFO [2024-10-30 23:36:06] [PV] - Adding World PV data to Solar PV cluster...
INFO [2024-10-30 23:36:06] [MAIN] - Done adding PV data! (run time : 36.66s).

INFO [2024-10-30 23:36:06] [MAIN] - Fetching CSP data...

INFO [2024-10-30 23:36:07] [CSP] - Adding World CSP data to Solar Thermal cluster...
INFO [2024-10-30 23:36:07] [MAIN] - Done adding CSP data! (run time : 0.88s).

INFO [2024-10-30 23:36:08] [HYDRO] - Initializing World hydro parameters...
INFO [2024-10-30 23:36:09] [HYDRO] - Adding World max power timeseries...
INFO [2024-10-30 23:36:09] [HYDRO] - Adding World hydro profiles...
INFO [2024-10-30 23:36:09] [MAIN] - Finished setting up Antares study! (run time : 1.56min).
 

