INFO [2024-08-19 14:58:54] [MAIN] - Creating Deane_EU_Agg_new__2024_08_19_14_58_54 study...

INFO [2024-08-19 14:58:54] [MAIN] - Unit commitment mode : ACCURATE
INFO [2024-08-19 14:58:55] [MAIN] - Adding nodes...

INFO [2024-08-19 14:58:56] [NODES] - Adding EU-DEU node...
INFO [2024-08-19 14:58:56] [MAIN] - Done adding nodes! (run time : 1.82s).

INFO [2024-08-19 14:58:56] [MAIN] - Adding load data...

INFO [2024-08-19 14:58:58] [LOAD] - Adding EU-DEU load data...
INFO [2024-08-19 14:58:58] [MAIN] - Done adding load data! (run time : 1.26s).

INFO [2024-08-19 14:58:58] [MAIN] - Fetching wind data...

INFO [2024-08-19 14:58:58] [WIND] - Adding EU-DEU aggregated wind data...
INFO [2024-08-19 14:58:58] [MAIN] - Done adding wind data! (run time : 0.16s).

INFO [2024-08-19 14:58:58] [MAIN] - Fetching solar data...

INFO [2024-08-19 14:58:58] [SOLAR] - Adding EU-DEU aggregated solar data...
INFO [2024-08-19 14:58:58] [MAIN] - Done adding solar data! (run time : 0.13s).

INFO [2024-08-19 14:58:58] [MAIN] - Beginning hydro implementation...
INFO [2024-08-19 14:58:59] [HYDRO] - Initializing EU-DEU hydro parameters...
INFO [2024-08-19 14:59:00] [HYDRO] - Adding EU-DEU max power timeseries...
INFO [2024-08-19 14:59:00] [HYDRO] - Adding EU-DEU hydro profiles...
INFO [2024-08-19 14:59:00] [MAIN] - Done adding hydro!
INFO [2024-08-19 14:59:01] [MAIN] - Fetching thermal data...
INFO [2024-08-19 14:59:03] [MAIN] - Aggregating identical generators...
INFO [2024-08-19 14:59:03] [MAIN] - Running 25-clustering algorithm on generators...
INFO [2024-08-19 14:59:04] [MAIN] - Done running 25-clustering algorithm on generators!

INFO [2024-08-19 14:59:04] [THERMAL] - Adding DEU_GAS_GUDBITTERFELD11171_GUDMARIENEHE11174_HKWMERKENICH11219_HKWERFURTOST generator to EU-DEU node...
INFO [2024-08-19 14:59:04] [THERMAL] - Adding DEU_GAS_BOCHUM10983_ENERGIEZENTRUM11092_HEIZKRAFTWERKB11264_HEIZKRAFTWERKS1 generator to EU-DEU node...
INFO [2024-08-19 14:59:04] [THERMAL] - Adding DEU_GAS_HEIZKRAFTWERKA11263_HKW3UPMSCHONG11242_BPWERKLINGEN10921_INDUSTRIEK generator to EU-DEU node...
INFO [2024-08-19 14:59:04] [THERMAL] - Adding DEU_GAS_HKWWEST11235_GUD11168_HEIZKRAFTWERKH11268_OBERNBURG11543_KWH11352 generator to EU-DEU node...
INFO [2024-08-19 14:59:04] [THERMAL] - Adding DEU_GAS_DORMAGEN11044_NATURALGASBLOC11508_THYROW11738_HUCKINGEN11302_KNAPSA generator to EU-DEU node...
INFO [2024-08-19 14:59:04] [THERMAL] - Adding DEU_GAS_HKWCHEMNITZN11199_HKWELTMANN11201 generator to EU-DEU node...
INFO [2024-08-19 14:59:04] [THERMAL] - Adding DEU_GAS_KESSEL211371_ERWEITERUNGENE11099 generator to EU-DEU node...
INFO [2024-08-19 14:59:04] [THERMAL] - Adding DEU_GAS_GEMEINSCHAFTSKR11138_RHEINHAFENDAMP11618_EMSLAND11088_CAPACITY SCAL generator to EU-DEU node...
INFO [2024-08-19 14:59:05] [THERMAL] - Adding DEU_GAS_HKWNIEDERRAD11220_GUDTIEFSTACK11176_SDDT6011724_GUDIKWSTAFU11180 generator to EU-DEU node...
INFO [2024-08-19 14:59:05] [THERMAL] - Adding DEU_GAS_GUDSCHWARZHEID11175_HEIZKRAFTWERKE11283 generator to EU-DEU node...
INFO [2024-08-19 14:59:05] [THERMAL] - Adding DEU_GAS_KWKIRCHLENGERN11345_HKWNIEHL211221_LICHTERFELDE11438_KRAFTWERKMAINZ generator to EU-DEU node...
INFO [2024-08-19 14:59:05] [THERMAL] - Adding DEU_GAS_HKWBRANDENBURG11198_HKWPFAFFENWALD11224_NATURALGASTUR11502_HEIZKRAF generator to EU-DEU node...
INFO [2024-08-19 14:59:05] [THERMAL] - Adding DEU_GAS_HEIZKRAFTWERKE11265_HKWMERHEIM11217_HKWMERKENICH11218_BHKWH_1201090 generator to EU-DEU node...
INFO [2024-08-19 14:59:05] [THERMAL] - Adding DEU_GAS_INDUSTRIEPARKW11335_EMDENNATURALG11086_KOMBIHKW11388_GUDLEUNA11173_ generator to EU-DEU node...
INFO [2024-08-19 14:59:05] [THERMAL] - Adding DEU_GAS_DORTMUND11046_KWKANLAGEKREF11357_HKWFREIBERG11206_HKWSCHWARZA11229_ generator to EU-DEU node...
INFO [2024-08-19 14:59:05] [THERMAL] - Adding DEU_GAS_HKWWRTH11238_GUDANLAGEWVK11169_PKVKRAFTWERK11563 generator to EU-DEU node...
INFO [2024-08-19 14:59:05] [THERMAL] - Adding DEU_GAS_BHKWANKLINKER10911_BHKWHAUFFSTRA10912_HEIZKRAFTWERK511262_HKWBADSAL generator to EU-DEU node...
INFO [2024-08-19 14:59:06] [THERMAL] - Adding DEU_GAS_HEIZKRAFTWERKG11267_AHRENSFELDE10881_HKWSANDREUTH11228_HEIZKRAFTWER generator to EU-DEU node...
INFO [2024-08-19 14:59:06] [THERMAL] - Adding DEU_GAS_KRAFTWERKMITTE11405_HKWHALLETROTH11208_HKWDRESDENNOS11200_FRANKEN11 generator to EU-DEU node...
INFO [2024-08-19 14:59:06] [THERMAL] - Adding DEU_GAS_HKWHUMBOLDTSTR11210_KWKAOSGMBH11353_RAGANTHRAZITI11596_EVCGLOBALFOU generator to EU-DEU node...
INFO [2024-08-19 14:59:06] [THERMAL] - Adding DEU_GAS_GTKWDARMSTADT11128_HEIZKRAFTWERKK11271_HEIZKRAFTWERKS11277_ADSANLAG generator to EU-DEU node...
INFO [2024-08-19 14:59:06] [THERMAL] - Adding DEU_GAS_HEIZKRAFTWERKL11273_DOWSTADE11047_DAMPFKRAFTWERK11027_HKWJENA11213 generator to EU-DEU node...
INFO [2024-08-19 14:59:06] [THERMAL] - Adding DEU_GAS_GUDHKWNEUBRAN11179_GUDBAUNATALV11170_SDDT111723_HKWBARMEN11196_HKWP generator to EU-DEU node...
INFO [2024-08-19 14:59:06] [THERMAL] - Adding DEU_GAS_HKWFENNEGRUB11205_HKWHILTROP11209_HKWSCHWERINS11231_NATURALGASKRAF1 generator to EU-DEU node...
INFO [2024-08-19 14:59:07] [THERMAL] - Adding DEU_GAS_ILKGUD11320_HKWMITTE11239_KRAFTWERKIII11401 generator to EU-DEU node...
INFO [2024-08-19 14:59:07] [THERMAL] - Adding DEU_COA_WACHTBERGPOWER11777_HASTEDTPOWERS11251_HKWWEST11234_BERLINREUTERP10 generator to EU-DEU node...
INFO [2024-08-19 14:59:07] [THERMAL] - Adding DEU_COA_BRAUNKOHLEKRAFT10993_HEYDENPOWERST11292_LIPPENDORFPOWE11441 generator to EU-DEU node...
INFO [2024-08-19 14:59:07] [THERMAL] - Adding DEU_COA_NEURATHPOWERS11521_KRAFTWERKII11400 generator to EU-DEU node...
INFO [2024-08-19 14:59:07] [THERMAL] - Adding DEU_COA_KWVOERDE11348_JANSCHWALDEPOW11338_GKMMANNHEIM11125_FRIMMERSDORFPO11 generator to EU-DEU node...
INFO [2024-08-19 14:59:07] [THERMAL] - Adding DEU_COA_HEIZKRAFTWERK311260_KWWEST11350_HAFENPOWERSTA11244_WEIHER11796 generator to EU-DEU node...
INFO [2024-08-19 14:59:07] [THERMAL] - Adding DEU_COA_WUPPERTALELBER11838_DEUBENPOWERST11040_BERLINMOABITP10938 generator to EU-DEU node...
INFO [2024-08-19 14:59:08] [THERMAL] - Adding DEU_COA_HKWERLANGENC11203_COALPLANT111015_COALPLANT211016_EZ111066_RENODEME generator to EU-DEU node...
INFO [2024-08-19 14:59:08] [THERMAL] - Adding DEU_COA_WESTFALEN11811_IBBENBRENBP11323_HAMBURGMOORBUR11247_WALHEIMPOWERS11 generator to EU-DEU node...
INFO [2024-08-19 14:59:08] [THERMAL] - Adding DEU_COA_TRIANELKOHLEKR11742_WILHELMSHAVENP11817_ALTBACHPOWERS10887_ROSTOCKP generator to EU-DEU node...
INFO [2024-08-19 14:59:08] [THERMAL] - Adding DEU_COA_BUERPOWERSTAT11001_COTTBUSCHPPOW11019_COLOGNEMERKENI11018_INDUSTRIE generator to EU-DEU node...
INFO [2024-08-19 14:59:08] [THERMAL] - Adding DEU_COA_TIEFSTACKPOWER11739_FLENSBURGPOWER11111_KRAFTWERKENSDO11396_HKWNORD generator to EU-DEU node...
INFO [2024-08-19 14:59:08] [THERMAL] - Adding DEU_COA_BOA210982_KWWALSUM11349_SCHKOPAUPOWER11665_SCHWARZEPUMPE11673_WEISW generator to EU-DEU node...
INFO [2024-08-19 14:59:09] [THERMAL] - Adding DEU_COA_NIEDERAUSSEMPO11527_BOXBERGPOWERS10989 generator to EU-DEU node...
INFO [2024-08-19 14:59:09] [THERMAL] - Adding DEU_COA_BREMENFARGEPO10995_BUSCHHAUSPOWER11002_MODELLKRAFTWERK11483 generator to EU-DEU node...
INFO [2024-08-19 14:59:09] [THERMAL] - Adding DEU_COA_KWM11360_SCHOLVENPOWER11669_LNENPOWERST11449_BERGKAMENPOWER10936_KR generator to EU-DEU node...
INFO [2024-08-19 14:59:09] [THERMAL] - Adding DEU_COA_HEIZKRAFTWERKF11266_DESSAUPOWERST11037_GRUBENHEIZKRAFT11165_HUERTHV generator to EU-DEU node...
INFO [2024-08-19 14:59:09] [THERMAL] - Adding DEU_COA_HKWKARCHERSTR_11214_KOHLEKRAFTWERK11387_FORTUNANORD11113_PLWERKEUSK generator to EU-DEU node...
INFO [2024-08-19 14:59:09] [THERMAL] - Adding DEU_COA_GKRAFTWERK11121_KRAFTWERKN23011406 generator to EU-DEU node...
INFO [2024-08-19 14:59:09] [THERMAL] - Adding DEU_COA_KRAFTWERKL5711402_PFORZHEIMPOWER11577_HKWSACHTLEBEN11226 generator to EU-DEU node...
INFO [2024-08-19 14:59:10] [THERMAL] - Adding DEU_COA_CHEMIEPARKMARL11011_HKWWEST11233 generator to EU-DEU node...
INFO [2024-08-19 14:59:10] [THERMAL] - Adding DEU_COA_KRAFTWERKWERDO11414_STUTTGARTMUENS11720_KIELPOWERSTAT11374_KLINGENB generator to EU-DEU node...
INFO [2024-08-19 14:59:10] [THERMAL] - Adding DEU_COA_KESSEL411372_KRAFTWERK11391 generator to EU-DEU node...
INFO [2024-08-19 14:59:10] [THERMAL] - Adding DEU_COA_HEIZKRAFTWERKS11279_HEIZKRAFTWERKD11281_PLWERKJLIC11558 generator to EU-DEU node...
INFO [2024-08-19 14:59:10] [THERMAL] - Adding DEU_COA_WAEHLITZPOWER11778_FKK11104 generator to EU-DEU node...
INFO [2024-08-19 14:59:11] [THERMAL] - Adding DEU_COA_HKWI11211 generator to EU-DEU node...
INFO [2024-08-19 14:59:11] [THERMAL] - Adding DEU_WAS_MHKW11451 generator to EU-DEU node...
INFO [2024-08-19 14:59:11] [THERMAL] - Adding DEU_BIO_BIOMASSEVERSTR10971_BIOMASSGENERAT10956_BIOMASSGENERAT10963_BIOMASS generator to EU-DEU node...
INFO [2024-08-19 14:59:11] [THERMAL] - Adding DEU_BIO_BIOMASSGENERAT10961_DT11026_MLLKRAFTWERK11494 generator to EU-DEU node...
INFO [2024-08-19 14:59:11] [THERMAL] - Adding DEU_BIO_WIBIEBRICH11814_ENERTECHAMELN11093_EBKWKNAPSACK11055_KWHAFEN11344_M generator to EU-DEU node...
INFO [2024-08-19 14:59:11] [THERMAL] - Adding DEU_BIO_BIOHKWI10947_BIOMASSGENERAT10948_BIOMASSGENERAT10959_BMKWFLRSHEIM10 generator to EU-DEU node...
INFO [2024-08-19 14:59:12] [THERMAL] - Adding DEU_WAS_MVAINGOLSTADT11462 generator to EU-DEU node...
INFO [2024-08-19 14:59:12] [THERMAL] - Adding DEU_WAS_EEWENERGYFROM11059_EEWGRORSCH11060_TURBOSATZ111747_GKS11126_MVAWEIS generator to EU-DEU node...
INFO [2024-08-19 14:59:12] [THERMAL] - Adding DEU_WAS_MHKWROTHENSEE11457_SCAMANNHEIM11648_GMVANIEDERRHEI11127 generator to EU-DEU node...
INFO [2024-08-19 14:59:12] [THERMAL] - Adding DEU_WAS_KARNAP11365_TRVBUSCHHAUS11728_BIOMASSGENERAT10955 generator to EU-DEU node...
INFO [2024-08-19 14:59:12] [THERMAL] - Adding DEU_BIO_BIOMASSGENERAT10953_FHKWLUDWIGSHAF11103_KRAFTWERKSCHWE11410 generator to EU-DEU node...
INFO [2024-08-19 14:59:13] [THERMAL] - Adding DEU_BIO_BIOMASSGENERAT10969_ENERGIEANLAGE311089_HAMBURGERRIEGE11248 generator to EU-DEU node...
INFO [2024-08-19 14:59:13] [THERMAL] - Adding DEU_BIO_BIOMASSGENERAT10962_BIOMASSEHEIZKRA10973_EEWGPPINGEN11061_RESTABFAL generator to EU-DEU node...
INFO [2024-08-19 14:59:13] [THERMAL] - Adding DEU_WAS_MHKWFRANKFURT11454_STORAENSOMAXA11716 generator to EU-DEU node...
INFO [2024-08-19 14:59:13] [THERMAL] - Adding DEU_WAS_SITAABFALLVERW11649 generator to EU-DEU node...
INFO [2024-08-19 14:59:13] [THERMAL] - Adding DEU_WAS_IKWRDERSDORF11318_MLLHEIZKRAFTW11493_RZRHERTENII11599 generator to EU-DEU node...
INFO [2024-08-19 14:59:14] [THERMAL] - Adding DEU_BIO_BLOCKHEIZKRAFTW10981_ZWSF11844 generator to EU-DEU node...
INFO [2024-08-19 14:59:14] [THERMAL] - Adding DEU_BIO_ZOLLINGPOWERS11851_CAPACITY SCALER generator to EU-DEU node...
INFO [2024-08-19 14:59:14] [THERMAL] - Adding DEU_BIO_BMHKWBINDERHOL10914_EVE11065_MHKWPIRMASENS11456_MLLHEIZKRAFTW11491_ generator to EU-DEU node...
INFO [2024-08-19 14:59:14] [THERMAL] - Adding DEU_WAS_BIOMASSGENERAT10951 generator to EU-DEU node...
INFO [2024-08-19 14:59:14] [THERMAL] - Adding DEU_WAS_HKWMANNHEIM11216_RMVAKLN11598 generator to EU-DEU node...
INFO [2024-08-19 14:59:15] [THERMAL] - Adding DEU_BIO_BIOMASSGENERAT10965_BIOMASSGENERAT10967_BKF10913_HEIZKRAFTWERKP1127 generator to EU-DEU node...
INFO [2024-08-19 14:59:15] [THERMAL] - Adding DEU_BIO_ZELLSTOFFSTEND11847 generator to EU-DEU node...
INFO [2024-08-19 14:59:15] [THERMAL] - Adding DEU_BIO_BMKWKNIGSWU10919_HHKWBERLINNEU11189_WERKSKRAFTWERK11803_EBSHKWROSTO generator to EU-DEU node...
INFO [2024-08-19 14:59:15] [THERMAL] - Adding DEU_WAS_MHKWWKW11452_BIOMASSEHEIZKR10970_BIOMASSGENERAT10954_BIOMASSGENERAT generator to EU-DEU node...
INFO [2024-08-19 14:59:15] [THERMAL] - Adding DEU_WAS_MVABIELEFELD11460_DAMPFTURBINENAN11028_REUTERWASTEFA11615 generator to EU-DEU node...
INFO [2024-08-19 14:59:16] [THERMAL] - Adding DEU_NUC_GROHNDE11162 generator to EU-DEU node...
INFO [2024-08-19 14:59:16] [THERMAL] - Adding DEU_NUC_NECKARWESTHEIM11499 generator to EU-DEU node...
INFO [2024-08-19 14:59:16] [THERMAL] - Adding DEU_NUC_EMSLAND11062 generator to EU-DEU node...
INFO [2024-08-19 14:59:16] [THERMAL] - Adding DEU_NUC_PHILIPPSBURG211562 generator to EU-DEU node...
INFO [2024-08-19 14:59:17] [THERMAL] - Adding DEU_NUC_BROKDORF10922 generator to EU-DEU node...
INFO [2024-08-19 14:59:17] [THERMAL] - Adding DEU_NUC_ISAR211322 generator to EU-DEU node...
INFO [2024-08-19 14:59:17] [THERMAL] - Adding DEU_NUC_KERNKRAFTGUNDR11370 generator to EU-DEU node...
INFO [2024-08-19 14:59:17] [THERMAL] - Adding DEU_OIL_DKWLEINAU11024_DKWNORD11025_SKWDIESEL11650 generator to EU-DEU node...
INFO [2024-08-19 14:59:17] [THERMAL] - Adding DEU_OIL_SPITZENLASTKRAF11704 generator to EU-DEU node...
INFO [2024-08-19 14:59:18] [THERMAL] - Adding DEU_OIL_SKWNATURALGAS11651 generator to EU-DEU node...
INFO [2024-08-19 14:59:18] [THERMAL] - Adding DEU_OIL_KRAFTWERKFULDA11397 generator to EU-DEU node...
INFO [2024-08-19 14:59:18] [THERMAL] - Adding DEU_OIL_EEV11058 generator to EU-DEU node...
INFO [2024-08-19 14:59:18] [THERMAL] - Adding DEU_OIL_MOABITOIL11482 generator to EU-DEU node...
INFO [2024-08-19 14:59:18] [THERMAL] - Adding DEU_OIL_WILHELMSHAVEN11816 generator to EU-DEU node...
INFO [2024-08-19 14:59:19] [THERMAL] - Adding DEU_OIL_SPITZENLASTANLA11702 generator to EU-DEU node...
INFO [2024-08-19 14:59:19] [THERMAL] - Adding DEU_OIL_KRAFTWERK11392 generator to EU-DEU node...
INFO [2024-08-19 14:59:19] [THERMAL] - Adding DEU_OIL_MIRO11477 generator to EU-DEU node...
INFO [2024-08-19 14:59:19] [THERMAL] - Adding DEU_OIL_RAFFINERIEKRAFT11602 generator to EU-DEU node...
INFO [2024-08-19 14:59:20] [THERMAL] - Adding DEU_OIL_AUDORF10902 generator to EU-DEU node...
INFO [2024-08-19 14:59:20] [THERMAL] - Adding DEU_OIL_ITZEHOE11337 generator to EU-DEU node...
INFO [2024-08-19 14:59:20] [THERMAL] - Adding DEU_OIL_KRAFTWERKHAUSH11399_RAFFINERIEKRAFT11601 generator to EU-DEU node...
INFO [2024-08-19 14:59:20] [THERMAL] - Adding DEU_OIL_WEDEL11792 generator to EU-DEU node...
