INFO [2024-09-04 10:21:45] [MAIN] - Creating v2testAll__2024_09_04_10_21_45 study...

INFO [2024-09-04 10:21:45] [MAIN] - Unit commitment mode : ACCURATE
INFO [2024-09-04 10:21:45] [MAIN] - Adding nodes...

INFO [2024-09-04 10:26:20] [MAIN] - Done adding nodes! (run time : 275.15s).

INFO [2024-09-04 10:26:20] [MAIN] - Adding districts...

INFO [2024-09-04 10:26:42] [MAIN] - Done adding districts! (run time : 21.16s).

INFO [2024-09-04 10:26:42] [MAIN] - Adding load data...

INFO [2024-09-04 10:32:48] [MAIN] - Done adding load data! (run time : 366.51s).

INFO [2024-09-04 10:32:48] [MAIN] - Fetching wind data...

INFO [2024-09-04 10:36:19] [MAIN] - Done adding wind data! (run time : 210.66s).

INFO [2024-09-04 10:36:19] [MAIN] - Fetching solar data...

INFO [2024-09-04 10:39:42] [MAIN] - Done adding solar data! (run time : 203.52s).

INFO [2024-09-04 10:39:43] [MAIN] - Beginning hydro implementation...
INFO [2024-09-04 11:00:33] [MAIN] - Done adding hydro!
INFO [2024-09-04 11:00:33] [MAIN] - Fetching thermal data...
INFO [2024-09-04 11:00:36] [MAIN] - Aggregating identical generators...
INFO [2024-09-04 11:00:38] [MAIN] - Running 20-clustering algorithm on generators...
INFO [2024-09-04 11:00:50] [MAIN] - Done running 20-clustering algorithm on generators!

INFO [2024-09-04 15:25:16] [MAIN] - Done adding thermal data! (run time : 264.71min).

INFO [2024-09-04 15:25:17] [MAIN] - Fetching battery data...

INFO [2024-09-04 15:25:17] [MAIN] - Aggregating identical batteries...
INFO [2024-09-04 15:25:18] [MAIN] - Running 10-clustering algorithm on batteries...
INFO [2024-09-04 15:25:23] [MAIN] - Done running 10-clustering algorithm on batteries!

