ERROR [2024-08-19 14:54:44] [WARN] - Failed to add AGO_GAS_NAMIBE59 generator to AF-AGO node, skipping...
ERROR [2024-08-19 14:54:44] [WARN] - Failed to add AGO_GAS_LOBITO54 generator to AF-AGO node, skipping...
ERROR [2024-08-19 14:54:44] [WARN] - Failed to add AGO_GAS_CAZENGA52 generator to AF-AGO node, skipping...
ERROR [2024-08-19 14:54:44] [WARN] - Failed to add AGO_GAS_CAPACITY SCALER generator to AF-AGO node, skipping...
ERROR [2024-08-19 14:54:44] [WARN] - Failed to add AGO_OIL_MALONGO57 generator to AF-AGO node, skipping...
ERROR [2024-08-19 14:54:44] [WARN] - Failed to add AGO_OIL_XITOTO61 generator to AF-AGO node, skipping...
ERROR [2024-08-19 14:54:44] [WARN] - Failed to add AGO_OIL_HUAMBO53 generator to AF-AGO node, skipping...
ERROR [2024-08-19 14:54:44] [WARN] - Failed to add AGO_OIL_LUANDAREFINERY56 generator to AF-AGO node, skipping...
ERROR [2024-08-19 14:54:44] [WARN] - Failed to add AGO_OIL_BIOPIO48 generator to AF-AGO node, skipping...
ERROR [2024-08-19 14:54:44] [WARN] - Failed to add AGO_OIL_LUANDADIESEL55 generator to AF-AGO node, skipping...
ERROR [2024-08-19 14:54:44] [WARN] - Failed to add AGO_OIL_CAPACITY SCALER generator to AF-AGO node, skipping...
ERROR [2024-08-19 14:54:44] [WARN] - Failed to add BEN_GAS_AKPAKPA994 generator to AF-BEN node, skipping...
ERROR [2024-08-19 14:54:44] [WARN] - Failed to add BEN_GAS_CAPACITY SCALER generator to AF-BEN node, skipping...
ERROR [2024-08-19 14:54:44] [WARN] - Failed to add BEN_OIL_COTONOU995 generator to AF-BEN node, skipping...
ERROR [2024-08-19 14:54:44] [WARN] - Failed to add BFA_OIL_BOBO3411 generator to AF-BFA node, skipping...
ERROR [2024-08-19 14:54:44] [WARN] - Failed to add BFA_OIL_OUAGA3414 generator to AF-BFA node, skipping...
ERROR [2024-08-19 14:54:44] [WARN] - Failed to add BFA_OIL_KOSSODO3413 generator to AF-BFA node, skipping...
ERROR [2024-08-19 14:54:44] [WARN] - Failed to add BFA_OIL_CAPACITY SCALER generator to AF-BFA node, skipping...
ERROR [2024-08-19 14:54:44] [WARN] - Failed to add BWA_COA_SUAPANSODAAS1045 generator to AF-BWA node, skipping...
ERROR [2024-08-19 14:54:44] [WARN] - Failed to add BWA_COA_MORPULE1044 generator to AF-BWA node, skipping...
ERROR [2024-08-19 14:54:44] [WARN] - Failed to add CAF_OIL_BANGUIENERCA4596 generator to AF-CAF node, skipping...
ERROR [2024-08-19 14:54:44] [WARN] - Failed to add CIV_GAS_CENTRALEVRIDI7954 generator to AF-CIV node, skipping...
ERROR [2024-08-19 14:54:44] [WARN] - Failed to add CIV_GAS_VRIDICIPRELOC7957 generator to AF-CIV node, skipping...
ERROR [2024-08-19 14:54:44] [WARN] - Failed to add CIV_GAS_AZITOOCGTPOWE7952 generator to AF-CIV node, skipping...
ERROR [2024-08-19 14:54:44] [WARN] - Failed to add CIV_GAS_CAPACITY SCALER generator to AF-CIV node, skipping...
ERROR [2024-08-19 14:54:44] [WARN] - Failed to add CMR_GAS_KRIBI3435 generator to AF-CMR node, skipping...
ERROR [2024-08-19 14:54:44] [WARN] - Failed to add CMR_GAS_CAPACITY SCALER generator to AF-CMR node, skipping...
ERROR [2024-08-19 14:54:44] [WARN] - Failed to add CMR_OIL_BAFOUSSAM3431_LIMBE3437 generator to AF-CMR node, skipping...
ERROR [2024-08-19 14:54:44] [WARN] - Failed to add CMR_OIL_DOUALABASSA3432 generator to AF-CMR node, skipping...
ERROR [2024-08-19 14:54:44] [WARN] - Failed to add CMR_OIL_GAROUA3434 generator to AF-CMR node, skipping...
ERROR [2024-08-19 14:54:44] [WARN] - Failed to add CMR_OIL_CAPACITY SCALER generator to AF-CMR node, skipping...
ERROR [2024-08-19 14:54:44] [WARN] - Failed to add COD_GAS_DJENOTOTAL8454 generator to AF-COD node, skipping...
ERROR [2024-08-19 14:54:44] [WARN] - Failed to add COD_OIL_POINTENOIRE8464 generator to AF-COD node, skipping...
ERROR [2024-08-19 14:54:44] [WARN] - Failed to add COG_GAS_DJENOENI7916 generator to AF-COG node, skipping...
ERROR [2024-08-19 14:54:44] [WARN] - Failed to add COG_GAS_POINTENOIRESN7922 generator to AF-COG node, skipping...
ERROR [2024-08-19 14:54:44] [WARN] - Failed to add COG_OIL_MPILA7921 generator to AF-COG node, skipping...
ERROR [2024-08-19 14:54:44] [WARN] - Failed to add COG_OIL_LOANGO7919 generator to AF-COG node, skipping...
ERROR [2024-08-19 14:54:44] [WARN] - Failed to add CPV_OIL_PRAIA4595 generator to AF-CPV node, skipping...
ERROR [2024-08-19 14:54:45] [WARN] - Failed to add CPV_OIL_PALMEIRAELECTR4594 generator to AF-CPV node, skipping...
ERROR [2024-08-19 14:54:45] [WARN] - Failed to add CPV_OIL_PALMAREJO4593 generator to AF-CPV node, skipping...
ERROR [2024-08-19 14:54:45] [WARN] - Failed to add DJI_OIL_BOULAOS8506 generator to AF-DJI node, skipping...
ERROR [2024-08-19 14:54:45] [WARN] - Failed to add DZA_GAS_ANNABA17 generator to AF-DZA node, skipping...
ERROR [2024-08-19 14:54:45] [WARN] - Failed to add DZA_GAS_HASSIMESSAOUD25 generator to AF-DZA node, skipping...
ERROR [2024-08-19 14:54:45] [WARN] - Failed to add DZA_GAS_RAVINBLANC38 generator to AF-DZA node, skipping...
ERROR [2024-08-19 14:54:45] [WARN] - Failed to add DZA_GAS_BOUFARIK119 generator to AF-DZA node, skipping...
ERROR [2024-08-19 14:54:45] [WARN] - Failed to add DZA_GAS_SPP1THERMAL42 generator to AF-DZA node, skipping...
ERROR [2024-08-19 14:54:45] [WARN] - Failed to add DZA_GAS_MARSATTG35 generator to AF-DZA node, skipping...
ERROR [2024-08-19 14:54:45] [WARN] - Failed to add DZA_GAS_HASSIMESSOUDN27_TILGHEMT146 generator to AF-DZA node, skipping...
ERROR [2024-08-19 14:54:45] [WARN] - Failed to add DZA_GAS_HAMMA224 generator to AF-DZA node, skipping...
ERROR [2024-08-19 14:54:45] [WARN] - Failed to add DZA_GAS_RELIZANE39 generator to AF-DZA node, skipping...
ERROR [2024-08-19 14:54:45] [WARN] - Failed to add DZA_GAS_SKBIPP40 generator to AF-DZA node, skipping...
ERROR [2024-08-19 14:54:45] [WARN] - Failed to add DZA_GAS_HASSIMESSOUDO28 generator to AF-DZA node, skipping...
ERROR [2024-08-19 14:54:45] [WARN] - Failed to add DZA_GAS_AINDJASSER16 generator to AF-DZA node, skipping...
ERROR [2024-08-19 14:54:45] [WARN] - Failed to add DZA_GAS_SKIKDA43 generator to AF-DZA node, skipping...
ERROR [2024-08-19 14:54:45] [WARN] - Failed to add DZA_GAS_SKSIPPSNCLAV41 generator to AF-DZA node, skipping...
ERROR [2024-08-19 14:54:45] [WARN] - Failed to add DZA_GAS_ARBAA18_MARSAT34 generator to AF-DZA node, skipping...
ERROR [2024-08-19 14:54:45] [WARN] - Failed to add DZA_GAS_FKRINA22 generator to AF-DZA node, skipping...
ERROR [2024-08-19 14:54:45] [WARN] - Failed to add DZA_GAS_JIJEL30 generator to AF-DZA node, skipping...
ERROR [2024-08-19 14:54:45] [WARN] - Failed to add DZA_GAS_HASSIMESSOUD26_TIARET45 generator to AF-DZA node, skipping...
ERROR [2024-08-19 14:54:45] [WARN] - Failed to add DZA_GAS_MSILA136 generator to AF-DZA node, skipping...
ERROR [2024-08-19 14:54:45] [WARN] - Failed to add DZA_GAS_RASDJINET37 generator to AF-DZA node, skipping...
ERROR [2024-08-19 14:54:45] [WARN] - Failed to add DZA_GAS_KAHRAMAIPP31 generator to AF-DZA node, skipping...
ERROR [2024-08-19 14:54:45] [WARN] - Failed to add DZA_GAS_CAPACITY SCALER generator to AF-DZA node, skipping...
ERROR [2024-08-19 14:54:45] [WARN] - Failed to add DZA_GAS_LABREG33 generator to AF-DZA node, skipping...
ERROR [2024-08-19 14:54:45] [WARN] - Failed to add DZA_GAS_HADJRETENNOUS23_KOUDIETEDDRAOU32_TERGA44 generator to AF-DZA node, skipping...
ERROR [2024-08-19 14:54:45] [WARN] - Failed to add EGY_GAS_PORTSAID8572 generator to AF-EGY node, skipping...
ERROR [2024-08-19 14:54:45] [WARN] - Failed to add EGY_GAS_MATROUH8564 generator to AF-EGY node, skipping...
ERROR [2024-08-19 14:54:45] [WARN] - Failed to add EGY_GAS_ARISH8542 generator to AF-EGY node, skipping...
ERROR [2024-08-19 14:54:45] [WARN] - Failed to add EGY_GAS_SHABAB8574_WADIHOF8580 generator to AF-EGY node, skipping...
ERROR [2024-08-19 14:54:45] [WARN] - Failed to add EGY_GAS_KURIEMATSOLAR8562 generator to AF-EGY node, skipping...
ERROR [2024-08-19 14:54:45] [WARN] - Failed to add EGY_GAS_ELSEIUF8554 generator to AF-EGY node, skipping...
ERROR [2024-08-19 14:54:45] [WARN] - Failed to add EGY_GAS_KAFRELDAWAR8559 generator to AF-EGY node, skipping...
ERROR [2024-08-19 14:54:45] [WARN] - Failed to add EGY_GAS_DAMANHOUR8550 generator to AF-EGY node, skipping...
