INFO [2024-08-05 17:20:23] [MAIN] - Creating Etude_sur_R_Monde__2024_08_05_17_20_23 study...

INFO [2024-08-05 17:20:23] [MAIN] - Unit commitment mode : FAST
INFO [2024-08-05 17:20:23] [MAIN] - Adding nodes...

INFO [2024-08-05 17:20:26] [NODES] - Adding EU-CHE node...
INFO [2024-08-05 17:20:26] [NODES] - Adding EU-DEU node...
INFO [2024-08-05 17:20:26] [NODES] - Adding EU-FRA node...
INFO [2024-08-05 17:20:26] [MAIN] - Done adding nodes! (run time : 2.98s).

INFO [2024-08-05 17:20:26] [MAIN] - Adding load data...

INFO [2024-08-05 17:20:28] [LOAD] - Adding EU-CHE load data...
INFO [2024-08-05 17:20:28] [LOAD] - Adding EU-DEU load data...
INFO [2024-08-05 17:20:28] [LOAD] - Adding EU-FRA load data...
INFO [2024-08-05 17:20:28] [MAIN] - Done adding load data! (run time : 1.74s).

INFO [2024-08-05 17:20:28] [MAIN] - Fetching wind data...

INFO [2024-08-05 17:20:28] [WIND] - Adding EU-CHE aggregated wind data...
INFO [2024-08-05 17:20:28] [WIND] - Adding EU-DEU aggregated wind data...
INFO [2024-08-05 17:20:28] [WIND] - Adding EU-FRA aggregated wind data...
INFO [2024-08-05 17:20:28] [MAIN] - Done adding wind data! (run time : 0.34s).

INFO [2024-08-05 17:20:28] [MAIN] - Fetching solar data...

INFO [2024-08-05 17:20:29] [SOLAR] - Adding EU-CHE aggregated solar data...
INFO [2024-08-05 17:20:29] [SOLAR] - Adding EU-DEU aggregated solar data...
INFO [2024-08-05 17:20:29] [SOLAR] - Adding EU-FRA aggregated solar data...
INFO [2024-08-05 17:20:29] [MAIN] - Done adding solar data! (run time : 0.33s).

INFO [2024-08-05 17:20:29] [MAIN] - Beginning hydro implementation...
INFO [2024-08-05 17:20:31] [HYDRO] - Initializing EU-CHE hydro parameters...
INFO [2024-08-05 17:20:32] [HYDRO] - Adding EU-CHE hydro profiles...
INFO [2024-08-05 17:20:34] [HYDRO] - Initializing EU-DEU hydro parameters...
INFO [2024-08-05 17:20:35] [HYDRO] - Adding EU-DEU hydro profiles...
INFO [2024-08-05 17:20:37] [HYDRO] - Initializing EU-FRA hydro parameters...
INFO [2024-08-05 17:20:37] [HYDRO] - Adding EU-FRA hydro profiles...
INFO [2024-08-05 17:20:37] [MAIN] - Done adding hydro!
INFO [2024-08-05 17:20:37] [MAIN] - Adding lines between areas...

INFO [2024-08-05 17:20:39] [LINES] - Adding EU-CHE to EU-DEU line...
INFO [2024-08-05 17:20:40] [LINES] - Adding EU-CHE to EU-FRA line...
INFO [2024-08-05 17:20:40] [LINES] - Adding EU-DEU to EU-FRA line...
INFO [2024-08-05 17:20:40] [MAIN] - Done adding lines! (run time : 2.15s).

INFO [2024-08-05 17:20:40] [MAIN] - Finished setting up Antares study! (run time : 0.28min).
 

INFO [2024-08-05 17:20:40] [MAIN] - Starting simulation__2024_08_05_17_20_40 simulation...
INFO [2024-08-05 17:20:52] [MAIN] - Antares simulation finished! (run time : 0.2min).
 

INFO [2024-08-05 17:20:52] [MAIN] - Opening latest simulation...
