INFO [2024-08-02 17:26:19] [MAIN] - Creating Etude_sur_R_Monde__2024_08_02_17_26_19 study...

INFO [2024-08-02 17:26:19] [MAIN] - Adding nodes...

INFO [2024-08-02 17:26:20] [NODES] - Adding EU-CHE node...
INFO [2024-08-02 17:26:21] [NODES] - Adding EU-DEU node...
INFO [2024-08-02 17:26:21] [NODES] - Adding EU-FRA node...
INFO [2024-08-02 17:26:21] [MAIN] - Done adding nodes! (run time : 1.52s).

INFO [2024-08-02 17:26:21] [MAIN] - Adding load data...

INFO [2024-08-02 17:26:22] [LOAD] - Adding EU-CHE load data...
INFO [2024-08-02 17:26:22] [LOAD] - Adding EU-DEU load data...
INFO [2024-08-02 17:26:22] [LOAD] - Adding EU-FRA load data...
INFO [2024-08-02 17:26:22] [MAIN] - Done adding load data! (run time : 1.14s).

INFO [2024-08-02 17:26:22] [MAIN] - Fetching wind data...

INFO [2024-08-02 17:26:22] [WIND] - Adding EU-CHE aggregated wind data...
INFO [2024-08-02 17:26:22] [WIND] - Adding EU-DEU aggregated wind data...
INFO [2024-08-02 17:26:22] [WIND] - Adding EU-FRA aggregated wind data...
INFO [2024-08-02 17:26:22] [MAIN] - Done adding wind data! (run time : 0.27s).

INFO [2024-08-02 17:26:22] [MAIN] - Fetching solar data...

INFO [2024-08-02 17:26:23] [SOLAR] - Adding EU-CHE aggregated solar data...
INFO [2024-08-02 17:26:23] [SOLAR] - Adding EU-DEU aggregated solar data...
INFO [2024-08-02 17:26:23] [SOLAR] - Adding EU-FRA aggregated solar data...
INFO [2024-08-02 17:26:23] [MAIN] - Done adding solar data! (run time : 0.25s).

INFO [2024-08-02 17:26:23] [MAIN] - Beginning hydro implementation...
INFO [2024-08-02 17:26:24] [HYDRO] - Initializing EU-CHE hydro parameters...
INFO [2024-08-02 17:26:24] [HYDRO] - Adding EU-CHE hydro profiles...
INFO [2024-08-02 17:26:25] [HYDRO] - Initializing EU-DEU hydro parameters...
INFO [2024-08-02 17:26:26] [HYDRO] - Adding EU-DEU hydro profiles...
INFO [2024-08-02 17:26:26] [HYDRO] - Initializing EU-FRA hydro parameters...
INFO [2024-08-02 17:26:27] [HYDRO] - Adding EU-FRA hydro profiles...
INFO [2024-08-02 17:26:27] [MAIN] - Done adding hydro!
INFO [2024-08-02 17:26:27] [MAIN] - Adding lines between areas...

INFO [2024-08-02 17:26:28] [LINES] - Adding EU-CHE to EU-DEU line...
INFO [2024-08-02 17:26:28] [LINES] - Adding EU-CHE to EU-FRA line...
INFO [2024-08-02 17:26:28] [LINES] - Adding EU-DEU to EU-FRA line...
INFO [2024-08-02 17:26:28] [MAIN] - Done adding lines! (run time : 1.13s).

INFO [2024-08-02 17:26:28] [MAIN] - Finished setting up Antares study! (run time : 0.15min).
 

