INFO [2024-10-30 23:40:57] [MAIN] - Initializing output folder...
INFO [2024-10-30 23:41:03] [MAIN] - Creating If S1 Economy v2.2 (World w CSP) study...
INFO [2024-10-30 23:41:03] [MAIN] - Simulating If scenario~: S1 .

INFO [2024-10-30 23:41:03] [MAIN] - Simulation mode : Economy
INFO [2024-10-30 23:41:03] [MAIN] - Unit commitment mode : accurate
INFO [2024-10-30 23:41:03] [MAIN] - Number of MC years : 1
INFO [2024-10-30 23:41:03] [MAIN] - Generation of CSP : TRUE
INFO [2024-10-30 23:41:04] [MAIN] - Adding world node...

INFO [2024-10-30 23:41:04] [MAIN] - Done adding world node! (run time : 0.29s).

INFO [2024-10-30 23:41:04] [MAIN] - Fetching thermal data...
INFO [2024-10-30 23:41:04] [THERMAL] - Adding Bioenergy generator to World node...
INFO [2024-10-30 23:41:04] [THERMAL] - Adding Coal generator to World node...
INFO [2024-10-30 23:41:04] [THERMAL] - Adding Gas generator to World node...
INFO [2024-10-30 23:41:05] [THERMAL] - Adding Geothermal generator to World node...
INFO [2024-10-30 23:41:05] [THERMAL] - Adding Nuclear generator to World node...
INFO [2024-10-30 23:41:05] [THERMAL] - Adding Geothermal generator to World node...
INFO [2024-10-30 23:41:05] [MAIN] - Done adding thermal data! (run time : 0.01min).

INFO [2024-10-30 23:41:05] [MAIN] - Fetching wind data...

INFO [2024-10-30 23:41:58] [WIND] - Adding World wind data to Wind Onshore cluster...
INFO [2024-10-30 23:41:58] [MAIN] - Done adding wind data! (run time : 52.97s).

INFO [2024-10-30 23:41:58] [MAIN] - Fetching PV data...

INFO [2024-10-30 23:43:33] [PV] - Adding World PV data to Solar PV cluster...
INFO [2024-10-30 23:43:33] [MAIN] - Done adding PV data! (run time : 95.6s).

INFO [2024-10-30 23:43:33] [MAIN] - Fetching CSP data...

INFO [2024-10-30 23:43:35] [CSP] - Adding World CSP data to Solar Thermal cluster...
INFO [2024-10-30 23:43:35] [MAIN] - Done adding CSP data! (run time : 1.66s).

INFO [2024-10-30 23:43:39] [HYDRO] - Initializing World hydro parameters...
INFO [2024-10-30 23:43:40] [HYDRO] - Adding World max power timeseries...
INFO [2024-10-30 23:43:42] [HYDRO] - Adding World hydro profiles...
INFO [2024-10-30 23:43:42] [MAIN] - Finished setting up Antares study! (run time : 2.65min).
 

