INFO [2024-09-03 11:01:12] [MAIN] - Creating Deane_CO2fix__2024_09_03_11_01_12 study...

INFO [2024-09-03 11:01:12] [MAIN] - Unit commitment mode : ACCURATE
INFO [2024-09-03 11:01:12] [MAIN] - Adding nodes...

INFO [2024-09-03 11:01:14] [NODES] - Adding EU-CHE node...
INFO [2024-09-03 11:01:15] [NODES] - Adding EU-DEU node...
INFO [2024-09-03 11:01:15] [NODES] - Adding EU-FRA node...
INFO [2024-09-03 11:01:15] [MAIN] - Done adding nodes! (run time : 2.78s).

INFO [2024-09-03 11:01:15] [MAIN] - Adding districts...

INFO [2024-09-03 11:01:15] [DISTRICTS] - Creating global district...
INFO [2024-09-03 11:01:16] [DISTRICTS] - Done creating global district!
INFO [2024-09-03 11:01:16] [DISTRICTS] - Creating europe continental district...
INFO [2024-09-03 11:01:16] [DISTRICTS] - Done creating europe continental district!
INFO [2024-09-03 11:01:16] [MAIN] - Done adding districts! (run time : 0.97s).

INFO [2024-09-03 11:01:16] [MAIN] - Adding load data...

INFO [2024-09-03 11:01:18] [LOAD] - Adding EU-CHE load data...
INFO [2024-09-03 11:01:18] [LOAD] - Adding EU-DEU load data...
INFO [2024-09-03 11:01:18] [LOAD] - Adding EU-FRA load data...
INFO [2024-09-03 11:01:18] [MAIN] - Done adding load data! (run time : 2.41s).

INFO [2024-09-03 11:01:19] [MAIN] - Fetching wind data...

INFO [2024-09-03 11:01:19] [WIND] - Adding EU-CHE aggregated wind data...
INFO [2024-09-03 11:01:19] [WIND] - Adding EU-DEU aggregated wind data...
INFO [2024-09-03 11:01:19] [WIND] - Adding EU-FRA aggregated wind data...
INFO [2024-09-03 11:01:19] [MAIN] - Done adding wind data! (run time : 0.3s).

INFO [2024-09-03 11:01:19] [MAIN] - Fetching solar data...

INFO [2024-09-03 11:01:19] [SOLAR] - Adding EU-CHE aggregated solar data...
INFO [2024-09-03 11:01:19] [SOLAR] - Adding EU-DEU aggregated solar data...
INFO [2024-09-03 11:01:19] [SOLAR] - Adding EU-FRA aggregated solar data...
INFO [2024-09-03 11:01:19] [MAIN] - Done adding solar data! (run time : 0.32s).

