INFO [2024-08-05 17:48:27] [MAIN] - Creating Etude_sur_R_Monde__2024_08_05_17_48_27 study...

INFO [2024-08-05 17:48:27] [MAIN] - Unit commitment mode : FAST
INFO [2024-08-05 17:48:28] [MAIN] - Adding nodes...

INFO [2024-08-05 17:48:31] [NODES] - Adding EU-CHE node...
INFO [2024-08-05 17:48:31] [NODES] - Adding EU-DEU node...
INFO [2024-08-05 17:48:32] [NODES] - Adding EU-FRA node...
INFO [2024-08-05 17:48:32] [MAIN] - Done adding nodes! (run time : 3.85s).

INFO [2024-08-05 17:48:32] [MAIN] - Adding load data...

INFO [2024-08-05 17:48:34] [LOAD] - Adding EU-CHE load data...
INFO [2024-08-05 17:48:34] [LOAD] - Adding EU-DEU load data...
INFO [2024-08-05 17:48:34] [LOAD] - Adding EU-FRA load data...
INFO [2024-08-05 17:48:34] [MAIN] - Done adding load data! (run time : 2.31s).

INFO [2024-08-05 17:48:34] [MAIN] - Fetching wind data...

INFO [2024-08-05 17:48:35] [WIND] - Adding EU-CHE aggregated wind data...
INFO [2024-08-05 17:48:35] [WIND] - Adding EU-DEU aggregated wind data...
INFO [2024-08-05 17:48:35] [WIND] - Adding EU-FRA aggregated wind data...
INFO [2024-08-05 17:48:35] [MAIN] - Done adding wind data! (run time : 0.34s).

INFO [2024-08-05 17:48:35] [MAIN] - Fetching solar data...

INFO [2024-08-05 17:48:35] [SOLAR] - Adding EU-CHE aggregated solar data...
INFO [2024-08-05 17:48:35] [SOLAR] - Adding EU-DEU aggregated solar data...
INFO [2024-08-05 17:48:35] [SOLAR] - Adding EU-FRA aggregated solar data...
INFO [2024-08-05 17:48:35] [MAIN] - Done adding solar data! (run time : 0.27s).

INFO [2024-08-05 17:48:35] [MAIN] - Beginning hydro implementation...
INFO [2024-08-05 17:48:35] [HYDRO] - Couldn't initialize EU-CHE hydro parameters, skipping...
INFO [2024-08-05 17:48:36] [HYDRO] - Adding EU-CHE max power timeseries...
INFO [2024-08-05 17:48:37] [HYDRO] - Adding EU-CHE hydro profiles...
INFO [2024-08-05 17:48:37] [HYDRO] - Couldn't initialize EU-DEU hydro parameters, skipping...
INFO [2024-08-05 17:48:37] [HYDRO] - Adding EU-DEU max power timeseries...
INFO [2024-08-05 17:48:38] [HYDRO] - Adding EU-DEU hydro profiles...
INFO [2024-08-05 17:48:38] [HYDRO] - Couldn't initialize EU-FRA hydro parameters, skipping...
INFO [2024-08-05 17:48:38] [HYDRO] - Adding EU-FRA max power timeseries...
INFO [2024-08-05 17:48:39] [HYDRO] - Adding EU-FRA hydro profiles...
INFO [2024-08-05 17:48:39] [MAIN] - Done adding hydro!
INFO [2024-08-05 17:48:39] [MAIN] - Fetching thermal data...

INFO [2024-08-05 17:48:42] [MAIN] - Starting simulation__2024_08_05_17_48_42 simulation...
INFO [2024-08-05 17:48:55] [MAIN] - Antares simulation finished! (run time : 0.21min).
 

INFO [2024-08-05 17:48:58] [MAIN] - Opening latest simulation...
