INFO [2024-09-10 09:45:14] [MAIN] - Reading simulations of pre-existing v2_20clu__2024_09_04_22_33_36 study...
INFO [2024-09-10 09:45:15] [MAIN] - Opening 20240905-0707eco-world_vOutages_accurateUCM simulation...
INFO [2024-09-10 09:45:15] [MAIN] - Preparing to save global production stack...
INFO [2024-09-10 09:46:05] [MAIN] - Done saving global production stack! (run time : 50.53s).

INFO [2024-09-10 09:46:05] [MAIN] - Preparing to save continental production stacks...
INFO [2024-09-10 09:46:05] [STACK] - Saving production stack for africa continent...
INFO [2024-09-10 09:47:16] [STACK] - The daily production stack for africa from 2015-01-01 to 2015-12-31 has been saved!
INFO [2024-09-10 09:47:16] [STACK] - Saving production stack for asia continent...
INFO [2024-09-10 09:47:21] [STACK] - The daily production stack for asia from 2015-01-01 to 2015-12-31 has been saved!
INFO [2024-09-10 09:47:21] [STACK] - Saving production stack for europe continent...
INFO [2024-09-10 09:47:28] [STACK] - The daily production stack for europe from 2015-01-01 to 2015-12-31 has been saved!
INFO [2024-09-10 09:47:28] [STACK] - Saving production stack for north america continent...
INFO [2024-09-10 09:47:33] [STACK] - The daily production stack for north america from 2015-01-01 to 2015-12-31 has been saved!
INFO [2024-09-10 09:47:33] [STACK] - Saving production stack for oceania continent...
INFO [2024-09-10 09:47:39] [STACK] - The daily production stack for oceania from 2015-01-01 to 2015-12-31 has been saved!
INFO [2024-09-10 09:47:39] [STACK] - Saving production stack for south america continent...
INFO [2024-09-10 09:47:47] [STACK] - The daily production stack for south america from 2015-01-01 to 2015-12-31 has been saved!
INFO [2024-09-10 09:47:47] [MAIN] - Done saving continental production stacks! (run time : 101.9s).

INFO [2024-09-10 09:47:47] [MAIN] - Preparing to save national production stacks...
INFO [2024-09-10 09:47:49] [STACK] - Saving production stack for af-ago country...
INFO [2024-09-10 09:47:54] [STACK] - The daily production stack for af-ago from 2015-01-01 to 2015-12-31 has been saved!
INFO [2024-09-10 09:47:54] [STACK] - Saving production stack for af-bdi country...
INFO [2024-09-10 09:47:59] [STACK] - The daily production stack for af-bdi from 2015-01-01 to 2015-12-31 has been saved!
INFO [2024-09-10 09:47:59] [STACK] - Saving production stack for af-ben country...
INFO [2024-09-10 09:48:03] [STACK] - The daily production stack for af-ben from 2015-01-01 to 2015-12-31 has been saved!
INFO [2024-09-10 09:48:03] [STACK] - Saving production stack for af-bfa country...
INFO [2024-09-10 09:48:07] [STACK] - The daily production stack for af-bfa from 2015-01-01 to 2015-12-31 has been saved!
INFO [2024-09-10 09:48:07] [STACK] - Saving production stack for af-bwa country...
INFO [2024-09-10 09:48:15] [STACK] - The daily production stack for af-bwa from 2015-01-01 to 2015-12-31 has been saved!
INFO [2024-09-10 09:48:15] [STACK] - Saving production stack for af-caf country...
INFO [2024-09-10 09:48:19] [STACK] - The daily production stack for af-caf from 2015-01-01 to 2015-12-31 has been saved!
INFO [2024-09-10 09:48:19] [STACK] - Saving production stack for af-civ country...
INFO [2024-09-10 09:48:23] [STACK] - The daily production stack for af-civ from 2015-01-01 to 2015-12-31 has been saved!
INFO [2024-09-10 09:48:23] [STACK] - Saving production stack for af-cmr country...
