INFO [2024-10-14 22:19:25] [MAIN] - Initializing output folder...
INFO [2024-10-14 22:19:29] [MAIN] - Reading simulations of pre-existing v2_20clu__2024_09_04_22_33_36 study...
INFO [2024-10-14 22:19:31] [MAIN] - Opening 20240905-0707eco-world_vOutages_accurateUCM simulation...
INFO [2024-10-14 22:19:31] [MAIN] - Preparing to compare generation values with Deane...
INFO [2024-10-14 22:19:32] [DEANE] - Saving generation comparisons for africa continent...
INFO [2024-10-14 22:19:33] [DEANE] - Done saving generation comparisons for africa continent!
INFO [2024-10-14 22:19:33] [DEANE] - Saving generation comparisons for asia continent...
INFO [2024-10-14 22:19:34] [DEANE] - Done saving generation comparisons for asia continent!
INFO [2024-10-14 22:19:34] [DEANE] - Saving generation comparisons for europe continent...
INFO [2024-10-14 22:19:34] [DEANE] - Done saving generation comparisons for europe continent!
INFO [2024-10-14 22:19:34] [DEANE] - Saving generation comparisons for north america continent...
INFO [2024-10-14 22:19:35] [DEANE] - Done saving generation comparisons for north america continent!
INFO [2024-10-14 22:19:35] [DEANE] - Saving generation comparisons for oceania continent...
INFO [2024-10-14 22:19:35] [DEANE] - Done saving generation comparisons for oceania continent!
INFO [2024-10-14 22:19:35] [DEANE] - Saving generation comparisons for south america continent...
INFO [2024-10-14 22:19:35] [DEANE] - Done saving generation comparisons for south america continent!
INFO [2024-10-14 22:19:35] [DEANE] - Saving generation comparisons for the world...
INFO [2024-10-14 22:19:36] [DEANE] - Done saving generation comparisons for the world!
INFO [2024-10-14 22:19:36] [MAIN] - Done comparing generation values with Deane! (run time : 4.85 s).

INFO [2024-10-14 22:19:36] [MAIN] - Preparing to compare emissions values with Deane...
INFO [2024-10-14 22:19:36] [DEANE] - Computing continental CO2 emissions in Antares study...
INFO [2024-10-14 22:20:16] [DEANE] - Done computing continental CO2 emissions!
INFO [2024-10-14 22:20:16] [DEANE] - Saving emissions comparisons for africa continent...
INFO [2024-10-14 22:20:16] [DEANE] - Done saving emissions comparisons for africa continent!
INFO [2024-10-14 22:20:16] [DEANE] - Saving emissions comparisons for asia continent...
INFO [2024-10-14 22:20:16] [DEANE] - Done saving emissions comparisons for asia continent!
INFO [2024-10-14 22:20:16] [DEANE] - Saving emissions comparisons for europe continent...
INFO [2024-10-14 22:20:17] [DEANE] - Done saving emissions comparisons for europe continent!
INFO [2024-10-14 22:20:17] [DEANE] - Saving emissions comparisons for north america continent...
INFO [2024-10-14 22:20:17] [DEANE] - Done saving emissions comparisons for north america continent!
INFO [2024-10-14 22:20:17] [DEANE] - Saving emissions comparisons for oceania continent...
INFO [2024-10-14 22:20:17] [DEANE] - Done saving emissions comparisons for oceania continent!
INFO [2024-10-14 22:20:17] [DEANE] - Saving emissions comparisons for south america continent...
INFO [2024-10-14 22:20:18] [DEANE] - Done saving emissions comparisons for south america continent!
INFO [2024-10-14 22:20:18] [DEANE] - Computing world CO2 emissions in Antares study...
INFO [2024-10-14 22:20:50] [DEANE] - Done computing world CO2 emissions!
INFO [2024-10-14 22:20:50] [DEANE] - Saving emissions comparisons for the world...
INFO [2024-10-14 22:20:50] [DEANE] - Done saving emissions comparisons for the world!
INFO [2024-10-14 22:20:50] [MAIN] - Done comparing emissions values with Deane! (run time : 74.51 s).

INFO [2024-10-14 22:20:50] [MAIN] - Preparing to save import/export ranking of countries...
INFO [2024-10-14 22:20:55] [MAIN] - Import/export ranking of countries has been saved ! (run time : 4.34 s).

INFO [2024-10-14 22:20:55] [MAIN] - Preparing to save global production stack...
INFO [2024-10-14 22:21:02] [MAIN] - Done saving global production stack! (run time : 7.46s).

INFO [2024-10-14 22:21:02] [MAIN] - Preparing to save continental production stacks...
INFO [2024-10-14 22:21:02] [STACK] - Saving production stack for africa continent...
INFO [2024-10-14 22:21:06] [STACK] - The daily production stack for africa from 2015-01-01 to 2015-12-31 has been saved!
INFO [2024-10-14 22:21:06] [STACK] - Saving production stack for asia continent...
INFO [2024-10-14 22:21:10] [STACK] - The daily production stack for asia from 2015-01-01 to 2015-12-31 has been saved!
INFO [2024-10-14 22:21:10] [STACK] - Saving production stack for europe continent...
INFO [2024-10-14 22:21:14] [STACK] - The daily production stack for europe from 2015-01-01 to 2015-12-31 has been saved!
INFO [2024-10-14 22:21:14] [STACK] - Saving production stack for north america continent...
INFO [2024-10-14 22:21:18] [STACK] - The daily production stack for north america from 2015-01-01 to 2015-12-31 has been saved!
INFO [2024-10-14 22:21:18] [STACK] - Saving production stack for oceania continent...
INFO [2024-10-14 22:21:22] [STACK] - The daily production stack for oceania from 2015-01-01 to 2015-12-31 has been saved!
INFO [2024-10-14 22:21:22] [STACK] - Saving production stack for south america continent...
INFO [2024-10-14 22:21:26] [STACK] - The daily production stack for south america from 2015-01-01 to 2015-12-31 has been saved!
INFO [2024-10-14 22:21:26] [MAIN] - Done saving continental production stacks! (run time : 24.05s).

INFO [2024-10-14 22:21:26] [MAIN] - Preparing to save national production stacks...
INFO [2024-10-14 22:21:30] [STACK] - Saving production stack for af-ago country...
INFO [2024-10-14 22:21:34] [STACK] - The daily production stack for af-ago from 2015-01-01 to 2015-12-31 has been saved!
INFO [2024-10-14 22:21:34] [STACK] - Saving production stack for af-bdi country...
INFO [2024-10-14 22:21:37] [STACK] - The daily production stack for af-bdi from 2015-01-01 to 2015-12-31 has been saved!
INFO [2024-10-14 22:21:37] [STACK] - Saving production stack for af-ben country...
INFO [2024-10-14 22:21:40] [STACK] - The daily production stack for af-ben from 2015-01-01 to 2015-12-31 has been saved!
INFO [2024-10-14 22:21:40] [STACK] - Saving production stack for af-bfa country...
INFO [2024-10-14 22:21:44] [STACK] - The daily production stack for af-bfa from 2015-01-01 to 2015-12-31 has been saved!
INFO [2024-10-14 22:21:44] [STACK] - Saving production stack for af-bwa country...
INFO [2024-10-14 22:21:47] [STACK] - The daily production stack for af-bwa from 2015-01-01 to 2015-12-31 has been saved!
INFO [2024-10-14 22:21:47] [STACK] - Saving production stack for af-caf country...
INFO [2024-10-14 22:21:51] [STACK] - The daily production stack for af-caf from 2015-01-01 to 2015-12-31 has been saved!
INFO [2024-10-14 22:21:51] [STACK] - Saving production stack for af-civ country...
