ERROR [2024-08-09 10:50:18] [WARN] - Could not add load data to SA-BRA-J1 node, skipping...
ERROR [2024-08-09 10:50:18] [WARN] - Could not add load data to SA-BRA-J2 node, skipping...
ERROR [2024-08-09 10:50:18] [WARN] - Could not add load data to SA-BRA-J3 node, skipping...
ERROR [2024-08-09 10:50:38] [WARN] - Skipped adding wind data for AF-AGO (no generators found in PLEXOS).
ERROR [2024-08-09 10:50:38] [WARN] - Skipped adding wind data for AF-BDI (no generators found in PLEXOS).
ERROR [2024-08-09 10:50:38] [WARN] - Skipped adding wind data for AF-BEN (no generators found in PLEXOS).
ERROR [2024-08-09 10:50:38] [WARN] - Skipped adding wind data for AF-BFA (no generators found in PLEXOS).
ERROR [2024-08-09 10:50:38] [WARN] - Skipped adding wind data for AF-BWA (no generators found in PLEXOS).
ERROR [2024-08-09 10:50:38] [WARN] - Skipped adding wind data for AF-CAF (no generators found in PLEXOS).
ERROR [2024-08-09 10:50:38] [WARN] - Skipped adding wind data for AF-CIV (no generators found in PLEXOS).
ERROR [2024-08-09 10:50:38] [WARN] - Skipped adding wind data for AF-CMR (no generators found in PLEXOS).
ERROR [2024-08-09 10:50:38] [WARN] - Skipped adding wind data for AF-COD (no generators found in PLEXOS).
ERROR [2024-08-09 10:50:38] [WARN] - Skipped adding wind data for AF-COG (no generators found in PLEXOS).
ERROR [2024-08-09 10:50:40] [WARN] - Skipped adding wind data for AF-DJI (no generators found in PLEXOS).
ERROR [2024-08-09 10:50:40] [WARN] - Skipped adding wind data for AF-DZA (no generators found in PLEXOS).
ERROR [2024-08-09 10:50:41] [WARN] - Skipped adding wind data for AF-ERI (no generators found in PLEXOS).
ERROR [2024-08-09 10:50:41] [WARN] - Skipped adding wind data for AF-ESH (no generators found in PLEXOS).
ERROR [2024-08-09 10:50:43] [WARN] - Skipped adding wind data for AF-GAB (no generators found in PLEXOS).
ERROR [2024-08-09 10:50:43] [WARN] - Skipped adding wind data for AF-GHA (no generators found in PLEXOS).
ERROR [2024-08-09 10:50:43] [WARN] - Skipped adding wind data for AF-GIN (no generators found in PLEXOS).
ERROR [2024-08-09 10:50:43] [WARN] - Skipped adding wind data for AF-GMB (no generators found in PLEXOS).
ERROR [2024-08-09 10:50:43] [WARN] - Skipped adding wind data for AF-GNB (no generators found in PLEXOS).
ERROR [2024-08-09 10:50:43] [WARN] - Skipped adding wind data for AF-GNQ (no generators found in PLEXOS).
ERROR [2024-08-09 10:50:44] [WARN] - Skipped adding wind data for AF-LBR (no generators found in PLEXOS).
ERROR [2024-08-09 10:50:44] [WARN] - Skipped adding wind data for AF-LBY (no generators found in PLEXOS).
ERROR [2024-08-09 10:50:44] [WARN] - Skipped adding wind data for AF-LSO (no generators found in PLEXOS).
ERROR [2024-08-09 10:50:45] [WARN] - Skipped adding wind data for AF-MDG (no generators found in PLEXOS).
ERROR [2024-08-09 10:50:45] [WARN] - Skipped adding wind data for AF-MLI (no generators found in PLEXOS).
ERROR [2024-08-09 10:50:45] [WARN] - Skipped adding wind data for AF-MOZ (no generators found in PLEXOS).
ERROR [2024-08-09 10:50:47] [WARN] - Skipped adding wind data for AF-MUS (no generators found in PLEXOS).
ERROR [2024-08-09 10:50:47] [WARN] - Skipped adding wind data for AF-MWI (no generators found in PLEXOS).
ERROR [2024-08-09 10:50:47] [WARN] - Skipped adding wind data for AF-NAM (no generators found in PLEXOS).
ERROR [2024-08-09 10:50:47] [WARN] - Skipped adding wind data for AF-NER (no generators found in PLEXOS).
ERROR [2024-08-09 10:50:47] [WARN] - Skipped adding wind data for AF-NGA (no generators found in PLEXOS).
ERROR [2024-08-09 10:50:47] [WARN] - Skipped adding wind data for AF-RWA (no generators found in PLEXOS).
ERROR [2024-08-09 10:50:47] [WARN] - Skipped adding wind data for AF-SDN (no generators found in PLEXOS).
ERROR [2024-08-09 10:50:47] [WARN] - Skipped adding wind data for AF-SEN (no generators found in PLEXOS).
ERROR [2024-08-09 10:50:47] [WARN] - Skipped adding wind data for AF-SLE (no generators found in PLEXOS).
ERROR [2024-08-09 10:50:47] [WARN] - Skipped adding wind data for AF-SWZ (no generators found in PLEXOS).
ERROR [2024-08-09 10:50:47] [WARN] - Skipped adding wind data for AF-TGO (no generators found in PLEXOS).
ERROR [2024-08-09 10:50:48] [WARN] - Skipped adding wind data for AF-TZA (no generators found in PLEXOS).
ERROR [2024-08-09 10:50:48] [WARN] - Skipped adding wind data for AF-UGA (no generators found in PLEXOS).
ERROR [2024-08-09 10:50:50] [WARN] - Skipped adding wind data for AF-ZMB (no generators found in PLEXOS).
ERROR [2024-08-09 10:50:50] [WARN] - Skipped adding wind data for AF-ZWE (no generators found in PLEXOS).
ERROR [2024-08-09 10:50:50] [WARN] - Skipped adding wind data for AS-AFG (no generators found in PLEXOS).
ERROR [2024-08-09 10:50:50] [WARN] - Skipped adding wind data for AS-ARE (no generators found in PLEXOS).
ERROR [2024-08-09 10:50:50] [WARN] - Skipped adding wind data for AS-BGD (no generators found in PLEXOS).
ERROR [2024-08-09 10:50:50] [WARN] - Skipped adding wind data for AS-BHR (no generators found in PLEXOS).
ERROR [2024-08-09 10:50:50] [WARN] - Skipped adding wind data for AS-BRN (no generators found in PLEXOS).
ERROR [2024-08-09 10:50:50] [WARN] - Skipped adding wind data for AS-BTN (no generators found in PLEXOS).
ERROR [2024-08-09 10:50:52] [WARN] - Skipped adding wind data for AS-CHN-BE (no generators found in PLEXOS).
ERROR [2024-08-09 10:50:52] [WARN] - Skipped adding wind data for AS-CHN-CH (no generators found in PLEXOS).
ERROR [2024-08-09 10:51:03] [WARN] - Skipped adding wind data for AS-CHN-HK (no generators found in PLEXOS).
ERROR [2024-08-09 10:51:10] [WARN] - Skipped adding wind data for AS-CHN-MA (no generators found in PLEXOS).
ERROR [2024-08-09 10:51:18] [WARN] - Skipped adding wind data for AS-CHN-TI (no generators found in PLEXOS).
ERROR [2024-08-09 10:51:24] [WARN] - Skipped adding wind data for AS-IDN (no generators found in PLEXOS).
ERROR [2024-08-09 10:51:24] [WARN] - Skipped adding wind data for AS-IND-EA (no generators found in PLEXOS).
ERROR [2024-08-09 10:51:24] [WARN] - Skipped adding wind data for AS-IND-NE (no generators found in PLEXOS).
ERROR [2024-08-09 10:51:29] [WARN] - Skipped adding wind data for AS-IRQ (no generators found in PLEXOS).
ERROR [2024-08-09 10:51:29] [WARN] - Skipped adding wind data for AS-ISR (no generators found in PLEXOS).
ERROR [2024-08-09 10:51:31] [WARN] - Skipped adding wind data for AS-JPN-HO (no generators found in PLEXOS).
ERROR [2024-08-09 10:51:31] [WARN] - Skipped adding wind data for AS-JPN-KY (no generators found in PLEXOS).
ERROR [2024-08-09 10:51:31] [WARN] - Skipped adding wind data for AS-JPN-OK (no generators found in PLEXOS).
ERROR [2024-08-09 10:51:34] [WARN] - Skipped adding wind data for AS-KGZ (no generators found in PLEXOS).
ERROR [2024-08-09 10:51:34] [WARN] - Skipped adding wind data for AS-KHM (no generators found in PLEXOS).
ERROR [2024-08-09 10:51:36] [WARN] - Skipped adding wind data for AS-KWT (no generators found in PLEXOS).
ERROR [2024-08-09 10:51:36] [WARN] - Skipped adding wind data for AS-LAO (no generators found in PLEXOS).
ERROR [2024-08-09 10:51:36] [WARN] - Skipped adding wind data for AS-LBN (no generators found in PLEXOS).
ERROR [2024-08-09 10:51:37] [WARN] - Skipped adding wind data for AS-MMR (no generators found in PLEXOS).
ERROR [2024-08-09 10:51:38] [WARN] - Skipped adding wind data for AS-MYS (no generators found in PLEXOS).
ERROR [2024-08-09 10:51:38] [WARN] - Skipped adding wind data for AS-NPL (no generators found in PLEXOS).
ERROR [2024-08-09 10:51:38] [WARN] - Skipped adding wind data for AS-OMN (no generators found in PLEXOS).
ERROR [2024-08-09 10:51:40] [WARN] - Skipped adding wind data for AS-PRK (no generators found in PLEXOS).
ERROR [2024-08-09 10:51:40] [WARN] - Skipped adding wind data for AS-QAT (no generators found in PLEXOS).
ERROR [2024-08-09 10:51:41] [WARN] - Skipped adding wind data for AS-RUS-FE (no generators found in PLEXOS).
ERROR [2024-08-09 10:51:42] [WARN] - Skipped adding wind data for AS-RUS-NW (no generators found in PLEXOS).
ERROR [2024-08-09 10:51:42] [WARN] - Skipped adding wind data for AS-RUS-SI (no generators found in PLEXOS).
ERROR [2024-08-09 10:51:42] [WARN] - Skipped adding wind data for AS-RUS-SO (no generators found in PLEXOS).
ERROR [2024-08-09 10:51:44] [WARN] - Skipped adding wind data for AS-SAU (no generators found in PLEXOS).
ERROR [2024-08-09 10:51:44] [WARN] - Skipped adding wind data for AS-SGP (no generators found in PLEXOS).
ERROR [2024-08-09 10:51:44] [WARN] - Skipped adding wind data for AS-SYR (no generators found in PLEXOS).
ERROR [2024-08-09 10:51:45] [WARN] - Skipped adding wind data for AS-TJK (no generators found in PLEXOS).
ERROR [2024-08-09 10:51:45] [WARN] - Skipped adding wind data for AS-TKM (no generators found in PLEXOS).
ERROR [2024-08-09 10:51:49] [WARN] - Skipped adding wind data for AS-UZB (no generators found in PLEXOS).
ERROR [2024-08-09 10:51:51] [WARN] - Skipped adding wind data for AS-YEM (no generators found in PLEXOS).
ERROR [2024-08-09 10:51:51] [WARN] - Skipped adding wind data for EU-ALB (no generators found in PLEXOS).
ERROR [2024-08-09 10:51:51] [WARN] - Skipped adding wind data for EU-ARM (no generators found in PLEXOS).
ERROR [2024-08-09 10:51:52] [WARN] - Skipped adding wind data for EU-AZE (no generators found in PLEXOS).
ERROR [2024-08-09 10:51:54] [WARN] - Skipped adding wind data for EU-BIH (no generators found in PLEXOS).
ERROR [2024-08-09 10:51:54] [WARN] - Skipped adding wind data for EU-BLR (no generators found in PLEXOS).
ERROR [2024-08-09 10:52:08] [WARN] - Skipped adding wind data for EU-GEO (no generators found in PLEXOS).
ERROR [2024-08-09 10:52:13] [WARN] - Skipped adding wind data for EU-ISL (no generators found in PLEXOS).
ERROR [2024-08-09 10:52:14] [WARN] - Skipped adding wind data for EU-KOS (no generators found in PLEXOS).
ERROR [2024-08-09 10:52:18] [WARN] - Skipped adding wind data for EU-MDA (no generators found in PLEXOS).
ERROR [2024-08-09 10:52:18] [WARN] - Skipped adding wind data for EU-MKD (no generators found in PLEXOS).
ERROR [2024-08-09 10:52:18] [WARN] - Skipped adding wind data for EU-MNE (no generators found in PLEXOS).
ERROR [2024-08-09 10:52:25] [WARN] - Skipped adding wind data for EU-SRB (no generators found in PLEXOS).
ERROR [2024-08-09 10:52:25] [WARN] - Skipped adding wind data for EU-SVK (no generators found in PLEXOS).
ERROR [2024-08-09 10:52:25] [WARN] - Skipped adding wind data for EU-SVN (no generators found in PLEXOS).
ERROR [2024-08-09 10:52:29] [WARN] - Skipped adding wind data for OC-AUS-NT (no generators found in PLEXOS).
ERROR [2024-08-09 10:52:42] [WARN] - Skipped adding wind data for OC-PNG (no generators found in PLEXOS).
ERROR [2024-08-09 10:53:06] [WARN] - Skipped adding wind data for NA-SLV (no generators found in PLEXOS).
ERROR [2024-08-09 10:53:06] [WARN] - Skipped adding wind data for NA-TTO (no generators found in PLEXOS).
ERROR [2024-08-09 10:53:11] [WARN] - Skipped adding wind data for NA-USA-FR (no generators found in PLEXOS).
ERROR [2024-08-09 10:53:11] [WARN] - Skipped adding wind data for NA-USA-GU (no generators found in PLEXOS).
ERROR [2024-08-09 10:53:26] [WARN] - Skipped adding wind data for NA-USA-SA (no generators found in PLEXOS).
ERROR [2024-08-09 10:53:27] [WARN] - Skipped adding wind data for NA-USA-SE (no generators found in PLEXOS).
ERROR [2024-08-09 10:53:30] [WARN] - Skipped adding wind data for NA-USA-SV (no generators found in PLEXOS).
ERROR [2024-08-09 10:53:32] [WARN] - Skipped adding wind data for SA-BOL (no generators found in PLEXOS).
ERROR [2024-08-09 10:53:32] [WARN] - Skipped adding wind data for SA-BRA-CN (no generators found in PLEXOS).
ERROR [2024-08-09 10:53:32] [WARN] - Skipped adding wind data for SA-BRA-CW (no generators found in PLEXOS).
ERROR [2024-08-09 10:53:32] [WARN] - Skipped adding wind data for SA-BRA-J1 (no generators found in PLEXOS).
ERROR [2024-08-09 10:53:32] [WARN] - Skipped adding wind data for SA-BRA-J2 (no generators found in PLEXOS).
ERROR [2024-08-09 10:53:32] [WARN] - Skipped adding wind data for SA-BRA-J3 (no generators found in PLEXOS).
ERROR [2024-08-09 10:53:34] [WARN] - Skipped adding wind data for SA-BRA-NW (no generators found in PLEXOS).
ERROR [2024-08-09 10:53:36] [WARN] - Skipped adding wind data for SA-BRA-WE (no generators found in PLEXOS).
ERROR [2024-08-09 10:53:42] [WARN] - Skipped adding wind data for SA-GUF (no generators found in PLEXOS).
ERROR [2024-08-09 10:53:45] [WARN] - Skipped adding wind data for SA-PRY (no generators found in PLEXOS).
ERROR [2024-08-09 10:53:49] [WARN] - Skipped adding solar data for AF-BDI (no generators found in PLEXOS).
ERROR [2024-08-09 10:53:49] [WARN] - Skipped adding solar data for AF-BEN (no generators found in PLEXOS).
ERROR [2024-08-09 10:53:49] [WARN] - Skipped adding solar data for AF-BFA (no generators found in PLEXOS).
ERROR [2024-08-09 10:53:49] [WARN] - Skipped adding solar data for AF-BWA (no generators found in PLEXOS).
ERROR [2024-08-09 10:53:49] [WARN] - Skipped adding solar data for AF-CAF (no generators found in PLEXOS).
ERROR [2024-08-09 10:53:49] [WARN] - Skipped adding solar data for AF-CIV (no generators found in PLEXOS).
ERROR [2024-08-09 10:53:49] [WARN] - Skipped adding solar data for AF-CMR (no generators found in PLEXOS).
ERROR [2024-08-09 10:53:49] [WARN] - Skipped adding solar data for AF-COD (no generators found in PLEXOS).
ERROR [2024-08-09 10:53:49] [WARN] - Skipped adding solar data for AF-COG (no generators found in PLEXOS).
ERROR [2024-08-09 10:53:50] [WARN] - Skipped adding solar data for AF-DJI (no generators found in PLEXOS).
ERROR [2024-08-09 10:53:53] [WARN] - Skipped adding solar data for AF-ERI (no generators found in PLEXOS).
ERROR [2024-08-09 10:53:53] [WARN] - Skipped adding solar data for AF-ESH (no generators found in PLEXOS).
ERROR [2024-08-09 10:53:54] [WARN] - Skipped adding solar data for AF-GAB (no generators found in PLEXOS).
ERROR [2024-08-09 10:53:54] [WARN] - Skipped adding solar data for AF-GHA (no generators found in PLEXOS).
ERROR [2024-08-09 10:53:54] [WARN] - Skipped adding solar data for AF-GIN (no generators found in PLEXOS).
ERROR [2024-08-09 10:53:54] [WARN] - Skipped adding solar data for AF-GMB (no generators found in PLEXOS).
ERROR [2024-08-09 10:53:54] [WARN] - Skipped adding solar data for AF-GNB (no generators found in PLEXOS).
ERROR [2024-08-09 10:53:54] [WARN] - Skipped adding solar data for AF-GNQ (no generators found in PLEXOS).
ERROR [2024-08-09 10:53:55] [WARN] - Skipped adding solar data for AF-LBR (no generators found in PLEXOS).
ERROR [2024-08-09 10:53:55] [WARN] - Skipped adding solar data for AF-LBY (no generators found in PLEXOS).
ERROR [2024-08-09 10:53:55] [WARN] - Skipped adding solar data for AF-LSO (no generators found in PLEXOS).
ERROR [2024-08-09 10:53:56] [WARN] - Skipped adding solar data for AF-MDG (no generators found in PLEXOS).
ERROR [2024-08-09 10:53:56] [WARN] - Skipped adding solar data for AF-MLI (no generators found in PLEXOS).
ERROR [2024-08-09 10:53:56] [WARN] - Skipped adding solar data for AF-MOZ (no generators found in PLEXOS).
ERROR [2024-08-09 10:53:59] [WARN] - Skipped adding solar data for AF-MWI (no generators found in PLEXOS).
ERROR [2024-08-09 10:54:00] [WARN] - Skipped adding solar data for AF-NER (no generators found in PLEXOS).
ERROR [2024-08-09 10:54:03] [WARN] - Skipped adding solar data for AF-SDN (no generators found in PLEXOS).
ERROR [2024-08-09 10:54:05] [WARN] - Skipped adding solar data for AF-SLE (no generators found in PLEXOS).
ERROR [2024-08-09 10:54:05] [WARN] - Skipped adding solar data for AF-SWZ (no generators found in PLEXOS).
ERROR [2024-08-09 10:54:05] [WARN] - Skipped adding solar data for AF-TGO (no generators found in PLEXOS).
ERROR [2024-08-09 10:54:06] [WARN] - Skipped adding solar data for AF-TZA (no generators found in PLEXOS).
ERROR [2024-08-09 10:54:10] [WARN] - Skipped adding solar data for AF-ZMB (no generators found in PLEXOS).
ERROR [2024-08-09 10:54:10] [WARN] - Skipped adding solar data for AF-ZWE (no generators found in PLEXOS).
ERROR [2024-08-09 10:54:10] [WARN] - Skipped adding solar data for AS-AFG (no generators found in PLEXOS).
ERROR [2024-08-09 10:54:13] [WARN] - Skipped adding solar data for AS-BHR (no generators found in PLEXOS).
ERROR [2024-08-09 10:54:13] [WARN] - Skipped adding solar data for AS-BRN (no generators found in PLEXOS).
ERROR [2024-08-09 10:54:13] [WARN] - Skipped adding solar data for AS-BTN (no generators found in PLEXOS).
ERROR [2024-08-09 10:54:15] [WARN] - Skipped adding solar data for AS-CHN-CH (no generators found in PLEXOS).
ERROR [2024-08-09 10:54:16] [WARN] - Skipped adding solar data for AS-CHN-EM (no generators found in PLEXOS).
ERROR [2024-08-09 10:54:16] [WARN] - Skipped adding solar data for AS-CHN-FU (no generators found in PLEXOS).
ERROR [2024-08-09 10:54:17] [WARN] - Skipped adding solar data for AS-CHN-GD (no generators found in PLEXOS).
ERROR [2024-08-09 10:54:17] [WARN] - Skipped adding solar data for AS-CHN-GU (no generators found in PLEXOS).
ERROR [2024-08-09 10:54:17] [WARN] - Skipped adding solar data for AS-CHN-GX (no generators found in PLEXOS).
ERROR [2024-08-09 10:54:20] [WARN] - Skipped adding solar data for AS-CHN-HE (no generators found in PLEXOS).
ERROR [2024-08-09 10:54:21] [WARN] - Skipped adding solar data for AS-CHN-HK (no generators found in PLEXOS).
ERROR [2024-08-09 10:54:21] [WARN] - Skipped adding solar data for AS-CHN-HN (no generators found in PLEXOS).
ERROR [2024-08-09 10:54:22] [WARN] - Skipped adding solar data for AS-CHN-JI (no generators found in PLEXOS).
ERROR [2024-08-09 10:54:24] [WARN] - Skipped adding solar data for AS-CHN-JX (no generators found in PLEXOS).
ERROR [2024-08-09 10:54:24] [WARN] - Skipped adding solar data for AS-CHN-LI (no generators found in PLEXOS).
ERROR [2024-08-09 10:54:24] [WARN] - Skipped adding solar data for AS-CHN-MA (no generators found in PLEXOS).
ERROR [2024-08-09 10:54:27] [WARN] - Skipped adding solar data for AS-CHN-SC (no generators found in PLEXOS).
ERROR [2024-08-09 10:54:31] [WARN] - Skipped adding solar data for AS-CHN-SX (no generators found in PLEXOS).
ERROR [2024-08-09 10:54:31] [WARN] - Skipped adding solar data for AS-CHN-TI (no generators found in PLEXOS).
ERROR [2024-08-09 10:54:31] [WARN] - Skipped adding solar data for AS-CHN-TJ (no generators found in PLEXOS).
ERROR [2024-08-09 10:54:35] [WARN] - Skipped adding solar data for AS-CHN-ZH (no generators found in PLEXOS).
ERROR [2024-08-09 10:54:35] [WARN] - Skipped adding solar data for AS-IDN (no generators found in PLEXOS).
ERROR [2024-08-09 10:54:36] [WARN] - Skipped adding solar data for AS-IND-NE (no generators found in PLEXOS).
ERROR [2024-08-09 10:54:55] [WARN] - Skipped adding solar data for AS-KGZ (no generators found in PLEXOS).
ERROR [2024-08-09 10:54:58] [WARN] - Skipped adding solar data for AS-KWT (no generators found in PLEXOS).
ERROR [2024-08-09 10:54:58] [WARN] - Skipped adding solar data for AS-LAO (no generators found in PLEXOS).
ERROR [2024-08-09 10:54:58] [WARN] - Skipped adding solar data for AS-LBN (no generators found in PLEXOS).
ERROR [2024-08-09 10:55:00] [WARN] - Skipped adding solar data for AS-MNG (no generators found in PLEXOS).
ERROR [2024-08-09 10:55:02] [WARN] - Skipped adding solar data for AS-OMN (no generators found in PLEXOS).
ERROR [2024-08-09 10:55:05] [WARN] - Skipped adding solar data for AS-PRK (no generators found in PLEXOS).
ERROR [2024-08-09 10:55:05] [WARN] - Skipped adding solar data for AS-QAT (no generators found in PLEXOS).
ERROR [2024-08-09 10:55:07] [WARN] - Skipped adding solar data for AS-RUS-MV (no generators found in PLEXOS).
ERROR [2024-08-09 10:55:07] [WARN] - Skipped adding solar data for AS-RUS-NW (no generators found in PLEXOS).
ERROR [2024-08-09 10:55:08] [WARN] - Skipped adding solar data for AS-RUS-SO (no generators found in PLEXOS).
ERROR [2024-08-09 10:55:12] [WARN] - Skipped adding solar data for AS-SYR (no generators found in PLEXOS).
ERROR [2024-08-09 10:55:13] [WARN] - Skipped adding solar data for AS-TJK (no generators found in PLEXOS).
ERROR [2024-08-09 10:55:13] [WARN] - Skipped adding solar data for AS-TKM (no generators found in PLEXOS).
ERROR [2024-08-09 10:55:15] [WARN] - Skipped adding solar data for AS-UZB (no generators found in PLEXOS).
ERROR [2024-08-09 10:55:15] [WARN] - Skipped adding solar data for AS-VNM (no generators found in PLEXOS).
ERROR [2024-08-09 10:55:16] [WARN] - Skipped adding solar data for EU-ALB (no generators found in PLEXOS).
ERROR [2024-08-09 10:55:16] [WARN] - Skipped adding solar data for EU-ARM (no generators found in PLEXOS).
ERROR [2024-08-09 10:55:21] [WARN] - Skipped adding solar data for EU-BIH (no generators found in PLEXOS).
ERROR [2024-08-09 10:55:21] [WARN] - Skipped adding solar data for EU-BLR (no generators found in PLEXOS).
ERROR [2024-08-09 10:55:28] [WARN] - Skipped adding solar data for EU-EST (no generators found in PLEXOS).
ERROR [2024-08-09 10:55:31] [WARN] - Skipped adding solar data for EU-GEO (no generators found in PLEXOS).
ERROR [2024-08-09 10:55:36] [WARN] - Skipped adding solar data for EU-IRL (no generators found in PLEXOS).
ERROR [2024-08-09 10:55:36] [WARN] - Skipped adding solar data for EU-ISL (no generators found in PLEXOS).
ERROR [2024-08-09 10:55:37] [WARN] - Skipped adding solar data for EU-KOS (no generators found in PLEXOS).
ERROR [2024-08-09 10:55:41] [WARN] - Skipped adding solar data for EU-LVA (no generators found in PLEXOS).
ERROR [2024-08-09 10:55:41] [WARN] - Skipped adding solar data for EU-MDA (no generators found in PLEXOS).
ERROR [2024-08-09 10:55:42] [WARN] - Skipped adding solar data for EU-MNE (no generators found in PLEXOS).
ERROR [2024-08-09 10:56:03] [WARN] - Skipped adding solar data for OC-ATA (no generators found in PLEXOS).
ERROR [2024-08-09 10:56:15] [WARN] - Skipped adding solar data for OC-AUS-TA (no generators found in PLEXOS).
ERROR [2024-08-09 10:56:15] [WARN] - Skipped adding solar data for OC-AUS-VI (no generators found in PLEXOS).
ERROR [2024-08-09 10:56:19] [WARN] - Skipped adding solar data for OC-FJI (no generators found in PLEXOS).
ERROR [2024-08-09 10:56:23] [WARN] - Skipped adding solar data for OC-PNG (no generators found in PLEXOS).
ERROR [2024-08-09 10:56:25] [WARN] - Skipped adding solar data for NA-CAN-AR (no generators found in PLEXOS).
ERROR [2024-08-09 10:56:27] [WARN] - Skipped adding solar data for NA-CAN-MB (no generators found in PLEXOS).
ERROR [2024-08-09 10:56:27] [WARN] - Skipped adding solar data for NA-CAN-NL (no generators found in PLEXOS).
ERROR [2024-08-09 10:56:27] [WARN] - Skipped adding solar data for NA-CAN-NO (no generators found in PLEXOS).
ERROR [2024-08-09 10:56:29] [WARN] - Skipped adding solar data for NA-CAN-QC (no generators found in PLEXOS).
ERROR [2024-08-09 10:56:29] [WARN] - Skipped adding solar data for NA-CAN-SK (no generators found in PLEXOS).
ERROR [2024-08-09 10:56:29] [WARN] - Skipped adding solar data for NA-CRI (no generators found in PLEXOS).
ERROR [2024-08-09 10:56:37] [WARN] - Skipped adding solar data for NA-JAM (no generators found in PLEXOS).
ERROR [2024-08-09 10:56:39] [WARN] - Skipped adding solar data for NA-NIC (no generators found in PLEXOS).
ERROR [2024-08-09 10:56:42] [WARN] - Skipped adding solar data for NA-TTO (no generators found in PLEXOS).
ERROR [2024-08-09 10:56:42] [WARN] - Skipped adding solar data for NA-USA-AK (no generators found in PLEXOS).
ERROR [2024-08-09 10:57:08] [WARN] - Skipped adding solar data for NA-USA-SA (no generators found in PLEXOS).
ERROR [2024-08-09 10:57:19] [WARN] - Skipped adding solar data for SA-BRA-CN (no generators found in PLEXOS).
ERROR [2024-08-09 10:57:19] [WARN] - Skipped adding solar data for SA-BRA-CW (no generators found in PLEXOS).
ERROR [2024-08-09 10:57:19] [WARN] - Skipped adding solar data for SA-BRA-J1 (no generators found in PLEXOS).
ERROR [2024-08-09 10:57:19] [WARN] - Skipped adding solar data for SA-BRA-J2 (no generators found in PLEXOS).
ERROR [2024-08-09 10:57:19] [WARN] - Skipped adding solar data for SA-BRA-J3 (no generators found in PLEXOS).
ERROR [2024-08-09 10:57:21] [WARN] - Skipped adding solar data for SA-BRA-NW (no generators found in PLEXOS).
ERROR [2024-08-09 10:57:25] [WARN] - Skipped adding solar data for SA-BRA-WE (no generators found in PLEXOS).
ERROR [2024-08-09 10:57:27] [WARN] - Skipped adding solar data for SA-COL (no generators found in PLEXOS).
ERROR [2024-08-09 10:57:31] [WARN] - Skipped adding solar data for SA-GUY (no generators found in PLEXOS).
ERROR [2024-08-09 10:57:32] [WARN] - Skipped adding solar data for SA-PRY (no generators found in PLEXOS).
ERROR [2024-08-09 10:57:34] [WARN] - Skipped adding solar data for SA-VEN (no generators found in PLEXOS).
