INFO [2024-08-07 14:33:14] [MAIN] - Creating Etude_sur_R_Monde__2024_08_07_14_33_13 study...

INFO [2024-08-07 14:33:14] [MAIN] - Unit commitment mode : FAST
INFO [2024-08-07 14:33:14] [MAIN] - Adding nodes...

INFO [2024-08-07 14:33:16] [NODES] - Adding EU-FRA node...
INFO [2024-08-07 14:33:16] [MAIN] - Done adding nodes! (run time : 2.34s).

INFO [2024-08-07 14:33:16] [MAIN] - Adding load data...

INFO [2024-08-07 14:33:18] [LOAD] - Adding EU-FRA load data...
INFO [2024-08-07 14:33:18] [MAIN] - Done adding load data! (run time : 2.18s).

INFO [2024-08-07 14:33:18] [MAIN] - Fetching wind data...

INFO [2024-08-07 14:33:19] [WIND] - Adding EU-FRA aggregated wind data...
INFO [2024-08-07 14:33:19] [MAIN] - Done adding wind data! (run time : 0.26s).

INFO [2024-08-07 14:33:19] [MAIN] - Fetching solar data...

INFO [2024-08-07 14:33:19] [SOLAR] - Adding EU-FRA aggregated solar data...
INFO [2024-08-07 14:33:19] [MAIN] - Done adding solar data! (run time : 0.19s).

INFO [2024-08-07 14:33:19] [MAIN] - Beginning hydro implementation...
INFO [2024-08-07 14:33:21] [HYDRO] - Initializing EU-FRA hydro parameters...
INFO [2024-08-07 14:33:21] [HYDRO] - Adding EU-FRA max power timeseries...
INFO [2024-08-07 14:33:22] [HYDRO] - Adding EU-FRA hydro profiles...
INFO [2024-08-07 14:33:22] [MAIN] - Done adding hydro!
INFO [2024-08-07 14:33:22] [MAIN] - Fetching thermal data...

INFO [2024-08-07 14:33:26] [THERMAL] - Adding FRA_BIO_AIXENPROVENCE8840 generator to EU-FRA node...
INFO [2024-08-07 14:33:26] [THERMAL] - Adding FRA_BIO_ALLEMANT8850 generator to EU-FRA node...
INFO [2024-08-07 14:33:26] [THERMAL] - Adding FRA_BIO_AMANVILLERS8862 generator to EU-FRA node...
INFO [2024-08-07 14:33:26] [THERMAL] - Adding FRA_BIO_AMIENS8869 generator to EU-FRA node...
INFO [2024-08-07 14:33:26] [THERMAL] - Adding FRA_BIO_ANTIBES8878 generator to EU-FRA node...
INFO [2024-08-07 14:33:26] [THERMAL] - Adding FRA_BIO_ARGENTEUIL8892 generator to EU-FRA node...
INFO [2024-08-07 14:33:26] [THERMAL] - Adding FRA_BIO_ARPAJONSURC8897 generator to EU-FRA node...
INFO [2024-08-07 14:33:26] [THERMAL] - Adding FRA_BIO_ARQUES8899 generator to EU-FRA node...
INFO [2024-08-07 14:33:26] [THERMAL] - Adding FRA_BIO_AUCH8917 generator to EU-FRA node...
INFO [2024-08-07 14:33:26] [THERMAL] - Adding FRA_BIO_BAILLEULSURTH8957 generator to EU-FRA node...
INFO [2024-08-07 14:33:26] [THERMAL] - Adding FRA_BIO_BARSURAUBE8965 generator to EU-FRA node...
INFO [2024-08-07 14:33:27] [THERMAL] - Adding FRA_BIO_BAYONNE8976 generator to EU-FRA node...
INFO [2024-08-07 14:33:27] [THERMAL] - Adding FRA_BIO_BENET8996 generator to EU-FRA node...
INFO [2024-08-07 14:33:27] [THERMAL] - Adding FRA_BIO_BIMONT9017 generator to EU-FRA node...
INFO [2024-08-07 14:33:27] [THERMAL] - Adding FRA_BIO_BLARINGHEM9020 generator to EU-FRA node...
INFO [2024-08-07 14:33:27] [THERMAL] - Adding FRA_BIO_BNAC9102 generator to EU-FRA node...
INFO [2024-08-07 14:33:27] [THERMAL] - Adding FRA_BIO_BORDEAUX9040 generator to EU-FRA node...
INFO [2024-08-07 14:33:27] [THERMAL] - Adding FRA_BIO_BOURGOINJALLIE9058 generator to EU-FRA node...
INFO [2024-08-07 14:33:27] [THERMAL] - Adding FRA_BIO_BOUROGNE9059 generator to EU-FRA node...
INFO [2024-08-07 14:33:27] [THERMAL] - Adding FRA_BIO_BOVES9066 generator to EU-FRA node...
INFO [2024-08-07 14:33:28] [THERMAL] - Adding FRA_BIO_CALAIS9126 generator to EU-FRA node...
INFO [2024-08-07 14:33:28] [THERMAL] - Adding FRA_BIO_CALCE9127 generator to EU-FRA node...
INFO [2024-08-07 14:33:28] [THERMAL] - Adding FRA_BIO_CAPACITY SCALER generator to EU-FRA node...
INFO [2024-08-07 14:33:28] [THERMAL] - Adding FRA_BIO_CENON9180 generator to EU-FRA node...
INFO [2024-08-07 14:33:28] [THERMAL] - Adding FRA_BIO_CHAGNY9185 generator to EU-FRA node...
INFO [2024-08-07 14:33:28] [THERMAL] - Adding FRA_BIO_CHAMBRY9191 generator to EU-FRA node...
INFO [2024-08-07 14:33:28] [THERMAL] - Adding FRA_BIO_CHAMPTEUSSSU9197 generator to EU-FRA node...
INFO [2024-08-07 14:33:29] [THERMAL] - Adding FRA_BIO_CHANCEAUXPRS9199 generator to EU-FRA node...
INFO [2024-08-07 14:33:29] [THERMAL] - Adding FRA_BIO_CHANG9200 generator to EU-FRA node...
INFO [2024-08-07 14:33:29] [THERMAL] - Adding FRA_BIO_CHATUZANGELEG9214 generator to EU-FRA node...
INFO [2024-08-07 14:33:29] [THERMAL] - Adding FRA_BIO_CHAUMONT9219 generator to EU-FRA node...
INFO [2024-08-07 14:33:29] [THERMAL] - Adding FRA_BIO_CHZY9242 generator to EU-FRA node...
INFO [2024-08-07 14:33:29] [THERMAL] - Adding FRA_BIO_CLERMONTFERRAN9251 generator to EU-FRA node...
INFO [2024-08-07 14:33:30] [THERMAL] - Adding FRA_BIO_CLRAC9256 generator to EU-FRA node...
INFO [2024-08-07 14:33:30] [THERMAL] - Adding FRA_BIO_COMBRE9262 generator to EU-FRA node...
INFO [2024-08-07 14:33:30] [THERMAL] - Adding FRA_BIO_CONCARNEAU9263 generator to EU-FRA node...
INFO [2024-08-07 14:33:30] [THERMAL] - Adding FRA_BIO_COURON9296 generator to EU-FRA node...
INFO [2024-08-07 14:33:30] [THERMAL] - Adding FRA_BIO_CRPYENVALOI9314 generator to EU-FRA node...
INFO [2024-08-07 14:33:30] [THERMAL] - Adding FRA_BIO_CUSSET9322 generator to EU-FRA node...
INFO [2024-08-07 14:33:30] [THERMAL] - Adding FRA_BIO_DANNES9332 generator to EU-FRA node...
INFO [2024-08-07 14:33:31] [THERMAL] - Adding FRA_BIO_DIJON9341 generator to EU-FRA node...
INFO [2024-08-07 14:33:31] [THERMAL] - Adding FRA_BIO_DONZRE9351 generator to EU-FRA node...
INFO [2024-08-07 14:33:31] [THERMAL] - Adding FRA_BIO_DOUCHYLESMINE9352 generator to EU-FRA node...
INFO [2024-08-07 14:33:31] [THERMAL] - Adding FRA_BIO_DRAMBON9355 generator to EU-FRA node...
INFO [2024-08-07 14:33:31] [THERMAL] - Adding FRA_BIO_DUNKERQUE9360 generator to EU-FRA node...
INFO [2024-08-07 14:33:31] [THERMAL] - Adding FRA_BIO_ENTRAIGUESSUR9374 generator to EU-FRA node...
INFO [2024-08-07 14:33:31] [THERMAL] - Adding FRA_BIO_ESQUAYSURSEUL9385 generator to EU-FRA node...
INFO [2024-08-07 14:33:32] [THERMAL] - Adding FRA_BIO_FEL9401 generator to EU-FRA node...
INFO [2024-08-07 14:33:32] [THERMAL] - Adding FRA_BIO_FELLETIN9404 generator to EU-FRA node...
INFO [2024-08-07 14:33:32] [THERMAL] - Adding FRA_BIO_FEUX9407 generator to EU-FRA node...
INFO [2024-08-07 14:33:32] [THERMAL] - Adding FRA_BIO_FONTENAYSURME9424 generator to EU-FRA node...
INFO [2024-08-07 14:33:32] [THERMAL] - Adding FRA_BIO_FORTDEFRANCE9428 generator to EU-FRA node...
INFO [2024-08-07 14:33:32] [THERMAL] - Adding FRA_BIO_FOSSURMER9434 generator to EU-FRA node...
INFO [2024-08-07 14:33:33] [THERMAL] - Adding FRA_BIO_FOUJU9437 generator to EU-FRA node...
INFO [2024-08-07 14:33:33] [THERMAL] - Adding FRA_BIO_FOURCHAMBAULT9439 generator to EU-FRA node...
INFO [2024-08-07 14:33:33] [THERMAL] - Adding FRA_BIO_FRESNOYFOLNY9447 generator to EU-FRA node...
INFO [2024-08-07 14:33:33] [THERMAL] - Adding FRA_BIO_GONFREVILLELO9496 generator to EU-FRA node...
INFO [2024-08-07 14:33:33] [THERMAL] - Adding FRA_BIO_GRAINCOURTLS9504 generator to EU-FRA node...
INFO [2024-08-07 14:33:33] [THERMAL] - Adding FRA_BIO_GRANGES9509 generator to EU-FRA node...
INFO [2024-08-07 14:33:34] [THERMAL] - Adding FRA_BIO_GUELTAS9519 generator to EU-FRA node...
INFO [2024-08-07 14:33:34] [THERMAL] - Adding FRA_BIO_GUICHAINVILLE9525 generator to EU-FRA node...
INFO [2024-08-07 14:33:34] [THERMAL] - Adding FRA_BIO_HERSINCOUPIGNY9553 generator to EU-FRA node...
INFO [2024-08-07 14:33:34] [THERMAL] - Adding FRA_BIO_ISIGNYLEBUAT9575 generator to EU-FRA node...
INFO [2024-08-07 14:33:34] [THERMAL] - Adding FRA_BIO_ISLESLESMELDE9576 generator to EU-FRA node...
INFO [2024-08-07 14:33:34] [THERMAL] - Adding FRA_BIO_ISS9579 generator to EU-FRA node...
INFO [2024-08-07 14:33:35] [THERMAL] - Adding FRA_BIO_ISSYLESMOULIN9578 generator to EU-FRA node...
INFO [2024-08-07 14:33:35] [THERMAL] - Adding FRA_BIO_LABESSIRECAN9667 generator to EU-FRA node...
INFO [2024-08-07 14:33:35] [THERMAL] - Adding FRA_BIO_LABRY9668 generator to EU-FRA node...
INFO [2024-08-07 14:33:35] [THERMAL] - Adding FRA_BIO_LAFARELESOLI9623 generator to EU-FRA node...
INFO [2024-08-07 14:33:36] [THERMAL] - Adding FRA_BIO_LAPOUYADE9699 generator to EU-FRA node...
INFO [2024-08-07 14:33:36] [THERMAL] - Adding FRA_BIO_LASSE9708 generator to EU-FRA node...
INFO [2024-08-07 14:33:36] [THERMAL] - Adding FRA_BIO_LATRONCHE9660 generator to EU-FRA node...
INFO [2024-08-07 14:33:36] [THERMAL] - Adding FRA_BIO_LATTES9712 generator to EU-FRA node...
INFO [2024-08-07 14:33:36] [THERMAL] - Adding FRA_BIO_LAVAUR9722 generator to EU-FRA node...
INFO [2024-08-07 14:33:37] [THERMAL] - Adding FRA_BIO_LAVEUVE9663 generator to EU-FRA node...
INFO [2024-08-07 14:33:37] [THERMAL] - Adding FRA_BIO_LAVRAIECROIX9665 generator to EU-FRA node...
INFO [2024-08-07 14:33:37] [THERMAL] - Adding FRA_BIO_LEMANS9746 generator to EU-FRA node...
INFO [2024-08-07 14:33:37] [THERMAL] - Adding FRA_BIO_LEPLESSISGASS9757 generator to EU-FRA node...
INFO [2024-08-07 14:33:37] [THERMAL] - Adding FRA_BIO_LESCAR9798 generator to EU-FRA node...
INFO [2024-08-07 14:33:37] [THERMAL] - Adding FRA_BIO_LESMNILS9800 generator to EU-FRA node...
INFO [2024-08-07 14:33:38] [THERMAL] - Adding FRA_BIO_LESPENNESMIRA9794 generator to EU-FRA node...
INFO [2024-08-07 14:33:38] [THERMAL] - Adding FRA_BIO_LEVIGEANT9778 generator to EU-FRA node...
INFO [2024-08-07 14:33:38] [THERMAL] - Adding FRA_BIO_LEWARDE9804 generator to EU-FRA node...
INFO [2024-08-07 14:33:38] [THERMAL] - Adding FRA_BIO_LIMOGES9817 generator to EU-FRA node...
INFO [2024-08-07 14:33:39] [THERMAL] - Adding FRA_BIO_LONSLESAUNIER9835 generator to EU-FRA node...
INFO [2024-08-07 14:33:39] [THERMAL] - Adding FRA_BIO_LOUZY9846 generator to EU-FRA node...
INFO [2024-08-07 14:33:39] [THERMAL] - Adding FRA_BIO_MAINVILLIERS9880 generator to EU-FRA node...
INFO [2024-08-07 14:33:39] [THERMAL] - Adding FRA_BIO_MARQUETTELEZL9904 generator to EU-FRA node...
INFO [2024-08-07 14:33:39] [THERMAL] - Adding FRA_BIO_MDAMILL9926 generator to EU-FRA node...
INFO [2024-08-07 14:33:40] [THERMAL] - Adding FRA_BIO_MONTECH9977 generator to EU-FRA node...
INFO [2024-08-07 14:33:40] [THERMAL] - Adding FRA_BIO_MONTEREAUFAULT9979 generator to EU-FRA node...
INFO [2024-08-07 14:33:40] [THERMAL] - Adding FRA_BIO_MONTPELLIER9987 generator to EU-FRA node...
INFO [2024-08-07 14:33:40] [THERMAL] - Adding FRA_BIO_MONTREUILSURB9990 generator to EU-FRA node...
INFO [2024-08-07 14:33:40] [THERMAL] - Adding FRA_BIO_MORCENX9998 generator to EU-FRA node...
INFO [2024-08-07 14:33:41] [THERMAL] - Adding FRA_BIO_MORSBACH10000 generator to EU-FRA node...
INFO [2024-08-07 14:33:41] [THERMAL] - Adding FRA_BIO_NARBONNE10043 generator to EU-FRA node...
INFO [2024-08-07 14:33:41] [THERMAL] - Adding FRA_BIO_NICE10055 generator to EU-FRA node...
INFO [2024-08-07 14:33:41] [THERMAL] - Adding FRA_BIO_NMES10077 generator to EU-FRA node...
INFO [2024-08-07 14:33:42] [THERMAL] - Adding FRA_BIO_NOIDANSLEFERR10062 generator to EU-FRA node...
INFO [2024-08-07 14:33:42] [THERMAL] - Adding FRA_BIO_NOYELLESSOUSL10067 generator to EU-FRA node...
INFO [2024-08-07 14:33:42] [THERMAL] - Adding FRA_BIO_NURLU10071 generator to EU-FRA node...
INFO [2024-08-07 14:33:42] [THERMAL] - Adding FRA_BIO_ORANGE10094 generator to EU-FRA node...
INFO [2024-08-07 14:33:42] [THERMAL] - Adding FRA_BIO_ORLANS10100 generator to EU-FRA node...
INFO [2024-08-07 14:33:43] [THERMAL] - Adding FRA_BIO_PIERRELATTE10146 generator to EU-FRA node...
INFO [2024-08-07 14:33:43] [THERMAL] - Adding FRA_BIO_PITHIVIERS10150 generator to EU-FRA node...
INFO [2024-08-07 14:33:43] [THERMAL] - Adding FRA_BIO_PONTENXLESFOR10202 generator to EU-FRA node...
INFO [2024-08-07 14:33:44] [THERMAL] - Adding FRA_BIO_RAMBERVILLERS10251 generator to EU-FRA node...
INFO [2024-08-07 14:33:44] [THERMAL] - Adding FRA_BIO_RETZWILLER10263 generator to EU-FRA node...
INFO [2024-08-07 14:33:44] [THERMAL] - Adding FRA_BIO_RIBEAUVILL10268 generator to EU-FRA node...
INFO [2024-08-07 14:33:44] [THERMAL] - Adding FRA_BIO_ROUSSAS10306 generator to EU-FRA node...
INFO [2024-08-07 14:33:44] [THERMAL] - Adding FRA_BIO_SAINTAUBIN10357 generator to EU-FRA node...
INFO [2024-08-07 14:33:45] [THERMAL] - Adding FRA_BIO_SAINTBARTHLE10362 generator to EU-FRA node...
INFO [2024-08-07 14:33:45] [THERMAL] - Adding FRA_BIO_SAINTEMARIEKE10537 generator to EU-FRA node...
INFO [2024-08-07 14:33:45] [THERMAL] - Adding FRA_BIO_SAINTESUZANNE10547 generator to EU-FRA node...
INFO [2024-08-07 14:33:45] [THERMAL] - Adding FRA_BIO_SAINTFRAIMBAUL10389 generator to EU-FRA node...
INFO [2024-08-07 14:33:46] [THERMAL] - Adding FRA_BIO_SAINTGAUDENS10393 generator to EU-FRA node...
INFO [2024-08-07 14:33:46] [THERMAL] - Adding FRA_BIO_SAINTGILLESDU10408 generator to EU-FRA node...
INFO [2024-08-07 14:33:46] [THERMAL] - Adding FRA_BIO_SAINTJEANDEF10422 generator to EU-FRA node...
INFO [2024-08-07 14:33:46] [THERMAL] - Adding FRA_BIO_SAINTLAURENTD10433 generator to EU-FRA node...
INFO [2024-08-07 14:33:47] [THERMAL] - Adding FRA_BIO_SAINTMARTINDE10457 generator to EU-FRA node...
INFO [2024-08-07 14:33:47] [THERMAL] - Adding FRA_BIO_SAINTOUEN10475 generator to EU-FRA node...
INFO [2024-08-07 14:33:47] [THERMAL] - Adding FRA_BIO_SAINTPESUR10494 generator to EU-FRA node...
INFO [2024-08-07 14:33:47] [THERMAL] - Adding FRA_BIO_SAINTPIERRE10483 generator to EU-FRA node...
INFO [2024-08-07 14:33:48] [THERMAL] - Adding FRA_BIO_SAINTQUENTINS10500 generator to EU-FRA node...
INFO [2024-08-07 14:33:48] [THERMAL] - Adding FRA_BIO_SAINTSAUVEUR10505 generator to EU-FRA node...
INFO [2024-08-07 14:33:48] [THERMAL] - Adding FRA_BIO_SAINTTHIBAULT10513 generator to EU-FRA node...
INFO [2024-08-07 14:33:49] [THERMAL] - Adding FRA_BIO_SAINTTIENNE10523 generator to EU-FRA node...
INFO [2024-08-07 14:33:49] [THERMAL] - Adding FRA_BIO_SALAISESURSAN10550 generator to EU-FRA node...
INFO [2024-08-07 14:33:49] [THERMAL] - Adding FRA_BIO_SARCELLES10561 generator to EU-FRA node...
INFO [2024-08-07 14:33:50] [THERMAL] - Adding FRA_BIO_SATOLASETBONC10566 generator to EU-FRA node...
INFO [2024-08-07 14:33:50] [THERMAL] - Adding FRA_BIO_SAUSHEIM10573 generator to EU-FRA node...
INFO [2024-08-07 14:33:50] [THERMAL] - Adding FRA_BIO_SCHWEIGHOUSESU10588 generator to EU-FRA node...
INFO [2024-08-07 14:33:51] [THERMAL] - Adding FRA_BIO_SEPTMESLESV10593 generator to EU-FRA node...
INFO [2024-08-07 14:33:51] [THERMAL] - Adding FRA_BIO_SOIGNOLLESENB10612 generator to EU-FRA node...
INFO [2024-08-07 14:33:51] [THERMAL] - Adding FRA_BIO_SONZAY10614 generator to EU-FRA node...
INFO [2024-08-07 14:33:52] [THERMAL] - Adding FRA_BIO_STRASBOURG10631 generator to EU-FRA node...
INFO [2024-08-07 14:33:52] [THERMAL] - Adding FRA_BIO_TALLONE10650 generator to EU-FRA node...
INFO [2024-08-07 14:33:52] [THERMAL] - Adding FRA_BIO_TAMPES10836 generator to EU-FRA node...
INFO [2024-08-07 14:33:52] [THERMAL] - Adding FRA_BIO_TEIGNIRES10837 generator to EU-FRA node...
INFO [2024-08-07 14:33:53] [THERMAL] - Adding FRA_BIO_TETINGSURNIED10663 generator to EU-FRA node...
INFO [2024-08-07 14:33:53] [THERMAL] - Adding FRA_BIO_TRVILLE10838 generator to EU-FRA node...
INFO [2024-08-07 14:33:53] [THERMAL] - Adding FRA_BIO_VARENNESJARCY10731 generator to EU-FRA node...
INFO [2024-08-07 14:33:54] [THERMAL] - Adding FRA_BIO_VAUXLEPNIL10743 generator to EU-FRA node...
INFO [2024-08-07 14:33:54] [THERMAL] - Adding FRA_BIO_VEDNE10745 generator to EU-FRA node...
INFO [2024-08-07 14:33:54] [THERMAL] - Adding FRA_BIO_VERTLEGRAND10758 generator to EU-FRA node...
INFO [2024-08-07 14:33:55] [THERMAL] - Adding FRA_BIO_VILLEFRANCHESU10775 generator to EU-FRA node...
INFO [2024-08-07 14:33:55] [THERMAL] - Adding FRA_BIO_VILLEJUST10776 generator to EU-FRA node...
INFO [2024-08-07 14:33:55] [THERMAL] - Adding FRA_BIO_VILLERSSAINTP10788 generator to EU-FRA node...
INFO [2024-08-07 14:33:56] [THERMAL] - Adding FRA_BIO_VIRIAT10798 generator to EU-FRA node...
INFO [2024-08-07 14:33:56] [THERMAL] - Adding FRA_COA_CAPACITY SCALER generator to EU-FRA node...
INFO [2024-08-07 14:33:56] [THERMAL] - Adding FRA_COA_CORDEMAIS49116 generator to EU-FRA node...
INFO [2024-08-07 14:33:56] [THERMAL] - Adding FRA_COA_EMILEHUCHET9364 generator to EU-FRA node...
INFO [2024-08-07 14:33:57] [THERMAL] - Adding FRA_COA_HAVRE49538 generator to EU-FRA node...
INFO [2024-08-07 14:33:57] [THERMAL] - Adding FRA_COA_LUCY39603 generator to EU-FRA node...
INFO [2024-08-07 14:33:57] [THERMAL] - Adding FRA_COA_PROVENCE510115 generator to EU-FRA node...
INFO [2024-08-07 14:33:58] [THERMAL] - Adding FRA_GAS_BLENOD58946 generator to EU-FRA node...
INFO [2024-08-07 14:33:58] [THERMAL] - Adding FRA_GAS_BOUCHAIN78948 generator to EU-FRA node...
INFO [2024-08-07 14:33:58] [THERMAL] - Adding FRA_GAS_CAPACITY SCALER generator to EU-FRA node...
INFO [2024-08-07 14:33:59] [THERMAL] - Adding FRA_GAS_COMBIGOLFE9114 generator to EU-FRA node...
INFO [2024-08-07 14:33:59] [THERMAL] - Adding FRA_GAS_CROIXDEMETZ9304 generator to EU-FRA node...
INFO [2024-08-07 14:33:59] [THERMAL] - Adding FRA_GAS_DK69328 generator to EU-FRA node...
INFO [2024-08-07 14:34:00] [THERMAL] - Adding FRA_GAS_EMILEHUCHET9363 generator to EU-FRA node...
INFO [2024-08-07 14:34:00] [THERMAL] - Adding FRA_GAS_GENNEVILLIERS19464 generator to EU-FRA node...
INFO [2024-08-07 14:34:00] [THERMAL] - Adding FRA_GAS_MARTIGUESPONTE9866 generator to EU-FRA node...
INFO [2024-08-07 14:34:01] [THERMAL] - Adding FRA_GAS_PONTSURSAMBRE10198 generator to EU-FRA node...
INFO [2024-08-07 14:34:01] [THERMAL] - Adding FRA_GEO_BOUILLANTE9046 generator to EU-FRA node...
INFO [2024-08-07 14:34:01] [THERMAL] - Adding FRA_NUC_BELLEVILLE8944 generator to EU-FRA node...
INFO [2024-08-07 14:34:02] [THERMAL] - Adding FRA_NUC_BLAYAIS8945 generator to EU-FRA node...
INFO [2024-08-07 14:34:02] [THERMAL] - Adding FRA_NUC_BUGEY8952 generator to EU-FRA node...
INFO [2024-08-07 14:34:02] [THERMAL] - Adding FRA_NUC_CATTENOM9106 generator to EU-FRA node...
INFO [2024-08-07 14:34:03] [THERMAL] - Adding FRA_NUC_CHINON9109 generator to EU-FRA node...
INFO [2024-08-07 14:34:03] [THERMAL] - Adding FRA_NUC_CHOOZ9110 generator to EU-FRA node...
INFO [2024-08-07 14:34:03] [THERMAL] - Adding FRA_NUC_CIVAUX9111 generator to EU-FRA node...
INFO [2024-08-07 14:34:04] [THERMAL] - Adding FRA_NUC_CRUAS9118 generator to EU-FRA node...
INFO [2024-08-07 14:34:04] [THERMAL] - Adding FRA_NUC_DAMPIERRE9326 generator to EU-FRA node...
INFO [2024-08-07 14:34:04] [THERMAL] - Adding FRA_NUC_FESSENHEIM9393 generator to EU-FRA node...
INFO [2024-08-07 14:34:05] [THERMAL] - Adding FRA_NUC_FLAMANVILLE9394 generator to EU-FRA node...
INFO [2024-08-07 14:34:05] [THERMAL] - Adding FRA_NUC_GOLFECH9466 generator to EU-FRA node...
INFO [2024-08-07 14:34:05] [THERMAL] - Adding FRA_NUC_GRAVELINES9468 generator to EU-FRA node...
INFO [2024-08-07 14:34:06] [THERMAL] - Adding FRA_NUC_NOGENT10036 generator to EU-FRA node...
INFO [2024-08-07 14:34:06] [THERMAL] - Adding FRA_NUC_PALUEL10108 generator to EU-FRA node...
INFO [2024-08-07 14:34:06] [THERMAL] - Adding FRA_NUC_PENLY10110 generator to EU-FRA node...
INFO [2024-08-07 14:34:07] [THERMAL] - Adding FRA_NUC_STALBAN10328 generator to EU-FRA node...
INFO [2024-08-07 14:34:07] [THERMAL] - Adding FRA_NUC_STLAURENT10330 generator to EU-FRA node...
INFO [2024-08-07 14:34:07] [THERMAL] - Adding FRA_NUC_TRICASTIN110646 generator to EU-FRA node...
INFO [2024-08-07 14:34:08] [THERMAL] - Adding FRA_OIL_ARRIGHI8823 generator to EU-FRA node...
INFO [2024-08-07 14:34:08] [THERMAL] - Adding FRA_OIL_BRENNILIS8950 generator to EU-FRA node...
INFO [2024-08-07 14:34:09] [THERMAL] - Adding FRA_OIL_CAPACITY SCALER generator to EU-FRA node...
INFO [2024-08-07 14:34:09] [THERMAL] - Adding FRA_OIL_CORDEMAIS9115 generator to EU-FRA node...
INFO [2024-08-07 14:34:10] [THERMAL] - Adding FRA_OIL_DIRINON9327 generator to EU-FRA node...
INFO [2024-08-07 14:34:10] [THERMAL] - Adding FRA_OIL_PORCHEVILLE10112 generator to EU-FRA node...
INFO [2024-08-07 14:34:10] [THERMAL] - Adding FRA_WAV_CAPACITY SCALER generator to EU-FRA node...
INFO [2024-08-07 14:34:11] [THERMAL] - Adding FRA_WAV_RANCE10241 generator to EU-FRA node...
INFO [2024-08-07 14:34:11] [MAIN] - Done adding thermal data! (run time : 0.81min).

INFO [2024-08-07 14:34:11] [MAIN] - Fetching storage data...

INFO [2024-08-07 14:34:11] [STORAGE] - Adding FRA_CHE_ADEMEIntelligen373_1 battery to EU-FRA node...
INFO [2024-08-07 14:34:11] [STORAGE] - Adding FRA_CHE_CarrosNICEGRIDP374_1 battery to EU-FRA node...
INFO [2024-08-07 14:34:11] [STORAGE] - Adding FRA_CHE_DieselGenerator375_1 battery to EU-FRA node...
INFO [2024-08-07 14:34:11] [STORAGE] - Adding FRA_CHE_DIYESS5kWhLiFeP376_1 battery to EU-FRA node...
INFO [2024-08-07 14:34:11] [STORAGE] - Adding FRA_CHE_EDFENGabardoneP377_1 battery to EU-FRA node...
INFO [2024-08-07 14:34:11] [STORAGE] - Adding FRA_CHE_EDFRampDLesRena378_1 battery to EU-FRA node...
INFO [2024-08-07 14:34:12] [STORAGE] - Adding FRA_CHE_INESProject379_1 battery to EU-FRA node...
INFO [2024-08-07 14:34:12] [STORAGE] - Adding FRA_CHE_NICEGRIDproject380_1 battery to EU-FRA node...
INFO [2024-08-07 14:34:12] [STORAGE] - Adding FRA_CHE_NICEGRIDproject381_1 battery to EU-FRA node...
INFO [2024-08-07 14:34:12] [STORAGE] - Adding FRA_CHE_ReunionIslandPe382_1 battery to EU-FRA node...
INFO [2024-08-07 14:34:12] [STORAGE] - Adding FRA_HYD_UniveristyofCor383_1 battery to EU-FRA node...
INFO [2024-08-07 14:34:12] [STORAGE] - Adding FRA_PHS_AlrancePumpedSt384_1 battery to EU-FRA node...
INFO [2024-08-07 14:34:12] [STORAGE] - Adding FRA_PHS_ArgentatPumpedS385_1 battery to EU-FRA node...
INFO [2024-08-07 14:34:12] [STORAGE] - Adding FRA_PHS_Grand039MaisonD386_1 battery to EU-FRA node...
INFO [2024-08-07 14:34:13] [STORAGE] - Adding FRA_PHS_Grand039MaisonD386_2 battery to EU-FRA node...
INFO [2024-08-07 14:34:13] [STORAGE] - Adding FRA_PHS_Grand039MaisonD386_3 battery to EU-FRA node...
INFO [2024-08-07 14:34:13] [STORAGE] - Adding FRA_PHS_Grand039MaisonD386_4 battery to EU-FRA node...
INFO [2024-08-07 14:34:13] [STORAGE] - Adding FRA_PHS_Grand039MaisonD386_5 battery to EU-FRA node...
INFO [2024-08-07 14:34:13] [STORAGE] - Adding FRA_PHS_Grand039MaisonD386_6 battery to EU-FRA node...
INFO [2024-08-07 14:34:13] [STORAGE] - Adding FRA_PHS_Grand039MaisonD386_7 battery to EU-FRA node...
INFO [2024-08-07 14:34:13] [STORAGE] - Adding FRA_PHS_Grand039MaisonD386_8 battery to EU-FRA node...
INFO [2024-08-07 14:34:14] [STORAGE] - Adding FRA_PHS_Grand039MaisonD386_9 battery to EU-FRA node...
INFO [2024-08-07 14:34:14] [STORAGE] - Adding FRA_PHS_Grand039MaisonD386_10 battery to EU-FRA node...
INFO [2024-08-07 14:34:14] [STORAGE] - Adding FRA_PHS_LaCochePumpedSt387_1 battery to EU-FRA node...
INFO [2024-08-07 14:34:14] [STORAGE] - Adding FRA_PHS_LaCochePumpedSt387_2 battery to EU-FRA node...
INFO [2024-08-07 14:34:14] [STORAGE] - Adding FRA_PHS_LaRanceTidalPow388_1 battery to EU-FRA node...
INFO [2024-08-07 14:34:15] [STORAGE] - Adding FRA_PHS_LaRanceTidalPow388_2 battery to EU-FRA node...
INFO [2024-08-07 14:34:15] [STORAGE] - Adding FRA_PHS_LeCheylasPumped389_1 battery to EU-FRA node...
INFO [2024-08-07 14:34:15] [STORAGE] - Adding FRA_PHS_LeCheylasPumped389_2 battery to EU-FRA node...
INFO [2024-08-07 14:34:15] [STORAGE] - Adding FRA_PHS_LeCheylasPumped389_3 battery to EU-FRA node...
INFO [2024-08-07 14:34:15] [STORAGE] - Adding FRA_PHS_LePougetPumpedS390_1 battery to EU-FRA node...
INFO [2024-08-07 14:34:16] [STORAGE] - Adding FRA_PHS_LePougetPumpedS390_2 battery to EU-FRA node...
INFO [2024-08-07 14:34:16] [STORAGE] - Adding FRA_PHS_LePougetPumpedS390_3 battery to EU-FRA node...
INFO [2024-08-07 14:34:16] [STORAGE] - Adding FRA_PHS_MontzicPumpedSt391_1 battery to EU-FRA node...
INFO [2024-08-07 14:34:16] [STORAGE] - Adding FRA_PHS_MontzicPumpedSt391_2 battery to EU-FRA node...
INFO [2024-08-07 14:34:17] [STORAGE] - Adding FRA_PHS_MontzicPumpedSt391_3 battery to EU-FRA node...
INFO [2024-08-07 14:34:17] [STORAGE] - Adding FRA_PHS_MontzicPumpedSt391_4 battery to EU-FRA node...
INFO [2024-08-07 14:34:17] [STORAGE] - Adding FRA_PHS_MontzicPumpedSt391_5 battery to EU-FRA node...
INFO [2024-08-07 14:34:17] [STORAGE] - Adding FRA_PHS_RevinPumpedStor392_1 battery to EU-FRA node...
INFO [2024-08-07 14:34:17] [STORAGE] - Adding FRA_PHS_RevinPumpedStor392_2 battery to EU-FRA node...
INFO [2024-08-07 14:34:18] [STORAGE] - Adding FRA_PHS_RevinPumpedStor392_3 battery to EU-FRA node...
INFO [2024-08-07 14:34:18] [STORAGE] - Adding FRA_PHS_RevinPumpedStor392_4 battery to EU-FRA node...
INFO [2024-08-07 14:34:18] [STORAGE] - Adding FRA_PHS_SuperBissortePu393_1 battery to EU-FRA node...
INFO [2024-08-07 14:34:18] [STORAGE] - Adding FRA_PHS_SuperBissortePu393_2 battery to EU-FRA node...
INFO [2024-08-07 14:34:19] [STORAGE] - Adding FRA_PHS_SuperBissortePu393_3 battery to EU-FRA node...
INFO [2024-08-07 14:34:19] [STORAGE] - Adding FRA_PHS_SuperBissortePu393_4 battery to EU-FRA node...
INFO [2024-08-07 14:34:19] [STORAGE] - Adding FRA_THE_AlbaNova1SolarP394_1 battery to EU-FRA node...
INFO [2024-08-07 14:34:19] [MAIN] - Done adding storage data! (run time : 0.14min).

INFO [2024-08-07 14:34:19] [MAIN] - Adding lines between areas...

INFO [2024-08-07 14:34:21] [WARN] - Generation of all lines failed (perhaps there are no connections?), skipping...
INFO [2024-08-07 14:34:21] [MAIN] - Done adding lines! (run time : 2.04s).

INFO [2024-08-07 14:34:21] [MAIN] - Finished setting up Antares study! (run time : 1.13min).
 

INFO [2024-08-07 14:34:21] [MAIN] - Starting simulation__2024_08_07_14_34_21 simulation...
INFO [2024-08-07 14:37:19] [MAIN] - Antares simulation finished! (run time : 2.96min).
 

INFO [2024-08-07 14:37:19] [MAIN] - Opening latest simulation...
