INFO [2024-08-07 14:33:14] [MAIN] - Creating Etude_sur_R_Monde__2024_08_07_14_33_13 study...

INFO [2024-08-07 14:33:14] [MAIN] - Unit commitment mode : FAST
INFO [2024-08-07 14:33:14] [MAIN] - Adding nodes...

INFO [2024-08-07 14:33:16] [MAIN] - Done adding nodes! (run time : 2.34s).

INFO [2024-08-07 14:33:16] [MAIN] - Adding load data...

INFO [2024-08-07 14:33:18] [MAIN] - Done adding load data! (run time : 2.18s).

INFO [2024-08-07 14:33:18] [MAIN] - Fetching wind data...

INFO [2024-08-07 14:33:19] [MAIN] - Done adding wind data! (run time : 0.26s).

INFO [2024-08-07 14:33:19] [MAIN] - Fetching solar data...

INFO [2024-08-07 14:33:19] [MAIN] - Done adding solar data! (run time : 0.19s).

INFO [2024-08-07 14:33:19] [MAIN] - Beginning hydro implementation...
INFO [2024-08-07 14:33:22] [MAIN] - Done adding hydro!
INFO [2024-08-07 14:33:22] [MAIN] - Fetching thermal data...

INFO [2024-08-07 14:34:11] [MAIN] - Done adding thermal data! (run time : 0.81min).

INFO [2024-08-07 14:34:11] [MAIN] - Fetching storage data...

INFO [2024-08-07 14:34:19] [MAIN] - Done adding storage data! (run time : 0.14min).

INFO [2024-08-07 14:34:19] [MAIN] - Adding lines between areas...

INFO [2024-08-07 14:34:21] [MAIN] - Done adding lines! (run time : 2.04s).

INFO [2024-08-07 14:34:21] [MAIN] - Finished setting up Antares study! (run time : 1.13min).
 

INFO [2024-08-07 14:34:21] [MAIN] - Starting simulation__2024_08_07_14_34_21 simulation...
INFO [2024-08-07 14:37:19] [MAIN] - Antares simulation finished! (run time : 2.96min).
 

INFO [2024-08-07 14:37:19] [MAIN] - Opening latest simulation...
