INFO [2024-09-05 13:08:39] [MAIN] - Reading simulations of pre-existing v2_20clu__2024_09_04_22_33_36 study...
INFO [2024-09-05 13:08:41] [MAIN] - Opening 20240905-0707eco-world_vOutages_accurateUCM simulation...
INFO [2024-09-05 13:08:41] [MAIN] - Preparing to compare generation values with Deane...
INFO [2024-09-05 13:08:52] [MAIN] - Done comparing generation values with Deane! (run time : 11.05 s).

INFO [2024-09-05 13:08:52] [MAIN] - Preparing to compare emissions values with Deane...
INFO [2024-09-05 13:10:04] [MAIN] - Done comparing emissions values with Deane! (run time : 71.94 s).

INFO [2024-09-05 13:10:04] [MAIN] - Preparing to save import/export ranking of countries...
INFO [2024-09-05 13:10:11] [MAIN] - Import/export ranking of countries has been saved ! (run time : 6.86 s).

INFO [2024-09-05 13:10:11] [MAIN] - Preparing to save global production stack...
INFO [2024-09-05 13:10:22] [MAIN] - Done saving global production stack! (run time : 11.17s).

INFO [2024-09-05 13:10:22] [MAIN] - Preparing to save continental production stacks...
INFO [2024-09-05 13:11:23] [MAIN] - Done saving continental production stacks! (run time : 61.15s).

INFO [2024-09-05 13:11:23] [MAIN] - Preparing to save national production stacks...
INFO [2024-09-05 13:38:34] [MAIN] - Done saving national production stacks! (run time : 27.18min).

INFO [2024-09-05 13:38:34] [MAIN] - Preparing to save regional production stacks...
INFO [2024-09-05 13:54:18] [MAIN] - Done saving regional production stacks! (run time : 15.74min).

INFO [2024-09-05 13:54:18] [MAIN] - Preparing to save global production stack...
INFO [2024-09-05 13:54:23] [MAIN] - Done saving global production stack! (run time : 4.75s).

INFO [2024-09-05 13:54:23] [MAIN] - Preparing to save continental production stacks...
INFO [2024-09-05 13:54:55] [MAIN] - Done saving continental production stacks! (run time : 31.45s).

INFO [2024-09-05 13:54:55] [MAIN] - Preparing to save national production stacks...
INFO [2024-09-05 14:13:13] [MAIN] - Done saving national production stacks! (run time : 18.3min).

INFO [2024-09-05 14:13:13] [MAIN] - Preparing to save regional production stacks...
INFO [2024-09-05 14:23:05] [MAIN] - Done saving regional production stacks! (run time : 9.87min).

INFO [2024-09-05 14:23:05] [MAIN] - Preparing to save global production stack...
INFO [2024-09-05 14:23:10] [MAIN] - Done saving global production stack! (run time : 5.11s).

INFO [2024-09-05 14:23:10] [MAIN] - Preparing to save continental production stacks...
INFO [2024-09-05 14:23:42] [MAIN] - Done saving continental production stacks! (run time : 31.36s).

INFO [2024-09-05 14:23:42] [MAIN] - Preparing to save national production stacks...
INFO [2024-09-05 14:39:53] [MAIN] - Done saving national production stacks! (run time : 16.2min).

INFO [2024-09-05 14:39:53] [MAIN] - Preparing to save regional production stacks...
INFO [2024-09-05 14:50:24] [MAIN] - Done saving regional production stacks! (run time : 10.52min).

INFO [2024-09-05 14:50:25] [MAIN] - Preparing to save global load monotones...
INFO [2024-09-05 14:55:10] [MAIN] - Done saving global load monotones! (run time : 4.76 min).

INFO [2024-09-05 14:55:10] [MAIN] - Preparing to save continental load monotones...
INFO [2024-09-05 15:25:59] [MAIN] - Done saving continental load monotones! (run time : 30.81 min).

INFO [2024-09-05 15:25:59] [MAIN] - Preparing to save national load monotones...
