INFO [2024-10-30 23:32:25] [MAIN] - Initializing output folder...
INFO [2024-10-30 23:32:30] [MAIN] - Creating If S1 Economy v2 (World w CSP) study...
INFO [2024-10-30 23:32:30] [MAIN] - Simulating If scenario~: S1 .

INFO [2024-10-30 23:32:30] [MAIN] - Simulation mode : Economy
INFO [2024-10-30 23:32:30] [MAIN] - Unit commitment mode : accurate
INFO [2024-10-30 23:32:30] [MAIN] - Number of MC years : 10
INFO [2024-10-30 23:32:30] [MAIN] - Generation of CSP : TRUE
INFO [2024-10-30 23:32:30] [MAIN] - Adding world node...

INFO [2024-10-30 23:32:30] [MAIN] - Done adding world node! (run time : 0.14s).

INFO [2024-10-30 23:32:30] [MAIN] - Fetching thermal data...
INFO [2024-10-30 23:32:30] [THERMAL] - Adding Bioenergy generator to World node...
INFO [2024-10-30 23:32:30] [THERMAL] - Adding Coal generator to World node...
INFO [2024-10-30 23:32:30] [THERMAL] - Adding Gas generator to World node...
INFO [2024-10-30 23:32:30] [THERMAL] - Adding Geothermal generator to World node...
INFO [2024-10-30 23:32:30] [THERMAL] - Adding Nuclear generator to World node...
INFO [2024-10-30 23:32:30] [THERMAL] - Adding Geothermal generator to World node...
INFO [2024-10-30 23:32:30] [MAIN] - Done adding thermal data! (run time : 0.01min).

INFO [2024-10-30 23:32:31] [MAIN] - Fetching wind data...

INFO [2024-10-30 23:33:02] [WIND] - Adding World wind data to Wind Onshore cluster...
INFO [2024-10-30 23:33:02] [MAIN] - Done adding wind data! (run time : 31.64s).

INFO [2024-10-30 23:33:02] [MAIN] - Fetching PV data...

INFO [2024-10-30 23:33:33] [PV] - Adding World PV data to Solar PV cluster...
INFO [2024-10-30 23:33:33] [MAIN] - Done adding PV data! (run time : 30.99s).

INFO [2024-10-30 23:33:33] [MAIN] - Fetching CSP data...

INFO [2024-10-30 23:33:35] [CSP] - Adding World CSP data to Solar Thermal cluster...
INFO [2024-10-30 23:33:35] [MAIN] - Done adding CSP data! (run time : 1.44s).

INFO [2024-10-30 23:33:37] [HYDRO] - Initializing World hydro parameters...
INFO [2024-10-30 23:33:38] [HYDRO] - Adding World max power timeseries...
INFO [2024-10-30 23:33:39] [HYDRO] - Adding World hydro profiles...
INFO [2024-10-30 23:33:39] [MAIN] - Finished setting up Antares study! (run time : 1.15min).
 

