ERROR [2024-10-23 11:31:46] [WARN] - Could not add load data to sa-bra-j1 node, skipping...
ERROR [2024-10-23 11:31:46] [WARN] - Could not add load data to sa-bra-j2 node, skipping...
ERROR [2024-10-23 11:31:46] [WARN] - Could not add load data to sa-bra-j3 node, skipping...
ERROR [2024-10-23 11:32:17] [WARN] - Skipped adding wind data for af-ago (no generators found in PLEXOS).
ERROR [2024-10-23 11:32:17] [WARN] - Skipped adding wind data for af-bdi (no generators found in PLEXOS).
ERROR [2024-10-23 11:32:17] [WARN] - Skipped adding wind data for af-ben (no generators found in PLEXOS).
ERROR [2024-10-23 11:32:17] [WARN] - Skipped adding wind data for af-bfa (no generators found in PLEXOS).
ERROR [2024-10-23 11:32:18] [WARN] - Skipped adding wind data for af-bwa (no generators found in PLEXOS).
ERROR [2024-10-23 11:32:18] [WARN] - Skipped adding wind data for af-caf (no generators found in PLEXOS).
ERROR [2024-10-23 11:32:18] [WARN] - Skipped adding wind data for af-civ (no generators found in PLEXOS).
ERROR [2024-10-23 11:32:18] [WARN] - Skipped adding wind data for af-cmr (no generators found in PLEXOS).
ERROR [2024-10-23 11:32:18] [WARN] - Skipped adding wind data for af-cod (no generators found in PLEXOS).
ERROR [2024-10-23 11:32:18] [WARN] - Skipped adding wind data for af-cog (no generators found in PLEXOS).
ERROR [2024-10-23 11:32:20] [WARN] - Skipped adding wind data for af-dji (no generators found in PLEXOS).
ERROR [2024-10-23 11:32:20] [WARN] - Skipped adding wind data for af-dza (no generators found in PLEXOS).
ERROR [2024-10-23 11:32:23] [WARN] - Skipped adding wind data for af-eri (no generators found in PLEXOS).
ERROR [2024-10-23 11:32:23] [WARN] - Skipped adding wind data for af-esh (no generators found in PLEXOS).
ERROR [2024-10-23 11:32:25] [WARN] - Skipped adding wind data for af-gab (no generators found in PLEXOS).
ERROR [2024-10-23 11:32:25] [WARN] - Skipped adding wind data for af-gha (no generators found in PLEXOS).
ERROR [2024-10-23 11:32:25] [WARN] - Skipped adding wind data for af-gin (no generators found in PLEXOS).
ERROR [2024-10-23 11:32:25] [WARN] - Skipped adding wind data for af-gmb (no generators found in PLEXOS).
ERROR [2024-10-23 11:32:25] [WARN] - Skipped adding wind data for af-gnb (no generators found in PLEXOS).
ERROR [2024-10-23 11:32:25] [WARN] - Skipped adding wind data for af-gnq (no generators found in PLEXOS).
ERROR [2024-10-23 11:32:27] [WARN] - Skipped adding wind data for af-lbr (no generators found in PLEXOS).
ERROR [2024-10-23 11:32:27] [WARN] - Skipped adding wind data for af-lby (no generators found in PLEXOS).
ERROR [2024-10-23 11:32:27] [WARN] - Skipped adding wind data for af-lso (no generators found in PLEXOS).
ERROR [2024-10-23 11:32:30] [WARN] - Skipped adding wind data for af-mdg (no generators found in PLEXOS).
ERROR [2024-10-23 11:32:30] [WARN] - Skipped adding wind data for af-mli (no generators found in PLEXOS).
ERROR [2024-10-23 11:32:30] [WARN] - Skipped adding wind data for af-moz (no generators found in PLEXOS).
ERROR [2024-10-23 11:32:33] [WARN] - Skipped adding wind data for af-mus (no generators found in PLEXOS).
ERROR [2024-10-23 11:32:33] [WARN] - Skipped adding wind data for af-mwi (no generators found in PLEXOS).
ERROR [2024-10-23 11:32:33] [WARN] - Skipped adding wind data for af-nam (no generators found in PLEXOS).
ERROR [2024-10-23 11:32:33] [WARN] - Skipped adding wind data for af-ner (no generators found in PLEXOS).
ERROR [2024-10-23 11:32:33] [WARN] - Skipped adding wind data for af-nga (no generators found in PLEXOS).
ERROR [2024-10-23 11:32:33] [WARN] - Skipped adding wind data for af-rwa (no generators found in PLEXOS).
ERROR [2024-10-23 11:32:33] [WARN] - Skipped adding wind data for af-sdn (no generators found in PLEXOS).
ERROR [2024-10-23 11:32:33] [WARN] - Skipped adding wind data for af-sen (no generators found in PLEXOS).
ERROR [2024-10-23 11:32:33] [WARN] - Skipped adding wind data for af-sle (no generators found in PLEXOS).
ERROR [2024-10-23 11:32:33] [WARN] - Skipped adding wind data for af-swz (no generators found in PLEXOS).
ERROR [2024-10-23 11:32:33] [WARN] - Skipped adding wind data for af-tgo (no generators found in PLEXOS).
ERROR [2024-10-23 11:32:35] [WARN] - Skipped adding wind data for af-tza (no generators found in PLEXOS).
ERROR [2024-10-23 11:32:35] [WARN] - Skipped adding wind data for af-uga (no generators found in PLEXOS).
ERROR [2024-10-23 11:32:37] [WARN] - Skipped adding wind data for af-zmb (no generators found in PLEXOS).
ERROR [2024-10-23 11:32:37] [WARN] - Skipped adding wind data for af-zwe (no generators found in PLEXOS).
ERROR [2024-10-23 11:32:37] [WARN] - Skipped adding wind data for as-afg (no generators found in PLEXOS).
ERROR [2024-10-23 11:32:38] [WARN] - Skipped adding wind data for as-are (no generators found in PLEXOS).
ERROR [2024-10-23 11:32:38] [WARN] - Skipped adding wind data for as-bgd (no generators found in PLEXOS).
ERROR [2024-10-23 11:32:38] [WARN] - Skipped adding wind data for as-bhr (no generators found in PLEXOS).
ERROR [2024-10-23 11:32:38] [WARN] - Skipped adding wind data for as-brn (no generators found in PLEXOS).
ERROR [2024-10-23 11:32:38] [WARN] - Skipped adding wind data for as-btn (no generators found in PLEXOS).
ERROR [2024-10-23 11:32:40] [WARN] - Skipped adding wind data for as-chn-be (no generators found in PLEXOS).
ERROR [2024-10-23 11:32:40] [WARN] - Skipped adding wind data for as-chn-ch (no generators found in PLEXOS).
ERROR [2024-10-23 11:33:08] [WARN] - Skipped adding wind data for as-chn-hk (no generators found in PLEXOS).
ERROR [2024-10-23 11:33:23] [WARN] - Skipped adding wind data for as-chn-ma (no generators found in PLEXOS).
ERROR [2024-10-23 11:33:42] [WARN] - Skipped adding wind data for as-chn-ti (no generators found in PLEXOS).
ERROR [2024-10-23 11:33:57] [WARN] - Skipped adding wind data for as-idn (no generators found in PLEXOS).
ERROR [2024-10-23 11:33:57] [WARN] - Skipped adding wind data for as-ind-ea (no generators found in PLEXOS).
ERROR [2024-10-23 11:33:58] [WARN] - Skipped adding wind data for as-ind-ne (no generators found in PLEXOS).
ERROR [2024-10-23 11:34:12] [WARN] - Skipped adding wind data for as-irq (no generators found in PLEXOS).
ERROR [2024-10-23 11:34:12] [WARN] - Skipped adding wind data for as-isr (no generators found in PLEXOS).
ERROR [2024-10-23 11:34:19] [WARN] - Skipped adding wind data for as-jpn-ho (no generators found in PLEXOS).
ERROR [2024-10-23 11:34:19] [WARN] - Skipped adding wind data for as-jpn-ky (no generators found in PLEXOS).
ERROR [2024-10-23 11:34:19] [WARN] - Skipped adding wind data for as-jpn-ok (no generators found in PLEXOS).
ERROR [2024-10-23 11:34:27] [WARN] - Skipped adding wind data for as-kgz (no generators found in PLEXOS).
ERROR [2024-10-23 11:34:27] [WARN] - Skipped adding wind data for as-khm (no generators found in PLEXOS).
ERROR [2024-10-23 11:34:30] [WARN] - Skipped adding wind data for as-kwt (no generators found in PLEXOS).
ERROR [2024-10-23 11:34:30] [WARN] - Skipped adding wind data for as-lao (no generators found in PLEXOS).
ERROR [2024-10-23 11:34:31] [WARN] - Skipped adding wind data for as-lbn (no generators found in PLEXOS).
ERROR [2024-10-23 11:34:34] [WARN] - Skipped adding wind data for as-mmr (no generators found in PLEXOS).
ERROR [2024-10-23 11:34:37] [WARN] - Skipped adding wind data for as-mys (no generators found in PLEXOS).
ERROR [2024-10-23 11:34:37] [WARN] - Skipped adding wind data for as-npl (no generators found in PLEXOS).
ERROR [2024-10-23 11:34:37] [WARN] - Skipped adding wind data for as-omn (no generators found in PLEXOS).
ERROR [2024-10-23 11:34:42] [WARN] - Skipped adding wind data for as-prk (no generators found in PLEXOS).
ERROR [2024-10-23 11:34:42] [WARN] - Skipped adding wind data for as-qat (no generators found in PLEXOS).
ERROR [2024-10-23 11:34:45] [WARN] - Skipped adding wind data for as-rus-fe (no generators found in PLEXOS).
ERROR [2024-10-23 11:34:48] [WARN] - Skipped adding wind data for as-rus-nw (no generators found in PLEXOS).
ERROR [2024-10-23 11:34:48] [WARN] - Skipped adding wind data for as-rus-si (no generators found in PLEXOS).
ERROR [2024-10-23 11:34:48] [WARN] - Skipped adding wind data for as-rus-so (no generators found in PLEXOS).
ERROR [2024-10-23 11:34:50] [WARN] - Skipped adding wind data for as-sau (no generators found in PLEXOS).
ERROR [2024-10-23 11:34:50] [WARN] - Skipped adding wind data for as-sgp (no generators found in PLEXOS).
ERROR [2024-10-23 11:34:50] [WARN] - Skipped adding wind data for as-syr (no generators found in PLEXOS).
ERROR [2024-10-23 11:34:52] [WARN] - Skipped adding wind data for as-tjk (no generators found in PLEXOS).
ERROR [2024-10-23 11:34:52] [WARN] - Skipped adding wind data for as-tkm (no generators found in PLEXOS).
ERROR [2024-10-23 11:34:58] [WARN] - Skipped adding wind data for as-uzb (no generators found in PLEXOS).
ERROR [2024-10-23 11:35:01] [WARN] - Skipped adding wind data for as-yem (no generators found in PLEXOS).
ERROR [2024-10-23 11:35:01] [WARN] - Skipped adding wind data for eu-alb (no generators found in PLEXOS).
ERROR [2024-10-23 11:35:01] [WARN] - Skipped adding wind data for eu-arm (no generators found in PLEXOS).
ERROR [2024-10-23 11:35:04] [WARN] - Skipped adding wind data for eu-aze (no generators found in PLEXOS).
ERROR [2024-10-23 11:35:10] [WARN] - Skipped adding wind data for eu-bih (no generators found in PLEXOS).
ERROR [2024-10-23 11:35:10] [WARN] - Skipped adding wind data for eu-blr (no generators found in PLEXOS).
ERROR [2024-10-23 11:35:38] [WARN] - Skipped adding wind data for eu-geo (no generators found in PLEXOS).
ERROR [2024-10-23 11:35:50] [WARN] - Skipped adding wind data for eu-isl (no generators found in PLEXOS).
ERROR [2024-10-23 11:35:53] [WARN] - Skipped adding wind data for eu-kos (no generators found in PLEXOS).
ERROR [2024-10-23 11:36:02] [WARN] - Skipped adding wind data for eu-mda (no generators found in PLEXOS).
ERROR [2024-10-23 11:36:02] [WARN] - Skipped adding wind data for eu-mkd (no generators found in PLEXOS).
ERROR [2024-10-23 11:36:02] [WARN] - Skipped adding wind data for eu-mne (no generators found in PLEXOS).
ERROR [2024-10-23 11:36:17] [WARN] - Skipped adding wind data for eu-srb (no generators found in PLEXOS).
ERROR [2024-10-23 11:36:17] [WARN] - Skipped adding wind data for eu-svk (no generators found in PLEXOS).
ERROR [2024-10-23 11:36:17] [WARN] - Skipped adding wind data for eu-svn (no generators found in PLEXOS).
ERROR [2024-10-23 11:36:29] [WARN] - Skipped adding wind data for oc-aus-nt (no generators found in PLEXOS).
ERROR [2024-10-23 11:36:52] [WARN] - Skipped adding wind data for oc-png (no generators found in PLEXOS).
ERROR [2024-10-23 11:37:39] [WARN] - Skipped adding wind data for na-slv (no generators found in PLEXOS).
ERROR [2024-10-23 11:37:39] [WARN] - Skipped adding wind data for na-tto (no generators found in PLEXOS).
ERROR [2024-10-23 11:37:47] [WARN] - Skipped adding wind data for na-usa-fr (no generators found in PLEXOS).
ERROR [2024-10-23 11:37:47] [WARN] - Skipped adding wind data for na-usa-gu (no generators found in PLEXOS).
ERROR [2024-10-23 11:38:11] [WARN] - Skipped adding wind data for na-usa-sa (no generators found in PLEXOS).
ERROR [2024-10-23 11:38:14] [WARN] - Skipped adding wind data for na-usa-se (no generators found in PLEXOS).
ERROR [2024-10-23 11:38:19] [WARN] - Skipped adding wind data for na-usa-sv (no generators found in PLEXOS).
ERROR [2024-10-23 11:38:24] [WARN] - Skipped adding wind data for sa-bol (no generators found in PLEXOS).
ERROR [2024-10-23 11:38:24] [WARN] - Skipped adding wind data for sa-bra-cn (no generators found in PLEXOS).
ERROR [2024-10-23 11:38:24] [WARN] - Skipped adding wind data for sa-bra-cw (no generators found in PLEXOS).
ERROR [2024-10-23 11:38:24] [WARN] - Skipped adding wind data for sa-bra-j1 (no generators found in PLEXOS).
ERROR [2024-10-23 11:38:24] [WARN] - Skipped adding wind data for sa-bra-j2 (no generators found in PLEXOS).
ERROR [2024-10-23 11:38:24] [WARN] - Skipped adding wind data for sa-bra-j3 (no generators found in PLEXOS).
ERROR [2024-10-23 11:38:26] [WARN] - Skipped adding wind data for sa-bra-nw (no generators found in PLEXOS).
ERROR [2024-10-23 11:38:30] [WARN] - Skipped adding wind data for sa-bra-we (no generators found in PLEXOS).
ERROR [2024-10-23 11:38:37] [WARN] - Skipped adding wind data for sa-guf (no generators found in PLEXOS).
ERROR [2024-10-23 11:38:42] [WARN] - Skipped adding wind data for sa-pry (no generators found in PLEXOS).
ERROR [2024-10-23 11:38:46] [WARN] - The following generators have Ninja timeseries, but no PLEXOS properties: afg_win_capacity scaler, ago_win_capacity scaler, alb_win_capacity scaler, are_win_capacity scaler, arm_win_capacity scaler, chn-be_win_capacity scaler, chn-ch_win_capacity scaler, chn-hk_win_capacity scaler, chn-ma_win_capacity scaler, chn-ti_win_capacity scaler, ind-ea_win_capacity scaler, ind-ne_win_capacity scaler, jpn-ho_win_capacity scaler, jpn-ky_win_capacity scaler, jpn-ok_win_capacity scaler, rus-ce_win_capacity scaler, rus-fe_win_capacity scaler, rus-mv_win_capacity scaler, rus-nw_win_capacity scaler, rus-si_win_capacity scaler, rus-so_win_capacity scaler, rus-ur_win_capacity scaler, ata_win_capacity scaler, aze_win_capacity scaler, bdi_win_capacity scaler, ben_win_capacity scaler, bfa_win_capacity scaler, bgd_win_capacity scaler, bhr_win_capacity scaler, bih_win_capacity scaler, blr_win_capacity scaler, bol_win_capacity scaler, brn_win_capacity scaler, btn_win_capacity scaler, bwa_win_capacity scaler, caf_win_capacity scaler, civ_win_capacity scaler, cmr_win_capacity scaler, cod_win_capacity scaler, cog_win_capacity scaler, cub_win_capacity scaler, dji_win_capacity scaler, dza_win_capacity scaler, eri_win_capacity scaler, esh_win_capacity scaler, fji_win_capacity scaler, gab_win_capacity scaler, gbr_win_capacity scaler, geo_win_capacity scaler, gha_win_capacity scaler, gin_win_capacity scaler, gmb_win_capacity scaler, gnb_win_capacity scaler, gnq_win_capacity scaler, gtm_win_capacity scaler, guf_win_capacity scaler, idn_win_capacity scaler, irq_win_capacity scaler, isl_win_capacity scaler, isr_win_capacity scaler, jam_win_capacity scaler, ken_win_capacity scaler, kgz_win_capacity scaler, khm_win_capacity scaler, kos_win_capacity scaler, kwt_win_capacity scaler, lao_win_capacity scaler, lbn_win_capacity scaler, lbr_win_capacity scaler, lby_win_capacity scaler, lka_win_capacity scaler, lso_win_capacity scaler, mda_win_capacity scaler, mdg_win_capacity scaler, mkd_win_capacity scaler, mli_win_capacity scaler, mmr_win_capacity scaler, mne_win_capacity scaler, mng_win_capacity scaler, moz_win_capacity scaler, mrt_win_capacity scaler, mus_win_capacity scaler, mwi_win_capacity scaler, mys_win_capacity scaler, can-ab_win_capacity scaler, can-ar_win_capacity scaler, can-bc_win_capacity scaler, can-mb_win_capacity scaler, can-nl_win_capacity scaler, can-no_win_capacity scaler, can-on_win_capacity scaler, can-qc_win_capacity scaler, can-sk_win_capacity scaler, nam_win_capacity scaler, usa-ak_win_capacity scaler, usa-fr_win_capacity scaler, usa-gu_win_capacity scaler, usa-ha_win_capacity scaler, usa-me_win_capacity scaler, usa-pr_win_capacity scaler, usa-sa_win_capacity scaler, usa-sc_win_capacity scaler, usa-se_win_capacity scaler, usa-sv_win_capacity scaler, ner_win_capacity scaler, nga_win_capacity scaler, npl_win_capacity scaler, aus-nt_win_capacity scaler, aus-ql_win_capacity scaler, aus-sa_win_capacity scaler, aus-sw_win_capacity scaler, aus-ta_win_capacity scaler, aus-vi_win_capacity scaler, aus-wa_win_capacity scaler, omn_win_capacity scaler, pak_win_capacity scaler, png_win_capacity scaler, prk_win_capacity scaler, prt_win_capacity scaler, pry_win_capacity scaler, qat_win_capacity scaler, rwa_win_capacity scaler, bra-cn_win_capacity scaler, bra-cw_win_capacity scaler, bra-nw_win_capacity scaler, bra-se_win_capacity scaler, bra-we_win_capacity scaler, sau_win_capacity scaler, sdn_win_capacity scaler, sen_win_capacity scaler, sgp_win_capacity scaler, sle_win_capacity scaler, slv_win_capacity scaler, srb_win_capacity scaler, svk_win_capacity scaler, svn_win_capacity scaler, swz_win_capacity scaler, syr_win_capacity scaler, tgo_win_capacity scaler, tha_win_capacity scaler, tjk_win_capacity scaler, tkm_win_capacity scaler, tto_win_capacity scaler, tza_win_capacity scaler, uga_win_capacity scaler, ury_win_capacity scaler, uzb_win_capacity scaler, yem_win_capacity scaler, zaf_win_capacity scaler, zmb_win_capacity scaler, zwe_win_capacity scaler
ERROR [2024-10-23 11:38:47] [WARN] - Nominal capacities are unknown, so they cannot be imported into the simulation.
ERROR [2024-10-23 11:39:47] [WARN] - Skipped adding solar data for af-bdi (no generators found in PLEXOS).
ERROR [2024-10-23 11:39:47] [WARN] - Skipped adding solar data for af-ben (no generators found in PLEXOS).
ERROR [2024-10-23 11:39:47] [WARN] - Skipped adding solar data for af-bfa (no generators found in PLEXOS).
ERROR [2024-10-23 11:39:47] [WARN] - Skipped adding solar data for af-bwa (no generators found in PLEXOS).
ERROR [2024-10-23 11:39:47] [WARN] - Skipped adding solar data for af-caf (no generators found in PLEXOS).
ERROR [2024-10-23 11:39:47] [WARN] - Skipped adding solar data for af-civ (no generators found in PLEXOS).
ERROR [2024-10-23 11:39:47] [WARN] - Skipped adding solar data for af-cmr (no generators found in PLEXOS).
ERROR [2024-10-23 11:39:47] [WARN] - Skipped adding solar data for af-cod (no generators found in PLEXOS).
ERROR [2024-10-23 11:39:47] [WARN] - Skipped adding solar data for af-cog (no generators found in PLEXOS).
ERROR [2024-10-23 11:39:49] [WARN] - Skipped adding solar data for af-dji (no generators found in PLEXOS).
ERROR [2024-10-23 11:39:53] [WARN] - Skipped adding solar data for af-eri (no generators found in PLEXOS).
ERROR [2024-10-23 11:39:53] [WARN] - Skipped adding solar data for af-esh (no generators found in PLEXOS).
ERROR [2024-10-23 11:39:55] [WARN] - Skipped adding solar data for af-gab (no generators found in PLEXOS).
ERROR [2024-10-23 11:39:55] [WARN] - Skipped adding solar data for af-gha (no generators found in PLEXOS).
ERROR [2024-10-23 11:39:55] [WARN] - Skipped adding solar data for af-gin (no generators found in PLEXOS).
ERROR [2024-10-23 11:39:55] [WARN] - Skipped adding solar data for af-gmb (no generators found in PLEXOS).
ERROR [2024-10-23 11:39:55] [WARN] - Skipped adding solar data for af-gnb (no generators found in PLEXOS).
ERROR [2024-10-23 11:39:55] [WARN] - Skipped adding solar data for af-gnq (no generators found in PLEXOS).
ERROR [2024-10-23 11:39:57] [WARN] - Skipped adding solar data for af-lbr (no generators found in PLEXOS).
ERROR [2024-10-23 11:39:57] [WARN] - Skipped adding solar data for af-lby (no generators found in PLEXOS).
ERROR [2024-10-23 11:39:57] [WARN] - Skipped adding solar data for af-lso (no generators found in PLEXOS).
ERROR [2024-10-23 11:39:57] [WARN] - Skipped adding solar data for af-mar (no generators found in PLEXOS).
ERROR [2024-10-23 11:39:57] [WARN] - Skipped adding solar data for af-mdg (no generators found in PLEXOS).
ERROR [2024-10-23 11:39:57] [WARN] - Skipped adding solar data for af-mli (no generators found in PLEXOS).
ERROR [2024-10-23 11:39:57] [WARN] - Skipped adding solar data for af-moz (no generators found in PLEXOS).
ERROR [2024-10-23 11:40:01] [WARN] - Skipped adding solar data for af-mwi (no generators found in PLEXOS).
ERROR [2024-10-23 11:40:03] [WARN] - Skipped adding solar data for af-ner (no generators found in PLEXOS).
ERROR [2024-10-23 11:40:07] [WARN] - Skipped adding solar data for af-sdn (no generators found in PLEXOS).
ERROR [2024-10-23 11:40:09] [WARN] - Skipped adding solar data for af-sle (no generators found in PLEXOS).
ERROR [2024-10-23 11:40:09] [WARN] - Skipped adding solar data for af-swz (no generators found in PLEXOS).
ERROR [2024-10-23 11:40:09] [WARN] - Skipped adding solar data for af-tgo (no generators found in PLEXOS).
ERROR [2024-10-23 11:40:12] [WARN] - Skipped adding solar data for af-tza (no generators found in PLEXOS).
ERROR [2024-10-23 11:40:16] [WARN] - Skipped adding solar data for af-zmb (no generators found in PLEXOS).
ERROR [2024-10-23 11:40:16] [WARN] - Skipped adding solar data for af-zwe (no generators found in PLEXOS).
ERROR [2024-10-23 11:40:16] [WARN] - Skipped adding solar data for as-afg (no generators found in PLEXOS).
ERROR [2024-10-23 11:40:20] [WARN] - Skipped adding solar data for as-bhr (no generators found in PLEXOS).
ERROR [2024-10-23 11:40:20] [WARN] - Skipped adding solar data for as-brn (no generators found in PLEXOS).
ERROR [2024-10-23 11:40:20] [WARN] - Skipped adding solar data for as-btn (no generators found in PLEXOS).
ERROR [2024-10-23 11:40:24] [WARN] - Skipped adding solar data for as-chn-ch (no generators found in PLEXOS).
ERROR [2024-10-23 11:40:24] [WARN] - Skipped adding solar data for as-chn-em (no generators found in PLEXOS).
ERROR [2024-10-23 11:40:24] [WARN] - Skipped adding solar data for as-chn-fu (no generators found in PLEXOS).
ERROR [2024-10-23 11:40:26] [WARN] - Skipped adding solar data for as-chn-gd (no generators found in PLEXOS).
ERROR [2024-10-23 11:40:26] [WARN] - Skipped adding solar data for as-chn-gu (no generators found in PLEXOS).
ERROR [2024-10-23 11:40:26] [WARN] - Skipped adding solar data for as-chn-gx (no generators found in PLEXOS).
ERROR [2024-10-23 11:40:30] [WARN] - Skipped adding solar data for as-chn-he (no generators found in PLEXOS).
ERROR [2024-10-23 11:40:32] [WARN] - Skipped adding solar data for as-chn-hk (no generators found in PLEXOS).
ERROR [2024-10-23 11:40:32] [WARN] - Skipped adding solar data for as-chn-hn (no generators found in PLEXOS).
ERROR [2024-10-23 11:40:35] [WARN] - Skipped adding solar data for as-chn-ji (no generators found in PLEXOS).
ERROR [2024-10-23 11:40:37] [WARN] - Skipped adding solar data for as-chn-jx (no generators found in PLEXOS).
ERROR [2024-10-23 11:40:37] [WARN] - Skipped adding solar data for as-chn-li (no generators found in PLEXOS).
ERROR [2024-10-23 11:40:37] [WARN] - Skipped adding solar data for as-chn-ma (no generators found in PLEXOS).
ERROR [2024-10-23 11:40:42] [WARN] - Skipped adding solar data for as-chn-sc (no generators found in PLEXOS).
ERROR [2024-10-23 11:40:48] [WARN] - Skipped adding solar data for as-chn-sx (no generators found in PLEXOS).
ERROR [2024-10-23 11:40:48] [WARN] - Skipped adding solar data for as-chn-ti (no generators found in PLEXOS).
ERROR [2024-10-23 11:40:48] [WARN] - Skipped adding solar data for as-chn-tj (no generators found in PLEXOS).
ERROR [2024-10-23 11:40:55] [WARN] - Skipped adding solar data for as-chn-zh (no generators found in PLEXOS).
ERROR [2024-10-23 11:40:55] [WARN] - Skipped adding solar data for as-idn (no generators found in PLEXOS).
ERROR [2024-10-23 11:40:58] [WARN] - Skipped adding solar data for as-ind-ne (no generators found in PLEXOS).
ERROR [2024-10-23 11:41:31] [WARN] - Skipped adding solar data for as-kgz (no generators found in PLEXOS).
ERROR [2024-10-23 11:41:35] [WARN] - Skipped adding solar data for as-kwt (no generators found in PLEXOS).
ERROR [2024-10-23 11:41:35] [WARN] - Skipped adding solar data for as-lao (no generators found in PLEXOS).
ERROR [2024-10-23 11:41:35] [WARN] - Skipped adding solar data for as-lbn (no generators found in PLEXOS).
ERROR [2024-10-23 11:41:40] [WARN] - Skipped adding solar data for as-mng (no generators found in PLEXOS).
ERROR [2024-10-23 11:41:45] [WARN] - Skipped adding solar data for as-omn (no generators found in PLEXOS).
ERROR [2024-10-23 11:41:49] [WARN] - Skipped adding solar data for as-prk (no generators found in PLEXOS).
ERROR [2024-10-23 11:41:49] [WARN] - Skipped adding solar data for as-qat (no generators found in PLEXOS).
ERROR [2024-10-23 11:41:55] [WARN] - Skipped adding solar data for as-rus-mv (no generators found in PLEXOS).
ERROR [2024-10-23 11:41:55] [WARN] - Skipped adding solar data for as-rus-nw (no generators found in PLEXOS).
ERROR [2024-10-23 11:41:58] [WARN] - Skipped adding solar data for as-rus-so (no generators found in PLEXOS).
ERROR [2024-10-23 11:42:05] [WARN] - Skipped adding solar data for as-syr (no generators found in PLEXOS).
ERROR [2024-10-23 11:42:07] [WARN] - Skipped adding solar data for as-tjk (no generators found in PLEXOS).
ERROR [2024-10-23 11:42:07] [WARN] - Skipped adding solar data for as-tkm (no generators found in PLEXOS).
ERROR [2024-10-23 11:42:11] [WARN] - Skipped adding solar data for as-uzb (no generators found in PLEXOS).
ERROR [2024-10-23 11:42:11] [WARN] - Skipped adding solar data for as-vnm (no generators found in PLEXOS).
ERROR [2024-10-23 11:42:13] [WARN] - Skipped adding solar data for eu-alb (no generators found in PLEXOS).
ERROR [2024-10-23 11:42:13] [WARN] - Skipped adding solar data for eu-arm (no generators found in PLEXOS).
ERROR [2024-10-23 11:42:21] [WARN] - Skipped adding solar data for eu-bih (no generators found in PLEXOS).
ERROR [2024-10-23 11:42:21] [WARN] - Skipped adding solar data for eu-blr (no generators found in PLEXOS).
ERROR [2024-10-23 11:42:35] [WARN] - Skipped adding solar data for eu-est (no generators found in PLEXOS).
ERROR [2024-10-23 11:42:42] [WARN] - Skipped adding solar data for eu-geo (no generators found in PLEXOS).
ERROR [2024-10-23 11:42:49] [WARN] - Skipped adding solar data for eu-irl (no generators found in PLEXOS).
ERROR [2024-10-23 11:42:49] [WARN] - Skipped adding solar data for eu-isl (no generators found in PLEXOS).
ERROR [2024-10-23 11:42:52] [WARN] - Skipped adding solar data for eu-kos (no generators found in PLEXOS).
ERROR [2024-10-23 11:42:56] [WARN] - Skipped adding solar data for eu-lva (no generators found in PLEXOS).
ERROR [2024-10-23 11:42:56] [WARN] - Skipped adding solar data for eu-mda (no generators found in PLEXOS).
ERROR [2024-10-23 11:42:59] [WARN] - Skipped adding solar data for eu-mne (no generators found in PLEXOS).
ERROR [2024-10-23 11:43:21] [WARN] - Skipped adding solar data for oc-ata (no generators found in PLEXOS).
ERROR [2024-10-23 11:43:31] [WARN] - Skipped adding solar data for oc-aus-ta (no generators found in PLEXOS).
ERROR [2024-10-23 11:43:31] [WARN] - Skipped adding solar data for oc-aus-vi (no generators found in PLEXOS).
ERROR [2024-10-23 11:43:34] [WARN] - Skipped adding solar data for oc-fji (no generators found in PLEXOS).
ERROR [2024-10-23 11:43:36] [WARN] - Skipped adding solar data for oc-png (no generators found in PLEXOS).
ERROR [2024-10-23 11:43:39] [WARN] - Skipped adding solar data for na-can-ar (no generators found in PLEXOS).
ERROR [2024-10-23 11:43:41] [WARN] - Skipped adding solar data for na-can-mb (no generators found in PLEXOS).
ERROR [2024-10-23 11:43:41] [WARN] - Skipped adding solar data for na-can-nl (no generators found in PLEXOS).
ERROR [2024-10-23 11:43:41] [WARN] - Skipped adding solar data for na-can-no (no generators found in PLEXOS).
ERROR [2024-10-23 11:43:43] [WARN] - Skipped adding solar data for na-can-qc (no generators found in PLEXOS).
ERROR [2024-10-23 11:43:43] [WARN] - Skipped adding solar data for na-can-sk (no generators found in PLEXOS).
ERROR [2024-10-23 11:43:43] [WARN] - Skipped adding solar data for na-cri (no generators found in PLEXOS).
ERROR [2024-10-23 11:43:52] [WARN] - Skipped adding solar data for na-jam (no generators found in PLEXOS).
ERROR [2024-10-23 11:43:54] [WARN] - Skipped adding solar data for na-nic (no generators found in PLEXOS).
ERROR [2024-10-23 11:43:58] [WARN] - Skipped adding solar data for na-tto (no generators found in PLEXOS).
ERROR [2024-10-23 11:43:58] [WARN] - Skipped adding solar data for na-usa-ak (no generators found in PLEXOS).
ERROR [2024-10-23 11:44:33] [WARN] - Skipped adding solar data for na-usa-sa (no generators found in PLEXOS).
ERROR [2024-10-23 11:44:53] [WARN] - Skipped adding solar data for sa-bra-cn (no generators found in PLEXOS).
ERROR [2024-10-23 11:44:53] [WARN] - Skipped adding solar data for sa-bra-cw (no generators found in PLEXOS).
ERROR [2024-10-23 11:44:53] [WARN] - Skipped adding solar data for sa-bra-j1 (no generators found in PLEXOS).
ERROR [2024-10-23 11:44:53] [WARN] - Skipped adding solar data for sa-bra-j2 (no generators found in PLEXOS).
ERROR [2024-10-23 11:44:53] [WARN] - Skipped adding solar data for sa-bra-j3 (no generators found in PLEXOS).
ERROR [2024-10-23 11:44:55] [WARN] - Skipped adding solar data for sa-bra-nw (no generators found in PLEXOS).
ERROR [2024-10-23 11:45:02] [WARN] - Skipped adding solar data for sa-bra-we (no generators found in PLEXOS).
ERROR [2024-10-23 11:45:04] [WARN] - Skipped adding solar data for sa-col (no generators found in PLEXOS).
ERROR [2024-10-23 11:45:08] [WARN] - Skipped adding solar data for sa-guy (no generators found in PLEXOS).
ERROR [2024-10-23 11:45:11] [WARN] - Skipped adding solar data for sa-pry (no generators found in PLEXOS).
ERROR [2024-10-23 11:45:13] [WARN] - Skipped adding solar data for sa-ven (no generators found in PLEXOS).
