INFO [2024-09-09 19:07:30] [MAIN] - Creating clusters_ren__2024_09_09_19_07_29 study...

INFO [2024-09-09 19:07:30] [MAIN] - Unit commitment mode : ACCURATE
INFO [2024-09-09 19:07:30] [MAIN] - Adding nodes...

INFO [2024-09-09 19:07:33] [NODES] - Adding eu-fra node...
INFO [2024-09-09 19:07:33] [MAIN] - Done adding nodes! (run time : 3.24s).

INFO [2024-09-09 19:07:33] [MAIN] - Adding districts...

INFO [2024-09-09 19:07:34] [DISTRICTS] - Creating global district...
INFO [2024-09-09 19:07:34] [DISTRICTS] - Done creating global district!
INFO [2024-09-09 19:07:34] [DISTRICTS] - Creating europe continental district...
INFO [2024-09-09 19:07:34] [DISTRICTS] - Done creating europe continental district!
INFO [2024-09-09 19:07:34] [MAIN] - Done adding districts! (run time : 0.74s).

INFO [2024-09-09 19:07:34] [MAIN] - Adding load data...

INFO [2024-09-09 19:07:35] [LOAD] - Adding eu-fra load data...
INFO [2024-09-09 19:07:35] [MAIN] - Done adding load data! (run time : 1.29s).

INFO [2024-09-09 19:07:35] [MAIN] - Fetching wind data...

INFO [2024-09-09 19:07:36] [WIND] - Adding eu-fra aggregated wind data...
INFO [2024-09-09 19:07:36] [MAIN] - Done adding wind data! (run time : 0.21s).

INFO [2024-09-09 19:07:36] [MAIN] - Fetching solar data...

INFO [2024-09-09 19:07:36] [SOLAR] - Adding eu-fra aggregated solar data...
INFO [2024-09-09 19:07:36] [MAIN] - Done adding solar data! (run time : 0.13s).

INFO [2024-09-09 19:07:36] [MAIN] - Beginning hydro implementation...
INFO [2024-09-09 19:07:38] [HYDRO] - Initializing eu-fra hydro parameters...
INFO [2024-09-09 19:07:38] [HYDRO] - Adding eu-fra max power timeseries...
INFO [2024-09-09 19:07:39] [HYDRO] - Adding eu-fra hydro profiles...
INFO [2024-09-09 19:07:39] [MAIN] - Done adding hydro!
INFO [2024-09-09 19:07:39] [MAIN] - Fetching thermal data...
INFO [2024-09-09 19:07:41] [MAIN] - Aggregating identical generators...
INFO [2024-09-09 19:07:41] [MAIN] - Running 20-clustering algorithm on generators...
INFO [2024-09-09 19:07:41] [MAIN] - Done running 20-clustering algorithm on generators!

INFO [2024-09-09 19:07:41] [THERMAL] - Adding fra_gas_gennevilliers19464 generator to eu-fra node...
INFO [2024-09-09 19:07:41] [THERMAL] - Adding fra_gas_pontsursambre10198 generator to eu-fra node...
INFO [2024-09-09 19:07:41] [THERMAL] - Adding fra_gas_croixdemetz9304 generator to eu-fra node...
INFO [2024-09-09 19:07:41] [THERMAL] - Adding fra_gas_combigolfe9114 generator to eu-fra node...
INFO [2024-09-09 19:07:41] [THERMAL] - Adding fra_gas_blenod58946 generator to eu-fra node...
INFO [2024-09-09 19:07:41] [THERMAL] - Adding fra_gas_emilehuchet9363 generator to eu-fra node...
INFO [2024-09-09 19:07:41] [THERMAL] - Adding fra_gas_bouchain78948 generator to eu-fra node...
INFO [2024-09-09 19:07:41] [THERMAL] - Adding fra_gas_martiguesponte9866 generator to eu-fra node...
INFO [2024-09-09 19:07:41] [THERMAL] - Adding fra_gas_capacityscaler generator to eu-fra node...
INFO [2024-09-09 19:07:41] [THERMAL] - Adding fra_gas_dk69328 generator to eu-fra node...
INFO [2024-09-09 19:07:42] [THERMAL] - Adding fra_coa_lucy39603 generator to eu-fra node...
INFO [2024-09-09 19:07:42] [THERMAL] - Adding fra_coa_capacityscaler generator to eu-fra node...
INFO [2024-09-09 19:07:42] [THERMAL] - Adding fra_coa_emilehuchet9364 generator to eu-fra node...
INFO [2024-09-09 19:07:42] [THERMAL] - Adding fra_coa_cordemais49116_havre49538 generator to eu-fra node...
INFO [2024-09-09 19:07:42] [THERMAL] - Adding fra_coa_provence510115 generator to eu-fra node...
INFO [2024-09-09 19:07:42] [THERMAL] - Adding fra_bio_lemans9746_vauxlepnil10743_villerssaintp10788 generator to eu-fra node...
INFO [2024-09-09 19:07:42] [THERMAL] - Adding fra_bio_antibes8878_mdamill9926_nmes10077 generator to eu-fra node...
INFO [2024-09-09 19:07:42] [THERMAL] - Adding fra_bio_allemant8850_amanvillers8862_auch8917_bimont9017_bor generator to eu-fra node...
INFO [2024-09-09 19:07:42] [THERMAL] - Adding fra_bio_calce9127 generator to eu-fra node...
INFO [2024-09-09 19:07:42] [THERMAL] - Adding fra_bio_issylesmoulin9578 generator to eu-fra node...
INFO [2024-09-09 19:07:42] [THERMAL] - Adding fra_bio_dunkerque9360_fortdefrance9428_montech9977_noyelless generator to eu-fra node...
INFO [2024-09-09 19:07:43] [THERMAL] - Adding fra_bio_argenteuil8892_chambry9191 generator to eu-fra node...
INFO [2024-09-09 19:07:43] [THERMAL] - Adding fra_bio_vertlegrand10758 generator to eu-fra node...
INFO [2024-09-09 19:07:43] [THERMAL] - Adding fra_bio_capacityscaler generator to eu-fra node...
INFO [2024-09-09 19:07:43] [THERMAL] - Adding fra_bio_pithiviers10150_saintmartinde10457_vedne10745 generator to eu-fra node...
INFO [2024-09-09 19:07:43] [THERMAL] - Adding fra_bio_couron9296_douchylesmine9352_latronche9660_lescar979 generator to eu-fra node...
INFO [2024-09-09 19:07:43] [THERMAL] - Adding fra_bio_morcenx9998_orlans10100_pierrelatte10146_saintthibau generator to eu-fra node...
INFO [2024-09-09 19:07:44] [THERMAL] - Adding fra_bio_nice10055_saintouen10475 generator to eu-fra node...
INFO [2024-09-09 19:07:44] [THERMAL] - Adding fra_bio_bourgoinjallie9058_salaisesursan10550 generator to eu-fra node...
INFO [2024-09-09 19:07:44] [THERMAL] - Adding fra_bio_amiens8869_blaringhem9020_concarneau9263_crpyenvaloi generator to eu-fra node...
INFO [2024-09-09 19:07:45] [THERMAL] - Adding fra_bio_aixenprovence8840_arpajonsurc8897_bayonne8976_cenon9 generator to eu-fra node...
INFO [2024-09-09 19:07:45] [THERMAL] - Adding fra_bio_fossurmer9434 generator to eu-fra node...
INFO [2024-09-09 19:07:45] [THERMAL] - Adding fra_bio_leplessisgass9757_saintjeandef10422 generator to eu-fra node...
INFO [2024-09-09 19:07:45] [THERMAL] - Adding fra_bio_arques8899_bourogne9059_chang9200_dijon9341_guichain generator to eu-fra node...
INFO [2024-09-09 19:07:45] [THERMAL] - Adding fra_bio_clermontferran9251_strasbourg10631 generator to eu-fra node...
INFO [2024-09-09 19:07:45] [THERMAL] - Adding fra_nuc_stlaurent10330 generator to eu-fra node...
INFO [2024-09-09 19:07:46] [THERMAL] - Adding fra_nuc_chinon9109 generator to eu-fra node...
INFO [2024-09-09 19:07:46] [THERMAL] - Adding fra_nuc_blayais8945 generator to eu-fra node...
INFO [2024-09-09 19:07:46] [THERMAL] - Adding fra_nuc_cruas9118_tricastin110646 generator to eu-fra node...
INFO [2024-09-09 19:07:46] [THERMAL] - Adding fra_nuc_belleville8944_golfech9466_nogent10036 generator to eu-fra node...
INFO [2024-09-09 19:07:46] [THERMAL] - Adding fra_nuc_flamanville9394_penly10110 generator to eu-fra node...
INFO [2024-09-09 19:07:46] [THERMAL] - Adding fra_nuc_stalban10328 generator to eu-fra node...
INFO [2024-09-09 19:07:47] [THERMAL] - Adding fra_nuc_gravelines9468 generator to eu-fra node...
INFO [2024-09-09 19:07:47] [THERMAL] - Adding fra_nuc_cattenom9106 generator to eu-fra node...
INFO [2024-09-09 19:07:47] [THERMAL] - Adding fra_nuc_fessenheim9393 generator to eu-fra node...
INFO [2024-09-09 19:07:47] [THERMAL] - Adding fra_nuc_paluel10108 generator to eu-fra node...
INFO [2024-09-09 19:07:47] [THERMAL] - Adding fra_nuc_dampierre9326 generator to eu-fra node...
INFO [2024-09-09 19:07:48] [THERMAL] - Adding fra_nuc_bugey8952 generator to eu-fra node...
INFO [2024-09-09 19:07:48] [THERMAL] - Adding fra_nuc_civaux9111 generator to eu-fra node...
INFO [2024-09-09 19:07:48] [THERMAL] - Adding fra_nuc_chooz9110 generator to eu-fra node...
INFO [2024-09-09 19:07:48] [THERMAL] - Adding fra_oil_brennilis8950 generator to eu-fra node...
INFO [2024-09-09 19:07:49] [THERMAL] - Adding fra_oil_dirinon9327 generator to eu-fra node...
INFO [2024-09-09 19:07:49] [THERMAL] - Adding fra_oil_arrighi8823 generator to eu-fra node...
INFO [2024-09-09 19:07:49] [THERMAL] - Adding fra_oil_cordemais9115 generator to eu-fra node...
INFO [2024-09-09 19:07:49] [THERMAL] - Adding fra_oil_capacityscaler generator to eu-fra node...
INFO [2024-09-09 19:07:49] [THERMAL] - Adding fra_oil_porcheville10112 generator to eu-fra node...
INFO [2024-09-09 19:07:50] [THERMAL] - Adding fra_geo_bouillante9046 generator to eu-fra node...
INFO [2024-09-09 19:07:50] [THERMAL] - Adding fra_wav_rance10241 generator to eu-fra node...
INFO [2024-09-09 19:07:50] [THERMAL] - Adding fra_wav_capacityscaler generator to eu-fra node...
INFO [2024-09-09 19:07:55] [MAIN] - Done adding thermal data! (run time : 0.28min).

INFO [2024-09-09 19:07:55] [MAIN] - Adding lines between areas...

INFO [2024-09-09 19:07:56] [WARN] - Generation of all lines failed (perhaps there are no connections?), skipping...
INFO [2024-09-09 19:07:56] [MAIN] - Done adding lines! (run time : 0.33s).

INFO [2024-09-09 19:07:56] [MAIN] - Finished setting up Antares study! (run time : 0.44min).
 

