INFO [2024-09-09 19:07:30] [MAIN] - Creating clusters_ren__2024_09_09_19_07_29 study...

INFO [2024-09-09 19:07:30] [MAIN] - Unit commitment mode : ACCURATE
INFO [2024-09-09 19:07:30] [MAIN] - Adding nodes...

INFO [2024-09-09 19:07:33] [MAIN] - Done adding nodes! (run time : 3.24s).

INFO [2024-09-09 19:07:33] [MAIN] - Adding districts...

INFO [2024-09-09 19:07:34] [MAIN] - Done adding districts! (run time : 0.74s).

INFO [2024-09-09 19:07:34] [MAIN] - Adding load data...

INFO [2024-09-09 19:07:35] [MAIN] - Done adding load data! (run time : 1.29s).

INFO [2024-09-09 19:07:35] [MAIN] - Fetching wind data...

INFO [2024-09-09 19:07:36] [MAIN] - Done adding wind data! (run time : 0.21s).

INFO [2024-09-09 19:07:36] [MAIN] - Fetching solar data...

INFO [2024-09-09 19:07:36] [MAIN] - Done adding solar data! (run time : 0.13s).

INFO [2024-09-09 19:07:36] [MAIN] - Beginning hydro implementation...
INFO [2024-09-09 19:07:39] [MAIN] - Done adding hydro!
INFO [2024-09-09 19:07:39] [MAIN] - Fetching thermal data...
INFO [2024-09-09 19:07:41] [MAIN] - Aggregating identical generators...
INFO [2024-09-09 19:07:41] [MAIN] - Running 20-clustering algorithm on generators...
INFO [2024-09-09 19:07:41] [MAIN] - Done running 20-clustering algorithm on generators!

INFO [2024-09-09 19:07:55] [MAIN] - Done adding thermal data! (run time : 0.28min).

INFO [2024-09-09 19:07:55] [MAIN] - Adding lines between areas...

INFO [2024-09-09 19:07:56] [MAIN] - Done adding lines! (run time : 0.33s).

INFO [2024-09-09 19:07:56] [MAIN] - Finished setting up Antares study! (run time : 0.44min).
 

