INFO [2024-09-09 17:47:05] [MAIN] - Creating clusters_ren__2024_09_09_17_47_05 study...

INFO [2024-09-09 17:47:05] [MAIN] - Unit commitment mode : ACCURATE
INFO [2024-09-09 17:47:05] [MAIN] - Adding nodes...

INFO [2024-09-09 17:47:06] [NODES] - Adding eu-fra node...
INFO [2024-09-09 17:47:06] [MAIN] - Done adding nodes! (run time : 0.99s).

INFO [2024-09-09 17:47:06] [MAIN] - Adding districts...

INFO [2024-09-09 17:47:07] [DISTRICTS] - Creating global district...
INFO [2024-09-09 17:47:07] [DISTRICTS] - Done creating global district!
INFO [2024-09-09 17:47:07] [DISTRICTS] - Creating europe continental district...
INFO [2024-09-09 17:47:07] [DISTRICTS] - Done creating europe continental district!
INFO [2024-09-09 17:47:07] [MAIN] - Done adding districts! (run time : 0.62s).

INFO [2024-09-09 17:47:07] [MAIN] - Adding load data...

INFO [2024-09-09 17:47:08] [LOAD] - Adding eu-fra load data...
INFO [2024-09-09 17:47:08] [MAIN] - Done adding load data! (run time : 0.93s).

INFO [2024-09-09 17:47:08] [MAIN] - Fetching wind data...

INFO [2024-09-09 17:47:08] [WARN] - Skipped adding wind data for eu-fra (no generators found in PLEXOS).
INFO [2024-09-09 17:47:08] [MAIN] - Done adding wind data! (run time : 0.08s).

INFO [2024-09-09 17:47:08] [MAIN] - Fetching solar data...

INFO [2024-09-09 17:47:08] [WARN] - Skipped adding solar data for eu-fra (no generators found in PLEXOS).
INFO [2024-09-09 17:47:08] [MAIN] - Done adding solar data! (run time : 0.07s).

