INFO [2024-09-03 13:47:13] [MAIN] - Creating Deane_Outage__2024_09_03_13_47_13 study...

INFO [2024-09-03 13:47:13] [MAIN] - Unit commitment mode : ACCURATE
INFO [2024-09-03 13:47:13] [MAIN] - Adding nodes...

INFO [2024-09-03 13:47:17] [NODES] - Adding EU-CHE node...
INFO [2024-09-03 13:47:17] [NODES] - Adding EU-DEU node...
INFO [2024-09-03 13:47:18] [NODES] - Adding EU-FRA node...
INFO [2024-09-03 13:47:18] [MAIN] - Done adding nodes! (run time : 4.96s).

INFO [2024-09-03 13:47:18] [MAIN] - Adding districts...

INFO [2024-09-03 13:47:19] [DISTRICTS] - Creating global district...
INFO [2024-09-03 13:47:19] [DISTRICTS] - Done creating global district!
INFO [2024-09-03 13:47:19] [DISTRICTS] - Creating europe continental district...
INFO [2024-09-03 13:47:19] [DISTRICTS] - Done creating europe continental district!
INFO [2024-09-03 13:47:20] [MAIN] - Done adding districts! (run time : 1.39s).

INFO [2024-09-03 13:47:20] [MAIN] - Adding load data...

INFO [2024-09-03 13:47:22] [LOAD] - Adding EU-CHE load data...
INFO [2024-09-03 13:47:22] [LOAD] - Adding EU-DEU load data...
INFO [2024-09-03 13:47:22] [LOAD] - Adding EU-FRA load data...
INFO [2024-09-03 13:47:23] [MAIN] - Done adding load data! (run time : 2.84s).

INFO [2024-09-03 13:47:23] [MAIN] - Fetching wind data...

INFO [2024-09-03 13:47:23] [WIND] - Adding EU-CHE aggregated wind data...
INFO [2024-09-03 13:47:23] [WIND] - Adding EU-DEU aggregated wind data...
INFO [2024-09-03 13:47:23] [WIND] - Adding EU-FRA aggregated wind data...
INFO [2024-09-03 13:47:23] [MAIN] - Done adding wind data! (run time : 0.38s).

INFO [2024-09-03 13:47:23] [MAIN] - Fetching solar data...

INFO [2024-09-03 13:47:24] [SOLAR] - Adding EU-CHE aggregated solar data...
INFO [2024-09-03 13:47:24] [SOLAR] - Adding EU-DEU aggregated solar data...
INFO [2024-09-03 13:47:24] [SOLAR] - Adding EU-FRA aggregated solar data...
INFO [2024-09-03 13:47:24] [MAIN] - Done adding solar data! (run time : 0.43s).

INFO [2024-09-03 13:47:24] [MAIN] - Beginning hydro implementation...
INFO [2024-09-03 13:47:25] [HYDRO] - Initializing EU-CHE hydro parameters...
INFO [2024-09-03 13:47:26] [HYDRO] - Adding EU-CHE max power timeseries...
INFO [2024-09-03 13:47:27] [HYDRO] - Adding EU-CHE hydro profiles...
