INFO [2024-09-04 10:13:16] [MAIN] - Creating v2_test__2024_09_04_10_13_16 study...

INFO [2024-09-04 10:13:16] [MAIN] - Unit commitment mode : ACCURATE
INFO [2024-09-04 10:13:16] [MAIN] - Adding nodes...

INFO [2024-09-04 10:13:18] [NODES] - Adding EU-CHE node...
INFO [2024-09-04 10:13:18] [NODES] - Adding EU-DEU node...
INFO [2024-09-04 10:13:18] [NODES] - Adding EU-FRA node...
INFO [2024-09-04 10:13:18] [MAIN] - Done adding nodes! (run time : 2.26s).

INFO [2024-09-04 10:13:18] [MAIN] - Adding districts...

INFO [2024-09-04 10:13:19] [DISTRICTS] - Creating global district...
INFO [2024-09-04 10:13:19] [DISTRICTS] - Done creating global district!
INFO [2024-09-04 10:13:19] [DISTRICTS] - Creating europe continental district...
INFO [2024-09-04 10:13:19] [DISTRICTS] - Done creating europe continental district!
INFO [2024-09-04 10:13:19] [MAIN] - Done adding districts! (run time : 0.95s).

INFO [2024-09-04 10:13:19] [MAIN] - Adding load data...

INFO [2024-09-04 10:13:20] [LOAD] - Adding EU-CHE load data...
INFO [2024-09-04 10:13:21] [LOAD] - Adding EU-DEU load data...
INFO [2024-09-04 10:13:21] [LOAD] - Adding EU-FRA load data...
INFO [2024-09-04 10:13:21] [MAIN] - Done adding load data! (run time : 1.53s).

INFO [2024-09-04 10:13:21] [MAIN] - Fetching wind data...

INFO [2024-09-04 10:13:21] [WIND] - Adding EU-CHE aggregated wind data...
INFO [2024-09-04 10:13:21] [WIND] - Adding EU-DEU aggregated wind data...
INFO [2024-09-04 10:13:21] [WIND] - Adding EU-FRA aggregated wind data...
INFO [2024-09-04 10:13:21] [MAIN] - Done adding wind data! (run time : 0.26s).

INFO [2024-09-04 10:13:21] [MAIN] - Fetching solar data...

INFO [2024-09-04 10:13:21] [SOLAR] - Adding EU-CHE aggregated solar data...
INFO [2024-09-04 10:13:21] [SOLAR] - Adding EU-DEU aggregated solar data...
INFO [2024-09-04 10:13:21] [SOLAR] - Adding EU-FRA aggregated solar data...
INFO [2024-09-04 10:13:21] [MAIN] - Done adding solar data! (run time : 0.32s).

INFO [2024-09-04 10:13:21] [MAIN] - Fetching battery data...

INFO [2024-09-04 10:13:22] [MAIN] - Aggregating identical batteries...
INFO [2024-09-04 10:13:22] [MAIN] - Running 10-clustering algorithm on batteries...
INFO [2024-09-04 10:13:27] [MAIN] - Done running 10-clustering algorithm on batteries!

INFO [2024-09-04 10:13:27] [STORAGE] - Adding CHE_CHE_SwissDualCircui104 battery to EU-CHE node...
INFO [2024-09-04 10:13:28] [STORAGE] - Adding CHE_CHE_LausannePolytec102 battery to EU-CHE node...
INFO [2024-09-04 10:13:28] [STORAGE] - Adding CHE_CHE_50kW60kWhEnergy99_Passivhaus50kW1103 battery to EU-CHE node...
INFO [2024-09-04 10:13:28] [STORAGE] - Adding CHE_CHE_CKWESpeicherWer100 battery to EU-CHE node...
INFO [2024-09-04 10:13:28] [STORAGE] - Adding CHE_CHE_EPFLLeclancheDi101 battery to EU-CHE node...
INFO [2024-09-04 10:13:28] [STORAGE] - Adding CHE_CHE_TheZurichDietik105 battery to EU-CHE node...
INFO [2024-09-04 10:13:28] [STORAGE] - Adding CHE_PHS_NantdeDrancePum118_LagoBiancoPumpe114_Linthal2015Lin battery to EU-CHE node...
INFO [2024-09-04 10:13:29] [STORAGE] - Adding CHE_PHS_OvaSpinPumpedHy119_GougraPumpedHyd109 battery to EU-CHE node...
INFO [2024-09-04 10:13:29] [STORAGE] - Adding CHE_PHS_FerreraPumpedHy108_LinthLimmernPum116 battery to EU-CHE node...
INFO [2024-09-04 10:13:29] [STORAGE] - Adding CHE_PHS_Handeck3PumpedH112_TierfehdNestilP121 battery to EU-CHE node...
INFO [2024-09-04 10:13:29] [STORAGE] - Adding CHE_PHS_Grimsel3PumpedH111 battery to EU-CHE node...
INFO [2024-09-04 10:13:29] [STORAGE] - Adding CHE_PHS_HongrinLemanPum113 battery to EU-CHE node...
INFO [2024-09-04 10:13:29] [STORAGE] - Adding CHE_PHS_RobieiPumpedHyd120_MapraggPumpedHy117 battery to EU-CHE node...
INFO [2024-09-04 10:13:30] [STORAGE] - Adding CHE_PHS_EmossonPumpedHy106 battery to EU-CHE node...
INFO [2024-09-04 10:13:30] [STORAGE] - Adding CHE_PHS_EtzelwerkPumped107_Grimsel2PumpedH110 battery to EU-CHE node...
INFO [2024-09-04 10:13:30] [STORAGE] - Adding CHE_PHS_VeytauxFMHLPump122 battery to EU-CHE node...
INFO [2024-09-04 10:13:30] [STORAGE] - Adding DEU_CHE_EEBattEnergyNei244_250kW1MWhElCheW231_BatteryEnergyS battery to EU-DEU node...
INFO [2024-09-04 10:13:31] [STORAGE] - Adding DEU_CHE_CustomerProject239_FastChargingeBu247_HIUPVBatterySy battery to EU-DEU node...
INFO [2024-09-04 10:13:31] [STORAGE] - Adding DEU_CHE_SwagBoschCommun263 battery to EU-DEU node...
INFO [2024-09-04 10:13:31] [STORAGE] - Adding DEU_CHE_SmartRegionPell262 battery to EU-DEU node...
INFO [2024-09-04 10:13:31] [STORAGE] - Adding DEU_CHE_IntelligentesNe252_BatteryEnergySt232_Netlab2Sonderb battery to EU-DEU node...
INFO [2024-09-04 10:13:31] [STORAGE] - Adding DEU_CHE_YounicosandVatt266 battery to EU-DEU node...
INFO [2024-09-04 10:13:31] [STORAGE] - Adding DEU_CHE_QinousDemonstra255 battery to EU-DEU node...
INFO [2024-09-04 10:13:32] [STORAGE] - Adding DEU_CHE_CatervaSWARM237_BoschBraderupES236_DREWAGReick2MWP24 battery to EU-DEU node...
INFO [2024-09-04 10:13:32] [STORAGE] - Adding DEU_CHE_FeldheimRegiona248_WEMAGSchwerinBa265 battery to EU-DEU node...
INFO [2024-09-04 10:13:32] [STORAGE] - Adding DEU_CHE_IHEMIntelligent251_Web2EnergySmart264 battery to EU-DEU node...
INFO [2024-09-04 10:13:32] [STORAGE] - Adding DEU_CHE_Daimler2ndLifeS240 battery to EU-DEU node...
INFO [2024-09-04 10:13:32] [STORAGE] - Adding DEU_CHE_1MWLESSYVolklin230 battery to EU-DEU node...
INFO [2024-09-04 10:13:33] [STORAGE] - Adding DEU_CHE_10kW100kWhHaakF228 battery to EU-DEU node...
INFO [2024-09-04 10:13:33] [STORAGE] - Adding DEU_CHE_SmartRegionPell261_DMGGildemeister241 battery to EU-DEU node...
INFO [2024-09-04 10:13:33] [STORAGE] - Adding DEU_CHE_GermanyResident249 battery to EU-DEU node...
INFO [2024-09-04 10:13:33] [STORAGE] - Adding DEU_CHE_15MWEnergyStora229 battery to EU-DEU node...
INFO [2024-09-04 10:13:33] [STORAGE] - Adding DEU_CHE_CellcubeWilliba238 battery to EU-DEU node...
INFO [2024-09-04 10:13:34] [STORAGE] - Adding DEU_CHE_RedoxWindTheFra256_Drverden3MWBatt243 battery to EU-DEU node...
INFO [2024-09-04 10:13:34] [STORAGE] - Adding DEU_CHE_BoschBraderupES235 battery to EU-DEU node...
