INFO [2024-09-09 17:54:06] [MAIN] - Creating clusters_ren__2024_09_09_17_54_06 study...

INFO [2024-09-09 17:54:06] [MAIN] - Unit commitment mode : ACCURATE
INFO [2024-09-09 17:54:06] [MAIN] - Adding nodes...

INFO [2024-09-09 17:54:07] [NODES] - Adding eu-fra node...
INFO [2024-09-09 17:54:07] [MAIN] - Done adding nodes! (run time : 1.32s).

INFO [2024-09-09 17:54:07] [MAIN] - Adding districts...

INFO [2024-09-09 17:54:08] [DISTRICTS] - Creating global district...
INFO [2024-09-09 17:54:08] [DISTRICTS] - Done creating global district!
INFO [2024-09-09 17:54:08] [DISTRICTS] - Creating europe continental district...
INFO [2024-09-09 17:54:08] [DISTRICTS] - Done creating europe continental district!
INFO [2024-09-09 17:54:08] [MAIN] - Done adding districts! (run time : 0.79s).

INFO [2024-09-09 17:54:08] [MAIN] - Adding load data...

INFO [2024-09-09 17:54:09] [LOAD] - Adding eu-fra load data...
INFO [2024-09-09 17:54:09] [MAIN] - Done adding load data! (run time : 0.97s).

INFO [2024-09-09 17:54:09] [MAIN] - Beginning hydro implementation...
INFO [2024-09-09 17:54:10] [HYDRO] - Initializing eu-fra hydro parameters...
INFO [2024-09-09 17:54:11] [HYDRO] - Adding eu-fra max power timeseries...
INFO [2024-09-09 17:54:11] [HYDRO] - Adding eu-fra hydro profiles...
INFO [2024-09-09 17:54:11] [MAIN] - Done adding hydro!
INFO [2024-09-09 17:54:11] [MAIN] - Fetching thermal data...
