INFO [2024-08-14 14:05:42] [MAIN] - Creating Deane_Beta_EU_Agg__2024_08_14_14_05_41 study...

INFO [2024-08-14 14:05:42] [MAIN] - Unit commitment mode : FAST
INFO [2024-08-14 14:05:43] [MAIN] - Adding nodes...

INFO [2024-08-14 14:05:45] [NODES] - Adding EU-ALB node...
INFO [2024-08-14 14:05:46] [NODES] - Adding EU-ARM node...
INFO [2024-08-14 14:05:46] [NODES] - Adding EU-AUT node...
INFO [2024-08-14 14:05:46] [NODES] - Adding EU-AZE node...
INFO [2024-08-14 14:05:46] [NODES] - Adding EU-BEL node...
INFO [2024-08-14 14:05:46] [NODES] - Adding EU-BGR node...
INFO [2024-08-14 14:05:47] [NODES] - Adding EU-BIH node...
INFO [2024-08-14 14:05:47] [NODES] - Adding EU-BLR node...
INFO [2024-08-14 14:05:47] [NODES] - Adding EU-CHE node...
INFO [2024-08-14 14:05:48] [NODES] - Adding EU-CYP node...
INFO [2024-08-14 14:05:48] [NODES] - Adding EU-CZE node...
INFO [2024-08-14 14:05:48] [NODES] - Adding EU-DEU node...
INFO [2024-08-14 14:05:48] [NODES] - Adding EU-DNK node...
INFO [2024-08-14 14:05:49] [NODES] - Adding EU-ESP node...
INFO [2024-08-14 14:05:49] [NODES] - Adding EU-EST node...
INFO [2024-08-14 14:05:50] [NODES] - Adding EU-FIN node...
INFO [2024-08-14 14:05:50] [NODES] - Adding EU-FRA node...
INFO [2024-08-14 14:05:50] [NODES] - Adding EU-GBR node...
INFO [2024-08-14 14:05:51] [NODES] - Adding EU-GEO node...
INFO [2024-08-14 14:05:51] [NODES] - Adding EU-GRC node...
INFO [2024-08-14 14:05:52] [NODES] - Adding EU-HRV node...
INFO [2024-08-14 14:05:52] [NODES] - Adding EU-HUN node...
INFO [2024-08-14 14:05:53] [NODES] - Adding EU-IRL node...
INFO [2024-08-14 14:05:53] [NODES] - Adding EU-ISL node...
INFO [2024-08-14 14:05:54] [NODES] - Adding EU-ITA node...
INFO [2024-08-14 14:05:54] [NODES] - Adding EU-KOS node...
INFO [2024-08-14 14:05:54] [NODES] - Adding EU-LTU node...
INFO [2024-08-14 14:05:55] [NODES] - Adding EU-LUX node...
INFO [2024-08-14 14:05:55] [NODES] - Adding EU-LVA node...
INFO [2024-08-14 14:05:56] [NODES] - Adding EU-MDA node...
INFO [2024-08-14 14:05:56] [NODES] - Adding EU-MKD node...
INFO [2024-08-14 14:05:57] [NODES] - Adding EU-MNE node...
INFO [2024-08-14 14:05:57] [NODES] - Adding EU-NLD node...
INFO [2024-08-14 14:05:57] [NODES] - Adding EU-NOR node...
INFO [2024-08-14 14:05:58] [NODES] - Adding EU-POL node...
INFO [2024-08-14 14:05:58] [NODES] - Adding EU-PRT node...
INFO [2024-08-14 14:05:59] [NODES] - Adding EU-ROU node...
INFO [2024-08-14 14:05:59] [NODES] - Adding EU-SRB node...
INFO [2024-08-14 14:06:00] [NODES] - Adding EU-SVK node...
INFO [2024-08-14 14:06:00] [NODES] - Adding EU-SVN node...
INFO [2024-08-14 14:06:01] [NODES] - Adding EU-SWE node...
INFO [2024-08-14 14:06:02] [NODES] - Adding EU-UKR node...
INFO [2024-08-14 14:06:02] [MAIN] - Done adding nodes! (run time : 19.65s).

INFO [2024-08-14 14:06:02] [MAIN] - Adding load data...

INFO [2024-08-14 14:06:04] [LOAD] - Adding EU-ALB load data...
INFO [2024-08-14 14:06:05] [LOAD] - Adding EU-ARM load data...
INFO [2024-08-14 14:06:05] [LOAD] - Adding EU-AUT load data...
INFO [2024-08-14 14:06:05] [LOAD] - Adding EU-AZE load data...
INFO [2024-08-14 14:06:05] [LOAD] - Adding EU-BEL load data...
INFO [2024-08-14 14:06:06] [LOAD] - Adding EU-BGR load data...
INFO [2024-08-14 14:06:06] [LOAD] - Adding EU-BIH load data...
INFO [2024-08-14 14:06:07] [LOAD] - Adding EU-BLR load data...
INFO [2024-08-14 14:06:07] [LOAD] - Adding EU-CHE load data...
INFO [2024-08-14 14:06:07] [LOAD] - Adding EU-CYP load data...
INFO [2024-08-14 14:06:07] [LOAD] - Adding EU-CZE load data...
INFO [2024-08-14 14:06:08] [LOAD] - Adding EU-DEU load data...
INFO [2024-08-14 14:06:08] [LOAD] - Adding EU-DNK load data...
INFO [2024-08-14 14:06:08] [LOAD] - Adding EU-ESP load data...
INFO [2024-08-14 14:06:09] [LOAD] - Adding EU-EST load data...
INFO [2024-08-14 14:06:09] [LOAD] - Adding EU-FIN load data...
INFO [2024-08-14 14:06:09] [LOAD] - Adding EU-FRA load data...
INFO [2024-08-14 14:06:09] [LOAD] - Adding EU-GBR load data...
INFO [2024-08-14 14:06:10] [LOAD] - Adding EU-GEO load data...
INFO [2024-08-14 14:06:10] [LOAD] - Adding EU-GRC load data...
INFO [2024-08-14 14:06:10] [LOAD] - Adding EU-HRV load data...
INFO [2024-08-14 14:06:11] [LOAD] - Adding EU-HUN load data...
INFO [2024-08-14 14:06:11] [LOAD] - Adding EU-IRL load data...
INFO [2024-08-14 14:06:11] [LOAD] - Adding EU-ISL load data...
INFO [2024-08-14 14:06:11] [LOAD] - Adding EU-ITA load data...
INFO [2024-08-14 14:06:12] [LOAD] - Adding EU-KOS load data...
INFO [2024-08-14 14:06:12] [LOAD] - Adding EU-LTU load data...
INFO [2024-08-14 14:06:12] [LOAD] - Adding EU-LUX load data...
INFO [2024-08-14 14:06:12] [LOAD] - Adding EU-LVA load data...
INFO [2024-08-14 14:06:13] [LOAD] - Adding EU-MDA load data...
INFO [2024-08-14 14:06:13] [LOAD] - Adding EU-MKD load data...
INFO [2024-08-14 14:06:13] [LOAD] - Adding EU-MNE load data...
INFO [2024-08-14 14:06:13] [LOAD] - Adding EU-NLD load data...
INFO [2024-08-14 14:06:14] [LOAD] - Adding EU-NOR load data...
INFO [2024-08-14 14:06:14] [LOAD] - Adding EU-POL load data...
INFO [2024-08-14 14:06:14] [LOAD] - Adding EU-PRT load data...
INFO [2024-08-14 14:06:14] [LOAD] - Adding EU-ROU load data...
INFO [2024-08-14 14:06:15] [LOAD] - Adding EU-SRB load data...
INFO [2024-08-14 14:06:15] [LOAD] - Adding EU-SVK load data...
INFO [2024-08-14 14:06:15] [LOAD] - Adding EU-SVN load data...
INFO [2024-08-14 14:06:16] [LOAD] - Adding EU-SWE load data...
INFO [2024-08-14 14:06:16] [LOAD] - Adding EU-UKR load data...
INFO [2024-08-14 14:06:16] [MAIN] - Done adding load data! (run time : 13.76s).

INFO [2024-08-14 14:06:16] [MAIN] - Fetching wind data...

INFO [2024-08-14 14:06:16] [WARN] - Skipped adding wind data for EU-ALB (no generators found in PLEXOS).
INFO [2024-08-14 14:06:16] [WARN] - Skipped adding wind data for EU-ARM (no generators found in PLEXOS).
INFO [2024-08-14 14:06:17] [WIND] - Adding EU-AUT aggregated wind data...
INFO [2024-08-14 14:06:17] [WARN] - Skipped adding wind data for EU-AZE (no generators found in PLEXOS).
INFO [2024-08-14 14:06:17] [WIND] - Adding EU-BEL aggregated wind data...
INFO [2024-08-14 14:06:17] [WIND] - Adding EU-BGR aggregated wind data...
INFO [2024-08-14 14:06:17] [WARN] - Skipped adding wind data for EU-BIH (no generators found in PLEXOS).
INFO [2024-08-14 14:06:17] [WARN] - Skipped adding wind data for EU-BLR (no generators found in PLEXOS).
INFO [2024-08-14 14:06:17] [WIND] - Adding EU-CHE aggregated wind data...
INFO [2024-08-14 14:06:18] [WIND] - Adding EU-CYP aggregated wind data...
INFO [2024-08-14 14:06:18] [WIND] - Adding EU-CZE aggregated wind data...
INFO [2024-08-14 14:06:18] [WIND] - Adding EU-DEU aggregated wind data...
INFO [2024-08-14 14:06:18] [WIND] - Adding EU-DNK aggregated wind data...
INFO [2024-08-14 14:06:19] [WIND] - Adding EU-ESP aggregated wind data...
INFO [2024-08-14 14:06:19] [WIND] - Adding EU-EST aggregated wind data...
INFO [2024-08-14 14:06:19] [WIND] - Adding EU-FIN aggregated wind data...
INFO [2024-08-14 14:06:19] [WIND] - Adding EU-FRA aggregated wind data...
INFO [2024-08-14 14:06:20] [WIND] - Adding EU-GBR aggregated wind data...
INFO [2024-08-14 14:06:20] [WARN] - Skipped adding wind data for EU-GEO (no generators found in PLEXOS).
INFO [2024-08-14 14:06:20] [WIND] - Adding EU-GRC aggregated wind data...
INFO [2024-08-14 14:06:20] [WIND] - Adding EU-HRV aggregated wind data...
INFO [2024-08-14 14:06:20] [WIND] - Adding EU-HUN aggregated wind data...
INFO [2024-08-14 14:06:21] [WIND] - Adding EU-IRL aggregated wind data...
INFO [2024-08-14 14:06:21] [WARN] - Skipped adding wind data for EU-ISL (no generators found in PLEXOS).
INFO [2024-08-14 14:06:21] [WIND] - Adding EU-ITA aggregated wind data...
INFO [2024-08-14 14:06:21] [WARN] - Skipped adding wind data for EU-KOS (no generators found in PLEXOS).
INFO [2024-08-14 14:06:21] [WIND] - Adding EU-LTU aggregated wind data...
INFO [2024-08-14 14:06:21] [WIND] - Adding EU-LUX aggregated wind data...
INFO [2024-08-14 14:06:22] [WIND] - Adding EU-LVA aggregated wind data...
INFO [2024-08-14 14:06:22] [WARN] - Skipped adding wind data for EU-MDA (no generators found in PLEXOS).
INFO [2024-08-14 14:06:22] [WARN] - Skipped adding wind data for EU-MKD (no generators found in PLEXOS).
INFO [2024-08-14 14:06:22] [WARN] - Skipped adding wind data for EU-MNE (no generators found in PLEXOS).
INFO [2024-08-14 14:06:22] [WIND] - Adding EU-NLD aggregated wind data...
INFO [2024-08-14 14:06:22] [WIND] - Adding EU-NOR aggregated wind data...
INFO [2024-08-14 14:06:22] [WIND] - Adding EU-POL aggregated wind data...
INFO [2024-08-14 14:06:23] [WIND] - Adding EU-PRT aggregated wind data...
INFO [2024-08-14 14:06:23] [WIND] - Adding EU-ROU aggregated wind data...
INFO [2024-08-14 14:06:23] [WARN] - Skipped adding wind data for EU-SRB (no generators found in PLEXOS).
INFO [2024-08-14 14:06:23] [WARN] - Skipped adding wind data for EU-SVK (no generators found in PLEXOS).
INFO [2024-08-14 14:06:23] [WARN] - Skipped adding wind data for EU-SVN (no generators found in PLEXOS).
INFO [2024-08-14 14:06:23] [WIND] - Adding EU-SWE aggregated wind data...
INFO [2024-08-14 14:06:23] [WIND] - Adding EU-UKR aggregated wind data...
INFO [2024-08-14 14:06:23] [MAIN] - Done adding wind data! (run time : 7.39s).

INFO [2024-08-14 14:06:23] [MAIN] - Fetching solar data...

INFO [2024-08-14 14:06:24] [WARN] - Skipped adding solar data for EU-ALB (no generators found in PLEXOS).
INFO [2024-08-14 14:06:24] [WARN] - Skipped adding solar data for EU-ARM (no generators found in PLEXOS).
INFO [2024-08-14 14:06:24] [SOLAR] - Adding EU-AUT aggregated solar data...
INFO [2024-08-14 14:06:24] [SOLAR] - Adding EU-AZE aggregated solar data...
INFO [2024-08-14 14:06:24] [SOLAR] - Adding EU-BEL aggregated solar data...
INFO [2024-08-14 14:06:25] [SOLAR] - Adding EU-BGR aggregated solar data...
INFO [2024-08-14 14:06:25] [WARN] - Skipped adding solar data for EU-BIH (no generators found in PLEXOS).
INFO [2024-08-14 14:06:25] [WARN] - Skipped adding solar data for EU-BLR (no generators found in PLEXOS).
INFO [2024-08-14 14:06:25] [SOLAR] - Adding EU-CHE aggregated solar data...
INFO [2024-08-14 14:06:25] [SOLAR] - Adding EU-CYP aggregated solar data...
INFO [2024-08-14 14:06:25] [SOLAR] - Adding EU-CZE aggregated solar data...
INFO [2024-08-14 14:06:25] [SOLAR] - Adding EU-DEU aggregated solar data...
INFO [2024-08-14 14:06:26] [SOLAR] - Adding EU-DNK aggregated solar data...
INFO [2024-08-14 14:06:26] [SOLAR] - Adding EU-ESP aggregated solar data...
INFO [2024-08-14 14:06:26] [WARN] - Skipped adding solar data for EU-EST (no generators found in PLEXOS).
INFO [2024-08-14 14:06:26] [SOLAR] - Adding EU-FIN aggregated solar data...
INFO [2024-08-14 14:06:26] [SOLAR] - Adding EU-FRA aggregated solar data...
INFO [2024-08-14 14:06:27] [SOLAR] - Adding EU-GBR aggregated solar data...
INFO [2024-08-14 14:06:27] [WARN] - Skipped adding solar data for EU-GEO (no generators found in PLEXOS).
INFO [2024-08-14 14:06:27] [SOLAR] - Adding EU-GRC aggregated solar data...
INFO [2024-08-14 14:06:27] [SOLAR] - Adding EU-HRV aggregated solar data...
INFO [2024-08-14 14:06:28] [SOLAR] - Adding EU-HUN aggregated solar data...
INFO [2024-08-14 14:06:28] [WARN] - Skipped adding solar data for EU-IRL (no generators found in PLEXOS).
INFO [2024-08-14 14:06:28] [WARN] - Skipped adding solar data for EU-ISL (no generators found in PLEXOS).
INFO [2024-08-14 14:06:28] [SOLAR] - Adding EU-ITA aggregated solar data...
INFO [2024-08-14 14:06:28] [WARN] - Skipped adding solar data for EU-KOS (no generators found in PLEXOS).
INFO [2024-08-14 14:06:28] [SOLAR] - Adding EU-LTU aggregated solar data...
INFO [2024-08-14 14:06:28] [SOLAR] - Adding EU-LUX aggregated solar data...
INFO [2024-08-14 14:06:28] [WARN] - Skipped adding solar data for EU-LVA (no generators found in PLEXOS).
INFO [2024-08-14 14:06:28] [WARN] - Skipped adding solar data for EU-MDA (no generators found in PLEXOS).
INFO [2024-08-14 14:06:29] [SOLAR] - Adding EU-MKD aggregated solar data...
INFO [2024-08-14 14:06:29] [WARN] - Skipped adding solar data for EU-MNE (no generators found in PLEXOS).
INFO [2024-08-14 14:06:29] [SOLAR] - Adding EU-NLD aggregated solar data...
INFO [2024-08-14 14:06:29] [SOLAR] - Adding EU-NOR aggregated solar data...
INFO [2024-08-14 14:06:29] [SOLAR] - Adding EU-POL aggregated solar data...
INFO [2024-08-14 14:06:30] [SOLAR] - Adding EU-PRT aggregated solar data...
INFO [2024-08-14 14:06:30] [SOLAR] - Adding EU-ROU aggregated solar data...
INFO [2024-08-14 14:06:30] [SOLAR] - Adding EU-SRB aggregated solar data...
INFO [2024-08-14 14:06:30] [SOLAR] - Adding EU-SVK aggregated solar data...
INFO [2024-08-14 14:06:30] [SOLAR] - Adding EU-SVN aggregated solar data...
INFO [2024-08-14 14:06:31] [SOLAR] - Adding EU-SWE aggregated solar data...
INFO [2024-08-14 14:06:31] [SOLAR] - Adding EU-UKR aggregated solar data...
INFO [2024-08-14 14:06:31] [MAIN] - Done adding solar data! (run time : 7.56s).

INFO [2024-08-14 14:06:31] [MAIN] - Beginning hydro implementation...
INFO [2024-08-14 14:06:32] [HYDRO] - Initializing EU-ALB hydro parameters...
INFO [2024-08-14 14:06:33] [HYDRO] - Adding EU-ALB max power timeseries...
INFO [2024-08-14 14:06:34] [HYDRO] - Adding EU-ALB hydro profiles...
INFO [2024-08-14 14:06:35] [HYDRO] - Initializing EU-ARM hydro parameters...
INFO [2024-08-14 14:06:36] [HYDRO] - Adding EU-ARM max power timeseries...
INFO [2024-08-14 14:06:37] [HYDRO] - Adding EU-ARM hydro profiles...
INFO [2024-08-14 14:06:38] [HYDRO] - Initializing EU-AUT hydro parameters...
INFO [2024-08-14 14:06:38] [HYDRO] - Adding EU-AUT max power timeseries...
INFO [2024-08-14 14:06:39] [HYDRO] - Adding EU-AUT hydro profiles...
INFO [2024-08-14 14:06:40] [HYDRO] - Initializing EU-AZE hydro parameters...
INFO [2024-08-14 14:06:41] [HYDRO] - Adding EU-AZE max power timeseries...
INFO [2024-08-14 14:06:41] [HYDRO] - Adding EU-AZE hydro profiles...
INFO [2024-08-14 14:06:43] [HYDRO] - Initializing EU-BEL hydro parameters...
INFO [2024-08-14 14:06:43] [HYDRO] - Adding EU-BEL max power timeseries...
INFO [2024-08-14 14:06:44] [HYDRO] - Adding EU-BEL hydro profiles...
INFO [2024-08-14 14:06:45] [HYDRO] - Initializing EU-BGR hydro parameters...
INFO [2024-08-14 14:06:46] [HYDRO] - Adding EU-BGR max power timeseries...
INFO [2024-08-14 14:06:47] [HYDRO] - Adding EU-BGR hydro profiles...
INFO [2024-08-14 14:06:48] [HYDRO] - Initializing EU-BIH hydro parameters...
INFO [2024-08-14 14:06:49] [HYDRO] - Adding EU-BIH max power timeseries...
INFO [2024-08-14 14:06:49] [HYDRO] - Adding EU-BIH hydro profiles...
INFO [2024-08-14 14:06:51] [HYDRO] - Initializing EU-BLR hydro parameters...
INFO [2024-08-14 14:06:51] [HYDRO] - Adding EU-BLR max power timeseries...
INFO [2024-08-14 14:06:52] [HYDRO] - Adding EU-BLR hydro profiles...
INFO [2024-08-14 14:06:53] [HYDRO] - Initializing EU-CHE hydro parameters...
INFO [2024-08-14 14:06:54] [HYDRO] - Adding EU-CHE max power timeseries...
INFO [2024-08-14 14:06:55] [HYDRO] - Adding EU-CHE hydro profiles...
INFO [2024-08-14 14:06:56] [HYDRO] - Initializing EU-CZE hydro parameters...
INFO [2024-08-14 14:06:56] [HYDRO] - Adding EU-CZE max power timeseries...
INFO [2024-08-14 14:06:57] [HYDRO] - Adding EU-CZE hydro profiles...
INFO [2024-08-14 14:06:58] [HYDRO] - Initializing EU-DEU hydro parameters...
INFO [2024-08-14 14:06:59] [HYDRO] - Adding EU-DEU max power timeseries...
INFO [2024-08-14 14:07:00] [HYDRO] - Adding EU-DEU hydro profiles...
INFO [2024-08-14 14:07:01] [HYDRO] - Initializing EU-ESP hydro parameters...
INFO [2024-08-14 14:07:02] [HYDRO] - Adding EU-ESP max power timeseries...
INFO [2024-08-14 14:07:03] [HYDRO] - Adding EU-ESP hydro profiles...
INFO [2024-08-14 14:07:04] [HYDRO] - Initializing EU-FIN hydro parameters...
INFO [2024-08-14 14:07:05] [HYDRO] - Adding EU-FIN max power timeseries...
INFO [2024-08-14 14:07:06] [HYDRO] - Adding EU-FIN hydro profiles...
INFO [2024-08-14 14:07:08] [HYDRO] - Initializing EU-FRA hydro parameters...
INFO [2024-08-14 14:07:08] [HYDRO] - Adding EU-FRA max power timeseries...
INFO [2024-08-14 14:07:09] [HYDRO] - Adding EU-FRA hydro profiles...
INFO [2024-08-14 14:07:10] [HYDRO] - Initializing EU-GBR hydro parameters...
INFO [2024-08-14 14:07:11] [HYDRO] - Adding EU-GBR max power timeseries...
INFO [2024-08-14 14:07:12] [HYDRO] - Adding EU-GBR hydro profiles...
INFO [2024-08-14 14:07:13] [HYDRO] - Initializing EU-GEO hydro parameters...
INFO [2024-08-14 14:07:14] [HYDRO] - Adding EU-GEO max power timeseries...
INFO [2024-08-14 14:07:15] [HYDRO] - Adding EU-GEO hydro profiles...
INFO [2024-08-14 14:07:16] [HYDRO] - Initializing EU-GRC hydro parameters...
INFO [2024-08-14 14:07:17] [HYDRO] - Adding EU-GRC max power timeseries...
INFO [2024-08-14 14:07:18] [HYDRO] - Adding EU-GRC hydro profiles...
INFO [2024-08-14 14:07:19] [HYDRO] - Initializing EU-HRV hydro parameters...
INFO [2024-08-14 14:07:19] [HYDRO] - Adding EU-HRV max power timeseries...
INFO [2024-08-14 14:07:20] [HYDRO] - Adding EU-HRV hydro profiles...
INFO [2024-08-14 14:07:22] [HYDRO] - Initializing EU-HUN hydro parameters...
INFO [2024-08-14 14:07:22] [HYDRO] - Adding EU-HUN max power timeseries...
INFO [2024-08-14 14:07:23] [HYDRO] - Adding EU-HUN hydro profiles...
INFO [2024-08-14 14:07:24] [HYDRO] - Initializing EU-IRL hydro parameters...
INFO [2024-08-14 14:07:25] [HYDRO] - Adding EU-IRL max power timeseries...
INFO [2024-08-14 14:07:26] [HYDRO] - Adding EU-IRL hydro profiles...
INFO [2024-08-14 14:07:27] [HYDRO] - Initializing EU-ISL hydro parameters...
INFO [2024-08-14 14:07:27] [HYDRO] - Adding EU-ISL max power timeseries...
INFO [2024-08-14 14:07:28] [HYDRO] - Adding EU-ISL hydro profiles...
INFO [2024-08-14 14:07:29] [HYDRO] - Initializing EU-ITA hydro parameters...
INFO [2024-08-14 14:07:30] [HYDRO] - Adding EU-ITA max power timeseries...
INFO [2024-08-14 14:07:31] [HYDRO] - Adding EU-ITA hydro profiles...
INFO [2024-08-14 14:07:32] [HYDRO] - Initializing EU-KOS hydro parameters...
INFO [2024-08-14 14:07:33] [HYDRO] - Adding EU-KOS max power timeseries...
INFO [2024-08-14 14:07:33] [HYDRO] - Adding EU-KOS hydro profiles...
INFO [2024-08-14 14:07:34] [HYDRO] - Initializing EU-LTU hydro parameters...
INFO [2024-08-14 14:07:35] [HYDRO] - Adding EU-LTU max power timeseries...
INFO [2024-08-14 14:07:36] [HYDRO] - Adding EU-LTU hydro profiles...
INFO [2024-08-14 14:07:37] [HYDRO] - Initializing EU-LUX hydro parameters...
INFO [2024-08-14 14:07:38] [HYDRO] - Adding EU-LUX max power timeseries...
INFO [2024-08-14 14:07:38] [HYDRO] - Adding EU-LUX hydro profiles...
INFO [2024-08-14 14:07:40] [HYDRO] - Initializing EU-LVA hydro parameters...
INFO [2024-08-14 14:07:40] [HYDRO] - Adding EU-LVA max power timeseries...
INFO [2024-08-14 14:07:41] [HYDRO] - Adding EU-LVA hydro profiles...
INFO [2024-08-14 14:07:42] [HYDRO] - Initializing EU-MDA hydro parameters...
INFO [2024-08-14 14:07:43] [HYDRO] - Adding EU-MDA max power timeseries...
INFO [2024-08-14 14:07:44] [HYDRO] - Adding EU-MDA hydro profiles...
INFO [2024-08-14 14:07:45] [HYDRO] - Initializing EU-MKD hydro parameters...
INFO [2024-08-14 14:07:45] [HYDRO] - Adding EU-MKD max power timeseries...
INFO [2024-08-14 14:07:46] [HYDRO] - Adding EU-MKD hydro profiles...
INFO [2024-08-14 14:07:47] [HYDRO] - Initializing EU-MNE hydro parameters...
INFO [2024-08-14 14:07:48] [HYDRO] - Adding EU-MNE max power timeseries...
INFO [2024-08-14 14:07:49] [HYDRO] - Adding EU-MNE hydro profiles...
INFO [2024-08-14 14:07:50] [HYDRO] - Initializing EU-NLD hydro parameters...
INFO [2024-08-14 14:07:50] [HYDRO] - Adding EU-NLD max power timeseries...
INFO [2024-08-14 14:07:51] [HYDRO] - Adding EU-NLD hydro profiles...
INFO [2024-08-14 14:07:52] [HYDRO] - Initializing EU-NOR hydro parameters...
INFO [2024-08-14 14:07:53] [HYDRO] - Adding EU-NOR max power timeseries...
INFO [2024-08-14 14:07:53] [HYDRO] - Adding EU-NOR hydro profiles...
INFO [2024-08-14 14:07:55] [HYDRO] - Initializing EU-POL hydro parameters...
INFO [2024-08-14 14:07:55] [HYDRO] - Adding EU-POL max power timeseries...
INFO [2024-08-14 14:07:56] [HYDRO] - Adding EU-POL hydro profiles...
INFO [2024-08-14 14:07:57] [HYDRO] - Initializing EU-PRT hydro parameters...
INFO [2024-08-14 14:07:57] [HYDRO] - Adding EU-PRT max power timeseries...
INFO [2024-08-14 14:07:58] [HYDRO] - Adding EU-PRT hydro profiles...
INFO [2024-08-14 14:07:59] [HYDRO] - Initializing EU-ROU hydro parameters...
INFO [2024-08-14 14:08:00] [HYDRO] - Adding EU-ROU max power timeseries...
INFO [2024-08-14 14:08:00] [HYDRO] - Adding EU-ROU hydro profiles...
INFO [2024-08-14 14:08:01] [HYDRO] - Initializing EU-SRB hydro parameters...
INFO [2024-08-14 14:08:02] [HYDRO] - Adding EU-SRB max power timeseries...
INFO [2024-08-14 14:08:03] [HYDRO] - Adding EU-SRB hydro profiles...
INFO [2024-08-14 14:08:04] [HYDRO] - Initializing EU-SVK hydro parameters...
INFO [2024-08-14 14:08:05] [HYDRO] - Adding EU-SVK max power timeseries...
INFO [2024-08-14 14:08:05] [HYDRO] - Adding EU-SVK hydro profiles...
INFO [2024-08-14 14:08:06] [HYDRO] - Initializing EU-SVN hydro parameters...
INFO [2024-08-14 14:08:07] [HYDRO] - Adding EU-SVN max power timeseries...
INFO [2024-08-14 14:08:08] [HYDRO] - Adding EU-SVN hydro profiles...
INFO [2024-08-14 14:08:09] [HYDRO] - Initializing EU-SWE hydro parameters...
INFO [2024-08-14 14:08:09] [HYDRO] - Adding EU-SWE max power timeseries...
INFO [2024-08-14 14:08:10] [HYDRO] - Adding EU-SWE hydro profiles...
INFO [2024-08-14 14:08:12] [HYDRO] - Initializing EU-UKR hydro parameters...
INFO [2024-08-14 14:08:12] [HYDRO] - Adding EU-UKR max power timeseries...
INFO [2024-08-14 14:08:13] [HYDRO] - Adding EU-UKR hydro profiles...
INFO [2024-08-14 14:08:13] [MAIN] - Done adding hydro!
INFO [2024-08-14 14:08:13] [MAIN] - Fetching thermal data...

INFO [2024-08-14 14:08:13] [THERMAL] - Adding ALB_OTH_VLORA15 generator to EU-ALB node...
INFO [2024-08-14 14:08:14] [THERMAL] - Adding ARM_GAS_CAPACITY SCALER generator to EU-ARM node...
INFO [2024-08-14 14:08:14] [THERMAL] - Adding ARM_GAS_NEWYEREVAN297 generator to EU-ARM node...
INFO [2024-08-14 14:08:14] [THERMAL] - Adding ARM_GAS_YEREVAN302 generator to EU-ARM node...
INFO [2024-08-14 14:08:14] [THERMAL] - Adding ARM_GAS_HRAZADAN296 generator to EU-ARM node...
INFO [2024-08-14 14:08:15] [THERMAL] - Adding ARM_NUC_ARMENIAN2295 generator to EU-ARM node...
INFO [2024-08-14 14:08:15] [THERMAL] - Adding AUT_GAS_SIMMERING807 generator to EU-AUT node...
INFO [2024-08-14 14:08:15] [THERMAL] - Adding AUT_GAS_CAPACITY SCALER generator to EU-AUT node...
INFO [2024-08-14 14:08:15] [THERMAL] - Adding AUT_GAS_DONAUSTADT739 generator to EU-AUT node...
INFO [2024-08-14 14:08:16] [THERMAL] - Adding AUT_GAS_TIMELKAM816 generator to EU-AUT node...
INFO [2024-08-14 14:08:16] [THERMAL] - Adding AUT_COA_CAPACITY SCALER generator to EU-AUT node...
INFO [2024-08-14 14:08:16] [THERMAL] - Adding AUT_BIO_CAPACITY SCALER generator to EU-AUT node...
INFO [2024-08-14 14:08:16] [THERMAL] - Adding AUT_OIL_CAPACITY SCALER generator to EU-AUT node...
INFO [2024-08-14 14:08:17] [THERMAL] - Adding AZE_GAS_ASTARAES835_KHACHMAZES841 generator to EU-AZE node...
INFO [2024-08-14 14:08:17] [THERMAL] - Adding AZE_GAS_BAKUES837 generator to EU-AZE node...
INFO [2024-08-14 14:08:17] [THERMAL] - Adding AZE_GAS_BAKUTEC838 generator to EU-AZE node...
INFO [2024-08-14 14:08:18] [THERMAL] - Adding AZE_GAS_SUMQAYIT846 generator to EU-AZE node...
INFO [2024-08-14 14:08:18] [THERMAL] - Adding AZE_GAS_SANGACHALES843 generator to EU-AZE node...
INFO [2024-08-14 14:08:18] [THERMAL] - Adding AZE_GAS_CAPACITY SCALER generator to EU-AZE node...
INFO [2024-08-14 14:08:18] [THERMAL] - Adding AZE_GAS_JANUB840 generator to EU-AZE node...
INFO [2024-08-14 14:08:19] [THERMAL] - Adding AZE_GAS_SHIMAL845 generator to EU-AZE node...
INFO [2024-08-14 14:08:19] [THERMAL] - Adding AZE_BIO_CAPACITY SCALER generator to EU-AZE node...
INFO [2024-08-14 14:08:19] [THERMAL] - Adding AZE_OIL_CAPACITY SCALER generator to EU-AZE node...
INFO [2024-08-14 14:08:20] [THERMAL] - Adding AZE_OIL_AZERBAIJANTPP836 generator to EU-AZE node...
INFO [2024-08-14 14:08:20] [THERMAL] - Adding BEL_GAS_AALSTSYRALST932_DROGENBOSDM51944 generator to EU-BEL node...
INFO [2024-08-14 14:08:20] [THERMAL] - Adding BEL_GAS_ZWIJNDRECHTLAN993 generator to EU-BEL node...
INFO [2024-08-14 14:08:20] [THERMAL] - Adding BEL_GAS_BEVERENINEOSP940 generator to EU-BEL node...
INFO [2024-08-14 14:08:21] [THERMAL] - Adding BEL_GAS_ZEEBRUGGE2FLU988 generator to EU-BEL node...
INFO [2024-08-14 14:08:21] [THERMAL] - Adding BEL_GAS_AALSTSYRALGT931_ZWIJNDRECHTLAN992 generator to EU-BEL node...
INFO [2024-08-14 14:08:21] [THERMAL] - Adding BEL_GAS_DROGENBOSGT0945 generator to EU-BEL node...
INFO [2024-08-14 14:08:21] [THERMAL] - Adding BEL_GAS_HAMGENTWKK950 generator to EU-BEL node...
INFO [2024-08-14 14:08:22] [THERMAL] - Adding BEL_GAS_LANGERLO4REPO966 generator to EU-BEL node...
INFO [2024-08-14 14:08:22] [THERMAL] - Adding BEL_GAS_ANGLEURTG41929 generator to EU-BEL node...
INFO [2024-08-14 14:08:22] [THERMAL] - Adding BEL_GAS_INESCOWKK960 generator to EU-BEL node...
INFO [2024-08-14 14:08:23] [THERMAL] - Adding BEL_GAS_MARCINELLEENER968 generator to EU-BEL node...
INFO [2024-08-14 14:08:23] [THERMAL] - Adding BEL_GAS_TPOWERBERINGE978 generator to EU-BEL node...
INFO [2024-08-14 14:08:23] [THERMAL] - Adding BEL_GAS_AMERCOEUR1RT933 generator to EU-BEL node...
INFO [2024-08-14 14:08:24] [THERMAL] - Adding BEL_GAS_DROGENBOSTGV946_HERDERSBRUGSTE952 generator to EU-BEL node...
INFO [2024-08-14 14:08:24] [THERMAL] - Adding BEL_GAS_ZELZATE2KNIPP990 generator to EU-BEL node...
INFO [2024-08-14 14:08:24] [THERMAL] - Adding BEL_GAS_SAINTGHISLAIN975 generator to EU-BEL node...
INFO [2024-08-14 14:08:25] [THERMAL] - Adding BEL_GAS_RINGVAARTSTEG972 generator to EU-BEL node...
INFO [2024-08-14 14:08:25] [THERMAL] - Adding BEL_GAS_CAPACITY SCALER generator to EU-BEL node...
INFO [2024-08-14 14:08:25] [THERMAL] - Adding BEL_COA_LANGERLO1965 generator to EU-BEL node...
INFO [2024-08-14 14:08:25] [THERMAL] - Adding BEL_WAS_WILRIJKISVAG984 generator to EU-BEL node...
INFO [2024-08-14 14:08:26] [THERMAL] - Adding BEL_WAS_IVBO961 generator to EU-BEL node...
INFO [2024-08-14 14:08:26] [THERMAL] - Adding BEL_WAS_ELECTRAWINDSBI948 generator to EU-BEL node...
INFO [2024-08-14 14:08:26] [THERMAL] - Adding BEL_WAS_BEVEREN2INDAV939 generator to EU-BEL node...
INFO [2024-08-14 14:08:27] [THERMAL] - Adding BEL_WAS_INCINERATEURTH962_INTRADELHERSTA963 generator to EU-BEL node...
INFO [2024-08-14 14:08:27] [THERMAL] - Adding BEL_WAS_SCHAERBEEKSIOM977 generator to EU-BEL node...
INFO [2024-08-14 14:08:27] [THERMAL] - Adding BEL_WAS_LANGERBRUGGEST964 generator to EU-BEL node...
INFO [2024-08-14 14:08:27] [THERMAL] - Adding BEL_BIO_AWIRS4930 generator to EU-BEL node...
INFO [2024-08-14 14:08:28] [THERMAL] - Adding BEL_BIO_RODENHUIZE4973 generator to EU-BEL node...
INFO [2024-08-14 14:08:28] [THERMAL] - Adding BEL_BIO_CAPACITY SCALER generator to EU-BEL node...
INFO [2024-08-14 14:08:28] [THERMAL] - Adding BEL_NUC_TIHANGE1N979 generator to EU-BEL node...
INFO [2024-08-14 14:08:29] [THERMAL] - Adding BEL_NUC_TIHANGE3980 generator to EU-BEL node...
INFO [2024-08-14 14:08:29] [THERMAL] - Adding BEL_NUC_DOEL4943 generator to EU-BEL node...
INFO [2024-08-14 14:08:29] [WARN] - Failed to add BEL_OIL_AALTERTJ928_BUDATJ936_CIERREUXTJ941_DEUXACRENTJ947_NOORDSCHOTETJ969_ZEDELGEMTJ987_ZEEBRUGGETJ989_ZELZATETJ991 generator to EU-BEL node, skipping...
INFO [2024-08-14 14:08:29] [THERMAL] - Adding BEL_OIL_BEERSETJ935 generator to EU-BEL node...
INFO [2024-08-14 14:08:30] [THERMAL] - Adding BGR_COA_REPUBLIKAPOWER3405 generator to EU-BGR node...
INFO [2024-08-14 14:08:30] [THERMAL] - Adding BGR_COA_TOPLORUSE3408 generator to EU-BGR node...
INFO [2024-08-14 14:08:30] [THERMAL] - Adding BGR_COA_MARITSA3POWER3398_VIDINWORKSPOW3409 generator to EU-BGR node...
INFO [2024-08-14 14:08:31] [THERMAL] - Adding BGR_COA_DEVENPOWERSTA3393 generator to EU-BGR node...
INFO [2024-08-14 14:08:31] [THERMAL] - Adding BGR_COA_RUSE3404 generator to EU-BGR node...
INFO [2024-08-14 14:08:31] [THERMAL] - Adding BGR_COA_BOBOVDOLPOWER3391 generator to EU-BGR node...
INFO [2024-08-14 14:08:31] [THERMAL] - Adding BGR_COA_AESGALABOVO3390 generator to EU-BGR node...
INFO [2024-08-14 14:08:32] [THERMAL] - Adding BGR_COA_MARITSAITZOK33400 generator to EU-BGR node...
INFO [2024-08-14 14:08:32] [THERMAL] - Adding BGR_COA_BRIKELPOWERST3392 generator to EU-BGR node...
INFO [2024-08-14 14:08:32] [THERMAL] - Adding BGR_COA_CAPACITY SCALER generator to EU-BGR node...
INFO [2024-08-14 14:08:32] [THERMAL] - Adding BGR_COA_MARITSAITZOK23399 generator to EU-BGR node...
INFO [2024-08-14 14:08:33] [THERMAL] - Adding BGR_BIO_CAPACITY SCALER generator to EU-BGR node...
INFO [2024-08-14 14:08:33] [THERMAL] - Adding BGR_NUC_KOZLODUY3396 generator to EU-BGR node...
INFO [2024-08-14 14:08:33] [THERMAL] - Adding BIH_COA_KAKANJCHPPOWE1032 generator to EU-BIH node...
INFO [2024-08-14 14:08:34] [THERMAL] - Adding BIH_COA_TUZLACHPPOWER1041 generator to EU-BIH node...
INFO [2024-08-14 14:08:34] [THERMAL] - Adding BIH_COA_GACKOCOALCHP1027_UGLJEVIKCHPCO1042 generator to EU-BIH node...
INFO [2024-08-14 14:08:34] [THERMAL] - Adding BLR_GAS_GOMEL1CHPPOW913 generator to EU-BLR node...
INFO [2024-08-14 14:08:34] [THERMAL] - Adding BLR_GAS_LIDAPOWERPLAN916 generator to EU-BLR node...
INFO [2024-08-14 14:08:35] [THERMAL] - Adding BLR_GAS_ZHODINOCHPCCG927 generator to EU-BLR node...
INFO [2024-08-14 14:08:35] [THERMAL] - Adding BLR_GAS_ORSHACOGENERAT924 generator to EU-BLR node...
INFO [2024-08-14 14:08:35] [THERMAL] - Adding BLR_GAS_VITEBSKTHERMAL926 generator to EU-BLR node...
INFO [2024-08-14 14:08:35] [THERMAL] - Adding BLR_GAS_SVETLOGORSKCHP925 generator to EU-BLR node...
INFO [2024-08-14 14:08:36] [THERMAL] - Adding BLR_GAS_BOBRUISKCHP2912_GRODNOCHP2PO915 generator to EU-BLR node...
INFO [2024-08-14 14:08:36] [THERMAL] - Adding BLR_GAS_MOZYRTHERMALP922 generator to EU-BLR node...
INFO [2024-08-14 14:08:36] [THERMAL] - Adding BLR_GAS_NOVOPOLOTSKTHE923 generator to EU-BLR node...
INFO [2024-08-14 14:08:36] [THERMAL] - Adding BLR_GAS_MINSK3CHPCCG918 generator to EU-BLR node...
INFO [2024-08-14 14:08:37] [THERMAL] - Adding BLR_GAS_GOMEL2CHPPOW914 generator to EU-BLR node...
INFO [2024-08-14 14:08:37] [THERMAL] - Adding BLR_GAS_CAPACITY SCALER generator to EU-BLR node...
INFO [2024-08-14 14:08:37] [THERMAL] - Adding BLR_GAS_MINSK4CHPCCG919_MOGILEVCHP2T921 generator to EU-BLR node...
INFO [2024-08-14 14:08:38] [THERMAL] - Adding BLR_GAS_LUKOMLTHERMAL917 generator to EU-BLR node...
INFO [2024-08-14 14:08:38] [THERMAL] - Adding BLR_GAS_BEREZASDPPTHE911 generator to EU-BLR node...
INFO [2024-08-14 14:08:38] [THERMAL] - Adding BLR_GAS_MINSK5CHPCCG920 generator to EU-BLR node...
INFO [2024-08-14 14:08:38] [THERMAL] - Adding BLR_BIO_CAPACITY SCALER generator to EU-BLR node...
INFO [2024-08-14 14:08:39] [THERMAL] - Adding CHE_GAS_CAPACITY SCALER generator to EU-CHE node...
INFO [2024-08-14 14:08:39] [THERMAL] - Adding CHE_COA_CAPACITY SCALER generator to EU-CHE node...
INFO [2024-08-14 14:08:39] [THERMAL] - Adding CHE_BIO_CAPACITY SCALER generator to EU-CHE node...
INFO [2024-08-14 14:08:39] [THERMAL] - Adding CHE_NUC_KERNKRAFTWERKB17760 generator to EU-CHE node...
INFO [2024-08-14 14:08:40] [THERMAL] - Adding CHE_NUC_KERNKRAFTWERKM17763 generator to EU-CHE node...
INFO [2024-08-14 14:08:40] [THERMAL] - Adding CHE_NUC_KERNKRAFTWERKL17762 generator to EU-CHE node...
INFO [2024-08-14 14:08:40] [THERMAL] - Adding CHE_NUC_KERNKRAFTWERKG17761 generator to EU-CHE node...
INFO [2024-08-14 14:08:41] [THERMAL] - Adding CHE_OIL_CAPACITY SCALER generator to EU-CHE node...
INFO [2024-08-14 14:08:41] [THERMAL] - Adding CYP_GAS_VASILIKOSPOWER7996 generator to EU-CYP node...
INFO [2024-08-14 14:08:41] [THERMAL] - Adding CYP_OIL_MONIPOWERSTAT7995 generator to EU-CYP node...
INFO [2024-08-14 14:08:41] [THERMAL] - Adding CYP_OIL_DHEKELIAPOWER7994 generator to EU-CYP node...
INFO [2024-08-14 14:08:42] [THERMAL] - Adding CYP_OIL_CAPACITY SCALER generator to EU-CYP node...
INFO [2024-08-14 14:08:42] [THERMAL] - Adding CZE_GAS_KLADNOTG68133 generator to EU-CZE node...
INFO [2024-08-14 14:08:42] [THERMAL] - Adding CZE_GAS_POERADY8266 generator to EU-CZE node...
INFO [2024-08-14 14:08:42] [THERMAL] - Adding CZE_GAS_VESOV8408 generator to EU-CZE node...
INFO [2024-08-14 14:08:43] [THERMAL] - Adding CZE_GAS_CAPACITY SCALER generator to EU-CZE node...
INFO [2024-08-14 14:08:43] [THERMAL] - Adding CZE_COA_ZLINPOWERSTAT8415 generator to EU-CZE node...
INFO [2024-08-14 14:08:43] [THERMAL] - Adding CZE_COA_PLZENSKAENERGE8255 generator to EU-CZE node...
INFO [2024-08-14 14:08:43] [THERMAL] - Adding CZE_COA_SKOENERGOPOWE8311 generator to EU-CZE node...
INFO [2024-08-14 14:08:44] [THERMAL] - Adding CZE_COA_BRNOPOWERSTAT8018 generator to EU-CZE node...
INFO [2024-08-14 14:08:44] [THERMAL] - Adding CZE_COA_HODONINPOWERS8092 generator to EU-CZE node...
INFO [2024-08-14 14:08:44] [THERMAL] - Adding CZE_COA_PLZENSKATEPALR8254 generator to EU-CZE node...
INFO [2024-08-14 14:08:45] [THERMAL] - Adding CZE_COA_STETIMONDIPOW8323 generator to EU-CZE node...
INFO [2024-08-14 14:08:45] [THERMAL] - Adding CZE_COA_TRMICE8357 generator to EU-CZE node...
INFO [2024-08-14 14:08:45] [THERMAL] - Adding CZE_COA_MALESICEPOWER8195_PORICIPOWERST8264 generator to EU-CZE node...
INFO [2024-08-14 14:08:45] [THERMAL] - Adding CZE_COA_TREBOVICEPOWER8355 generator to EU-CZE node...
INFO [2024-08-14 14:08:46] [THERMAL] - Adding CZE_COA_OPATOVICEPOWER8238 generator to EU-CZE node...
INFO [2024-08-14 14:08:46] [THERMAL] - Adding CZE_COA_KLADNO8132 generator to EU-CZE node...
INFO [2024-08-14 14:08:46] [THERMAL] - Adding CZE_COA_KOMORANYPOWER8139 generator to EU-CZE node...
INFO [2024-08-14 14:08:47] [THERMAL] - Adding CZE_COA_LEDVICEPOWERS8176 generator to EU-CZE node...
INFO [2024-08-14 14:08:47] [THERMAL] - Adding CZE_COA_MELNIKPOWERST8201 generator to EU-CZE node...
INFO [2024-08-14 14:08:47] [THERMAL] - Adding CZE_COA_POCERADYPOWER8259 generator to EU-CZE node...
INFO [2024-08-14 14:08:48] [THERMAL] - Adding CZE_COA_DETMAROVICEPOW8061_TUSIMICEPOWER8361 generator to EU-CZE node...
INFO [2024-08-14 14:08:48] [THERMAL] - Adding CZE_COA_CHVALETICEPOWE8056 generator to EU-CZE node...
INFO [2024-08-14 14:08:48] [THERMAL] - Adding CZE_COA_TISOVAPOWERST8351 generator to EU-CZE node...
INFO [2024-08-14 14:08:49] [THERMAL] - Adding CZE_COA_CAPACITY SCALER generator to EU-CZE node...
INFO [2024-08-14 14:08:49] [THERMAL] - Adding CZE_BIO_CAPACITY SCALER generator to EU-CZE node...
INFO [2024-08-14 14:08:49] [THERMAL] - Adding CZE_NUC_DUKONAVY8081 generator to EU-CZE node...
INFO [2024-08-14 14:08:49] [THERMAL] - Adding CZE_NUC_TEMELN8349 generator to EU-CZE node...
INFO [2024-08-14 14:08:50] [THERMAL] - Adding DEU_GAS_KESSEL211371 generator to EU-DEU node...
INFO [2024-08-14 14:08:50] [THERMAL] - Adding DEU_GAS_ERWEITERUNGENE11099 generator to EU-DEU node...
INFO [2024-08-14 14:08:50] [THERMAL] - Adding DEU_GAS_HKWBADSALZUNG11195 generator to EU-DEU node...
INFO [2024-08-14 14:08:50] [THERMAL] - Adding DEU_GAS_BHKWHAUFFSTRA10912 generator to EU-DEU node...
INFO [2024-08-14 14:08:51] [THERMAL] - Adding DEU_GAS_HEIZKRAFTWERK511262 generator to EU-DEU node...
INFO [2024-08-14 14:08:51] [THERMAL] - Adding DEU_GAS_BHKWANKLINKER10911_PLWERKLAGE11560 generator to EU-DEU node...
INFO [2024-08-14 14:08:51] [THERMAL] - Adding DEU_GAS_PWG11567 generator to EU-DEU node...
INFO [2024-08-14 14:08:52] [THERMAL] - Adding DEU_GAS_BIOMASSGENERAT10958 generator to EU-DEU node...
INFO [2024-08-14 14:08:52] [THERMAL] - Adding DEU_GAS_ENERGIEZENTRALE11091 generator to EU-DEU node...
INFO [2024-08-14 14:08:52] [THERMAL] - Adding DEU_GAS_ENERGIEZENTRALE11090 generator to EU-DEU node...
INFO [2024-08-14 14:08:52] [THERMAL] - Adding DEU_GAS_INDUSTRIEKRAFTW11332_PLWERKAPPELD11556_STEINITZ11714 generator to EU-DEU node...
INFO [2024-08-14 14:08:53] [THERMAL] - Adding DEU_GAS_INDUSTRIEKRAFTW11334 generator to EU-DEU node...
INFO [2024-08-14 14:08:53] [THERMAL] - Adding DEU_GAS_COGENERATION11014 generator to EU-DEU node...
INFO [2024-08-14 14:08:53] [THERMAL] - Adding DEU_GAS_HKWKARCHERSTR_11215 generator to EU-DEU node...
INFO [2024-08-14 14:08:53] [THERMAL] - Adding DEU_GAS_BHKWLUDWIGSHAF10909 generator to EU-DEU node...
INFO [2024-08-14 14:08:54] [THERMAL] - Adding DEU_GAS_HEIZKRAFTWERKK11272_KRAFTWERKMEGGL11404 generator to EU-DEU node...
INFO [2024-08-14 14:08:54] [THERMAL] - Adding DEU_GAS_KNPFKAGEV11343 generator to EU-DEU node...
INFO [2024-08-14 14:08:54] [THERMAL] - Adding DEU_GAS_HKWWEST11241 generator to EU-DEU node...
INFO [2024-08-14 14:08:55] [THERMAL] - Adding DEU_GAS_BHKW10907_GUDANLAGEDREW11129 generator to EU-DEU node...
INFO [2024-08-14 14:08:55] [THERMAL] - Adding DEU_GAS_BHKWOBEREVIEH10910_GHD11122 generator to EU-DEU node...
INFO [2024-08-14 14:08:55] [THERMAL] - Adding DEU_GAS_EGGERKRAFTWERK11073_HKWBOHRHGEL11197_KWKKHEIDELBERG11359_STW11652 generator to EU-DEU node...
INFO [2024-08-14 14:08:55] [THERMAL] - Adding DEU_GAS_KWKANLAGEKREF11358_MTDREN11459 generator to EU-DEU node...
INFO [2024-08-14 14:08:56] [THERMAL] - Adding DEU_GAS_HKWHELMSHGE11190 generator to EU-DEU node...
INFO [2024-08-14 14:08:56] [THERMAL] - Adding DEU_GAS_KESSELHAUSZUCK11373 generator to EU-DEU node...
INFO [2024-08-14 14:08:56] [THERMAL] - Adding DEU_GAS_HKWMERKENICH11218 generator to EU-DEU node...
INFO [2024-08-14 14:08:57] [THERMAL] - Adding DEU_GAS_HKWMERHEIM11217 generator to EU-DEU node...
INFO [2024-08-14 14:08:57] [THERMAL] - Adding DEU_GAS_HEIZKRAFTWERKE11265 generator to EU-DEU node...
INFO [2024-08-14 14:08:57] [THERMAL] - Adding DEU_GAS_BHKWH_12010908 generator to EU-DEU node...
INFO [2024-08-14 14:08:57] [THERMAL] - Adding DEU_GAS_GUDKRAFTWERK11181 generator to EU-DEU node...
INFO [2024-08-14 14:08:58] [THERMAL] - Adding DEU_GAS_HEIZKRAFTWERK411261_KWKANLAGEBARB11356 generator to EU-DEU node...
INFO [2024-08-14 14:08:58] [THERMAL] - Adding DEU_GAS_HEIZKRAFTWERKZ11282 generator to EU-DEU node...
INFO [2024-08-14 14:08:58] [THERMAL] - Adding DEU_GAS_NATURALGASTUR11504 generator to EU-DEU node...
INFO [2024-08-14 14:08:59] [THERMAL] - Adding DEU_GAS_HKWGTTINGEN11207 generator to EU-DEU node...
INFO [2024-08-14 14:08:59] [THERMAL] - Adding DEU_GAS_FSKARTON11105 generator to EU-DEU node...
INFO [2024-08-14 14:08:59] [THERMAL] - Adding DEU_GAS_SIGMUNDSHALL11684 generator to EU-DEU node...
INFO [2024-08-14 14:09:00] [THERMAL] - Adding DEU_GAS_NATURALGASTUR11501 generator to EU-DEU node...
INFO [2024-08-14 14:09:00] [THERMAL] - Adding DEU_GAS_WERKSKRAFTWERK11804 generator to EU-DEU node...
INFO [2024-08-14 14:09:00] [THERMAL] - Adding DEU_GAS_BOCHUM10983 generator to EU-DEU node...
INFO [2024-08-14 14:09:01] [THERMAL] - Adding DEU_GAS_ENERGIEZENTRUM11092_HEIZKRAFTWERKS11278 generator to EU-DEU node...
INFO [2024-08-14 14:09:01] [THERMAL] - Adding DEU_GAS_HEIZKRAFTWERKB11264_HKWWIESENGRUND11237 generator to EU-DEU node...
INFO [2024-08-14 14:09:01] [THERMAL] - Adding DEU_GAS_HEIZKRAFTWERK111258 generator to EU-DEU node...
INFO [2024-08-14 14:09:02] [THERMAL] - Adding DEU_GAS_HKWSCHWERINLA11230 generator to EU-DEU node...
INFO [2024-08-14 14:09:02] [THERMAL] - Adding DEU_GAS_HKW111191 generator to EU-DEU node...
INFO [2024-08-14 14:09:02] [THERMAL] - Adding DEU_GAS_NATURALGASMOTO11510 generator to EU-DEU node...
INFO [2024-08-14 14:09:03] [THERMAL] - Adding DEU_GAS_HBB11188_INEOSKRAFTWERK11321 generator to EU-DEU node...
INFO [2024-08-14 14:09:03] [THERMAL] - Adding DEU_GAS_HKW211193 generator to EU-DEU node...
INFO [2024-08-14 14:09:03] [THERMAL] - Adding DEU_GAS_HKWNORD11240 generator to EU-DEU node...
INFO [2024-08-14 14:09:04] [THERMAL] - Adding DEU_GAS_KWKANLAGEKREF11357 generator to EU-DEU node...
INFO [2024-08-14 14:09:04] [THERMAL] - Adding DEU_GAS_DORTMUND11046 generator to EU-DEU node...
INFO [2024-08-14 14:09:04] [THERMAL] - Adding DEU_GAS_HKWSCHWARZA11229_IHKWHEIDENHEIM11315 generator to EU-DEU node...
INFO [2024-08-14 14:09:05] [THERMAL] - Adding DEU_GAS_HKWFREIBERG11206_XKRAFTWERK11843 generator to EU-DEU node...
INFO [2024-08-14 14:09:05] [THERMAL] - Adding DEU_GAS_NATURALGASTUR11500 generator to EU-DEU node...
INFO [2024-08-14 14:09:05] [THERMAL] - Adding DEU_GAS_HKWERLANGENN11204 generator to EU-DEU node...
INFO [2024-08-14 14:09:06] [THERMAL] - Adding DEU_GAS_NATURALGASTUR11505 generator to EU-DEU node...
INFO [2024-08-14 14:09:06] [THERMAL] - Adding DEU_GAS_UPMAUGSBURG11753 generator to EU-DEU node...
INFO [2024-08-14 14:09:06] [THERMAL] - Adding DEU_GAS_HKW1WERKOFFS11192 generator to EU-DEU node...
INFO [2024-08-14 14:09:07] [THERMAL] - Adding DEU_GAS_KWKAOSGMBH11353 generator to EU-DEU node...
INFO [2024-08-14 14:09:07] [THERMAL] - Adding DEU_GAS_HKWHUMBOLDTSTR11210 generator to EU-DEU node...
INFO [2024-08-14 14:09:07] [THERMAL] - Adding DEU_GAS_RAGANTHRAZITI11596 generator to EU-DEU node...
INFO [2024-08-14 14:09:08] [THERMAL] - Adding DEU_GAS_UNTERBREIZBACH11760 generator to EU-DEU node...
INFO [2024-08-14 14:09:08] [THERMAL] - Adding DEU_GAS_KRAFTWERK211393 generator to EU-DEU node...
INFO [2024-08-14 14:09:08] [THERMAL] - Adding DEU_GAS_EVCGLOBALFOU11064 generator to EU-DEU node...
INFO [2024-08-14 14:09:09] [THERMAL] - Adding DEU_GAS_HKWSDSTADT11232 generator to EU-DEU node...
INFO [2024-08-14 14:09:09] [THERMAL] - Adding DEU_GAS_HKWBRANDENBURG11198_HKWPFAFFENWALD11224_NATURALGASTUR11502 generator to EU-DEU node...
INFO [2024-08-14 14:09:09] [THERMAL] - Adding DEU_GAS_HEIZKRAFTWERKW11280 generator to EU-DEU node...
INFO [2024-08-14 14:09:10] [THERMAL] - Adding DEU_GAS_GUDKRAFTWERKH11172 generator to EU-DEU node...
INFO [2024-08-14 14:09:10] [THERMAL] - Adding DEU_GAS_INDUSTRIEKRAFTW11333 generator to EU-DEU node...
INFO [2024-08-14 14:09:11] [THERMAL] - Adding DEU_GAS_NATURALGASU_11507 generator to EU-DEU node...
INFO [2024-08-14 14:09:11] [THERMAL] - Adding DEU_GAS_KRAFTWERKGRENZ11398_SPITZENLASTKRAF11705 generator to EU-DEU node...
INFO [2024-08-14 14:09:11] [THERMAL] - Adding DEU_GAS_HKWFENNEGRUB11205 generator to EU-DEU node...
INFO [2024-08-14 14:09:12] [THERMAL] - Adding DEU_GAS_HKWHILTROP11209 generator to EU-DEU node...
INFO [2024-08-14 14:09:12] [THERMAL] - Adding DEU_GAS_HKWSCHWERINS11231 generator to EU-DEU node...
INFO [2024-08-14 14:09:12] [THERMAL] - Adding DEU_GAS_NATURALGASKRAF11509 generator to EU-DEU node...
INFO [2024-08-14 14:09:13] [THERMAL] - Adding DEU_GAS_KOMBIKRAFTWERK11389 generator to EU-DEU node...
INFO [2024-08-14 14:09:13] [THERMAL] - Adding DEU_GAS_GUDANLAGE11177 generator to EU-DEU node...
INFO [2024-08-14 14:09:13] [THERMAL] - Adding DEU_GAS_INDUSTRIEPARKW11335 generator to EU-DEU node...
INFO [2024-08-14 14:09:14] [THERMAL] - Adding DEU_GAS_EMDENNATURALG11086_KOMBIHKW11388 generator to EU-DEU node...
INFO [2024-08-14 14:09:14] [THERMAL] - Adding DEU_GAS_NATURALGASTUR11506 generator to EU-DEU node...
INFO [2024-08-14 14:09:15] [THERMAL] - Adding DEU_GAS_GUDLEUNA11173_ZIELITZ11850 generator to EU-DEU node...
INFO [2024-08-14 14:09:15] [THERMAL] - Adding DEU_GAS_HATTORF11252 generator to EU-DEU node...
INFO [2024-08-14 14:09:15] [THERMAL] - Adding DEU_GAS_HEIZKRAFTWERKP11276 generator to EU-DEU node...
INFO [2024-08-14 14:09:16] [THERMAL] - Adding DEU_GAS_HKWELTMANN11201 generator to EU-DEU node...
INFO [2024-08-14 14:09:16] [THERMAL] - Adding DEU_GAS_HKWCHEMNITZN11199 generator to EU-DEU node...
INFO [2024-08-14 14:09:16] [THERMAL] - Adding DEU_GAS_HKWWRTH11238 generator to EU-DEU node...
INFO [2024-08-14 14:09:17] [THERMAL] - Adding DEU_GAS_PKVKRAFTWERK11563 generator to EU-DEU node...
INFO [2024-08-14 14:09:17] [THERMAL] - Adding DEU_GAS_GUDANLAGEWVK11169 generator to EU-DEU node...
INFO [2024-08-14 14:09:17] [THERMAL] - Adding DEU_GAS_HEIZKRAFTWERKA11263_HKW3UPMSCHONG11242 generator to EU-DEU node...
INFO [2024-08-14 14:09:18] [THERMAL] - Adding DEU_GAS_BPWERKLINGEN10921_INDUSTRIEKRAFTW11331 generator to EU-DEU node...
INFO [2024-08-14 14:09:18] [THERMAL] - Adding DEU_GAS_GUDHKWNEUBRAN11179 generator to EU-DEU node...
INFO [2024-08-14 14:09:19] [THERMAL] - Adding DEU_GAS_GUDBAUNATALV11170 generator to EU-DEU node...
INFO [2024-08-14 14:09:19] [THERMAL] - Adding DEU_GAS_SDDT111723 generator to EU-DEU node...
INFO [2024-08-14 14:09:19] [THERMAL] - Adding DEU_GAS_HKWPOTSDAMS11225 generator to EU-DEU node...
INFO [2024-08-14 14:09:20] [THERMAL] - Adding DEU_GAS_HKWBARMEN11196 generator to EU-DEU node...
INFO [2024-08-14 14:09:20] [THERMAL] - Adding DEU_GAS_HOLTHAUSEN11299 generator to EU-DEU node...
INFO [2024-08-14 14:09:21] [THERMAL] - Adding DEU_GAS_GTKWDARMSTADT11128 generator to EU-DEU node...
INFO [2024-08-14 14:09:21] [THERMAL] - Adding DEU_GAS_HEIZKRAFTWERKK11271_HEIZKRAFTWERKS11277 generator to EU-DEU node...
INFO [2024-08-14 14:09:21] [THERMAL] - Adding DEU_GAS_ADSANLAGE10872 generator to EU-DEU node...
INFO [2024-08-14 14:09:22] [THERMAL] - Adding DEU_GAS_KRAFTWERKPLATT11408 generator to EU-DEU node...
INFO [2024-08-14 14:09:22] [THERMAL] - Adding DEU_GAS_HKWWEST11235 generator to EU-DEU node...
INFO [2024-08-14 14:09:23] [THERMAL] - Adding DEU_GAS_GUD11168_OBERNBURG11543 generator to EU-DEU node...
INFO [2024-08-14 14:09:23] [THERMAL] - Adding DEU_GAS_HEIZKRAFTWERKH11268 generator to EU-DEU node...
INFO [2024-08-14 14:09:23] [THERMAL] - Adding DEU_GAS_KWH11352 generator to EU-DEU node...
INFO [2024-08-14 14:09:24] [THERMAL] - Adding DEU_GAS_GUDBITTERFELD11171 generator to EU-DEU node...
INFO [2024-08-14 14:09:24] [THERMAL] - Adding DEU_GAS_GUDMARIENEHE11174_HKWMERKENICH11219 generator to EU-DEU node...
INFO [2024-08-14 14:09:25] [THERMAL] - Adding DEU_GAS_HKWERFURTOST11202 generator to EU-DEU node...
INFO [2024-08-14 14:09:25] [THERMAL] - Adding DEU_GAS_WINTERSHALL11830 generator to EU-DEU node...
INFO [2024-08-14 14:09:25] [THERMAL] - Adding DEU_GAS_GUDANLAGERS11178 generator to EU-DEU node...
INFO [2024-08-14 14:09:26] [THERMAL] - Adding DEU_GAS_GUDSCHWARZHEID11175_HEIZKRAFTWERKE11283 generator to EU-DEU node...
INFO [2024-08-14 14:09:26] [THERMAL] - Adding DEU_GAS_HKWNIEDERRAD11220 generator to EU-DEU node...
INFO [2024-08-14 14:09:26] [THERMAL] - Adding DEU_GAS_GUDTIEFSTACK11176 generator to EU-DEU node...
INFO [2024-08-14 14:09:27] [THERMAL] - Adding DEU_GAS_SDDT6011724 generator to EU-DEU node...
INFO [2024-08-14 14:09:27] [THERMAL] - Adding DEU_GAS_GUDIKWSTAFU11180 generator to EU-DEU node...
INFO [2024-08-14 14:09:28] [THERMAL] - Adding DEU_GAS_ILKGUD11320 generator to EU-DEU node...
INFO [2024-08-14 14:09:28] [THERMAL] - Adding DEU_GAS_HKWMITTE11239 generator to EU-DEU node...
INFO [2024-08-14 14:09:29] [THERMAL] - Adding DEU_GAS_KRAFTWERKIII11401 generator to EU-DEU node...
INFO [2024-08-14 14:09:29] [THERMAL] - Adding DEU_GAS_HEIZKRAFTWERKG11267 generator to EU-DEU node...
INFO [2024-08-14 14:09:29] [THERMAL] - Adding DEU_GAS_AHRENSFELDE10881_HKWSANDREUTH11228 generator to EU-DEU node...
INFO [2024-08-14 14:09:30] [THERMAL] - Adding DEU_GAS_HEIZKRAFTWERK211259 generator to EU-DEU node...
INFO [2024-08-14 14:09:30] [THERMAL] - Adding DEU_GAS_KIRCHMSER11375 generator to EU-DEU node...
INFO [2024-08-14 14:09:30] [THERMAL] - Adding DEU_GAS_HEIZKRAFTWERKL11273 generator to EU-DEU node...
INFO [2024-08-14 14:09:31] [THERMAL] - Adding DEU_GAS_DOWSTADE11047 generator to EU-DEU node...
INFO [2024-08-14 14:09:31] [THERMAL] - Adding DEU_GAS_DAMPFKRAFTWERK11027 generator to EU-DEU node...
INFO [2024-08-14 14:09:32] [THERMAL] - Adding DEU_GAS_HKWJENA11213 generator to EU-DEU node...
INFO [2024-08-14 14:09:32] [THERMAL] - Adding DEU_GAS_KWKIRCHLENGERN11345 generator to EU-DEU node...
INFO [2024-08-14 14:09:33] [THERMAL] - Adding DEU_GAS_HKWNIEHL211221 generator to EU-DEU node...
INFO [2024-08-14 14:09:33] [THERMAL] - Adding DEU_GAS_LICHTERFELDE11438 generator to EU-DEU node...
INFO [2024-08-14 14:09:33] [THERMAL] - Adding DEU_GAS_KRAFTWERKMAINZ11403 generator to EU-DEU node...
INFO [2024-08-14 14:09:34] [THERMAL] - Adding DEU_GAS_NATURALGASTUR11503 generator to EU-DEU node...
INFO [2024-08-14 14:09:34] [THERMAL] - Adding DEU_GAS_MITTE11480 generator to EU-DEU node...
INFO [2024-08-14 14:09:35] [THERMAL] - Adding DEU_GAS_SDGT6111725 generator to EU-DEU node...
INFO [2024-08-14 14:09:35] [THERMAL] - Adding DEU_GAS_GKL11124_HEIZKRAFTWERKH11269 generator to EU-DEU node...
INFO [2024-08-14 14:09:36] [THERMAL] - Adding DEU_GAS_KRAFTWERKMITTE11405 generator to EU-DEU node...
INFO [2024-08-14 14:09:36] [THERMAL] - Adding DEU_GAS_HKWHALLETROTH11208 generator to EU-DEU node...
INFO [2024-08-14 14:09:36] [THERMAL] - Adding DEU_GAS_HKWDRESDENNOS11200 generator to EU-DEU node...
INFO [2024-08-14 14:09:37] [THERMAL] - Adding DEU_GAS_HKWIIIB11212 generator to EU-DEU node...
INFO [2024-08-14 14:09:37] [THERMAL] - Adding DEU_GAS_FRANKEN111114 generator to EU-DEU node...
INFO [2024-08-14 14:09:38] [THERMAL] - Adding DEU_GAS_TRIANELNATURAL11743 generator to EU-DEU node...
INFO [2024-08-14 14:09:38] [THERMAL] - Adding DEU_GAS_NATURALGASBLOC11508 generator to EU-DEU node...
INFO [2024-08-14 14:09:38] [THERMAL] - Adding DEU_GAS_DORMAGEN11044 generator to EU-DEU node...
INFO [2024-08-14 14:09:39] [THERMAL] - Adding DEU_GAS_THYROW11738 generator to EU-DEU node...
INFO [2024-08-14 14:09:39] [THERMAL] - Adding DEU_GAS_HUCKINGEN11302 generator to EU-DEU node...
INFO [2024-08-14 14:09:40] [THERMAL] - Adding DEU_GAS_KNAPSACKNATURA11383 generator to EU-DEU node...
INFO [2024-08-14 14:09:40] [THERMAL] - Adding DEU_GAS_DUISBURGRUHROR11050 generator to EU-DEU node...
INFO [2024-08-14 14:09:41] [THERMAL] - Adding DEU_GAS_CHARLOTTENBURG11010 generator to EU-DEU node...
INFO [2024-08-14 14:09:41] [THERMAL] - Adding DEU_GAS_HUNTORF11306 generator to EU-DEU node...
INFO [2024-08-14 14:09:42] [THERMAL] - Adding DEU_GAS_GERSTEINWERK11141 generator to EU-DEU node...
INFO [2024-08-14 14:09:42] [THERMAL] - Adding DEU_GAS_GEMEINSCHAFTSKR11138 generator to EU-DEU node...
INFO [2024-08-14 14:09:43] [THERMAL] - Adding DEU_GAS_RHEINHAFENDAMP11618 generator to EU-DEU node...
INFO [2024-08-14 14:09:43] [THERMAL] - Adding DEU_GAS_EMSLAND11088 generator to EU-DEU node...
INFO [2024-08-14 14:09:44] [THERMAL] - Adding DEU_GAS_CAPACITY SCALER generator to EU-DEU node...
INFO [2024-08-14 14:09:44] [THERMAL] - Adding DEU_GAS_DUISBURGHAMBOR11049 generator to EU-DEU node...
INFO [2024-08-14 14:09:45] [THERMAL] - Adding DEU_GAS_KRAFTWERKSD11411 generator to EU-DEU node...
INFO [2024-08-14 14:09:45] [THERMAL] - Adding DEU_COA_KESSEL411372 generator to EU-DEU node...
INFO [2024-08-14 14:09:46] [THERMAL] - Adding DEU_COA_KRAFTWERK11391 generator to EU-DEU node...
INFO [2024-08-14 14:09:47] [THERMAL] - Adding DEU_COA_HKWKARCHERSTR_11214 generator to EU-DEU node...
INFO [2024-08-14 14:09:47] [THERMAL] - Adding DEU_COA_KOHLEKRAFTWERK11387 generator to EU-DEU node...
INFO [2024-08-14 14:09:48] [THERMAL] - Adding DEU_COA_PLWERKEUSKIR11557 generator to EU-DEU node...
INFO [2024-08-14 14:09:48] [THERMAL] - Adding DEU_COA_FORTUNANORD11113 generator to EU-DEU node...
INFO [2024-08-14 14:09:49] [THERMAL] - Adding DEU_COA_HKWERLANGENC11203 generator to EU-DEU node...
INFO [2024-08-14 14:09:49] [THERMAL] - Adding DEU_COA_COALPLANT111015 generator to EU-DEU node...
INFO [2024-08-14 14:09:50] [THERMAL] - Adding DEU_COA_COALPLANT211016_EZ111066 generator to EU-DEU node...
INFO [2024-08-14 14:09:50] [THERMAL] - Adding DEU_COA_RENODEMEDICI11608 generator to EU-DEU node...
INFO [2024-08-14 14:09:51] [THERMAL] - Adding DEU_COA_PLWERKKNNE11559 generator to EU-DEU node...
INFO [2024-08-14 14:09:51] [THERMAL] - Adding DEU_COA_HEIZKRAFTWERKM11274 generator to EU-DEU node...
INFO [2024-08-14 14:09:52] [THERMAL] - Adding DEU_COA_HEIZKRAFTWERKS11279 generator to EU-DEU node...
INFO [2024-08-14 14:09:52] [THERMAL] - Adding DEU_COA_PLWERKJLIC11558 generator to EU-DEU node...
INFO [2024-08-14 14:09:53] [THERMAL] - Adding DEU_COA_HEIZKRAFTWERKD11281 generator to EU-DEU node...
INFO [2024-08-14 14:09:53] [THERMAL] - Adding DEU_COA_KRAFTWERKL5711402 generator to EU-DEU node...
INFO [2024-08-14 14:09:54] [THERMAL] - Adding DEU_COA_PFORZHEIMPOWER11577 generator to EU-DEU node...
INFO [2024-08-14 14:09:54] [THERMAL] - Adding DEU_COA_HKWSACHTLEBEN11226 generator to EU-DEU node...
INFO [2024-08-14 14:09:55] [THERMAL] - Adding DEU_COA_WAEHLITZPOWER11778 generator to EU-DEU node...
INFO [2024-08-14 14:09:55] [THERMAL] - Adding DEU_COA_FKK11104 generator to EU-DEU node...
INFO [2024-08-14 14:09:56] [THERMAL] - Adding DEU_COA_HEIZKRAFTWERKF11266 generator to EU-DEU node...
INFO [2024-08-14 14:09:56] [THERMAL] - Adding DEU_COA_DESSAUPOWERST11037_GRUBENHEIZKRAFT11165 generator to EU-DEU node...
INFO [2024-08-14 14:09:57] [THERMAL] - Adding DEU_COA_HUERTHVILLE11303 generator to EU-DEU node...
INFO [2024-08-14 14:09:57] [THERMAL] - Adding DEU_COA_HKWOFFENBACHP11295 generator to EU-DEU node...
INFO [2024-08-14 14:09:58] [THERMAL] - Adding DEU_COA_CHEMNITZNORDP11012 generator to EU-DEU node...
INFO [2024-08-14 14:09:58] [THERMAL] - Adding DEU_COA_HKWNORD11222 generator to EU-DEU node...
INFO [2024-08-14 14:09:59] [THERMAL] - Adding DEU_COA_BUERPOWERSTAT11001 generator to EU-DEU node...
INFO [2024-08-14 14:09:59] [THERMAL] - Adding DEU_COA_COTTBUSCHPPOW11019 generator to EU-DEU node...
INFO [2024-08-14 14:10:00] [THERMAL] - Adding DEU_COA_COLOGNEMERKENI11018 generator to EU-DEU node...
INFO [2024-08-14 14:10:01] [THERMAL] - Adding DEU_COA_INDUSTRIEKRAFT11330 generator to EU-DEU node...
INFO [2024-08-14 14:10:01] [THERMAL] - Adding DEU_COA_WUPPERTALELBER11838 generator to EU-DEU node...
INFO [2024-08-14 14:10:02] [THERMAL] - Adding DEU_COA_DEUBENPOWERST11040 generator to EU-DEU node...
INFO [2024-08-14 14:10:02] [THERMAL] - Adding DEU_COA_BERLINMOABITP10938 generator to EU-DEU node...
INFO [2024-08-14 14:10:03] [THERMAL] - Adding DEU_COA_HKWI11211 generator to EU-DEU node...
INFO [2024-08-14 14:10:03] [THERMAL] - Adding DEU_COA_GKRAFTWERK11121 generator to EU-DEU node...
INFO [2024-08-14 14:10:04] [THERMAL] - Adding DEU_COA_KRAFTWERKN23011406 generator to EU-DEU node...
INFO [2024-08-14 14:10:05] [THERMAL] - Adding DEU_COA_WACHTBERGPOWER11777 generator to EU-DEU node...
INFO [2024-08-14 14:10:05] [THERMAL] - Adding DEU_COA_HASTEDTPOWERS11251 generator to EU-DEU node...
INFO [2024-08-14 14:10:06] [THERMAL] - Adding DEU_COA_HKWWEST11234 generator to EU-DEU node...
INFO [2024-08-14 14:10:07] [THERMAL] - Adding DEU_COA_BERLINREUTERP10939 generator to EU-DEU node...
INFO [2024-08-14 14:10:07] [THERMAL] - Adding DEU_COA_CHEMIEPARKMARL11011 generator to EU-DEU node...
INFO [2024-08-14 14:10:08] [THERMAL] - Adding DEU_COA_HKWWEST11233 generator to EU-DEU node...
INFO [2024-08-14 14:10:08] [THERMAL] - Adding DEU_COA_KRAFTWERKWERDO11414 generator to EU-DEU node...
INFO [2024-08-14 14:10:09] [THERMAL] - Adding DEU_COA_STUTTGARTMUENS11720 generator to EU-DEU node...
INFO [2024-08-14 14:10:10] [THERMAL] - Adding DEU_COA_KIELPOWERSTAT11374 generator to EU-DEU node...
INFO [2024-08-14 14:10:10] [THERMAL] - Adding DEU_COA_KLINGENBERG11380 generator to EU-DEU node...
INFO [2024-08-14 14:10:11] [THERMAL] - Adding DEU_COA_NORD211529 generator to EU-DEU node...
INFO [2024-08-14 14:10:11] [THERMAL] - Adding DEU_COA_BREMENFARGEPO10995 generator to EU-DEU node...
INFO [2024-08-14 14:10:12] [THERMAL] - Adding DEU_COA_BUSCHHAUSPOWER11002 generator to EU-DEU node...
INFO [2024-08-14 14:10:13] [THERMAL] - Adding DEU_COA_MODELLKRAFTWERK11483 generator to EU-DEU node...
INFO [2024-08-14 14:10:13] [THERMAL] - Adding DEU_COA_TIEFSTACKPOWER11739 generator to EU-DEU node...
INFO [2024-08-14 14:10:14] [THERMAL] - Adding DEU_COA_KRAFTWERKENSDO11396 generator to EU-DEU node...
INFO [2024-08-14 14:10:14] [THERMAL] - Adding DEU_COA_FLENSBURGPOWER11111 generator to EU-DEU node...
INFO [2024-08-14 14:10:15] [THERMAL] - Adding DEU_COA_HKWNORDWEST11223 generator to EU-DEU node...
INFO [2024-08-14 14:10:15] [THERMAL] - Adding DEU_COA_HEIZKRAFTWERK311260 generator to EU-DEU node...
INFO [2024-08-14 14:10:16] [THERMAL] - Adding DEU_COA_KWWEST11350 generator to EU-DEU node...
INFO [2024-08-14 14:10:17] [THERMAL] - Adding DEU_COA_HAFENPOWERSTA11244 generator to EU-DEU node...
INFO [2024-08-14 14:10:17] [THERMAL] - Adding DEU_COA_WEIHER11796 generator to EU-DEU node...
INFO [2024-08-14 14:10:18] [THERMAL] - Adding DEU_COA_KWM11360_SCHOLVENPOWER11669 generator to EU-DEU node...
INFO [2024-08-14 14:10:19] [THERMAL] - Adding DEU_COA_LNENPOWERST11449 generator to EU-DEU node...
INFO [2024-08-14 14:10:19] [THERMAL] - Adding DEU_COA_BERGKAMENPOWER10936 generator to EU-DEU node...
INFO [2024-08-14 14:10:20] [THERMAL] - Adding DEU_COA_KRAFTWERKBEXBA11395 generator to EU-DEU node...
INFO [2024-08-14 14:10:20] [THERMAL] - Adding DEU_COA_HERNEPOWERSTA11288 generator to EU-DEU node...
INFO [2024-08-14 14:10:21] [THERMAL] - Adding DEU_COA_TRIANELKOHLEKR11742 generator to EU-DEU node...
INFO [2024-08-14 14:10:22] [THERMAL] - Adding DEU_COA_WILHELMSHAVENP11817 generator to EU-DEU node...
INFO [2024-08-14 14:10:22] [THERMAL] - Adding DEU_COA_ALTBACHPOWERS10887 generator to EU-DEU node...
INFO [2024-08-14 14:10:23] [THERMAL] - Adding DEU_COA_ROSTOCKPOWERS11638 generator to EU-DEU node...
INFO [2024-08-14 14:10:23] [THERMAL] - Adding DEU_COA_RHEINHAFENDAMP11617 generator to EU-DEU node...
INFO [2024-08-14 14:10:24] [THERMAL] - Adding DEU_COA_HEILBRONNPOWER11255 generator to EU-DEU node...
INFO [2024-08-14 14:10:25] [THERMAL] - Adding DEU_COA_WEDELPOWERSTA11793 generator to EU-DEU node...
INFO [2024-08-14 14:10:26] [THERMAL] - Adding DEU_COA_WESTFALEN11811 generator to EU-DEU node...
INFO [2024-08-14 14:10:26] [THERMAL] - Adding DEU_COA_IBBENBRENBP11323 generator to EU-DEU node...
INFO [2024-08-14 14:10:27] [THERMAL] - Adding DEU_COA_HAMBURGMOORBUR11247 generator to EU-DEU node...
INFO [2024-08-14 14:10:28] [THERMAL] - Adding DEU_COA_WALHEIMPOWERS11787 generator to EU-DEU node...
INFO [2024-08-14 14:10:29] [THERMAL] - Adding DEU_COA_GKHHANNOVERPO11123 generator to EU-DEU node...
INFO [2024-08-14 14:10:29] [THERMAL] - Adding DEU_COA_KWVOERDE11348 generator to EU-DEU node...
INFO [2024-08-14 14:10:30] [THERMAL] - Adding DEU_COA_JANSCHWALDEPOW11338 generator to EU-DEU node...
INFO [2024-08-14 14:10:31] [THERMAL] - Adding DEU_COA_GKMMANNHEIM11125 generator to EU-DEU node...
INFO [2024-08-14 14:10:32] [THERMAL] - Adding DEU_COA_FRIMMERSDORFPO11118 generator to EU-DEU node...
INFO [2024-08-14 14:10:33] [THERMAL] - Adding DEU_COA_BERLINREUTERW10940 generator to EU-DEU node...
INFO [2024-08-14 14:10:33] [THERMAL] - Adding DEU_COA_STAUDINGERPOWE11709 generator to EU-DEU node...
INFO [2024-08-14 14:10:34] [THERMAL] - Adding DEU_COA_NIEDERAUSSEMPO11527 generator to EU-DEU node...
INFO [2024-08-14 14:10:35] [THERMAL] - Adding DEU_COA_BOXBERGPOWERS10989 generator to EU-DEU node...
INFO [2024-08-14 14:10:35] [THERMAL] - Adding DEU_COA_BRAUNKOHLEKRAFT10993_HEYDENPOWERST11292_LIPPENDORFPOWE11441 generator to EU-DEU node...
INFO [2024-08-14 14:10:36] [THERMAL] - Adding DEU_COA_NEURATHPOWERS11521 generator to EU-DEU node...
INFO [2024-08-14 14:10:37] [THERMAL] - Adding DEU_COA_KRAFTWERKII11400 generator to EU-DEU node...
INFO [2024-08-14 14:10:38] [THERMAL] - Adding DEU_COA_BOA210982_KWWALSUM11349_SCHKOPAUPOWER11665_SCHWARZEPUMPE11673_WEISWEILERPOWE11799 generator to EU-DEU node...
INFO [2024-08-14 14:10:39] [THERMAL] - Adding DEU_BIO_BLOCKHEIZKRAFTW10981 generator to EU-DEU node...
INFO [2024-08-14 14:10:40] [THERMAL] - Adding DEU_WAS_ZWSF11844 generator to EU-DEU node...
INFO [2024-08-14 14:10:41] [THERMAL] - Adding DEU_WAS_BIOMASSGENERAT10951 generator to EU-DEU node...
INFO [2024-08-14 14:10:41] [THERMAL] - Adding DEU_WAS_MHKWWKW11452 generator to EU-DEU node...
INFO [2024-08-14 14:10:42] [THERMAL] - Adding DEU_WAS_AVAGMBH10875_MLLHEIZKRAFTW11492_PDENERGYGMBH11561_RESTMLLHEIZKR11613 generator to EU-DEU node...
INFO [2024-08-14 14:10:43] [THERMAL] - Adding DEU_BIO_BIOMASSGENERAT10954 generator to EU-DEU node...
INFO [2024-08-14 14:10:43] [THERMAL] - Adding DEU_BIO_BIOMASSGENERAT10966 generator to EU-DEU node...
INFO [2024-08-14 14:10:44] [THERMAL] - Adding DEU_BIO_BIOMASSEHEIZKR10970_HKWALTENSTADT11194 generator to EU-DEU node...
INFO [2024-08-14 14:10:45] [THERMAL] - Adding DEU_WAS_BIOMASSEHEIZKRA10973_EEWGPPINGEN11061_RESTABFALLBEHAN11611 generator to EU-DEU node...
INFO [2024-08-14 14:10:45] [THERMAL] - Adding DEU_BIO_BIOMASSGENERAT10962 generator to EU-DEU node...
INFO [2024-08-14 14:10:46] [WARN] - Failed to add DEU_WAS_AHKWNEUNKIRCHE10873_BIOMASSGENERAT10950_HEIZKRAFTWERKK11270_KLRANLAGE11381_WASTEINCINERAT11791 generator to EU-DEU node, skipping...
INFO [2024-08-14 14:10:46] [THERMAL] - Adding DEU_BIO_BIOMASSGENERAT10967_KWKGTERSLOH11354 generator to EU-DEU node...
INFO [2024-08-14 14:10:47] [THERMAL] - Adding DEU_BIO_HEIZKRAFTWERKP11275 generator to EU-DEU node...
INFO [2024-08-14 14:10:48] [THERMAL] - Adding DEU_BIO_BIOMASSGENERAT10965_BKF10913 generator to EU-DEU node...
INFO [2024-08-14 14:10:49] [THERMAL] - Adding DEU_WAS_AMKABFALLENT10874_IHKWANDERNACH11314_MHKWBURGKIRCHE11453 generator to EU-DEU node...
INFO [2024-08-14 14:10:50] [THERMAL] - Adding DEU_BIO_BIOMASSGENERAT10959_BMKWFLRSHEIM10918 generator to EU-DEU node...
INFO [2024-08-14 14:10:50] [THERMAL] - Adding DEU_BIO_BIOMASSGENERAT10948 generator to EU-DEU node...
INFO [2024-08-14 14:10:51] [THERMAL] - Adding DEU_BIO_BIOHKWI10947 generator to EU-DEU node...
INFO [2024-08-14 14:10:52] [THERMAL] - Adding DEU_BIO_UPMSCHWEDT11755 generator to EU-DEU node...
INFO [2024-08-14 14:10:52] [THERMAL] - Adding DEU_WAS_BEG10906_TREABREISGAU11726 generator to EU-DEU node...
INFO [2024-08-14 14:10:53] [THERMAL] - Adding DEU_BIO_BIOHKWHERBREC10945_BIOMASSGENERAT10968_BMHKWRERECKLI10915 generator to EU-DEU node...
INFO [2024-08-14 14:10:54] [THERMAL] - Adding DEU_WAS_EVE11065_MHKWPIRMASENS11456_MLLHEIZKRAFTW11491_MVAHAMM11461 generator to EU-DEU node...
INFO [2024-08-14 14:10:55] [THERMAL] - Adding DEU_BIO_BMHKWBINDERHOL10914 generator to EU-DEU node...
INFO [2024-08-14 14:10:56] [THERMAL] - Adding DEU_WAS_AVAVELSEN10876_BIOMASSGENERAT10949_MHKWMAINZ11455_THERMISCHEABFA11735 generator to EU-DEU node...
INFO [2024-08-14 14:10:56] [THERMAL] - Adding DEU_BIO_KWKNEUMARKT11355 generator to EU-DEU node...
INFO [2024-08-14 14:10:57] [THERMAL] - Adding DEU_BIO_BIOMASSGENERAT10957 generator to EU-DEU node...
INFO [2024-08-14 14:10:58] [THERMAL] - Adding DEU_BIO_UTB11756 generator to EU-DEU node...
INFO [2024-08-14 14:10:58] [THERMAL] - Adding DEU_WAS_EBSHKWROSTOCK11056_STEINBEISENERG11713 generator to EU-DEU node...
