INFO [2024-10-31 13:47:11] [MAIN] - Initializing output folder...
INFO [2024-10-31 13:47:15] [MAIN] - Creating If S4 Economy v3 (Deane load) study...
INFO [2024-10-31 13:47:16] [MAIN] - Simulating If scenario~: S4 .

INFO [2024-10-31 13:47:16] [MAIN] - Simulation mode : Economy
INFO [2024-10-31 13:47:16] [MAIN] - Unit commitment mode : accurate
INFO [2024-10-31 13:47:16] [MAIN] - Number of MC years : 1
INFO [2024-10-31 13:47:16] [MAIN] - Generation of CSP : TRUE
INFO [2024-10-31 13:47:16] [MAIN] - Adding world node...

INFO [2024-10-31 13:47:16] [MAIN] - Done adding world node! (run time : 0.13s).

INFO [2024-10-31 13:47:16] [LOAD] - Adding World load data...
INFO [2024-10-31 13:47:16] [MAIN] - Fetching thermal data...
INFO [2024-10-31 13:47:16] [THERMAL] - Adding Bioenergy generator to World node...
INFO [2024-10-31 13:47:16] [THERMAL] - Adding Gas generator to World node...
INFO [2024-10-31 13:47:16] [THERMAL] - Adding Geothermal generator to World node...
INFO [2024-10-31 13:47:16] [THERMAL] - Adding Nuclear generator to World node...
INFO [2024-10-31 13:47:16] [THERMAL] - Adding Oil generator to World node...
INFO [2024-10-31 13:47:16] [THERMAL] - Adding Geothermal generator to World node...
INFO [2024-10-31 13:47:16] [MAIN] - Done adding thermal data! (run time : 0.01min).

INFO [2024-10-31 13:47:17] [MAIN] - Fetching wind data...

INFO [2024-10-31 13:47:55] [WIND] - Adding World wind data to Wind Onshore cluster...
INFO [2024-10-31 13:47:55] [MAIN] - Done adding wind data! (run time : 38.64s).

INFO [2024-10-31 13:47:55] [MAIN] - Fetching PV data...

INFO [2024-10-31 13:48:18] [PV] - Adding World PV data to Solar PV cluster...
INFO [2024-10-31 13:48:18] [MAIN] - Done adding PV data! (run time : 22.97s).

INFO [2024-10-31 13:48:18] [MAIN] - Fetching CSP data...

INFO [2024-10-31 13:48:19] [CSP] - Adding World CSP data to Solar Thermal cluster...
INFO [2024-10-31 13:48:19] [MAIN] - Done adding CSP data! (run time : 0.92s).

INFO [2024-10-31 13:48:19] [HYDRO] - Fetching World hydro data...
INFO [2024-10-31 13:48:21] [HYDRO] - Initializing World hydro parameters...
INFO [2024-10-31 13:48:22] [HYDRO] - Adding World max power timeseries...
INFO [2024-10-31 13:48:22] [HYDRO] - Adding World hydro profiles...
INFO [2024-10-31 13:48:22] [HYDRO] - Successfully added World hydro data!
INFO [2024-10-31 13:48:22] [MAIN] - Finished setting up Antares study! (run time : 1.11min).
 

