INFO [2024-08-21 08:51:00] [MAIN] - Creating Deane_testWorld__2024_08_21_08_50_59 study...

INFO [2024-08-21 08:51:00] [MAIN] - Unit commitment mode : ACCURATE
INFO [2024-08-21 08:51:01] [MAIN] - Adding nodes...

INFO [2024-08-21 08:51:05] [NODES] - Adding AF-AGO node...
INFO [2024-08-21 08:51:05] [NODES] - Adding AF-BDI node...
INFO [2024-08-21 08:51:06] [NODES] - Adding AF-BEN node...
INFO [2024-08-21 08:51:06] [NODES] - Adding AF-BFA node...
INFO [2024-08-21 08:51:06] [NODES] - Adding AF-BWA node...
INFO [2024-08-21 08:51:07] [NODES] - Adding AF-CAF node...
INFO [2024-08-21 08:51:07] [NODES] - Adding AF-CIV node...
INFO [2024-08-21 08:51:08] [NODES] - Adding AF-CMR node...
INFO [2024-08-21 08:51:08] [NODES] - Adding AF-COD node...
INFO [2024-08-21 08:51:09] [NODES] - Adding AF-COG node...
INFO [2024-08-21 08:51:09] [NODES] - Adding AF-CPV node...
INFO [2024-08-21 08:51:10] [NODES] - Adding AF-DJI node...
INFO [2024-08-21 08:51:11] [NODES] - Adding AF-DZA node...
INFO [2024-08-21 08:51:11] [NODES] - Adding AF-EGY node...
INFO [2024-08-21 08:51:12] [MAIN] - Starting 15thmClu_accUCM__2024_08_21_08_51_12 simulation...
INFO [2024-08-21 08:51:54] [MAIN] - Antares simulation finished! (run time : 0.7min).
 

INFO [2024-08-21 08:51:54] [MAIN] - Opening latest simulation...
INFO [2024-08-21 08:51:54] [OUTPUT] - Initializing output folder...
INFO [2024-08-21 08:51:54] [OUTPUT] - Preparing to save production stacks to output folder...
INFO [2024-08-21 08:51:56] [OUTPUT] - Saving hourly production stack for af-ago node...
