INFO [2024-08-21 08:43:31] [MAIN] - Creating Deane_testAmericas__2024_08_21_08_43_31 study...

INFO [2024-08-21 08:43:31] [MAIN] - Unit commitment mode : ACCURATE
INFO [2024-08-21 08:43:32] [MAIN] - Adding nodes...

INFO [2024-08-21 08:43:34] [NODES] - Adding EU-DEU node...
INFO [2024-08-21 08:43:34] [MAIN] - Done adding nodes! (run time : 2.22s).

INFO [2024-08-21 08:43:34] [MAIN] - Adding districts...

INFO [2024-08-21 08:43:35] [DISTRICTS] - Creating europe continental district...
INFO [2024-08-21 08:43:35] [DISTRICTS] - Done creating europe continental district!
INFO [2024-08-21 08:43:35] [MAIN] - Done adding districts! (run time : 1.24s).

INFO [2024-08-21 08:43:35] [MAIN] - Adding load data...

INFO [2024-08-21 08:43:37] [LOAD] - Adding EU-DEU load data...
INFO [2024-08-21 08:43:37] [MAIN] - Done adding load data! (run time : 2.02s).

INFO [2024-08-21 08:43:37] [MAIN] - Fetching wind data...

INFO [2024-08-21 08:43:38] [WIND] - Adding EU-DEU aggregated wind data...
INFO [2024-08-21 08:43:38] [MAIN] - Done adding wind data! (run time : 0.2s).

INFO [2024-08-21 08:43:38] [MAIN] - Fetching solar data...

INFO [2024-08-21 08:43:38] [SOLAR] - Adding EU-DEU aggregated solar data...
INFO [2024-08-21 08:43:38] [MAIN] - Done adding solar data! (run time : 0.23s).

INFO [2024-08-21 08:43:38] [MAIN] - Beginning hydro implementation...
INFO [2024-08-21 08:43:40] [HYDRO] - Initializing EU-DEU hydro parameters...
INFO [2024-08-21 08:43:41] [HYDRO] - Adding EU-DEU max power timeseries...
INFO [2024-08-21 08:43:42] [HYDRO] - Adding EU-DEU hydro profiles...
INFO [2024-08-21 08:43:42] [MAIN] - Done adding hydro!
INFO [2024-08-21 08:43:42] [MAIN] - Fetching thermal data...
INFO [2024-08-21 08:43:47] [MAIN] - Aggregating identical generators...
INFO [2024-08-21 08:43:48] [MAIN] - Running 15-clustering algorithm on generators...
INFO [2024-08-21 08:43:51] [MAIN] - Starting 15thmClu_accUCM__2024_08_21_08_43_51 simulation...
INFO [2024-08-21 08:43:54] [MAIN] - Opening latest simulation...
INFO [2024-08-21 08:43:54] [OUTPUT] - Initializing output folder...
INFO [2024-08-21 08:43:55] [OUTPUT] - Preparing to save production stacks to output folder...
