INFO [2024-09-03 15:25:19] [MAIN] - Reading simulations of pre-existing Deane_Outage__2024_09_03_13_56_20 study...
INFO [2024-09-03 15:25:19] [MAIN] - Opening 20240903-1205eco-testTSGen simulation...
INFO [2024-09-03 15:25:20] [MAIN] - Preparing to save national production stacks...
INFO [2024-09-03 15:25:24] [STACK] - Saving production stack for eu-che country...
INFO [2024-09-03 15:26:16] [STACK] - The daily production stack for eu-che from 2015-01-01 to 2015-12-31 has been saved!
INFO [2024-09-03 15:26:16] [STACK] - Saving production stack for eu-deu country...
INFO [2024-09-03 15:26:43] [STACK] - The daily production stack for eu-deu from 2015-01-01 to 2015-12-31 has been saved!
INFO [2024-09-03 15:26:43] [STACK] - Saving production stack for eu-fra country...
INFO [2024-09-03 15:26:55] [STACK] - The daily production stack for eu-fra from 2015-01-01 to 2015-12-31 has been saved!
INFO [2024-09-03 15:26:55] [MAIN] - Done saving national production stacks! (run time : 1.58min).

INFO [2024-09-03 15:26:55] [MAIN] - Preparing to save national production stacks...
INFO [2024-09-03 15:26:56] [STACK] - Saving production stack for eu-che country...
INFO [2024-09-03 15:27:05] [STACK] - The hourly production stack for eu-che from 2015-01-01 to 2015-01-08 has been saved!
INFO [2024-09-03 15:27:05] [STACK] - Saving production stack for eu-deu country...
INFO [2024-09-03 15:27:12] [STACK] - The hourly production stack for eu-deu from 2015-01-01 to 2015-01-08 has been saved!
INFO [2024-09-03 15:27:12] [STACK] - Saving production stack for eu-fra country...
INFO [2024-09-03 15:27:20] [STACK] - The hourly production stack for eu-fra from 2015-01-01 to 2015-01-08 has been saved!
INFO [2024-09-03 15:27:20] [MAIN] - Done saving national production stacks! (run time : 0.41min).

INFO [2024-09-03 15:27:20] [MAIN] - Preparing to save national production stacks...
INFO [2024-09-03 15:27:21] [STACK] - Saving production stack for eu-che country...
INFO [2024-09-03 15:27:29] [STACK] - The hourly production stack for eu-che from 2015-07-01 to 2015-07-08 has been saved!
INFO [2024-09-03 15:27:30] [STACK] - Saving production stack for eu-deu country...
INFO [2024-09-03 15:27:37] [STACK] - The hourly production stack for eu-deu from 2015-07-01 to 2015-07-08 has been saved!
INFO [2024-09-03 15:27:38] [STACK] - Saving production stack for eu-fra country...
INFO [2024-09-03 15:27:45] [STACK] - The hourly production stack for eu-fra from 2015-07-01 to 2015-07-08 has been saved!
INFO [2024-09-03 15:27:45] [MAIN] - Done saving national production stacks! (run time : 0.42min).

INFO [2024-09-03 15:27:45] [MAIN] - Preparing to save national load monotones...
INFO [2024-09-03 15:27:47] [MONOT] - Saving hourly load monotone for af-ago node...
INFO [2024-09-03 15:27:56] [MONOT] - The hourly load monotone for af-ago has been saved!
INFO [2024-09-03 15:27:56] [MONOT] - Saving hourly load monotone for af-bdi node...
INFO [2024-09-03 15:27:57] [MONOT] - The hourly load monotone for af-bdi has been saved!
INFO [2024-09-03 15:27:57] [MONOT] - Saving hourly load monotone for af-ben node...
INFO [2024-09-03 15:27:59] [MONOT] - The hourly load monotone for af-ben has been saved!
INFO [2024-09-03 15:27:59] [MONOT] - Saving hourly load monotone for af-bfa node...
INFO [2024-09-03 15:28:00] [MONOT] - The hourly load monotone for af-bfa has been saved!
INFO [2024-09-03 15:28:00] [MONOT] - Saving hourly load monotone for af-bwa node...
INFO [2024-09-03 15:28:02] [MONOT] - The hourly load monotone for af-bwa has been saved!
INFO [2024-09-03 15:28:02] [MONOT] - Saving hourly load monotone for af-caf node...
INFO [2024-09-03 15:28:03] [MONOT] - The hourly load monotone for af-caf has been saved!
INFO [2024-09-03 15:28:04] [MONOT] - Saving hourly load monotone for af-civ node...
INFO [2024-09-03 15:28:05] [MONOT] - The hourly load monotone for af-civ has been saved!
INFO [2024-09-03 15:28:05] [MONOT] - Saving hourly load monotone for af-cmr node...
INFO [2024-09-03 15:28:06] [MONOT] - The hourly load monotone for af-cmr has been saved!
INFO [2024-09-03 15:28:07] [MONOT] - Saving hourly load monotone for af-cod node...
INFO [2024-09-03 15:28:08] [MONOT] - The hourly load monotone for af-cod has been saved!
INFO [2024-09-03 15:28:08] [MONOT] - Saving hourly load monotone for af-cog node...
INFO [2024-09-03 15:28:09] [MONOT] - The hourly load monotone for af-cog has been saved!
INFO [2024-09-03 15:28:10] [MONOT] - Saving hourly load monotone for af-cpv node...
INFO [2024-09-03 15:28:11] [MONOT] - The hourly load monotone for af-cpv has been saved!
INFO [2024-09-03 15:28:11] [MONOT] - Saving hourly load monotone for af-dji node...
INFO [2024-09-03 15:28:13] [MONOT] - The hourly load monotone for af-dji has been saved!
INFO [2024-09-03 15:28:13] [MONOT] - Saving hourly load monotone for af-dza node...
INFO [2024-09-03 15:28:14] [MONOT] - The hourly load monotone for af-dza has been saved!
INFO [2024-09-03 15:28:14] [MONOT] - Saving hourly load monotone for af-egy node...
INFO [2024-09-03 15:28:16] [MONOT] - The hourly load monotone for af-egy has been saved!
INFO [2024-09-03 15:28:16] [MONOT] - Saving hourly load monotone for af-eri node...
INFO [2024-09-03 15:28:17] [MONOT] - The hourly load monotone for af-eri has been saved!
INFO [2024-09-03 15:28:17] [MONOT] - Saving hourly load monotone for af-esh node...
INFO [2024-09-03 15:28:19] [MONOT] - The hourly load monotone for af-esh has been saved!
INFO [2024-09-03 15:28:19] [MONOT] - Saving hourly load monotone for af-eth node...
INFO [2024-09-03 15:28:20] [MONOT] - The hourly load monotone for af-eth has been saved!
INFO [2024-09-03 15:28:20] [MONOT] - Saving hourly load monotone for af-gab node...
INFO [2024-09-03 15:28:22] [MONOT] - The hourly load monotone for af-gab has been saved!
INFO [2024-09-03 15:28:22] [MONOT] - Saving hourly load monotone for af-gha node...
INFO [2024-09-03 15:28:23] [MONOT] - The hourly load monotone for af-gha has been saved!
INFO [2024-09-03 15:28:23] [MONOT] - Saving hourly load monotone for af-gin node...
INFO [2024-09-03 15:28:25] [MONOT] - The hourly load monotone for af-gin has been saved!
INFO [2024-09-03 15:28:25] [MONOT] - Saving hourly load monotone for af-gmb node...
INFO [2024-09-03 15:28:26] [MONOT] - The hourly load monotone for af-gmb has been saved!
INFO [2024-09-03 15:28:27] [MONOT] - Saving hourly load monotone for af-gnb node...
INFO [2024-09-03 15:28:28] [MONOT] - The hourly load monotone for af-gnb has been saved!
INFO [2024-09-03 15:28:29] [MONOT] - Saving hourly load monotone for af-gnq node...
INFO [2024-09-03 15:28:30] [MONOT] - The hourly load monotone for af-gnq has been saved!
INFO [2024-09-03 15:28:30] [MONOT] - Saving hourly load monotone for af-ken node...
INFO [2024-09-03 15:28:32] [MONOT] - The hourly load monotone for af-ken has been saved!
INFO [2024-09-03 15:28:32] [MONOT] - Saving hourly load monotone for af-lbr node...
INFO [2024-09-03 15:28:33] [MONOT] - The hourly load monotone for af-lbr has been saved!
INFO [2024-09-03 15:28:34] [MONOT] - Saving hourly load monotone for af-lby node...
INFO [2024-09-03 15:28:35] [MONOT] - The hourly load monotone for af-lby has been saved!
INFO [2024-09-03 15:28:35] [MONOT] - Saving hourly load monotone for af-lso node...
INFO [2024-09-03 15:28:37] [MONOT] - The hourly load monotone for af-lso has been saved!
INFO [2024-09-03 15:28:37] [MONOT] - Saving hourly load monotone for af-mar node...
INFO [2024-09-03 15:28:38] [MONOT] - The hourly load monotone for af-mar has been saved!
INFO [2024-09-03 15:28:38] [MONOT] - Saving hourly load monotone for af-mdg node...
INFO [2024-09-03 15:28:40] [MONOT] - The hourly load monotone for af-mdg has been saved!
INFO [2024-09-03 15:28:40] [MONOT] - Saving hourly load monotone for af-mli node...
INFO [2024-09-03 15:28:41] [MONOT] - The hourly load monotone for af-mli has been saved!
INFO [2024-09-03 15:28:41] [MONOT] - Saving hourly load monotone for af-moz node...
INFO [2024-09-03 15:28:43] [MONOT] - The hourly load monotone for af-moz has been saved!
INFO [2024-09-03 15:28:43] [MONOT] - Saving hourly load monotone for af-mrt node...
INFO [2024-09-03 15:28:44] [MONOT] - The hourly load monotone for af-mrt has been saved!
INFO [2024-09-03 15:28:44] [MONOT] - Saving hourly load monotone for af-mus node...
INFO [2024-09-03 15:28:46] [MONOT] - The hourly load monotone for af-mus has been saved!
INFO [2024-09-03 15:28:46] [MONOT] - Saving hourly load monotone for af-mwi node...
INFO [2024-09-03 15:28:47] [MONOT] - The hourly load monotone for af-mwi has been saved!
INFO [2024-09-03 15:28:47] [MONOT] - Saving hourly load monotone for af-nam node...
INFO [2024-09-03 15:28:49] [MONOT] - The hourly load monotone for af-nam has been saved!
INFO [2024-09-03 15:28:49] [MONOT] - Saving hourly load monotone for af-ner node...
INFO [2024-09-03 15:28:51] [MONOT] - The hourly load monotone for af-ner has been saved!
INFO [2024-09-03 15:28:51] [MONOT] - Saving hourly load monotone for af-nga node...
INFO [2024-09-03 15:28:52] [MONOT] - The hourly load monotone for af-nga has been saved!
INFO [2024-09-03 15:28:52] [MONOT] - Saving hourly load monotone for af-rwa node...
INFO [2024-09-03 15:28:54] [MONOT] - The hourly load monotone for af-rwa has been saved!
INFO [2024-09-03 15:28:54] [MONOT] - Saving hourly load monotone for af-sdn node...
INFO [2024-09-03 15:28:55] [MONOT] - The hourly load monotone for af-sdn has been saved!
INFO [2024-09-03 15:28:55] [MONOT] - Saving hourly load monotone for af-sen node...
INFO [2024-09-03 15:28:57] [MONOT] - The hourly load monotone for af-sen has been saved!
INFO [2024-09-03 15:28:57] [MONOT] - Saving hourly load monotone for af-sle node...
INFO [2024-09-03 15:28:58] [MONOT] - The hourly load monotone for af-sle has been saved!
INFO [2024-09-03 15:28:58] [MONOT] - Saving hourly load monotone for af-swz node...
INFO [2024-09-03 15:29:00] [MONOT] - The hourly load monotone for af-swz has been saved!
INFO [2024-09-03 15:29:00] [MONOT] - Saving hourly load monotone for af-tgo node...
INFO [2024-09-03 15:29:01] [MONOT] - The hourly load monotone for af-tgo has been saved!
INFO [2024-09-03 15:29:01] [MONOT] - Saving hourly load monotone for af-tun node...
INFO [2024-09-03 15:29:03] [MONOT] - The hourly load monotone for af-tun has been saved!
INFO [2024-09-03 15:29:03] [MONOT] - Saving hourly load monotone for af-tza node...
INFO [2024-09-03 15:29:04] [MONOT] - The hourly load monotone for af-tza has been saved!
INFO [2024-09-03 15:29:05] [MONOT] - Saving hourly load monotone for af-uga node...
INFO [2024-09-03 15:29:06] [MONOT] - The hourly load monotone for af-uga has been saved!
INFO [2024-09-03 15:29:06] [MONOT] - Saving hourly load monotone for af-zaf node...
INFO [2024-09-03 15:29:08] [MONOT] - The hourly load monotone for af-zaf has been saved!
INFO [2024-09-03 15:29:08] [MONOT] - Saving hourly load monotone for af-zmb node...
INFO [2024-09-03 15:29:09] [MONOT] - The hourly load monotone for af-zmb has been saved!
INFO [2024-09-03 15:29:10] [MONOT] - Saving hourly load monotone for af-zwe node...
INFO [2024-09-03 15:29:11] [MONOT] - The hourly load monotone for af-zwe has been saved!
INFO [2024-09-03 15:29:11] [MONOT] - Saving hourly load monotone for as-afg node...
INFO [2024-09-03 15:29:13] [MONOT] - The hourly load monotone for as-afg has been saved!
INFO [2024-09-03 15:29:13] [MONOT] - Saving hourly load monotone for as-are node...
INFO [2024-09-03 15:29:14] [MONOT] - The hourly load monotone for as-are has been saved!
INFO [2024-09-03 15:29:14] [MONOT] - Saving hourly load monotone for as-bgd node...
INFO [2024-09-03 15:29:16] [MONOT] - The hourly load monotone for as-bgd has been saved!
INFO [2024-09-03 15:29:16] [MONOT] - Saving hourly load monotone for as-bhr node...
INFO [2024-09-03 15:29:17] [MONOT] - The hourly load monotone for as-bhr has been saved!
INFO [2024-09-03 15:29:17] [MONOT] - Saving hourly load monotone for as-brn node...
INFO [2024-09-03 15:29:19] [MONOT] - The hourly load monotone for as-brn has been saved!
INFO [2024-09-03 15:29:19] [MONOT] - Saving hourly load monotone for as-btn node...
INFO [2024-09-03 15:29:20] [MONOT] - The hourly load monotone for as-btn has been saved!
INFO [2024-09-03 15:29:20] [MONOT] - Saving hourly load monotone for as-chn node...
INFO [2024-09-03 15:29:22] [MONOT] - The hourly load monotone for as-chn has been saved!
INFO [2024-09-03 15:29:22] [MONOT] - Saving hourly load monotone for as-idn node...
INFO [2024-09-03 15:29:23] [MONOT] - The hourly load monotone for as-idn has been saved!
INFO [2024-09-03 15:29:24] [MONOT] - Saving hourly load monotone for as-ind node...
INFO [2024-09-03 15:29:25] [MONOT] - The hourly load monotone for as-ind has been saved!
INFO [2024-09-03 15:29:25] [MONOT] - Saving hourly load monotone for as-irn node...
INFO [2024-09-03 15:29:26] [MONOT] - The hourly load monotone for as-irn has been saved!
INFO [2024-09-03 15:29:27] [MONOT] - Saving hourly load monotone for as-irq node...
INFO [2024-09-03 15:29:28] [MONOT] - The hourly load monotone for as-irq has been saved!
INFO [2024-09-03 15:29:28] [MONOT] - Saving hourly load monotone for as-isr node...
INFO [2024-09-03 15:29:29] [MONOT] - The hourly load monotone for as-isr has been saved!
INFO [2024-09-03 15:29:30] [MONOT] - Saving hourly load monotone for as-jor node...
INFO [2024-09-03 15:29:31] [MONOT] - The hourly load monotone for as-jor has been saved!
INFO [2024-09-03 15:29:31] [MONOT] - Saving hourly load monotone for as-jpn node...
INFO [2024-09-03 15:29:33] [MONOT] - The hourly load monotone for as-jpn has been saved!
INFO [2024-09-03 15:29:33] [MONOT] - Saving hourly load monotone for as-kaz node...
INFO [2024-09-03 15:29:35] [MONOT] - The hourly load monotone for as-kaz has been saved!
INFO [2024-09-03 15:29:35] [MONOT] - Saving hourly load monotone for as-kgz node...
INFO [2024-09-03 15:29:36] [MONOT] - The hourly load monotone for as-kgz has been saved!
INFO [2024-09-03 15:29:36] [MONOT] - Saving hourly load monotone for as-khm node...
INFO [2024-09-03 15:29:38] [MONOT] - The hourly load monotone for as-khm has been saved!
INFO [2024-09-03 15:29:38] [MONOT] - Saving hourly load monotone for as-kor node...
INFO [2024-09-03 15:29:39] [MONOT] - The hourly load monotone for as-kor has been saved!
INFO [2024-09-03 15:29:39] [MONOT] - Saving hourly load monotone for as-kwt node...
INFO [2024-09-03 15:29:41] [MONOT] - The hourly load monotone for as-kwt has been saved!
INFO [2024-09-03 15:29:41] [MONOT] - Saving hourly load monotone for as-lao node...
INFO [2024-09-03 15:29:42] [MONOT] - The hourly load monotone for as-lao has been saved!
INFO [2024-09-03 15:29:42] [MONOT] - Saving hourly load monotone for as-lbn node...
INFO [2024-09-03 15:29:44] [MONOT] - The hourly load monotone for as-lbn has been saved!
INFO [2024-09-03 15:29:44] [MONOT] - Saving hourly load monotone for as-lka node...
INFO [2024-09-03 15:29:46] [MONOT] - The hourly load monotone for as-lka has been saved!
INFO [2024-09-03 15:29:46] [MONOT] - Saving hourly load monotone for as-mmr node...
INFO [2024-09-03 15:29:47] [MONOT] - The hourly load monotone for as-mmr has been saved!
INFO [2024-09-03 15:29:47] [MONOT] - Saving hourly load monotone for as-mng node...
INFO [2024-09-03 15:29:49] [MONOT] - The hourly load monotone for as-mng has been saved!
INFO [2024-09-03 15:29:49] [MONOT] - Saving hourly load monotone for as-mys node...
INFO [2024-09-03 15:29:51] [MONOT] - The hourly load monotone for as-mys has been saved!
INFO [2024-09-03 15:29:51] [MONOT] - Saving hourly load monotone for as-npl node...
INFO [2024-09-03 15:29:52] [MONOT] - The hourly load monotone for as-npl has been saved!
INFO [2024-09-03 15:29:53] [MONOT] - Saving hourly load monotone for as-omn node...
INFO [2024-09-03 15:29:54] [MONOT] - The hourly load monotone for as-omn has been saved!
INFO [2024-09-03 15:29:54] [MONOT] - Saving hourly load monotone for as-pak node...
INFO [2024-09-03 15:29:56] [MONOT] - The hourly load monotone for as-pak has been saved!
INFO [2024-09-03 15:29:56] [MONOT] - Saving hourly load monotone for as-phl node...
INFO [2024-09-03 15:29:58] [MONOT] - The hourly load monotone for as-phl has been saved!
INFO [2024-09-03 15:29:58] [MONOT] - Saving hourly load monotone for as-prk node...
INFO [2024-09-03 15:29:59] [MONOT] - The hourly load monotone for as-prk has been saved!
INFO [2024-09-03 15:29:59] [MONOT] - Saving hourly load monotone for as-qat node...
INFO [2024-09-03 15:30:01] [MONOT] - The hourly load monotone for as-qat has been saved!
INFO [2024-09-03 15:30:01] [MONOT] - Saving hourly load monotone for as-rus node...
INFO [2024-09-03 15:30:03] [MONOT] - The hourly load monotone for as-rus has been saved!
INFO [2024-09-03 15:30:03] [MONOT] - Saving hourly load monotone for as-sau node...
INFO [2024-09-03 15:30:05] [MONOT] - The hourly load monotone for as-sau has been saved!
INFO [2024-09-03 15:30:05] [MONOT] - Saving hourly load monotone for as-sgp node...
INFO [2024-09-03 15:30:06] [MONOT] - The hourly load monotone for as-sgp has been saved!
INFO [2024-09-03 15:30:06] [MONOT] - Saving hourly load monotone for as-syr node...
INFO [2024-09-03 15:30:08] [MONOT] - The hourly load monotone for as-syr has been saved!
INFO [2024-09-03 15:30:08] [MONOT] - Saving hourly load monotone for as-tha node...
INFO [2024-09-03 15:30:09] [MONOT] - The hourly load monotone for as-tha has been saved!
INFO [2024-09-03 15:30:09] [MONOT] - Saving hourly load monotone for as-tjk node...
INFO [2024-09-03 15:30:11] [MONOT] - The hourly load monotone for as-tjk has been saved!
INFO [2024-09-03 15:30:11] [MONOT] - Saving hourly load monotone for as-tkm node...
INFO [2024-09-03 15:30:12] [MONOT] - The hourly load monotone for as-tkm has been saved!
INFO [2024-09-03 15:30:13] [MONOT] - Saving hourly load monotone for as-tur node...
INFO [2024-09-03 15:30:14] [MONOT] - The hourly load monotone for as-tur has been saved!
INFO [2024-09-03 15:30:14] [MONOT] - Saving hourly load monotone for as-twn node...
INFO [2024-09-03 15:30:16] [MONOT] - The hourly load monotone for as-twn has been saved!
INFO [2024-09-03 15:30:16] [MONOT] - Saving hourly load monotone for as-uzb node...
INFO [2024-09-03 15:30:17] [MONOT] - The hourly load monotone for as-uzb has been saved!
INFO [2024-09-03 15:30:17] [MONOT] - Saving hourly load monotone for as-vnm node...
INFO [2024-09-03 15:30:19] [MONOT] - The hourly load monotone for as-vnm has been saved!
INFO [2024-09-03 15:30:19] [MONOT] - Saving hourly load monotone for as-yem node...
INFO [2024-09-03 15:30:20] [MONOT] - The hourly load monotone for as-yem has been saved!
INFO [2024-09-03 15:30:21] [MONOT] - Saving hourly load monotone for eu-alb node...
INFO [2024-09-03 15:30:22] [MONOT] - The hourly load monotone for eu-alb has been saved!
INFO [2024-09-03 15:30:22] [MONOT] - Saving hourly load monotone for eu-arm node...
INFO [2024-09-03 15:30:24] [MONOT] - The hourly load monotone for eu-arm has been saved!
INFO [2024-09-03 15:30:24] [MONOT] - Saving hourly load monotone for eu-aut node...
INFO [2024-09-03 15:30:26] [MONOT] - The hourly load monotone for eu-aut has been saved!
INFO [2024-09-03 15:30:26] [MONOT] - Saving hourly load monotone for eu-aze node...
INFO [2024-09-03 15:30:28] [MONOT] - The hourly load monotone for eu-aze has been saved!
INFO [2024-09-03 15:30:28] [MONOT] - Saving hourly load monotone for eu-bel node...
INFO [2024-09-03 15:30:30] [MONOT] - The hourly load monotone for eu-bel has been saved!
INFO [2024-09-03 15:30:30] [MONOT] - Saving hourly load monotone for eu-bgr node...
INFO [2024-09-03 15:30:32] [MONOT] - The hourly load monotone for eu-bgr has been saved!
INFO [2024-09-03 15:30:32] [MONOT] - Saving hourly load monotone for eu-bih node...
INFO [2024-09-03 15:30:33] [MONOT] - The hourly load monotone for eu-bih has been saved!
INFO [2024-09-03 15:30:33] [MONOT] - Saving hourly load monotone for eu-blr node...
INFO [2024-09-03 15:30:35] [MONOT] - The hourly load monotone for eu-blr has been saved!
INFO [2024-09-03 15:30:35] [MONOT] - Saving hourly load monotone for eu-che node...
