INFO [2024-09-09 17:04:27] [MAIN] - Creating clusters_ren__2024_09_09_17_04_27 study...

INFO [2024-09-09 17:04:27] [MAIN] - Unit commitment mode : ACCURATE
INFO [2024-09-09 17:04:27] [MAIN] - Adding nodes...

INFO [2024-09-09 17:04:28] [NODES] - Adding eu-alb node...
INFO [2024-09-09 17:04:29] [NODES] - Adding eu-arm node...
INFO [2024-09-09 17:04:29] [NODES] - Adding eu-aut node...
INFO [2024-09-09 17:04:29] [NODES] - Adding eu-aze node...
INFO [2024-09-09 17:04:29] [NODES] - Adding eu-bel node...
INFO [2024-09-09 17:04:29] [NODES] - Adding eu-bgr node...
INFO [2024-09-09 17:04:29] [NODES] - Adding eu-bih node...
INFO [2024-09-09 17:04:29] [NODES] - Adding eu-blr node...
INFO [2024-09-09 17:04:30] [NODES] - Adding eu-che node...
INFO [2024-09-09 17:04:30] [NODES] - Adding eu-cyp node...
INFO [2024-09-09 17:04:30] [NODES] - Adding eu-cze node...
INFO [2024-09-09 17:04:30] [NODES] - Adding eu-deu node...
INFO [2024-09-09 17:04:30] [NODES] - Adding eu-dnk node...
INFO [2024-09-09 17:04:31] [NODES] - Adding eu-esp node...
INFO [2024-09-09 17:04:31] [NODES] - Adding eu-est node...
INFO [2024-09-09 17:04:31] [NODES] - Adding eu-fin node...
INFO [2024-09-09 17:04:31] [NODES] - Adding eu-fra node...
INFO [2024-09-09 17:04:32] [NODES] - Adding eu-gbr node...
INFO [2024-09-09 17:04:32] [NODES] - Adding eu-geo node...
INFO [2024-09-09 17:04:33] [NODES] - Adding eu-grc node...
INFO [2024-09-09 17:04:33] [NODES] - Adding eu-hrv node...
INFO [2024-09-09 17:04:33] [NODES] - Adding eu-hun node...
INFO [2024-09-09 17:04:34] [NODES] - Adding eu-irl node...
INFO [2024-09-09 17:04:34] [NODES] - Adding eu-isl node...
INFO [2024-09-09 17:04:34] [NODES] - Adding eu-ita node...
INFO [2024-09-09 17:04:34] [NODES] - Adding eu-kos node...
INFO [2024-09-09 17:04:34] [NODES] - Adding eu-ltu node...
INFO [2024-09-09 17:04:35] [NODES] - Adding eu-lux node...
INFO [2024-09-09 17:04:35] [NODES] - Adding eu-lva node...
INFO [2024-09-09 17:04:35] [NODES] - Adding eu-mda node...
INFO [2024-09-09 17:04:36] [NODES] - Adding eu-mkd node...
INFO [2024-09-09 17:04:36] [NODES] - Adding eu-mne node...
INFO [2024-09-09 17:04:36] [NODES] - Adding eu-nld node...
INFO [2024-09-09 17:04:36] [NODES] - Adding eu-nor node...
INFO [2024-09-09 17:04:37] [NODES] - Adding eu-pol node...
INFO [2024-09-09 17:04:37] [NODES] - Adding eu-prt node...
INFO [2024-09-09 17:04:37] [NODES] - Adding eu-rou node...
INFO [2024-09-09 17:04:38] [NODES] - Adding eu-srb node...
INFO [2024-09-09 17:04:38] [NODES] - Adding eu-svk node...
INFO [2024-09-09 17:04:38] [NODES] - Adding eu-svn node...
INFO [2024-09-09 17:04:38] [NODES] - Adding eu-swe node...
INFO [2024-09-09 17:04:39] [NODES] - Adding eu-ukr node...
INFO [2024-09-09 17:04:39] [MAIN] - Done adding nodes! (run time : 11.58s).

INFO [2024-09-09 17:04:39] [MAIN] - Adding load data...

INFO [2024-09-09 17:04:40] [LOAD] - Adding eu-alb load data...
INFO [2024-09-09 17:04:40] [LOAD] - Adding eu-arm load data...
INFO [2024-09-09 17:04:40] [LOAD] - Adding eu-aut load data...
INFO [2024-09-09 17:04:40] [LOAD] - Adding eu-aze load data...
INFO [2024-09-09 17:04:41] [LOAD] - Adding eu-bel load data...
INFO [2024-09-09 17:04:41] [LOAD] - Adding eu-bgr load data...
INFO [2024-09-09 17:04:41] [LOAD] - Adding eu-bih load data...
INFO [2024-09-09 17:04:41] [LOAD] - Adding eu-blr load data...
INFO [2024-09-09 17:04:41] [LOAD] - Adding eu-che load data...
INFO [2024-09-09 17:04:41] [LOAD] - Adding eu-cyp load data...
INFO [2024-09-09 17:04:42] [LOAD] - Adding eu-cze load data...
INFO [2024-09-09 17:04:42] [LOAD] - Adding eu-deu load data...
INFO [2024-09-09 17:04:42] [LOAD] - Adding eu-dnk load data...
INFO [2024-09-09 17:04:42] [LOAD] - Adding eu-esp load data...
INFO [2024-09-09 17:04:42] [LOAD] - Adding eu-est load data...
INFO [2024-09-09 17:04:42] [LOAD] - Adding eu-fin load data...
INFO [2024-09-09 17:04:43] [LOAD] - Adding eu-fra load data...
INFO [2024-09-09 17:04:43] [LOAD] - Adding eu-gbr load data...
INFO [2024-09-09 17:04:43] [LOAD] - Adding eu-geo load data...
INFO [2024-09-09 17:04:43] [LOAD] - Adding eu-grc load data...
INFO [2024-09-09 17:04:43] [LOAD] - Adding eu-hrv load data...
INFO [2024-09-09 17:04:44] [LOAD] - Adding eu-hun load data...
INFO [2024-09-09 17:04:44] [LOAD] - Adding eu-irl load data...
INFO [2024-09-09 17:04:44] [LOAD] - Adding eu-isl load data...
INFO [2024-09-09 17:04:44] [LOAD] - Adding eu-ita load data...
INFO [2024-09-09 17:04:44] [LOAD] - Adding eu-kos load data...
INFO [2024-09-09 17:04:45] [LOAD] - Adding eu-ltu load data...
INFO [2024-09-09 17:04:45] [LOAD] - Adding eu-lux load data...
INFO [2024-09-09 17:04:45] [LOAD] - Adding eu-lva load data...
INFO [2024-09-09 17:04:45] [LOAD] - Adding eu-mda load data...
INFO [2024-09-09 17:04:45] [LOAD] - Adding eu-mkd load data...
INFO [2024-09-09 17:04:46] [LOAD] - Adding eu-mne load data...
INFO [2024-09-09 17:04:46] [LOAD] - Adding eu-nld load data...
INFO [2024-09-09 17:04:46] [LOAD] - Adding eu-nor load data...
INFO [2024-09-09 17:04:46] [LOAD] - Adding eu-pol load data...
INFO [2024-09-09 17:04:46] [LOAD] - Adding eu-prt load data...
INFO [2024-09-09 17:04:47] [LOAD] - Adding eu-rou load data...
INFO [2024-09-09 17:04:47] [LOAD] - Adding eu-srb load data...
INFO [2024-09-09 17:04:47] [LOAD] - Adding eu-svk load data...
INFO [2024-09-09 17:04:47] [LOAD] - Adding eu-svn load data...
INFO [2024-09-09 17:04:47] [LOAD] - Adding eu-swe load data...
INFO [2024-09-09 17:04:48] [LOAD] - Adding eu-ukr load data...
INFO [2024-09-09 17:04:48] [MAIN] - Done adding load data! (run time : 8.83s).

INFO [2024-09-09 17:04:48] [MAIN] - Fetching solar data...

INFO [2024-09-09 17:04:50] [WARN] - Properties for aus_sol_liddellsolart507 generator has not been found in PLEXOS data.
