ERROR [2024-07-31 11:08:57] [WARN] - Skipped adding wind data for EU-ALB (no generators found in PLEXOS).
ERROR [2024-07-31 11:08:57] [WARN] - Skipped adding wind data for EU-ARM (no generators found in PLEXOS).
ERROR [2024-07-31 11:08:57] [WARN] - Skipped adding wind data for EU-AZE (no generators found in PLEXOS).
ERROR [2024-07-31 11:08:58] [WARN] - Skipped adding wind data for EU-BIH (no generators found in PLEXOS).
ERROR [2024-07-31 11:08:58] [WARN] - Skipped adding wind data for EU-BLR (no generators found in PLEXOS).
ERROR [2024-07-31 11:09:01] [WARN] - Skipped adding wind data for EU-GEO (no generators found in PLEXOS).
ERROR [2024-07-31 11:09:03] [WARN] - Skipped adding wind data for EU-ISL (no generators found in PLEXOS).
ERROR [2024-07-31 11:09:03] [WARN] - Skipped adding wind data for EU-KOS (no generators found in PLEXOS).
ERROR [2024-07-31 11:09:05] [WARN] - Skipped adding wind data for EU-MDA (no generators found in PLEXOS).
ERROR [2024-07-31 11:09:05] [WARN] - Skipped adding wind data for EU-MKD (no generators found in PLEXOS).
ERROR [2024-07-31 11:09:05] [WARN] - Skipped adding wind data for EU-MNE (no generators found in PLEXOS).
ERROR [2024-07-31 11:09:07] [WARN] - Skipped adding wind data for EU-SRB (no generators found in PLEXOS).
ERROR [2024-07-31 11:09:07] [WARN] - Skipped adding wind data for EU-SVK (no generators found in PLEXOS).
ERROR [2024-07-31 11:09:07] [WARN] - Skipped adding wind data for EU-SVN (no generators found in PLEXOS).
ERROR [2024-07-31 11:10:00] [WARN] - Skipped adding solar PV data for EU-ALB (no generators found in PLEXOS).
ERROR [2024-07-31 11:10:00] [WARN] - Skipped adding solar PV data for EU-ARM (no generators found in PLEXOS).
ERROR [2024-07-31 11:10:01] [WARN] - Skipped adding solar PV data for EU-BIH (no generators found in PLEXOS).
ERROR [2024-07-31 11:10:01] [WARN] - Skipped adding solar PV data for EU-BLR (no generators found in PLEXOS).
ERROR [2024-07-31 11:10:03] [WARN] - Skipped adding solar PV data for EU-EST (no generators found in PLEXOS).
ERROR [2024-07-31 11:10:04] [WARN] - Skipped adding solar PV data for EU-GEO (no generators found in PLEXOS).
ERROR [2024-07-31 11:10:05] [WARN] - Skipped adding solar PV data for EU-IRL (no generators found in PLEXOS).
ERROR [2024-07-31 11:10:05] [WARN] - Skipped adding solar PV data for EU-ISL (no generators found in PLEXOS).
ERROR [2024-07-31 11:10:05] [WARN] - Skipped adding solar PV data for EU-KOS (no generators found in PLEXOS).
ERROR [2024-07-31 11:10:06] [WARN] - Skipped adding solar PV data for EU-LVA (no generators found in PLEXOS).
ERROR [2024-07-31 11:10:06] [WARN] - Skipped adding solar PV data for EU-MDA (no generators found in PLEXOS).
ERROR [2024-07-31 11:10:06] [WARN] - Skipped adding solar PV data for EU-MNE (no generators found in PLEXOS).
