INFO [2024-07-31 11:07:32] [MAIN] - Creating Etude_sur_R_Monde__2024_07_31_11_07_31 study...

INFO [2024-07-31 11:07:32] [MAIN] - Adding nodes...

INFO [2024-07-31 11:07:32] [NODES] - Adding EU-ALB node...
INFO [2024-07-31 11:07:32] [NODES] - Adding EU-ARM node...
INFO [2024-07-31 11:07:33] [NODES] - Adding EU-AUT node...
INFO [2024-07-31 11:07:33] [NODES] - Adding EU-AZE node...
INFO [2024-07-31 11:07:33] [NODES] - Adding EU-BEL node...
INFO [2024-07-31 11:07:33] [NODES] - Adding EU-BGR node...
INFO [2024-07-31 11:07:33] [NODES] - Adding EU-BIH node...
INFO [2024-07-31 11:07:34] [NODES] - Adding EU-BLR node...
INFO [2024-07-31 11:07:34] [NODES] - Adding EU-CHE node...
INFO [2024-07-31 11:07:34] [NODES] - Adding EU-CYP node...
INFO [2024-07-31 11:07:35] [NODES] - Adding EU-CZE node...
INFO [2024-07-31 11:07:35] [NODES] - Adding EU-DEU node...
INFO [2024-07-31 11:07:35] [NODES] - Adding EU-DNK node...
INFO [2024-07-31 11:07:36] [NODES] - Adding EU-ESP node...
INFO [2024-07-31 11:07:36] [NODES] - Adding EU-EST node...
INFO [2024-07-31 11:07:37] [NODES] - Adding EU-FIN node...
INFO [2024-07-31 11:07:37] [NODES] - Adding EU-FRA node...
INFO [2024-07-31 11:07:37] [NODES] - Adding EU-GBR node...
INFO [2024-07-31 11:07:38] [NODES] - Adding EU-GEO node...
INFO [2024-07-31 11:07:38] [NODES] - Adding EU-GRC node...
INFO [2024-07-31 11:07:39] [NODES] - Adding EU-HRV node...
INFO [2024-07-31 11:07:39] [NODES] - Adding EU-HUN node...
INFO [2024-07-31 11:07:40] [NODES] - Adding EU-IRL node...
INFO [2024-07-31 11:07:40] [NODES] - Adding EU-ISL node...
INFO [2024-07-31 11:07:40] [NODES] - Adding EU-ITA node...
INFO [2024-07-31 11:07:41] [NODES] - Adding EU-KOS node...
INFO [2024-07-31 11:07:41] [NODES] - Adding EU-LTU node...
INFO [2024-07-31 11:07:42] [NODES] - Adding EU-LUX node...
INFO [2024-07-31 11:07:42] [NODES] - Adding EU-LVA node...
INFO [2024-07-31 11:07:43] [NODES] - Adding EU-MDA node...
INFO [2024-07-31 11:07:43] [NODES] - Adding EU-MKD node...
INFO [2024-07-31 11:07:44] [NODES] - Adding EU-MNE node...
INFO [2024-07-31 11:07:44] [NODES] - Adding EU-NLD node...
INFO [2024-07-31 11:07:45] [NODES] - Adding EU-NOR node...
INFO [2024-07-31 11:07:45] [NODES] - Adding EU-POL node...
INFO [2024-07-31 11:07:46] [NODES] - Adding EU-PRT node...
INFO [2024-07-31 11:07:46] [NODES] - Adding EU-ROU node...
INFO [2024-07-31 11:07:47] [NODES] - Adding EU-SRB node...
INFO [2024-07-31 11:07:47] [NODES] - Adding EU-SVK node...
INFO [2024-07-31 11:07:48] [NODES] - Adding EU-SVN node...
INFO [2024-07-31 11:07:48] [NODES] - Adding EU-SWE node...
INFO [2024-07-31 11:07:49] [NODES] - Adding EU-UKR node...
INFO [2024-07-31 11:07:50] [MAIN] - Done adding nodes! (run time : 17.86s).

INFO [2024-07-31 11:07:50] [MAIN] - Adding load data...

INFO [2024-07-31 11:07:51] [LOAD] - Adding EU-ALB load data...
INFO [2024-07-31 11:07:51] [LOAD] - Adding EU-ARM load data...
INFO [2024-07-31 11:07:52] [LOAD] - Adding EU-AUT load data...
INFO [2024-07-31 11:07:52] [LOAD] - Adding EU-AZE load data...
INFO [2024-07-31 11:07:52] [LOAD] - Adding EU-BEL load data...
INFO [2024-07-31 11:07:53] [LOAD] - Adding EU-BGR load data...
INFO [2024-07-31 11:07:53] [LOAD] - Adding EU-BIH load data...
INFO [2024-07-31 11:07:53] [LOAD] - Adding EU-BLR load data...
INFO [2024-07-31 11:07:54] [LOAD] - Adding EU-CHE load data...
INFO [2024-07-31 11:07:54] [LOAD] - Adding EU-CYP load data...
INFO [2024-07-31 11:07:54] [LOAD] - Adding EU-CZE load data...
INFO [2024-07-31 11:07:55] [LOAD] - Adding EU-DEU load data...
INFO [2024-07-31 11:07:55] [LOAD] - Adding EU-DNK load data...
INFO [2024-07-31 11:07:55] [LOAD] - Adding EU-ESP load data...
INFO [2024-07-31 11:07:56] [LOAD] - Adding EU-EST load data...
INFO [2024-07-31 11:07:56] [LOAD] - Adding EU-FIN load data...
INFO [2024-07-31 11:07:56] [LOAD] - Adding EU-FRA load data...
INFO [2024-07-31 11:07:56] [LOAD] - Adding EU-GBR load data...
INFO [2024-07-31 11:07:57] [LOAD] - Adding EU-GEO load data...
INFO [2024-07-31 11:07:57] [LOAD] - Adding EU-GRC load data...
INFO [2024-07-31 11:07:57] [LOAD] - Adding EU-HRV load data...
INFO [2024-07-31 11:07:58] [LOAD] - Adding EU-HUN load data...
INFO [2024-07-31 11:07:58] [LOAD] - Adding EU-IRL load data...
INFO [2024-07-31 11:07:58] [LOAD] - Adding EU-ISL load data...
INFO [2024-07-31 11:07:58] [LOAD] - Adding EU-ITA load data...
INFO [2024-07-31 11:07:59] [LOAD] - Adding EU-KOS load data...
INFO [2024-07-31 11:07:59] [LOAD] - Adding EU-LTU load data...
INFO [2024-07-31 11:07:59] [LOAD] - Adding EU-LUX load data...
INFO [2024-07-31 11:08:00] [LOAD] - Adding EU-LVA load data...
INFO [2024-07-31 11:08:00] [LOAD] - Adding EU-MDA load data...
INFO [2024-07-31 11:08:01] [LOAD] - Adding EU-MKD load data...
INFO [2024-07-31 11:08:01] [LOAD] - Adding EU-MNE load data...
INFO [2024-07-31 11:08:01] [LOAD] - Adding EU-NLD load data...
INFO [2024-07-31 11:08:02] [LOAD] - Adding EU-NOR load data...
INFO [2024-07-31 11:08:02] [LOAD] - Adding EU-POL load data...
INFO [2024-07-31 11:08:02] [LOAD] - Adding EU-PRT load data...
INFO [2024-07-31 11:08:03] [LOAD] - Adding EU-ROU load data...
INFO [2024-07-31 11:08:03] [LOAD] - Adding EU-SRB load data...
INFO [2024-07-31 11:08:03] [LOAD] - Adding EU-SVK load data...
INFO [2024-07-31 11:08:03] [LOAD] - Adding EU-SVN load data...
INFO [2024-07-31 11:08:04] [LOAD] - Adding EU-SWE load data...
INFO [2024-07-31 11:08:04] [LOAD] - Adding EU-UKR load data...
INFO [2024-07-31 11:08:04] [MAIN] - Done adding load data! (run time : 14.72s).

INFO [2024-07-31 11:08:04] [MAIN] - Gathering generator data from PLEXOS...
INFO [2024-07-31 11:08:07] [MAIN] - Done gathering generator data! (run time : 3.01s).

INFO [2024-07-31 11:08:07] [MAIN] - Fetching wind data...

INFO [2024-07-31 11:08:57] [WARN] - Skipped adding wind data for EU-ALB (no generators found in PLEXOS).
INFO [2024-07-31 11:08:57] [WARN] - Skipped adding wind data for EU-ARM (no generators found in PLEXOS).
INFO [2024-07-31 11:08:57] [WIND] - Adding EU-AUT aggregated wind data...
INFO [2024-07-31 11:08:57] [WARN] - Skipped adding wind data for EU-AZE (no generators found in PLEXOS).
INFO [2024-07-31 11:08:57] [WIND] - Adding EU-BEL aggregated wind data...
INFO [2024-07-31 11:08:58] [WIND] - Adding EU-BGR aggregated wind data...
INFO [2024-07-31 11:08:58] [WARN] - Skipped adding wind data for EU-BIH (no generators found in PLEXOS).
INFO [2024-07-31 11:08:58] [WARN] - Skipped adding wind data for EU-BLR (no generators found in PLEXOS).
INFO [2024-07-31 11:08:58] [WIND] - Adding EU-CHE aggregated wind data...
INFO [2024-07-31 11:08:59] [WIND] - Adding EU-CYP aggregated wind data...
INFO [2024-07-31 11:08:59] [WIND] - Adding EU-CZE aggregated wind data...
INFO [2024-07-31 11:08:59] [WIND] - Adding EU-DEU aggregated wind data...
INFO [2024-07-31 11:09:00] [WIND] - Adding EU-DNK aggregated wind data...
INFO [2024-07-31 11:09:00] [WIND] - Adding EU-ESP aggregated wind data...
INFO [2024-07-31 11:09:00] [WIND] - Adding EU-EST aggregated wind data...
INFO [2024-07-31 11:09:01] [WIND] - Adding EU-FIN aggregated wind data...
INFO [2024-07-31 11:09:01] [WIND] - Adding EU-FRA aggregated wind data...
INFO [2024-07-31 11:09:01] [WIND] - Adding EU-GBR aggregated wind data...
INFO [2024-07-31 11:09:01] [WARN] - Skipped adding wind data for EU-GEO (no generators found in PLEXOS).
INFO [2024-07-31 11:09:02] [WIND] - Adding EU-GRC aggregated wind data...
INFO [2024-07-31 11:09:02] [WIND] - Adding EU-HRV aggregated wind data...
INFO [2024-07-31 11:09:03] [WIND] - Adding EU-HUN aggregated wind data...
INFO [2024-07-31 11:09:03] [WIND] - Adding EU-IRL aggregated wind data...
INFO [2024-07-31 11:09:03] [WARN] - Skipped adding wind data for EU-ISL (no generators found in PLEXOS).
INFO [2024-07-31 11:09:03] [WIND] - Adding EU-ITA aggregated wind data...
INFO [2024-07-31 11:09:03] [WARN] - Skipped adding wind data for EU-KOS (no generators found in PLEXOS).
INFO [2024-07-31 11:09:04] [WIND] - Adding EU-LTU aggregated wind data...
INFO [2024-07-31 11:09:04] [WIND] - Adding EU-LUX aggregated wind data...
INFO [2024-07-31 11:09:05] [WIND] - Adding EU-LVA aggregated wind data...
INFO [2024-07-31 11:09:05] [WARN] - Skipped adding wind data for EU-MDA (no generators found in PLEXOS).
INFO [2024-07-31 11:09:05] [WARN] - Skipped adding wind data for EU-MKD (no generators found in PLEXOS).
INFO [2024-07-31 11:09:05] [WARN] - Skipped adding wind data for EU-MNE (no generators found in PLEXOS).
INFO [2024-07-31 11:09:05] [WIND] - Adding EU-NLD aggregated wind data...
INFO [2024-07-31 11:09:05] [WIND] - Adding EU-NOR aggregated wind data...
INFO [2024-07-31 11:09:06] [WIND] - Adding EU-POL aggregated wind data...
INFO [2024-07-31 11:09:06] [WIND] - Adding EU-PRT aggregated wind data...
INFO [2024-07-31 11:09:07] [WIND] - Adding EU-ROU aggregated wind data...
INFO [2024-07-31 11:09:07] [WARN] - Skipped adding wind data for EU-SRB (no generators found in PLEXOS).
INFO [2024-07-31 11:09:07] [WARN] - Skipped adding wind data for EU-SVK (no generators found in PLEXOS).
INFO [2024-07-31 11:09:07] [WARN] - Skipped adding wind data for EU-SVN (no generators found in PLEXOS).
INFO [2024-07-31 11:09:07] [WIND] - Adding EU-SWE aggregated wind data...
INFO [2024-07-31 11:09:07] [WIND] - Adding EU-UKR aggregated wind data...
INFO [2024-07-31 11:09:07] [MAIN] - Done adding wind data! (run time : 59.74s).

INFO [2024-07-31 11:09:07] [MAIN] - Fetching solar PV data...

INFO [2024-07-31 11:10:00] [WARN] - Skipped adding solar PV data for EU-ALB (no generators found in PLEXOS).
INFO [2024-07-31 11:10:00] [WARN] - Skipped adding solar PV data for EU-ARM (no generators found in PLEXOS).
INFO [2024-07-31 11:10:00] [SOLAR] - Adding EU-AUT aggregated solar PV data...
INFO [2024-07-31 11:10:01] [SOLAR] - Adding EU-AZE aggregated solar PV data...
INFO [2024-07-31 11:10:01] [SOLAR] - Adding EU-BEL aggregated solar PV data...
INFO [2024-07-31 11:10:01] [SOLAR] - Adding EU-BGR aggregated solar PV data...
INFO [2024-07-31 11:10:01] [WARN] - Skipped adding solar PV data for EU-BIH (no generators found in PLEXOS).
INFO [2024-07-31 11:10:01] [WARN] - Skipped adding solar PV data for EU-BLR (no generators found in PLEXOS).
INFO [2024-07-31 11:10:01] [SOLAR] - Adding EU-CHE aggregated solar PV data...
INFO [2024-07-31 11:10:02] [SOLAR] - Adding EU-CYP aggregated solar PV data...
INFO [2024-07-31 11:10:02] [SOLAR] - Adding EU-CZE aggregated solar PV data...
INFO [2024-07-31 11:10:02] [SOLAR] - Adding EU-DEU aggregated solar PV data...
INFO [2024-07-31 11:10:03] [SOLAR] - Adding EU-DNK aggregated solar PV data...
INFO [2024-07-31 11:10:03] [SOLAR] - Adding EU-ESP aggregated solar PV data...
INFO [2024-07-31 11:10:03] [WARN] - Skipped adding solar PV data for EU-EST (no generators found in PLEXOS).
INFO [2024-07-31 11:10:03] [SOLAR] - Adding EU-FIN aggregated solar PV data...
INFO [2024-07-31 11:10:04] [SOLAR] - Adding EU-FRA aggregated solar PV data...
INFO [2024-07-31 11:10:04] [SOLAR] - Adding EU-GBR aggregated solar PV data...
INFO [2024-07-31 11:10:04] [WARN] - Skipped adding solar PV data for EU-GEO (no generators found in PLEXOS).
INFO [2024-07-31 11:10:04] [SOLAR] - Adding EU-GRC aggregated solar PV data...
INFO [2024-07-31 11:10:05] [SOLAR] - Adding EU-HRV aggregated solar PV data...
INFO [2024-07-31 11:10:05] [SOLAR] - Adding EU-HUN aggregated solar PV data...
INFO [2024-07-31 11:10:05] [WARN] - Skipped adding solar PV data for EU-IRL (no generators found in PLEXOS).
INFO [2024-07-31 11:10:05] [WARN] - Skipped adding solar PV data for EU-ISL (no generators found in PLEXOS).
INFO [2024-07-31 11:10:05] [SOLAR] - Adding EU-ITA aggregated solar PV data...
INFO [2024-07-31 11:10:05] [WARN] - Skipped adding solar PV data for EU-KOS (no generators found in PLEXOS).
INFO [2024-07-31 11:10:06] [SOLAR] - Adding EU-LTU aggregated solar PV data...
INFO [2024-07-31 11:10:06] [SOLAR] - Adding EU-LUX aggregated solar PV data...
INFO [2024-07-31 11:10:06] [WARN] - Skipped adding solar PV data for EU-LVA (no generators found in PLEXOS).
INFO [2024-07-31 11:10:06] [WARN] - Skipped adding solar PV data for EU-MDA (no generators found in PLEXOS).
INFO [2024-07-31 11:10:06] [SOLAR] - Adding EU-MKD aggregated solar PV data...
INFO [2024-07-31 11:10:06] [WARN] - Skipped adding solar PV data for EU-MNE (no generators found in PLEXOS).
INFO [2024-07-31 11:10:06] [SOLAR] - Adding EU-NLD aggregated solar PV data...
INFO [2024-07-31 11:10:07] [SOLAR] - Adding EU-NOR aggregated solar PV data...
INFO [2024-07-31 11:10:07] [SOLAR] - Adding EU-POL aggregated solar PV data...
INFO [2024-07-31 11:10:07] [SOLAR] - Adding EU-PRT aggregated solar PV data...
INFO [2024-07-31 11:10:08] [SOLAR] - Adding EU-ROU aggregated solar PV data...
INFO [2024-07-31 11:10:08] [SOLAR] - Adding EU-SRB aggregated solar PV data...
INFO [2024-07-31 11:10:08] [SOLAR] - Adding EU-SVK aggregated solar PV data...
INFO [2024-07-31 11:10:08] [SOLAR] - Adding EU-SVN aggregated solar PV data...
INFO [2024-07-31 11:10:09] [SOLAR] - Adding EU-SWE aggregated solar PV data...
INFO [2024-07-31 11:10:09] [SOLAR] - Adding EU-UKR aggregated solar PV data...
INFO [2024-07-31 11:10:09] [MAIN] - Done adding solar PV data! (run time : 61.75s).

INFO [2024-07-31 11:10:09] [MAIN] - Fetching thermal data...

INFO [2024-07-31 11:10:11] [THERMAL] - Adding ARM_GAS_CAPACITY SCALER generator to EU-ARM node...
INFO [2024-07-31 11:10:11] [THERMAL] - Adding ARM_GAS_HRAZADAN296 generator to EU-ARM node...
INFO [2024-07-31 11:10:11] [THERMAL] - Adding ARM_GAS_NEWYEREVAN297 generator to EU-ARM node...
INFO [2024-07-31 11:10:12] [THERMAL] - Adding ARM_GAS_YEREVAN302 generator to EU-ARM node...
INFO [2024-07-31 11:10:12] [THERMAL] - Adding ARM_NUC_ARMENIAN2295 generator to EU-ARM node...
INFO [2024-07-31 11:10:12] [THERMAL] - Adding AUT_BIO_CAPACITY SCALER generator to EU-AUT node...
INFO [2024-07-31 11:10:13] [THERMAL] - Adding AUT_COA_CAPACITY SCALER generator to EU-AUT node...
INFO [2024-07-31 11:10:13] [THERMAL] - Adding AUT_GAS_CAPACITY SCALER generator to EU-AUT node...
INFO [2024-07-31 11:10:13] [THERMAL] - Adding AUT_GAS_DONAUSTADT739 generator to EU-AUT node...
INFO [2024-07-31 11:10:14] [THERMAL] - Adding AUT_GAS_SIMMERING807 generator to EU-AUT node...
INFO [2024-07-31 11:10:14] [THERMAL] - Adding AUT_GAS_TIMELKAM816 generator to EU-AUT node...
INFO [2024-07-31 11:10:15] [THERMAL] - Adding AZE_BIO_CAPACITY SCALER generator to EU-AZE node...
INFO [2024-07-31 11:10:15] [THERMAL] - Adding AZE_GAS_ASTARAES835 generator to EU-AZE node...
INFO [2024-07-31 11:10:15] [THERMAL] - Adding AZE_GAS_BAKUES837 generator to EU-AZE node...
INFO [2024-07-31 11:10:16] [THERMAL] - Adding AZE_GAS_BAKUTEC838 generator to EU-AZE node...
INFO [2024-07-31 11:10:16] [THERMAL] - Adding AZE_GAS_CAPACITY SCALER generator to EU-AZE node...
INFO [2024-07-31 11:10:16] [THERMAL] - Adding AZE_GAS_JANUB840 generator to EU-AZE node...
INFO [2024-07-31 11:10:17] [THERMAL] - Adding AZE_GAS_KHACHMAZES841 generator to EU-AZE node...
INFO [2024-07-31 11:10:17] [THERMAL] - Adding AZE_GAS_SANGACHALES843 generator to EU-AZE node...
INFO [2024-07-31 11:10:17] [THERMAL] - Adding AZE_GAS_SHIMAL845 generator to EU-AZE node...
INFO [2024-07-31 11:10:18] [THERMAL] - Adding AZE_GAS_SUMQAYIT846 generator to EU-AZE node...
INFO [2024-07-31 11:10:18] [THERMAL] - Adding BEL_BIO_AWIRS4930 generator to EU-BEL node...
INFO [2024-07-31 11:10:18] [THERMAL] - Adding BEL_BIO_CAPACITY SCALER generator to EU-BEL node...
INFO [2024-07-31 11:10:19] [THERMAL] - Adding BEL_BIO_RODENHUIZE4973 generator to EU-BEL node...
INFO [2024-07-31 11:10:19] [THERMAL] - Adding BEL_COA_LANGERLO1965 generator to EU-BEL node...
INFO [2024-07-31 11:10:19] [THERMAL] - Adding BEL_GAS_AALSTSYRALGT931 generator to EU-BEL node...
INFO [2024-07-31 11:10:20] [THERMAL] - Adding BEL_GAS_AALSTSYRALST932 generator to EU-BEL node...
INFO [2024-07-31 11:10:20] [THERMAL] - Adding BEL_GAS_AMERCOEUR1RT933 generator to EU-BEL node...
INFO [2024-07-31 11:10:20] [THERMAL] - Adding BEL_GAS_ANGLEURTG41929 generator to EU-BEL node...
INFO [2024-07-31 11:10:21] [THERMAL] - Adding BEL_GAS_BEVERENINEOSP940 generator to EU-BEL node...
INFO [2024-07-31 11:10:21] [THERMAL] - Adding BEL_GAS_CAPACITY SCALER generator to EU-BEL node...
INFO [2024-07-31 11:10:21] [THERMAL] - Adding BEL_GAS_DROGENBOSDM51944 generator to EU-BEL node...
INFO [2024-07-31 11:10:22] [THERMAL] - Adding BEL_GAS_DROGENBOSGT0945 generator to EU-BEL node...
INFO [2024-07-31 11:10:22] [THERMAL] - Adding BEL_GAS_DROGENBOSTGV946 generator to EU-BEL node...
INFO [2024-07-31 11:10:22] [THERMAL] - Adding BEL_GAS_HAMGENTWKK950 generator to EU-BEL node...
INFO [2024-07-31 11:10:23] [THERMAL] - Adding BEL_GAS_HERDERSBRUGSTE952 generator to EU-BEL node...
INFO [2024-07-31 11:10:23] [THERMAL] - Adding BEL_GAS_INESCOWKK960 generator to EU-BEL node...
INFO [2024-07-31 11:10:23] [THERMAL] - Adding BEL_GAS_LANGERLO4REPO966 generator to EU-BEL node...
INFO [2024-07-31 11:10:24] [THERMAL] - Adding BEL_GAS_MARCINELLEENER968 generator to EU-BEL node...
INFO [2024-07-31 11:10:24] [THERMAL] - Adding BEL_GAS_RINGVAARTSTEG972 generator to EU-BEL node...
INFO [2024-07-31 11:10:24] [THERMAL] - Adding BEL_GAS_SAINTGHISLAIN975 generator to EU-BEL node...
INFO [2024-07-31 11:10:25] [THERMAL] - Adding BEL_GAS_TPOWERBERINGE978 generator to EU-BEL node...
INFO [2024-07-31 11:10:25] [THERMAL] - Adding BEL_GAS_ZEEBRUGGE2FLU988 generator to EU-BEL node...
INFO [2024-07-31 11:10:26] [THERMAL] - Adding BEL_GAS_ZELZATE2KNIPP990 generator to EU-BEL node...
INFO [2024-07-31 11:10:26] [THERMAL] - Adding BEL_GAS_ZWIJNDRECHTLAN992 generator to EU-BEL node...
INFO [2024-07-31 11:10:26] [THERMAL] - Adding BEL_GAS_ZWIJNDRECHTLAN993 generator to EU-BEL node...
INFO [2024-07-31 11:10:27] [THERMAL] - Adding BEL_NUC_DOEL4943 generator to EU-BEL node...
INFO [2024-07-31 11:10:27] [THERMAL] - Adding BEL_NUC_TIHANGE1N979 generator to EU-BEL node...
INFO [2024-07-31 11:10:27] [THERMAL] - Adding BEL_NUC_TIHANGE3980 generator to EU-BEL node...
INFO [2024-07-31 11:10:28] [THERMAL] - Adding BEL_WAS_BEVEREN2INDAV939 generator to EU-BEL node...
INFO [2024-07-31 11:10:28] [THERMAL] - Adding BEL_WAS_ELECTRAWINDSBI948 generator to EU-BEL node...
INFO [2024-07-31 11:10:28] [THERMAL] - Adding BEL_WAS_INCINERATEURTH962 generator to EU-BEL node...
INFO [2024-07-31 11:10:29] [THERMAL] - Adding BEL_WAS_INTRADELHERSTA963 generator to EU-BEL node...
INFO [2024-07-31 11:10:29] [THERMAL] - Adding BEL_WAS_IVBO961 generator to EU-BEL node...
INFO [2024-07-31 11:10:29] [THERMAL] - Adding BEL_WAS_LANGERBRUGGEST964 generator to EU-BEL node...
INFO [2024-07-31 11:10:30] [THERMAL] - Adding BEL_WAS_SCHAERBEEKSIOM977 generator to EU-BEL node...
INFO [2024-07-31 11:10:30] [THERMAL] - Adding BEL_WAS_WILRIJKISVAG984 generator to EU-BEL node...
INFO [2024-07-31 11:10:30] [THERMAL] - Adding BGR_BIO_CAPACITY SCALER generator to EU-BGR node...
INFO [2024-07-31 11:10:31] [THERMAL] - Adding BGR_COA_AESGALABOVO3390 generator to EU-BGR node...
INFO [2024-07-31 11:10:31] [THERMAL] - Adding BGR_COA_BOBOVDOLPOWER3391 generator to EU-BGR node...
INFO [2024-07-31 11:10:31] [THERMAL] - Adding BGR_COA_BRIKELPOWERST3392 generator to EU-BGR node...
INFO [2024-07-31 11:10:31] [THERMAL] - Adding BGR_COA_CAPACITY SCALER generator to EU-BGR node...
INFO [2024-07-31 11:10:32] [THERMAL] - Adding BGR_COA_DEVENPOWERSTA3393 generator to EU-BGR node...
INFO [2024-07-31 11:10:32] [THERMAL] - Adding BGR_COA_MARITSA3POWER3398 generator to EU-BGR node...
INFO [2024-07-31 11:10:33] [THERMAL] - Adding BGR_COA_MARITSAITZOK23399 generator to EU-BGR node...
INFO [2024-07-31 11:10:33] [THERMAL] - Adding BGR_COA_MARITSAITZOK33400 generator to EU-BGR node...
INFO [2024-07-31 11:10:33] [THERMAL] - Adding BGR_COA_REPUBLIKAPOWER3405 generator to EU-BGR node...
INFO [2024-07-31 11:10:34] [THERMAL] - Adding BGR_COA_RUSE3404 generator to EU-BGR node...
INFO [2024-07-31 11:10:34] [THERMAL] - Adding BGR_COA_TOPLORUSE3408 generator to EU-BGR node...
INFO [2024-07-31 11:10:34] [THERMAL] - Adding BGR_COA_VIDINWORKSPOW3409 generator to EU-BGR node...
INFO [2024-07-31 11:10:34] [THERMAL] - Adding BGR_NUC_KOZLODUY3396 generator to EU-BGR node...
INFO [2024-07-31 11:10:35] [THERMAL] - Adding BIH_COA_GACKOCOALCHP1027 generator to EU-BIH node...
INFO [2024-07-31 11:10:35] [THERMAL] - Adding BIH_COA_KAKANJCHPPOWE1032 generator to EU-BIH node...
INFO [2024-07-31 11:10:35] [THERMAL] - Adding BIH_COA_TUZLACHPPOWER1041 generator to EU-BIH node...
INFO [2024-07-31 11:10:36] [THERMAL] - Adding BIH_COA_UGLJEVIKCHPCO1042 generator to EU-BIH node...
INFO [2024-07-31 11:10:36] [THERMAL] - Adding BLR_BIO_CAPACITY SCALER generator to EU-BLR node...
INFO [2024-07-31 11:10:36] [THERMAL] - Adding BLR_GAS_BEREZASDPPTHE911 generator to EU-BLR node...
INFO [2024-07-31 11:10:37] [THERMAL] - Adding BLR_GAS_BOBRUISKCHP2912 generator to EU-BLR node...
INFO [2024-07-31 11:10:37] [THERMAL] - Adding BLR_GAS_CAPACITY SCALER generator to EU-BLR node...
INFO [2024-07-31 11:10:37] [THERMAL] - Adding BLR_GAS_GOMEL1CHPPOW913 generator to EU-BLR node...
INFO [2024-07-31 11:10:38] [THERMAL] - Adding BLR_GAS_GOMEL2CHPPOW914 generator to EU-BLR node...
INFO [2024-07-31 11:10:38] [THERMAL] - Adding BLR_GAS_GRODNOCHP2PO915 generator to EU-BLR node...
INFO [2024-07-31 11:10:38] [THERMAL] - Adding BLR_GAS_LIDAPOWERPLAN916 generator to EU-BLR node...
INFO [2024-07-31 11:10:38] [THERMAL] - Adding BLR_GAS_LUKOMLTHERMAL917 generator to EU-BLR node...
INFO [2024-07-31 11:10:39] [THERMAL] - Adding BLR_GAS_MINSK3CHPCCG918 generator to EU-BLR node...
INFO [2024-07-31 11:10:39] [THERMAL] - Adding BLR_GAS_MINSK4CHPCCG919 generator to EU-BLR node...
INFO [2024-07-31 11:10:39] [THERMAL] - Adding BLR_GAS_MINSK5CHPCCG920 generator to EU-BLR node...
INFO [2024-07-31 11:10:40] [THERMAL] - Adding BLR_GAS_MOGILEVCHP2T921 generator to EU-BLR node...
INFO [2024-07-31 11:10:40] [THERMAL] - Adding BLR_GAS_MOZYRTHERMALP922 generator to EU-BLR node...
INFO [2024-07-31 11:10:41] [THERMAL] - Adding BLR_GAS_NOVOPOLOTSKTHE923 generator to EU-BLR node...
INFO [2024-07-31 11:10:41] [THERMAL] - Adding BLR_GAS_ORSHACOGENERAT924 generator to EU-BLR node...
INFO [2024-07-31 11:10:41] [THERMAL] - Adding BLR_GAS_SVETLOGORSKCHP925 generator to EU-BLR node...
INFO [2024-07-31 11:10:42] [THERMAL] - Adding BLR_GAS_VITEBSKTHERMAL926 generator to EU-BLR node...
INFO [2024-07-31 11:10:42] [THERMAL] - Adding BLR_GAS_ZHODINOCHPCCG927 generator to EU-BLR node...
INFO [2024-07-31 11:10:43] [THERMAL] - Adding CHE_BIO_CAPACITY SCALER generator to EU-CHE node...
INFO [2024-07-31 11:10:43] [THERMAL] - Adding CHE_COA_CAPACITY SCALER generator to EU-CHE node...
INFO [2024-07-31 11:10:43] [THERMAL] - Adding CHE_GAS_CAPACITY SCALER generator to EU-CHE node...
INFO [2024-07-31 11:10:44] [THERMAL] - Adding CHE_NUC_KERNKRAFTWERKB17760 generator to EU-CHE node...
INFO [2024-07-31 11:10:44] [THERMAL] - Adding CHE_NUC_KERNKRAFTWERKG17761 generator to EU-CHE node...
INFO [2024-07-31 11:10:44] [THERMAL] - Adding CHE_NUC_KERNKRAFTWERKL17762 generator to EU-CHE node...
INFO [2024-07-31 11:10:45] [THERMAL] - Adding CHE_NUC_KERNKRAFTWERKM17763 generator to EU-CHE node...
INFO [2024-07-31 11:10:45] [THERMAL] - Adding CYP_GAS_VASILIKOSPOWER7996 generator to EU-CYP node...
INFO [2024-07-31 11:10:45] [THERMAL] - Adding CZE_BIO_CAPACITY SCALER generator to EU-CZE node...
INFO [2024-07-31 11:10:46] [THERMAL] - Adding CZE_COA_BRNOPOWERSTAT8018 generator to EU-CZE node...
INFO [2024-07-31 11:10:46] [THERMAL] - Adding CZE_COA_CAPACITY SCALER generator to EU-CZE node...
INFO [2024-07-31 11:10:46] [THERMAL] - Adding CZE_COA_CHVALETICEPOWE8056 generator to EU-CZE node...
INFO [2024-07-31 11:10:46] [THERMAL] - Adding CZE_COA_DETMAROVICEPOW8061 generator to EU-CZE node...
INFO [2024-07-31 11:10:47] [THERMAL] - Adding CZE_COA_HODONINPOWERS8092 generator to EU-CZE node...
INFO [2024-07-31 11:10:47] [THERMAL] - Adding CZE_COA_KLADNO8132 generator to EU-CZE node...
INFO [2024-07-31 11:10:47] [THERMAL] - Adding CZE_COA_KOMORANYPOWER8139 generator to EU-CZE node...
INFO [2024-07-31 11:10:48] [THERMAL] - Adding CZE_COA_LEDVICEPOWERS8176 generator to EU-CZE node...
INFO [2024-07-31 11:10:48] [THERMAL] - Adding CZE_COA_MALESICEPOWER8195 generator to EU-CZE node...
INFO [2024-07-31 11:10:48] [THERMAL] - Adding CZE_COA_MELNIKPOWERST8201 generator to EU-CZE node...
INFO [2024-07-31 11:10:49] [THERMAL] - Adding CZE_COA_OPATOVICEPOWER8238 generator to EU-CZE node...
INFO [2024-07-31 11:10:49] [THERMAL] - Adding CZE_COA_PLZENSKAENERGE8255 generator to EU-CZE node...
INFO [2024-07-31 11:10:50] [THERMAL] - Adding CZE_COA_PLZENSKATEPALR8254 generator to EU-CZE node...
INFO [2024-07-31 11:10:50] [THERMAL] - Adding CZE_COA_POCERADYPOWER8259 generator to EU-CZE node...
INFO [2024-07-31 11:10:50] [THERMAL] - Adding CZE_COA_PORICIPOWERST8264 generator to EU-CZE node...
INFO [2024-07-31 11:10:51] [THERMAL] - Adding CZE_COA_SKOENERGOPOWE8311 generator to EU-CZE node...
INFO [2024-07-31 11:10:51] [THERMAL] - Adding CZE_COA_STETIMONDIPOW8323 generator to EU-CZE node...
INFO [2024-07-31 11:10:51] [THERMAL] - Adding CZE_COA_TISOVAPOWERST8351 generator to EU-CZE node...
INFO [2024-07-31 11:10:52] [THERMAL] - Adding CZE_COA_TREBOVICEPOWER8355 generator to EU-CZE node...
INFO [2024-07-31 11:10:52] [THERMAL] - Adding CZE_COA_TRMICE8357 generator to EU-CZE node...
INFO [2024-07-31 11:10:52] [THERMAL] - Adding CZE_COA_TUSIMICEPOWER8361 generator to EU-CZE node...
INFO [2024-07-31 11:10:53] [THERMAL] - Adding CZE_COA_ZLINPOWERSTAT8415 generator to EU-CZE node...
INFO [2024-07-31 11:10:53] [THERMAL] - Adding CZE_GAS_CAPACITY SCALER generator to EU-CZE node...
INFO [2024-07-31 11:10:53] [THERMAL] - Adding CZE_GAS_KLADNOTG68133 generator to EU-CZE node...
INFO [2024-07-31 11:10:54] [THERMAL] - Adding CZE_GAS_POERADY8266 generator to EU-CZE node...
INFO [2024-07-31 11:10:54] [THERMAL] - Adding CZE_GAS_VESOV8408 generator to EU-CZE node...
INFO [2024-07-31 11:10:55] [THERMAL] - Adding CZE_NUC_DUKONAVY8081 generator to EU-CZE node...
INFO [2024-07-31 11:10:55] [THERMAL] - Adding CZE_NUC_TEMELN8349 generator to EU-CZE node...
INFO [2024-07-31 11:10:56] [THERMAL] - Adding DEU_BIO_BIOENERGIEPARK10946 generator to EU-DEU node...
INFO [2024-07-31 11:10:56] [THERMAL] - Adding DEU_BIO_BIOHKWHERBREC10945 generator to EU-DEU node...
INFO [2024-07-31 11:10:56] [THERMAL] - Adding DEU_BIO_BIOHKWI10947 generator to EU-DEU node...
INFO [2024-07-31 11:10:57] [THERMAL] - Adding DEU_BIO_BIOMASSEHEIZKR10970 generator to EU-DEU node...
INFO [2024-07-31 11:10:57] [THERMAL] - Adding DEU_BIO_BIOMASSEHEIZKRA10972 generator to EU-DEU node...
INFO [2024-07-31 11:10:58] [THERMAL] - Adding DEU_BIO_BIOMASSEKRAFTWE10974 generator to EU-DEU node...
INFO [2024-07-31 11:10:58] [THERMAL] - Adding DEU_BIO_BIOMASSEVERSTR10971 generator to EU-DEU node...
INFO [2024-07-31 11:10:58] [THERMAL] - Adding DEU_BIO_BIOMASSGENERAT10948 generator to EU-DEU node...
INFO [2024-07-31 11:10:59] [THERMAL] - Adding DEU_BIO_BIOMASSGENERAT10953 generator to EU-DEU node...
INFO [2024-07-31 11:10:59] [THERMAL] - Adding DEU_BIO_BIOMASSGENERAT10954 generator to EU-DEU node...
INFO [2024-07-31 11:10:59] [THERMAL] - Adding DEU_BIO_BIOMASSGENERAT10955 generator to EU-DEU node...
INFO [2024-07-31 11:11:00] [THERMAL] - Adding DEU_BIO_BIOMASSGENERAT10956 generator to EU-DEU node...
INFO [2024-07-31 11:11:00] [THERMAL] - Adding DEU_BIO_BIOMASSGENERAT10957 generator to EU-DEU node...
INFO [2024-07-31 11:11:00] [THERMAL] - Adding DEU_BIO_BIOMASSGENERAT10959 generator to EU-DEU node...
INFO [2024-07-31 11:11:01] [THERMAL] - Adding DEU_BIO_BIOMASSGENERAT10960 generator to EU-DEU node...
INFO [2024-07-31 11:11:01] [THERMAL] - Adding DEU_BIO_BIOMASSGENERAT10961 generator to EU-DEU node...
INFO [2024-07-31 11:11:02] [THERMAL] - Adding DEU_BIO_BIOMASSGENERAT10962 generator to EU-DEU node...
INFO [2024-07-31 11:11:02] [THERMAL] - Adding DEU_BIO_BIOMASSGENERAT10963 generator to EU-DEU node...
INFO [2024-07-31 11:11:02] [THERMAL] - Adding DEU_BIO_BIOMASSGENERAT10964 generator to EU-DEU node...
INFO [2024-07-31 11:11:03] [THERMAL] - Adding DEU_BIO_BIOMASSGENERAT10965 generator to EU-DEU node...
INFO [2024-07-31 11:11:03] [THERMAL] - Adding DEU_BIO_BIOMASSGENERAT10966 generator to EU-DEU node...
INFO [2024-07-31 11:11:04] [THERMAL] - Adding DEU_BIO_BIOMASSGENERAT10967 generator to EU-DEU node...
INFO [2024-07-31 11:11:04] [THERMAL] - Adding DEU_BIO_BIOMASSGENERAT10968 generator to EU-DEU node...
INFO [2024-07-31 11:11:04] [THERMAL] - Adding DEU_BIO_BIOMASSGENERAT10969 generator to EU-DEU node...
INFO [2024-07-31 11:11:05] [THERMAL] - Adding DEU_BIO_BKF10913 generator to EU-DEU node...
INFO [2024-07-31 11:11:05] [THERMAL] - Adding DEU_BIO_BLOCKHEIZKRAFTW10981 generator to EU-DEU node...
INFO [2024-07-31 11:11:06] [THERMAL] - Adding DEU_BIO_BMHKWBINDERHOL10914 generator to EU-DEU node...
INFO [2024-07-31 11:11:06] [THERMAL] - Adding DEU_BIO_BMHKWRERECKLI10915 generator to EU-DEU node...
INFO [2024-07-31 11:11:06] [THERMAL] - Adding DEU_BIO_BMKLNEN10916 generator to EU-DEU node...
INFO [2024-07-31 11:11:07] [THERMAL] - Adding DEU_BIO_BMKWBERGKAMEN10917 generator to EU-DEU node...
INFO [2024-07-31 11:11:07] [THERMAL] - Adding DEU_BIO_BMKWFLRSHEIM10918 generator to EU-DEU node...
INFO [2024-07-31 11:11:08] [THERMAL] - Adding DEU_BIO_BMKWKNIGSWU10919 generator to EU-DEU node...
INFO [2024-07-31 11:11:08] [THERMAL] - Adding DEU_BIO_BMKWMANNHEIM10920 generator to EU-DEU node...
INFO [2024-07-31 11:11:09] [THERMAL] - Adding DEU_BIO_CAPACITY SCALER generator to EU-DEU node...
INFO [2024-07-31 11:11:09] [THERMAL] - Adding DEU_BIO_EGGERKRAFTWERK11072 generator to EU-DEU node...
INFO [2024-07-31 11:11:09] [THERMAL] - Adding DEU_BIO_EMDENBIOMASSE11085 generator to EU-DEU node...
INFO [2024-07-31 11:11:10] [THERMAL] - Adding DEU_BIO_ENERGIEANLAGE311089 generator to EU-DEU node...
INFO [2024-07-31 11:11:10] [THERMAL] - Adding DEU_BIO_ENERTRAGNETZG11063 generator to EU-DEU node...
INFO [2024-07-31 11:11:11] [THERMAL] - Adding DEU_BIO_HEIZKRAFTWERKP11275 generator to EU-DEU node...
INFO [2024-07-31 11:11:12] [THERMAL] - Adding DEU_BIO_HHKWBERLINNEU11189 generator to EU-DEU node...
INFO [2024-07-31 11:11:12] [THERMAL] - Adding DEU_BIO_HKWALTENSTADT11194 generator to EU-DEU node...
INFO [2024-07-31 11:11:13] [THERMAL] - Adding DEU_BIO_KWKGTERSLOH11354 generator to EU-DEU node...
INFO [2024-07-31 11:11:13] [THERMAL] - Adding DEU_BIO_KWKNEUMARKT11355 generator to EU-DEU node...
INFO [2024-07-31 11:11:14] [THERMAL] - Adding DEU_BIO_LANDESBERGENBI11424 generator to EU-DEU node...
INFO [2024-07-31 11:11:14] [THERMAL] - Adding DEU_BIO_MLLVERWERTUNG11495 generator to EU-DEU node...
INFO [2024-07-31 11:11:14] [THERMAL] - Adding DEU_BIO_SCAMANNHEIM11648 generator to EU-DEU node...
INFO [2024-07-31 11:11:15] [THERMAL] - Adding DEU_BIO_STORAENSOMAXA11716 generator to EU-DEU node...
INFO [2024-07-31 11:11:15] [THERMAL] - Adding DEU_BIO_UPMSCHWEDT11755 generator to EU-DEU node...
INFO [2024-07-31 11:11:16] [THERMAL] - Adding DEU_BIO_UTB11756 generator to EU-DEU node...
INFO [2024-07-31 11:11:16] [THERMAL] - Adding DEU_BIO_WERKSKRAFTWERK11803 generator to EU-DEU node...
INFO [2024-07-31 11:11:17] [THERMAL] - Adding DEU_BIO_WERKSKRAFTWERK11805 generator to EU-DEU node...
INFO [2024-07-31 11:11:17] [THERMAL] - Adding DEU_BIO_WIBIEBRICH11814 generator to EU-DEU node...
INFO [2024-07-31 11:11:18] [THERMAL] - Adding DEU_BIO_ZELLSTOFFSTEND11847 generator to EU-DEU node...
INFO [2024-07-31 11:11:18] [THERMAL] - Adding DEU_BIO_ZOLLINGPOWERS11851 generator to EU-DEU node...
INFO [2024-07-31 11:11:18] [THERMAL] - Adding DEU_COA_ALTBACHPOWERS10887 generator to EU-DEU node...
INFO [2024-07-31 11:11:19] [THERMAL] - Adding DEU_COA_BERGKAMENPOWER10936 generator to EU-DEU node...
INFO [2024-07-31 11:11:19] [THERMAL] - Adding DEU_COA_BERLINMOABITP10938 generator to EU-DEU node...
INFO [2024-07-31 11:11:20] [THERMAL] - Adding DEU_COA_BERLINREUTERP10939 generator to EU-DEU node...
INFO [2024-07-31 11:11:20] [THERMAL] - Adding DEU_COA_BERLINREUTERW10940 generator to EU-DEU node...
INFO [2024-07-31 11:11:21] [THERMAL] - Adding DEU_COA_BOA210982 generator to EU-DEU node...
INFO [2024-07-31 11:11:21] [THERMAL] - Adding DEU_COA_BOXBERGPOWERS10989 generator to EU-DEU node...
INFO [2024-07-31 11:11:22] [THERMAL] - Adding DEU_COA_BRAUNKOHLEKRAFT10993 generator to EU-DEU node...
INFO [2024-07-31 11:11:22] [THERMAL] - Adding DEU_COA_BREMENFARGEPO10995 generator to EU-DEU node...
INFO [2024-07-31 11:11:22] [THERMAL] - Adding DEU_COA_BUERPOWERSTAT11001 generator to EU-DEU node...
INFO [2024-07-31 11:11:23] [THERMAL] - Adding DEU_COA_BUSCHHAUSPOWER11002 generator to EU-DEU node...
INFO [2024-07-31 11:11:23] [THERMAL] - Adding DEU_COA_CHEMIEPARKMARL11011 generator to EU-DEU node...
INFO [2024-07-31 11:11:24] [THERMAL] - Adding DEU_COA_CHEMNITZNORDP11012 generator to EU-DEU node...
INFO [2024-07-31 11:11:24] [THERMAL] - Adding DEU_COA_COALPLANT111015 generator to EU-DEU node...
INFO [2024-07-31 11:11:25] [THERMAL] - Adding DEU_COA_COALPLANT211016 generator to EU-DEU node...
INFO [2024-07-31 11:11:25] [THERMAL] - Adding DEU_COA_COLOGNEMERKENI11018 generator to EU-DEU node...
INFO [2024-07-31 11:11:26] [THERMAL] - Adding DEU_COA_COTTBUSCHPPOW11019 generator to EU-DEU node...
INFO [2024-07-31 11:11:26] [THERMAL] - Adding DEU_COA_DESSAUPOWERST11037 generator to EU-DEU node...
INFO [2024-07-31 11:11:26] [THERMAL] - Adding DEU_COA_DEUBENPOWERST11040 generator to EU-DEU node...
INFO [2024-07-31 11:11:27] [THERMAL] - Adding DEU_COA_EZ111066 generator to EU-DEU node...
INFO [2024-07-31 11:11:27] [THERMAL] - Adding DEU_COA_FKK11104 generator to EU-DEU node...
INFO [2024-07-31 11:11:28] [THERMAL] - Adding DEU_COA_FLENSBURGPOWER11111 generator to EU-DEU node...
INFO [2024-07-31 11:11:28] [THERMAL] - Adding DEU_COA_FORTUNANORD11113 generator to EU-DEU node...
INFO [2024-07-31 11:11:29] [THERMAL] - Adding DEU_COA_FRIMMERSDORFPO11118 generator to EU-DEU node...
INFO [2024-07-31 11:11:34] [THERMAL] - Adding DEU_COA_GKHHANNOVERPO11123 generator to EU-DEU node...
INFO [2024-07-31 11:11:35] [THERMAL] - Adding DEU_COA_GKMMANNHEIM11125 generator to EU-DEU node...
INFO [2024-07-31 11:11:35] [THERMAL] - Adding DEU_COA_GKRAFTWERK11121 generator to EU-DEU node...
INFO [2024-07-31 11:11:36] [THERMAL] - Adding DEU_COA_GRUBENHEIZKRAFT11165 generator to EU-DEU node...
INFO [2024-07-31 11:11:37] [THERMAL] - Adding DEU_COA_HAFENPOWERSTA11244 generator to EU-DEU node...
INFO [2024-07-31 11:11:37] [THERMAL] - Adding DEU_COA_HAMBURGMOORBUR11247 generator to EU-DEU node...
INFO [2024-07-31 11:11:38] [THERMAL] - Adding DEU_COA_HASTEDTPOWERS11251 generator to EU-DEU node...
INFO [2024-07-31 11:11:38] [THERMAL] - Adding DEU_COA_HEILBRONNPOWER11255 generator to EU-DEU node...
INFO [2024-07-31 11:11:38] [THERMAL] - Adding DEU_COA_HEIZKRAFTWERK311260 generator to EU-DEU node...
INFO [2024-07-31 11:11:39] [THERMAL] - Adding DEU_COA_HEIZKRAFTWERKD11281 generator to EU-DEU node...
INFO [2024-07-31 11:11:39] [THERMAL] - Adding DEU_COA_HEIZKRAFTWERKF11266 generator to EU-DEU node...
INFO [2024-07-31 11:11:40] [THERMAL] - Adding DEU_COA_HEIZKRAFTWERKM11274 generator to EU-DEU node...
INFO [2024-07-31 11:11:41] [THERMAL] - Adding DEU_COA_HEIZKRAFTWERKS11279 generator to EU-DEU node...
INFO [2024-07-31 11:11:41] [THERMAL] - Adding DEU_COA_HERNEPOWERSTA11288 generator to EU-DEU node...
INFO [2024-07-31 11:11:42] [THERMAL] - Adding DEU_COA_HEYDENPOWERST11292 generator to EU-DEU node...
INFO [2024-07-31 11:11:42] [THERMAL] - Adding DEU_COA_HKWERLANGENC11203 generator to EU-DEU node...
INFO [2024-07-31 11:11:43] [THERMAL] - Adding DEU_COA_HKWI11211 generator to EU-DEU node...
INFO [2024-07-31 11:11:43] [THERMAL] - Adding DEU_COA_HKWKARCHERSTR_11214 generator to EU-DEU node...
INFO [2024-07-31 11:11:43] [THERMAL] - Adding DEU_COA_HKWNORD11222 generator to EU-DEU node...
INFO [2024-07-31 11:11:44] [THERMAL] - Adding DEU_COA_HKWNORDWEST11223 generator to EU-DEU node...
INFO [2024-07-31 11:11:44] [THERMAL] - Adding DEU_COA_HKWOFFENBACHP11295 generator to EU-DEU node...
INFO [2024-07-31 11:11:45] [THERMAL] - Adding DEU_COA_HKWSACHTLEBEN11226 generator to EU-DEU node...
INFO [2024-07-31 11:11:45] [THERMAL] - Adding DEU_COA_HKWWEST11233 generator to EU-DEU node...
INFO [2024-07-31 11:11:46] [THERMAL] - Adding DEU_COA_HKWWEST11234 generator to EU-DEU node...
INFO [2024-07-31 11:11:46] [THERMAL] - Adding DEU_COA_HUERTHVILLE11303 generator to EU-DEU node...
INFO [2024-07-31 11:11:47] [THERMAL] - Adding DEU_COA_IBBENBRENBP11323 generator to EU-DEU node...
INFO [2024-07-31 11:11:47] [THERMAL] - Adding DEU_COA_INDUSTRIEKRAFT11330 generator to EU-DEU node...
INFO [2024-07-31 11:11:48] [THERMAL] - Adding DEU_COA_JANSCHWALDEPOW11338 generator to EU-DEU node...
INFO [2024-07-31 11:11:48] [THERMAL] - Adding DEU_COA_KESSEL411372 generator to EU-DEU node...
INFO [2024-07-31 11:11:49] [THERMAL] - Adding DEU_COA_KIELPOWERSTAT11374 generator to EU-DEU node...
INFO [2024-07-31 11:11:49] [THERMAL] - Adding DEU_COA_KLINGENBERG11380 generator to EU-DEU node...
INFO [2024-07-31 11:11:50] [THERMAL] - Adding DEU_COA_KOHLEKRAFTWERK11387 generator to EU-DEU node...
INFO [2024-07-31 11:11:50] [THERMAL] - Adding DEU_COA_KRAFTWERK11391 generator to EU-DEU node...
INFO [2024-07-31 11:11:51] [THERMAL] - Adding DEU_COA_KRAFTWERKBEXBA11395 generator to EU-DEU node...
INFO [2024-07-31 11:11:51] [THERMAL] - Adding DEU_COA_KRAFTWERKENSDO11396 generator to EU-DEU node...
INFO [2024-07-31 11:11:52] [THERMAL] - Adding DEU_COA_KRAFTWERKII11400 generator to EU-DEU node...
INFO [2024-07-31 11:11:52] [THERMAL] - Adding DEU_COA_KRAFTWERKL5711402 generator to EU-DEU node...
INFO [2024-07-31 11:11:53] [THERMAL] - Adding DEU_COA_KRAFTWERKN23011406 generator to EU-DEU node...
INFO [2024-07-31 11:11:53] [THERMAL] - Adding DEU_COA_KRAFTWERKWERDO11414 generator to EU-DEU node...
INFO [2024-07-31 11:11:54] [THERMAL] - Adding DEU_COA_KWM11360 generator to EU-DEU node...
INFO [2024-07-31 11:11:54] [THERMAL] - Adding DEU_COA_KWVOERDE11348 generator to EU-DEU node...
INFO [2024-07-31 11:11:55] [THERMAL] - Adding DEU_COA_KWWALSUM11349 generator to EU-DEU node...
INFO [2024-07-31 11:11:55] [THERMAL] - Adding DEU_COA_KWWEST11350 generator to EU-DEU node...
INFO [2024-07-31 11:11:56] [THERMAL] - Adding DEU_COA_LIPPENDORFPOWE11441 generator to EU-DEU node...
INFO [2024-07-31 11:11:56] [THERMAL] - Adding DEU_COA_LNENPOWERST11449 generator to EU-DEU node...
INFO [2024-07-31 11:11:57] [THERMAL] - Adding DEU_COA_MODELLKRAFTWERK11483 generator to EU-DEU node...
INFO [2024-07-31 11:11:57] [THERMAL] - Adding DEU_COA_NEURATHPOWERS11521 generator to EU-DEU node...
INFO [2024-07-31 11:11:58] [THERMAL] - Adding DEU_COA_NIEDERAUSSEMPO11527 generator to EU-DEU node...
INFO [2024-07-31 11:11:58] [THERMAL] - Adding DEU_COA_NORD211529 generator to EU-DEU node...
INFO [2024-07-31 11:11:59] [THERMAL] - Adding DEU_COA_PFORZHEIMPOWER11577 generator to EU-DEU node...
INFO [2024-07-31 11:11:59] [THERMAL] - Adding DEU_COA_PLWERKEUSKIR11557 generator to EU-DEU node...
INFO [2024-07-31 11:12:00] [THERMAL] - Adding DEU_COA_PLWERKJLIC11558 generator to EU-DEU node...
INFO [2024-07-31 11:12:00] [THERMAL] - Adding DEU_COA_PLWERKKNNE11559 generator to EU-DEU node...
INFO [2024-07-31 11:12:01] [THERMAL] - Adding DEU_COA_RENODEMEDICI11608 generator to EU-DEU node...
INFO [2024-07-31 11:12:01] [THERMAL] - Adding DEU_COA_RHEINHAFENDAMP11617 generator to EU-DEU node...
INFO [2024-07-31 11:12:02] [THERMAL] - Adding DEU_COA_ROSTOCKPOWERS11638 generator to EU-DEU node...
INFO [2024-07-31 11:12:03] [THERMAL] - Adding DEU_COA_SCHKOPAUPOWER11665 generator to EU-DEU node...
INFO [2024-07-31 11:12:03] [THERMAL] - Adding DEU_COA_SCHOLVENPOWER11669 generator to EU-DEU node...
INFO [2024-07-31 11:12:04] [THERMAL] - Adding DEU_COA_SCHWARZEPUMPE11673 generator to EU-DEU node...
INFO [2024-07-31 11:12:04] [THERMAL] - Adding DEU_COA_STAUDINGERPOWE11709 generator to EU-DEU node...
INFO [2024-07-31 11:12:05] [THERMAL] - Adding DEU_COA_STUTTGARTMUENS11720 generator to EU-DEU node...
INFO [2024-07-31 11:12:05] [THERMAL] - Adding DEU_COA_TIEFSTACKPOWER11739 generator to EU-DEU node...
INFO [2024-07-31 11:12:06] [THERMAL] - Adding DEU_COA_TRIANELKOHLEKR11742 generator to EU-DEU node...
INFO [2024-07-31 11:12:06] [THERMAL] - Adding DEU_COA_WACHTBERGPOWER11777 generator to EU-DEU node...
INFO [2024-07-31 11:12:07] [THERMAL] - Adding DEU_COA_WAEHLITZPOWER11778 generator to EU-DEU node...
INFO [2024-07-31 11:12:07] [THERMAL] - Adding DEU_COA_WALHEIMPOWERS11787 generator to EU-DEU node...
INFO [2024-07-31 11:12:08] [THERMAL] - Adding DEU_COA_WEDELPOWERSTA11793 generator to EU-DEU node...
INFO [2024-07-31 11:12:08] [THERMAL] - Adding DEU_COA_WEIHER11796 generator to EU-DEU node...
INFO [2024-07-31 11:12:09] [THERMAL] - Adding DEU_COA_WEISWEILERPOWE11799 generator to EU-DEU node...
INFO [2024-07-31 11:12:09] [THERMAL] - Adding DEU_COA_WESTFALEN11811 generator to EU-DEU node...
INFO [2024-07-31 11:12:10] [THERMAL] - Adding DEU_COA_WILHELMSHAVENP11817 generator to EU-DEU node...
INFO [2024-07-31 11:12:10] [THERMAL] - Adding DEU_COA_WUPPERTALELBER11838 generator to EU-DEU node...
INFO [2024-07-31 11:12:11] [THERMAL] - Adding DEU_GAS_ADSANLAGE10872 generator to EU-DEU node...
INFO [2024-07-31 11:12:11] [THERMAL] - Adding DEU_GAS_AHRENSFELDE10881 generator to EU-DEU node...
INFO [2024-07-31 11:12:12] [THERMAL] - Adding DEU_GAS_BHKW10907 generator to EU-DEU node...
INFO [2024-07-31 11:12:13] [THERMAL] - Adding DEU_GAS_BHKWANKLINKER10911 generator to EU-DEU node...
INFO [2024-07-31 11:12:13] [THERMAL] - Adding DEU_GAS_BHKWH_12010908 generator to EU-DEU node...
INFO [2024-07-31 11:12:14] [THERMAL] - Adding DEU_GAS_BHKWHAUFFSTRA10912 generator to EU-DEU node...
INFO [2024-07-31 11:12:14] [THERMAL] - Adding DEU_GAS_BHKWLUDWIGSHAF10909 generator to EU-DEU node...
INFO [2024-07-31 11:12:15] [THERMAL] - Adding DEU_GAS_BHKWOBEREVIEH10910 generator to EU-DEU node...
INFO [2024-07-31 11:12:15] [THERMAL] - Adding DEU_GAS_BIOMASSGENERAT10958 generator to EU-DEU node...
INFO [2024-07-31 11:12:16] [THERMAL] - Adding DEU_GAS_BOCHUM10983 generator to EU-DEU node...
INFO [2024-07-31 11:12:16] [THERMAL] - Adding DEU_GAS_BPWERKLINGEN10921 generator to EU-DEU node...
INFO [2024-07-31 11:12:17] [THERMAL] - Adding DEU_GAS_CAPACITY SCALER generator to EU-DEU node...
INFO [2024-07-31 11:12:17] [THERMAL] - Adding DEU_GAS_CHARLOTTENBURG11010 generator to EU-DEU node...
INFO [2024-07-31 11:12:18] [THERMAL] - Adding DEU_GAS_COGENERATION11014 generator to EU-DEU node...
INFO [2024-07-31 11:12:18] [THERMAL] - Adding DEU_GAS_DAMPFKRAFTWERK11027 generator to EU-DEU node...
INFO [2024-07-31 11:12:19] [THERMAL] - Adding DEU_GAS_DORMAGEN11044 generator to EU-DEU node...
INFO [2024-07-31 11:12:19] [THERMAL] - Adding DEU_GAS_DORTMUND11046 generator to EU-DEU node...
INFO [2024-07-31 11:12:20] [THERMAL] - Adding DEU_GAS_DOWSTADE11047 generator to EU-DEU node...
INFO [2024-07-31 11:12:20] [THERMAL] - Adding DEU_GAS_DUISBURGHAMBOR11049 generator to EU-DEU node...
INFO [2024-07-31 11:12:21] [THERMAL] - Adding DEU_GAS_DUISBURGRUHROR11050 generator to EU-DEU node...
INFO [2024-07-31 11:12:22] [THERMAL] - Adding DEU_GAS_EGGERKRAFTWERK11073 generator to EU-DEU node...
INFO [2024-07-31 11:12:22] [THERMAL] - Adding DEU_GAS_EMDENNATURALG11086 generator to EU-DEU node...
INFO [2024-07-31 11:12:23] [THERMAL] - Adding DEU_GAS_EMSLAND11088 generator to EU-DEU node...
INFO [2024-07-31 11:12:23] [THERMAL] - Adding DEU_GAS_ENERGIEZENTRALE11090 generator to EU-DEU node...
INFO [2024-07-31 11:12:24] [THERMAL] - Adding DEU_GAS_ENERGIEZENTRALE11091 generator to EU-DEU node...
INFO [2024-07-31 11:12:24] [THERMAL] - Adding DEU_GAS_ENERGIEZENTRUM11092 generator to EU-DEU node...
INFO [2024-07-31 11:12:25] [THERMAL] - Adding DEU_GAS_ERWEITERUNGENE11099 generator to EU-DEU node...
INFO [2024-07-31 11:12:25] [THERMAL] - Adding DEU_GAS_EVCGLOBALFOU11064 generator to EU-DEU node...
INFO [2024-07-31 11:12:26] [THERMAL] - Adding DEU_GAS_FRANKEN111114 generator to EU-DEU node...
INFO [2024-07-31 11:12:26] [THERMAL] - Adding DEU_GAS_FSKARTON11105 generator to EU-DEU node...
INFO [2024-07-31 11:12:27] [THERMAL] - Adding DEU_GAS_GEMEINSCHAFTSKR11138 generator to EU-DEU node...
INFO [2024-07-31 11:12:28] [THERMAL] - Adding DEU_GAS_GERSTEINWERK11141 generator to EU-DEU node...
INFO [2024-07-31 11:12:28] [THERMAL] - Adding DEU_GAS_GHD11122 generator to EU-DEU node...
INFO [2024-07-31 11:12:29] [THERMAL] - Adding DEU_GAS_GKL11124 generator to EU-DEU node...
INFO [2024-07-31 11:12:29] [THERMAL] - Adding DEU_GAS_GTKWDARMSTADT11128 generator to EU-DEU node...
INFO [2024-07-31 11:12:30] [THERMAL] - Adding DEU_GAS_GUD11168 generator to EU-DEU node...
INFO [2024-07-31 11:12:30] [THERMAL] - Adding DEU_GAS_GUDANLAGE11177 generator to EU-DEU node...
INFO [2024-07-31 11:12:31] [THERMAL] - Adding DEU_GAS_GUDANLAGEDREW11129 generator to EU-DEU node...
INFO [2024-07-31 11:12:31] [THERMAL] - Adding DEU_GAS_GUDANLAGERS11178 generator to EU-DEU node...
INFO [2024-07-31 11:12:32] [THERMAL] - Adding DEU_GAS_GUDANLAGEWVK11169 generator to EU-DEU node...
INFO [2024-07-31 11:12:33] [THERMAL] - Adding DEU_GAS_GUDBAUNATALV11170 generator to EU-DEU node...
INFO [2024-07-31 11:12:33] [THERMAL] - Adding DEU_GAS_GUDBITTERFELD11171 generator to EU-DEU node...
INFO [2024-07-31 11:12:34] [THERMAL] - Adding DEU_GAS_GUDHKWNEUBRAN11179 generator to EU-DEU node...
INFO [2024-07-31 11:12:34] [THERMAL] - Adding DEU_GAS_GUDIKWSTAFU11180 generator to EU-DEU node...
INFO [2024-07-31 11:12:35] [THERMAL] - Adding DEU_GAS_GUDKRAFTWERK11181 generator to EU-DEU node...
INFO [2024-07-31 11:12:35] [THERMAL] - Adding DEU_GAS_GUDKRAFTWERKH11172 generator to EU-DEU node...
INFO [2024-07-31 11:12:36] [THERMAL] - Adding DEU_GAS_GUDLEUNA11173 generator to EU-DEU node...
INFO [2024-07-31 11:12:36] [THERMAL] - Adding DEU_GAS_GUDMARIENEHE11174 generator to EU-DEU node...
INFO [2024-07-31 11:12:37] [THERMAL] - Adding DEU_GAS_GUDSCHWARZHEID11175 generator to EU-DEU node...
INFO [2024-07-31 11:12:38] [THERMAL] - Adding DEU_GAS_GUDTIEFSTACK11176 generator to EU-DEU node...
INFO [2024-07-31 11:12:38] [THERMAL] - Adding DEU_GAS_HATTORF11252 generator to EU-DEU node...
INFO [2024-07-31 11:12:39] [THERMAL] - Adding DEU_GAS_HBB11188 generator to EU-DEU node...
INFO [2024-07-31 11:12:39] [THERMAL] - Adding DEU_GAS_HEIZKRAFTWERK111258 generator to EU-DEU node...
INFO [2024-07-31 11:12:40] [THERMAL] - Adding DEU_GAS_HEIZKRAFTWERK211259 generator to EU-DEU node...
INFO [2024-07-31 11:12:40] [THERMAL] - Adding DEU_GAS_HEIZKRAFTWERK411261 generator to EU-DEU node...
INFO [2024-07-31 11:12:41] [THERMAL] - Adding DEU_GAS_HEIZKRAFTWERK511262 generator to EU-DEU node...
INFO [2024-07-31 11:12:42] [THERMAL] - Adding DEU_GAS_HEIZKRAFTWERKA11263 generator to EU-DEU node...
INFO [2024-07-31 11:12:42] [THERMAL] - Adding DEU_GAS_HEIZKRAFTWERKB11264 generator to EU-DEU node...
INFO [2024-07-31 11:12:43] [THERMAL] - Adding DEU_GAS_HEIZKRAFTWERKE11265 generator to EU-DEU node...
INFO [2024-07-31 11:12:44] [THERMAL] - Adding DEU_GAS_HEIZKRAFTWERKE11283 generator to EU-DEU node...
INFO [2024-07-31 11:12:44] [THERMAL] - Adding DEU_GAS_HEIZKRAFTWERKG11267 generator to EU-DEU node...
INFO [2024-07-31 11:12:45] [THERMAL] - Adding DEU_GAS_HEIZKRAFTWERKH11268 generator to EU-DEU node...
INFO [2024-07-31 11:12:45] [THERMAL] - Adding DEU_GAS_HEIZKRAFTWERKH11269 generator to EU-DEU node...
INFO [2024-07-31 11:12:46] [THERMAL] - Adding DEU_GAS_HEIZKRAFTWERKK11271 generator to EU-DEU node...
INFO [2024-07-31 11:12:46] [THERMAL] - Adding DEU_GAS_HEIZKRAFTWERKK11272 generator to EU-DEU node...
INFO [2024-07-31 11:12:47] [THERMAL] - Adding DEU_GAS_HEIZKRAFTWERKL11273 generator to EU-DEU node...
INFO [2024-07-31 11:12:48] [THERMAL] - Adding DEU_GAS_HEIZKRAFTWERKP11276 generator to EU-DEU node...
INFO [2024-07-31 11:12:48] [THERMAL] - Adding DEU_GAS_HEIZKRAFTWERKS11277 generator to EU-DEU node...
INFO [2024-07-31 11:12:49] [THERMAL] - Adding DEU_GAS_HEIZKRAFTWERKS11278 generator to EU-DEU node...
INFO [2024-07-31 11:12:50] [THERMAL] - Adding DEU_GAS_HEIZKRAFTWERKW11280 generator to EU-DEU node...
INFO [2024-07-31 11:12:50] [THERMAL] - Adding DEU_GAS_HEIZKRAFTWERKZ11282 generator to EU-DEU node...
INFO [2024-07-31 11:12:51] [THERMAL] - Adding DEU_GAS_HKW111191 generator to EU-DEU node...
INFO [2024-07-31 11:12:51] [THERMAL] - Adding DEU_GAS_HKW1WERKOFFS11192 generator to EU-DEU node...
INFO [2024-07-31 11:12:52] [THERMAL] - Adding DEU_GAS_HKW211193 generator to EU-DEU node...
INFO [2024-07-31 11:12:53] [THERMAL] - Adding DEU_GAS_HKW3UPMSCHONG11242 generator to EU-DEU node...
INFO [2024-07-31 11:12:53] [THERMAL] - Adding DEU_GAS_HKWBADSALZUNG11195 generator to EU-DEU node...
INFO [2024-07-31 11:13:08] [THERMAL] - Adding DEU_GAS_HKWBARMEN11196 generator to EU-DEU node...
INFO [2024-07-31 11:13:09] [THERMAL] - Adding DEU_GAS_HKWBOHRHGEL11197 generator to EU-DEU node...
INFO [2024-07-31 11:13:09] [THERMAL] - Adding DEU_GAS_HKWBRANDENBURG11198 generator to EU-DEU node...
INFO [2024-07-31 11:13:10] [THERMAL] - Adding DEU_GAS_HKWCHEMNITZN11199 generator to EU-DEU node...
INFO [2024-07-31 11:13:11] [THERMAL] - Adding DEU_GAS_HKWDRESDENNOS11200 generator to EU-DEU node...
INFO [2024-07-31 11:13:11] [THERMAL] - Adding DEU_GAS_HKWELTMANN11201 generator to EU-DEU node...
INFO [2024-07-31 11:13:12] [THERMAL] - Adding DEU_GAS_HKWERFURTOST11202 generator to EU-DEU node...
INFO [2024-07-31 11:13:13] [THERMAL] - Adding DEU_GAS_HKWERLANGENN11204 generator to EU-DEU node...
INFO [2024-07-31 11:13:14] [THERMAL] - Adding DEU_GAS_HKWFENNEGRUB11205 generator to EU-DEU node...
INFO [2024-07-31 11:13:14] [THERMAL] - Adding DEU_GAS_HKWFREIBERG11206 generator to EU-DEU node...
INFO [2024-07-31 11:13:15] [THERMAL] - Adding DEU_GAS_HKWGTTINGEN11207 generator to EU-DEU node...
INFO [2024-07-31 11:13:16] [THERMAL] - Adding DEU_GAS_HKWHALLETROTH11208 generator to EU-DEU node...
INFO [2024-07-31 11:13:17] [THERMAL] - Adding DEU_GAS_HKWHELMSHGE11190 generator to EU-DEU node...
INFO [2024-07-31 11:13:17] [THERMAL] - Adding DEU_GAS_HKWHILTROP11209 generator to EU-DEU node...
INFO [2024-07-31 11:13:18] [THERMAL] - Adding DEU_GAS_HKWHUMBOLDTSTR11210 generator to EU-DEU node...
INFO [2024-07-31 11:13:19] [THERMAL] - Adding DEU_GAS_HKWIIIB11212 generator to EU-DEU node...
INFO [2024-07-31 11:13:20] [THERMAL] - Adding DEU_GAS_HKWJENA11213 generator to EU-DEU node...
INFO [2024-07-31 11:13:21] [THERMAL] - Adding DEU_GAS_HKWKARCHERSTR_11215 generator to EU-DEU node...
INFO [2024-07-31 11:13:21] [THERMAL] - Adding DEU_GAS_HKWMERHEIM11217 generator to EU-DEU node...
INFO [2024-07-31 11:13:22] [THERMAL] - Adding DEU_GAS_HKWMERKENICH11218 generator to EU-DEU node...
INFO [2024-07-31 11:13:23] [THERMAL] - Adding DEU_GAS_HKWMERKENICH11219 generator to EU-DEU node...
INFO [2024-07-31 11:13:24] [THERMAL] - Adding DEU_GAS_HKWMITTE11239 generator to EU-DEU node...
INFO [2024-07-31 11:13:24] [THERMAL] - Adding DEU_GAS_HKWNIEDERRAD11220 generator to EU-DEU node...
INFO [2024-07-31 11:13:25] [THERMAL] - Adding DEU_GAS_HKWNIEHL211221 generator to EU-DEU node...
INFO [2024-07-31 11:13:26] [THERMAL] - Adding DEU_GAS_HKWNORD11240 generator to EU-DEU node...
INFO [2024-07-31 11:13:27] [THERMAL] - Adding DEU_GAS_HKWPFAFFENWALD11224 generator to EU-DEU node...
INFO [2024-07-31 11:13:28] [THERMAL] - Adding DEU_GAS_HKWPOTSDAMS11225 generator to EU-DEU node...
INFO [2024-07-31 11:13:29] [THERMAL] - Adding DEU_GAS_HKWSANDREUTH11228 generator to EU-DEU node...
INFO [2024-07-31 11:13:30] [THERMAL] - Adding DEU_GAS_HKWSCHWARZA11229 generator to EU-DEU node...
INFO [2024-07-31 11:13:30] [THERMAL] - Adding DEU_GAS_HKWSCHWERINLA11230 generator to EU-DEU node...
INFO [2024-07-31 11:13:31] [THERMAL] - Adding DEU_GAS_HKWSCHWERINS11231 generator to EU-DEU node...
INFO [2024-07-31 11:13:32] [THERMAL] - Adding DEU_GAS_HKWSDSTADT11232 generator to EU-DEU node...
INFO [2024-07-31 11:13:33] [THERMAL] - Adding DEU_GAS_HKWWEST11235 generator to EU-DEU node...
INFO [2024-07-31 11:13:34] [THERMAL] - Adding DEU_GAS_HKWWEST11241 generator to EU-DEU node...
INFO [2024-07-31 11:13:34] [THERMAL] - Adding DEU_GAS_HKWWIESENGRUND11237 generator to EU-DEU node...
INFO [2024-07-31 11:13:35] [THERMAL] - Adding DEU_GAS_HKWWRTH11238 generator to EU-DEU node...
INFO [2024-07-31 11:13:36] [THERMAL] - Adding DEU_GAS_HOLTHAUSEN11299 generator to EU-DEU node...
INFO [2024-07-31 11:13:36] [THERMAL] - Adding DEU_GAS_HUCKINGEN11302 generator to EU-DEU node...
INFO [2024-07-31 11:13:37] [THERMAL] - Adding DEU_GAS_HUNTORF11306 generator to EU-DEU node...
INFO [2024-07-31 11:13:38] [THERMAL] - Adding DEU_GAS_IHKWHEIDENHEIM11315 generator to EU-DEU node...
INFO [2024-07-31 11:13:38] [THERMAL] - Adding DEU_GAS_ILKGUD11320 generator to EU-DEU node...
INFO [2024-07-31 11:13:39] [THERMAL] - Adding DEU_GAS_INDUSTRIEKRAFTW11331 generator to EU-DEU node...
INFO [2024-07-31 11:13:39] [THERMAL] - Adding DEU_GAS_INDUSTRIEKRAFTW11332 generator to EU-DEU node...
INFO [2024-07-31 11:13:40] [THERMAL] - Adding DEU_GAS_INDUSTRIEKRAFTW11333 generator to EU-DEU node...
INFO [2024-07-31 11:13:41] [THERMAL] - Adding DEU_GAS_INDUSTRIEKRAFTW11334 generator to EU-DEU node...
INFO [2024-07-31 11:13:41] [THERMAL] - Adding DEU_GAS_INDUSTRIEPARKW11335 generator to EU-DEU node...
INFO [2024-07-31 11:13:42] [THERMAL] - Adding DEU_GAS_INEOSKRAFTWERK11321 generator to EU-DEU node...
INFO [2024-07-31 11:13:43] [THERMAL] - Adding DEU_GAS_KESSEL211371 generator to EU-DEU node...
INFO [2024-07-31 11:13:44] [THERMAL] - Adding DEU_GAS_KESSELHAUSZUCK11373 generator to EU-DEU node...
INFO [2024-07-31 11:13:44] [THERMAL] - Adding DEU_GAS_KIRCHMSER11375 generator to EU-DEU node...
INFO [2024-07-31 11:13:45] [THERMAL] - Adding DEU_GAS_KNAPSACKNATURA11383 generator to EU-DEU node...
INFO [2024-07-31 11:13:45] [THERMAL] - Adding DEU_GAS_KNPFKAGEV11343 generator to EU-DEU node...
INFO [2024-07-31 11:13:46] [THERMAL] - Adding DEU_GAS_KOMBIHKW11388 generator to EU-DEU node...
INFO [2024-07-31 11:13:47] [THERMAL] - Adding DEU_GAS_KOMBIKRAFTWERK11389 generator to EU-DEU node...
INFO [2024-07-31 11:13:47] [THERMAL] - Adding DEU_GAS_KRAFTWERK211393 generator to EU-DEU node...
INFO [2024-07-31 11:13:48] [THERMAL] - Adding DEU_GAS_KRAFTWERKGRENZ11398 generator to EU-DEU node...
INFO [2024-07-31 11:13:49] [THERMAL] - Adding DEU_GAS_KRAFTWERKIII11401 generator to EU-DEU node...
INFO [2024-07-31 11:13:49] [THERMAL] - Adding DEU_GAS_KRAFTWERKMAINZ11403 generator to EU-DEU node...
INFO [2024-07-31 11:13:50] [THERMAL] - Adding DEU_GAS_KRAFTWERKMEGGL11404 generator to EU-DEU node...
INFO [2024-07-31 11:13:51] [THERMAL] - Adding DEU_GAS_KRAFTWERKMITTE11405 generator to EU-DEU node...
INFO [2024-07-31 11:13:51] [THERMAL] - Adding DEU_GAS_KRAFTWERKPLATT11408 generator to EU-DEU node...
INFO [2024-07-31 11:13:52] [THERMAL] - Adding DEU_GAS_KRAFTWERKSD11411 generator to EU-DEU node...
INFO [2024-07-31 11:13:53] [THERMAL] - Adding DEU_GAS_KWH11352 generator to EU-DEU node...
INFO [2024-07-31 11:13:53] [THERMAL] - Adding DEU_GAS_KWKANLAGEBARB11356 generator to EU-DEU node...
INFO [2024-07-31 11:13:54] [THERMAL] - Adding DEU_GAS_KWKANLAGEKREF11357 generator to EU-DEU node...
INFO [2024-07-31 11:13:55] [THERMAL] - Adding DEU_GAS_KWKANLAGEKREF11358 generator to EU-DEU node...
INFO [2024-07-31 11:13:55] [THERMAL] - Adding DEU_GAS_KWKAOSGMBH11353 generator to EU-DEU node...
INFO [2024-07-31 11:13:56] [THERMAL] - Adding DEU_GAS_KWKIRCHLENGERN11345 generator to EU-DEU node...
INFO [2024-07-31 11:13:57] [THERMAL] - Adding DEU_GAS_KWKKHEIDELBERG11359 generator to EU-DEU node...
INFO [2024-07-31 11:13:57] [THERMAL] - Adding DEU_GAS_LICHTERFELDE11438 generator to EU-DEU node...
INFO [2024-07-31 11:13:58] [THERMAL] - Adding DEU_GAS_MITTE11480 generator to EU-DEU node...
INFO [2024-07-31 11:13:59] [THERMAL] - Adding DEU_GAS_MTDREN11459 generator to EU-DEU node...
INFO [2024-07-31 11:13:59] [THERMAL] - Adding DEU_GAS_NATURALGASBLOC11508 generator to EU-DEU node...
INFO [2024-07-31 11:14:00] [THERMAL] - Adding DEU_GAS_NATURALGASKRAF11509 generator to EU-DEU node...
INFO [2024-07-31 11:14:01] [THERMAL] - Adding DEU_GAS_NATURALGASMOTO11510 generator to EU-DEU node...
INFO [2024-07-31 11:14:02] [THERMAL] - Adding DEU_GAS_NATURALGASTUR11500 generator to EU-DEU node...
INFO [2024-07-31 11:14:02] [THERMAL] - Adding DEU_GAS_NATURALGASTUR11501 generator to EU-DEU node...
INFO [2024-07-31 11:14:03] [THERMAL] - Adding DEU_GAS_NATURALGASTUR11502 generator to EU-DEU node...
INFO [2024-07-31 11:14:03] [THERMAL] - Adding DEU_GAS_NATURALGASTUR11503 generator to EU-DEU node...
INFO [2024-07-31 11:14:04] [THERMAL] - Adding DEU_GAS_NATURALGASTUR11504 generator to EU-DEU node...
INFO [2024-07-31 11:14:05] [THERMAL] - Adding DEU_GAS_NATURALGASTUR11505 generator to EU-DEU node...
INFO [2024-07-31 11:14:06] [THERMAL] - Adding DEU_GAS_NATURALGASTUR11506 generator to EU-DEU node...
INFO [2024-07-31 11:14:06] [THERMAL] - Adding DEU_GAS_NATURALGASU_11507 generator to EU-DEU node...
INFO [2024-07-31 11:14:07] [THERMAL] - Adding DEU_GAS_OBERNBURG11543 generator to EU-DEU node...
INFO [2024-07-31 11:14:08] [THERMAL] - Adding DEU_GAS_PKVKRAFTWERK11563 generator to EU-DEU node...
INFO [2024-07-31 11:14:08] [THERMAL] - Adding DEU_GAS_PLWERKAPPELD11556 generator to EU-DEU node...
INFO [2024-07-31 11:14:09] [THERMAL] - Adding DEU_GAS_PLWERKLAGE11560 generator to EU-DEU node...
INFO [2024-07-31 11:14:09] [THERMAL] - Adding DEU_GAS_PWG11567 generator to EU-DEU node...
INFO [2024-07-31 11:14:10] [THERMAL] - Adding DEU_GAS_RAGANTHRAZITI11596 generator to EU-DEU node...
INFO [2024-07-31 11:14:11] [THERMAL] - Adding DEU_GAS_RHEINHAFENDAMP11618 generator to EU-DEU node...
INFO [2024-07-31 11:14:11] [THERMAL] - Adding DEU_GAS_SDDT111723 generator to EU-DEU node...
INFO [2024-07-31 11:14:12] [THERMAL] - Adding DEU_GAS_SDDT6011724 generator to EU-DEU node...
INFO [2024-07-31 11:14:13] [THERMAL] - Adding DEU_GAS_SDGT6111725 generator to EU-DEU node...
INFO [2024-07-31 11:14:14] [THERMAL] - Adding DEU_GAS_SIGMUNDSHALL11684 generator to EU-DEU node...
INFO [2024-07-31 11:14:14] [THERMAL] - Adding DEU_GAS_SPITZENLASTKRAF11705 generator to EU-DEU node...
INFO [2024-07-31 11:14:15] [THERMAL] - Adding DEU_GAS_STEINITZ11714 generator to EU-DEU node...
INFO [2024-07-31 11:14:16] [THERMAL] - Adding DEU_GAS_STW11652 generator to EU-DEU node...
INFO [2024-07-31 11:14:17] [THERMAL] - Adding DEU_GAS_THYROW11738 generator to EU-DEU node...
INFO [2024-07-31 11:14:17] [THERMAL] - Adding DEU_GAS_TRIANELNATURAL11743 generator to EU-DEU node...
INFO [2024-07-31 11:14:18] [THERMAL] - Adding DEU_GAS_UNTERBREIZBACH11760 generator to EU-DEU node...
INFO [2024-07-31 11:14:19] [THERMAL] - Adding DEU_GAS_UPMAUGSBURG11753 generator to EU-DEU node...
INFO [2024-07-31 11:14:19] [THERMAL] - Adding DEU_GAS_WERKSKRAFTWERK11804 generator to EU-DEU node...
INFO [2024-07-31 11:14:20] [THERMAL] - Adding DEU_GAS_WINTERSHALL11830 generator to EU-DEU node...
INFO [2024-07-31 11:14:21] [THERMAL] - Adding DEU_GAS_XKRAFTWERK11843 generator to EU-DEU node...
INFO [2024-07-31 11:14:22] [THERMAL] - Adding DEU_GAS_ZIELITZ11850 generator to EU-DEU node...
INFO [2024-07-31 11:14:22] [THERMAL] - Adding DEU_NUC_BROKDORF10922 generator to EU-DEU node...
INFO [2024-07-31 11:14:23] [THERMAL] - Adding DEU_NUC_EMSLAND11062 generator to EU-DEU node...
INFO [2024-07-31 11:14:24] [THERMAL] - Adding DEU_NUC_GROHNDE11162 generator to EU-DEU node...
INFO [2024-07-31 11:14:24] [THERMAL] - Adding DEU_NUC_ISAR211322 generator to EU-DEU node...
INFO [2024-07-31 11:14:25] [THERMAL] - Adding DEU_NUC_KERNKRAFTGUNDR11370 generator to EU-DEU node...
INFO [2024-07-31 11:14:26] [THERMAL] - Adding DEU_NUC_NECKARWESTHEIM11499 generator to EU-DEU node...
INFO [2024-07-31 11:14:27] [THERMAL] - Adding DEU_NUC_PHILIPPSBURG211562 generator to EU-DEU node...
INFO [2024-07-31 11:14:27] [THERMAL] - Adding DEU_WAS_ABFALLENTSORGUN10878 generator to EU-DEU node...
INFO [2024-07-31 11:14:28] [THERMAL] - Adding DEU_WAS_AHKWNEUNKIRCHE10873 generator to EU-DEU node...
INFO [2024-07-31 11:14:29] [THERMAL] - Adding DEU_WAS_AMKABFALLENT10874 generator to EU-DEU node...
INFO [2024-07-31 11:14:30] [THERMAL] - Adding DEU_WAS_AVAGMBH10875 generator to EU-DEU node...
INFO [2024-07-31 11:14:30] [THERMAL] - Adding DEU_WAS_AVAVELSEN10876 generator to EU-DEU node...
INFO [2024-07-31 11:14:31] [THERMAL] - Adding DEU_WAS_BEG10906 generator to EU-DEU node...
INFO [2024-07-31 11:14:32] [THERMAL] - Adding DEU_WAS_BIOMASSEHEIZKRA10973 generator to EU-DEU node...
INFO [2024-07-31 11:14:32] [THERMAL] - Adding DEU_WAS_BIOMASSGENERAT10949 generator to EU-DEU node...
INFO [2024-07-31 11:14:33] [THERMAL] - Adding DEU_WAS_BIOMASSGENERAT10950 generator to EU-DEU node...
INFO [2024-07-31 11:14:33] [THERMAL] - Adding DEU_WAS_BIOMASSGENERAT10951 generator to EU-DEU node...
INFO [2024-07-31 11:14:34] [THERMAL] - Adding DEU_WAS_DAMPFTURBINENAN11028 generator to EU-DEU node...
INFO [2024-07-31 11:14:35] [THERMAL] - Adding DEU_WAS_DT11026 generator to EU-DEU node...
INFO [2024-07-31 11:14:36] [THERMAL] - Adding DEU_WAS_EBKWKNAPSACK11055 generator to EU-DEU node...
INFO [2024-07-31 11:14:36] [THERMAL] - Adding DEU_WAS_EBSHKWROSTOCK11056 generator to EU-DEU node...
INFO [2024-07-31 11:14:37] [THERMAL] - Adding DEU_WAS_EEWENERGYFROM11059 generator to EU-DEU node...
INFO [2024-07-31 11:14:38] [THERMAL] - Adding DEU_WAS_EEWGPPINGEN11061 generator to EU-DEU node...
INFO [2024-07-31 11:14:38] [THERMAL] - Adding DEU_WAS_EEWGRORSCH11060 generator to EU-DEU node...
INFO [2024-07-31 11:14:39] [THERMAL] - Adding DEU_WAS_ENERTECHAMELN11093 generator to EU-DEU node...
INFO [2024-07-31 11:14:40] [THERMAL] - Adding DEU_WAS_EVE11065 generator to EU-DEU node...
INFO [2024-07-31 11:14:41] [THERMAL] - Adding DEU_WAS_FHKWLUDWIGSHAF11103 generator to EU-DEU node...
INFO [2024-07-31 11:14:41] [THERMAL] - Adding DEU_WAS_GKS11126 generator to EU-DEU node...
INFO [2024-07-31 11:14:42] [THERMAL] - Adding DEU_WAS_GMVANIEDERRHEI11127 generator to EU-DEU node...
INFO [2024-07-31 11:14:43] [THERMAL] - Adding DEU_WAS_HAMBURGERRIEGE11248 generator to EU-DEU node...
INFO [2024-07-31 11:14:44] [THERMAL] - Adding DEU_WAS_HEIZKRAFTWERKK11270 generator to EU-DEU node...
INFO [2024-07-31 11:14:44] [THERMAL] - Adding DEU_WAS_HKWMANNHEIM11216 generator to EU-DEU node...
INFO [2024-07-31 11:14:45] [THERMAL] - Adding DEU_WAS_HKWSANDREUTH11227 generator to EU-DEU node...
INFO [2024-07-31 11:14:46] [THERMAL] - Adding DEU_WAS_IHKWANDERNACH11314 generator to EU-DEU node...
INFO [2024-07-31 11:14:47] [THERMAL] - Adding DEU_WAS_IKWRDERSDORF11318 generator to EU-DEU node...
INFO [2024-07-31 11:14:47] [THERMAL] - Adding DEU_WAS_KARNAP11365 generator to EU-DEU node...
INFO [2024-07-31 11:14:48] [THERMAL] - Adding DEU_WAS_KLRANLAGE11381 generator to EU-DEU node...
INFO [2024-07-31 11:14:49] [THERMAL] - Adding DEU_WAS_KRAFTWERKSCHWE11410 generator to EU-DEU node...
INFO [2024-07-31 11:14:49] [THERMAL] - Adding DEU_WAS_KWHAFEN11344 generator to EU-DEU node...
INFO [2024-07-31 11:14:50] [THERMAL] - Adding DEU_WAS_MHKW11451 generator to EU-DEU node...
INFO [2024-07-31 11:14:51] [THERMAL] - Adding DEU_WAS_MHKWBURGKIRCHE11453 generator to EU-DEU node...
INFO [2024-07-31 11:14:51] [THERMAL] - Adding DEU_WAS_MHKWFRANKFURT11454 generator to EU-DEU node...
INFO [2024-07-31 11:14:52] [THERMAL] - Adding DEU_WAS_MHKWMAINZ11455 generator to EU-DEU node...
INFO [2024-07-31 11:14:53] [THERMAL] - Adding DEU_WAS_MHKWPIRMASENS11456 generator to EU-DEU node...
INFO [2024-07-31 11:14:54] [THERMAL] - Adding DEU_WAS_MHKWROTHENSEE11457 generator to EU-DEU node...
INFO [2024-07-31 11:14:55] [THERMAL] - Adding DEU_WAS_MHKWWKW11452 generator to EU-DEU node...
INFO [2024-07-31 11:14:56] [THERMAL] - Adding DEU_WAS_MKVAKREFELD11458 generator to EU-DEU node...
INFO [2024-07-31 11:14:57] [THERMAL] - Adding DEU_WAS_MLLHEIZKRAFTW11491 generator to EU-DEU node...
INFO [2024-07-31 11:14:58] [THERMAL] - Adding DEU_WAS_MLLHEIZKRAFTW11492 generator to EU-DEU node...
INFO [2024-07-31 11:14:59] [THERMAL] - Adding DEU_WAS_MLLHEIZKRAFTW11493 generator to EU-DEU node...
INFO [2024-07-31 11:14:59] [THERMAL] - Adding DEU_WAS_MLLKRAFTWERK11494 generator to EU-DEU node...
INFO [2024-07-31 11:15:00] [THERMAL] - Adding DEU_WAS_MVABIELEFELD11460 generator to EU-DEU node...
INFO [2024-07-31 11:15:01] [THERMAL] - Adding DEU_WAS_MVAHAMM11461 generator to EU-DEU node...
INFO [2024-07-31 11:15:02] [THERMAL] - Adding DEU_WAS_MVAINGOLSTADT11462 generator to EU-DEU node...
INFO [2024-07-31 11:15:03] [THERMAL] - Adding DEU_WAS_MVAWEISWEILER11463 generator to EU-DEU node...
INFO [2024-07-31 11:15:03] [THERMAL] - Adding DEU_WAS_MVRMLLVERWER11464 generator to EU-DEU node...
INFO [2024-07-31 11:15:04] [THERMAL] - Adding DEU_WAS_PDENERGYGMBH11561 generator to EU-DEU node...
INFO [2024-07-31 11:15:05] [THERMAL] - Adding DEU_WAS_REMONDISTHERMI11597 generator to EU-DEU node...
INFO [2024-07-31 11:15:06] [THERMAL] - Adding DEU_WAS_RESTABFALLBEHAN11611 generator to EU-DEU node...
INFO [2024-07-31 11:15:07] [THERMAL] - Adding DEU_WAS_RESTMLLHEIZK11612 generator to EU-DEU node...
INFO [2024-07-31 11:15:09] [THERMAL] - Adding DEU_WAS_RESTMLLHEIZKR11613 generator to EU-DEU node...
INFO [2024-07-31 11:15:10] [THERMAL] - Adding DEU_WAS_REUTERWASTEFA11615 generator to EU-DEU node...
INFO [2024-07-31 11:15:10] [THERMAL] - Adding DEU_WAS_RMVAKLN11598 generator to EU-DEU node...
INFO [2024-07-31 11:15:11] [THERMAL] - Adding DEU_WAS_RZRHERTENII11599 generator to EU-DEU node...
INFO [2024-07-31 11:15:12] [THERMAL] - Adding DEU_WAS_SITAABFALLVERW11649 generator to EU-DEU node...
INFO [2024-07-31 11:15:13] [THERMAL] - Adding DEU_WAS_STEINBEISENERG11713 generator to EU-DEU node...
INFO [2024-07-31 11:15:14] [THERMAL] - Adding DEU_WAS_THERMISCHEABFA11735 generator to EU-DEU node...
INFO [2024-07-31 11:15:15] [THERMAL] - Adding DEU_WAS_TREABREISGAU11726 generator to EU-DEU node...
INFO [2024-07-31 11:15:15] [THERMAL] - Adding DEU_WAS_TREALEUNA11727 generator to EU-DEU node...
INFO [2024-07-31 11:15:16] [THERMAL] - Adding DEU_WAS_TRVBUSCHHAUS11728 generator to EU-DEU node...
INFO [2024-07-31 11:15:17] [THERMAL] - Adding DEU_WAS_TURBOSATZ111747 generator to EU-DEU node...
INFO [2024-07-31 11:15:18] [THERMAL] - Adding DEU_WAS_WASTEINCINERAT11791 generator to EU-DEU node...
INFO [2024-07-31 11:15:19] [THERMAL] - Adding DEU_WAS_ZWSF11844 generator to EU-DEU node...
INFO [2024-07-31 11:15:19] [THERMAL] - Adding DNK_BIO_CAPACITY SCALER generator to EU-DNK node...
INFO [2024-07-31 11:15:20] [THERMAL] - Adding DNK_COA_AMAGERPOWERST8470 generator to EU-DNK node...
INFO [2024-07-31 11:15:20] [THERMAL] - Adding DNK_COA_ASNAESPOWERST8472 generator to EU-DNK node...
INFO [2024-07-31 11:15:20] [THERMAL] - Adding DNK_COA_AVEDOEREVAERKET8473 generator to EU-DNK node...
INFO [2024-07-31 11:15:21] [THERMAL] - Adding DNK_COA_CAPACITY SCALER generator to EU-DNK node...
INFO [2024-07-31 11:15:21] [THERMAL] - Adding DNK_COA_ESBJERGPOWERS8477 generator to EU-DNK node...
INFO [2024-07-31 11:15:21] [THERMAL] - Adding DNK_COA_FYNSPOWERSTAT8479 generator to EU-DNK node...
INFO [2024-07-31 11:15:22] [THERMAL] - Adding DNK_COA_NORDJYLLANDPOW8490 generator to EU-DNK node...
INFO [2024-07-31 11:15:22] [THERMAL] - Adding DNK_COA_RANDERS8492 generator to EU-DNK node...
INFO [2024-07-31 11:15:23] [THERMAL] - Adding DNK_COA_STIGSNAESVAERKE8501 generator to EU-DNK node...
INFO [2024-07-31 11:15:23] [THERMAL] - Adding DNK_COA_STUDSTRUPVAERKE8502 generator to EU-DNK node...
INFO [2024-07-31 11:15:23] [THERMAL] - Adding DNK_GAS_CAPACITY SCALER generator to EU-DNK node...
INFO [2024-07-31 11:15:24] [THERMAL] - Adding DNK_GAS_H_C_RSTED8480 generator to EU-DNK node...
INFO [2024-07-31 11:15:24] [THERMAL] - Adding DNK_GAS_SKAERBAEKVAERKE8498 generator to EU-DNK node...
INFO [2024-07-31 11:15:25] [THERMAL] - Adding DNK_GAS_SVANEMLLE8503 generator to EU-DNK node...
INFO [2024-07-31 11:15:25] [THERMAL] - Adding ESP_BIO_AGROENERGETICA16844 generator to EU-ESP node...
INFO [2024-07-31 11:15:26] [THERMAL] - Adding ESP_BIO_CAPACITY SCALER generator to EU-ESP node...
INFO [2024-07-31 11:15:26] [THERMAL] - Adding ESP_COA_ABONO216839 generator to EU-ESP node...
INFO [2024-07-31 11:15:26] [THERMAL] - Adding ESP_COA_ALCUDIA1GRUP16847 generator to EU-ESP node...
INFO [2024-07-31 11:15:27] [THERMAL] - Adding ESP_COA_ANLLARESGR116856 generator to EU-ESP node...
INFO [2024-07-31 11:15:27] [THERMAL] - Adding ESP_COA_CAPACITY SCALER generator to EU-ESP node...
INFO [2024-07-31 11:15:28] [THERMAL] - Adding ESP_COA_COMPOSTILLAII16922 generator to EU-ESP node...
INFO [2024-07-31 11:15:28] [THERMAL] - Adding ESP_COA_CTGUARDO216931 generator to EU-ESP node...
