INFO [2024-08-08 13:53:56] [MAIN] - Creating Etude_sur_R_Batteries_sans_CSP__2024_08_08_13_53_56 study...

INFO [2024-08-08 13:53:56] [MAIN] - Unit commitment mode : FAST
INFO [2024-08-08 13:53:56] [MAIN] - Adding nodes...

INFO [2024-08-08 13:53:58] [NODES] - Adding AF-MAR node...
INFO [2024-08-08 13:53:58] [NODES] - Adding EU-DEU node...
INFO [2024-08-08 13:53:58] [NODES] - Adding EU-ESP node...
INFO [2024-08-08 13:53:58] [NODES] - Adding EU-FRA node...
INFO [2024-08-08 13:53:58] [MAIN] - Done adding nodes! (run time : 2.26s).

INFO [2024-08-08 13:53:58] [MAIN] - Adding load data...

INFO [2024-08-08 13:53:59] [LOAD] - Adding AF-MAR load data...
INFO [2024-08-08 13:53:59] [LOAD] - Adding EU-ESP load data...
INFO [2024-08-08 13:53:59] [LOAD] - Adding EU-DEU load data...
INFO [2024-08-08 13:53:59] [LOAD] - Adding EU-FRA load data...
INFO [2024-08-08 13:53:59] [MAIN] - Done adding load data! (run time : 1.15s).

INFO [2024-08-08 13:54:00] [MAIN] - Fetching wind data...

INFO [2024-08-08 13:54:00] [WIND] - Adding AF-MAR aggregated wind data...
INFO [2024-08-08 13:54:00] [WIND] - Adding EU-ESP aggregated wind data...
INFO [2024-08-08 13:54:00] [WIND] - Adding EU-DEU aggregated wind data...
INFO [2024-08-08 13:54:00] [WIND] - Adding EU-FRA aggregated wind data...
INFO [2024-08-08 13:54:00] [MAIN] - Done adding wind data! (run time : 0.29s).

INFO [2024-08-08 13:54:00] [MAIN] - Fetching solar data...

INFO [2024-08-08 13:54:00] [WARN] - Skipped adding solar data for AF-MAR (no generators found in PLEXOS).
INFO [2024-08-08 13:54:00] [SOLAR] - Adding EU-ESP aggregated solar data...
INFO [2024-08-08 13:54:00] [SOLAR] - Adding EU-DEU aggregated solar data...
INFO [2024-08-08 13:54:00] [SOLAR] - Adding EU-FRA aggregated solar data...
INFO [2024-08-08 13:54:00] [MAIN] - Done adding solar data! (run time : 0.3s).

INFO [2024-08-08 13:54:00] [MAIN] - Fetching storage data...

INFO [2024-08-08 13:54:00] [STORAGE] - Adding DEU_CHE_10kW100kWhHaakF228_1 battery to EU-DEU node...
INFO [2024-08-08 13:54:01] [STORAGE] - Adding DEU_CHE_15MWEnergyStora229_1 battery to EU-DEU node...
INFO [2024-08-08 13:54:01] [STORAGE] - Adding DEU_CHE_1MWLESSYVolklin230_1 battery to EU-DEU node...
INFO [2024-08-08 13:54:01] [STORAGE] - Adding DEU_CHE_250kW1MWhElCheW231_1 battery to EU-DEU node...
INFO [2024-08-08 13:54:01] [STORAGE] - Adding DEU_CHE_BatteryEnergySt232_1 battery to EU-DEU node...
INFO [2024-08-08 13:54:01] [STORAGE] - Adding DEU_CHE_BatteryEnergySt233_1 battery to EU-DEU node...
INFO [2024-08-08 13:54:01] [STORAGE] - Adding DEU_CHE_BESSNeuhardenbe234_1 battery to EU-DEU node...
INFO [2024-08-08 13:54:01] [STORAGE] - Adding DEU_CHE_BoschBraderupES235_1 battery to EU-DEU node...
INFO [2024-08-08 13:54:01] [STORAGE] - Adding DEU_CHE_BoschBraderupES236_1 battery to EU-DEU node...
INFO [2024-08-08 13:54:01] [STORAGE] - Adding DEU_CHE_CatervaSWARM237_1 battery to EU-DEU node...
INFO [2024-08-08 13:54:01] [STORAGE] - Adding DEU_CHE_CellcubeWilliba238_1 battery to EU-DEU node...
INFO [2024-08-08 13:54:02] [STORAGE] - Adding DEU_CHE_CustomerProject239_1 battery to EU-DEU node...
INFO [2024-08-08 13:54:02] [STORAGE] - Adding DEU_CHE_Daimler2ndLifeS240_1 battery to EU-DEU node...
INFO [2024-08-08 13:54:02] [STORAGE] - Adding DEU_CHE_DMGGildemeister241_1 battery to EU-DEU node...
INFO [2024-08-08 13:54:02] [STORAGE] - Adding DEU_CHE_DREWAGReick2MWP242_1 battery to EU-DEU node...
INFO [2024-08-08 13:54:02] [STORAGE] - Adding DEU_CHE_Drverden3MWBatt243_1 battery to EU-DEU node...
INFO [2024-08-08 13:54:02] [STORAGE] - Adding DEU_CHE_EEBattEnergyNei244_1 battery to EU-DEU node...
INFO [2024-08-08 13:54:02] [STORAGE] - Adding DEU_CHE_EnerconWindTurb245_1 battery to EU-DEU node...
INFO [2024-08-08 13:54:02] [STORAGE] - Adding DEU_CHE_EnergyBufferUni246_1 battery to EU-DEU node...
INFO [2024-08-08 13:54:03] [STORAGE] - Adding DEU_CHE_FastChargingeBu247_1 battery to EU-DEU node...
INFO [2024-08-08 13:54:03] [STORAGE] - Adding DEU_CHE_FeldheimRegiona248_1 battery to EU-DEU node...
INFO [2024-08-08 13:54:03] [STORAGE] - Adding DEU_CHE_GermanyResident249_1 battery to EU-DEU node...
INFO [2024-08-08 13:54:03] [STORAGE] - Adding DEU_CHE_HIUPVBatterySys250_1 battery to EU-DEU node...
INFO [2024-08-08 13:54:03] [STORAGE] - Adding DEU_CHE_IHEMIntelligent251_1 battery to EU-DEU node...
INFO [2024-08-08 13:54:03] [STORAGE] - Adding DEU_CHE_IntelligentesNe252_1 battery to EU-DEU node...
INFO [2024-08-08 13:54:04] [STORAGE] - Adding DEU_CHE_Netlab2Sonderbu253_1 battery to EU-DEU node...
INFO [2024-08-08 13:54:04] [STORAGE] - Adding DEU_CHE_QinousDemonstra254_1 battery to EU-DEU node...
INFO [2024-08-08 13:54:04] [STORAGE] - Adding DEU_CHE_QinousDemonstra255_1 battery to EU-DEU node...
INFO [2024-08-08 13:54:04] [STORAGE] - Adding DEU_CHE_RedoxWindTheFra256_1 battery to EU-DEU node...
INFO [2024-08-08 13:54:04] [STORAGE] - Adding DEU_CHE_SmartOperator257_1 battery to EU-DEU node...
INFO [2024-08-08 13:54:04] [STORAGE] - Adding DEU_CHE_SmartOperatorKi258_1 battery to EU-DEU node...
INFO [2024-08-08 13:54:05] [STORAGE] - Adding DEU_CHE_SmartOperatorWi259_1 battery to EU-DEU node...
INFO [2024-08-08 13:54:05] [STORAGE] - Adding DEU_CHE_SmartOperatorWi260_1 battery to EU-DEU node...
INFO [2024-08-08 13:54:05] [STORAGE] - Adding DEU_CHE_SmartRegionPell261_1 battery to EU-DEU node...
INFO [2024-08-08 13:54:05] [STORAGE] - Adding DEU_CHE_SmartRegionPell262_1 battery to EU-DEU node...
INFO [2024-08-08 13:54:05] [STORAGE] - Adding DEU_CHE_SwagBoschCommun263_1 battery to EU-DEU node...
INFO [2024-08-08 13:54:06] [STORAGE] - Adding DEU_CHE_Web2EnergySmart264_1 battery to EU-DEU node...
INFO [2024-08-08 13:54:06] [STORAGE] - Adding DEU_CHE_WEMAGSchwerinBa265_1 battery to EU-DEU node...
INFO [2024-08-08 13:54:06] [STORAGE] - Adding DEU_CHE_YounicosandVatt266_1 battery to EU-DEU node...
INFO [2024-08-08 13:54:06] [STORAGE] - Adding DEU_CHE_YounicosandVatt267_1 battery to EU-DEU node...
INFO [2024-08-08 13:54:06] [STORAGE] - Adding DEU_HYD_AudiegasProject268_1 battery to EU-DEU node...
INFO [2024-08-08 13:54:07] [STORAGE] - Adding DEU_HYD_E.ONquotPowerto269_1 battery to EU-DEU node...
INFO [2024-08-08 13:54:07] [STORAGE] - Adding DEU_HYD_EnBWStuttgartHy270_1 battery to EU-DEU node...
INFO [2024-08-08 13:54:07] [STORAGE] - Adding DEU_HYD_EnergieparkMain271_1 battery to EU-DEU node...
INFO [2024-08-08 13:54:07] [STORAGE] - Adding DEU_HYD_Grapzow140MWWin272_1 battery to EU-DEU node...
INFO [2024-08-08 13:54:07] [STORAGE] - Adding DEU_HYD_ThgaDemonstrati273_1 battery to EU-DEU node...
INFO [2024-08-08 13:54:07] [STORAGE] - Adding DEU_PHS_BleilochPumpedS274_1 battery to EU-DEU node...
INFO [2024-08-08 13:54:08] [STORAGE] - Adding DEU_PHS_ErzhausenPumped275_1 battery to EU-DEU node...
INFO [2024-08-08 13:54:08] [STORAGE] - Adding DEU_PHS_ErzhausenPumped275_2 battery to EU-DEU node...
INFO [2024-08-08 13:54:08] [STORAGE] - Adding DEU_PHS_GeesthachtPumpe276_1 battery to EU-DEU node...
INFO [2024-08-08 13:54:08] [STORAGE] - Adding DEU_PHS_GlemsPumpedStor277_1 battery to EU-DEU node...
INFO [2024-08-08 13:54:08] [STORAGE] - Adding DEU_PHS_GoldisthalPumpe278_1 battery to EU-DEU node...
INFO [2024-08-08 13:54:09] [STORAGE] - Adding DEU_PHS_GoldisthalPumpe278_2 battery to EU-DEU node...
INFO [2024-08-08 13:54:09] [STORAGE] - Adding DEU_PHS_GoldisthalPumpe278_3 battery to EU-DEU node...
INFO [2024-08-08 13:54:09] [STORAGE] - Adding DEU_PHS_GoldisthalPumpe278_4 battery to EU-DEU node...
INFO [2024-08-08 13:54:09] [STORAGE] - Adding DEU_PHS_GoldisthalPumpe278_5 battery to EU-DEU node...
INFO [2024-08-08 13:54:09] [STORAGE] - Adding DEU_PHS_GoldisthalPumpe278_6 battery to EU-DEU node...
INFO [2024-08-08 13:54:10] [STORAGE] - Adding DEU_PHS_HerdeckePumpedS279_1 battery to EU-DEU node...
INFO [2024-08-08 13:54:10] [STORAGE] - Adding DEU_PHS_HohenwartePumpe280_1 battery to EU-DEU node...
INFO [2024-08-08 13:54:10] [STORAGE] - Adding DEU_PHS_HohenwartePumpe280_2 battery to EU-DEU node...
INFO [2024-08-08 13:54:10] [STORAGE] - Adding DEU_PHS_HusernPumpedSto281_1 battery to EU-DEU node...
INFO [2024-08-08 13:54:11] [STORAGE] - Adding DEU_PHS_Kirchentellinsf282_1 battery to EU-DEU node...
INFO [2024-08-08 13:54:11] [STORAGE] - Adding DEU_PHS_Langenprozelten283_1 battery to EU-DEU node...
INFO [2024-08-08 13:54:11] [STORAGE] - Adding DEU_PHS_LeitzachwerkI284_1 battery to EU-DEU node...
INFO [2024-08-08 13:54:11] [STORAGE] - Adding DEU_PHS_LeitzachwerkII285_1 battery to EU-DEU node...
INFO [2024-08-08 13:54:12] [STORAGE] - Adding DEU_PHS_MarkersbachPump286_1 battery to EU-DEU node...
INFO [2024-08-08 13:54:12] [STORAGE] - Adding DEU_PHS_MarkersbachPump286_2 battery to EU-DEU node...
INFO [2024-08-08 13:54:12] [STORAGE] - Adding DEU_PHS_MarkersbachPump286_3 battery to EU-DEU node...
INFO [2024-08-08 13:54:12] [STORAGE] - Adding DEU_PHS_MarkersbachPump286_4 battery to EU-DEU node...
INFO [2024-08-08 13:54:12] [STORAGE] - Adding DEU_PHS_MarkersbachPump286_5 battery to EU-DEU node...
INFO [2024-08-08 13:54:13] [STORAGE] - Adding DEU_PHS_MarkersbachPump286_6 battery to EU-DEU node...
INFO [2024-08-08 13:54:13] [STORAGE] - Adding DEU_PHS_NiederwarthaPum287_1 battery to EU-DEU node...
INFO [2024-08-08 13:54:13] [STORAGE] - Adding DEU_PHS_ReisachPumpedSt288_1 battery to EU-DEU node...
INFO [2024-08-08 13:54:13] [STORAGE] - Adding DEU_PHS_RiedlEnergyStor289_1 battery to EU-DEU node...
INFO [2024-08-08 13:54:14] [STORAGE] - Adding DEU_PHS_RiedlEnergyStor289_2 battery to EU-DEU node...
INFO [2024-08-08 13:54:14] [STORAGE] - Adding DEU_PHS_RnkhausenPumped290_1 battery to EU-DEU node...
INFO [2024-08-08 13:54:14] [STORAGE] - Adding DEU_PHS_Ruselkraftwerke291_1 battery to EU-DEU node...
INFO [2024-08-08 13:54:14] [STORAGE] - Adding DEU_PHS_SchwarzenbachPu292_1 battery to EU-DEU node...
INFO [2024-08-08 13:54:15] [STORAGE] - Adding DEU_PHS_SckingenPumpedS293_1 battery to EU-DEU node...
INFO [2024-08-08 13:54:15] [STORAGE] - Adding DEU_PHS_SckingenPumpedS293_2 battery to EU-DEU node...
INFO [2024-08-08 13:54:15] [STORAGE] - Adding DEU_PHS_SorpeseePumpedS294_1 battery to EU-DEU node...
INFO [2024-08-08 13:54:15] [STORAGE] - Adding DEU_PHS_TanzmhlePumpedS295_1 battery to EU-DEU node...
INFO [2024-08-08 13:54:16] [STORAGE] - Adding DEU_PHS_WaldeckII296_1 battery to EU-DEU node...
INFO [2024-08-08 13:54:16] [STORAGE] - Adding DEU_PHS_WaldeckII296_2 battery to EU-DEU node...
INFO [2024-08-08 13:54:16] [STORAGE] - Adding DEU_PHS_WaldeckII296_3 battery to EU-DEU node...
INFO [2024-08-08 13:54:17] [STORAGE] - Adding DEU_PHS_WaldeckIPumpedH297_1 battery to EU-DEU node...
INFO [2024-08-08 13:54:17] [STORAGE] - Adding DEU_PHS_WaldshutPumpedS298_1 battery to EU-DEU node...
INFO [2024-08-08 13:54:17] [STORAGE] - Adding DEU_PHS_WehrPumpedStora299_1 battery to EU-DEU node...
INFO [2024-08-08 13:54:18] [STORAGE] - Adding DEU_PHS_WehrPumpedStora299_2 battery to EU-DEU node...
INFO [2024-08-08 13:54:18] [STORAGE] - Adding DEU_PHS_WehrPumpedStora299_3 battery to EU-DEU node...
INFO [2024-08-08 13:54:18] [STORAGE] - Adding DEU_PHS_WehrPumpedStora299_4 battery to EU-DEU node...
INFO [2024-08-08 13:54:19] [STORAGE] - Adding DEU_PHS_WehrPumpedStora299_5 battery to EU-DEU node...
INFO [2024-08-08 13:54:19] [STORAGE] - Adding DEU_PHS_WendefurthPower300_1 battery to EU-DEU node...
INFO [2024-08-08 13:54:19] [STORAGE] - Adding DEU_PHS_WitznauPumpedSt301_1 battery to EU-DEU node...
INFO [2024-08-08 13:54:19] [STORAGE] - Adding DEU_PHS_WitznauPumpedSt301_2 battery to EU-DEU node...
INFO [2024-08-08 13:54:20] [STORAGE] - Adding DEU_THE_JulichSolarTowe302_1 battery to EU-DEU node...
INFO [2024-08-08 13:54:20] [STORAGE] - Adding ESP_CHE_AlmacenaLithium308_1 battery to EU-ESP node...
INFO [2024-08-08 13:54:20] [STORAGE] - Adding ESP_CHE_CENERVRB309_1 battery to EU-ESP node...
INFO [2024-08-08 13:54:20] [STORAGE] - Adding ESP_CHE_DuttPowerElectr310_1 battery to EU-ESP node...
INFO [2024-08-08 13:54:21] [STORAGE] - Adding ESP_CHE_EndesaCRAVE311_1 battery to EU-ESP node...
INFO [2024-08-08 13:54:21] [STORAGE] - Adding ESP_CHE_EndesaHQB2GBarc312_1 battery to EU-ESP node...
INFO [2024-08-08 13:54:21] [STORAGE] - Adding ESP_CHE_EndesaSTOREGran313_1 battery to EU-ESP node...
INFO [2024-08-08 13:54:21] [STORAGE] - Adding ESP_CHE_EndesaSTORELaPa314_1 battery to EU-ESP node...
INFO [2024-08-08 13:54:21] [STORAGE] - Adding ESP_CHE_EndesaV2G315_1 battery to EU-ESP node...
INFO [2024-08-08 13:54:22] [STORAGE] - Adding ESP_CHE_FerrolineraWESS316_1 battery to EU-ESP node...
INFO [2024-08-08 13:54:22] [STORAGE] - Adding ESP_CHE_FerrolineraWESS317_1 battery to EU-ESP node...
INFO [2024-08-08 13:54:22] [STORAGE] - Adding ESP_CHE_FerroSmartGridR318_1 battery to EU-ESP node...
INFO [2024-08-08 13:54:22] [STORAGE] - Adding ESP_CHE_FerroSmartGridR319_1 battery to EU-ESP node...
INFO [2024-08-08 13:54:23] [STORAGE] - Adding ESP_CHE_IRECB2G320_1 battery to EU-ESP node...
INFO [2024-08-08 13:54:23] [STORAGE] - Adding ESP_CHE_SevilleBESSAbei321_1 battery to EU-ESP node...
INFO [2024-08-08 13:54:23] [STORAGE] - Adding ESP_CHE_SmartCityMalaga322_1 battery to EU-ESP node...
INFO [2024-08-08 13:54:23] [STORAGE] - Adding ESP_PHS_AguayoIIPumpedS323_1 battery to EU-ESP node...
INFO [2024-08-08 13:54:24] [STORAGE] - Adding ESP_PHS_AguayoIIPumpedS323_2 battery to EU-ESP node...
INFO [2024-08-08 13:54:24] [STORAGE] - Adding ESP_PHS_AguayoIIPumpedS323_3 battery to EU-ESP node...
INFO [2024-08-08 13:54:24] [STORAGE] - Adding ESP_PHS_AguayoIIPumpedS323_4 battery to EU-ESP node...
INFO [2024-08-08 13:54:25] [STORAGE] - Adding ESP_PHS_AguayoIIPumpedS323_5 battery to EU-ESP node...
INFO [2024-08-08 13:54:25] [STORAGE] - Adding ESP_PHS_AguayoIIPumpedS323_6 battery to EU-ESP node...
INFO [2024-08-08 13:54:25] [STORAGE] - Adding ESP_PHS_AguayoIPumpedSt324_1 battery to EU-ESP node...
INFO [2024-08-08 13:54:25] [STORAGE] - Adding ESP_PHS_AguayoIPumpedSt324_2 battery to EU-ESP node...
INFO [2024-08-08 13:54:26] [STORAGE] - Adding ESP_PHS_AldeadvilaHydro325_1 battery to EU-ESP node...
INFO [2024-08-08 13:54:26] [STORAGE] - Adding ESP_PHS_AldeadvilaHydro325_2 battery to EU-ESP node...
INFO [2024-08-08 13:54:26] [STORAGE] - Adding ESP_PHS_AldeadvilaHydro325_3 battery to EU-ESP node...
INFO [2024-08-08 13:54:26] [STORAGE] - Adding ESP_PHS_AldeadvilaHydro325_4 battery to EU-ESP node...
INFO [2024-08-08 13:54:27] [STORAGE] - Adding ESP_PHS_AldeadvilaHydro325_5 battery to EU-ESP node...
INFO [2024-08-08 13:54:27] [STORAGE] - Adding ESP_PHS_AldeadvilaHydro325_6 battery to EU-ESP node...
INFO [2024-08-08 13:54:27] [STORAGE] - Adding ESP_PHS_CardosValleyHyd326_1 battery to EU-ESP node...
INFO [2024-08-08 13:54:27] [STORAGE] - Adding ESP_PHS_ConsoHydroelect327_1 battery to EU-ESP node...
INFO [2024-08-08 13:54:28] [STORAGE] - Adding ESP_PHS_ConsoHydroelect327_2 battery to EU-ESP node...
INFO [2024-08-08 13:54:28] [STORAGE] - Adding ESP_PHS_ElHierroHydroWi328_1 battery to EU-ESP node...
INFO [2024-08-08 13:54:28] [STORAGE] - Adding ESP_PHS_EstanyGentoSall329_1 battery to EU-ESP node...
INFO [2024-08-08 13:54:29] [STORAGE] - Adding ESP_PHS_EstanyGentoSall329_2 battery to EU-ESP node...
INFO [2024-08-08 13:54:29] [STORAGE] - Adding ESP_PHS_EstanyGentoSall329_3 battery to EU-ESP node...
INFO [2024-08-08 13:54:29] [STORAGE] - Adding ESP_PHS_GabrielYGalanHy330_1 battery to EU-ESP node...
INFO [2024-08-08 13:54:29] [STORAGE] - Adding ESP_PHS_GobantesHydroel331_1 battery to EU-ESP node...
INFO [2024-08-08 13:54:30] [STORAGE] - Adding ESP_PHS_GuijodeGrandadi332_1 battery to EU-ESP node...
INFO [2024-08-08 13:54:30] [STORAGE] - Adding ESP_PHS_GuillenaHydroel333_1 battery to EU-ESP node...
INFO [2024-08-08 13:54:30] [STORAGE] - Adding ESP_PHS_GuillenaHydroel333_2 battery to EU-ESP node...
INFO [2024-08-08 13:54:31] [STORAGE] - Adding ESP_PHS_IbndeIpHydroele334_1 battery to EU-ESP node...
INFO [2024-08-08 13:54:31] [STORAGE] - Adding ESP_PHS_LaMuelapumpedst335_1 battery to EU-ESP node...
INFO [2024-08-08 13:54:31] [STORAGE] - Adding ESP_PHS_LaMuelapumpedst335_2 battery to EU-ESP node...
INFO [2024-08-08 13:54:32] [STORAGE] - Adding ESP_PHS_LaMuelapumpedst335_3 battery to EU-ESP node...
INFO [2024-08-08 13:54:32] [STORAGE] - Adding ESP_PHS_LaMuelapumpedst335_4 battery to EU-ESP node...
INFO [2024-08-08 13:54:32] [STORAGE] - Adding ESP_PHS_LaMuelapumpedst335_5 battery to EU-ESP node...
INFO [2024-08-08 13:54:32] [STORAGE] - Adding ESP_PHS_LaMuelapumpedst335_6 battery to EU-ESP node...
INFO [2024-08-08 13:54:33] [STORAGE] - Adding ESP_PHS_LaMuelapumpedst335_7 battery to EU-ESP node...
INFO [2024-08-08 13:54:33] [STORAGE] - Adding ESP_PHS_LaMuelapumpedst335_8 battery to EU-ESP node...
INFO [2024-08-08 13:54:33] [STORAGE] - Adding ESP_PHS_LaMuelapumpedst335_9 battery to EU-ESP node...
INFO [2024-08-08 13:54:34] [STORAGE] - Adding ESP_PHS_LaMuelapumpedst335_10 battery to EU-ESP node...
INFO [2024-08-08 13:54:34] [STORAGE] - Adding ESP_PHS_MoraletsLlauset336_1 battery to EU-ESP node...
INFO [2024-08-08 13:54:34] [STORAGE] - Adding ESP_PHS_MoraletsLlauset336_2 battery to EU-ESP node...
INFO [2024-08-08 13:54:35] [STORAGE] - Adding ESP_PHS_PintadoHydroele337_1 battery to EU-ESP node...
INFO [2024-08-08 13:54:35] [STORAGE] - Adding ESP_PHS_PuenteBibeyHydr338_1 battery to EU-ESP node...
INFO [2024-08-08 13:54:35] [STORAGE] - Adding ESP_PHS_PuenteBibeyHydr338_2 battery to EU-ESP node...
INFO [2024-08-08 13:54:36] [STORAGE] - Adding ESP_PHS_TajoDeLaEncanta339_1 battery to EU-ESP node...
INFO [2024-08-08 13:54:36] [STORAGE] - Adding ESP_PHS_TajoDeLaEncanta339_2 battery to EU-ESP node...
INFO [2024-08-08 13:54:36] [STORAGE] - Adding ESP_PHS_TanesHydroelect340_1 battery to EU-ESP node...
INFO [2024-08-08 13:54:36] [STORAGE] - Adding ESP_PHS_TorrejonHydroel341_1 battery to EU-ESP node...
INFO [2024-08-08 13:54:37] [STORAGE] - Adding ESP_PHS_UrdicetoHydroel342_1 battery to EU-ESP node...
INFO [2024-08-08 13:54:37] [STORAGE] - Adding ESP_PHS_ValdencanasHydr343_1 battery to EU-ESP node...
INFO [2024-08-08 13:54:37] [STORAGE] - Adding ESP_PHS_ValdencanasHydr343_2 battery to EU-ESP node...
INFO [2024-08-08 13:54:38] [STORAGE] - Adding ESP_PHS_VillarinoAlmend344_1 battery to EU-ESP node...
INFO [2024-08-08 13:54:38] [STORAGE] - Adding ESP_PHS_VillarinoAlmend344_2 battery to EU-ESP node...
INFO [2024-08-08 13:54:38] [STORAGE] - Adding ESP_PHS_VillarinoAlmend344_3 battery to EU-ESP node...
INFO [2024-08-08 13:54:39] [STORAGE] - Adding ESP_PHS_VillarinoAlmend344_4 battery to EU-ESP node...
INFO [2024-08-08 13:54:39] [STORAGE] - Adding ESP_PHS_VillarinoAlmend344_5 battery to EU-ESP node...
INFO [2024-08-08 13:54:39] [STORAGE] - Adding ESP_THE_Andasol1CSPSola345_1 battery to EU-ESP node...
INFO [2024-08-08 13:54:40] [STORAGE] - Adding ESP_THE_Andasol2CSPSola346_1 battery to EU-ESP node...
INFO [2024-08-08 13:54:40] [STORAGE] - Adding ESP_THE_Andasol3CSPSola347_1 battery to EU-ESP node...
INFO [2024-08-08 13:54:41] [STORAGE] - Adding ESP_THE_Arcosol50Valle1348_1 battery to EU-ESP node...
INFO [2024-08-08 13:54:41] [STORAGE] - Adding ESP_THE_ArenalesCSPPlan349_1 battery to EU-ESP node...
INFO [2024-08-08 13:54:41] [STORAGE] - Adding ESP_THE_Aste1ASolarPowe350_1 battery to EU-ESP node...
INFO [2024-08-08 13:54:42] [STORAGE] - Adding ESP_THE_Aste1BSolarPowe351_1 battery to EU-ESP node...
INFO [2024-08-08 13:54:42] [STORAGE] - Adding ESP_THE_AstexolIISolarP352_1 battery to EU-ESP node...
INFO [2024-08-08 13:54:42] [STORAGE] - Adding ESP_THE_CaceresSolarPow353_1 battery to EU-ESP node...
INFO [2024-08-08 13:54:43] [STORAGE] - Adding ESP_THE_CasablancaSolar354_1 battery to EU-ESP node...
INFO [2024-08-08 13:54:43] [STORAGE] - Adding ESP_THE_Extresol1SolarP355_1 battery to EU-ESP node...
INFO [2024-08-08 13:54:44] [STORAGE] - Adding ESP_THE_Extresol2SolarP356_1 battery to EU-ESP node...
INFO [2024-08-08 13:54:44] [STORAGE] - Adding ESP_THE_Extresol3SolarP357_1 battery to EU-ESP node...
INFO [2024-08-08 13:54:44] [STORAGE] - Adding ESP_THE_GemasolarPlant358_1 battery to EU-ESP node...
INFO [2024-08-08 13:54:45] [STORAGE] - Adding ESP_THE_LaAfricanaSolar359_1 battery to EU-ESP node...
INFO [2024-08-08 13:54:45] [STORAGE] - Adding ESP_THE_LaDehesaSolarPo360_1 battery to EU-ESP node...
INFO [2024-08-08 13:54:45] [STORAGE] - Adding ESP_THE_LaFloridaSolarP361_1 battery to EU-ESP node...
INFO [2024-08-08 13:54:46] [STORAGE] - Adding ESP_THE_Manchasol1Solar362_1 battery to EU-ESP node...
INFO [2024-08-08 13:54:46] [STORAGE] - Adding ESP_THE_Manchasol2Solar363_1 battery to EU-ESP node...
INFO [2024-08-08 13:54:47] [STORAGE] - Adding ESP_THE_PlantaSolar10So364_1 battery to EU-ESP node...
INFO [2024-08-08 13:54:47] [STORAGE] - Adding ESP_THE_PlantaSolar20So365_1 battery to EU-ESP node...
INFO [2024-08-08 13:54:47] [STORAGE] - Adding ESP_THE_PuertoErrado1Th366_1 battery to EU-ESP node...
INFO [2024-08-08 13:54:48] [STORAGE] - Adding ESP_THE_PuertoErrado2Th367_1 battery to EU-ESP node...
INFO [2024-08-08 13:54:48] [STORAGE] - Adding ESP_THE_Termesol50Valle368_1 battery to EU-ESP node...
INFO [2024-08-08 13:54:48] [STORAGE] - Adding ESP_THE_Termosol1SolarP369_1 battery to EU-ESP node...
INFO [2024-08-08 13:54:49] [STORAGE] - Adding ESP_THE_Termosol2SolarP370_1 battery to EU-ESP node...
INFO [2024-08-08 13:54:49] [STORAGE] - Adding FRA_CHE_ADEMEIntelligen373_1 battery to EU-FRA node...
INFO [2024-08-08 13:54:50] [STORAGE] - Adding FRA_CHE_CarrosNICEGRIDP374_1 battery to EU-FRA node...
INFO [2024-08-08 13:54:50] [STORAGE] - Adding FRA_CHE_DieselGenerator375_1 battery to EU-FRA node...
INFO [2024-08-08 13:54:50] [STORAGE] - Adding FRA_CHE_DIYESS5kWhLiFeP376_1 battery to EU-FRA node...
INFO [2024-08-08 13:54:51] [STORAGE] - Adding FRA_CHE_EDFENGabardoneP377_1 battery to EU-FRA node...
INFO [2024-08-08 13:54:51] [STORAGE] - Adding FRA_CHE_EDFRampDLesRena378_1 battery to EU-FRA node...
INFO [2024-08-08 13:54:51] [STORAGE] - Adding FRA_CHE_INESProject379_1 battery to EU-FRA node...
INFO [2024-08-08 13:54:52] [STORAGE] - Adding FRA_CHE_NICEGRIDproject380_1 battery to EU-FRA node...
INFO [2024-08-08 13:54:52] [STORAGE] - Adding FRA_CHE_NICEGRIDproject381_1 battery to EU-FRA node...
INFO [2024-08-08 13:54:52] [STORAGE] - Adding FRA_CHE_ReunionIslandPe382_1 battery to EU-FRA node...
INFO [2024-08-08 13:54:53] [STORAGE] - Adding FRA_HYD_UniveristyofCor383_1 battery to EU-FRA node...
INFO [2024-08-08 13:54:53] [STORAGE] - Adding FRA_PHS_AlrancePumpedSt384_1 battery to EU-FRA node...
INFO [2024-08-08 13:54:53] [STORAGE] - Adding FRA_PHS_ArgentatPumpedS385_1 battery to EU-FRA node...
INFO [2024-08-08 13:54:54] [STORAGE] - Adding FRA_PHS_Grand039MaisonD386_1 battery to EU-FRA node...
INFO [2024-08-08 13:54:54] [STORAGE] - Adding FRA_PHS_Grand039MaisonD386_2 battery to EU-FRA node...
INFO [2024-08-08 13:54:54] [STORAGE] - Adding FRA_PHS_Grand039MaisonD386_3 battery to EU-FRA node...
INFO [2024-08-08 13:54:55] [STORAGE] - Adding FRA_PHS_Grand039MaisonD386_4 battery to EU-FRA node...
INFO [2024-08-08 13:54:55] [STORAGE] - Adding FRA_PHS_Grand039MaisonD386_5 battery to EU-FRA node...
INFO [2024-08-08 13:54:55] [STORAGE] - Adding FRA_PHS_Grand039MaisonD386_6 battery to EU-FRA node...
INFO [2024-08-08 13:54:56] [STORAGE] - Adding FRA_PHS_Grand039MaisonD386_7 battery to EU-FRA node...
INFO [2024-08-08 13:54:56] [STORAGE] - Adding FRA_PHS_Grand039MaisonD386_8 battery to EU-FRA node...
INFO [2024-08-08 13:54:57] [STORAGE] - Adding FRA_PHS_Grand039MaisonD386_9 battery to EU-FRA node...
INFO [2024-08-08 13:54:57] [STORAGE] - Adding FRA_PHS_Grand039MaisonD386_10 battery to EU-FRA node...
INFO [2024-08-08 13:54:57] [STORAGE] - Adding FRA_PHS_LaCochePumpedSt387_1 battery to EU-FRA node...
INFO [2024-08-08 13:54:58] [STORAGE] - Adding FRA_PHS_LaCochePumpedSt387_2 battery to EU-FRA node...
INFO [2024-08-08 13:54:58] [STORAGE] - Adding FRA_PHS_LaRanceTidalPow388_1 battery to EU-FRA node...
INFO [2024-08-08 13:54:59] [STORAGE] - Adding FRA_PHS_LaRanceTidalPow388_2 battery to EU-FRA node...
INFO [2024-08-08 13:54:59] [STORAGE] - Adding FRA_PHS_LeCheylasPumped389_1 battery to EU-FRA node...
INFO [2024-08-08 13:54:59] [STORAGE] - Adding FRA_PHS_LeCheylasPumped389_2 battery to EU-FRA node...
INFO [2024-08-08 13:55:00] [STORAGE] - Adding FRA_PHS_LeCheylasPumped389_3 battery to EU-FRA node...
INFO [2024-08-08 13:55:00] [STORAGE] - Adding FRA_PHS_LePougetPumpedS390_1 battery to EU-FRA node...
INFO [2024-08-08 13:55:01] [STORAGE] - Adding FRA_PHS_LePougetPumpedS390_2 battery to EU-FRA node...
INFO [2024-08-08 13:55:01] [STORAGE] - Adding FRA_PHS_LePougetPumpedS390_3 battery to EU-FRA node...
INFO [2024-08-08 13:55:01] [STORAGE] - Adding FRA_PHS_MontzicPumpedSt391_1 battery to EU-FRA node...
INFO [2024-08-08 13:55:02] [STORAGE] - Adding FRA_PHS_MontzicPumpedSt391_2 battery to EU-FRA node...
INFO [2024-08-08 13:55:02] [STORAGE] - Adding FRA_PHS_MontzicPumpedSt391_3 battery to EU-FRA node...
INFO [2024-08-08 13:55:02] [STORAGE] - Adding FRA_PHS_MontzicPumpedSt391_4 battery to EU-FRA node...
INFO [2024-08-08 13:55:03] [STORAGE] - Adding FRA_PHS_MontzicPumpedSt391_5 battery to EU-FRA node...
INFO [2024-08-08 13:55:03] [STORAGE] - Adding FRA_PHS_RevinPumpedStor392_1 battery to EU-FRA node...
INFO [2024-08-08 13:55:04] [STORAGE] - Adding FRA_PHS_RevinPumpedStor392_2 battery to EU-FRA node...
INFO [2024-08-08 13:55:04] [STORAGE] - Adding FRA_PHS_RevinPumpedStor392_3 battery to EU-FRA node...
INFO [2024-08-08 13:55:04] [STORAGE] - Adding FRA_PHS_RevinPumpedStor392_4 battery to EU-FRA node...
INFO [2024-08-08 13:55:05] [STORAGE] - Adding FRA_PHS_SuperBissortePu393_1 battery to EU-FRA node...
INFO [2024-08-08 13:55:05] [STORAGE] - Adding FRA_PHS_SuperBissortePu393_2 battery to EU-FRA node...
INFO [2024-08-08 13:55:06] [STORAGE] - Adding FRA_PHS_SuperBissortePu393_3 battery to EU-FRA node...
INFO [2024-08-08 13:55:06] [STORAGE] - Adding FRA_PHS_SuperBissortePu393_4 battery to EU-FRA node...
INFO [2024-08-08 13:55:06] [STORAGE] - Adding FRA_THE_AlbaNova1SolarP394_1 battery to EU-FRA node...
INFO [2024-08-08 13:55:07] [STORAGE] - Adding MAR_PHS_AfourerPumpedSt657_1 battery to AF-MAR node...
INFO [2024-08-08 13:55:07] [STORAGE] - Adding MAR_PHS_AfourerPumpedSt657_2 battery to AF-MAR node...
INFO [2024-08-08 13:55:08] [STORAGE] - Adding MAR_PHS_AfourerPumpedSt657_3 battery to AF-MAR node...
INFO [2024-08-08 13:55:08] [STORAGE] - Adding MAR_THE_AitBahaPlantThe658_1 battery to AF-MAR node...
INFO [2024-08-08 13:55:08] [STORAGE] - Adding MAR_THE_NOORIOuarzazate659_1 battery to AF-MAR node...
INFO [2024-08-08 13:55:08] [MAIN] - Done adding storage data! (run time : 1.14min).

INFO [2024-08-08 13:55:08] [MAIN] - Adding lines between areas...

INFO [2024-08-08 13:55:10] [LINES] - Adding EU-DEU to EU-FRA line...
INFO [2024-08-08 13:55:10] [LINES] - Adding EU-ESP to EU-FRA line...
INFO [2024-08-08 13:55:10] [LINES] - Adding EU-ESP to AF-MAR line...
INFO [2024-08-08 13:55:10] [MAIN] - Done adding lines! (run time : 1.37s).

INFO [2024-08-08 13:55:10] [MAIN] - Finished setting up Antares study! (run time : 1.24min).
 

INFO [2024-08-08 13:55:10] [MAIN] - Starting simulation__2024_08_08_13_55_10 simulation...
INFO [2024-08-08 13:56:35] [MAIN] - Antares simulation finished! (run time : 1.42min).
 

