INFO [2024-09-03 11:27:25] [MAIN] - Creating Deane_CO2fix__2024_09_03_11_27_25 study...

INFO [2024-09-03 11:27:25] [MAIN] - Unit commitment mode : ACCURATE
INFO [2024-09-03 11:27:25] [MAIN] - Adding nodes...

INFO [2024-09-03 11:27:27] [NODES] - Adding EU-CHE node...
INFO [2024-09-03 11:27:28] [NODES] - Adding EU-DEU node...
INFO [2024-09-03 11:27:28] [NODES] - Adding EU-FRA node...
INFO [2024-09-03 11:27:28] [MAIN] - Done adding nodes! (run time : 2.8s).

INFO [2024-09-03 11:27:28] [MAIN] - Adding districts...

INFO [2024-09-03 11:27:29] [DISTRICTS] - Creating global district...
INFO [2024-09-03 11:27:29] [DISTRICTS] - Done creating global district!
INFO [2024-09-03 11:27:29] [DISTRICTS] - Creating europe continental district...
INFO [2024-09-03 11:27:29] [DISTRICTS] - Done creating europe continental district!
INFO [2024-09-03 11:27:29] [MAIN] - Done adding districts! (run time : 1.16s).

INFO [2024-09-03 11:27:29] [MAIN] - Adding load data...

INFO [2024-09-03 11:27:31] [LOAD] - Adding EU-CHE load data...
INFO [2024-09-03 11:27:31] [LOAD] - Adding EU-DEU load data...
INFO [2024-09-03 11:27:31] [LOAD] - Adding EU-FRA load data...
INFO [2024-09-03 11:27:31] [MAIN] - Done adding load data! (run time : 1.62s).

INFO [2024-09-03 11:27:31] [MAIN] - Fetching wind data...

INFO [2024-09-03 11:27:31] [WIND] - Adding EU-CHE aggregated wind data...
INFO [2024-09-03 11:27:31] [WIND] - Adding EU-DEU aggregated wind data...
INFO [2024-09-03 11:27:31] [WIND] - Adding EU-FRA aggregated wind data...
INFO [2024-09-03 11:27:31] [MAIN] - Done adding wind data! (run time : 0.31s).

INFO [2024-09-03 11:27:31] [MAIN] - Fetching solar data...

INFO [2024-09-03 11:27:31] [SOLAR] - Adding EU-CHE aggregated solar data...
INFO [2024-09-03 11:27:32] [SOLAR] - Adding EU-DEU aggregated solar data...
INFO [2024-09-03 11:27:32] [SOLAR] - Adding EU-FRA aggregated solar data...
INFO [2024-09-03 11:27:32] [MAIN] - Done adding solar data! (run time : 0.33s).

INFO [2024-09-03 11:27:32] [MAIN] - Beginning hydro implementation...
INFO [2024-09-03 11:27:33] [HYDRO] - Initializing EU-CHE hydro parameters...
INFO [2024-09-03 11:27:33] [HYDRO] - Adding EU-CHE max power timeseries...
INFO [2024-09-03 11:27:34] [HYDRO] - Adding EU-CHE hydro profiles...
INFO [2024-09-03 11:27:35] [HYDRO] - Initializing EU-DEU hydro parameters...
INFO [2024-09-03 11:27:36] [HYDRO] - Adding EU-DEU max power timeseries...
INFO [2024-09-03 11:27:36] [HYDRO] - Adding EU-DEU hydro profiles...
INFO [2024-09-03 11:27:37] [HYDRO] - Initializing EU-FRA hydro parameters...
INFO [2024-09-03 11:27:38] [HYDRO] - Adding EU-FRA max power timeseries...
INFO [2024-09-03 11:27:38] [HYDRO] - Adding EU-FRA hydro profiles...
INFO [2024-09-03 11:27:38] [MAIN] - Done adding hydro!
INFO [2024-09-03 11:27:38] [MAIN] - Fetching thermal data...
INFO [2024-09-03 11:27:41] [MAIN] - Aggregating identical generators...
INFO [2024-09-03 11:27:41] [MAIN] - Running 15-clustering algorithm on generators...
INFO [2024-09-03 11:27:47] [MAIN] - Done running 15-clustering algorithm on generators!

INFO [2024-09-03 11:27:47] [THERMAL] - Adding CHE_GAS_CAPACITYSCALER generator to EU-CHE node...
INFO [2024-09-03 11:27:47] [THERMAL] - Adding CHE_COA_CAPACITYSCALER generator to EU-CHE node...
INFO [2024-09-03 11:27:47] [THERMAL] - Adding CHE_BIO_CAPACITYSCALER generator to EU-CHE node...
INFO [2024-09-03 11:27:47] [THERMAL] - Adding CHE_NUC_KERNKRAFTWERKB17760 generator to EU-CHE node...
INFO [2024-09-03 11:27:48] [THERMAL] - Adding CHE_NUC_KERNKRAFTWERKM17763 generator to EU-CHE node...
INFO [2024-09-03 11:27:48] [THERMAL] - Adding CHE_NUC_KERNKRAFTWERKL17762 generator to EU-CHE node...
INFO [2024-09-03 11:27:48] [THERMAL] - Adding CHE_NUC_KERNKRAFTWERKG17761 generator to EU-CHE node...
INFO [2024-09-03 11:27:48] [THERMAL] - Adding CHE_OIL_CAPACITYSCALER generator to EU-CHE node...
INFO [2024-09-03 11:27:48] [THERMAL] - Adding DEU_GAS_HKWCHEMNITZN11199_HKWELTMANN11201_HKWWRTH11238_GUDAN generator to EU-DEU node...
INFO [2024-09-03 11:27:48] [THERMAL] - Adding DEU_GAS_KIRCHMSER11375_HEIZKRAFTWERKL11273_DOWSTADE11047_DAM generator to EU-DEU node...
INFO [2024-09-03 11:27:48] [THERMAL] - Adding DEU_GAS_HKWHILTROP11209_HKWSCHWERINS11231_NATURALGASKRAF1150 generator to EU-DEU node...
INFO [2024-09-03 11:27:48] [THERMAL] - Adding DEU_GAS_RAGANTHRAZITI11596_EVCGLOBALFOU11064_KRAFTWERK211393 generator to EU-DEU node...
