INFO [2024-09-09 16:58:37] [MAIN] - Creating clusters_ren__2024_09_09_16_58_37 study...

INFO [2024-09-09 16:58:37] [MAIN] - Unit commitment mode : ACCURATE
INFO [2024-09-09 16:58:37] [MAIN] - Adding nodes...

INFO [2024-09-09 16:58:38] [NODES] - Adding eu-alb node...
INFO [2024-09-09 16:58:38] [NODES] - Adding eu-arm node...
INFO [2024-09-09 16:58:38] [NODES] - Adding eu-aut node...
INFO [2024-09-09 16:58:38] [NODES] - Adding eu-aze node...
INFO [2024-09-09 16:58:38] [NODES] - Adding eu-bel node...
INFO [2024-09-09 16:58:38] [NODES] - Adding eu-bgr node...
INFO [2024-09-09 16:58:39] [NODES] - Adding eu-bih node...
INFO [2024-09-09 16:58:39] [NODES] - Adding eu-blr node...
INFO [2024-09-09 16:58:39] [NODES] - Adding eu-che node...
INFO [2024-09-09 16:58:39] [NODES] - Adding eu-cyp node...
INFO [2024-09-09 16:58:39] [NODES] - Adding eu-cze node...
INFO [2024-09-09 16:58:39] [NODES] - Adding eu-deu node...
INFO [2024-09-09 16:58:40] [NODES] - Adding eu-dnk node...
INFO [2024-09-09 16:58:40] [NODES] - Adding eu-esp node...
INFO [2024-09-09 16:58:40] [NODES] - Adding eu-est node...
INFO [2024-09-09 16:58:40] [NODES] - Adding eu-fin node...
INFO [2024-09-09 16:58:41] [NODES] - Adding eu-fra node...
INFO [2024-09-09 16:58:41] [NODES] - Adding eu-gbr node...
INFO [2024-09-09 16:58:41] [NODES] - Adding eu-geo node...
INFO [2024-09-09 16:58:41] [NODES] - Adding eu-grc node...
INFO [2024-09-09 16:58:42] [NODES] - Adding eu-hrv node...
INFO [2024-09-09 16:58:42] [NODES] - Adding eu-hun node...
INFO [2024-09-09 16:58:42] [NODES] - Adding eu-irl node...
INFO [2024-09-09 16:58:42] [NODES] - Adding eu-isl node...
INFO [2024-09-09 16:58:43] [NODES] - Adding eu-ita node...
INFO [2024-09-09 16:58:43] [NODES] - Adding eu-kos node...
INFO [2024-09-09 16:58:44] [NODES] - Adding eu-ltu node...
INFO [2024-09-09 16:58:44] [NODES] - Adding eu-lux node...
INFO [2024-09-09 16:58:44] [NODES] - Adding eu-lva node...
INFO [2024-09-09 16:58:44] [NODES] - Adding eu-mda node...
INFO [2024-09-09 16:58:45] [NODES] - Adding eu-mkd node...
INFO [2024-09-09 16:58:45] [NODES] - Adding eu-mne node...
INFO [2024-09-09 16:58:46] [NODES] - Adding eu-nld node...
INFO [2024-09-09 16:58:46] [NODES] - Adding eu-nor node...
INFO [2024-09-09 16:58:46] [NODES] - Adding eu-pol node...
INFO [2024-09-09 16:58:47] [NODES] - Adding eu-prt node...
INFO [2024-09-09 16:58:47] [NODES] - Adding eu-rou node...
INFO [2024-09-09 16:58:47] [NODES] - Adding eu-srb node...
INFO [2024-09-09 16:58:48] [NODES] - Adding eu-svk node...
INFO [2024-09-09 16:58:48] [NODES] - Adding eu-svn node...
INFO [2024-09-09 16:58:48] [NODES] - Adding eu-swe node...
INFO [2024-09-09 16:58:49] [NODES] - Adding eu-ukr node...
INFO [2024-09-09 16:58:49] [MAIN] - Done adding nodes! (run time : 12.06s).

INFO [2024-09-09 16:58:49] [MAIN] - Adding load data...

INFO [2024-09-09 16:58:51] [LOAD] - Adding eu-alb load data...
INFO [2024-09-09 16:58:51] [WARN] - Could not add load data to eu-alb node, skipping...
INFO [2024-09-09 16:58:51] [LOAD] - Adding eu-arm load data...
INFO [2024-09-09 16:58:51] [WARN] - Could not add load data to eu-arm node, skipping...
INFO [2024-09-09 16:58:51] [LOAD] - Adding eu-aut load data...
INFO [2024-09-09 16:58:51] [WARN] - Could not add load data to eu-aut node, skipping...
INFO [2024-09-09 16:58:51] [LOAD] - Adding eu-aze load data...
INFO [2024-09-09 16:58:51] [WARN] - Could not add load data to eu-aze node, skipping...
INFO [2024-09-09 16:58:51] [LOAD] - Adding eu-bel load data...
INFO [2024-09-09 16:58:51] [WARN] - Could not add load data to eu-bel node, skipping...
INFO [2024-09-09 16:58:51] [LOAD] - Adding eu-bgr load data...
INFO [2024-09-09 16:58:51] [WARN] - Could not add load data to eu-bgr node, skipping...
INFO [2024-09-09 16:58:51] [LOAD] - Adding eu-bih load data...
INFO [2024-09-09 16:58:51] [WARN] - Could not add load data to eu-bih node, skipping...
INFO [2024-09-09 16:58:51] [LOAD] - Adding eu-blr load data...
INFO [2024-09-09 16:58:51] [WARN] - Could not add load data to eu-blr node, skipping...
INFO [2024-09-09 16:58:51] [LOAD] - Adding eu-che load data...
INFO [2024-09-09 16:58:51] [WARN] - Could not add load data to eu-che node, skipping...
INFO [2024-09-09 16:58:51] [LOAD] - Adding eu-cyp load data...
INFO [2024-09-09 16:58:51] [WARN] - Could not add load data to eu-cyp node, skipping...
INFO [2024-09-09 16:58:51] [LOAD] - Adding eu-cze load data...
INFO [2024-09-09 16:58:51] [WARN] - Could not add load data to eu-cze node, skipping...
INFO [2024-09-09 16:58:51] [LOAD] - Adding eu-deu load data...
INFO [2024-09-09 16:58:51] [WARN] - Could not add load data to eu-deu node, skipping...
INFO [2024-09-09 16:58:51] [LOAD] - Adding eu-dnk load data...
INFO [2024-09-09 16:58:51] [WARN] - Could not add load data to eu-dnk node, skipping...
INFO [2024-09-09 16:58:51] [LOAD] - Adding eu-esp load data...
INFO [2024-09-09 16:58:51] [WARN] - Could not add load data to eu-esp node, skipping...
INFO [2024-09-09 16:58:51] [LOAD] - Adding eu-est load data...
INFO [2024-09-09 16:58:51] [WARN] - Could not add load data to eu-est node, skipping...
INFO [2024-09-09 16:58:51] [LOAD] - Adding eu-fin load data...
INFO [2024-09-09 16:58:51] [WARN] - Could not add load data to eu-fin node, skipping...
INFO [2024-09-09 16:58:51] [LOAD] - Adding eu-fra load data...
INFO [2024-09-09 16:58:51] [WARN] - Could not add load data to eu-fra node, skipping...
INFO [2024-09-09 16:58:51] [LOAD] - Adding eu-gbr load data...
INFO [2024-09-09 16:58:51] [WARN] - Could not add load data to eu-gbr node, skipping...
INFO [2024-09-09 16:58:51] [LOAD] - Adding eu-geo load data...
INFO [2024-09-09 16:58:51] [WARN] - Could not add load data to eu-geo node, skipping...
INFO [2024-09-09 16:58:51] [LOAD] - Adding eu-grc load data...
INFO [2024-09-09 16:58:51] [WARN] - Could not add load data to eu-grc node, skipping...
INFO [2024-09-09 16:58:51] [LOAD] - Adding eu-hrv load data...
INFO [2024-09-09 16:58:51] [WARN] - Could not add load data to eu-hrv node, skipping...
INFO [2024-09-09 16:58:51] [LOAD] - Adding eu-hun load data...
INFO [2024-09-09 16:58:51] [WARN] - Could not add load data to eu-hun node, skipping...
INFO [2024-09-09 16:58:51] [LOAD] - Adding eu-irl load data...
INFO [2024-09-09 16:58:51] [WARN] - Could not add load data to eu-irl node, skipping...
INFO [2024-09-09 16:58:51] [LOAD] - Adding eu-isl load data...
INFO [2024-09-09 16:58:51] [WARN] - Could not add load data to eu-isl node, skipping...
INFO [2024-09-09 16:58:51] [LOAD] - Adding eu-ita load data...
INFO [2024-09-09 16:58:51] [WARN] - Could not add load data to eu-ita node, skipping...
INFO [2024-09-09 16:58:51] [LOAD] - Adding eu-kos load data...
INFO [2024-09-09 16:58:51] [WARN] - Could not add load data to eu-kos node, skipping...
INFO [2024-09-09 16:58:51] [LOAD] - Adding eu-ltu load data...
INFO [2024-09-09 16:58:51] [WARN] - Could not add load data to eu-ltu node, skipping...
INFO [2024-09-09 16:58:51] [LOAD] - Adding eu-lux load data...
INFO [2024-09-09 16:58:51] [WARN] - Could not add load data to eu-lux node, skipping...
INFO [2024-09-09 16:58:51] [LOAD] - Adding eu-lva load data...
INFO [2024-09-09 16:58:51] [WARN] - Could not add load data to eu-lva node, skipping...
INFO [2024-09-09 16:58:51] [LOAD] - Adding eu-mda load data...
INFO [2024-09-09 16:58:51] [WARN] - Could not add load data to eu-mda node, skipping...
INFO [2024-09-09 16:58:51] [LOAD] - Adding eu-mkd load data...
INFO [2024-09-09 16:58:51] [WARN] - Could not add load data to eu-mkd node, skipping...
INFO [2024-09-09 16:58:51] [LOAD] - Adding eu-mne load data...
INFO [2024-09-09 16:58:51] [WARN] - Could not add load data to eu-mne node, skipping...
INFO [2024-09-09 16:58:51] [LOAD] - Adding eu-nld load data...
INFO [2024-09-09 16:58:51] [WARN] - Could not add load data to eu-nld node, skipping...
INFO [2024-09-09 16:58:51] [LOAD] - Adding eu-nor load data...
INFO [2024-09-09 16:58:51] [WARN] - Could not add load data to eu-nor node, skipping...
INFO [2024-09-09 16:58:51] [LOAD] - Adding eu-pol load data...
INFO [2024-09-09 16:58:51] [WARN] - Could not add load data to eu-pol node, skipping...
INFO [2024-09-09 16:58:51] [LOAD] - Adding eu-prt load data...
INFO [2024-09-09 16:58:51] [WARN] - Could not add load data to eu-prt node, skipping...
INFO [2024-09-09 16:58:51] [LOAD] - Adding eu-rou load data...
INFO [2024-09-09 16:58:51] [WARN] - Could not add load data to eu-rou node, skipping...
INFO [2024-09-09 16:58:51] [LOAD] - Adding eu-srb load data...
INFO [2024-09-09 16:58:51] [WARN] - Could not add load data to eu-srb node, skipping...
INFO [2024-09-09 16:58:51] [LOAD] - Adding eu-svk load data...
INFO [2024-09-09 16:58:51] [WARN] - Could not add load data to eu-svk node, skipping...
INFO [2024-09-09 16:58:51] [LOAD] - Adding eu-svn load data...
INFO [2024-09-09 16:58:51] [WARN] - Could not add load data to eu-svn node, skipping...
INFO [2024-09-09 16:58:51] [LOAD] - Adding eu-swe load data...
INFO [2024-09-09 16:58:51] [WARN] - Could not add load data to eu-swe node, skipping...
INFO [2024-09-09 16:58:51] [LOAD] - Adding eu-ukr load data...
INFO [2024-09-09 16:58:51] [WARN] - Could not add load data to eu-ukr node, skipping...
INFO [2024-09-09 16:58:51] [MAIN] - Done adding load data! (run time : 2.21s).

INFO [2024-09-09 16:58:51] [MAIN] - Fetching solar data...

INFO [2024-09-09 16:58:53] [WARN] - Properties for aus_sol_liddellsolart507 generator has not been found in PLEXOS data.
INFO [2024-09-09 16:59:01] [WARN] - Properties for chn_sol_datangdelingha5184 generator has not been found in PLEXOS data.
INFO [2024-09-09 16:59:01] [WARN] - Properties for chn_sol_gansudunhuang5424 generator has not been found in PLEXOS data.
INFO [2024-09-09 16:59:03] [WARN] - Properties for chn_sol_innermongolia6200 generator has not been found in PLEXOS data.
INFO [2024-09-09 16:59:04] [WARN] - Properties for chn_sol_qinghaigonghe6862 generator has not been found in PLEXOS data.
INFO [2024-09-09 16:59:06] [SOLAR] - Adding cze_sol_albrechtikys7997 generator to eu-cze area...
INFO [2024-09-09 16:59:06] [SOLAR] - Successfully added cze_sol_albrechtikys7997 generator to eu-cze area!
INFO [2024-09-09 16:59:06] [SOLAR] - Adding cze_sol_arnolticesolar7998 generator to eu-cze area...
INFO [2024-09-09 16:59:06] [SOLAR] - Successfully added cze_sol_arnolticesolar7998 generator to eu-cze area!
INFO [2024-09-09 16:59:07] [SOLAR] - Adding cze_sol_baicesolarp7999 generator to eu-cze area...
INFO [2024-09-09 16:59:07] [SOLAR] - Successfully added cze_sol_baicesolarp7999 generator to eu-cze area!
INFO [2024-09-09 16:59:07] [SOLAR] - Adding cze_sol_bentkynadji8000 generator to eu-cze area...
INFO [2024-09-09 16:59:07] [SOLAR] - Successfully added cze_sol_bentkynadji8000 generator to eu-cze area!
INFO [2024-09-09 16:59:07] [SOLAR] - Adding cze_sol_bernarticesola8001 generator to eu-cze area...
INFO [2024-09-09 16:59:07] [SOLAR] - Successfully added cze_sol_bernarticesola8001 generator to eu-cze area!
INFO [2024-09-09 16:59:07] [SOLAR] - Adding cze_sol_beerovicesol8002 generator to eu-cze area...
INFO [2024-09-09 16:59:08] [SOLAR] - Successfully added cze_sol_beerovicesol8002 generator to eu-cze area!
INFO [2024-09-09 16:59:08] [SOLAR] - Adding cze_sol_blatnsolarp8003 generator to eu-cze area...
INFO [2024-09-09 16:59:08] [SOLAR] - Successfully added cze_sol_blatnsolarp8003 generator to eu-cze area!
INFO [2024-09-09 16:59:08] [SOLAR] - Adding cze_sol_blkovice8004 generator to eu-cze area...
INFO [2024-09-09 16:59:08] [SOLAR] - Successfully added cze_sol_blkovice8004 generator to eu-cze area!
INFO [2024-09-09 16:59:08] [SOLAR] - Adding cze_sol_blkovice8005 generator to eu-cze area...
INFO [2024-09-09 16:59:09] [SOLAR] - Successfully added cze_sol_blkovice8005 generator to eu-cze area!
INFO [2024-09-09 16:59:09] [SOLAR] - Adding cze_sol_blanyuloun8006 generator to eu-cze area...
INFO [2024-09-09 16:59:09] [SOLAR] - Successfully added cze_sol_blanyuloun8006 generator to eu-cze area!
INFO [2024-09-09 16:59:09] [SOLAR] - Adding cze_sol_bohuovicesol8007 generator to eu-cze area...
INFO [2024-09-09 16:59:09] [SOLAR] - Successfully added cze_sol_bohuovicesol8007 generator to eu-cze area!
INFO [2024-09-09 16:59:09] [SOLAR] - Adding cze_sol_bojanovicesola8008 generator to eu-cze area...
INFO [2024-09-09 16:59:10] [SOLAR] - Successfully added cze_sol_bojanovicesola8008 generator to eu-cze area!
INFO [2024-09-09 16:59:10] [SOLAR] - Adding cze_sol_bojkovice2sol8009 generator to eu-cze area...
INFO [2024-09-09 16:59:10] [SOLAR] - Successfully added cze_sol_bojkovice2sol8009 generator to eu-cze area!
INFO [2024-09-09 16:59:10] [SOLAR] - Adding cze_sol_boleticesolar8010 generator to eu-cze area...
INFO [2024-09-09 16:59:10] [SOLAR] - Successfully added cze_sol_boleticesolar8010 generator to eu-cze area!
INFO [2024-09-09 16:59:10] [SOLAR] - Adding cze_sol_boleinysolar8011 generator to eu-cze area...
INFO [2024-09-09 16:59:11] [SOLAR] - Successfully added cze_sol_boleinysolar8011 generator to eu-cze area!
INFO [2024-09-09 16:59:11] [SOLAR] - Adding cze_sol_boreksolarpow8012 generator to eu-cze area...
INFO [2024-09-09 16:59:11] [SOLAR] - Successfully added cze_sol_boreksolarpow8012 generator to eu-cze area!
INFO [2024-09-09 16:59:11] [SOLAR] - Adding cze_sol_boskovicesolar8013 generator to eu-cze area...
INFO [2024-09-09 16:59:11] [SOLAR] - Successfully added cze_sol_boskovicesolar8013 generator to eu-cze area!
INFO [2024-09-09 16:59:11] [SOLAR] - Adding cze_sol_boudysolarpow8014 generator to eu-cze area...
INFO [2024-09-09 16:59:12] [SOLAR] - Successfully added cze_sol_boudysolarpow8014 generator to eu-cze area!
INFO [2024-09-09 16:59:12] [SOLAR] - Adding cze_sol_boovicesolar8015 generator to eu-cze area...
INFO [2024-09-09 16:59:12] [SOLAR] - Successfully added cze_sol_boovicesolar8015 generator to eu-cze area!
INFO [2024-09-09 16:59:12] [SOLAR] - Adding cze_sol_boicesolarp8016 generator to eu-cze area...
INFO [2024-09-09 16:59:12] [SOLAR] - Successfully added cze_sol_boicesolarp8016 generator to eu-cze area!
INFO [2024-09-09 16:59:12] [SOLAR] - Adding cze_sol_braecsolarp8017 generator to eu-cze area...
INFO [2024-09-09 16:59:13] [SOLAR] - Successfully added cze_sol_braecsolarp8017 generator to eu-cze area!
INFO [2024-09-09 16:59:13] [SOLAR] - Adding cze_sol_brnotuanyso8019 generator to eu-cze area...
INFO [2024-09-09 16:59:13] [SOLAR] - Successfully added cze_sol_brnotuanyso8019 generator to eu-cze area!
INFO [2024-09-09 16:59:13] [SOLAR] - Adding cze_sol_brnnecsolar8020 generator to eu-cze area...
INFO [2024-09-09 16:59:13] [SOLAR] - Successfully added cze_sol_brnnecsolar8020 generator to eu-cze area!
INFO [2024-09-09 16:59:13] [SOLAR] - Adding cze_sol_brod2solarpo8021 generator to eu-cze area...
INFO [2024-09-09 16:59:14] [SOLAR] - Successfully added cze_sol_brod2solarpo8021 generator to eu-cze area!
INFO [2024-09-09 16:59:14] [SOLAR] - Adding cze_sol_brozanynadoh8022 generator to eu-cze area...
INFO [2024-09-09 16:59:14] [SOLAR] - Successfully added cze_sol_brozanynadoh8022 generator to eu-cze area!
INFO [2024-09-09 16:59:14] [SOLAR] - Adding cze_sol_bruzovicesolar8023 generator to eu-cze area...
INFO [2024-09-09 16:59:14] [SOLAR] - Successfully added cze_sol_bruzovicesolar8023 generator to eu-cze area!
INFO [2024-09-09 16:59:14] [SOLAR] - Adding cze_sol_buchlovicesola8024 generator to eu-cze area...
INFO [2024-09-09 16:59:14] [SOLAR] - Successfully added cze_sol_buchlovicesola8024 generator to eu-cze area!
INFO [2024-09-09 16:59:15] [SOLAR] - Adding cze_sol_buanovicesol8025 generator to eu-cze area...
INFO [2024-09-09 16:59:15] [SOLAR] - Successfully added cze_sol_buanovicesol8025 generator to eu-cze area!
INFO [2024-09-09 16:59:15] [SOLAR] - Adding cze_sol_buthradsol8026 generator to eu-cze area...
INFO [2024-09-09 16:59:15] [SOLAR] - Successfully added cze_sol_buthradsol8026 generator to eu-cze area!
INFO [2024-09-09 16:59:15] [SOLAR] - Adding cze_sol_bystroicesol8027 generator to eu-cze area...
INFO [2024-09-09 16:59:15] [SOLAR] - Successfully added cze_sol_bystroicesol8027 generator to eu-cze area!
INFO [2024-09-09 16:59:16] [SOLAR] - Adding cze_sol_bysticenadp8028 generator to eu-cze area...
INFO [2024-09-09 16:59:16] [SOLAR] - Successfully added cze_sol_bysticenadp8028 generator to eu-cze area!
INFO [2024-09-09 16:59:16] [SOLAR] - Adding cze_sol_bysticepodh8029 generator to eu-cze area...
INFO [2024-09-09 16:59:16] [SOLAR] - Successfully added cze_sol_bysticepodh8029 generator to eu-cze area!
INFO [2024-09-09 16:59:16] [SOLAR] - Adding cze_sol_blanysolarp8030 generator to eu-cze area...
INFO [2024-09-09 16:59:16] [SOLAR] - Successfully added cze_sol_blanysolarp8030 generator to eu-cze area!
INFO [2024-09-09 16:59:17] [SOLAR] - Adding cze_sol_blinasolarp8031 generator to eu-cze area...
INFO [2024-09-09 16:59:17] [SOLAR] - Successfully added cze_sol_blinasolarp8031 generator to eu-cze area!
INFO [2024-09-09 16:59:17] [SOLAR] - Adding cze_sol_bhaovsolar8032 generator to eu-cze area...
INFO [2024-09-09 16:59:17] [SOLAR] - Successfully added cze_sol_bhaovsolar8032 generator to eu-cze area!
INFO [2024-09-09 16:59:17] [SOLAR] - Adding cze_sol_blnadradb8033 generator to eu-cze area...
INFO [2024-09-09 16:59:17] [SOLAR] - Successfully added cze_sol_blnadradb8033 generator to eu-cze area!
INFO [2024-09-09 16:59:17] [SOLAR] - Adding cze_sol_basysolarpo8034 generator to eu-cze area...
INFO [2024-09-09 16:59:18] [SOLAR] - Successfully added cze_sol_basysolarpo8034 generator to eu-cze area!
INFO [2024-09-09 16:59:18] [SOLAR] - Adding cze_sol_bestsolarpo8035 generator to eu-cze area...
INFO [2024-09-09 16:59:18] [SOLAR] - Successfully added cze_sol_bestsolarpo8035 generator to eu-cze area!
INFO [2024-09-09 16:59:18] [SOLAR] - Adding cze_sol_bezovsolar8036 generator to eu-cze area...
INFO [2024-09-09 16:59:19] [SOLAR] - Successfully added cze_sol_bezovsolar8036 generator to eu-cze area!
INFO [2024-09-09 16:59:19] [SOLAR] - Adding cze_sol_banysolarpo8037 generator to eu-cze area...
INFO [2024-09-09 16:59:19] [SOLAR] - Successfully added cze_sol_banysolarpo8037 generator to eu-cze area!
INFO [2024-09-09 16:59:19] [SOLAR] - Adding cze_sol_cerhovicesolar8038 generator to eu-cze area...
