ERROR [2024-09-10 10:19:21] [WARN] - Skipped adding wind data for eu-alb (no generators found in PLEXOS).
ERROR [2024-09-10 10:19:21] [WARN] - Skipped adding wind data for eu-arm (no generators found in PLEXOS).
ERROR [2024-09-10 10:19:21] [WARN] - Skipped adding wind data for eu-aze (no generators found in PLEXOS).
ERROR [2024-09-10 10:19:21] [WARN] - Skipped adding wind data for eu-bih (no generators found in PLEXOS).
ERROR [2024-09-10 10:19:21] [WARN] - Skipped adding wind data for eu-blr (no generators found in PLEXOS).
ERROR [2024-09-10 10:19:24] [WARN] - Skipped adding wind data for eu-geo (no generators found in PLEXOS).
ERROR [2024-09-10 10:19:25] [WARN] - Skipped adding wind data for eu-isl (no generators found in PLEXOS).
ERROR [2024-09-10 10:19:25] [WARN] - Skipped adding wind data for eu-kos (no generators found in PLEXOS).
ERROR [2024-09-10 10:19:26] [WARN] - Skipped adding wind data for eu-mda (no generators found in PLEXOS).
ERROR [2024-09-10 10:19:26] [WARN] - Skipped adding wind data for eu-mkd (no generators found in PLEXOS).
ERROR [2024-09-10 10:19:26] [WARN] - Skipped adding wind data for eu-mne (no generators found in PLEXOS).
ERROR [2024-09-10 10:19:27] [WARN] - Skipped adding wind data for eu-srb (no generators found in PLEXOS).
ERROR [2024-09-10 10:19:27] [WARN] - Skipped adding wind data for eu-svk (no generators found in PLEXOS).
ERROR [2024-09-10 10:19:27] [WARN] - Skipped adding wind data for eu-svn (no generators found in PLEXOS).
ERROR [2024-09-10 10:19:27] [WARN] - Skipped adding solar data for eu-alb (no generators found in PLEXOS).
ERROR [2024-09-10 10:19:27] [WARN] - Skipped adding solar data for eu-arm (no generators found in PLEXOS).
ERROR [2024-09-10 10:19:28] [WARN] - Skipped adding solar data for eu-bih (no generators found in PLEXOS).
ERROR [2024-09-10 10:19:28] [WARN] - Skipped adding solar data for eu-blr (no generators found in PLEXOS).
ERROR [2024-09-10 10:19:30] [WARN] - Skipped adding solar data for eu-est (no generators found in PLEXOS).
ERROR [2024-09-10 10:19:31] [WARN] - Skipped adding solar data for eu-geo (no generators found in PLEXOS).
ERROR [2024-09-10 10:19:32] [WARN] - Skipped adding solar data for eu-irl (no generators found in PLEXOS).
ERROR [2024-09-10 10:19:32] [WARN] - Skipped adding solar data for eu-isl (no generators found in PLEXOS).
ERROR [2024-09-10 10:19:32] [WARN] - Skipped adding solar data for eu-kos (no generators found in PLEXOS).
ERROR [2024-09-10 10:19:32] [WARN] - Skipped adding solar data for eu-lva (no generators found in PLEXOS).
ERROR [2024-09-10 10:19:32] [WARN] - Skipped adding solar data for eu-mda (no generators found in PLEXOS).
ERROR [2024-09-10 10:19:32] [WARN] - Skipped adding solar data for eu-mne (no generators found in PLEXOS).
