INFO [2024-09-10 10:18:52] [MAIN] - Creating EU_aggRES__2024_09_10_10_18_52 study...

INFO [2024-09-10 10:18:52] [MAIN] - Unit commitment mode : ACCURATE
INFO [2024-09-10 10:18:53] [MAIN] - Adding nodes...

INFO [2024-09-10 10:18:54] [NODES] - Adding eu-alb node...
INFO [2024-09-10 10:18:54] [NODES] - Adding eu-arm node...
INFO [2024-09-10 10:18:55] [NODES] - Adding eu-aut node...
INFO [2024-09-10 10:18:55] [NODES] - Adding eu-aze node...
INFO [2024-09-10 10:18:55] [NODES] - Adding eu-bel node...
INFO [2024-09-10 10:18:55] [NODES] - Adding eu-bgr node...
INFO [2024-09-10 10:18:55] [NODES] - Adding eu-bih node...
INFO [2024-09-10 10:18:56] [NODES] - Adding eu-blr node...
INFO [2024-09-10 10:18:56] [NODES] - Adding eu-che node...
INFO [2024-09-10 10:18:56] [NODES] - Adding eu-cyp node...
INFO [2024-09-10 10:18:56] [NODES] - Adding eu-cze node...
INFO [2024-09-10 10:18:57] [NODES] - Adding eu-deu node...
INFO [2024-09-10 10:18:57] [NODES] - Adding eu-dnk node...
INFO [2024-09-10 10:18:57] [NODES] - Adding eu-esp node...
INFO [2024-09-10 10:18:57] [NODES] - Adding eu-est node...
INFO [2024-09-10 10:18:58] [NODES] - Adding eu-fin node...
INFO [2024-09-10 10:18:58] [NODES] - Adding eu-fra node...
INFO [2024-09-10 10:18:58] [NODES] - Adding eu-gbr node...
INFO [2024-09-10 10:18:58] [NODES] - Adding eu-geo node...
INFO [2024-09-10 10:18:59] [NODES] - Adding eu-grc node...
INFO [2024-09-10 10:18:59] [NODES] - Adding eu-hrv node...
INFO [2024-09-10 10:19:00] [NODES] - Adding eu-hun node...
INFO [2024-09-10 10:19:00] [NODES] - Adding eu-irl node...
INFO [2024-09-10 10:19:01] [NODES] - Adding eu-isl node...
INFO [2024-09-10 10:19:01] [NODES] - Adding eu-ita node...
INFO [2024-09-10 10:19:01] [NODES] - Adding eu-kos node...
INFO [2024-09-10 10:19:02] [NODES] - Adding eu-ltu node...
INFO [2024-09-10 10:19:02] [NODES] - Adding eu-lux node...
INFO [2024-09-10 10:19:02] [NODES] - Adding eu-lva node...
INFO [2024-09-10 10:19:03] [NODES] - Adding eu-mda node...
INFO [2024-09-10 10:19:03] [NODES] - Adding eu-mkd node...
INFO [2024-09-10 10:19:04] [NODES] - Adding eu-mne node...
INFO [2024-09-10 10:19:04] [NODES] - Adding eu-nld node...
INFO [2024-09-10 10:19:04] [NODES] - Adding eu-nor node...
INFO [2024-09-10 10:19:05] [NODES] - Adding eu-pol node...
INFO [2024-09-10 10:19:05] [NODES] - Adding eu-prt node...
INFO [2024-09-10 10:19:05] [NODES] - Adding eu-rou node...
INFO [2024-09-10 10:19:06] [NODES] - Adding eu-srb node...
INFO [2024-09-10 10:19:06] [NODES] - Adding eu-svk node...
INFO [2024-09-10 10:19:07] [NODES] - Adding eu-svn node...
INFO [2024-09-10 10:19:07] [NODES] - Adding eu-swe node...
INFO [2024-09-10 10:19:07] [NODES] - Adding eu-ukr node...
INFO [2024-09-10 10:19:08] [MAIN] - Done adding nodes! (run time : 15.48s).

INFO [2024-09-10 10:19:08] [MAIN] - Adding districts...

INFO [2024-09-10 10:19:09] [DISTRICTS] - Creating global district...
INFO [2024-09-10 10:19:09] [DISTRICTS] - Done creating global district!
INFO [2024-09-10 10:19:09] [DISTRICTS] - Creating europe continental district...
INFO [2024-09-10 10:19:09] [DISTRICTS] - Done creating europe continental district!
INFO [2024-09-10 10:19:09] [MAIN] - Done adding districts! (run time : 1.28s).

INFO [2024-09-10 10:19:09] [MAIN] - Adding load data...

INFO [2024-09-10 10:19:11] [LOAD] - Adding eu-alb load data...
INFO [2024-09-10 10:19:11] [LOAD] - Adding eu-arm load data...
INFO [2024-09-10 10:19:11] [LOAD] - Adding eu-aut load data...
INFO [2024-09-10 10:19:11] [LOAD] - Adding eu-aze load data...
INFO [2024-09-10 10:19:12] [LOAD] - Adding eu-bel load data...
INFO [2024-09-10 10:19:12] [LOAD] - Adding eu-bgr load data...
INFO [2024-09-10 10:19:12] [LOAD] - Adding eu-bih load data...
INFO [2024-09-10 10:19:12] [LOAD] - Adding eu-blr load data...
INFO [2024-09-10 10:19:13] [LOAD] - Adding eu-che load data...
INFO [2024-09-10 10:19:13] [LOAD] - Adding eu-cyp load data...
INFO [2024-09-10 10:19:13] [LOAD] - Adding eu-cze load data...
INFO [2024-09-10 10:19:13] [LOAD] - Adding eu-deu load data...
INFO [2024-09-10 10:19:13] [LOAD] - Adding eu-dnk load data...
INFO [2024-09-10 10:19:14] [LOAD] - Adding eu-esp load data...
INFO [2024-09-10 10:19:14] [LOAD] - Adding eu-est load data...
INFO [2024-09-10 10:19:14] [LOAD] - Adding eu-fin load data...
INFO [2024-09-10 10:19:14] [LOAD] - Adding eu-fra load data...
INFO [2024-09-10 10:19:15] [LOAD] - Adding eu-gbr load data...
INFO [2024-09-10 10:19:15] [LOAD] - Adding eu-geo load data...
INFO [2024-09-10 10:19:15] [LOAD] - Adding eu-grc load data...
INFO [2024-09-10 10:19:15] [LOAD] - Adding eu-hrv load data...
INFO [2024-09-10 10:19:15] [LOAD] - Adding eu-hun load data...
INFO [2024-09-10 10:19:16] [LOAD] - Adding eu-irl load data...
INFO [2024-09-10 10:19:16] [LOAD] - Adding eu-isl load data...
INFO [2024-09-10 10:19:16] [LOAD] - Adding eu-ita load data...
INFO [2024-09-10 10:19:16] [LOAD] - Adding eu-kos load data...
INFO [2024-09-10 10:19:17] [LOAD] - Adding eu-ltu load data...
INFO [2024-09-10 10:19:17] [LOAD] - Adding eu-lux load data...
INFO [2024-09-10 10:19:17] [LOAD] - Adding eu-lva load data...
INFO [2024-09-10 10:19:17] [LOAD] - Adding eu-mda load data...
INFO [2024-09-10 10:19:18] [LOAD] - Adding eu-mkd load data...
INFO [2024-09-10 10:19:18] [LOAD] - Adding eu-mne load data...
INFO [2024-09-10 10:19:18] [LOAD] - Adding eu-nld load data...
INFO [2024-09-10 10:19:18] [LOAD] - Adding eu-nor load data...
INFO [2024-09-10 10:19:19] [LOAD] - Adding eu-pol load data...
INFO [2024-09-10 10:19:19] [LOAD] - Adding eu-prt load data...
INFO [2024-09-10 10:19:19] [LOAD] - Adding eu-rou load data...
INFO [2024-09-10 10:19:19] [LOAD] - Adding eu-srb load data...
INFO [2024-09-10 10:19:20] [LOAD] - Adding eu-svk load data...
INFO [2024-09-10 10:19:20] [LOAD] - Adding eu-svn load data...
INFO [2024-09-10 10:19:20] [LOAD] - Adding eu-swe load data...
INFO [2024-09-10 10:19:20] [LOAD] - Adding eu-ukr load data...
INFO [2024-09-10 10:19:21] [MAIN] - Done adding load data! (run time : 11.17s).

INFO [2024-09-10 10:19:21] [MAIN] - Fetching wind data...

INFO [2024-09-10 10:19:21] [WARN] - Skipped adding wind data for eu-alb (no generators found in PLEXOS).
INFO [2024-09-10 10:19:21] [WARN] - Skipped adding wind data for eu-arm (no generators found in PLEXOS).
INFO [2024-09-10 10:19:21] [WIND] - Adding eu-aut aggregated wind data...
INFO [2024-09-10 10:19:21] [WARN] - Skipped adding wind data for eu-aze (no generators found in PLEXOS).
INFO [2024-09-10 10:19:21] [WIND] - Adding eu-bel aggregated wind data...
INFO [2024-09-10 10:19:21] [WIND] - Adding eu-bgr aggregated wind data...
INFO [2024-09-10 10:19:21] [WARN] - Skipped adding wind data for eu-bih (no generators found in PLEXOS).
INFO [2024-09-10 10:19:21] [WARN] - Skipped adding wind data for eu-blr (no generators found in PLEXOS).
INFO [2024-09-10 10:19:22] [WIND] - Adding eu-che aggregated wind data...
INFO [2024-09-10 10:19:22] [WIND] - Adding eu-cyp aggregated wind data...
INFO [2024-09-10 10:19:22] [WIND] - Adding eu-cze aggregated wind data...
INFO [2024-09-10 10:19:22] [WIND] - Adding eu-deu aggregated wind data...
INFO [2024-09-10 10:19:23] [WIND] - Adding eu-dnk aggregated wind data...
INFO [2024-09-10 10:19:23] [WIND] - Adding eu-esp aggregated wind data...
INFO [2024-09-10 10:19:23] [WIND] - Adding eu-est aggregated wind data...
INFO [2024-09-10 10:19:23] [WIND] - Adding eu-fin aggregated wind data...
INFO [2024-09-10 10:19:23] [WIND] - Adding eu-fra aggregated wind data...
INFO [2024-09-10 10:19:24] [WIND] - Adding eu-gbr aggregated wind data...
INFO [2024-09-10 10:19:24] [WARN] - Skipped adding wind data for eu-geo (no generators found in PLEXOS).
INFO [2024-09-10 10:19:24] [WIND] - Adding eu-grc aggregated wind data...
INFO [2024-09-10 10:19:24] [WIND] - Adding eu-hrv aggregated wind data...
INFO [2024-09-10 10:19:24] [WIND] - Adding eu-hun aggregated wind data...
INFO [2024-09-10 10:19:25] [WIND] - Adding eu-irl aggregated wind data...
INFO [2024-09-10 10:19:25] [WARN] - Skipped adding wind data for eu-isl (no generators found in PLEXOS).
INFO [2024-09-10 10:19:25] [WIND] - Adding eu-ita aggregated wind data...
INFO [2024-09-10 10:19:25] [WARN] - Skipped adding wind data for eu-kos (no generators found in PLEXOS).
INFO [2024-09-10 10:19:25] [WIND] - Adding eu-ltu aggregated wind data...
INFO [2024-09-10 10:19:25] [WIND] - Adding eu-lux aggregated wind data...
INFO [2024-09-10 10:19:26] [WIND] - Adding eu-lva aggregated wind data...
INFO [2024-09-10 10:19:26] [WARN] - Skipped adding wind data for eu-mda (no generators found in PLEXOS).
INFO [2024-09-10 10:19:26] [WARN] - Skipped adding wind data for eu-mkd (no generators found in PLEXOS).
INFO [2024-09-10 10:19:26] [WARN] - Skipped adding wind data for eu-mne (no generators found in PLEXOS).
INFO [2024-09-10 10:19:26] [WIND] - Adding eu-nld aggregated wind data...
INFO [2024-09-10 10:19:26] [WIND] - Adding eu-nor aggregated wind data...
INFO [2024-09-10 10:19:26] [WIND] - Adding eu-pol aggregated wind data...
INFO [2024-09-10 10:19:27] [WIND] - Adding eu-prt aggregated wind data...
INFO [2024-09-10 10:19:27] [WIND] - Adding eu-rou aggregated wind data...
INFO [2024-09-10 10:19:27] [WARN] - Skipped adding wind data for eu-srb (no generators found in PLEXOS).
INFO [2024-09-10 10:19:27] [WARN] - Skipped adding wind data for eu-svk (no generators found in PLEXOS).
INFO [2024-09-10 10:19:27] [WARN] - Skipped adding wind data for eu-svn (no generators found in PLEXOS).
INFO [2024-09-10 10:19:27] [WIND] - Adding eu-swe aggregated wind data...
INFO [2024-09-10 10:19:27] [WIND] - Adding eu-ukr aggregated wind data...
INFO [2024-09-10 10:19:27] [MAIN] - Done adding wind data! (run time : 6.8s).

INFO [2024-09-10 10:19:27] [MAIN] - Fetching solar data...

INFO [2024-09-10 10:19:27] [WARN] - Skipped adding solar data for eu-alb (no generators found in PLEXOS).
INFO [2024-09-10 10:19:27] [WARN] - Skipped adding solar data for eu-arm (no generators found in PLEXOS).
INFO [2024-09-10 10:19:28] [SOLAR] - Adding eu-aut aggregated solar data...
INFO [2024-09-10 10:19:28] [SOLAR] - Adding eu-aze aggregated solar data...
INFO [2024-09-10 10:19:28] [SOLAR] - Adding eu-bel aggregated solar data...
INFO [2024-09-10 10:19:28] [SOLAR] - Adding eu-bgr aggregated solar data...
INFO [2024-09-10 10:19:28] [WARN] - Skipped adding solar data for eu-bih (no generators found in PLEXOS).
INFO [2024-09-10 10:19:28] [WARN] - Skipped adding solar data for eu-blr (no generators found in PLEXOS).
INFO [2024-09-10 10:19:29] [SOLAR] - Adding eu-che aggregated solar data...
INFO [2024-09-10 10:19:29] [SOLAR] - Adding eu-cyp aggregated solar data...
INFO [2024-09-10 10:19:29] [SOLAR] - Adding eu-cze aggregated solar data...
INFO [2024-09-10 10:19:30] [SOLAR] - Adding eu-deu aggregated solar data...
INFO [2024-09-10 10:19:30] [SOLAR] - Adding eu-dnk aggregated solar data...
INFO [2024-09-10 10:19:30] [SOLAR] - Adding eu-esp aggregated solar data...
INFO [2024-09-10 10:19:30] [WARN] - Skipped adding solar data for eu-est (no generators found in PLEXOS).
INFO [2024-09-10 10:19:30] [SOLAR] - Adding eu-fin aggregated solar data...
INFO [2024-09-10 10:19:31] [SOLAR] - Adding eu-fra aggregated solar data...
INFO [2024-09-10 10:19:31] [SOLAR] - Adding eu-gbr aggregated solar data...
INFO [2024-09-10 10:19:31] [WARN] - Skipped adding solar data for eu-geo (no generators found in PLEXOS).
INFO [2024-09-10 10:19:31] [SOLAR] - Adding eu-grc aggregated solar data...
INFO [2024-09-10 10:19:31] [SOLAR] - Adding eu-hrv aggregated solar data...
INFO [2024-09-10 10:19:32] [SOLAR] - Adding eu-hun aggregated solar data...
INFO [2024-09-10 10:19:32] [WARN] - Skipped adding solar data for eu-irl (no generators found in PLEXOS).
INFO [2024-09-10 10:19:32] [WARN] - Skipped adding solar data for eu-isl (no generators found in PLEXOS).
INFO [2024-09-10 10:19:32] [SOLAR] - Adding eu-ita aggregated solar data...
INFO [2024-09-10 10:19:32] [WARN] - Skipped adding solar data for eu-kos (no generators found in PLEXOS).
INFO [2024-09-10 10:19:32] [SOLAR] - Adding eu-ltu aggregated solar data...
INFO [2024-09-10 10:19:32] [SOLAR] - Adding eu-lux aggregated solar data...
INFO [2024-09-10 10:19:32] [WARN] - Skipped adding solar data for eu-lva (no generators found in PLEXOS).
INFO [2024-09-10 10:19:32] [WARN] - Skipped adding solar data for eu-mda (no generators found in PLEXOS).
INFO [2024-09-10 10:19:32] [SOLAR] - Adding eu-mkd aggregated solar data...
INFO [2024-09-10 10:19:32] [WARN] - Skipped adding solar data for eu-mne (no generators found in PLEXOS).
INFO [2024-09-10 10:19:33] [SOLAR] - Adding eu-nld aggregated solar data...
INFO [2024-09-10 10:19:33] [SOLAR] - Adding eu-nor aggregated solar data...
INFO [2024-09-10 10:19:33] [SOLAR] - Adding eu-pol aggregated solar data...
INFO [2024-09-10 10:19:33] [SOLAR] - Adding eu-prt aggregated solar data...
INFO [2024-09-10 10:19:34] [SOLAR] - Adding eu-rou aggregated solar data...
INFO [2024-09-10 10:19:34] [SOLAR] - Adding eu-srb aggregated solar data...
INFO [2024-09-10 10:19:34] [SOLAR] - Adding eu-svk aggregated solar data...
INFO [2024-09-10 10:19:34] [SOLAR] - Adding eu-svn aggregated solar data...
INFO [2024-09-10 10:19:35] [SOLAR] - Adding eu-swe aggregated solar data...
INFO [2024-09-10 10:19:35] [SOLAR] - Adding eu-ukr aggregated solar data...
INFO [2024-09-10 10:19:35] [MAIN] - Done adding solar data! (run time : 7.35s).

INFO [2024-09-10 10:19:35] [MAIN] - Adding lines between areas...

INFO [2024-09-10 10:19:36] [LINES] - Adding eu-alb to eu-grc line...
INFO [2024-09-10 10:19:37] [LINES] - Adding eu-alb to eu-kos line...
INFO [2024-09-10 10:19:37] [LINES] - Skipping eu-alb to eu-mkd link (zero NTC)
INFO [2024-09-10 10:19:37] [LINES] - Skipping eu-arm to eu-aze link (zero NTC)
INFO [2024-09-10 10:19:37] [LINES] - Adding eu-arm to eu-geo line...
INFO [2024-09-10 10:19:37] [LINES] - Adding eu-aut to eu-che line...
INFO [2024-09-10 10:19:37] [LINES] - Adding eu-aut to eu-cze line...
INFO [2024-09-10 10:19:38] [LINES] - Adding eu-aut to eu-deu line...
INFO [2024-09-10 10:19:38] [LINES] - Adding eu-aut to eu-hun line...
INFO [2024-09-10 10:19:38] [LINES] - Adding eu-aut to eu-ita line...
INFO [2024-09-10 10:19:38] [LINES] - Skipping eu-aut to eu-svk link (zero NTC)
INFO [2024-09-10 10:19:39] [LINES] - Adding eu-aut to eu-svn line...
INFO [2024-09-10 10:19:39] [LINES] - Adding eu-aze to eu-geo line...
INFO [2024-09-10 10:19:39] [LINES] - Skipping eu-bel to eu-deu link (zero NTC)
INFO [2024-09-10 10:19:39] [LINES] - Adding eu-bel to eu-fra line...
INFO [2024-09-10 10:19:39] [LINES] - Skipping eu-bel to eu-gbr link (zero NTC)
INFO [2024-09-10 10:19:39] [LINES] - Adding eu-bel to eu-lux line...
INFO [2024-09-10 10:19:40] [LINES] - Adding eu-bel to eu-nld line...
INFO [2024-09-10 10:19:40] [LINES] - Adding eu-bgr to eu-grc line...
INFO [2024-09-10 10:19:40] [LINES] - Adding eu-bgr to eu-mkd line...
INFO [2024-09-10 10:19:41] [LINES] - Adding eu-bgr to eu-rou line...
INFO [2024-09-10 10:19:41] [LINES] - Adding eu-bgr to eu-srb line...
INFO [2024-09-10 10:19:41] [LINES] - Adding eu-bih to eu-hrv line...
INFO [2024-09-10 10:19:41] [LINES] - Adding eu-bih to eu-mne line...
INFO [2024-09-10 10:19:42] [LINES] - Adding eu-bih to eu-srb line...
INFO [2024-09-10 10:19:42] [LINES] - Adding eu-blr to eu-ltu line...
INFO [2024-09-10 10:19:42] [LINES] - Skipping eu-blr to eu-lva link (zero NTC)
INFO [2024-09-10 10:19:42] [LINES] - Skipping eu-blr to eu-pol link (zero NTC)
INFO [2024-09-10 10:19:42] [LINES] - Adding eu-blr to eu-ukr line...
INFO [2024-09-10 10:19:43] [LINES] - Adding eu-che to eu-deu line...
INFO [2024-09-10 10:19:43] [LINES] - Adding eu-che to eu-fra line...
INFO [2024-09-10 10:19:43] [LINES] - Adding eu-che to eu-ita line...
INFO [2024-09-10 10:19:43] [LINES] - Skipping eu-cyp to eu-grc link (zero NTC)
INFO [2024-09-10 10:19:44] [LINES] - Adding eu-cze to eu-deu line...
INFO [2024-09-10 10:19:44] [LINES] - Adding eu-cze to eu-pol line...
INFO [2024-09-10 10:19:44] [LINES] - Adding eu-cze to eu-svk line...
INFO [2024-09-10 10:19:45] [LINES] - Adding eu-deu to eu-dnk line...
INFO [2024-09-10 10:19:45] [LINES] - Adding eu-deu to eu-fra line...
INFO [2024-09-10 10:19:45] [LINES] - Adding eu-deu to eu-lux line...
INFO [2024-09-10 10:19:45] [LINES] - Adding eu-deu to eu-nld line...
INFO [2024-09-10 10:19:45] [LINES] - Skipping eu-deu to eu-nor link (zero NTC)
INFO [2024-09-10 10:19:46] [LINES] - Adding eu-deu to eu-pol line...
INFO [2024-09-10 10:19:46] [LINES] - Adding eu-deu to eu-swe line...
INFO [2024-09-10 10:19:46] [LINES] - Skipping eu-dnk to eu-gbr link (zero NTC)
INFO [2024-09-10 10:19:46] [LINES] - Skipping eu-dnk to eu-nld link (zero NTC)
INFO [2024-09-10 10:19:46] [LINES] - Adding eu-dnk to eu-nor line...
INFO [2024-09-10 10:19:47] [LINES] - Adding eu-dnk to eu-swe line...
INFO [2024-09-10 10:19:47] [LINES] - Adding eu-esp to eu-fra line...
INFO [2024-09-10 10:19:48] [LINES] - Adding eu-esp to eu-prt line...
INFO [2024-09-10 10:19:48] [LINES] - Adding eu-est to eu-fin line...
INFO [2024-09-10 10:19:48] [LINES] - Adding eu-est to eu-lva line...
INFO [2024-09-10 10:19:48] [LINES] - Adding eu-fin to eu-nor line...
INFO [2024-09-10 10:19:49] [LINES] - Adding eu-fin to eu-swe line...
INFO [2024-09-10 10:19:49] [LINES] - Adding eu-fra to eu-gbr line...
INFO [2024-09-10 10:19:49] [LINES] - Skipping eu-fra to eu-irl link (zero NTC)
INFO [2024-09-10 10:19:49] [LINES] - Adding eu-fra to eu-ita line...
INFO [2024-09-10 10:19:50] [LINES] - Adding eu-fra to eu-lux line...
INFO [2024-09-10 10:19:50] [LINES] - Adding eu-gbr to eu-irl line...
INFO [2024-09-10 10:19:50] [LINES] - Skipping eu-gbr to eu-isl link (zero NTC)
INFO [2024-09-10 10:19:50] [LINES] - Adding eu-gbr to eu-nld line...
INFO [2024-09-10 10:19:50] [LINES] - Skipping eu-gbr to eu-nor link (zero NTC)
INFO [2024-09-10 10:19:51] [LINES] - Adding eu-grc to eu-ita line...
INFO [2024-09-10 10:19:51] [LINES] - Adding eu-grc to eu-mkd line...
INFO [2024-09-10 10:19:51] [LINES] - Adding eu-hrv to eu-hun line...
INFO [2024-09-10 10:19:51] [LINES] - Skipping eu-hrv to eu-mne link (zero NTC)
INFO [2024-09-10 10:19:52] [LINES] - Adding eu-hrv to eu-srb line...
INFO [2024-09-10 10:19:52] [LINES] - Adding eu-hrv to eu-svn line...
INFO [2024-09-10 10:19:52] [LINES] - Adding eu-hun to eu-rou line...
INFO [2024-09-10 10:19:53] [LINES] - Adding eu-hun to eu-srb line...
INFO [2024-09-10 10:19:53] [LINES] - Adding eu-hun to eu-svk line...
INFO [2024-09-10 10:19:53] [LINES] - Adding eu-hun to eu-svn line...
INFO [2024-09-10 10:19:54] [LINES] - Adding eu-hun to eu-ukr line...
INFO [2024-09-10 10:19:54] [LINES] - Adding eu-ita to eu-svn line...
INFO [2024-09-10 10:19:54] [LINES] - Adding eu-kos to eu-mkd line...
INFO [2024-09-10 10:19:55] [LINES] - Adding eu-kos to eu-mne line...
INFO [2024-09-10 10:19:55] [LINES] - Adding eu-kos to eu-srb line...
INFO [2024-09-10 10:19:55] [LINES] - Adding eu-ltu to eu-lva line...
INFO [2024-09-10 10:19:56] [LINES] - Adding eu-ltu to eu-pol line...
INFO [2024-09-10 10:19:56] [LINES] - Adding eu-ltu to eu-swe line...
INFO [2024-09-10 10:19:56] [LINES] - Skipping eu-mda to eu-rou link (zero NTC)
INFO [2024-09-10 10:19:56] [LINES] - Adding eu-mda to eu-ukr line...
INFO [2024-09-10 10:19:57] [LINES] - Adding eu-mkd to eu-srb line...
INFO [2024-09-10 10:19:57] [LINES] - Adding eu-mne to eu-srb line...
INFO [2024-09-10 10:19:57] [LINES] - Adding eu-nld to eu-nor line...
INFO [2024-09-10 10:19:58] [LINES] - Adding eu-nor to eu-swe line...
INFO [2024-09-10 10:19:58] [LINES] - Adding eu-pol to eu-svk line...
INFO [2024-09-10 10:19:59] [LINES] - Adding eu-pol to eu-swe line...
INFO [2024-09-10 10:19:59] [LINES] - Adding eu-pol to eu-ukr line...
INFO [2024-09-10 10:19:59] [LINES] - Adding eu-rou to eu-srb line...
INFO [2024-09-10 10:20:00] [LINES] - Adding eu-rou to eu-ukr line...
INFO [2024-09-10 10:20:00] [LINES] - Adding eu-svk to eu-ukr line...
INFO [2024-09-10 10:20:00] [LINES] - Adding eu-alb to eu-mne line...
INFO [2024-09-10 10:20:00] [MAIN] - Done adding lines! (run time : 25.55s).

INFO [2024-09-10 10:20:00] [MAIN] - Finished setting up Antares study! (run time : 1.14min).
 

