INFO [2024-08-21 09:12:40] [MAIN] - Creating Deane_testWorld__2024_08_21_09_12_39 study...

INFO [2024-08-21 09:12:40] [MAIN] - Unit commitment mode : ACCURATE
INFO [2024-08-21 09:12:40] [MAIN] - Adding nodes...

INFO [2024-08-21 09:12:45] [NODES] - Adding AF-AGO node...
INFO [2024-08-21 09:12:45] [NODES] - Adding AF-BDI node...
INFO [2024-08-21 09:12:46] [NODES] - Adding AF-BEN node...
INFO [2024-08-21 09:12:46] [NODES] - Adding AF-BFA node...
INFO [2024-08-21 09:12:46] [NODES] - Adding AF-BWA node...
INFO [2024-08-21 09:12:47] [NODES] - Adding AF-CAF node...
INFO [2024-08-21 09:12:48] [NODES] - Adding AF-CIV node...
INFO [2024-08-21 09:12:48] [NODES] - Adding AF-CMR node...
INFO [2024-08-21 09:12:49] [NODES] - Adding AF-COD node...
INFO [2024-08-21 09:12:49] [NODES] - Adding AF-COG node...
INFO [2024-08-21 09:12:50] [NODES] - Adding AF-CPV node...
INFO [2024-08-21 09:12:51] [NODES] - Adding AF-DJI node...
INFO [2024-08-21 09:12:52] [NODES] - Adding AF-DZA node...
INFO [2024-08-21 09:12:52] [NODES] - Adding AF-EGY node...
INFO [2024-08-21 09:12:52] [NODES] - Adding AF-ERI node...
INFO [2024-08-21 09:12:53] [NODES] - Adding AF-ESH node...
INFO [2024-08-21 09:12:53] [NODES] - Adding AF-ETH node...
INFO [2024-08-21 09:12:54] [NODES] - Adding AF-GAB node...
INFO [2024-08-21 09:12:55] [NODES] - Adding AF-GHA node...
INFO [2024-08-21 09:12:55] [NODES] - Adding AF-GIN node...
INFO [2024-08-21 09:12:56] [NODES] - Adding AF-GMB node...
INFO [2024-08-21 09:12:57] [NODES] - Adding AF-GNB node...
INFO [2024-08-21 09:12:58] [NODES] - Adding AF-GNQ node...
INFO [2024-08-21 09:12:58] [NODES] - Adding AF-KEN node...
INFO [2024-08-21 09:12:59] [NODES] - Adding AF-LBR node...
INFO [2024-08-21 09:13:00] [NODES] - Adding AF-LBY node...
INFO [2024-08-21 09:13:00] [NODES] - Adding AF-LSO node...
INFO [2024-08-21 09:13:01] [NODES] - Adding AF-MAR node...
INFO [2024-08-21 09:13:01] [NODES] - Adding AF-MDG node...
INFO [2024-08-21 09:13:02] [NODES] - Adding AF-MLI node...
INFO [2024-08-21 09:13:02] [NODES] - Adding AF-MOZ node...
INFO [2024-08-21 09:13:03] [NODES] - Adding AF-MRT node...
INFO [2024-08-21 09:13:04] [NODES] - Adding AF-MUS node...
INFO [2024-08-21 09:13:04] [NODES] - Adding AF-MWI node...
INFO [2024-08-21 09:13:05] [NODES] - Adding AF-NAM node...
INFO [2024-08-21 09:13:05] [NODES] - Adding AF-NER node...
INFO [2024-08-21 09:13:06] [NODES] - Adding AF-NGA node...
INFO [2024-08-21 09:13:07] [NODES] - Adding AF-RWA node...
INFO [2024-08-21 09:13:07] [NODES] - Adding AF-SDN node...
INFO [2024-08-21 09:13:08] [NODES] - Adding AF-SEN node...
INFO [2024-08-21 09:13:09] [NODES] - Adding AF-SLE node...
INFO [2024-08-21 09:13:10] [NODES] - Adding AF-SWZ node...
INFO [2024-08-21 09:13:10] [NODES] - Adding AF-TGO node...
INFO [2024-08-21 09:13:11] [NODES] - Adding AF-TUN node...
INFO [2024-08-21 09:13:12] [NODES] - Adding AF-TZA node...
INFO [2024-08-21 09:13:13] [NODES] - Adding AF-UGA node...
INFO [2024-08-21 09:13:13] [NODES] - Adding AF-ZAF node...
INFO [2024-08-21 09:13:14] [NODES] - Adding AF-ZMB node...
INFO [2024-08-21 09:13:15] [NODES] - Adding AF-ZWE node...
INFO [2024-08-21 09:13:16] [NODES] - Adding AS-AFG node...
INFO [2024-08-21 09:13:17] [NODES] - Adding AS-ARE node...
INFO [2024-08-21 09:13:18] [NODES] - Adding AS-BGD node...
INFO [2024-08-21 09:13:19] [NODES] - Adding AS-BHR node...
INFO [2024-08-21 09:13:20] [NODES] - Adding AS-BRN node...
INFO [2024-08-21 09:13:21] [NODES] - Adding AS-BTN node...
INFO [2024-08-21 09:13:22] [NODES] - Adding AS-CHN-AN node...
INFO [2024-08-21 09:13:22] [NODES] - Adding AS-CHN-BE node...
INFO [2024-08-21 09:13:23] [NODES] - Adding AS-CHN-CH node...
INFO [2024-08-21 09:13:24] [NODES] - Adding AS-CHN-EM node...
INFO [2024-08-21 09:13:25] [NODES] - Adding AS-CHN-FU node...
INFO [2024-08-21 09:13:26] [NODES] - Adding AS-CHN-GA node...
INFO [2024-08-21 09:13:27] [NODES] - Adding AS-CHN-GD node...
INFO [2024-08-21 09:13:28] [NODES] - Adding AS-CHN-GU node...
INFO [2024-08-21 09:13:29] [NODES] - Adding AS-CHN-GX node...
INFO [2024-08-21 09:13:30] [NODES] - Adding AS-CHN-HA node...
INFO [2024-08-21 09:13:31] [NODES] - Adding AS-CHN-HB node...
INFO [2024-08-21 09:13:32] [NODES] - Adding AS-CHN-HE node...
INFO [2024-08-21 09:13:33] [NODES] - Adding AS-CHN-HJ node...
INFO [2024-08-21 09:13:34] [NODES] - Adding AS-CHN-HK node...
INFO [2024-08-21 09:13:35] [NODES] - Adding AS-CHN-HN node...
INFO [2024-08-21 09:13:36] [NODES] - Adding AS-CHN-HU node...
INFO [2024-08-21 09:13:37] [NODES] - Adding AS-CHN-JI node...
INFO [2024-08-21 09:13:38] [NODES] - Adding AS-CHN-JS node...
INFO [2024-08-21 09:13:40] [NODES] - Adding AS-CHN-JX node...
INFO [2024-08-21 09:13:41] [NODES] - Adding AS-CHN-LI node...
INFO [2024-08-21 09:13:42] [NODES] - Adding AS-CHN-MA node...
INFO [2024-08-21 09:13:44] [NODES] - Adding AS-CHN-NI node...
INFO [2024-08-21 09:13:45] [NODES] - Adding AS-CHN-QI node...
INFO [2024-08-21 09:13:46] [NODES] - Adding AS-CHN-SC node...
INFO [2024-08-21 09:13:47] [NODES] - Adding AS-CHN-SD node...
INFO [2024-08-21 09:13:48] [NODES] - Adding AS-CHN-SH node...
INFO [2024-08-21 09:13:49] [NODES] - Adding AS-CHN-SI node...
INFO [2024-08-21 09:13:50] [NODES] - Adding AS-CHN-SX node...
INFO [2024-08-21 09:13:51] [NODES] - Adding AS-CHN-TI node...
INFO [2024-08-21 09:13:52] [NODES] - Adding AS-CHN-TJ node...
INFO [2024-08-21 09:13:53] [NODES] - Adding AS-CHN-WM node...
INFO [2024-08-21 09:13:54] [NODES] - Adding AS-CHN-XI node...
INFO [2024-08-21 09:13:55] [NODES] - Adding AS-CHN-YU node...
INFO [2024-08-21 09:13:56] [NODES] - Adding AS-CHN-ZH node...
INFO [2024-08-21 09:13:58] [NODES] - Adding AS-IDN node...
INFO [2024-08-21 09:13:59] [NODES] - Adding AS-IND-EA node...
INFO [2024-08-21 09:14:00] [NODES] - Adding AS-IND-NE node...
INFO [2024-08-21 09:14:02] [NODES] - Adding AS-IND-NO node...
INFO [2024-08-21 09:14:05] [NODES] - Adding AS-IND-SO node...
INFO [2024-08-21 09:14:07] [NODES] - Adding AS-IND-WE node...
