INFO [2024-09-03 17:49:49] [MAIN] - Creating Deane_CHEDEUFRA-yesActivateTS__2024_09_03_17_49_49 study...

INFO [2024-09-03 17:49:49] [MAIN] - Unit commitment mode : ACCURATE
INFO [2024-09-03 17:49:49] [MAIN] - Adding nodes...

INFO [2024-09-03 17:49:53] [MAIN] - Done adding nodes! (run time : 3.07s).

INFO [2024-09-03 17:49:53] [MAIN] - Adding districts...

INFO [2024-09-03 17:49:54] [MAIN] - Done adding districts! (run time : 1.22s).

INFO [2024-09-03 17:49:54] [MAIN] - Adding load data...

INFO [2024-09-03 17:49:56] [MAIN] - Done adding load data! (run time : 2.13s).

INFO [2024-09-03 17:49:56] [MAIN] - Fetching wind data...

INFO [2024-09-03 17:49:57] [MAIN] - Done adding wind data! (run time : 0.43s).

INFO [2024-09-03 17:49:57] [MAIN] - Fetching solar data...

INFO [2024-09-03 17:49:57] [MAIN] - Done adding solar data! (run time : 0.48s).

INFO [2024-09-03 17:49:57] [MAIN] - Beginning hydro implementation...
INFO [2024-09-03 17:50:07] [MAIN] - Done adding hydro!
INFO [2024-09-03 17:50:07] [MAIN] - Fetching thermal data...
INFO [2024-09-03 17:50:12] [MAIN] - Aggregating identical generators...
INFO [2024-09-03 17:50:12] [MAIN] - Running 1-clustering algorithm on generators...
INFO [2024-09-03 17:50:12] [MAIN] - Done running 1-clustering algorithm on generators!

INFO [2024-09-03 17:50:19] [MAIN] - Done adding thermal data! (run time : 0.2min).

INFO [2024-09-03 17:50:19] [MAIN] - Fetching battery data...

INFO [2024-09-03 17:50:19] [MAIN] - Aggregating identical batteries...
INFO [2024-09-03 17:50:24] [MAIN] - Starting OutageTest simulation...
INFO [2024-09-03 17:50:26] [MAIN] - Antares simulation finished! (run time : 0.03min).
 

