INFO [2024-08-05 17:11:03] [MAIN] - Creating Etude_sur_R_Monde__2024_08_05_17_11_03 study...

INFO [2024-08-05 17:11:03] [MAIN] - Unit commitment mode : FAST
INFO [2024-08-05 17:11:04] [MAIN] - Adding nodes...

INFO [2024-08-05 17:11:06] [NODES] - Adding EU-CHE node...
INFO [2024-08-05 17:11:06] [NODES] - Adding EU-DEU node...
INFO [2024-08-05 17:11:06] [NODES] - Adding EU-FRA node...
INFO [2024-08-05 17:11:06] [MAIN] - Done adding nodes! (run time : 2.65s).

INFO [2024-08-05 17:11:06] [MAIN] - Adding load data...

INFO [2024-08-05 17:11:09] [LOAD] - Adding EU-CHE load data...
INFO [2024-08-05 17:11:09] [LOAD] - Adding EU-DEU load data...
INFO [2024-08-05 17:11:09] [LOAD] - Adding EU-FRA load data...
INFO [2024-08-05 17:11:09] [MAIN] - Done adding load data! (run time : 2.72s).

INFO [2024-08-05 17:11:09] [MAIN] - Fetching wind data...

INFO [2024-08-05 17:11:09] [WIND] - Adding EU-CHE aggregated wind data...
INFO [2024-08-05 17:11:09] [WIND] - Adding EU-DEU aggregated wind data...
INFO [2024-08-05 17:11:09] [WIND] - Adding EU-FRA aggregated wind data...
INFO [2024-08-05 17:11:09] [MAIN] - Done adding wind data! (run time : 0.45s).

INFO [2024-08-05 17:11:10] [MAIN] - Fetching solar data...

INFO [2024-08-05 17:11:10] [SOLAR] - Adding EU-CHE aggregated solar data...
INFO [2024-08-05 17:11:10] [SOLAR] - Adding EU-DEU aggregated solar data...
INFO [2024-08-05 17:11:10] [SOLAR] - Adding EU-FRA aggregated solar data...
INFO [2024-08-05 17:11:10] [MAIN] - Done adding solar data! (run time : 0.49s).

INFO [2024-08-05 17:11:10] [MAIN] - Beginning hydro implementation...
INFO [2024-08-05 17:11:10] [MAIN] - Starting simulation__2024_08_05_17_11_10 simulation...
INFO [2024-08-05 17:11:21] [MAIN] - Antares simulation finished! (run time : 0.17min).
 

INFO [2024-08-05 17:11:21] [MAIN] - Opening latest simulation...
