ERROR [2024-10-30 19:01:45] [WARN] - Failed to add na-usa-pr_OCGT generator to na-usa-pr node, skipping...
ERROR [2024-10-30 19:01:45] [WARN] - Failed to add na-usa-pr_Oil generator to na-usa-pr node, skipping...
ERROR [2024-10-30 19:01:45] [WARN] - Failed to add na-usa-ra_Bioenergy generator to na-usa-ra node, skipping...
ERROR [2024-10-30 19:01:45] [WARN] - Failed to add na-usa-ra_CCGT generator to na-usa-ra node, skipping...
ERROR [2024-10-30 19:01:45] [WARN] - Failed to add na-usa-ra_Coal generator to na-usa-ra node, skipping...
ERROR [2024-10-30 19:01:45] [WARN] - Failed to add na-usa-ra_Gas generator to na-usa-ra node, skipping...
ERROR [2024-10-30 19:22:51] [WARN] - Skipping as-ind-ne to as-mmr line (one of the nodes may not exist)
ERROR [2024-10-30 19:22:51] [WARN] - Skipping as-ind-no to as-ind-we line (one of the nodes may not exist)
ERROR [2024-10-30 19:22:51] [WARN] - Skipping as-ind-no to as-npl line (one of the nodes may not exist)
ERROR [2024-10-30 19:22:51] [WARN] - Skipping as-ind-no to as-pak line (one of the nodes may not exist)
ERROR [2024-10-30 19:22:51] [WARN] - Skipping as-ind-so to as-ind-we line (one of the nodes may not exist)
ERROR [2024-10-30 19:22:51] [WARN] - Skipping as-ind-so to as-lka line (one of the nodes may not exist)
ERROR [2024-10-30 19:22:51] [WARN] - Skipping as-ind-we to as-pak line (one of the nodes may not exist)
ERROR [2024-10-30 19:22:51] [WARN] - Skipping as-irn to as-irq line (one of the nodes may not exist)
ERROR [2024-10-30 19:22:51] [WARN] - Skipping as-irn to as-pak line (one of the nodes may not exist)
ERROR [2024-10-30 19:22:51] [WARN] - Skipping as-irn to as-tkm line (one of the nodes may not exist)
ERROR [2024-10-30 19:22:51] [WARN] - Skipping as-irn to as-tur line (one of the nodes may not exist)
ERROR [2024-10-30 19:22:51] [WARN] - Skipping as-irq to as-jor line (one of the nodes may not exist)
ERROR [2024-10-30 19:22:51] [WARN] - Skipping as-irq to as-kwt line (one of the nodes may not exist)
ERROR [2024-10-30 19:22:51] [WARN] - Skipping as-irq to as-sau line (one of the nodes may not exist)
ERROR [2024-10-30 19:22:51] [WARN] - Skipping as-irq to as-syr line (one of the nodes may not exist)
ERROR [2024-10-30 19:22:51] [WARN] - Skipping as-irq to as-tur line (one of the nodes may not exist)
ERROR [2024-10-30 19:22:51] [WARN] - Skipping as-isr to as-jor line (one of the nodes may not exist)
ERROR [2024-10-30 19:22:52] [WARN] - Skipping as-isr to as-lbn line (one of the nodes may not exist)
ERROR [2024-10-30 19:22:52] [WARN] - Skipping as-isr to as-syr line (one of the nodes may not exist)
ERROR [2024-10-30 19:22:52] [WARN] - Skipping eu-ita to eu-svn line (one of the nodes may not exist)
ERROR [2024-10-30 19:22:52] [WARN] - Skipping eu-ita to af-tun line (one of the nodes may not exist)
ERROR [2024-10-30 19:22:52] [WARN] - Skipping as-jor to as-sau line (one of the nodes may not exist)
ERROR [2024-10-30 19:22:52] [WARN] - Skipping as-jor to as-syr line (one of the nodes may not exist)
ERROR [2024-10-30 19:22:52] [WARN] - Skipping as-jpn-ce to as-jpn-ky line (one of the nodes may not exist)
ERROR [2024-10-30 19:22:52] [WARN] - Skipping as-jpn-ce to as-jpn-sh line (one of the nodes may not exist)
ERROR [2024-10-30 19:22:52] [WARN] - Skipping as-jpn-ce to as-jpn-to line (one of the nodes may not exist)
ERROR [2024-10-30 19:22:52] [WARN] - Skipping as-jpn-ho to as-jpn-to line (one of the nodes may not exist)
ERROR [2024-10-30 19:22:52] [WARN] - Skipping as-kaz to as-kgz line (one of the nodes may not exist)
ERROR [2024-10-30 19:22:52] [WARN] - Skipping as-kaz to as-rus-ce line (one of the nodes may not exist)
ERROR [2024-10-30 19:22:52] [WARN] - Skipping as-kaz to as-rus-mv line (one of the nodes may not exist)
ERROR [2024-10-30 19:22:52] [WARN] - Skipping as-kaz to as-rus-si line (one of the nodes may not exist)
ERROR [2024-10-30 19:22:52] [WARN] - Skipping as-kaz to as-rus-ur line (one of the nodes may not exist)
ERROR [2024-10-30 19:22:52] [WARN] - Skipping as-kaz to as-tkm line (one of the nodes may not exist)
ERROR [2024-10-30 19:23:03] [HYDRO] - Couldn't add af-ago max power timeseries, skipping...
ERROR [2024-10-30 19:23:03] [HYDRO] - Couldn't add af-ago hydro profiles, skipping...
ERROR [2024-10-30 19:23:04] [HYDRO] - Couldn't initialize af-bdi hydro parameters, skipping...
ERROR [2024-10-30 19:23:04] [HYDRO] - Couldn't add af-bdi max power timeseries, skipping...
ERROR [2024-10-30 19:23:04] [HYDRO] - Couldn't add af-bdi hydro profiles, skipping...
ERROR [2024-10-30 19:23:05] [HYDRO] - Couldn't initialize af-bfa hydro parameters, skipping...
ERROR [2024-10-30 19:23:05] [HYDRO] - Couldn't add af-bfa max power timeseries, skipping...
ERROR [2024-10-30 19:23:05] [HYDRO] - Couldn't add af-bfa hydro profiles, skipping...
ERROR [2024-10-30 19:23:06] [HYDRO] - Couldn't initialize af-caf hydro parameters, skipping...
ERROR [2024-10-30 19:23:06] [HYDRO] - Couldn't add af-caf max power timeseries, skipping...
ERROR [2024-10-30 19:23:07] [HYDRO] - Couldn't add af-caf hydro profiles, skipping...
ERROR [2024-10-30 19:23:08] [HYDRO] - Couldn't initialize af-civ hydro parameters, skipping...
ERROR [2024-10-30 19:23:08] [HYDRO] - Couldn't add af-civ max power timeseries, skipping...
ERROR [2024-10-30 19:23:08] [HYDRO] - Couldn't add af-civ hydro profiles, skipping...
ERROR [2024-10-30 19:23:09] [HYDRO] - Couldn't initialize af-cmr hydro parameters, skipping...
ERROR [2024-10-30 19:23:09] [HYDRO] - Couldn't add af-cmr max power timeseries, skipping...
ERROR [2024-10-30 19:23:10] [HYDRO] - Couldn't add af-cmr hydro profiles, skipping...
ERROR [2024-10-30 19:23:11] [HYDRO] - Couldn't initialize af-cod hydro parameters, skipping...
ERROR [2024-10-30 19:23:11] [HYDRO] - Couldn't add af-cod max power timeseries, skipping...
ERROR [2024-10-30 19:23:11] [HYDRO] - Couldn't add af-cod hydro profiles, skipping...
ERROR [2024-10-30 19:23:12] [HYDRO] - Couldn't initialize af-cog hydro parameters, skipping...
ERROR [2024-10-30 19:23:12] [HYDRO] - Couldn't add af-cog max power timeseries, skipping...
ERROR [2024-10-30 19:23:13] [HYDRO] - Couldn't add af-cog hydro profiles, skipping...
ERROR [2024-10-30 19:23:14] [HYDRO] - Couldn't initialize af-dza hydro parameters, skipping...
ERROR [2024-10-30 19:23:14] [HYDRO] - Couldn't add af-dza max power timeseries, skipping...
ERROR [2024-10-30 19:23:14] [HYDRO] - Couldn't add af-dza hydro profiles, skipping...
ERROR [2024-10-30 19:23:15] [HYDRO] - Couldn't initialize af-egy hydro parameters, skipping...
ERROR [2024-10-30 19:23:16] [HYDRO] - Couldn't add af-egy max power timeseries, skipping...
ERROR [2024-10-30 19:23:16] [HYDRO] - Couldn't add af-egy hydro profiles, skipping...
ERROR [2024-10-30 19:23:17] [HYDRO] - Couldn't initialize af-eth hydro parameters, skipping...
ERROR [2024-10-30 19:23:17] [HYDRO] - Couldn't add af-eth max power timeseries, skipping...
ERROR [2024-10-30 19:23:17] [HYDRO] - Couldn't add af-eth hydro profiles, skipping...
ERROR [2024-10-30 19:23:18] [HYDRO] - Couldn't initialize af-gab hydro parameters, skipping...
ERROR [2024-10-30 19:23:18] [HYDRO] - Couldn't add af-gab max power timeseries, skipping...
ERROR [2024-10-30 19:23:19] [HYDRO] - Couldn't add af-gab hydro profiles, skipping...
ERROR [2024-10-30 19:23:20] [HYDRO] - Couldn't initialize af-gha hydro parameters, skipping...
ERROR [2024-10-30 19:23:20] [HYDRO] - Couldn't add af-gha max power timeseries, skipping...
ERROR [2024-10-30 19:23:20] [HYDRO] - Couldn't add af-gha hydro profiles, skipping...
ERROR [2024-10-30 19:23:21] [HYDRO] - Couldn't initialize af-gin hydro parameters, skipping...
ERROR [2024-10-30 19:23:21] [HYDRO] - Couldn't add af-gin max power timeseries, skipping...
ERROR [2024-10-30 19:23:22] [HYDRO] - Couldn't add af-gin hydro profiles, skipping...
ERROR [2024-10-30 19:23:23] [HYDRO] - Couldn't initialize af-gnq hydro parameters, skipping...
ERROR [2024-10-30 19:23:23] [HYDRO] - Couldn't add af-gnq max power timeseries, skipping...
ERROR [2024-10-30 19:23:23] [HYDRO] - Couldn't add af-gnq hydro profiles, skipping...
ERROR [2024-10-30 19:23:24] [HYDRO] - Couldn't add af-ken max power timeseries, skipping...
ERROR [2024-10-30 19:23:24] [HYDRO] - Couldn't add af-ken hydro profiles, skipping...
ERROR [2024-10-30 19:23:25] [HYDRO] - Couldn't initialize af-lbr hydro parameters, skipping...
ERROR [2024-10-30 19:23:25] [HYDRO] - Couldn't add af-lbr max power timeseries, skipping...
ERROR [2024-10-30 19:23:26] [HYDRO] - Couldn't add af-lbr hydro profiles, skipping...
ERROR [2024-10-30 19:23:27] [HYDRO] - Couldn't initialize af-lso hydro parameters, skipping...
ERROR [2024-10-30 19:23:27] [HYDRO] - Couldn't add af-lso max power timeseries, skipping...
ERROR [2024-10-30 19:23:27] [HYDRO] - Couldn't add af-lso hydro profiles, skipping...
ERROR [2024-10-30 19:23:28] [HYDRO] - Couldn't initialize af-mar hydro parameters, skipping...
ERROR [2024-10-30 19:23:28] [HYDRO] - Couldn't add af-mar max power timeseries, skipping...
ERROR [2024-10-30 19:23:28] [HYDRO] - Couldn't add af-mar hydro profiles, skipping...
ERROR [2024-10-30 19:23:30] [HYDRO] - Couldn't initialize af-mdg hydro parameters, skipping...
ERROR [2024-10-30 19:23:30] [HYDRO] - Couldn't add af-mdg max power timeseries, skipping...
ERROR [2024-10-30 19:23:30] [HYDRO] - Couldn't add af-mdg hydro profiles, skipping...
ERROR [2024-10-30 19:23:31] [HYDRO] - Couldn't initialize af-mli hydro parameters, skipping...
ERROR [2024-10-30 19:23:31] [HYDRO] - Couldn't add af-mli max power timeseries, skipping...
ERROR [2024-10-30 19:23:31] [HYDRO] - Couldn't add af-mli hydro profiles, skipping...
ERROR [2024-10-30 19:23:32] [HYDRO] - Couldn't initialize af-moz hydro parameters, skipping...
ERROR [2024-10-30 19:23:32] [HYDRO] - Couldn't add af-moz max power timeseries, skipping...
ERROR [2024-10-30 19:23:33] [HYDRO] - Couldn't add af-moz hydro profiles, skipping...
ERROR [2024-10-30 19:23:34] [HYDRO] - Couldn't initialize af-mrt hydro parameters, skipping...
ERROR [2024-10-30 19:23:34] [HYDRO] - Couldn't add af-mrt max power timeseries, skipping...
ERROR [2024-10-30 19:23:34] [HYDRO] - Couldn't add af-mrt hydro profiles, skipping...
ERROR [2024-10-30 19:23:35] [HYDRO] - Couldn't initialize af-mus hydro parameters, skipping...
ERROR [2024-10-30 19:23:35] [HYDRO] - Couldn't add af-mus max power timeseries, skipping...
ERROR [2024-10-30 19:23:36] [HYDRO] - Couldn't add af-mus hydro profiles, skipping...
ERROR [2024-10-30 19:23:37] [HYDRO] - Couldn't initialize af-mwi hydro parameters, skipping...
ERROR [2024-10-30 19:23:37] [HYDRO] - Couldn't add af-mwi max power timeseries, skipping...
ERROR [2024-10-30 19:23:37] [HYDRO] - Couldn't add af-mwi hydro profiles, skipping...
ERROR [2024-10-30 19:23:38] [HYDRO] - Couldn't initialize af-nam hydro parameters, skipping...
ERROR [2024-10-30 19:23:38] [HYDRO] - Couldn't add af-nam max power timeseries, skipping...
ERROR [2024-10-30 19:23:39] [HYDRO] - Couldn't add af-nam hydro profiles, skipping...
ERROR [2024-10-30 19:23:39] [HYDRO] - Couldn't initialize af-nga hydro parameters, skipping...
ERROR [2024-10-30 19:23:39] [HYDRO] - Couldn't add af-nga max power timeseries, skipping...
ERROR [2024-10-30 19:23:39] [HYDRO] - Couldn't add af-nga hydro profiles, skipping...
ERROR [2024-10-30 19:23:40] [HYDRO] - Couldn't initialize af-rwa hydro parameters, skipping...
ERROR [2024-10-30 19:23:41] [HYDRO] - Couldn't add af-rwa max power timeseries, skipping...
ERROR [2024-10-30 19:23:41] [HYDRO] - Couldn't add af-rwa hydro profiles, skipping...
ERROR [2024-10-30 19:23:42] [HYDRO] - Couldn't initialize af-sdn hydro parameters, skipping...
ERROR [2024-10-30 19:23:42] [HYDRO] - Couldn't add af-sdn max power timeseries, skipping...
ERROR [2024-10-30 19:23:42] [HYDRO] - Couldn't add af-sdn hydro profiles, skipping...
ERROR [2024-10-30 19:23:43] [HYDRO] - Couldn't initialize af-sen hydro parameters, skipping...
ERROR [2024-10-30 19:23:43] [HYDRO] - Couldn't add af-sen max power timeseries, skipping...
ERROR [2024-10-30 19:23:44] [HYDRO] - Couldn't add af-sen hydro profiles, skipping...
ERROR [2024-10-30 19:23:45] [HYDRO] - Couldn't initialize af-sle hydro parameters, skipping...
ERROR [2024-10-30 19:23:45] [HYDRO] - Couldn't add af-sle max power timeseries, skipping...
ERROR [2024-10-30 19:23:45] [HYDRO] - Couldn't add af-sle hydro profiles, skipping...
ERROR [2024-10-30 19:23:46] [HYDRO] - Couldn't initialize af-swz hydro parameters, skipping...
ERROR [2024-10-30 19:23:46] [HYDRO] - Couldn't add af-swz max power timeseries, skipping...
ERROR [2024-10-30 19:23:46] [HYDRO] - Couldn't add af-swz hydro profiles, skipping...
ERROR [2024-10-30 19:23:47] [HYDRO] - Couldn't initialize af-tgo hydro parameters, skipping...
ERROR [2024-10-30 19:23:47] [HYDRO] - Couldn't add af-tgo max power timeseries, skipping...
ERROR [2024-10-30 19:23:47] [HYDRO] - Couldn't add af-tgo hydro profiles, skipping...
ERROR [2024-10-30 19:23:48] [HYDRO] - Couldn't initialize af-tun hydro parameters, skipping...
ERROR [2024-10-30 19:23:48] [HYDRO] - Couldn't add af-tun max power timeseries, skipping...
ERROR [2024-10-30 19:23:48] [HYDRO] - Couldn't add af-tun hydro profiles, skipping...
ERROR [2024-10-30 19:23:49] [HYDRO] - Couldn't initialize af-tza hydro parameters, skipping...
ERROR [2024-10-30 19:23:49] [HYDRO] - Couldn't add af-tza max power timeseries, skipping...
ERROR [2024-10-30 19:23:49] [HYDRO] - Couldn't add af-tza hydro profiles, skipping...
ERROR [2024-10-30 19:23:50] [HYDRO] - Couldn't initialize af-uga hydro parameters, skipping...
ERROR [2024-10-30 19:23:50] [HYDRO] - Couldn't add af-uga max power timeseries, skipping...
ERROR [2024-10-30 19:23:51] [HYDRO] - Couldn't add af-uga hydro profiles, skipping...
ERROR [2024-10-30 19:23:52] [HYDRO] - Couldn't initialize af-zaf hydro parameters, skipping...
ERROR [2024-10-30 19:23:52] [HYDRO] - Couldn't add af-zaf max power timeseries, skipping...
ERROR [2024-10-30 19:23:52] [HYDRO] - Couldn't add af-zaf hydro profiles, skipping...
ERROR [2024-10-30 19:23:53] [HYDRO] - Couldn't initialize af-zmb hydro parameters, skipping...
ERROR [2024-10-30 19:23:53] [HYDRO] - Couldn't add af-zmb max power timeseries, skipping...
ERROR [2024-10-30 19:23:54] [HYDRO] - Couldn't add af-zmb hydro profiles, skipping...
ERROR [2024-10-30 19:23:55] [HYDRO] - Couldn't initialize af-zwe hydro parameters, skipping...
ERROR [2024-10-30 19:23:55] [HYDRO] - Couldn't add af-zwe max power timeseries, skipping...
ERROR [2024-10-30 19:23:55] [HYDRO] - Couldn't add af-zwe hydro profiles, skipping...
ERROR [2024-10-30 19:23:56] [HYDRO] - Couldn't initialize as-afg hydro parameters, skipping...
ERROR [2024-10-30 19:23:56] [HYDRO] - Couldn't add as-afg max power timeseries, skipping...
ERROR [2024-10-30 19:23:56] [HYDRO] - Couldn't add as-afg hydro profiles, skipping...
ERROR [2024-10-30 19:23:57] [HYDRO] - Couldn't initialize as-bgd hydro parameters, skipping...
ERROR [2024-10-30 19:23:57] [HYDRO] - Couldn't add as-bgd max power timeseries, skipping...
ERROR [2024-10-30 19:23:57] [HYDRO] - Couldn't add as-bgd hydro profiles, skipping...
ERROR [2024-10-30 19:23:58] [HYDRO] - Couldn't initialize as-btn hydro parameters, skipping...
ERROR [2024-10-30 19:23:58] [HYDRO] - Couldn't add as-btn max power timeseries, skipping...
ERROR [2024-10-30 19:23:59] [HYDRO] - Couldn't add as-btn hydro profiles, skipping...
ERROR [2024-10-30 19:24:00] [HYDRO] - Couldn't initialize as-chn-an hydro parameters, skipping...
ERROR [2024-10-30 19:24:00] [HYDRO] - Couldn't add as-chn-an max power timeseries, skipping...
ERROR [2024-10-30 19:24:00] [HYDRO] - Couldn't add as-chn-an hydro profiles, skipping...
ERROR [2024-10-30 19:24:01] [HYDRO] - Couldn't initialize as-chn-be hydro parameters, skipping...
ERROR [2024-10-30 19:24:01] [HYDRO] - Couldn't add as-chn-be max power timeseries, skipping...
ERROR [2024-10-30 19:24:02] [HYDRO] - Couldn't add as-chn-be hydro profiles, skipping...
ERROR [2024-10-30 19:24:03] [HYDRO] - Couldn't initialize as-chn-ch hydro parameters, skipping...
ERROR [2024-10-30 19:24:03] [HYDRO] - Couldn't add as-chn-ch max power timeseries, skipping...
ERROR [2024-10-30 19:24:03] [HYDRO] - Couldn't add as-chn-ch hydro profiles, skipping...
ERROR [2024-10-30 19:24:04] [HYDRO] - Couldn't add as-chn-fu max power timeseries, skipping...
ERROR [2024-10-30 19:24:04] [HYDRO] - Couldn't add as-chn-fu hydro profiles, skipping...
ERROR [2024-10-30 19:24:05] [HYDRO] - Couldn't initialize as-chn-ga hydro parameters, skipping...
ERROR [2024-10-30 19:24:05] [HYDRO] - Couldn't add as-chn-ga max power timeseries, skipping...
ERROR [2024-10-30 19:24:05] [HYDRO] - Couldn't add as-chn-ga hydro profiles, skipping...
ERROR [2024-10-30 19:24:06] [HYDRO] - Couldn't initialize as-chn-gd hydro parameters, skipping...
ERROR [2024-10-30 19:24:06] [HYDRO] - Couldn't add as-chn-gd max power timeseries, skipping...
ERROR [2024-10-30 19:24:07] [HYDRO] - Couldn't add as-chn-gd hydro profiles, skipping...
ERROR [2024-10-30 19:24:40] [HYDRO] - Couldn't initialize as-chn-hb hydro parameters, skipping...
ERROR [2024-10-30 19:24:41] [HYDRO] - Couldn't add as-chn-hb max power timeseries, skipping...
ERROR [2024-10-30 19:24:42] [HYDRO] - Couldn't add as-chn-hb hydro profiles, skipping...
ERROR [2024-10-30 19:24:43] [HYDRO] - Couldn't initialize as-chn-he hydro parameters, skipping...
ERROR [2024-10-30 19:24:43] [HYDRO] - Couldn't add as-chn-he max power timeseries, skipping...
ERROR [2024-10-30 19:24:43] [HYDRO] - Couldn't add as-chn-he hydro profiles, skipping...
ERROR [2024-10-30 19:24:44] [HYDRO] - Couldn't initialize as-chn-hj hydro parameters, skipping...
ERROR [2024-10-30 19:24:44] [HYDRO] - Couldn't add as-chn-hj max power timeseries, skipping...
ERROR [2024-10-30 19:24:45] [HYDRO] - Couldn't add as-chn-hj hydro profiles, skipping...
ERROR [2024-10-30 19:24:46] [HYDRO] - Couldn't initialize as-chn-hn hydro parameters, skipping...
ERROR [2024-10-30 19:24:46] [HYDRO] - Couldn't add as-chn-hn max power timeseries, skipping...
ERROR [2024-10-30 19:24:46] [HYDRO] - Couldn't add as-chn-hn hydro profiles, skipping...
ERROR [2024-10-30 19:24:47] [HYDRO] - Couldn't initialize as-chn-hu hydro parameters, skipping...
ERROR [2024-10-30 19:24:47] [HYDRO] - Couldn't add as-chn-hu max power timeseries, skipping...
ERROR [2024-10-30 19:24:48] [HYDRO] - Couldn't add as-chn-hu hydro profiles, skipping...
ERROR [2024-10-30 19:24:48] [HYDRO] - Couldn't initialize as-chn-ji hydro parameters, skipping...
ERROR [2024-10-30 19:24:49] [HYDRO] - Couldn't add as-chn-ji max power timeseries, skipping...
ERROR [2024-10-30 19:24:49] [HYDRO] - Couldn't add as-chn-ji hydro profiles, skipping...
ERROR [2024-10-30 19:24:50] [HYDRO] - Couldn't initialize as-chn-js hydro parameters, skipping...
ERROR [2024-10-30 19:24:50] [HYDRO] - Couldn't add as-chn-js max power timeseries, skipping...
ERROR [2024-10-30 19:24:50] [HYDRO] - Couldn't add as-chn-js hydro profiles, skipping...
ERROR [2024-10-30 19:24:51] [HYDRO] - Couldn't initialize as-chn-jx hydro parameters, skipping...
ERROR [2024-10-30 19:24:51] [HYDRO] - Couldn't add as-chn-jx max power timeseries, skipping...
ERROR [2024-10-30 19:24:51] [HYDRO] - Couldn't add as-chn-jx hydro profiles, skipping...
ERROR [2024-10-30 19:24:52] [HYDRO] - Couldn't initialize as-chn-li hydro parameters, skipping...
ERROR [2024-10-30 19:24:52] [HYDRO] - Couldn't add as-chn-li max power timeseries, skipping...
ERROR [2024-10-30 19:24:53] [HYDRO] - Couldn't add as-chn-li hydro profiles, skipping...
ERROR [2024-10-30 19:24:54] [HYDRO] - Couldn't initialize as-chn-ni hydro parameters, skipping...
ERROR [2024-10-30 19:24:54] [HYDRO] - Couldn't add as-chn-ni max power timeseries, skipping...
ERROR [2024-10-30 19:24:54] [HYDRO] - Couldn't add as-chn-ni hydro profiles, skipping...
ERROR [2024-10-30 19:24:55] [HYDRO] - Couldn't initialize as-chn-qi hydro parameters, skipping...
ERROR [2024-10-30 19:24:55] [HYDRO] - Couldn't add as-chn-qi max power timeseries, skipping...
ERROR [2024-10-30 19:24:55] [HYDRO] - Couldn't add as-chn-qi hydro profiles, skipping...
ERROR [2024-10-30 19:24:56] [HYDRO] - Couldn't initialize as-chn-sc hydro parameters, skipping...
ERROR [2024-10-30 19:24:56] [HYDRO] - Couldn't add as-chn-sc max power timeseries, skipping...
ERROR [2024-10-30 19:24:58] [HYDRO] - Couldn't add as-chn-sd max power timeseries, skipping...
ERROR [2024-10-30 19:24:58] [HYDRO] - Couldn't add as-chn-sd hydro profiles, skipping...
ERROR [2024-10-30 19:24:59] [HYDRO] - Couldn't initialize as-chn-si hydro parameters, skipping...
ERROR [2024-10-30 19:24:59] [HYDRO] - Couldn't add as-chn-si max power timeseries, skipping...
ERROR [2024-10-30 19:24:59] [HYDRO] - Couldn't add as-chn-si hydro profiles, skipping...
ERROR [2024-10-30 19:25:00] [HYDRO] - Couldn't initialize as-chn-sx hydro parameters, skipping...
ERROR [2024-10-30 19:25:00] [HYDRO] - Couldn't add as-chn-sx max power timeseries, skipping...
ERROR [2024-10-30 19:25:00] [HYDRO] - Couldn't add as-chn-sx hydro profiles, skipping...
ERROR [2024-10-30 19:25:01] [HYDRO] - Couldn't initialize as-chn-ti hydro parameters, skipping...
ERROR [2024-10-30 19:25:01] [HYDRO] - Couldn't add as-chn-ti max power timeseries, skipping...
ERROR [2024-10-30 19:25:02] [HYDRO] - Couldn't add as-chn-ti hydro profiles, skipping...
ERROR [2024-10-30 19:25:03] [HYDRO] - Couldn't initialize as-chn-wm hydro parameters, skipping...
ERROR [2024-10-30 19:25:03] [HYDRO] - Couldn't add as-chn-wm max power timeseries, skipping...
ERROR [2024-10-30 19:25:03] [HYDRO] - Couldn't add as-chn-wm hydro profiles, skipping...
ERROR [2024-10-30 19:25:04] [HYDRO] - Couldn't initialize as-chn-xi hydro parameters, skipping...
ERROR [2024-10-30 19:25:04] [HYDRO] - Couldn't add as-chn-xi max power timeseries, skipping...
ERROR [2024-10-30 19:25:04] [HYDRO] - Couldn't add as-chn-xi hydro profiles, skipping...
ERROR [2024-10-30 19:25:05] [HYDRO] - Couldn't initialize as-chn-yu hydro parameters, skipping...
ERROR [2024-10-30 19:25:05] [HYDRO] - Couldn't add as-chn-yu max power timeseries, skipping...
ERROR [2024-10-30 19:25:06] [HYDRO] - Couldn't add as-chn-yu hydro profiles, skipping...
ERROR [2024-10-30 19:25:07] [HYDRO] - Couldn't initialize as-chn-zh hydro parameters, skipping...
ERROR [2024-10-30 19:25:07] [HYDRO] - Couldn't add as-chn-zh max power timeseries, skipping...
ERROR [2024-10-30 19:25:07] [HYDRO] - Couldn't add as-chn-zh hydro profiles, skipping...
ERROR [2024-10-30 19:25:08] [HYDRO] - Couldn't initialize as-idn hydro parameters, skipping...
ERROR [2024-10-30 19:25:08] [HYDRO] - Couldn't add as-idn max power timeseries, skipping...
ERROR [2024-10-30 19:25:08] [HYDRO] - Couldn't add as-idn hydro profiles, skipping...
ERROR [2024-10-30 19:25:09] [HYDRO] - Couldn't initialize as-ind-ea hydro parameters, skipping...
ERROR [2024-10-30 19:25:09] [HYDRO] - Couldn't add as-ind-ea max power timeseries, skipping...
ERROR [2024-10-30 19:25:09] [HYDRO] - Couldn't add as-ind-ea hydro profiles, skipping...
ERROR [2024-10-30 19:25:10] [HYDRO] - Couldn't initialize as-ind-ne hydro parameters, skipping...
ERROR [2024-10-30 19:25:10] [HYDRO] - Couldn't add as-ind-ne max power timeseries, skipping...
ERROR [2024-10-30 19:25:11] [HYDRO] - Couldn't add as-ind-ne hydro profiles, skipping...
ERROR [2024-10-30 19:25:12] [HYDRO] - Couldn't initialize as-ind-no hydro parameters, skipping...
ERROR [2024-10-30 19:25:12] [HYDRO] - Couldn't add as-ind-no max power timeseries, skipping...
ERROR [2024-10-30 19:25:12] [HYDRO] - Couldn't add as-ind-no hydro profiles, skipping...
ERROR [2024-10-30 19:25:13] [HYDRO] - Couldn't initialize as-ind-so hydro parameters, skipping...
ERROR [2024-10-30 19:25:13] [HYDRO] - Couldn't add as-ind-so max power timeseries, skipping...
ERROR [2024-10-30 19:25:14] [HYDRO] - Couldn't add as-ind-so hydro profiles, skipping...
ERROR [2024-10-30 19:25:15] [HYDRO] - Couldn't initialize as-ind-we hydro parameters, skipping...
ERROR [2024-10-30 19:25:15] [HYDRO] - Couldn't add as-ind-we max power timeseries, skipping...
ERROR [2024-10-30 19:25:15] [HYDRO] - Couldn't add as-ind-we hydro profiles, skipping...
ERROR [2024-10-30 19:25:16] [HYDRO] - Couldn't initialize as-irn hydro parameters, skipping...
ERROR [2024-10-30 19:25:16] [HYDRO] - Couldn't add as-irn max power timeseries, skipping...
ERROR [2024-10-30 19:25:16] [HYDRO] - Couldn't add as-irn hydro profiles, skipping...
ERROR [2024-10-30 19:25:17] [HYDRO] - Couldn't initialize as-irq hydro parameters, skipping...
ERROR [2024-10-30 19:25:17] [HYDRO] - Couldn't add as-irq max power timeseries, skipping...
ERROR [2024-10-30 19:25:17] [HYDRO] - Couldn't add as-irq hydro profiles, skipping...
ERROR [2024-10-30 19:25:18] [HYDRO] - Couldn't initialize as-jor hydro parameters, skipping...
ERROR [2024-10-30 19:25:18] [HYDRO] - Couldn't add as-jor max power timeseries, skipping...
ERROR [2024-10-30 19:25:19] [HYDRO] - Couldn't add as-jor hydro profiles, skipping...
ERROR [2024-10-30 19:25:20] [HYDRO] - Couldn't initialize as-jpn-ce hydro parameters, skipping...
ERROR [2024-10-30 19:25:20] [HYDRO] - Couldn't add as-jpn-ce max power timeseries, skipping...
ERROR [2024-10-30 19:25:20] [HYDRO] - Couldn't add as-jpn-ce hydro profiles, skipping...
ERROR [2024-10-30 19:25:21] [HYDRO] - Couldn't initialize as-jpn-ho hydro parameters, skipping...
ERROR [2024-10-30 19:25:21] [HYDRO] - Couldn't add as-jpn-ho max power timeseries, skipping...
ERROR [2024-10-30 19:25:22] [HYDRO] - Couldn't add as-jpn-ho hydro profiles, skipping...
ERROR [2024-10-30 19:25:23] [HYDRO] - Couldn't initialize as-jpn-ky hydro parameters, skipping...
ERROR [2024-10-30 19:25:23] [HYDRO] - Couldn't add as-jpn-ky max power timeseries, skipping...
ERROR [2024-10-30 19:25:23] [HYDRO] - Couldn't add as-jpn-ky hydro profiles, skipping...
ERROR [2024-10-30 19:25:24] [HYDRO] - Couldn't initialize as-jpn-sh hydro parameters, skipping...
ERROR [2024-10-30 19:25:24] [HYDRO] - Couldn't add as-jpn-sh max power timeseries, skipping...
ERROR [2024-10-30 19:25:25] [HYDRO] - Couldn't add as-jpn-sh hydro profiles, skipping...
ERROR [2024-10-30 19:25:25] [HYDRO] - Couldn't initialize as-jpn-to hydro parameters, skipping...
ERROR [2024-10-30 19:25:26] [HYDRO] - Couldn't add as-jpn-to max power timeseries, skipping...
ERROR [2024-10-30 19:25:26] [HYDRO] - Couldn't add as-jpn-to hydro profiles, skipping...
ERROR [2024-10-30 19:25:26] [HYDRO] - Couldn't initialize as-kaz hydro parameters, skipping...
ERROR [2024-10-30 19:25:26] [HYDRO] - Couldn't add as-kaz max power timeseries, skipping...
ERROR [2024-10-30 19:25:27] [HYDRO] - Couldn't add as-kaz hydro profiles, skipping...
ERROR [2024-10-30 19:25:28] [HYDRO] - Couldn't initialize as-kgz hydro parameters, skipping...
ERROR [2024-10-30 19:25:28] [HYDRO] - Couldn't add as-kgz max power timeseries, skipping...
ERROR [2024-10-30 19:25:28] [HYDRO] - Couldn't add as-kgz hydro profiles, skipping...
ERROR [2024-10-30 19:25:29] [HYDRO] - Couldn't initialize as-khm hydro parameters, skipping...
ERROR [2024-10-30 19:25:29] [HYDRO] - Couldn't add as-khm max power timeseries, skipping...
ERROR [2024-10-30 19:25:30] [HYDRO] - Couldn't add as-khm hydro profiles, skipping...
ERROR [2024-10-30 19:25:31] [HYDRO] - Couldn't initialize as-kor hydro parameters, skipping...
ERROR [2024-10-30 19:25:31] [HYDRO] - Couldn't add as-kor max power timeseries, skipping...
ERROR [2024-10-30 19:25:31] [HYDRO] - Couldn't add as-kor hydro profiles, skipping...
ERROR [2024-10-30 19:25:32] [HYDRO] - Couldn't initialize as-lao hydro parameters, skipping...
ERROR [2024-10-30 19:25:32] [HYDRO] - Couldn't add as-lao max power timeseries, skipping...
ERROR [2024-10-30 19:25:33] [HYDRO] - Couldn't add as-lao hydro profiles, skipping...
ERROR [2024-10-30 19:25:34] [HYDRO] - Couldn't initialize as-lbn hydro parameters, skipping...
ERROR [2024-10-30 19:25:34] [HYDRO] - Couldn't add as-lbn max power timeseries, skipping...
ERROR [2024-10-30 19:25:34] [HYDRO] - Couldn't add as-lbn hydro profiles, skipping...
ERROR [2024-10-30 19:25:35] [HYDRO] - Couldn't initialize as-lka hydro parameters, skipping...
ERROR [2024-10-30 19:25:35] [HYDRO] - Couldn't add as-lka max power timeseries, skipping...
ERROR [2024-10-30 19:25:35] [HYDRO] - Couldn't add as-lka hydro profiles, skipping...
ERROR [2024-10-30 19:25:36] [HYDRO] - Couldn't initialize as-mmr hydro parameters, skipping...
ERROR [2024-10-30 19:25:36] [HYDRO] - Couldn't add as-mmr max power timeseries, skipping...
ERROR [2024-10-30 19:25:36] [HYDRO] - Couldn't add as-mmr hydro profiles, skipping...
ERROR [2024-10-30 19:25:37] [HYDRO] - Couldn't initialize as-mys hydro parameters, skipping...
ERROR [2024-10-30 19:25:37] [HYDRO] - Couldn't add as-mys max power timeseries, skipping...
ERROR [2024-10-30 19:25:37] [HYDRO] - Couldn't add as-mys hydro profiles, skipping...
ERROR [2024-10-30 19:25:38] [HYDRO] - Couldn't initialize as-npl hydro parameters, skipping...
ERROR [2024-10-30 19:25:38] [HYDRO] - Couldn't add as-npl max power timeseries, skipping...
ERROR [2024-10-30 19:25:38] [HYDRO] - Couldn't add as-npl hydro profiles, skipping...
ERROR [2024-10-30 19:25:39] [HYDRO] - Couldn't initialize as-pak hydro parameters, skipping...
ERROR [2024-10-30 19:25:39] [HYDRO] - Couldn't add as-pak max power timeseries, skipping...
ERROR [2024-10-30 19:25:40] [HYDRO] - Couldn't add as-pak hydro profiles, skipping...
ERROR [2024-10-30 19:25:41] [HYDRO] - Couldn't initialize as-phl hydro parameters, skipping...
ERROR [2024-10-30 19:25:41] [HYDRO] - Couldn't add as-phl max power timeseries, skipping...
ERROR [2024-10-30 19:25:41] [HYDRO] - Couldn't add as-phl hydro profiles, skipping...
ERROR [2024-10-30 19:25:42] [HYDRO] - Couldn't initialize as-prk hydro parameters, skipping...
ERROR [2024-10-30 19:25:42] [HYDRO] - Couldn't add as-prk max power timeseries, skipping...
ERROR [2024-10-30 19:25:43] [HYDRO] - Couldn't add as-prk hydro profiles, skipping...
ERROR [2024-10-30 19:25:44] [HYDRO] - Couldn't initialize as-rus-ce hydro parameters, skipping...
ERROR [2024-10-30 19:25:44] [HYDRO] - Couldn't add as-rus-ce max power timeseries, skipping...
ERROR [2024-10-30 19:25:44] [HYDRO] - Couldn't add as-rus-ce hydro profiles, skipping...
ERROR [2024-10-30 19:25:45] [HYDRO] - Couldn't initialize as-rus-fe hydro parameters, skipping...
ERROR [2024-10-30 19:25:45] [HYDRO] - Couldn't add as-rus-fe max power timeseries, skipping...
ERROR [2024-10-30 19:25:45] [HYDRO] - Couldn't add as-rus-fe hydro profiles, skipping...
ERROR [2024-10-30 19:25:47] [HYDRO] - Couldn't initialize as-rus-mv hydro parameters, skipping...
ERROR [2024-10-30 19:25:47] [HYDRO] - Couldn't add as-rus-mv max power timeseries, skipping...
ERROR [2024-10-30 19:25:47] [HYDRO] - Couldn't add as-rus-mv hydro profiles, skipping...
ERROR [2024-10-30 19:25:47] [HYDRO] - Couldn't initialize as-rus-nw hydro parameters, skipping...
ERROR [2024-10-30 19:25:47] [HYDRO] - Couldn't add as-rus-nw max power timeseries, skipping...
ERROR [2024-10-30 19:25:48] [HYDRO] - Couldn't add as-rus-nw hydro profiles, skipping...
ERROR [2024-10-30 19:25:49] [HYDRO] - Couldn't initialize as-rus-si hydro parameters, skipping...
ERROR [2024-10-30 19:25:49] [HYDRO] - Couldn't add as-rus-si max power timeseries, skipping...
ERROR [2024-10-30 19:25:49] [HYDRO] - Couldn't add as-rus-si hydro profiles, skipping...
ERROR [2024-10-30 19:25:50] [HYDRO] - Couldn't initialize as-rus-so hydro parameters, skipping...
ERROR [2024-10-30 19:25:50] [HYDRO] - Couldn't add as-rus-so max power timeseries, skipping...
ERROR [2024-10-30 19:25:51] [HYDRO] - Couldn't add as-rus-so hydro profiles, skipping...
ERROR [2024-10-30 19:25:52] [HYDRO] - Couldn't initialize as-rus-ur hydro parameters, skipping...
ERROR [2024-10-30 19:25:52] [HYDRO] - Couldn't add as-rus-ur max power timeseries, skipping...
ERROR [2024-10-30 19:25:52] [HYDRO] - Couldn't add as-rus-ur hydro profiles, skipping...
ERROR [2024-10-30 19:25:52] [HYDRO] - Couldn't initialize as-syr hydro parameters, skipping...
ERROR [2024-10-30 19:25:52] [HYDRO] - Couldn't add as-syr max power timeseries, skipping...
ERROR [2024-10-30 19:25:52] [HYDRO] - Couldn't add as-syr hydro profiles, skipping...
ERROR [2024-10-30 19:25:52] [HYDRO] - Couldn't initialize as-tha hydro parameters, skipping...
ERROR [2024-10-30 19:25:52] [HYDRO] - Couldn't add as-tha max power timeseries, skipping...
ERROR [2024-10-30 19:25:53] [HYDRO] - Couldn't add as-tha hydro profiles, skipping...
ERROR [2024-10-30 19:26:19] [HYDRO] - Couldn't add sa-pry max power timeseries, skipping...
ERROR [2024-10-30 19:26:19] [HYDRO] - Couldn't add sa-pry hydro profiles, skipping...
ERROR [2024-10-30 19:26:19] [HYDRO] - Couldn't initialize sa-ury hydro parameters, skipping...
ERROR [2024-10-30 19:26:19] [HYDRO] - Couldn't add sa-ury max power timeseries, skipping...
ERROR [2024-10-30 19:26:19] [HYDRO] - Couldn't add sa-ury hydro profiles, skipping...
ERROR [2024-10-30 19:26:19] [HYDRO] - Couldn't initialize sa-ven hydro parameters, skipping...
ERROR [2024-10-30 19:26:19] [HYDRO] - Couldn't add sa-ven max power timeseries, skipping...
ERROR [2024-10-30 19:26:19] [HYDRO] - Couldn't add sa-ven hydro profiles, skipping...
ERROR [2024-10-30 19:26:19] [HYDRO] - Couldn't initialize NA hydro parameters, skipping...
ERROR [2024-10-30 19:26:19] [HYDRO] - Couldn't add NA max power timeseries, skipping...
ERROR [2024-10-30 19:26:19] [HYDRO] - Couldn't add NA hydro profiles, skipping...
