INFO [2024-09-10 09:51:14] [MAIN] - Reading simulations of pre-existing v2_20clu__2024_09_04_22_33_36 study...
INFO [2024-09-10 09:51:15] [MAIN] - Opening 20240905-0707eco-world_vOutages_accurateUCM simulation...
INFO [2024-09-10 09:51:15] [MAIN] - Preparing to save global production stack...
INFO [2024-09-10 09:51:22] [MAIN] - Done saving global production stack! (run time : 6.75s).

INFO [2024-09-10 09:51:22] [MAIN] - Preparing to save continental production stacks...
INFO [2024-09-10 09:52:04] [MAIN] - Done saving continental production stacks! (run time : 42.67s).

INFO [2024-09-10 09:52:04] [MAIN] - Preparing to save national production stacks...
INFO [2024-09-10 10:13:34] [MAIN] - Done saving national production stacks! (run time : 21.49min).

INFO [2024-09-10 10:13:34] [MAIN] - Preparing to save regional production stacks...
INFO [2024-09-10 10:25:33] [MAIN] - Done saving regional production stacks! (run time : 11.98min).

INFO [2024-09-10 10:25:33] [MAIN] - Preparing to save global production stack...
INFO [2024-09-10 10:25:37] [MAIN] - Done saving global production stack! (run time : 4.75s).

INFO [2024-09-10 10:25:37] [MAIN] - Preparing to save continental production stacks...
INFO [2024-09-10 10:26:04] [MAIN] - Done saving continental production stacks! (run time : 26.69s).

INFO [2024-09-10 10:26:04] [MAIN] - Preparing to save national production stacks...
INFO [2024-09-10 10:41:42] [MAIN] - Done saving national production stacks! (run time : 15.63min).

INFO [2024-09-10 10:41:42] [MAIN] - Preparing to save regional production stacks...
INFO [2024-09-10 10:52:03] [MAIN] - Done saving regional production stacks! (run time : 10.34min).

INFO [2024-09-10 10:52:03] [MAIN] - Preparing to save global production stack...
INFO [2024-09-10 10:52:07] [MAIN] - Done saving global production stack! (run time : 4.63s).

INFO [2024-09-10 10:52:07] [MAIN] - Preparing to save continental production stacks...
INFO [2024-09-10 10:52:36] [MAIN] - Done saving continental production stacks! (run time : 29.09s).

INFO [2024-09-10 10:52:36] [MAIN] - Preparing to save national production stacks...
INFO [2024-09-10 11:10:07] [MAIN] - Done saving national production stacks! (run time : 17.52min).

INFO [2024-09-10 11:10:07] [MAIN] - Preparing to save regional production stacks...
INFO [2024-09-10 11:19:57] [MAIN] - Done saving regional production stacks! (run time : 9.82min).

INFO [2024-09-10 11:19:57] [MAIN] - Preparing to save global load monotones...
INFO [2024-09-10 11:24:07] [MAIN] - Done saving global load monotones! (run time : 4.17 min).

INFO [2024-09-10 11:24:07] [MAIN] - Preparing to save continental load monotones...
INFO [2024-09-10 11:50:12] [MAIN] - Done saving continental load monotones! (run time : 26.08 min).

INFO [2024-09-10 11:50:12] [MAIN] - Preparing to save national load monotones...
