ERROR [2024-08-08 15:32:07] [WARN] - Skipped adding wind data for EU-ALB (no generators found in PLEXOS).
ERROR [2024-08-08 15:32:07] [WARN] - Skipped adding wind data for EU-ARM (no generators found in PLEXOS).
ERROR [2024-08-08 15:32:07] [WARN] - Skipped adding wind data for EU-AZE (no generators found in PLEXOS).
ERROR [2024-08-08 15:32:08] [WARN] - Skipped adding wind data for EU-BIH (no generators found in PLEXOS).
ERROR [2024-08-08 15:32:08] [WARN] - Skipped adding wind data for EU-BLR (no generators found in PLEXOS).
ERROR [2024-08-08 15:32:11] [WARN] - Skipped adding wind data for EU-GEO (no generators found in PLEXOS).
ERROR [2024-08-08 15:32:12] [WARN] - Skipped adding wind data for EU-ISL (no generators found in PLEXOS).
ERROR [2024-08-08 15:32:12] [WARN] - Skipped adding wind data for EU-KOS (no generators found in PLEXOS).
ERROR [2024-08-08 15:32:13] [WARN] - Skipped adding wind data for EU-MDA (no generators found in PLEXOS).
ERROR [2024-08-08 15:32:13] [WARN] - Skipped adding wind data for EU-MKD (no generators found in PLEXOS).
ERROR [2024-08-08 15:32:13] [WARN] - Skipped adding wind data for EU-MNE (no generators found in PLEXOS).
ERROR [2024-08-08 15:32:15] [WARN] - Skipped adding wind data for EU-SRB (no generators found in PLEXOS).
ERROR [2024-08-08 15:32:15] [WARN] - Skipped adding wind data for EU-SVK (no generators found in PLEXOS).
ERROR [2024-08-08 15:32:15] [WARN] - Skipped adding wind data for EU-SVN (no generators found in PLEXOS).
ERROR [2024-08-08 15:32:15] [WARN] - Skipped adding solar data for EU-ALB (no generators found in PLEXOS).
ERROR [2024-08-08 15:32:15] [WARN] - Skipped adding solar data for EU-ARM (no generators found in PLEXOS).
ERROR [2024-08-08 15:32:17] [WARN] - Skipped adding solar data for EU-BIH (no generators found in PLEXOS).
ERROR [2024-08-08 15:32:17] [WARN] - Skipped adding solar data for EU-BLR (no generators found in PLEXOS).
ERROR [2024-08-08 15:32:18] [WARN] - Skipped adding solar data for EU-EST (no generators found in PLEXOS).
ERROR [2024-08-08 15:32:19] [WARN] - Skipped adding solar data for EU-GEO (no generators found in PLEXOS).
ERROR [2024-08-08 15:32:20] [WARN] - Skipped adding solar data for EU-IRL (no generators found in PLEXOS).
ERROR [2024-08-08 15:32:20] [WARN] - Skipped adding solar data for EU-ISL (no generators found in PLEXOS).
ERROR [2024-08-08 15:32:20] [WARN] - Skipped adding solar data for EU-KOS (no generators found in PLEXOS).
ERROR [2024-08-08 15:32:21] [WARN] - Skipped adding solar data for EU-LVA (no generators found in PLEXOS).
ERROR [2024-08-08 15:32:21] [WARN] - Skipped adding solar data for EU-MDA (no generators found in PLEXOS).
ERROR [2024-08-08 15:32:21] [WARN] - Skipped adding solar data for EU-MNE (no generators found in PLEXOS).
