INFO [2024-08-08 15:31:32] [MAIN] - Creating Deane_Beta_EU__2024_08_08_15_31_31 study...

INFO [2024-08-08 15:31:32] [MAIN] - Unit commitment mode : FAST
INFO [2024-08-08 15:31:32] [MAIN] - Adding nodes...

INFO [2024-08-08 15:31:35] [NODES] - Adding EU-ALB node...
INFO [2024-08-08 15:31:35] [NODES] - Adding EU-ARM node...
INFO [2024-08-08 15:31:35] [NODES] - Adding EU-AUT node...
INFO [2024-08-08 15:31:36] [NODES] - Adding EU-AZE node...
INFO [2024-08-08 15:31:36] [NODES] - Adding EU-BEL node...
INFO [2024-08-08 15:31:36] [NODES] - Adding EU-BGR node...
INFO [2024-08-08 15:31:36] [NODES] - Adding EU-BIH node...
INFO [2024-08-08 15:31:37] [NODES] - Adding EU-BLR node...
INFO [2024-08-08 15:31:37] [NODES] - Adding EU-CHE node...
INFO [2024-08-08 15:31:37] [NODES] - Adding EU-CYP node...
INFO [2024-08-08 15:31:38] [NODES] - Adding EU-CZE node...
INFO [2024-08-08 15:31:38] [NODES] - Adding EU-DEU node...
INFO [2024-08-08 15:31:39] [NODES] - Adding EU-DNK node...
INFO [2024-08-08 15:31:39] [NODES] - Adding EU-ESP node...
INFO [2024-08-08 15:31:40] [NODES] - Adding EU-EST node...
INFO [2024-08-08 15:31:40] [NODES] - Adding EU-FIN node...
INFO [2024-08-08 15:31:40] [NODES] - Adding EU-FRA node...
INFO [2024-08-08 15:31:41] [NODES] - Adding EU-GBR node...
INFO [2024-08-08 15:31:41] [NODES] - Adding EU-GEO node...
INFO [2024-08-08 15:31:42] [NODES] - Adding EU-GRC node...
INFO [2024-08-08 15:31:42] [NODES] - Adding EU-HRV node...
INFO [2024-08-08 15:31:43] [NODES] - Adding EU-HUN node...
INFO [2024-08-08 15:31:43] [NODES] - Adding EU-IRL node...
INFO [2024-08-08 15:31:43] [NODES] - Adding EU-ISL node...
INFO [2024-08-08 15:31:44] [NODES] - Adding EU-ITA node...
INFO [2024-08-08 15:31:44] [NODES] - Adding EU-KOS node...
INFO [2024-08-08 15:31:45] [NODES] - Adding EU-LTU node...
INFO [2024-08-08 15:31:45] [NODES] - Adding EU-LUX node...
INFO [2024-08-08 15:31:46] [NODES] - Adding EU-LVA node...
INFO [2024-08-08 15:31:46] [NODES] - Adding EU-MDA node...
INFO [2024-08-08 15:31:47] [NODES] - Adding EU-MKD node...
INFO [2024-08-08 15:31:47] [NODES] - Adding EU-MNE node...
INFO [2024-08-08 15:31:48] [NODES] - Adding EU-NLD node...
INFO [2024-08-08 15:31:48] [NODES] - Adding EU-NOR node...
INFO [2024-08-08 15:31:49] [NODES] - Adding EU-POL node...
INFO [2024-08-08 15:31:49] [NODES] - Adding EU-PRT node...
INFO [2024-08-08 15:31:50] [NODES] - Adding EU-ROU node...
INFO [2024-08-08 15:31:51] [NODES] - Adding EU-SRB node...
INFO [2024-08-08 15:31:51] [NODES] - Adding EU-SVK node...
INFO [2024-08-08 15:31:51] [NODES] - Adding EU-SVN node...
INFO [2024-08-08 15:31:52] [NODES] - Adding EU-SWE node...
INFO [2024-08-08 15:31:53] [NODES] - Adding EU-UKR node...
INFO [2024-08-08 15:31:53] [MAIN] - Done adding nodes! (run time : 21.41s).

INFO [2024-08-08 15:31:53] [MAIN] - Adding load data...

INFO [2024-08-08 15:31:55] [LOAD] - Adding EU-ALB load data...
INFO [2024-08-08 15:31:55] [LOAD] - Adding EU-ARM load data...
INFO [2024-08-08 15:31:55] [LOAD] - Adding EU-AUT load data...
INFO [2024-08-08 15:31:56] [LOAD] - Adding EU-AZE load data...
INFO [2024-08-08 15:31:56] [LOAD] - Adding EU-BEL load data...
INFO [2024-08-08 15:31:56] [LOAD] - Adding EU-BGR load data...
INFO [2024-08-08 15:31:57] [LOAD] - Adding EU-BIH load data...
INFO [2024-08-08 15:31:57] [LOAD] - Adding EU-BLR load data...
INFO [2024-08-08 15:31:57] [LOAD] - Adding EU-CHE load data...
INFO [2024-08-08 15:31:58] [LOAD] - Adding EU-CYP load data...
INFO [2024-08-08 15:31:58] [LOAD] - Adding EU-CZE load data...
INFO [2024-08-08 15:31:58] [LOAD] - Adding EU-DEU load data...
INFO [2024-08-08 15:31:59] [LOAD] - Adding EU-DNK load data...
INFO [2024-08-08 15:31:59] [LOAD] - Adding EU-ESP load data...
INFO [2024-08-08 15:31:59] [LOAD] - Adding EU-EST load data...
INFO [2024-08-08 15:31:59] [LOAD] - Adding EU-FIN load data...
INFO [2024-08-08 15:32:00] [LOAD] - Adding EU-FRA load data...
INFO [2024-08-08 15:32:00] [LOAD] - Adding EU-GBR load data...
INFO [2024-08-08 15:32:00] [LOAD] - Adding EU-GEO load data...
INFO [2024-08-08 15:32:01] [LOAD] - Adding EU-GRC load data...
INFO [2024-08-08 15:32:01] [LOAD] - Adding EU-HRV load data...
INFO [2024-08-08 15:32:01] [LOAD] - Adding EU-HUN load data...
INFO [2024-08-08 15:32:01] [LOAD] - Adding EU-IRL load data...
INFO [2024-08-08 15:32:02] [LOAD] - Adding EU-ISL load data...
INFO [2024-08-08 15:32:02] [LOAD] - Adding EU-ITA load data...
INFO [2024-08-08 15:32:02] [LOAD] - Adding EU-KOS load data...
INFO [2024-08-08 15:32:03] [LOAD] - Adding EU-LTU load data...
INFO [2024-08-08 15:32:03] [LOAD] - Adding EU-LUX load data...
INFO [2024-08-08 15:32:03] [LOAD] - Adding EU-LVA load data...
INFO [2024-08-08 15:32:03] [LOAD] - Adding EU-MDA load data...
INFO [2024-08-08 15:32:04] [LOAD] - Adding EU-MKD load data...
INFO [2024-08-08 15:32:04] [LOAD] - Adding EU-MNE load data...
INFO [2024-08-08 15:32:04] [LOAD] - Adding EU-NLD load data...
INFO [2024-08-08 15:32:05] [LOAD] - Adding EU-NOR load data...
INFO [2024-08-08 15:32:05] [LOAD] - Adding EU-POL load data...
INFO [2024-08-08 15:32:05] [LOAD] - Adding EU-PRT load data...
INFO [2024-08-08 15:32:05] [LOAD] - Adding EU-ROU load data...
INFO [2024-08-08 15:32:06] [LOAD] - Adding EU-SRB load data...
INFO [2024-08-08 15:32:06] [LOAD] - Adding EU-SVK load data...
INFO [2024-08-08 15:32:06] [LOAD] - Adding EU-SVN load data...
INFO [2024-08-08 15:32:06] [LOAD] - Adding EU-SWE load data...
INFO [2024-08-08 15:32:07] [LOAD] - Adding EU-UKR load data...
INFO [2024-08-08 15:32:07] [MAIN] - Done adding load data! (run time : 13.68s).

INFO [2024-08-08 15:32:07] [MAIN] - Fetching wind data...

INFO [2024-08-08 15:32:07] [WARN] - Skipped adding wind data for EU-ALB (no generators found in PLEXOS).
INFO [2024-08-08 15:32:07] [WARN] - Skipped adding wind data for EU-ARM (no generators found in PLEXOS).
INFO [2024-08-08 15:32:07] [WIND] - Adding EU-AUT aggregated wind data...
INFO [2024-08-08 15:32:07] [WARN] - Skipped adding wind data for EU-AZE (no generators found in PLEXOS).
INFO [2024-08-08 15:32:08] [WIND] - Adding EU-BEL aggregated wind data...
INFO [2024-08-08 15:32:08] [WIND] - Adding EU-BGR aggregated wind data...
INFO [2024-08-08 15:32:08] [WARN] - Skipped adding wind data for EU-BIH (no generators found in PLEXOS).
INFO [2024-08-08 15:32:08] [WARN] - Skipped adding wind data for EU-BLR (no generators found in PLEXOS).
INFO [2024-08-08 15:32:08] [WIND] - Adding EU-CHE aggregated wind data...
INFO [2024-08-08 15:32:09] [WIND] - Adding EU-CYP aggregated wind data...
INFO [2024-08-08 15:32:09] [WIND] - Adding EU-CZE aggregated wind data...
INFO [2024-08-08 15:32:09] [WIND] - Adding EU-DEU aggregated wind data...
INFO [2024-08-08 15:32:09] [WIND] - Adding EU-DNK aggregated wind data...
INFO [2024-08-08 15:32:10] [WIND] - Adding EU-ESP aggregated wind data...
INFO [2024-08-08 15:32:10] [WIND] - Adding EU-EST aggregated wind data...
INFO [2024-08-08 15:32:10] [WIND] - Adding EU-FIN aggregated wind data...
INFO [2024-08-08 15:32:11] [WIND] - Adding EU-FRA aggregated wind data...
INFO [2024-08-08 15:32:11] [WIND] - Adding EU-GBR aggregated wind data...
INFO [2024-08-08 15:32:11] [WARN] - Skipped adding wind data for EU-GEO (no generators found in PLEXOS).
INFO [2024-08-08 15:32:11] [WIND] - Adding EU-GRC aggregated wind data...
INFO [2024-08-08 15:32:12] [WIND] - Adding EU-HRV aggregated wind data...
INFO [2024-08-08 15:32:12] [WIND] - Adding EU-HUN aggregated wind data...
INFO [2024-08-08 15:32:12] [WIND] - Adding EU-IRL aggregated wind data...
INFO [2024-08-08 15:32:12] [WARN] - Skipped adding wind data for EU-ISL (no generators found in PLEXOS).
INFO [2024-08-08 15:32:12] [WIND] - Adding EU-ITA aggregated wind data...
INFO [2024-08-08 15:32:12] [WARN] - Skipped adding wind data for EU-KOS (no generators found in PLEXOS).
INFO [2024-08-08 15:32:13] [WIND] - Adding EU-LTU aggregated wind data...
INFO [2024-08-08 15:32:13] [WIND] - Adding EU-LUX aggregated wind data...
INFO [2024-08-08 15:32:13] [WIND] - Adding EU-LVA aggregated wind data...
INFO [2024-08-08 15:32:13] [WARN] - Skipped adding wind data for EU-MDA (no generators found in PLEXOS).
INFO [2024-08-08 15:32:13] [WARN] - Skipped adding wind data for EU-MKD (no generators found in PLEXOS).
INFO [2024-08-08 15:32:13] [WARN] - Skipped adding wind data for EU-MNE (no generators found in PLEXOS).
INFO [2024-08-08 15:32:14] [WIND] - Adding EU-NLD aggregated wind data...
INFO [2024-08-08 15:32:14] [WIND] - Adding EU-NOR aggregated wind data...
INFO [2024-08-08 15:32:14] [WIND] - Adding EU-POL aggregated wind data...
INFO [2024-08-08 15:32:14] [WIND] - Adding EU-PRT aggregated wind data...
INFO [2024-08-08 15:32:15] [WIND] - Adding EU-ROU aggregated wind data...
INFO [2024-08-08 15:32:15] [WARN] - Skipped adding wind data for EU-SRB (no generators found in PLEXOS).
INFO [2024-08-08 15:32:15] [WARN] - Skipped adding wind data for EU-SVK (no generators found in PLEXOS).
INFO [2024-08-08 15:32:15] [WARN] - Skipped adding wind data for EU-SVN (no generators found in PLEXOS).
INFO [2024-08-08 15:32:15] [WIND] - Adding EU-SWE aggregated wind data...
INFO [2024-08-08 15:32:15] [WIND] - Adding EU-UKR aggregated wind data...
INFO [2024-08-08 15:32:15] [MAIN] - Done adding wind data! (run time : 8.27s).

INFO [2024-08-08 15:32:15] [MAIN] - Fetching solar data...

INFO [2024-08-08 15:32:15] [WARN] - Skipped adding solar data for EU-ALB (no generators found in PLEXOS).
INFO [2024-08-08 15:32:15] [WARN] - Skipped adding solar data for EU-ARM (no generators found in PLEXOS).
INFO [2024-08-08 15:32:16] [SOLAR] - Adding EU-AUT aggregated solar data...
INFO [2024-08-08 15:32:16] [SOLAR] - Adding EU-AZE aggregated solar data...
INFO [2024-08-08 15:32:16] [SOLAR] - Adding EU-BEL aggregated solar data...
INFO [2024-08-08 15:32:17] [SOLAR] - Adding EU-BGR aggregated solar data...
INFO [2024-08-08 15:32:17] [WARN] - Skipped adding solar data for EU-BIH (no generators found in PLEXOS).
INFO [2024-08-08 15:32:17] [WARN] - Skipped adding solar data for EU-BLR (no generators found in PLEXOS).
INFO [2024-08-08 15:32:17] [SOLAR] - Adding EU-CHE aggregated solar data...
INFO [2024-08-08 15:32:17] [SOLAR] - Adding EU-CYP aggregated solar data...
INFO [2024-08-08 15:32:17] [SOLAR] - Adding EU-CZE aggregated solar data...
INFO [2024-08-08 15:32:18] [SOLAR] - Adding EU-DEU aggregated solar data...
INFO [2024-08-08 15:32:18] [SOLAR] - Adding EU-DNK aggregated solar data...
INFO [2024-08-08 15:32:18] [SOLAR] - Adding EU-ESP aggregated solar data...
INFO [2024-08-08 15:32:18] [WARN] - Skipped adding solar data for EU-EST (no generators found in PLEXOS).
INFO [2024-08-08 15:32:18] [SOLAR] - Adding EU-FIN aggregated solar data...
INFO [2024-08-08 15:32:19] [SOLAR] - Adding EU-FRA aggregated solar data...
INFO [2024-08-08 15:32:19] [SOLAR] - Adding EU-GBR aggregated solar data...
INFO [2024-08-08 15:32:19] [WARN] - Skipped adding solar data for EU-GEO (no generators found in PLEXOS).
INFO [2024-08-08 15:32:19] [SOLAR] - Adding EU-GRC aggregated solar data...
INFO [2024-08-08 15:32:19] [SOLAR] - Adding EU-HRV aggregated solar data...
INFO [2024-08-08 15:32:20] [SOLAR] - Adding EU-HUN aggregated solar data...
INFO [2024-08-08 15:32:20] [WARN] - Skipped adding solar data for EU-IRL (no generators found in PLEXOS).
INFO [2024-08-08 15:32:20] [WARN] - Skipped adding solar data for EU-ISL (no generators found in PLEXOS).
INFO [2024-08-08 15:32:20] [SOLAR] - Adding EU-ITA aggregated solar data...
INFO [2024-08-08 15:32:20] [WARN] - Skipped adding solar data for EU-KOS (no generators found in PLEXOS).
INFO [2024-08-08 15:32:20] [SOLAR] - Adding EU-LTU aggregated solar data...
INFO [2024-08-08 15:32:21] [SOLAR] - Adding EU-LUX aggregated solar data...
INFO [2024-08-08 15:32:21] [WARN] - Skipped adding solar data for EU-LVA (no generators found in PLEXOS).
INFO [2024-08-08 15:32:21] [WARN] - Skipped adding solar data for EU-MDA (no generators found in PLEXOS).
INFO [2024-08-08 15:32:21] [SOLAR] - Adding EU-MKD aggregated solar data...
INFO [2024-08-08 15:32:21] [WARN] - Skipped adding solar data for EU-MNE (no generators found in PLEXOS).
INFO [2024-08-08 15:32:21] [SOLAR] - Adding EU-NLD aggregated solar data...
INFO [2024-08-08 15:32:22] [SOLAR] - Adding EU-NOR aggregated solar data...
INFO [2024-08-08 15:32:22] [SOLAR] - Adding EU-POL aggregated solar data...
INFO [2024-08-08 15:32:23] [SOLAR] - Adding EU-PRT aggregated solar data...
INFO [2024-08-08 15:32:23] [SOLAR] - Adding EU-ROU aggregated solar data...
INFO [2024-08-08 15:32:24] [SOLAR] - Adding EU-SRB aggregated solar data...
INFO [2024-08-08 15:32:24] [SOLAR] - Adding EU-SVK aggregated solar data...
INFO [2024-08-08 15:32:24] [SOLAR] - Adding EU-SVN aggregated solar data...
INFO [2024-08-08 15:32:25] [SOLAR] - Adding EU-SWE aggregated solar data...
INFO [2024-08-08 15:32:25] [SOLAR] - Adding EU-UKR aggregated solar data...
INFO [2024-08-08 15:32:25] [MAIN] - Done adding solar data! (run time : 9.68s).

INFO [2024-08-08 15:32:25] [MAIN] - Beginning hydro implementation...
INFO [2024-08-08 15:32:27] [HYDRO] - Initializing EU-ALB hydro parameters...
INFO [2024-08-08 15:32:27] [HYDRO] - Adding EU-ALB max power timeseries...
INFO [2024-08-08 15:32:28] [HYDRO] - Adding EU-ALB hydro profiles...
INFO [2024-08-08 15:32:30] [HYDRO] - Initializing EU-ARM hydro parameters...
INFO [2024-08-08 15:32:31] [HYDRO] - Adding EU-ARM max power timeseries...
INFO [2024-08-08 15:32:32] [HYDRO] - Adding EU-ARM hydro profiles...
INFO [2024-08-08 15:32:33] [HYDRO] - Initializing EU-AUT hydro parameters...
INFO [2024-08-08 15:32:34] [HYDRO] - Adding EU-AUT max power timeseries...
INFO [2024-08-08 15:32:35] [HYDRO] - Adding EU-AUT hydro profiles...
INFO [2024-08-08 15:32:36] [HYDRO] - Initializing EU-AZE hydro parameters...
INFO [2024-08-08 15:32:37] [HYDRO] - Adding EU-AZE max power timeseries...
INFO [2024-08-08 15:32:38] [HYDRO] - Adding EU-AZE hydro profiles...
INFO [2024-08-08 15:32:39] [HYDRO] - Initializing EU-BEL hydro parameters...
INFO [2024-08-08 15:32:40] [HYDRO] - Adding EU-BEL max power timeseries...
INFO [2024-08-08 15:32:41] [HYDRO] - Adding EU-BEL hydro profiles...
INFO [2024-08-08 15:32:42] [HYDRO] - Initializing EU-BGR hydro parameters...
INFO [2024-08-08 15:32:43] [HYDRO] - Adding EU-BGR max power timeseries...
INFO [2024-08-08 15:32:44] [HYDRO] - Adding EU-BGR hydro profiles...
INFO [2024-08-08 15:32:45] [HYDRO] - Initializing EU-BIH hydro parameters...
INFO [2024-08-08 15:32:46] [HYDRO] - Adding EU-BIH max power timeseries...
INFO [2024-08-08 15:32:47] [HYDRO] - Adding EU-BIH hydro profiles...
INFO [2024-08-08 15:32:48] [HYDRO] - Initializing EU-BLR hydro parameters...
INFO [2024-08-08 15:32:49] [HYDRO] - Adding EU-BLR max power timeseries...
INFO [2024-08-08 15:32:50] [HYDRO] - Adding EU-BLR hydro profiles...
INFO [2024-08-08 15:32:51] [HYDRO] - Initializing EU-CHE hydro parameters...
INFO [2024-08-08 15:32:52] [HYDRO] - Adding EU-CHE max power timeseries...
INFO [2024-08-08 15:32:53] [HYDRO] - Adding EU-CHE hydro profiles...
INFO [2024-08-08 15:32:54] [HYDRO] - Initializing EU-CZE hydro parameters...
INFO [2024-08-08 15:32:55] [HYDRO] - Adding EU-CZE max power timeseries...
INFO [2024-08-08 15:32:56] [HYDRO] - Adding EU-CZE hydro profiles...
INFO [2024-08-08 15:32:57] [HYDRO] - Initializing EU-DEU hydro parameters...
INFO [2024-08-08 15:32:58] [HYDRO] - Adding EU-DEU max power timeseries...
INFO [2024-08-08 15:32:59] [HYDRO] - Adding EU-DEU hydro profiles...
INFO [2024-08-08 15:33:00] [HYDRO] - Initializing EU-ESP hydro parameters...
INFO [2024-08-08 15:33:01] [HYDRO] - Adding EU-ESP max power timeseries...
INFO [2024-08-08 15:33:02] [HYDRO] - Adding EU-ESP hydro profiles...
INFO [2024-08-08 15:33:03] [HYDRO] - Initializing EU-FIN hydro parameters...
INFO [2024-08-08 15:33:04] [HYDRO] - Adding EU-FIN max power timeseries...
INFO [2024-08-08 15:33:05] [HYDRO] - Adding EU-FIN hydro profiles...
INFO [2024-08-08 15:33:06] [HYDRO] - Initializing EU-FRA hydro parameters...
INFO [2024-08-08 15:33:07] [HYDRO] - Adding EU-FRA max power timeseries...
INFO [2024-08-08 15:33:07] [HYDRO] - Adding EU-FRA hydro profiles...
INFO [2024-08-08 15:33:09] [HYDRO] - Initializing EU-GBR hydro parameters...
INFO [2024-08-08 15:33:09] [HYDRO] - Adding EU-GBR max power timeseries...
INFO [2024-08-08 15:33:10] [HYDRO] - Adding EU-GBR hydro profiles...
INFO [2024-08-08 15:33:12] [HYDRO] - Initializing EU-GEO hydro parameters...
INFO [2024-08-08 15:33:13] [HYDRO] - Adding EU-GEO max power timeseries...
INFO [2024-08-08 15:33:13] [HYDRO] - Adding EU-GEO hydro profiles...
INFO [2024-08-08 15:33:15] [HYDRO] - Initializing EU-GRC hydro parameters...
INFO [2024-08-08 15:33:15] [HYDRO] - Adding EU-GRC max power timeseries...
INFO [2024-08-08 15:33:16] [HYDRO] - Adding EU-GRC hydro profiles...
INFO [2024-08-08 15:33:18] [HYDRO] - Initializing EU-HRV hydro parameters...
INFO [2024-08-08 15:33:19] [HYDRO] - Adding EU-HRV max power timeseries...
INFO [2024-08-08 15:33:19] [HYDRO] - Adding EU-HRV hydro profiles...
INFO [2024-08-08 15:33:21] [HYDRO] - Initializing EU-HUN hydro parameters...
INFO [2024-08-08 15:33:21] [HYDRO] - Adding EU-HUN max power timeseries...
INFO [2024-08-08 15:33:22] [HYDRO] - Adding EU-HUN hydro profiles...
INFO [2024-08-08 15:33:24] [HYDRO] - Initializing EU-IRL hydro parameters...
INFO [2024-08-08 15:33:24] [HYDRO] - Adding EU-IRL max power timeseries...
INFO [2024-08-08 15:33:25] [HYDRO] - Adding EU-IRL hydro profiles...
INFO [2024-08-08 15:33:27] [HYDRO] - Initializing EU-ISL hydro parameters...
INFO [2024-08-08 15:33:27] [HYDRO] - Adding EU-ISL max power timeseries...
INFO [2024-08-08 15:33:28] [HYDRO] - Adding EU-ISL hydro profiles...
INFO [2024-08-08 15:33:30] [HYDRO] - Initializing EU-ITA hydro parameters...
INFO [2024-08-08 15:33:31] [HYDRO] - Adding EU-ITA max power timeseries...
INFO [2024-08-08 15:33:32] [HYDRO] - Adding EU-ITA hydro profiles...
INFO [2024-08-08 15:33:33] [HYDRO] - Initializing EU-KOS hydro parameters...
INFO [2024-08-08 15:33:34] [HYDRO] - Adding EU-KOS max power timeseries...
INFO [2024-08-08 15:33:35] [HYDRO] - Adding EU-KOS hydro profiles...
INFO [2024-08-08 15:33:36] [HYDRO] - Initializing EU-LTU hydro parameters...
INFO [2024-08-08 15:33:37] [HYDRO] - Adding EU-LTU max power timeseries...
INFO [2024-08-08 15:33:38] [HYDRO] - Adding EU-LTU hydro profiles...
INFO [2024-08-08 15:33:39] [HYDRO] - Initializing EU-LUX hydro parameters...
INFO [2024-08-08 15:33:40] [HYDRO] - Adding EU-LUX max power timeseries...
INFO [2024-08-08 15:33:41] [HYDRO] - Adding EU-LUX hydro profiles...
INFO [2024-08-08 15:33:42] [HYDRO] - Initializing EU-LVA hydro parameters...
INFO [2024-08-08 15:33:43] [HYDRO] - Adding EU-LVA max power timeseries...
INFO [2024-08-08 15:33:44] [HYDRO] - Adding EU-LVA hydro profiles...
INFO [2024-08-08 15:33:45] [HYDRO] - Initializing EU-MDA hydro parameters...
INFO [2024-08-08 15:33:46] [HYDRO] - Adding EU-MDA max power timeseries...
INFO [2024-08-08 15:33:47] [HYDRO] - Adding EU-MDA hydro profiles...
INFO [2024-08-08 15:33:48] [HYDRO] - Initializing EU-MKD hydro parameters...
INFO [2024-08-08 15:33:49] [HYDRO] - Adding EU-MKD max power timeseries...
INFO [2024-08-08 15:33:50] [HYDRO] - Adding EU-MKD hydro profiles...
INFO [2024-08-08 15:33:51] [HYDRO] - Initializing EU-MNE hydro parameters...
INFO [2024-08-08 15:33:52] [HYDRO] - Adding EU-MNE max power timeseries...
INFO [2024-08-08 15:33:53] [HYDRO] - Adding EU-MNE hydro profiles...
INFO [2024-08-08 15:33:54] [HYDRO] - Initializing EU-NLD hydro parameters...
INFO [2024-08-08 15:33:55] [HYDRO] - Adding EU-NLD max power timeseries...
INFO [2024-08-08 15:33:56] [HYDRO] - Adding EU-NLD hydro profiles...
INFO [2024-08-08 15:33:58] [HYDRO] - Initializing EU-NOR hydro parameters...
INFO [2024-08-08 15:33:59] [HYDRO] - Adding EU-NOR max power timeseries...
INFO [2024-08-08 15:34:00] [HYDRO] - Adding EU-NOR hydro profiles...
INFO [2024-08-08 15:34:01] [HYDRO] - Initializing EU-POL hydro parameters...
INFO [2024-08-08 15:34:02] [HYDRO] - Adding EU-POL max power timeseries...
INFO [2024-08-08 15:34:03] [HYDRO] - Adding EU-POL hydro profiles...
INFO [2024-08-08 15:34:04] [HYDRO] - Initializing EU-PRT hydro parameters...
INFO [2024-08-08 15:34:05] [HYDRO] - Adding EU-PRT max power timeseries...
INFO [2024-08-08 15:34:05] [HYDRO] - Adding EU-PRT hydro profiles...
INFO [2024-08-08 15:34:07] [HYDRO] - Initializing EU-ROU hydro parameters...
INFO [2024-08-08 15:34:08] [HYDRO] - Adding EU-ROU max power timeseries...
INFO [2024-08-08 15:34:09] [HYDRO] - Adding EU-ROU hydro profiles...
INFO [2024-08-08 15:34:10] [HYDRO] - Initializing EU-SRB hydro parameters...
INFO [2024-08-08 15:34:11] [HYDRO] - Adding EU-SRB max power timeseries...
INFO [2024-08-08 15:34:12] [HYDRO] - Adding EU-SRB hydro profiles...
INFO [2024-08-08 15:34:13] [HYDRO] - Initializing EU-SVK hydro parameters...
INFO [2024-08-08 15:34:14] [HYDRO] - Adding EU-SVK max power timeseries...
INFO [2024-08-08 15:34:15] [HYDRO] - Adding EU-SVK hydro profiles...
INFO [2024-08-08 15:34:16] [HYDRO] - Initializing EU-SVN hydro parameters...
INFO [2024-08-08 15:34:17] [HYDRO] - Adding EU-SVN max power timeseries...
INFO [2024-08-08 15:34:18] [HYDRO] - Adding EU-SVN hydro profiles...
INFO [2024-08-08 15:34:19] [HYDRO] - Initializing EU-SWE hydro parameters...
INFO [2024-08-08 15:34:20] [HYDRO] - Adding EU-SWE max power timeseries...
INFO [2024-08-08 15:34:21] [HYDRO] - Adding EU-SWE hydro profiles...
INFO [2024-08-08 15:34:22] [HYDRO] - Initializing EU-UKR hydro parameters...
INFO [2024-08-08 15:34:23] [HYDRO] - Adding EU-UKR max power timeseries...
INFO [2024-08-08 15:34:23] [HYDRO] - Adding EU-UKR hydro profiles...
INFO [2024-08-08 15:34:23] [MAIN] - Done adding hydro!
INFO [2024-08-08 15:34:24] [MAIN] - Fetching thermal data...

INFO [2024-08-08 15:34:27] [THERMAL] - Adding ALB_OTH_VLORA15 generator to EU-ALB node...
INFO [2024-08-08 15:34:27] [THERMAL] - Adding ARM_GAS_CAPACITY SCALER generator to EU-ARM node...
INFO [2024-08-08 15:34:27] [THERMAL] - Adding ARM_GAS_HRAZADAN296 generator to EU-ARM node...
INFO [2024-08-08 15:34:27] [THERMAL] - Adding ARM_GAS_NEWYEREVAN297 generator to EU-ARM node...
INFO [2024-08-08 15:34:28] [THERMAL] - Adding ARM_GAS_YEREVAN302 generator to EU-ARM node...
INFO [2024-08-08 15:34:28] [THERMAL] - Adding ARM_NUC_ARMENIAN2295 generator to EU-ARM node...
INFO [2024-08-08 15:34:28] [THERMAL] - Adding AUT_BIO_CAPACITY SCALER generator to EU-AUT node...
INFO [2024-08-08 15:34:29] [THERMAL] - Adding AUT_COA_CAPACITY SCALER generator to EU-AUT node...
INFO [2024-08-08 15:34:29] [THERMAL] - Adding AUT_GAS_CAPACITY SCALER generator to EU-AUT node...
INFO [2024-08-08 15:34:29] [THERMAL] - Adding AUT_GAS_DONAUSTADT739 generator to EU-AUT node...
INFO [2024-08-08 15:34:30] [THERMAL] - Adding AUT_GAS_SIMMERING807 generator to EU-AUT node...
INFO [2024-08-08 15:34:30] [THERMAL] - Adding AUT_GAS_TIMELKAM816 generator to EU-AUT node...
INFO [2024-08-08 15:34:30] [THERMAL] - Adding AUT_OIL_CAPACITY SCALER generator to EU-AUT node...
INFO [2024-08-08 15:34:31] [THERMAL] - Adding AZE_BIO_CAPACITY SCALER generator to EU-AZE node...
INFO [2024-08-08 15:34:31] [THERMAL] - Adding AZE_GAS_ASTARAES835 generator to EU-AZE node...
INFO [2024-08-08 15:34:31] [THERMAL] - Adding AZE_GAS_BAKUES837 generator to EU-AZE node...
INFO [2024-08-08 15:34:32] [THERMAL] - Adding AZE_GAS_BAKUTEC838 generator to EU-AZE node...
INFO [2024-08-08 15:34:32] [THERMAL] - Adding AZE_GAS_CAPACITY SCALER generator to EU-AZE node...
INFO [2024-08-08 15:34:32] [THERMAL] - Adding AZE_GAS_JANUB840 generator to EU-AZE node...
INFO [2024-08-08 15:34:33] [THERMAL] - Adding AZE_GAS_KHACHMAZES841 generator to EU-AZE node...
INFO [2024-08-08 15:34:33] [THERMAL] - Adding AZE_GAS_SANGACHALES843 generator to EU-AZE node...
INFO [2024-08-08 15:34:33] [THERMAL] - Adding AZE_GAS_SHIMAL845 generator to EU-AZE node...
INFO [2024-08-08 15:34:34] [THERMAL] - Adding AZE_GAS_SUMQAYIT846 generator to EU-AZE node...
INFO [2024-08-08 15:34:34] [THERMAL] - Adding AZE_OIL_AZERBAIJANTPP836 generator to EU-AZE node...
INFO [2024-08-08 15:34:34] [THERMAL] - Adding AZE_OIL_CAPACITY SCALER generator to EU-AZE node...
INFO [2024-08-08 15:34:35] [THERMAL] - Adding BEL_BIO_AWIRS4930 generator to EU-BEL node...
INFO [2024-08-08 15:34:35] [THERMAL] - Adding BEL_BIO_CAPACITY SCALER generator to EU-BEL node...
INFO [2024-08-08 15:34:35] [THERMAL] - Adding BEL_BIO_RODENHUIZE4973 generator to EU-BEL node...
INFO [2024-08-08 15:34:36] [THERMAL] - Adding BEL_COA_LANGERLO1965 generator to EU-BEL node...
INFO [2024-08-08 15:34:36] [THERMAL] - Adding BEL_GAS_AALSTSYRALGT931 generator to EU-BEL node...
INFO [2024-08-08 15:34:36] [THERMAL] - Adding BEL_GAS_AALSTSYRALST932 generator to EU-BEL node...
INFO [2024-08-08 15:34:37] [THERMAL] - Adding BEL_GAS_AMERCOEUR1RT933 generator to EU-BEL node...
INFO [2024-08-08 15:34:37] [THERMAL] - Adding BEL_GAS_ANGLEURTG41929 generator to EU-BEL node...
INFO [2024-08-08 15:34:37] [THERMAL] - Adding BEL_GAS_BEVERENINEOSP940 generator to EU-BEL node...
INFO [2024-08-08 15:34:38] [THERMAL] - Adding BEL_GAS_CAPACITY SCALER generator to EU-BEL node...
INFO [2024-08-08 15:34:38] [THERMAL] - Adding BEL_GAS_DROGENBOSDM51944 generator to EU-BEL node...
INFO [2024-08-08 15:34:38] [THERMAL] - Adding BEL_GAS_DROGENBOSGT0945 generator to EU-BEL node...
INFO [2024-08-08 15:34:39] [THERMAL] - Adding BEL_GAS_DROGENBOSTGV946 generator to EU-BEL node...
INFO [2024-08-08 15:34:39] [THERMAL] - Adding BEL_GAS_HAMGENTWKK950 generator to EU-BEL node...
INFO [2024-08-08 15:34:39] [THERMAL] - Adding BEL_GAS_HERDERSBRUGSTE952 generator to EU-BEL node...
INFO [2024-08-08 15:34:40] [THERMAL] - Adding BEL_GAS_INESCOWKK960 generator to EU-BEL node...
INFO [2024-08-08 15:34:40] [THERMAL] - Adding BEL_GAS_LANGERLO4REPO966 generator to EU-BEL node...
INFO [2024-08-08 15:34:40] [THERMAL] - Adding BEL_GAS_MARCINELLEENER968 generator to EU-BEL node...
INFO [2024-08-08 15:34:41] [THERMAL] - Adding BEL_GAS_RINGVAARTSTEG972 generator to EU-BEL node...
INFO [2024-08-08 15:34:41] [THERMAL] - Adding BEL_GAS_SAINTGHISLAIN975 generator to EU-BEL node...
INFO [2024-08-08 15:34:41] [THERMAL] - Adding BEL_GAS_TPOWERBERINGE978 generator to EU-BEL node...
INFO [2024-08-08 15:34:42] [THERMAL] - Adding BEL_GAS_ZEEBRUGGE2FLU988 generator to EU-BEL node...
INFO [2024-08-08 15:34:42] [THERMAL] - Adding BEL_GAS_ZELZATE2KNIPP990 generator to EU-BEL node...
INFO [2024-08-08 15:34:42] [THERMAL] - Adding BEL_GAS_ZWIJNDRECHTLAN992 generator to EU-BEL node...
INFO [2024-08-08 15:34:43] [THERMAL] - Adding BEL_GAS_ZWIJNDRECHTLAN993 generator to EU-BEL node...
INFO [2024-08-08 15:34:43] [THERMAL] - Adding BEL_NUC_DOEL4943 generator to EU-BEL node...
INFO [2024-08-08 15:34:44] [THERMAL] - Adding BEL_NUC_TIHANGE1N979 generator to EU-BEL node...
INFO [2024-08-08 15:34:44] [THERMAL] - Adding BEL_NUC_TIHANGE3980 generator to EU-BEL node...
INFO [2024-08-08 15:34:44] [THERMAL] - Adding BEL_OIL_AALTERTJ928 generator to EU-BEL node...
INFO [2024-08-08 15:34:45] [THERMAL] - Adding BEL_OIL_BEERSETJ935 generator to EU-BEL node...
INFO [2024-08-08 15:34:45] [THERMAL] - Adding BEL_OIL_BUDATJ936 generator to EU-BEL node...
INFO [2024-08-08 15:34:45] [THERMAL] - Adding BEL_OIL_CIERREUXTJ941 generator to EU-BEL node...
INFO [2024-08-08 15:34:46] [THERMAL] - Adding BEL_OIL_DEUXACRENTJ947 generator to EU-BEL node...
INFO [2024-08-08 15:34:46] [THERMAL] - Adding BEL_OIL_NOORDSCHOTETJ969 generator to EU-BEL node...
INFO [2024-08-08 15:34:46] [THERMAL] - Adding BEL_OIL_ZEDELGEMTJ987 generator to EU-BEL node...
INFO [2024-08-08 15:34:47] [THERMAL] - Adding BEL_OIL_ZEEBRUGGETJ989 generator to EU-BEL node...
INFO [2024-08-08 15:34:47] [THERMAL] - Adding BEL_OIL_ZELZATETJ991 generator to EU-BEL node...
INFO [2024-08-08 15:34:48] [THERMAL] - Adding BEL_WAS_BEVEREN2INDAV939 generator to EU-BEL node...
INFO [2024-08-08 15:34:48] [THERMAL] - Adding BEL_WAS_ELECTRAWINDSBI948 generator to EU-BEL node...
INFO [2024-08-08 15:34:48] [THERMAL] - Adding BEL_WAS_INCINERATEURTH962 generator to EU-BEL node...
INFO [2024-08-08 15:34:49] [THERMAL] - Adding BEL_WAS_INTRADELHERSTA963 generator to EU-BEL node...
INFO [2024-08-08 15:34:49] [THERMAL] - Adding BEL_WAS_IVBO961 generator to EU-BEL node...
INFO [2024-08-08 15:34:50] [THERMAL] - Adding BEL_WAS_LANGERBRUGGEST964 generator to EU-BEL node...
INFO [2024-08-08 15:34:50] [THERMAL] - Adding BEL_WAS_SCHAERBEEKSIOM977 generator to EU-BEL node...
INFO [2024-08-08 15:34:50] [THERMAL] - Adding BEL_WAS_WILRIJKISVAG984 generator to EU-BEL node...
INFO [2024-08-08 15:34:51] [THERMAL] - Adding BGR_BIO_CAPACITY SCALER generator to EU-BGR node...
INFO [2024-08-08 15:34:51] [THERMAL] - Adding BGR_COA_AESGALABOVO3390 generator to EU-BGR node...
INFO [2024-08-08 15:34:51] [THERMAL] - Adding BGR_COA_BOBOVDOLPOWER3391 generator to EU-BGR node...
INFO [2024-08-08 15:34:52] [THERMAL] - Adding BGR_COA_BRIKELPOWERST3392 generator to EU-BGR node...
INFO [2024-08-08 15:34:52] [THERMAL] - Adding BGR_COA_CAPACITY SCALER generator to EU-BGR node...
INFO [2024-08-08 15:34:52] [THERMAL] - Adding BGR_COA_DEVENPOWERSTA3393 generator to EU-BGR node...
INFO [2024-08-08 15:34:53] [THERMAL] - Adding BGR_COA_MARITSA3POWER3398 generator to EU-BGR node...
INFO [2024-08-08 15:34:53] [THERMAL] - Adding BGR_COA_MARITSAITZOK23399 generator to EU-BGR node...
INFO [2024-08-08 15:34:53] [THERMAL] - Adding BGR_COA_MARITSAITZOK33400 generator to EU-BGR node...
INFO [2024-08-08 15:34:54] [THERMAL] - Adding BGR_COA_REPUBLIKAPOWER3405 generator to EU-BGR node...
INFO [2024-08-08 15:34:54] [THERMAL] - Adding BGR_COA_RUSE3404 generator to EU-BGR node...
INFO [2024-08-08 15:34:54] [THERMAL] - Adding BGR_COA_TOPLORUSE3408 generator to EU-BGR node...
INFO [2024-08-08 15:34:55] [THERMAL] - Adding BGR_COA_VIDINWORKSPOW3409 generator to EU-BGR node...
INFO [2024-08-08 15:34:55] [THERMAL] - Adding BGR_NUC_KOZLODUY3396 generator to EU-BGR node...
INFO [2024-08-08 15:34:55] [THERMAL] - Adding BIH_COA_GACKOCOALCHP1027 generator to EU-BIH node...
INFO [2024-08-08 15:34:55] [THERMAL] - Adding BIH_COA_KAKANJCHPPOWE1032 generator to EU-BIH node...
INFO [2024-08-08 15:34:56] [THERMAL] - Adding BIH_COA_TUZLACHPPOWER1041 generator to EU-BIH node...
INFO [2024-08-08 15:34:56] [THERMAL] - Adding BIH_COA_UGLJEVIKCHPCO1042 generator to EU-BIH node...
INFO [2024-08-08 15:34:56] [THERMAL] - Adding BLR_BIO_CAPACITY SCALER generator to EU-BLR node...
INFO [2024-08-08 15:34:57] [THERMAL] - Adding BLR_GAS_BEREZASDPPTHE911 generator to EU-BLR node...
INFO [2024-08-08 15:34:57] [THERMAL] - Adding BLR_GAS_BOBRUISKCHP2912 generator to EU-BLR node...
INFO [2024-08-08 15:34:57] [THERMAL] - Adding BLR_GAS_CAPACITY SCALER generator to EU-BLR node...
INFO [2024-08-08 15:34:58] [THERMAL] - Adding BLR_GAS_GOMEL1CHPPOW913 generator to EU-BLR node...
INFO [2024-08-08 15:34:58] [THERMAL] - Adding BLR_GAS_GOMEL2CHPPOW914 generator to EU-BLR node...
INFO [2024-08-08 15:34:58] [THERMAL] - Adding BLR_GAS_GRODNOCHP2PO915 generator to EU-BLR node...
INFO [2024-08-08 15:34:59] [THERMAL] - Adding BLR_GAS_LIDAPOWERPLAN916 generator to EU-BLR node...
INFO [2024-08-08 15:34:59] [THERMAL] - Adding BLR_GAS_LUKOMLTHERMAL917 generator to EU-BLR node...
INFO [2024-08-08 15:34:59] [THERMAL] - Adding BLR_GAS_MINSK3CHPCCG918 generator to EU-BLR node...
INFO [2024-08-08 15:35:00] [THERMAL] - Adding BLR_GAS_MINSK4CHPCCG919 generator to EU-BLR node...
INFO [2024-08-08 15:35:00] [THERMAL] - Adding BLR_GAS_MINSK5CHPCCG920 generator to EU-BLR node...
INFO [2024-08-08 15:35:00] [THERMAL] - Adding BLR_GAS_MOGILEVCHP2T921 generator to EU-BLR node...
INFO [2024-08-08 15:35:01] [THERMAL] - Adding BLR_GAS_MOZYRTHERMALP922 generator to EU-BLR node...
INFO [2024-08-08 15:35:01] [THERMAL] - Adding BLR_GAS_NOVOPOLOTSKTHE923 generator to EU-BLR node...
INFO [2024-08-08 15:35:01] [THERMAL] - Adding BLR_GAS_ORSHACOGENERAT924 generator to EU-BLR node...
INFO [2024-08-08 15:35:02] [THERMAL] - Adding BLR_GAS_SVETLOGORSKCHP925 generator to EU-BLR node...
INFO [2024-08-08 15:35:02] [THERMAL] - Adding BLR_GAS_VITEBSKTHERMAL926 generator to EU-BLR node...
INFO [2024-08-08 15:35:02] [THERMAL] - Adding BLR_GAS_ZHODINOCHPCCG927 generator to EU-BLR node...
INFO [2024-08-08 15:35:03] [THERMAL] - Adding CHE_BIO_CAPACITY SCALER generator to EU-CHE node...
INFO [2024-08-08 15:35:03] [THERMAL] - Adding CHE_COA_CAPACITY SCALER generator to EU-CHE node...
INFO [2024-08-08 15:35:03] [THERMAL] - Adding CHE_GAS_CAPACITY SCALER generator to EU-CHE node...
INFO [2024-08-08 15:35:03] [THERMAL] - Adding CHE_NUC_KERNKRAFTWERKB17760 generator to EU-CHE node...
INFO [2024-08-08 15:35:04] [THERMAL] - Adding CHE_NUC_KERNKRAFTWERKG17761 generator to EU-CHE node...
INFO [2024-08-08 15:35:04] [THERMAL] - Adding CHE_NUC_KERNKRAFTWERKL17762 generator to EU-CHE node...
INFO [2024-08-08 15:35:04] [THERMAL] - Adding CHE_NUC_KERNKRAFTWERKM17763 generator to EU-CHE node...
INFO [2024-08-08 15:35:05] [THERMAL] - Adding CHE_OIL_CAPACITY SCALER generator to EU-CHE node...
INFO [2024-08-08 15:35:05] [THERMAL] - Adding CYP_GAS_VASILIKOSPOWER7996 generator to EU-CYP node...
INFO [2024-08-08 15:35:05] [THERMAL] - Adding CYP_OIL_CAPACITY SCALER generator to EU-CYP node...
INFO [2024-08-08 15:35:06] [THERMAL] - Adding CYP_OIL_DHEKELIAPOWER7994 generator to EU-CYP node...
INFO [2024-08-08 15:35:06] [THERMAL] - Adding CYP_OIL_MONIPOWERSTAT7995 generator to EU-CYP node...
INFO [2024-08-08 15:35:06] [THERMAL] - Adding CZE_BIO_CAPACITY SCALER generator to EU-CZE node...
INFO [2024-08-08 15:35:06] [THERMAL] - Adding CZE_COA_BRNOPOWERSTAT8018 generator to EU-CZE node...
INFO [2024-08-08 15:35:07] [THERMAL] - Adding CZE_COA_CAPACITY SCALER generator to EU-CZE node...
INFO [2024-08-08 15:35:07] [THERMAL] - Adding CZE_COA_CHVALETICEPOWE8056 generator to EU-CZE node...
INFO [2024-08-08 15:35:07] [THERMAL] - Adding CZE_COA_DETMAROVICEPOW8061 generator to EU-CZE node...
INFO [2024-08-08 15:35:08] [THERMAL] - Adding CZE_COA_HODONINPOWERS8092 generator to EU-CZE node...
INFO [2024-08-08 15:35:08] [THERMAL] - Adding CZE_COA_KLADNO8132 generator to EU-CZE node...
INFO [2024-08-08 15:35:08] [THERMAL] - Adding CZE_COA_KOMORANYPOWER8139 generator to EU-CZE node...
INFO [2024-08-08 15:35:08] [THERMAL] - Adding CZE_COA_LEDVICEPOWERS8176 generator to EU-CZE node...
INFO [2024-08-08 15:35:09] [THERMAL] - Adding CZE_COA_MALESICEPOWER8195 generator to EU-CZE node...
INFO [2024-08-08 15:35:09] [THERMAL] - Adding CZE_COA_MELNIKPOWERST8201 generator to EU-CZE node...
INFO [2024-08-08 15:35:09] [THERMAL] - Adding CZE_COA_OPATOVICEPOWER8238 generator to EU-CZE node...
INFO [2024-08-08 15:35:10] [THERMAL] - Adding CZE_COA_PLZENSKAENERGE8255 generator to EU-CZE node...
INFO [2024-08-08 15:35:10] [THERMAL] - Adding CZE_COA_PLZENSKATEPALR8254 generator to EU-CZE node...
INFO [2024-08-08 15:35:11] [THERMAL] - Adding CZE_COA_POCERADYPOWER8259 generator to EU-CZE node...
INFO [2024-08-08 15:35:11] [THERMAL] - Adding CZE_COA_PORICIPOWERST8264 generator to EU-CZE node...
INFO [2024-08-08 15:35:11] [THERMAL] - Adding CZE_COA_SKOENERGOPOWE8311 generator to EU-CZE node...
INFO [2024-08-08 15:35:12] [THERMAL] - Adding CZE_COA_STETIMONDIPOW8323 generator to EU-CZE node...
INFO [2024-08-08 15:35:12] [THERMAL] - Adding CZE_COA_TISOVAPOWERST8351 generator to EU-CZE node...
INFO [2024-08-08 15:35:12] [THERMAL] - Adding CZE_COA_TREBOVICEPOWER8355 generator to EU-CZE node...
INFO [2024-08-08 15:35:13] [THERMAL] - Adding CZE_COA_TRMICE8357 generator to EU-CZE node...
INFO [2024-08-08 15:35:13] [THERMAL] - Adding CZE_COA_TUSIMICEPOWER8361 generator to EU-CZE node...
INFO [2024-08-08 15:35:13] [THERMAL] - Adding CZE_COA_ZLINPOWERSTAT8415 generator to EU-CZE node...
INFO [2024-08-08 15:35:14] [THERMAL] - Adding CZE_GAS_CAPACITY SCALER generator to EU-CZE node...
INFO [2024-08-08 15:35:14] [THERMAL] - Adding CZE_GAS_KLADNOTG68133 generator to EU-CZE node...
INFO [2024-08-08 15:35:14] [THERMAL] - Adding CZE_GAS_POERADY8266 generator to EU-CZE node...
INFO [2024-08-08 15:35:15] [THERMAL] - Adding CZE_GAS_VESOV8408 generator to EU-CZE node...
INFO [2024-08-08 15:35:15] [THERMAL] - Adding CZE_NUC_DUKONAVY8081 generator to EU-CZE node...
INFO [2024-08-08 15:35:15] [THERMAL] - Adding CZE_NUC_TEMELN8349 generator to EU-CZE node...
INFO [2024-08-08 15:35:16] [THERMAL] - Adding DEU_BIO_BIOENERGIEPARK10946 generator to EU-DEU node...
INFO [2024-08-08 15:35:16] [THERMAL] - Adding DEU_BIO_BIOHKWHERBREC10945 generator to EU-DEU node...
INFO [2024-08-08 15:35:17] [THERMAL] - Adding DEU_BIO_BIOHKWI10947 generator to EU-DEU node...
INFO [2024-08-08 15:35:17] [THERMAL] - Adding DEU_BIO_BIOMASSEHEIZKR10970 generator to EU-DEU node...
INFO [2024-08-08 15:35:17] [THERMAL] - Adding DEU_BIO_BIOMASSEHEIZKRA10972 generator to EU-DEU node...
INFO [2024-08-08 15:35:18] [THERMAL] - Adding DEU_BIO_BIOMASSEKRAFTWE10974 generator to EU-DEU node...
INFO [2024-08-08 15:35:18] [THERMAL] - Adding DEU_BIO_BIOMASSEVERSTR10971 generator to EU-DEU node...
INFO [2024-08-08 15:35:18] [THERMAL] - Adding DEU_BIO_BIOMASSGENERAT10948 generator to EU-DEU node...
INFO [2024-08-08 15:35:19] [THERMAL] - Adding DEU_BIO_BIOMASSGENERAT10953 generator to EU-DEU node...
INFO [2024-08-08 15:35:19] [THERMAL] - Adding DEU_BIO_BIOMASSGENERAT10954 generator to EU-DEU node...
INFO [2024-08-08 15:35:19] [THERMAL] - Adding DEU_BIO_BIOMASSGENERAT10955 generator to EU-DEU node...
INFO [2024-08-08 15:35:19] [THERMAL] - Adding DEU_BIO_BIOMASSGENERAT10956 generator to EU-DEU node...
INFO [2024-08-08 15:35:20] [THERMAL] - Adding DEU_BIO_BIOMASSGENERAT10957 generator to EU-DEU node...
INFO [2024-08-08 15:35:20] [THERMAL] - Adding DEU_BIO_BIOMASSGENERAT10959 generator to EU-DEU node...
INFO [2024-08-08 15:35:21] [THERMAL] - Adding DEU_BIO_BIOMASSGENERAT10960 generator to EU-DEU node...
INFO [2024-08-08 15:35:21] [THERMAL] - Adding DEU_BIO_BIOMASSGENERAT10961 generator to EU-DEU node...
INFO [2024-08-08 15:35:21] [THERMAL] - Adding DEU_BIO_BIOMASSGENERAT10962 generator to EU-DEU node...
INFO [2024-08-08 15:35:22] [THERMAL] - Adding DEU_BIO_BIOMASSGENERAT10963 generator to EU-DEU node...
INFO [2024-08-08 15:35:22] [THERMAL] - Adding DEU_BIO_BIOMASSGENERAT10964 generator to EU-DEU node...
INFO [2024-08-08 15:35:22] [THERMAL] - Adding DEU_BIO_BIOMASSGENERAT10965 generator to EU-DEU node...
INFO [2024-08-08 15:35:23] [THERMAL] - Adding DEU_BIO_BIOMASSGENERAT10966 generator to EU-DEU node...
INFO [2024-08-08 15:35:23] [THERMAL] - Adding DEU_BIO_BIOMASSGENERAT10967 generator to EU-DEU node...
INFO [2024-08-08 15:35:24] [THERMAL] - Adding DEU_BIO_BIOMASSGENERAT10968 generator to EU-DEU node...
INFO [2024-08-08 15:35:24] [THERMAL] - Adding DEU_BIO_BIOMASSGENERAT10969 generator to EU-DEU node...
INFO [2024-08-08 15:35:24] [THERMAL] - Adding DEU_BIO_BKF10913 generator to EU-DEU node...
INFO [2024-08-08 15:35:25] [THERMAL] - Adding DEU_BIO_BLOCKHEIZKRAFTW10981 generator to EU-DEU node...
INFO [2024-08-08 15:35:25] [THERMAL] - Adding DEU_BIO_BMHKWBINDERHOL10914 generator to EU-DEU node...
INFO [2024-08-08 15:35:26] [THERMAL] - Adding DEU_BIO_BMHKWRERECKLI10915 generator to EU-DEU node...
INFO [2024-08-08 15:35:26] [THERMAL] - Adding DEU_BIO_BMKLNEN10916 generator to EU-DEU node...
INFO [2024-08-08 15:35:26] [THERMAL] - Adding DEU_BIO_BMKWBERGKAMEN10917 generator to EU-DEU node...
INFO [2024-08-08 15:35:27] [THERMAL] - Adding DEU_BIO_BMKWFLRSHEIM10918 generator to EU-DEU node...
INFO [2024-08-08 15:35:27] [THERMAL] - Adding DEU_BIO_BMKWKNIGSWU10919 generator to EU-DEU node...
INFO [2024-08-08 15:35:27] [THERMAL] - Adding DEU_BIO_BMKWMANNHEIM10920 generator to EU-DEU node...
INFO [2024-08-08 15:35:28] [THERMAL] - Adding DEU_BIO_CAPACITY SCALER generator to EU-DEU node...
INFO [2024-08-08 15:35:28] [THERMAL] - Adding DEU_BIO_EGGERKRAFTWERK11072 generator to EU-DEU node...
INFO [2024-08-08 15:35:29] [THERMAL] - Adding DEU_BIO_EMDENBIOMASSE11085 generator to EU-DEU node...
INFO [2024-08-08 15:35:29] [THERMAL] - Adding DEU_BIO_ENERGIEANLAGE311089 generator to EU-DEU node...
INFO [2024-08-08 15:35:29] [THERMAL] - Adding DEU_BIO_ENERTRAGNETZG11063 generator to EU-DEU node...
INFO [2024-08-08 15:35:30] [THERMAL] - Adding DEU_BIO_HEIZKRAFTWERKP11275 generator to EU-DEU node...
INFO [2024-08-08 15:35:30] [THERMAL] - Adding DEU_BIO_HHKWBERLINNEU11189 generator to EU-DEU node...
INFO [2024-08-08 15:35:30] [MAIN] - Starting simulation__2024_08_08_15_35_30 simulation...
