INFO [2024-09-03 15:11:09] [MAIN] - Creating Deane_Argentina__2024_09_03_15_11_08 study...

INFO [2024-09-03 15:11:09] [MAIN] - Unit commitment mode : ACCURATE
INFO [2024-09-03 15:11:10] [MAIN] - Adding nodes...

INFO [2024-09-03 15:11:16] [NODES] - Adding SA-ARG node...
INFO [2024-09-03 15:11:16] [MAIN] - Done adding nodes! (run time : 6.66s).

INFO [2024-09-03 15:11:16] [MAIN] - Adding districts...

INFO [2024-09-03 15:11:18] [DISTRICTS] - Creating global district...
INFO [2024-09-03 15:11:18] [DISTRICTS] - Done creating global district!
INFO [2024-09-03 15:11:18] [DISTRICTS] - Creating south america continental district...
INFO [2024-09-03 15:11:18] [DISTRICTS] - Done creating south america continental district!
INFO [2024-09-03 15:11:19] [MAIN] - Done adding districts! (run time : 2.42s).

INFO [2024-09-03 15:11:19] [MAIN] - Adding load data...

INFO [2024-09-03 15:11:23] [LOAD] - Adding SA-ARG load data...
INFO [2024-09-03 15:11:23] [MAIN] - Done adding load data! (run time : 3.95s).

INFO [2024-09-03 15:11:23] [MAIN] - Fetching wind data...

INFO [2024-09-03 15:11:24] [WIND] - Adding SA-ARG aggregated wind data...
INFO [2024-09-03 15:11:25] [MAIN] - Done adding wind data! (run time : 1.35s).

INFO [2024-09-03 15:11:25] [MAIN] - Fetching solar data...

INFO [2024-09-03 15:11:25] [SOLAR] - Adding SA-ARG aggregated solar data...
INFO [2024-09-03 15:11:25] [MAIN] - Done adding solar data! (run time : 0.66s).

INFO [2024-09-03 15:11:26] [MAIN] - Beginning hydro implementation...
INFO [2024-09-03 15:11:32] [HYDRO] - Initializing SA-ARG hydro parameters...
INFO [2024-09-03 15:11:34] [HYDRO] - Adding SA-ARG max power timeseries...
INFO [2024-09-03 15:11:36] [HYDRO] - Adding SA-ARG hydro profiles...
INFO [2024-09-03 15:11:36] [MAIN] - Done adding hydro!
INFO [2024-09-03 15:11:36] [MAIN] - Fetching thermal data...
INFO [2024-09-03 15:11:43] [MAIN] - Aggregating identical generators...
INFO [2024-09-03 15:11:43] [MAIN] - Running 15-clustering algorithm on generators...
INFO [2024-09-03 15:11:43] [MAIN] - Done running 15-clustering algorithm on generators!

INFO [2024-09-03 15:11:44] [THERMAL] - Adding ARG_GAS_CTINDEPENDENCI142_PATAGONIA254_LAPLATACOGENE219_CTRO generator to SA-ARG node...
INFO [2024-09-03 15:11:44] [THERMAL] - Adding ARG_GAS_NUEVOPUERTO242_EXCENTRALBUEN201_CENTRALTERMICA97_CEN generator to SA-ARG node...
INFO [2024-09-03 15:11:44] [THERMAL] - Adding ARG_GAS_GENERACIONFRIA206 generator to SA-ARG node...
INFO [2024-09-03 15:11:45] [THERMAL] - Adding ARG_GAS_DIQUE191_FILOMORADO202_DEANFUNES190_GENERALLEVALLE20 generator to SA-ARG node...
INFO [2024-09-03 15:11:45] [THERMAL] - Adding ARG_GAS_CTSANMIGUELD178_CAPACITYSCALER generator to SA-ARG node...
INFO [2024-09-03 15:11:45] [THERMAL] - Adding ARG_GAS_CENTRALTERMICA99_PRESIDENTESARM264_MARDEAJO230_RIOCU generator to SA-ARG node...
INFO [2024-09-03 15:11:46] [THERMAL] - Adding ARG_GAS_CTLASARMAS152 generator to SA-ARG node...
INFO [2024-09-03 15:11:46] [THERMAL] - Adding ARG_GAS_CTOLAVARRIA162_CTPARANA164_SANFRANCISCO276_CTMATHEU1 generator to SA-ARG node...
INFO [2024-09-03 15:11:46] [THERMAL] - Adding ARG_GAS_ALTOVALLE69 generator to SA-ARG node...
INFO [2024-09-03 15:11:47] [THERMAL] - Adding ARG_GAS_AGUADELCAJON65_MARDELPLATA231_CTTUCUMAN184 generator to SA-ARG node...
INFO [2024-09-03 15:11:47] [THERMAL] - Adding ARG_GAS_CENTRALLOMADE92_LUJANDECUYO229_CENTRALTERMICA96_VUEL generator to SA-ARG node...
INFO [2024-09-03 15:11:47] [THERMAL] - Adding ARG_GAS_PICOTRUNCADOI257_VILLAMARIALA292_CTBRAGADO125 generator to SA-ARG node...
INFO [2024-09-03 15:11:48] [THERMAL] - Adding ARG_GAS_GOYAELECTROPA211_OBERATGN21243_TARTAGAL285_CRUZDEPIE generator to SA-ARG node...
INFO [2024-09-03 15:11:48] [THERMAL] - Adding ARG_GAS_TENARISSIDERCA286_CENTRALT_GENEL95 generator to SA-ARG node...
INFO [2024-09-03 15:11:48] [THERMAL] - Adding ARG_GAS_PILARBICENTEN260_CTPLUSPETROLN170_MODESTOMARANZA235_ generator to SA-ARG node...
INFO [2024-09-03 15:11:49] [THERMAL] - Adding ARG_COA_CTECOENERGIA136 generator to SA-ARG node...
INFO [2024-09-03 15:11:49] [THERMAL] - Adding ARG_COA_CENTRALTERMICA98 generator to SA-ARG node...
INFO [2024-09-03 15:11:50] [THERMAL] - Adding ARG_COA_NECOCHEA236 generator to SA-ARG node...
INFO [2024-09-03 15:11:50] [THERMAL] - Adding ARG_COA_CENTRALBAHIAB91 generator to SA-ARG node...
INFO [2024-09-03 15:11:51] [THERMAL] - Adding ARG_COA_SANNICOLAS278 generator to SA-ARG node...
INFO [2024-09-03 15:11:51] [THERMAL] - Adding ARG_COA_PILARZANICHELL261 generator to SA-ARG node...
INFO [2024-09-03 15:11:51] [THERMAL] - Adding ARG_COA_SORRENTO283 generator to SA-ARG node...
INFO [2024-09-03 15:11:52] [THERMAL] - Adding ARG_COA_CAPACITYSCALER generator to SA-ARG node...
INFO [2024-09-03 15:11:52] [THERMAL] - Adding ARG_COA_COSTANERA113 generator to SA-ARG node...
INFO [2024-09-03 15:11:53] [THERMAL] - Adding ARG_COA_PUERTONUEVO267 generator to SA-ARG node...
INFO [2024-09-03 15:11:53] [THERMAL] - Adding ARG_BIO_CAPACITYSCALER generator to SA-ARG node...
INFO [2024-09-03 15:11:54] [THERMAL] - Adding ARG_NUC_EMBALSE198 generator to SA-ARG node...
INFO [2024-09-03 15:11:54] [THERMAL] - Adding ARG_NUC_ATUCHAI73 generator to SA-ARG node...
INFO [2024-09-03 15:11:54] [THERMAL] - Adding ARG_NUC_ATUCHAII74 generator to SA-ARG node...
INFO [2024-09-03 15:11:55] [THERMAL] - Adding ARG_OIL_CTAATUYA121_CTCATAMARCA127_CTCHARATA130_CTLARIOJADEL generator to SA-ARG node...
INFO [2024-09-03 15:11:55] [THERMAL] - Adding ARG_OIL_ISLAVERDE214_NUEVAESPERANZA241_SANTOTOME282_TOSTADO2 generator to SA-ARG node...
INFO [2024-09-03 15:11:56] [THERMAL] - Adding ARG_OIL_CTESQUINA138 generator to SA-ARG node...
INFO [2024-09-03 15:11:56] [THERMAL] - Adding ARG_OIL_CTCERES129 generator to SA-ARG node...
INFO [2024-09-03 15:11:56] [THERMAL] - Adding ARG_OIL_CTALEM117_CTARISTOBULOD119_CTCOLONBUENOS133_CTJUANJO generator to SA-ARG node...
INFO [2024-09-03 15:11:57] [THERMAL] - Adding ARG_OIL_CAACATI81_CACHI84_CORRIENTES112_GOYA210_ITAIBATE215_ generator to SA-ARG node...
INFO [2024-09-03 15:11:57] [THERMAL] - Adding ARG_OIL_CAPACITYSCALER generator to SA-ARG node...
INFO [2024-09-03 15:11:58] [THERMAL] - Adding ARG_OIL_CTJUNIN147_CTPEHUAJO167_CTGENERALVILL140_CTSALTO176 generator to SA-ARG node...
INFO [2024-09-03 15:11:58] [THERMAL] - Adding ARG_OIL_CTLAPLATA148_LARIOJA220 generator to SA-ARG node...
INFO [2024-09-03 15:11:59] [THERMAL] - Adding ARG_OIL_BARILOCHEPUER76_CAPITALCATAMAR86_CTALUMINE118_CTLASP generator to SA-ARG node...
INFO [2024-09-03 15:11:59] [THERMAL] - Adding ARG_OIL_CENTRALPARQUE93_CTAATUYAII122_CTSANMIGUELN179_CTGOYA generator to SA-ARG node...
INFO [2024-09-03 15:12:00] [THERMAL] - Adding ARG_OIL_CENTRALTERMICA100_CTFORMOSAII139_BANDERA75_C_T_RUFIN generator to SA-ARG node...
INFO [2024-09-03 15:12:01] [THERMAL] - Adding ARG_OIL_CTTEREVINTOS182_VENADOTUERTO290_CTCHILECITO131_CTLAR generator to SA-ARG node...
INFO [2024-09-03 15:12:01] [THERMAL] - Adding ARG_OIL_C_T_SANVICENT80 generator to SA-ARG node...
INFO [2024-09-03 15:12:02] [THERMAL] - Adding ARG_OIL_CTREALICO172_ALMIRANTEBROWN68_CENTRALTERMICA101_CTIS generator to SA-ARG node...
INFO [2024-09-03 15:12:02] [THERMAL] - Adding ARG_OTH_AGUADELCAJON64 generator to SA-ARG node...
INFO [2024-09-03 15:12:03] [THERMAL] - Adding ARG_OTH_PARANA245 generator to SA-ARG node...
INFO [2024-09-03 15:12:09] [MAIN] - Done adding thermal data! (run time : 0.55min).

INFO [2024-09-03 15:12:09] [MAIN] - Fetching battery data...

INFO [2024-09-03 15:12:09] [MAIN] - Aggregating identical batteries...
INFO [2024-09-03 15:12:10] [STORAGE] - Adding ARG_PHS_LosReyunosPumpe3 battery to SA-ARG node...
INFO [2024-09-03 15:12:11] [STORAGE] - Adding ARG_PHS_RioGrandeCerroP4 battery to SA-ARG node...
INFO [2024-09-03 15:12:11] [MAIN] - Done adding battery data! (run time : 0.03min).

INFO [2024-09-03 15:12:11] [MAIN] - Adding lines between areas...

INFO [2024-09-03 15:12:12] [WARN] - Generation of all lines failed (perhaps there are no connections?), skipping...
INFO [2024-09-03 15:12:12] [MAIN] - Done adding lines! (run time : 1.17s).

INFO [2024-09-03 15:12:12] [MAIN] - Finished setting up Antares study! (run time : 1.06min).
 

INFO [2024-09-03 15:12:12] [MAIN] - Starting coalOutageTest simulation...
INFO [2024-09-03 15:16:53] [MAIN] - Antares simulation finished! (run time : 4.67min).
 

