INFO [2024-07-31 13:26:04] [MAIN] - Creating Etude_sur_R_Monde__2024_07_31_13_26_04 study...

INFO [2024-07-31 13:26:04] [MAIN] - Adding nodes...

INFO [2024-07-31 13:26:05] [NODES] - Adding EU-ALB node...
INFO [2024-07-31 13:26:05] [NODES] - Adding EU-ARM node...
INFO [2024-07-31 13:26:06] [NODES] - Adding EU-AUT node...
INFO [2024-07-31 13:26:06] [NODES] - Adding EU-AZE node...
INFO [2024-07-31 13:26:06] [NODES] - Adding EU-BEL node...
INFO [2024-07-31 13:26:06] [NODES] - Adding EU-BGR node...
INFO [2024-07-31 13:26:06] [NODES] - Adding EU-BIH node...
INFO [2024-07-31 13:26:07] [NODES] - Adding EU-BLR node...
INFO [2024-07-31 13:26:07] [NODES] - Adding EU-CHE node...
INFO [2024-07-31 13:26:07] [NODES] - Adding EU-CYP node...
INFO [2024-07-31 13:26:07] [NODES] - Adding EU-CZE node...
INFO [2024-07-31 13:26:08] [NODES] - Adding EU-DEU node...
INFO [2024-07-31 13:26:08] [NODES] - Adding EU-DNK node...
INFO [2024-07-31 13:26:08] [NODES] - Adding EU-ESP node...
INFO [2024-07-31 13:26:09] [NODES] - Adding EU-EST node...
INFO [2024-07-31 13:26:09] [NODES] - Adding EU-FIN node...
INFO [2024-07-31 13:26:09] [NODES] - Adding EU-FRA node...
INFO [2024-07-31 13:26:09] [NODES] - Adding EU-GBR node...
INFO [2024-07-31 13:26:12] [NODES] - Adding EU-GEO node...
INFO [2024-07-31 13:26:12] [NODES] - Adding EU-GRC node...
INFO [2024-07-31 13:26:13] [NODES] - Adding EU-HRV node...
INFO [2024-07-31 13:26:13] [NODES] - Adding EU-HUN node...
INFO [2024-07-31 13:26:13] [NODES] - Adding EU-IRL node...
INFO [2024-07-31 13:26:13] [NODES] - Adding EU-ISL node...
INFO [2024-07-31 13:26:14] [NODES] - Adding EU-ITA node...
INFO [2024-07-31 13:26:14] [NODES] - Adding EU-KOS node...
INFO [2024-07-31 13:26:14] [NODES] - Adding EU-LTU node...
INFO [2024-07-31 13:26:15] [NODES] - Adding EU-LUX node...
INFO [2024-07-31 13:26:15] [NODES] - Adding EU-LVA node...
INFO [2024-07-31 13:26:16] [NODES] - Adding EU-MDA node...
INFO [2024-07-31 13:26:16] [NODES] - Adding EU-MKD node...
INFO [2024-07-31 13:26:16] [NODES] - Adding EU-MNE node...
INFO [2024-07-31 13:26:17] [NODES] - Adding EU-NLD node...
INFO [2024-07-31 13:26:17] [NODES] - Adding EU-NOR node...
INFO [2024-07-31 13:26:18] [NODES] - Adding EU-POL node...
INFO [2024-07-31 13:26:18] [NODES] - Adding EU-PRT node...
INFO [2024-07-31 13:26:18] [NODES] - Adding EU-ROU node...
INFO [2024-07-31 13:26:19] [NODES] - Adding EU-SRB node...
INFO [2024-07-31 13:26:19] [NODES] - Adding EU-SVK node...
INFO [2024-07-31 13:26:19] [NODES] - Adding EU-SVN node...
INFO [2024-07-31 13:26:20] [NODES] - Adding EU-SWE node...
INFO [2024-07-31 13:26:20] [NODES] - Adding EU-UKR node...
INFO [2024-07-31 13:26:21] [MAIN] - Done adding nodes! (run time : 16.72s).

INFO [2024-07-31 13:26:21] [MAIN] - Adding load data...

INFO [2024-07-31 13:26:22] [LOAD] - Adding EU-ALB load data...
INFO [2024-07-31 13:26:23] [LOAD] - Adding EU-ARM load data...
INFO [2024-07-31 13:26:23] [LOAD] - Adding EU-AUT load data...
INFO [2024-07-31 13:26:23] [LOAD] - Adding EU-AZE load data...
INFO [2024-07-31 13:26:23] [LOAD] - Adding EU-BEL load data...
INFO [2024-07-31 13:26:24] [LOAD] - Adding EU-BGR load data...
INFO [2024-07-31 13:26:24] [LOAD] - Adding EU-BIH load data...
INFO [2024-07-31 13:26:24] [LOAD] - Adding EU-BLR load data...
INFO [2024-07-31 13:26:24] [LOAD] - Adding EU-CHE load data...
INFO [2024-07-31 13:26:24] [LOAD] - Adding EU-CYP load data...
INFO [2024-07-31 13:26:25] [LOAD] - Adding EU-CZE load data...
INFO [2024-07-31 13:26:25] [LOAD] - Adding EU-DEU load data...
INFO [2024-07-31 13:26:25] [LOAD] - Adding EU-DNK load data...
INFO [2024-07-31 13:26:26] [LOAD] - Adding EU-ESP load data...
INFO [2024-07-31 13:26:26] [LOAD] - Adding EU-EST load data...
INFO [2024-07-31 13:26:26] [LOAD] - Adding EU-FIN load data...
INFO [2024-07-31 13:26:26] [LOAD] - Adding EU-FRA load data...
INFO [2024-07-31 13:26:27] [LOAD] - Adding EU-GBR load data...
INFO [2024-07-31 13:26:27] [LOAD] - Adding EU-GEO load data...
INFO [2024-07-31 13:26:27] [LOAD] - Adding EU-GRC load data...
INFO [2024-07-31 13:26:27] [LOAD] - Adding EU-HRV load data...
INFO [2024-07-31 13:26:28] [LOAD] - Adding EU-HUN load data...
INFO [2024-07-31 13:26:28] [LOAD] - Adding EU-IRL load data...
INFO [2024-07-31 13:26:28] [LOAD] - Adding EU-ISL load data...
INFO [2024-07-31 13:26:28] [LOAD] - Adding EU-ITA load data...
INFO [2024-07-31 13:26:28] [LOAD] - Adding EU-KOS load data...
INFO [2024-07-31 13:26:29] [LOAD] - Adding EU-LTU load data...
INFO [2024-07-31 13:26:29] [LOAD] - Adding EU-LUX load data...
INFO [2024-07-31 13:26:29] [LOAD] - Adding EU-LVA load data...
INFO [2024-07-31 13:26:29] [LOAD] - Adding EU-MDA load data...
INFO [2024-07-31 13:26:30] [LOAD] - Adding EU-MKD load data...
INFO [2024-07-31 13:26:30] [LOAD] - Adding EU-MNE load data...
INFO [2024-07-31 13:26:30] [LOAD] - Adding EU-NLD load data...
INFO [2024-07-31 13:26:30] [LOAD] - Adding EU-NOR load data...
INFO [2024-07-31 13:26:31] [LOAD] - Adding EU-POL load data...
INFO [2024-07-31 13:26:31] [LOAD] - Adding EU-PRT load data...
INFO [2024-07-31 13:26:31] [LOAD] - Adding EU-ROU load data...
INFO [2024-07-31 13:26:31] [LOAD] - Adding EU-SRB load data...
INFO [2024-07-31 13:26:31] [LOAD] - Adding EU-SVK load data...
INFO [2024-07-31 13:26:32] [LOAD] - Adding EU-SVN load data...
INFO [2024-07-31 13:26:32] [LOAD] - Adding EU-SWE load data...
INFO [2024-07-31 13:26:32] [LOAD] - Adding EU-UKR load data...
INFO [2024-07-31 13:26:32] [MAIN] - Done adding load data! (run time : 11.34s).

INFO [2024-07-31 13:26:32] [MAIN] - Gathering generator data from PLEXOS...
INFO [2024-07-31 13:26:35] [MAIN] - Done gathering generator data! (run time : 3.1s).

INFO [2024-07-31 13:26:35] [MAIN] - Fetching wind data...

INFO [2024-07-31 13:27:24] [WARN] - Skipped adding wind data for EU-ALB (no generators found in PLEXOS).
INFO [2024-07-31 13:27:24] [WARN] - Skipped adding wind data for EU-ARM (no generators found in PLEXOS).
INFO [2024-07-31 13:27:24] [WIND] - Adding EU-AUT aggregated wind data...
INFO [2024-07-31 13:27:24] [WARN] - Skipped adding wind data for EU-AZE (no generators found in PLEXOS).
INFO [2024-07-31 13:27:25] [WIND] - Adding EU-BEL aggregated wind data...
INFO [2024-07-31 13:27:25] [WIND] - Adding EU-BGR aggregated wind data...
INFO [2024-07-31 13:27:25] [WARN] - Skipped adding wind data for EU-BIH (no generators found in PLEXOS).
INFO [2024-07-31 13:27:25] [WARN] - Skipped adding wind data for EU-BLR (no generators found in PLEXOS).
INFO [2024-07-31 13:27:25] [WIND] - Adding EU-CHE aggregated wind data...
INFO [2024-07-31 13:27:25] [WIND] - Adding EU-CYP aggregated wind data...
INFO [2024-07-31 13:27:26] [WIND] - Adding EU-CZE aggregated wind data...
INFO [2024-07-31 13:27:26] [WIND] - Adding EU-DEU aggregated wind data...
INFO [2024-07-31 13:27:26] [WIND] - Adding EU-DNK aggregated wind data...
INFO [2024-07-31 13:27:26] [WIND] - Adding EU-ESP aggregated wind data...
INFO [2024-07-31 13:27:27] [WIND] - Adding EU-EST aggregated wind data...
INFO [2024-07-31 13:27:27] [WIND] - Adding EU-FIN aggregated wind data...
INFO [2024-07-31 13:27:27] [WIND] - Adding EU-FRA aggregated wind data...
INFO [2024-07-31 13:27:28] [WIND] - Adding EU-GBR aggregated wind data...
INFO [2024-07-31 13:27:28] [WARN] - Skipped adding wind data for EU-GEO (no generators found in PLEXOS).
INFO [2024-07-31 13:27:28] [WIND] - Adding EU-GRC aggregated wind data...
INFO [2024-07-31 13:27:28] [WIND] - Adding EU-HRV aggregated wind data...
INFO [2024-07-31 13:27:28] [WIND] - Adding EU-HUN aggregated wind data...
INFO [2024-07-31 13:27:29] [WIND] - Adding EU-IRL aggregated wind data...
INFO [2024-07-31 13:27:29] [WARN] - Skipped adding wind data for EU-ISL (no generators found in PLEXOS).
INFO [2024-07-31 13:27:29] [WIND] - Adding EU-ITA aggregated wind data...
INFO [2024-07-31 13:27:29] [WARN] - Skipped adding wind data for EU-KOS (no generators found in PLEXOS).
INFO [2024-07-31 13:27:29] [WIND] - Adding EU-LTU aggregated wind data...
INFO [2024-07-31 13:27:29] [WIND] - Adding EU-LUX aggregated wind data...
INFO [2024-07-31 13:27:30] [WIND] - Adding EU-LVA aggregated wind data...
INFO [2024-07-31 13:27:30] [WARN] - Skipped adding wind data for EU-MDA (no generators found in PLEXOS).
INFO [2024-07-31 13:27:30] [WARN] - Skipped adding wind data for EU-MKD (no generators found in PLEXOS).
INFO [2024-07-31 13:27:30] [WARN] - Skipped adding wind data for EU-MNE (no generators found in PLEXOS).
INFO [2024-07-31 13:27:30] [WIND] - Adding EU-NLD aggregated wind data...
INFO [2024-07-31 13:27:30] [WIND] - Adding EU-NOR aggregated wind data...
INFO [2024-07-31 13:27:30] [WIND] - Adding EU-POL aggregated wind data...
INFO [2024-07-31 13:27:31] [WIND] - Adding EU-PRT aggregated wind data...
INFO [2024-07-31 13:27:31] [WIND] - Adding EU-ROU aggregated wind data...
INFO [2024-07-31 13:27:31] [WARN] - Skipped adding wind data for EU-SRB (no generators found in PLEXOS).
INFO [2024-07-31 13:27:31] [WARN] - Skipped adding wind data for EU-SVK (no generators found in PLEXOS).
INFO [2024-07-31 13:27:31] [WARN] - Skipped adding wind data for EU-SVN (no generators found in PLEXOS).
INFO [2024-07-31 13:27:31] [WIND] - Adding EU-SWE aggregated wind data...
INFO [2024-07-31 13:27:32] [WIND] - Adding EU-UKR aggregated wind data...
INFO [2024-07-31 13:27:32] [MAIN] - Done adding wind data! (run time : 56.03s).

INFO [2024-07-31 13:27:32] [MAIN] - Fetching solar PV data...

INFO [2024-07-31 13:27:54] [MAIN] - Fetching thermal data...

INFO [2024-07-31 13:27:56] [THERMAL] - Adding ARM_GAS_CAPACITY SCALER generator to EU-ARM node...
INFO [2024-07-31 13:27:56] [THERMAL] - Adding ARM_GAS_HRAZADAN296 generator to EU-ARM node...
INFO [2024-07-31 13:27:56] [THERMAL] - Adding ARM_GAS_NEWYEREVAN297 generator to EU-ARM node...
INFO [2024-07-31 13:27:57] [THERMAL] - Adding ARM_GAS_YEREVAN302 generator to EU-ARM node...
INFO [2024-07-31 13:27:57] [THERMAL] - Adding ARM_NUC_ARMENIAN2295 generator to EU-ARM node...
INFO [2024-07-31 13:27:57] [THERMAL] - Adding AUT_COA_CAPACITY SCALER generator to EU-AUT node...
INFO [2024-07-31 13:27:58] [THERMAL] - Adding AUT_GAS_CAPACITY SCALER generator to EU-AUT node...
INFO [2024-07-31 13:27:58] [THERMAL] - Adding AUT_GAS_DONAUSTADT739 generator to EU-AUT node...
INFO [2024-07-31 13:27:59] [THERMAL] - Adding AUT_GAS_SIMMERING807 generator to EU-AUT node...
INFO [2024-07-31 13:27:59] [THERMAL] - Adding AUT_GAS_TIMELKAM816 generator to EU-AUT node...
INFO [2024-07-31 13:27:59] [THERMAL] - Adding AZE_GAS_ASTARAES835 generator to EU-AZE node...
INFO [2024-07-31 13:28:00] [THERMAL] - Adding AZE_GAS_BAKUES837 generator to EU-AZE node...
INFO [2024-07-31 13:28:00] [THERMAL] - Adding AZE_GAS_BAKUTEC838 generator to EU-AZE node...
INFO [2024-07-31 13:28:00] [THERMAL] - Adding AZE_GAS_CAPACITY SCALER generator to EU-AZE node...
INFO [2024-07-31 13:28:01] [THERMAL] - Adding AZE_GAS_JANUB840 generator to EU-AZE node...
INFO [2024-07-31 13:28:01] [THERMAL] - Adding AZE_GAS_KHACHMAZES841 generator to EU-AZE node...
INFO [2024-07-31 13:28:01] [THERMAL] - Adding AZE_GAS_SANGACHALES843 generator to EU-AZE node...
INFO [2024-07-31 13:28:02] [THERMAL] - Adding AZE_GAS_SHIMAL845 generator to EU-AZE node...
INFO [2024-07-31 13:28:02] [THERMAL] - Adding AZE_GAS_SUMQAYIT846 generator to EU-AZE node...
INFO [2024-07-31 13:28:03] [THERMAL] - Adding BEL_COA_LANGERLO1965 generator to EU-BEL node...
INFO [2024-07-31 13:28:03] [THERMAL] - Adding BEL_GAS_AALSTSYRALGT931 generator to EU-BEL node...
INFO [2024-07-31 13:28:03] [THERMAL] - Adding BEL_GAS_AALSTSYRALST932 generator to EU-BEL node...
INFO [2024-07-31 13:28:04] [THERMAL] - Adding BEL_GAS_AMERCOEUR1RT933 generator to EU-BEL node...
INFO [2024-07-31 13:28:04] [THERMAL] - Adding BEL_GAS_ANGLEURTG41929 generator to EU-BEL node...
INFO [2024-07-31 13:28:05] [THERMAL] - Adding BEL_GAS_BEVERENINEOSP940 generator to EU-BEL node...
INFO [2024-07-31 13:28:05] [THERMAL] - Adding BEL_GAS_CAPACITY SCALER generator to EU-BEL node...
INFO [2024-07-31 13:28:05] [THERMAL] - Adding BEL_GAS_DROGENBOSDM51944 generator to EU-BEL node...
INFO [2024-07-31 13:28:06] [THERMAL] - Adding BEL_GAS_DROGENBOSGT0945 generator to EU-BEL node...
INFO [2024-07-31 13:28:06] [THERMAL] - Adding BEL_GAS_DROGENBOSTGV946 generator to EU-BEL node...
INFO [2024-07-31 13:28:07] [THERMAL] - Adding BEL_GAS_HAMGENTWKK950 generator to EU-BEL node...
INFO [2024-07-31 13:28:07] [THERMAL] - Adding BEL_GAS_HERDERSBRUGSTE952 generator to EU-BEL node...
INFO [2024-07-31 13:28:07] [THERMAL] - Adding BEL_GAS_INESCOWKK960 generator to EU-BEL node...
INFO [2024-07-31 13:28:08] [THERMAL] - Adding BEL_GAS_LANGERLO4REPO966 generator to EU-BEL node...
INFO [2024-07-31 13:28:08] [THERMAL] - Adding BEL_GAS_MARCINELLEENER968 generator to EU-BEL node...
INFO [2024-07-31 13:28:08] [THERMAL] - Adding BEL_GAS_RINGVAARTSTEG972 generator to EU-BEL node...
INFO [2024-07-31 13:28:09] [THERMAL] - Adding BEL_GAS_SAINTGHISLAIN975 generator to EU-BEL node...
INFO [2024-07-31 13:28:09] [THERMAL] - Adding BEL_GAS_TPOWERBERINGE978 generator to EU-BEL node...
