INFO [2024-08-02 17:28:47] [MAIN] - Creating Etude_sur_R_Monde__2024_08_02_17_28_46 study...

INFO [2024-08-02 17:28:47] [MAIN] - Adding nodes...

INFO [2024-08-02 17:28:48] [NODES] - Adding EU-CHE node...
INFO [2024-08-02 17:28:48] [NODES] - Adding EU-DEU node...
INFO [2024-08-02 17:28:49] [NODES] - Adding EU-FRA node...
INFO [2024-08-02 17:28:49] [MAIN] - Done adding nodes! (run time : 2.01s).

INFO [2024-08-02 17:28:49] [MAIN] - Adding load data...

INFO [2024-08-02 17:28:50] [LOAD] - Adding EU-CHE load data...
INFO [2024-08-02 17:28:50] [LOAD] - Adding EU-DEU load data...
INFO [2024-08-02 17:28:50] [LOAD] - Adding EU-FRA load data...
INFO [2024-08-02 17:28:50] [MAIN] - Done adding load data! (run time : 0.98s).

INFO [2024-08-02 17:28:50] [MAIN] - Fetching wind data...

INFO [2024-08-02 17:28:50] [WIND] - Adding EU-CHE aggregated wind data...
INFO [2024-08-02 17:28:50] [WIND] - Adding EU-DEU aggregated wind data...
INFO [2024-08-02 17:28:50] [WIND] - Adding EU-FRA aggregated wind data...
INFO [2024-08-02 17:28:50] [MAIN] - Done adding wind data! (run time : 0.2s).

INFO [2024-08-02 17:28:50] [MAIN] - Fetching solar data...

INFO [2024-08-02 17:28:50] [SOLAR] - Adding EU-CHE aggregated solar data...
INFO [2024-08-02 17:28:50] [SOLAR] - Adding EU-DEU aggregated solar data...
INFO [2024-08-02 17:28:50] [SOLAR] - Adding EU-FRA aggregated solar data...
INFO [2024-08-02 17:28:50] [MAIN] - Done adding solar data! (run time : 0.19s).

INFO [2024-08-02 17:28:50] [MAIN] - Beginning hydro implementation...
INFO [2024-08-02 17:28:51] [HYDRO] - Initializing EU-CHE hydro parameters...
INFO [2024-08-02 17:28:52] [HYDRO] - Adding EU-CHE hydro profiles...
INFO [2024-08-02 17:28:52] [HYDRO] - Initializing EU-DEU hydro parameters...
INFO [2024-08-02 17:28:53] [HYDRO] - Adding EU-DEU hydro profiles...
INFO [2024-08-02 17:28:54] [HYDRO] - Initializing EU-FRA hydro parameters...
INFO [2024-08-02 17:28:54] [HYDRO] - Adding EU-FRA hydro profiles...
INFO [2024-08-02 17:28:54] [MAIN] - Done adding hydro!
INFO [2024-08-02 17:28:55] [MAIN] - Adding lines between areas...

INFO [2024-08-02 17:28:56] [LINES] - Adding EU-CHE to EU-DEU line...
INFO [2024-08-02 17:28:56] [LINES] - Adding EU-CHE to EU-FRA line...
INFO [2024-08-02 17:28:56] [LINES] - Adding EU-DEU to EU-FRA line...
INFO [2024-08-02 17:28:56] [MAIN] - Done adding lines! (run time : 1.57s).

INFO [2024-08-02 17:28:56] [MAIN] - Finished setting up Antares study! (run time : 0.16min).
 

INFO [2024-08-02 17:28:56] [MAIN] - Starting simulation__2024_08_02_17_28_56 simulation...
INFO [2024-08-02 17:29:09] [MAIN] - Antares simulation finished! (run time : 0.21min).
 

