INFO [2024-10-25 01:10:58] [MAIN] - Initializing output folder...
INFO [2024-10-25 01:11:04] [MAIN] - Creating WorldT20B5_allLinks v3-3 study...

INFO [2024-10-25 01:11:05] [MAIN] - Unit commitment mode : ACCURATE
INFO [2024-10-25 01:11:05] [MAIN] - Adding nodes...

INFO [2024-10-25 01:11:08] [MAIN] - Done adding nodes! (run time : 3.13s).

INFO [2024-10-25 01:11:08] [MAIN] - Adding districts...

INFO [2024-10-25 01:11:10] [MAIN] - Done adding districts! (run time : 1.41s).

INFO [2024-10-25 01:11:10] [MAIN] - Adding load data...

INFO [2024-10-25 01:11:12] [MAIN] - Done adding load data! (run time : 2.32s).

INFO [2024-10-25 01:11:12] [MAIN] - Fetching wind data...

INFO [2024-10-25 01:11:13] [MAIN] - Done adding wind data! (run time : 0.78s).

INFO [2024-10-25 01:11:13] [MAIN] - Fetching solar data...

INFO [2024-10-25 01:11:13] [MAIN] - Done adding solar data! (run time : 0.44s).

INFO [2024-10-25 01:11:13] [MAIN] - Beginning hydro implementation...
INFO [2024-10-25 01:11:24] [MAIN] - Done adding hydro!
INFO [2024-10-25 01:11:24] [MAIN] - Fetching thermal data...
INFO [2024-10-25 01:12:16] [MAIN] - Done adding thermal data! (run time : 0.88min).

INFO [2024-10-25 01:12:16] [MAIN] - Fetching battery data...

INFO [2024-10-25 01:12:17] [MAIN] - Aggregating identical batteries...
INFO [2024-10-25 01:12:17] [MAIN] - Running 5-clustering algorithm on batteries...
INFO [2024-10-25 01:12:17] [MAIN] - Done running 5-clustering algorithm on batteries!

INFO [2024-10-25 01:12:27] [MAIN] - Done adding battery data! (run time : 0.18min).

INFO [2024-10-25 01:12:27] [MAIN] - Adding lines between areas...

