INFO [2024-09-03 18:26:17] [MAIN] - Creating v2_test__2024_09_03_18_26_16 study...

INFO [2024-09-03 18:26:17] [MAIN] - Unit commitment mode : ACCURATE
INFO [2024-09-03 18:26:17] [MAIN] - Adding nodes...

INFO [2024-09-03 18:26:20] [NODES] - Adding AF-BWA node...
INFO [2024-09-03 18:26:20] [NODES] - Adding AF-LSO node...
INFO [2024-09-03 18:26:21] [NODES] - Adding AF-MOZ node...
INFO [2024-09-03 18:26:21] [NODES] - Adding AF-NAM node...
INFO [2024-09-03 18:26:22] [NODES] - Adding AF-SWZ node...
INFO [2024-09-03 18:26:22] [NODES] - Adding AF-ZAF node...
INFO [2024-09-03 18:26:23] [NODES] - Adding AF-ZWE node...
INFO [2024-09-03 18:26:23] [NODES] - Adding EU-BEL node...
INFO [2024-09-03 18:26:24] [NODES] - Adding EU-CHE node...
INFO [2024-09-03 18:26:24] [NODES] - Adding EU-DEU node...
INFO [2024-09-03 18:26:25] [NODES] - Adding EU-ESP node...
INFO [2024-09-03 18:26:25] [NODES] - Adding EU-FRA node...
INFO [2024-09-03 18:26:26] [NODES] - Adding EU-GBR node...
INFO [2024-09-03 18:26:27] [NODES] - Adding EU-ITA node...
INFO [2024-09-03 18:26:27] [NODES] - Adding EU-LUX node...
INFO [2024-09-03 18:26:28] [NODES] - Adding SA-ARG node...
INFO [2024-09-03 18:26:28] [NODES] - Adding SA-CHL node...
INFO [2024-09-03 18:26:29] [NODES] - Adding SA-PRY node...
INFO [2024-09-03 18:26:29] [NODES] - Adding SA-URY node...
INFO [2024-09-03 18:26:30] [MAIN] - Done adding nodes! (run time : 13.23s).

INFO [2024-09-03 18:26:30] [MAIN] - Adding districts...

INFO [2024-09-03 18:26:31] [DISTRICTS] - Creating global district...
INFO [2024-09-03 18:26:31] [DISTRICTS] - Done creating global district!
INFO [2024-09-03 18:26:32] [DISTRICTS] - Creating africa continental district...
INFO [2024-09-03 18:26:32] [DISTRICTS] - Done creating africa continental district!
INFO [2024-09-03 18:26:32] [DISTRICTS] - Creating europe continental district...
INFO [2024-09-03 18:26:32] [DISTRICTS] - Done creating europe continental district!
INFO [2024-09-03 18:26:32] [DISTRICTS] - Creating south america continental district...
INFO [2024-09-03 18:26:33] [DISTRICTS] - Done creating south america continental district!
INFO [2024-09-03 18:26:33] [MAIN] - Done adding districts! (run time : 2.9s).

INFO [2024-09-03 18:26:33] [MAIN] - Adding load data...

INFO [2024-09-03 18:26:35] [LOAD] - Adding EU-FRA load data...
INFO [2024-09-03 18:26:36] [LOAD] - Adding EU-GBR load data...
INFO [2024-09-03 18:26:36] [LOAD] - Adding EU-BEL load data...
INFO [2024-09-03 18:26:36] [LOAD] - Adding EU-LUX load data...
INFO [2024-09-03 18:26:37] [LOAD] - Adding EU-DEU load data...
INFO [2024-09-03 18:26:37] [LOAD] - Adding EU-CHE load data...
INFO [2024-09-03 18:26:37] [LOAD] - Adding EU-ITA load data...
INFO [2024-09-03 18:26:38] [LOAD] - Adding EU-ESP load data...
INFO [2024-09-03 18:26:38] [LOAD] - Adding SA-ARG load data...
INFO [2024-09-03 18:26:38] [LOAD] - Adding SA-CHL load data...
INFO [2024-09-03 18:26:39] [LOAD] - Adding SA-URY load data...
INFO [2024-09-03 18:26:39] [LOAD] - Adding SA-PRY load data...
INFO [2024-09-03 18:26:39] [LOAD] - Adding AF-ZAF load data...
INFO [2024-09-03 18:26:39] [LOAD] - Adding AF-NAM load data...
INFO [2024-09-03 18:26:40] [LOAD] - Adding AF-BWA load data...
INFO [2024-09-03 18:26:40] [LOAD] - Adding AF-ZWE load data...
INFO [2024-09-03 18:26:40] [LOAD] - Adding AF-MOZ load data...
INFO [2024-09-03 18:26:41] [LOAD] - Adding AF-SWZ load data...
INFO [2024-09-03 18:26:41] [LOAD] - Adding AF-LSO load data...
INFO [2024-09-03 18:26:41] [MAIN] - Done adding load data! (run time : 8.13s).

INFO [2024-09-03 18:26:41] [MAIN] - Fetching wind data...

INFO [2024-09-03 18:26:42] [WIND] - Adding EU-FRA aggregated wind data...
INFO [2024-09-03 18:26:42] [WIND] - Adding EU-GBR aggregated wind data...
INFO [2024-09-03 18:26:42] [WIND] - Adding EU-BEL aggregated wind data...
INFO [2024-09-03 18:26:43] [WIND] - Adding EU-LUX aggregated wind data...
INFO [2024-09-03 18:26:43] [WIND] - Adding EU-DEU aggregated wind data...
INFO [2024-09-03 18:26:43] [WIND] - Adding EU-CHE aggregated wind data...
INFO [2024-09-03 18:26:44] [WIND] - Adding EU-ITA aggregated wind data...
INFO [2024-09-03 18:26:44] [WIND] - Adding EU-ESP aggregated wind data...
INFO [2024-09-03 18:26:44] [WIND] - Adding SA-ARG aggregated wind data...
INFO [2024-09-03 18:26:44] [WIND] - Adding SA-CHL aggregated wind data...
INFO [2024-09-03 18:26:45] [WIND] - Adding SA-URY aggregated wind data...
INFO [2024-09-03 18:26:45] [WARN] - Skipped adding wind data for SA-PRY (no generators found in PLEXOS).
INFO [2024-09-03 18:26:45] [WIND] - Adding AF-ZAF aggregated wind data...
INFO [2024-09-03 18:26:45] [WARN] - Skipped adding wind data for AF-NAM (no generators found in PLEXOS).
INFO [2024-09-03 18:26:45] [WARN] - Skipped adding wind data for AF-BWA (no generators found in PLEXOS).
INFO [2024-09-03 18:26:45] [WARN] - Skipped adding wind data for AF-ZWE (no generators found in PLEXOS).
INFO [2024-09-03 18:26:45] [WARN] - Skipped adding wind data for AF-MOZ (no generators found in PLEXOS).
INFO [2024-09-03 18:26:45] [WARN] - Skipped adding wind data for AF-SWZ (no generators found in PLEXOS).
INFO [2024-09-03 18:26:45] [WARN] - Skipped adding wind data for AF-LSO (no generators found in PLEXOS).
INFO [2024-09-03 18:26:45] [MAIN] - Done adding wind data! (run time : 3.81s).

INFO [2024-09-03 18:26:45] [MAIN] - Fetching solar data...

INFO [2024-09-03 18:26:46] [SOLAR] - Adding EU-FRA aggregated solar data...
INFO [2024-09-03 18:26:46] [SOLAR] - Adding EU-GBR aggregated solar data...
INFO [2024-09-03 18:26:46] [SOLAR] - Adding EU-BEL aggregated solar data...
INFO [2024-09-03 18:26:47] [SOLAR] - Adding EU-LUX aggregated solar data...
INFO [2024-09-03 18:26:47] [SOLAR] - Adding EU-DEU aggregated solar data...
INFO [2024-09-03 18:26:47] [SOLAR] - Adding EU-CHE aggregated solar data...
INFO [2024-09-03 18:26:48] [SOLAR] - Adding EU-ITA aggregated solar data...
INFO [2024-09-03 18:26:48] [SOLAR] - Adding EU-ESP aggregated solar data...
INFO [2024-09-03 18:26:48] [SOLAR] - Adding SA-ARG aggregated solar data...
INFO [2024-09-03 18:26:49] [SOLAR] - Adding SA-CHL aggregated solar data...
INFO [2024-09-03 18:26:49] [SOLAR] - Adding SA-URY aggregated solar data...
INFO [2024-09-03 18:26:49] [WARN] - Skipped adding solar data for SA-PRY (no generators found in PLEXOS).
INFO [2024-09-03 18:26:49] [SOLAR] - Adding AF-ZAF aggregated solar data...
INFO [2024-09-03 18:26:49] [SOLAR] - Adding AF-NAM aggregated solar data...
INFO [2024-09-03 18:26:49] [WARN] - Skipped adding solar data for AF-BWA (no generators found in PLEXOS).
INFO [2024-09-03 18:26:50] [WARN] - Skipped adding solar data for AF-ZWE (no generators found in PLEXOS).
INFO [2024-09-03 18:26:50] [WARN] - Skipped adding solar data for AF-MOZ (no generators found in PLEXOS).
INFO [2024-09-03 18:26:50] [WARN] - Skipped adding solar data for AF-SWZ (no generators found in PLEXOS).
INFO [2024-09-03 18:26:50] [WARN] - Skipped adding solar data for AF-LSO (no generators found in PLEXOS).
INFO [2024-09-03 18:26:50] [MAIN] - Done adding solar data! (run time : 4.4s).

INFO [2024-09-03 18:26:50] [MAIN] - Beginning hydro implementation...
INFO [2024-09-03 18:26:52] [HYDRO] - Initializing AF-LSO hydro parameters...
INFO [2024-09-03 18:26:53] [HYDRO] - Adding AF-LSO max power timeseries...
INFO [2024-09-03 18:26:54] [HYDRO] - Adding AF-LSO hydro profiles...
INFO [2024-09-03 18:26:57] [HYDRO] - Initializing AF-MOZ hydro parameters...
INFO [2024-09-03 18:26:59] [HYDRO] - Adding AF-MOZ max power timeseries...
INFO [2024-09-03 18:27:00] [HYDRO] - Adding AF-MOZ hydro profiles...
INFO [2024-09-03 18:27:03] [HYDRO] - Initializing AF-NAM hydro parameters...
INFO [2024-09-03 18:27:04] [HYDRO] - Adding AF-NAM max power timeseries...
INFO [2024-09-03 18:27:05] [HYDRO] - Adding AF-NAM hydro profiles...
INFO [2024-09-03 18:27:07] [HYDRO] - Initializing AF-SWZ hydro parameters...
INFO [2024-09-03 18:27:08] [HYDRO] - Adding AF-SWZ max power timeseries...
INFO [2024-09-03 18:27:09] [HYDRO] - Adding AF-SWZ hydro profiles...
INFO [2024-09-03 18:27:11] [HYDRO] - Initializing AF-ZAF hydro parameters...
INFO [2024-09-03 18:27:12] [HYDRO] - Adding AF-ZAF max power timeseries...
INFO [2024-09-03 18:27:13] [HYDRO] - Adding AF-ZAF hydro profiles...
INFO [2024-09-03 18:27:15] [HYDRO] - Initializing AF-ZWE hydro parameters...
INFO [2024-09-03 18:27:16] [HYDRO] - Adding AF-ZWE max power timeseries...
INFO [2024-09-03 18:27:17] [HYDRO] - Adding AF-ZWE hydro profiles...
INFO [2024-09-03 18:27:19] [HYDRO] - Initializing EU-BEL hydro parameters...
INFO [2024-09-03 18:27:20] [HYDRO] - Adding EU-BEL max power timeseries...
INFO [2024-09-03 18:27:21] [HYDRO] - Adding EU-BEL hydro profiles...
INFO [2024-09-03 18:27:23] [HYDRO] - Initializing EU-CHE hydro parameters...
INFO [2024-09-03 18:27:24] [HYDRO] - Adding EU-CHE max power timeseries...
INFO [2024-09-03 18:27:25] [HYDRO] - Adding EU-CHE hydro profiles...
INFO [2024-09-03 18:27:27] [HYDRO] - Initializing EU-DEU hydro parameters...
INFO [2024-09-03 18:27:28] [HYDRO] - Adding EU-DEU max power timeseries...
INFO [2024-09-03 18:27:29] [HYDRO] - Adding EU-DEU hydro profiles...
INFO [2024-09-03 18:27:32] [HYDRO] - Initializing EU-ESP hydro parameters...
INFO [2024-09-03 18:27:33] [HYDRO] - Adding EU-ESP max power timeseries...
INFO [2024-09-03 18:27:34] [HYDRO] - Adding EU-ESP hydro profiles...
INFO [2024-09-03 18:27:36] [HYDRO] - Initializing EU-FRA hydro parameters...
INFO [2024-09-03 18:27:38] [HYDRO] - Adding EU-FRA max power timeseries...
INFO [2024-09-03 18:27:39] [HYDRO] - Adding EU-FRA hydro profiles...
INFO [2024-09-03 18:27:41] [HYDRO] - Initializing EU-GBR hydro parameters...
INFO [2024-09-03 18:27:42] [HYDRO] - Adding EU-GBR max power timeseries...
INFO [2024-09-03 18:27:44] [HYDRO] - Adding EU-GBR hydro profiles...
INFO [2024-09-03 18:27:46] [HYDRO] - Initializing EU-ITA hydro parameters...
INFO [2024-09-03 18:27:47] [HYDRO] - Adding EU-ITA max power timeseries...
INFO [2024-09-03 18:27:48] [HYDRO] - Adding EU-ITA hydro profiles...
INFO [2024-09-03 18:27:50] [HYDRO] - Initializing EU-LUX hydro parameters...
INFO [2024-09-03 18:27:51] [HYDRO] - Adding EU-LUX max power timeseries...
INFO [2024-09-03 18:27:53] [HYDRO] - Adding EU-LUX hydro profiles...
INFO [2024-09-03 18:27:55] [HYDRO] - Initializing SA-ARG hydro parameters...
INFO [2024-09-03 18:27:56] [HYDRO] - Adding SA-ARG max power timeseries...
INFO [2024-09-03 18:27:57] [HYDRO] - Adding SA-ARG hydro profiles...
INFO [2024-09-03 18:27:59] [HYDRO] - Initializing SA-CHL hydro parameters...
INFO [2024-09-03 18:28:00] [HYDRO] - Adding SA-CHL max power timeseries...
INFO [2024-09-03 18:28:01] [HYDRO] - Adding SA-CHL hydro profiles...
INFO [2024-09-03 18:28:03] [HYDRO] - Initializing SA-PRY hydro parameters...
INFO [2024-09-03 18:28:04] [HYDRO] - Adding SA-PRY max power timeseries...
INFO [2024-09-03 18:28:05] [HYDRO] - Adding SA-PRY hydro profiles...
INFO [2024-09-03 18:28:07] [HYDRO] - Initializing SA-URY hydro parameters...
INFO [2024-09-03 18:28:08] [HYDRO] - Adding SA-URY max power timeseries...
INFO [2024-09-03 18:28:10] [HYDRO] - Adding SA-URY hydro profiles...
INFO [2024-09-03 18:28:10] [MAIN] - Done adding hydro!
INFO [2024-09-03 18:28:10] [MAIN] - Fetching thermal data...
INFO [2024-09-03 18:28:15] [MAIN] - Aggregating identical generators...
INFO [2024-09-03 18:28:16] [MAIN] - Running 5-clustering algorithm on generators...
INFO [2024-09-03 18:28:18] [MAIN] - Done running 5-clustering algorithm on generators!

INFO [2024-09-03 18:28:18] [THERMAL] - Adding BWA_COA_SUAPANSODAAS1045 generator to AF-BWA node...
INFO [2024-09-03 18:28:18] [THERMAL] - Adding BWA_COA_MORPULE1044 generator to AF-BWA node...
INFO [2024-09-03 18:28:19] [THERMAL] - Adding NAM_COA_VANECK14528 generator to AF-NAM node...
INFO [2024-09-03 18:28:19] [THERMAL] - Adding NAM_OIL_LANGERHEINRICH14522 generator to AF-NAM node...
INFO [2024-09-03 18:28:19] [THERMAL] - Adding NAM_OIL_ANIXAS14521 generator to AF-NAM node...
INFO [2024-09-03 18:28:20] [THERMAL] - Adding NAM_OIL_PARATUSWALVIS14526 generator to AF-NAM node...
INFO [2024-09-03 18:28:20] [THERMAL] - Adding SWZ_BIO_UBOMBOMILL17523 generator to AF-SWZ node...
INFO [2024-09-03 18:28:21] [THERMAL] - Adding SWZ_BIO_MHLUMEMILL17521 generator to AF-SWZ node...
INFO [2024-09-03 18:28:21] [THERMAL] - Adding SWZ_BIO_SIMUNYEMILL17522 generator to AF-SWZ node...
INFO [2024-09-03 18:28:21] [THERMAL] - Adding SWZ_BIO_CAPACITYSCALER generator to AF-SWZ node...
INFO [2024-09-03 18:28:22] [THERMAL] - Adding ZAF_GAS_ACACIA16610_PORTREX16685 generator to AF-ZAF node...
INFO [2024-09-03 18:28:22] [THERMAL] - Adding ZAF_COA_ARNOTPOWERSTA16615_KENDALPOWERST16656_MAJUBAPOWERST1 generator to AF-ZAF node...
INFO [2024-09-03 18:28:23] [THERMAL] - Adding ZAF_COA_CAMDENPOWERST16621 generator to AF-ZAF node...
INFO [2024-09-03 18:28:23] [THERMAL] - Adding ZAF_COA_TUTUKAPOWERST16703_LETHABOPOWERS16667_MATIMBAPOWERS1 generator to AF-ZAF node...
INFO [2024-09-03 18:28:23] [THERMAL] - Adding ZAF_COA_KOMATIPOWERST16661 generator to AF-ZAF node...
INFO [2024-09-03 18:28:24] [THERMAL] - Adding ZAF_COA_PRETORIAWESTP16686 generator to AF-ZAF node...
INFO [2024-09-03 18:28:24] [THERMAL] - Adding ZAF_WAS_BISASARROADLA16618_LOMATI16671 generator to AF-ZAF node...
INFO [2024-09-03 18:28:25] [THERMAL] - Adding ZAF_WAS_HERNICWASTEHE16647 generator to AF-ZAF node...
INFO [2024-09-03 18:28:25] [THERMAL] - Adding ZAF_BIO_GRAHAMSTOWN16641_PETROSABIOGAS16684 generator to AF-ZAF node...
INFO [2024-09-03 18:28:25] [THERMAL] - Adding ZAF_BIO_CAPACITYSCALER generator to AF-ZAF node...
INFO [2024-09-03 18:28:26] [THERMAL] - Adding ZAF_WAS_FERROWASTEHEA16637_MARIANNHILLLAN16675 generator to AF-ZAF node...
INFO [2024-09-03 18:28:26] [THERMAL] - Adding ZAF_NUC_CAPACITYSCALER generator to AF-ZAF node...
INFO [2024-09-03 18:28:27] [THERMAL] - Adding ZAF_NUC_KOEBERG16660 generator to AF-ZAF node...
INFO [2024-09-03 18:28:27] [THERMAL] - Adding ZAF_OIL_GOURIKWA16640 generator to AF-ZAF node...
INFO [2024-09-03 18:28:28] [THERMAL] - Adding ZAF_OIL_ANKERLIG16613 generator to AF-ZAF node...
INFO [2024-09-03 18:28:28] [THERMAL] - Adding ZWE_COA_CAPACITYSCALER generator to AF-ZWE node...
INFO [2024-09-03 18:28:29] [THERMAL] - Adding ZWE_COA_HWANGECOALPOW29910 generator to AF-ZWE node...
INFO [2024-09-03 18:28:29] [THERMAL] - Adding ZWE_BIO_CAPACITYSCALER generator to AF-ZWE node...
INFO [2024-09-03 18:28:29] [THERMAL] - Adding BEL_GAS_AALSTSYRALST932_DROGENBOSDM51944_ZWIJNDRECHTLAN993_B generator to EU-BEL node...
INFO [2024-09-03 18:28:30] [THERMAL] - Adding BEL_GAS_ZELZATE2KNIPP990_SAINTGHISLAIN975_RINGVAARTSTEG972_C generator to EU-BEL node...
INFO [2024-09-03 18:28:30] [THERMAL] - Adding BEL_GAS_MARCINELLEENER968_TPOWERBERINGE978 generator to EU-BEL node...
INFO [2024-09-03 18:28:31] [THERMAL] - Adding BEL_GAS_LANGERLO4REPO966_ANGLEURTG41929_INESCOWKK960 generator to EU-BEL node...
INFO [2024-09-03 18:28:31] [THERMAL] - Adding BEL_GAS_AMERCOEUR1RT933_DROGENBOSTGV946_HERDERSBRUGSTE952 generator to EU-BEL node...
INFO [2024-09-03 18:28:31] [THERMAL] - Adding BEL_COA_LANGERLO1965 generator to EU-BEL node...
INFO [2024-09-03 18:28:32] [THERMAL] - Adding BEL_WAS_SCHAERBEEKSIOM977_LANGERBRUGGEST964 generator to EU-BEL node...
INFO [2024-09-03 18:28:32] [THERMAL] - Adding BEL_BIO_CAPACITYSCALER generator to EU-BEL node...
INFO [2024-09-03 18:28:33] [THERMAL] - Adding BEL_WAS_WILRIJKISVAG984_IVBO961_ELECTRAWINDSBI948_BEVEREN2IN generator to EU-BEL node...
INFO [2024-09-03 18:28:33] [THERMAL] - Adding BEL_WAS_INCINERATEURTH962_INTRADELHERSTA963 generator to EU-BEL node...
INFO [2024-09-03 18:28:34] [THERMAL] - Adding BEL_BIO_AWIRS4930_RODENHUIZE4973 generator to EU-BEL node...
INFO [2024-09-03 18:28:34] [THERMAL] - Adding BEL_NUC_TIHANGE1N979 generator to EU-BEL node...
INFO [2024-09-03 18:28:34] [THERMAL] - Adding BEL_NUC_TIHANGE3980 generator to EU-BEL node...
INFO [2024-09-03 18:28:35] [THERMAL] - Adding BEL_NUC_DOEL4943 generator to EU-BEL node...
INFO [2024-09-03 18:28:35] [THERMAL] - Adding BEL_OIL_AALTERTJ928_BUDATJ936_CIERREUXTJ941_DEUXACRENTJ947_N generator to EU-BEL node...
INFO [2024-09-03 18:28:36] [THERMAL] - Adding BEL_OIL_BEERSETJ935 generator to EU-BEL node...
INFO [2024-09-03 18:28:36] [THERMAL] - Adding CHE_GAS_CAPACITYSCALER generator to EU-CHE node...
INFO [2024-09-03 18:28:37] [THERMAL] - Adding CHE_COA_CAPACITYSCALER generator to EU-CHE node...
INFO [2024-09-03 18:28:37] [THERMAL] - Adding CHE_BIO_CAPACITYSCALER generator to EU-CHE node...
INFO [2024-09-03 18:28:37] [THERMAL] - Adding CHE_NUC_KERNKRAFTWERKB17760 generator to EU-CHE node...
INFO [2024-09-03 18:28:38] [THERMAL] - Adding CHE_NUC_KERNKRAFTWERKM17763 generator to EU-CHE node...
INFO [2024-09-03 18:28:38] [THERMAL] - Adding CHE_NUC_KERNKRAFTWERKL17762 generator to EU-CHE node...
INFO [2024-09-03 18:28:39] [THERMAL] - Adding CHE_NUC_KERNKRAFTWERKG17761 generator to EU-CHE node...
INFO [2024-09-03 18:28:39] [THERMAL] - Adding CHE_OIL_CAPACITYSCALER generator to EU-CHE node...
INFO [2024-09-03 18:28:39] [THERMAL] - Adding DEU_GAS_GTKWDARMSTADT11128_HEIZKRAFTWERKK11271_HEIZKRAFTWERK generator to EU-DEU node...
INFO [2024-09-03 18:28:40] [THERMAL] - Adding DEU_GAS_DAMPFKRAFTWERK11027_HKWJENA11213_KWKIRCHLENGERN11345 generator to EU-DEU node...
INFO [2024-09-03 18:28:40] [THERMAL] - Adding DEU_GAS_KESSEL211371_ERWEITERUNGENE11099_BHKWANKLINKER10911_ generator to EU-DEU node...
INFO [2024-09-03 18:28:41] [THERMAL] - Adding DEU_GAS_DORMAGEN11044_NATURALGASBLOC11508_THYROW11738_HUCKIN generator to EU-DEU node...
INFO [2024-09-03 18:28:41] [THERMAL] - Adding DEU_GAS_HKWHILTROP11209_HKWSCHWERINS11231_NATURALGASKRAF1150 generator to EU-DEU node...
INFO [2024-09-03 18:28:41] [THERMAL] - Adding DEU_COA_HKWNORDWEST11223_HEIZKRAFTWERK311260_KWWEST11350_HAF generator to EU-DEU node...
INFO [2024-09-03 18:28:42] [THERMAL] - Adding DEU_COA_WILHELMSHAVENP11817_ALTBACHPOWERS10887_ROSTOCKPOWERS generator to EU-DEU node...
INFO [2024-09-03 18:28:42] [THERMAL] - Adding DEU_COA_CHEMIEPARKMARL11011_HKWWEST11233_KRAFTWERKWERDO11414 generator to EU-DEU node...
INFO [2024-09-03 18:28:43] [THERMAL] - Adding DEU_COA_HKWNORD11222_BUERPOWERSTAT11001_COTTBUSCHPPOW11019_C generator to EU-DEU node...
INFO [2024-09-03 18:28:43] [THERMAL] - Adding DEU_COA_KESSEL411372_KRAFTWERK11391_HKWKARCHERSTR_11214_KOHL generator to EU-DEU node...
INFO [2024-09-03 18:28:44] [THERMAL] - Adding DEU_BIO_ZELLSTOFFSTEND11847_ZOLLINGPOWERS11851_CAPACITYSCALE generator to EU-DEU node...
INFO [2024-09-03 18:28:44] [THERMAL] - Adding DEU_BIO_BIOENERGIEPARK10946_BIOMASSEHEIZKRA10972_BIOMASSEKRA generator to EU-DEU node...
INFO [2024-09-03 18:28:44] [THERMAL] - Adding DEU_BIO_BIOMASSGENERAT10961_DT11026_MLLKRAFTWERK11494_MHKWRO generator to EU-DEU node...
INFO [2024-09-03 18:28:45] [THERMAL] - Adding DEU_BIO_BLOCKHEIZKRAFTW10981_ZWSF11844_BIOMASSGENERAT10951_M generator to EU-DEU node...
INFO [2024-09-03 18:28:45] [THERMAL] - Adding DEU_BIO_WIBIEBRICH11814_ENERTECHAMELN11093_EBKWKNAPSACK11055 generator to EU-DEU node...
INFO [2024-09-03 18:28:46] [THERMAL] - Adding DEU_NUC_KERNKRAFTGUNDR11370 generator to EU-DEU node...
INFO [2024-09-03 18:28:46] [THERMAL] - Adding DEU_NUC_PHILIPPSBURG211562 generator to EU-DEU node...
INFO [2024-09-03 18:28:47] [THERMAL] - Adding DEU_NUC_ISAR211322 generator to EU-DEU node...
INFO [2024-09-03 18:28:47] [THERMAL] - Adding DEU_NUC_BROKDORF10922 generator to EU-DEU node...
INFO [2024-09-03 18:28:48] [THERMAL] - Adding DEU_NUC_GROHNDE11162_NECKARWESTHEIM11499_EMSLAND11062 generator to EU-DEU node...
INFO [2024-09-03 18:28:48] [THERMAL] - Adding DEU_OIL_MOABITOIL11482_WILHELMSHAVEN11816_SPITZENLASTANLA117 generator to EU-DEU node...
INFO [2024-09-03 18:28:48] [THERMAL] - Adding DEU_OIL_BRUNSBTTEL11000_WILMERSDORF11818_CAPACITYSCALER generator to EU-DEU node...
INFO [2024-09-03 18:28:49] [THERMAL] - Adding DEU_OIL_RAFFINERIEKRAFT11602_AUDORF10902_ITZEHOE11337_KRAFTW generator to EU-DEU node...
INFO [2024-09-03 18:28:49] [THERMAL] - Adding DEU_OIL_KRAFTWERKWALHE11413_IKSPCKSCHWEDT11316_KWMITTELSBRE1 generator to EU-DEU node...
INFO [2024-09-03 18:28:50] [THERMAL] - Adding DEU_OIL_DKWLEINAU11024_DKWNORD11025_SKWDIESEL11650_SPITZENLA generator to EU-DEU node...
INFO [2024-09-03 18:28:50] [THERMAL] - Adding DEU_GEO_CAPACITYSCALER generator to EU-DEU node...
INFO [2024-09-03 18:28:51] [THERMAL] - Adding DEU_WAV_CAPACITYSCALER generator to EU-DEU node...
INFO [2024-09-03 18:28:51] [THERMAL] - Adding DEU_OTH_HKWWEST11236_DKKRAFTWERK11023_EBSHEIZKRAFTWE11057 generator to EU-DEU node...
INFO [2024-09-03 18:28:52] [THERMAL] - Adding DEU_OTH_OXEAGMBH11555_KRAFTWERKNORD11407 generator to EU-DEU node...
INFO [2024-09-03 18:28:52] [THERMAL] - Adding DEU_OTH_KRAFTWERKSALZG11409 generator to EU-DEU node...
INFO [2024-09-03 18:28:53] [THERMAL] - Adding DEU_OTH_ILKEKT11319_BIOMASSGENERAT10952 generator to EU-DEU node...
INFO [2024-09-03 18:28:53] [THERMAL] - Adding DEU_OTH_GICHTNATURALGA11145_O1011535_IKW11317 generator to EU-DEU node...
INFO [2024-09-03 18:28:53] [THERMAL] - Adding ESP_GAS_BESOSGRUPO516875_BAHIADEALGECI16867_ACECAGRUPO416840 generator to EU-ESP node...
INFO [2024-09-03 18:28:54] [THERMAL] - Adding ESP_GAS_MALA1CTCCMAL17031_CTCCCASTEJON16935_CASTRESORERTG168 generator to EU-ESP node...
INFO [2024-09-03 18:28:54] [THERMAL] - Adding ESP_GAS_PAPELERAGUIPUZ17264_REPSOLPUERTOLL17389_SNIACE17412 generator to EU-ESP node...
INFO [2024-09-03 18:28:55] [THERMAL] - Adding ESP_GAS_MICHELINARANDA17039_TORTOSAENERGIA17437_MICHELINVALL generator to EU-ESP node...
INFO [2024-09-03 18:28:55] [THERMAL] - Adding ESP_GAS_FERTIMOLINA16967_NUFRI17050_SALINASBRASDE17395_TIOXI generator to EU-ESP node...
INFO [2024-09-03 18:28:55] [THERMAL] - Adding ESP_COA_CTGUARDO216931_COMPOSTILLAII16922 generator to EU-ESP node...
INFO [2024-09-03 18:28:56] [THERMAL] - Adding ESP_COA_ESCATRONGR516963 generator to EU-ESP node...
INFO [2024-09-03 18:28:56] [THERMAL] - Adding ESP_COA_LOSBARRIOS17022_ABONO216839_PUENTENUEVOGR17380 generator to EU-ESP node...
INFO [2024-09-03 18:28:57] [THERMAL] - Adding ESP_COA_ANLLARESGR116856_SOTORIBERA317418_CTLADA416932_LAROB generator to EU-ESP node...
INFO [2024-09-03 18:28:57] [THERMAL] - Adding ESP_COA_TERUELGR317432_ALCUDIA1GRUP16847_NARCEAGRUPO317048_M generator to EU-ESP node...
INFO [2024-09-03 18:28:58] [THERMAL] - Adding ESP_WAS_PROCESOSECOLOG17374 generator to EU-ESP node...
INFO [2024-09-03 18:28:58] [THERMAL] - Adding ESP_WAS_VERTEDERODELG17446_ADSJUNEDA216841_HORTAMEDIOAMB1698 generator to EU-ESP node...
INFO [2024-09-03 18:28:59] [THERMAL] - Adding ESP_WAS_LAALJORRACART16993 generator to EU-ESP node...
INFO [2024-09-03 18:28:59] [THERMAL] - Adding ESP_WAS_FUENTEALAMOII16972_GRUPOTURBOGEN16979 generator to EU-ESP node...
INFO [2024-09-03 18:28:59] [THERMAL] - Adding ESP_BIO_CAPACITYSCALER generator to EU-ESP node...
INFO [2024-09-03 18:29:00] [THERMAL] - Adding ESP_NUC_ASCOGR16862 generator to EU-ESP node...
INFO [2024-09-03 18:29:00] [THERMAL] - Adding ESP_NUC_TRILLO17440 generator to EU-ESP node...
INFO [2024-09-03 18:29:01] [THERMAL] - Adding ESP_NUC_CNALMARAZ116915 generator to EU-ESP node...
INFO [2024-09-03 18:29:01] [THERMAL] - Adding ESP_NUC_VANDELLOSGR217444 generator to EU-ESP node...
INFO [2024-09-03 18:29:02] [THERMAL] - Adding ESP_NUC_CNCOFRENTES16916 generator to EU-ESP node...
INFO [2024-09-03 18:29:02] [THERMAL] - Adding ESP_OIL_CTESCOMBRERAS16930_SONREUS3TUR17417_CTSANTURCE216933 generator to EU-ESP node...
INFO [2024-09-03 18:29:03] [THERMAL] - Adding ESP_OIL_PAPELERAROMANI17265_BOINERSA16877_FORESTALDELAT16970 generator to EU-ESP node...
INFO [2024-09-03 18:29:03] [THERMAL] - Adding ESP_OIL_CEUTA9G916910_LASSALINAS917015_ENERGYWORKSCAR16958_V generator to EU-ESP node...
INFO [2024-09-03 18:29:03] [THERMAL] - Adding ESP_OIL_CANDELARIA9V16892_PUNTAGRANDE1917384_MAHON10BURME170 generator to EU-ESP node...
INFO [2024-09-03 18:29:04] [THERMAL] - Adding ESP_OIL_COGENERACIONRE16920_ARONA1GAS116859_GUIADEISORAG1698 generator to EU-ESP node...
INFO [2024-09-03 18:29:04] [THERMAL] - Adding ESP_WAV_CAPACITYSCALER generator to EU-ESP node...
INFO [2024-09-03 18:29:05] [THERMAL] - Adding FRA_GAS_COMBIGOLFE9114_BLENOD58946 generator to EU-FRA node...
INFO [2024-09-03 18:29:05] [THERMAL] - Adding FRA_GAS_CAPACITYSCALER_DK69328 generator to EU-FRA node...
INFO [2024-09-03 18:29:06] [THERMAL] - Adding FRA_GAS_GENNEVILLIERS19464_PONTSURSAMBRE10198_CROIXDEMETZ930 generator to EU-FRA node...
INFO [2024-09-03 18:29:06] [THERMAL] - Adding FRA_GAS_MARTIGUESPONTE9866 generator to EU-FRA node...
INFO [2024-09-03 18:29:06] [THERMAL] - Adding FRA_GAS_EMILEHUCHET9363_BOUCHAIN78948 generator to EU-FRA node...
INFO [2024-09-03 18:29:07] [THERMAL] - Adding FRA_COA_LUCY39603 generator to EU-FRA node...
INFO [2024-09-03 18:29:07] [THERMAL] - Adding FRA_COA_CAPACITYSCALER generator to EU-FRA node...
INFO [2024-09-03 18:29:08] [THERMAL] - Adding FRA_COA_EMILEHUCHET9364 generator to EU-FRA node...
INFO [2024-09-03 18:29:08] [THERMAL] - Adding FRA_COA_CORDEMAIS49116_HAVRE49538 generator to EU-FRA node...
INFO [2024-09-03 18:29:09] [THERMAL] - Adding FRA_COA_PROVENCE510115 generator to EU-FRA node...
INFO [2024-09-03 18:29:09] [THERMAL] - Adding FRA_BIO_ALLEMANT8850_AMANVILLERS8862_AUCH8917_BIMONT9017_BOR generator to EU-FRA node...
INFO [2024-09-03 18:29:09] [THERMAL] - Adding FRA_BIO_MONTECH9977_NOYELLESSOUSL10067_VILLEFRANCHESU10775_A generator to EU-FRA node...
INFO [2024-09-03 18:29:10] [THERMAL] - Adding FRA_BIO_CAPACITYSCALER generator to EU-FRA node...
INFO [2024-09-03 18:29:11] [THERMAL] - Adding FRA_BIO_LEPLESSISGASS9757_SAINTJEANDEF10422_CLERMONTFERRAN92 generator to EU-FRA node...
INFO [2024-09-03 18:29:11] [THERMAL] - Adding FRA_BIO_FOSSURMER9434_ISSYLESMOULIN9578 generator to EU-FRA node...
INFO [2024-09-03 18:29:12] [THERMAL] - Adding FRA_NUC_STLAURENT10330 generator to EU-FRA node...
INFO [2024-09-03 18:29:12] [THERMAL] - Adding FRA_NUC_FLAMANVILLE9394_PENLY10110_STALBAN10328_GRAVELINES94 generator to EU-FRA node...
INFO [2024-09-03 18:29:12] [THERMAL] - Adding FRA_NUC_CHINON9109_BLAYAIS8945_CRUAS9118_TRICASTIN110646_BEL generator to EU-FRA node...
INFO [2024-09-03 18:29:13] [THERMAL] - Adding FRA_NUC_PALUEL10108_DAMPIERRE9326_BUGEY8952_CIVAUX9111_CHOOZ generator to EU-FRA node...
INFO [2024-09-03 18:29:13] [THERMAL] - Adding FRA_NUC_CATTENOM9106_FESSENHEIM9393 generator to EU-FRA node...
INFO [2024-09-03 18:29:14] [THERMAL] - Adding FRA_OIL_BRENNILIS8950_DIRINON9327 generator to EU-FRA node...
INFO [2024-09-03 18:29:14] [THERMAL] - Adding FRA_OIL_CAPACITYSCALER generator to EU-FRA node...
INFO [2024-09-03 18:29:15] [THERMAL] - Adding FRA_OIL_PORCHEVILLE10112 generator to EU-FRA node...
INFO [2024-09-03 18:29:15] [THERMAL] - Adding FRA_OIL_ARRIGHI8823 generator to EU-FRA node...
INFO [2024-09-03 18:29:16] [THERMAL] - Adding FRA_OIL_CORDEMAIS9115 generator to EU-FRA node...
INFO [2024-09-03 18:29:16] [THERMAL] - Adding FRA_GEO_BOUILLANTE9046 generator to EU-FRA node...
INFO [2024-09-03 18:29:17] [THERMAL] - Adding FRA_WAV_RANCE10241 generator to EU-FRA node...
INFO [2024-09-03 18:29:17] [THERMAL] - Adding FRA_WAV_CAPACITYSCALER generator to EU-FRA node...
INFO [2024-09-03 18:29:17] [THERMAL] - Adding GBR_GAS_BARRY18468_PETERBOROUGH20120_DEESIDE18969_BAGLANBAYC generator to EU-GBR node...
INFO [2024-09-03 18:29:18] [THERMAL] - Adding GBR_COG_VPIIMMINGHAM20664_GRAINCHP19248 generator to EU-GBR node...
INFO [2024-09-03 18:29:18] [THERMAL] - Adding GBR_GAS_SOUTHHUMBERBA20409_WESTBURTONCCG20714_CONNAHSQUAY188 generator to EU-GBR node...
INFO [2024-09-03 18:29:19] [THERMAL] - Adding GBR_GAS_CHIPPENHAM18798_LITTLEBARFORD19712_KEADBYGT19505_SEL generator to EU-GBR node...
INFO [2024-09-03 18:29:19] [THERMAL] - Adding GBR_GAS_BALLYLUMFORDB18447_COWES18886_KILROOTOCGT19533_TAYLO generator to EU-GBR node...
INFO [2024-09-03 18:29:20] [THERMAL] - Adding GBR_COA_RATCLIFFE20195_COTTAM18875_WESTBURTON20713 generator to EU-GBR node...
INFO [2024-09-03 18:29:20] [THERMAL] - Adding GBR_COA_CAPACITYSCALER generator to EU-GBR node...
INFO [2024-09-03 18:29:20] [THERMAL] - Adding GBR_COA_EGGBOROUGH19064_DRAX19002 generator to EU-GBR node...
INFO [2024-09-03 18:29:21] [THERMAL] - Adding GBR_COA_KILROOT19532_ABERTHAWB18330 generator to EU-GBR node...
INFO [2024-09-03 18:29:21] [THERMAL] - Adding GBR_COA_USKMOUTHPOWER20661 generator to EU-GBR node...
INFO [2024-09-03 18:29:22] [THERMAL] - Adding GBR_BIO_EYESUFFOLK19094_GLANFORD19202_WESTERNWOODEN20740_DUN generator to EU-GBR node...
INFO [2024-09-03 18:29:22] [THERMAL] - Adding GBR_BIO_14TULLYWIGGAN18314_ABBOTSMOORFAR18327_ABPELLESMEREA1 generator to EU-GBR node...
INFO [2024-09-03 18:29:22] [THERMAL] - Adding GBR_WAS_EDMONTON19061_RIVERSIDERESOU20237_FERRYBRIDGEMUL1912 generator to EU-GBR node...
INFO [2024-09-03 18:29:23] [THERMAL] - Adding GBR_WAS_SEVERNSIDEENER20339_BLACKBURNMEADO18555_ARDWICKRAILW generator to EU-GBR node...
INFO [2024-09-03 18:29:23] [THERMAL] - Adding GBR_BIO_CAPACITYSCALER generator to EU-GBR node...
INFO [2024-09-03 18:29:24] [THERMAL] - Adding GBR_NUC_HEYSHAM219373 generator to EU-GBR node...
INFO [2024-09-03 18:29:24] [THERMAL] - Adding GBR_NUC_SIZEWELLB20375 generator to EU-GBR node...
INFO [2024-09-03 18:29:25] [THERMAL] - Adding GBR_NUC_HINKLEYPOINTB19421_HUNTERSTONB19464_DUNGENESSB19020 generator to EU-GBR node...
INFO [2024-09-03 18:29:25] [THERMAL] - Adding GBR_NUC_HEYSHAM119372 generator to EU-GBR node...
INFO [2024-09-03 18:29:26] [THERMAL] - Adding GBR_NUC_HARTLEPOOL19347_TORNESS20587 generator to EU-GBR node...
INFO [2024-09-03 18:29:26] [THERMAL] - Adding GBR_OIL_BOWMORE18601_FIVEOAKS19138_LOCHCARNANSO19738_THATCHA generator to EU-GBR node...
INFO [2024-09-03 18:29:27] [THERMAL] - Adding GBR_OIL_BURGHFIELD18663_CHICKERELL18793_LERWICK19694 generator to EU-GBR node...
INFO [2024-09-03 18:29:27] [THERMAL] - Adding GBR_OIL_KIRKWALL19548_STORNOWAY20480 generator to EU-GBR node...
INFO [2024-09-03 18:29:27] [THERMAL] - Adding GBR_OIL_TIREE20575 generator to EU-GBR node...
INFO [2024-09-03 18:29:28] [THERMAL] - Adding GBR_OIL_INDIANQUEENS19477_CAPACITYSCALER generator to EU-GBR node...
INFO [2024-09-03 18:29:28] [THERMAL] - Adding GBR_WAV_EUROPEANMARINE19087_HAMMERFESTEME19331 generator to EU-GBR node...
INFO [2024-09-03 18:29:29] [THERMAL] - Adding GBR_WAV_FALLOFWARNESS19102_SEAGENTIDALFA20322 generator to EU-GBR node...
INFO [2024-09-03 18:29:29] [THERMAL] - Adding GBR_WAV_THEFALLOFWAR20543 generator to EU-GBR node...
INFO [2024-09-03 18:29:30] [THERMAL] - Adding GBR_WAV_INNERSOUNDPHA19480 generator to EU-GBR node...
INFO [2024-09-03 18:29:30] [THERMAL] - Adding GBR_WAV_HAYLEWAVEHUB19359 generator to EU-GBR node...
INFO [2024-09-03 18:29:31] [THERMAL] - Adding ITA_GAS_MADDALONI13470_OSTIGLIA13494_PIETRAFITTA13500_LACASE generator to EU-ITA node...
INFO [2024-09-03 18:29:31] [THERMAL] - Adding ITA_GAS_TRAPANIC_LE13574_TORDIVALLE13569_AZOTATI13363_CTENUC generator to EU-ITA node...
INFO [2024-09-03 18:29:31] [THERMAL] - Adding ITA_GAS_TERMINIIMERESE13566_ENIPOWERBRINDI13420_SARLUX13536_ generator to EU-ITA node...
INFO [2024-09-03 18:29:32] [THERMAL] - Adding ITA_GAS_TERNI13567_PORCARI13505_CTETAMARETE13410_BUSSI13380_ generator to EU-ITA node...
INFO [2024-09-03 18:29:32] [THERMAL] - Adding ITA_GAS_LEINI13451_RIZZICONI13526_SIMERICRICHI13544_SPARANIS generator to EU-ITA node...
INFO [2024-09-03 18:29:33] [THERMAL] - Adding ITA_COA_LASPEZIAPOWER13455_TORREVALDALIGA13578_BRINDISISUDPO generator to EU-ITA node...
INFO [2024-09-03 18:29:33] [THERMAL] - Adding ITA_COA_PIETROVANNUCCI13517 generator to EU-ITA node...
INFO [2024-09-03 18:29:33] [THERMAL] - Adding ITA_COA_SULCISPOWERST13562 generator to EU-ITA node...
INFO [2024-09-03 18:29:34] [THERMAL] - Adding ITA_COA_BRINDISINORDP13385_FIUMESANTOPOW13427_ANDREAPALLADIO generator to EU-ITA node...
INFO [2024-09-03 18:29:34] [THERMAL] - Adding ITA_COA_MONFALCONEPOWE13477 generator to EU-ITA node...
INFO [2024-09-03 18:29:35] [THERMAL] - Adding ITA_BIO_CAPACITYSCALER generator to EU-ITA node...
INFO [2024-09-03 18:29:35] [THERMAL] - Adding ITA_OIL_PIOMBINOTERMIC13501_TURBIGO13577 generator to EU-ITA node...
INFO [2024-09-03 18:29:35] [THERMAL] - Adding ITA_OIL_SANFILIPPODEL13534_PORTOTOLLE13508_ROSSANOTE13529 generator to EU-ITA node...
INFO [2024-09-03 18:29:36] [THERMAL] - Adding ITA_OIL_LAMARMORA13446_PORTOEMPEDOCLE13507 generator to EU-ITA node...
INFO [2024-09-03 18:29:36] [THERMAL] - Adding ITA_OIL_AUGUSTAC_LE13361 generator to EU-ITA node...
INFO [2024-09-03 18:29:37] [THERMAL] - Adding ITA_OIL_LIVORNOMARZOCC13453_PORTOSCUSO13518_ASSEMINI13360 generator to EU-ITA node...
INFO [2024-09-03 18:29:37] [THERMAL] - Adding ITA_GEO_NUOVACASTELNUO13482_CHIUSDINO113403_CORNIA213407_MON generator to EU-ITA node...
INFO [2024-09-03 18:29:38] [THERMAL] - Adding ITA_GEO_BAGNORE413375_NUOVASANMARTI13489_TRAVALE413576_NUOVA generator to EU-ITA node...
INFO [2024-09-03 18:29:38] [THERMAL] - Adding ITA_GEO_NUOVAMOLINETTO13486_PIANACCE13496_RANCIA113523_RANCI generator to EU-ITA node...
INFO [2024-09-03 18:29:39] [THERMAL] - Adding ITA_GEO_VALLESECOLO13590 generator to EU-ITA node...
INFO [2024-09-03 18:29:39] [THERMAL] - Adding ITA_GEO_NUOVALAGO13484_NUOVAMONTEROTO13487 generator to EU-ITA node...
INFO [2024-09-03 18:29:39] [THERMAL] - Adding ITA_WAV_CAPACITYSCALER generator to EU-ITA node...
INFO [2024-09-03 18:29:40] [THERMAL] - Adding ITA_OTH_ACERRA13354 generator to EU-ITA node...
INFO [2024-09-03 18:29:40] [THERMAL] - Adding ITA_OTH_NOVEL13481 generator to EU-ITA node...
INFO [2024-09-03 18:29:41] [THERMAL] - Adding ITA_OTH_POMIGLIANODAR13502 generator to EU-ITA node...
INFO [2024-09-03 18:29:41] [THERMAL] - Adding ITA_OTH_SESTOSANGIOVA13543 generator to EU-ITA node...
INFO [2024-09-03 18:29:42] [THERMAL] - Adding LUX_GAS_ESCHSURALZETT14068 generator to EU-LUX node...
INFO [2024-09-03 18:29:42] [THERMAL] - Adding LUX_BIO_CAPACITYSCALER generator to EU-LUX node...
INFO [2024-09-03 18:29:43] [THERMAL] - Adding ARG_GAS_CTLASARMAS152_GOYAELECTROPA211_OBERATGN21243_TARTAGA generator to SA-ARG node...
INFO [2024-09-03 18:29:43] [THERMAL] - Adding ARG_GAS_AGUADELCAJON65_MARDELPLATA231_CTTUCUMAN184_PILARBICE generator to SA-ARG node...
INFO [2024-09-03 18:29:43] [THERMAL] - Adding ARG_GAS_CENTRALTERMOEL102_CENTRALLOMADE92_LUJANDECUYO229_CEN generator to SA-ARG node...
INFO [2024-09-03 18:29:44] [THERMAL] - Adding ARG_GAS_CTSANMIGUELD178_CAPACITYSCALER generator to SA-ARG node...
INFO [2024-09-03 18:29:44] [THERMAL] - Adding ARG_GAS_ALTOVALLE69_CTINDEPENDENCI142_PATAGONIA254_LAPLATACO generator to SA-ARG node...
INFO [2024-09-03 18:29:45] [THERMAL] - Adding ARG_COA_CAPACITYSCALER_COSTANERA113 generator to SA-ARG node...
INFO [2024-09-03 18:29:45] [THERMAL] - Adding ARG_COA_PUERTONUEVO267 generator to SA-ARG node...
INFO [2024-09-03 18:29:45] [THERMAL] - Adding ARG_COA_CENTRALTERMICA98 generator to SA-ARG node...
INFO [2024-09-03 18:29:46] [THERMAL] - Adding ARG_COA_NECOCHEA236_CENTRALBAHIAB91_SANNICOLAS278_PILARZANIC generator to SA-ARG node...
INFO [2024-09-03 18:29:46] [THERMAL] - Adding ARG_COA_CTECOENERGIA136 generator to SA-ARG node...
INFO [2024-09-03 18:29:47] [THERMAL] - Adding ARG_BIO_CAPACITYSCALER generator to SA-ARG node...
INFO [2024-09-03 18:29:47] [THERMAL] - Adding ARG_NUC_EMBALSE198 generator to SA-ARG node...
INFO [2024-09-03 18:29:47] [THERMAL] - Adding ARG_NUC_ATUCHAI73 generator to SA-ARG node...
INFO [2024-09-03 18:29:48] [THERMAL] - Adding ARG_NUC_ATUCHAII74 generator to SA-ARG node...
INFO [2024-09-03 18:29:48] [THERMAL] - Adding ARG_OIL_VENADOTUERTO290_CTCHILECITO131_CTLARIOJASUR150_CTTAR generator to SA-ARG node...
INFO [2024-09-03 18:29:49] [THERMAL] - Adding ARG_OIL_CAACATI81_CACHI84_CORRIENTES112_GOYA210_ITAIBATE215_ generator to SA-ARG node...
INFO [2024-09-03 18:29:49] [THERMAL] - Adding ARG_OIL_CTESQUINA138_CTCERES129_CTAATUYA121_CTCATAMARCA127_C generator to SA-ARG node...
INFO [2024-09-03 18:29:50] [THERMAL] - Adding ARG_OIL_CAPACITYSCALER generator to SA-ARG node...
INFO [2024-09-03 18:29:50] [THERMAL] - Adding ARG_OIL_C_T_SANVICENT80_CENTRALTERMICA100_CTFORMOSAII139_BAN generator to SA-ARG node...
INFO [2024-09-03 18:29:51] [THERMAL] - Adding ARG_OTH_AGUADELCAJON64 generator to SA-ARG node...
INFO [2024-09-03 18:29:51] [THERMAL] - Adding ARG_OTH_PARANA245 generator to SA-ARG node...
INFO [2024-09-03 18:29:51] [THERMAL] - Adding CHL_GAS_CAPACITYSCALER generator to SA-CHL node...
INFO [2024-09-03 18:29:52] [THERMAL] - Adding CHL_GAS_CORONEL4647 generator to SA-CHL node...
INFO [2024-09-03 18:29:52] [THERMAL] - Adding CHL_GAS_SANISIDROII4806_TALTAL4828_CANDELARIA4618_NEHUENCO47 generator to SA-CHL node...
INFO [2024-09-03 18:29:53] [THERMAL] - Adding CHL_GAS_SANISIDROI4805_ATACAMACC1CC4607 generator to SA-CHL node...
INFO [2024-09-03 18:29:53] [THERMAL] - Adding CHL_GAS_TOMAVAL24840_BIOCRUZ4610_TAPIHUE4830_NEWEN4754 generator to SA-CHL node...
INFO [2024-09-03 18:29:53] [THERMAL] - Adding CHL_COA_DIESELIQUIQUE4659 generator to SA-CHL node...
INFO [2024-09-03 18:29:54] [THERMAL] - Adding CHL_COA_BOCAMINAIII4613_TERMOELECTRICA4832 generator to SA-CHL node...
INFO [2024-09-03 18:29:54] [THERMAL] - Adding CHL_COA_PLANTACURICO4771 generator to SA-CHL node...
INFO [2024-09-03 18:29:55] [THERMAL] - Adding CHL_COA_TERMOELECTRICA4833_TERMOELECTRICA4834_VENTANAS4848_S generator to SA-CHL node...
INFO [2024-09-03 18:29:55] [THERMAL] - Adding CHL_COA_CAMPICHE4617_NUEVAVENTANAS4757_TERMOELECTRICA4837_GU generator to SA-CHL node...
INFO [2024-09-03 18:29:56] [THERMAL] - Adding CHL_BIO_MASISA4751_CHOLGUN4653_LAJA4732_ESCUADRN4684_NUEVAAL generator to SA-CHL node...
INFO [2024-09-03 18:29:56] [THERMAL] - Adding CHL_BIO_LAUTAROII4734_ARAUCO4609_CMPC_LAJA4640_LAUTARO4733_C generator to SA-CHL node...
INFO [2024-09-03 18:29:56] [THERMAL] - Adding CHL_BIO_SANTAFE4823_CAPACITYSCALER generator to SA-CHL node...
INFO [2024-09-03 18:29:57] [THERMAL] - Adding CHL_BIO_CMPCSANTAFE4639_LICANTEN4735_COELEMU4654_ENERGABOB46 generator to SA-CHL node...
INFO [2024-09-03 18:29:57] [THERMAL] - Adding CHL_BIO_HBS4688_LOMALOSCOLORA4736 generator to SA-CHL node...
INFO [2024-09-03 18:29:58] [THERMAL] - Adding CHL_OIL_LONQUIMAY4714_TOMAVAL14839_AGUASBLANCAS4599_ANGOLLOS generator to SA-CHL node...
INFO [2024-09-03 18:29:58] [THERMAL] - Adding CHL_OIL_NUEVARENCA4756_YUNGAY4851_CAPACITYSCALER_QUINTERO478 generator to SA-CHL node...
INFO [2024-09-03 18:29:59] [THERMAL] - Adding CHL_OIL_COLIHUES4642_ESPERANZA12Y4678_ELSALVADOR4671_HORCONE generator to SA-CHL node...
INFO [2024-09-03 18:29:59] [THERMAL] - Adding CHL_OIL_DIESELTAMAYA4660_ANTILHUE4605_LOSPINOS4726_OLIVOS476 generator to SA-CHL node...
INFO [2024-09-03 18:30:00] [THERMAL] - Adding CHL_OIL_COLMITO4644_HUASCO4692_TENO4831_SANLORENZODE4807_PET generator to SA-CHL node...
INFO [2024-09-03 18:30:00] [THERMAL] - Adding PRY_BIO_CAPACITYSCALER generator to SA-PRY node...
INFO [2024-09-03 18:30:00] [THERMAL] - Adding URY_GAS_ZENDALEATHER29609 generator to SA-URY node...
INFO [2024-09-03 18:30:01] [THERMAL] - Adding URY_GAS_PUNTADELTIGRE29595 generator to SA-URY node...
INFO [2024-09-03 18:30:01] [THERMAL] - Adding URY_GAS_CTR29546 generator to SA-URY node...
INFO [2024-09-03 18:30:02] [THERMAL] - Adding URY_GAS_CAPACITYSCALER generator to SA-URY node...
INFO [2024-09-03 18:30:02] [THERMAL] - Adding URY_BIO_PONLAR29594_ALUR29538_FENIROL29554 generator to SA-URY node...
INFO [2024-09-03 18:30:02] [THERMAL] - Adding URY_BIO_LASROSAS29558_LIDERDAT29559 generator to SA-URY node...
INFO [2024-09-03 18:30:03] [THERMAL] - Adding URY_BIO_GALOFER29555 generator to SA-URY node...
INFO [2024-09-03 18:30:03] [THERMAL] - Adding URY_BIO_BIOENER29540_WEYERHAEUSER29607_CAPACITYSCALER generator to SA-URY node...
INFO [2024-09-03 18:30:04] [THERMAL] - Adding URY_BIO_UPM29605_MONTESDELPLAT29567 generator to SA-URY node...
INFO [2024-09-03 18:30:04] [THERMAL] - Adding URY_OIL_SANGREGORIO29600 generator to SA-URY node...
INFO [2024-09-03 18:30:05] [THERMAL] - Adding URY_OIL_TURBINAROBR29604 generator to SA-URY node...
INFO [2024-09-03 18:30:05] [THERMAL] - Adding URY_OIL_MOTORESCENTRAL29568 generator to SA-URY node...
INFO [2024-09-03 18:30:05] [THERMAL] - Adding URY_OIL_CAPACITYSCALER generator to SA-URY node...
INFO [2024-09-03 18:30:06] [THERMAL] - Adding URY_OIL_PUNTADELTIGRE29596 generator to SA-URY node...
INFO [2024-09-03 18:30:23] [MAIN] - Done adding thermal data! (run time : 2.22min).

INFO [2024-09-03 18:30:23] [MAIN] - Fetching battery data...

INFO [2024-09-03 18:30:23] [MAIN] - Aggregating identical batteries...
INFO [2024-09-03 18:30:24] [STORAGE] - Adding ZAF_CHE_RustenburgVRLAP1244 battery to AF-ZAF node...
INFO [2024-09-03 18:30:24] [STORAGE] - Adding ZAF_THE_KhiSolarOnePowe1250 battery to AF-ZAF node...
INFO [2024-09-03 18:30:25] [STORAGE] - Adding ZAF_THE_BokpoortConcent1248 battery to AF-ZAF node...
INFO [2024-09-03 18:30:25] [STORAGE] - Adding ZAF_THE_KaxuSolarOne1249_XinaSolarOnePow1251 battery to AF-ZAF node...
INFO [2024-09-03 18:30:26] [STORAGE] - Adding ZAF_PHS_SteenbrasDamPum1247 battery to AF-ZAF node...
INFO [2024-09-03 18:30:26] [STORAGE] - Adding ZAF_PHS_PalmietPumpedSt1246 battery to AF-ZAF node...
INFO [2024-09-03 18:30:27] [STORAGE] - Adding ZAF_PHS_DrakensbergPump1245 battery to AF-ZAF node...
INFO [2024-09-03 18:30:27] [STORAGE] - Adding BEL_PHS_PlateTaillePump75 battery to EU-BEL node...
INFO [2024-09-03 18:30:28] [STORAGE] - Adding BEL_PHS_CooTroisPontsHy74 battery to EU-BEL node...
INFO [2024-09-03 18:30:28] [STORAGE] - Adding CHE_CHE_SwissDualCircui104 battery to EU-CHE node...
INFO [2024-09-03 18:30:29] [STORAGE] - Adding CHE_CHE_50kW60kWhEnergy99_Passivhaus50kW1103 battery to EU-CHE node...
INFO [2024-09-03 18:30:29] [STORAGE] - Adding CHE_CHE_CKWESpeicherWer100 battery to EU-CHE node...
INFO [2024-09-03 18:30:30] [STORAGE] - Adding CHE_CHE_LausannePolytec102 battery to EU-CHE node...
INFO [2024-09-03 18:30:30] [STORAGE] - Adding CHE_CHE_EPFLLeclancheDi101 battery to EU-CHE node...
INFO [2024-09-03 18:30:31] [STORAGE] - Adding CHE_CHE_TheZurichDietik105 battery to EU-CHE node...
INFO [2024-09-03 18:30:31] [STORAGE] - Adding CHE_PHS_OvaSpinPumpedHy119 battery to EU-CHE node...
INFO [2024-09-03 18:30:32] [STORAGE] - Adding CHE_PHS_Handeck3PumpedH112 battery to EU-CHE node...
INFO [2024-09-03 18:30:32] [STORAGE] - Adding CHE_PHS_EtzelwerkPumped107 battery to EU-CHE node...
INFO [2024-09-03 18:30:32] [STORAGE] - Adding CHE_PHS_TierfehdNestilP121 battery to EU-CHE node...
INFO [2024-09-03 18:30:33] [STORAGE] - Adding CHE_PHS_RobieiPumpedHyd120 battery to EU-CHE node...
INFO [2024-09-03 18:30:34] [STORAGE] - Adding CHE_PHS_GougraPumpedHyd109 battery to EU-CHE node...
INFO [2024-09-03 18:30:34] [STORAGE] - Adding CHE_PHS_FerreraPumpedHy108 battery to EU-CHE node...
INFO [2024-09-03 18:30:35] [STORAGE] - Adding CHE_PHS_HongrinLemanPum113 battery to EU-CHE node...
INFO [2024-09-03 18:30:35] [STORAGE] - Adding CHE_PHS_VeytauxFMHLPump122 battery to EU-CHE node...
INFO [2024-09-03 18:30:36] [STORAGE] - Adding CHE_PHS_Grimsel2PumpedH110 battery to EU-CHE node...
INFO [2024-09-03 18:30:36] [STORAGE] - Adding CHE_PHS_EmossonPumpedHy106 battery to EU-CHE node...
INFO [2024-09-03 18:30:37] [STORAGE] - Adding CHE_PHS_MapraggPumpedHy117 battery to EU-CHE node...
INFO [2024-09-03 18:30:38] [STORAGE] - Adding CHE_PHS_LinthLimmernPum116 battery to EU-CHE node...
INFO [2024-09-03 18:30:38] [STORAGE] - Adding CHE_PHS_Grimsel3PumpedH111 battery to EU-CHE node...
INFO [2024-09-03 18:30:39] [STORAGE] - Adding CHE_PHS_NantdeDrancePum118 battery to EU-CHE node...
INFO [2024-09-03 18:30:39] [STORAGE] - Adding CHE_PHS_LagoBiancoPumpe114_Linthal2015Lint115 battery to EU-CHE node...
INFO [2024-09-03 18:30:40] [STORAGE] - Adding DEU_CHE_IHEMIntelligent251 battery to EU-DEU node...
INFO [2024-09-03 18:30:40] [STORAGE] - Adding DEU_CHE_Web2EnergySmart264 battery to EU-DEU node...
INFO [2024-09-03 18:30:41] [STORAGE] - Adding DEU_CHE_10kW100kWhHaakF228 battery to EU-DEU node...
INFO [2024-09-03 18:30:42] [STORAGE] - Adding DEU_CHE_SmartOperatorWi259 battery to EU-DEU node...
INFO [2024-09-03 18:30:42] [STORAGE] - Adding DEU_CHE_QinousDemonstra254 battery to EU-DEU node...
INFO [2024-09-03 18:30:43] [STORAGE] - Adding DEU_CHE_IntelligentesNe252 battery to EU-DEU node...
INFO [2024-09-03 18:30:43] [STORAGE] - Adding DEU_CHE_CellcubeWilliba238 battery to EU-DEU node...
INFO [2024-09-03 18:30:44] [STORAGE] - Adding DEU_CHE_BatteryEnergySt232_Netlab2Sonderbu253_SmartOperatorW battery to EU-DEU node...
INFO [2024-09-03 18:30:44] [STORAGE] - Adding DEU_CHE_SwagBoschCommun263 battery to EU-DEU node...
INFO [2024-09-03 18:30:45] [STORAGE] - Adding DEU_CHE_CustomerProject239_FastChargingeBu247 battery to EU-DEU node...
INFO [2024-09-03 18:30:46] [STORAGE] - Adding DEU_CHE_HIUPVBatterySys250 battery to EU-DEU node...
INFO [2024-09-03 18:30:46] [STORAGE] - Adding DEU_CHE_SmartOperator257_SmartOperatorKi258 battery to EU-DEU node...
INFO [2024-09-03 18:30:47] [STORAGE] - Adding DEU_CHE_QinousDemonstra255 battery to EU-DEU node...
INFO [2024-09-03 18:30:47] [STORAGE] - Adding DEU_CHE_SmartRegionPell261 battery to EU-DEU node...
INFO [2024-09-03 18:30:48] [STORAGE] - Adding DEU_CHE_YounicosandVatt266 battery to EU-DEU node...
INFO [2024-09-03 18:30:49] [STORAGE] - Adding DEU_CHE_EEBattEnergyNei244 battery to EU-DEU node...
INFO [2024-09-03 18:30:49] [STORAGE] - Adding DEU_CHE_250kW1MWhElCheW231_BatteryEnergySt233 battery to EU-DEU node...
INFO [2024-09-03 18:30:50] [STORAGE] - Adding DEU_CHE_DMGGildemeister241 battery to EU-DEU node...
INFO [2024-09-03 18:30:51] [STORAGE] - Adding DEU_CHE_BoschBraderupES235 battery to EU-DEU node...
INFO [2024-09-03 18:30:51] [STORAGE] - Adding DEU_CHE_SmartRegionPell262 battery to EU-DEU node...
INFO [2024-09-03 18:30:52] [STORAGE] - Adding DEU_CHE_EnerconWindTurb245 battery to EU-DEU node...
INFO [2024-09-03 18:30:52] [STORAGE] - Adding DEU_CHE_1MWLESSYVolklin230 battery to EU-DEU node...
INFO [2024-09-03 18:30:53] [STORAGE] - Adding DEU_CHE_YounicosandVatt267 battery to EU-DEU node...
INFO [2024-09-03 18:30:53] [STORAGE] - Adding DEU_CHE_CatervaSWARM237 battery to EU-DEU node...
INFO [2024-09-03 18:30:54] [STORAGE] - Adding DEU_CHE_EnergyBufferUni246 battery to EU-DEU node...
INFO [2024-09-03 18:30:54] [STORAGE] - Adding DEU_CHE_RedoxWindTheFra256 battery to EU-DEU node...
INFO [2024-09-03 18:30:55] [STORAGE] - Adding DEU_CHE_BoschBraderupES236_DREWAGReick2MWP242 battery to EU-DEU node...
INFO [2024-09-03 18:30:56] [STORAGE] - Adding DEU_CHE_Drverden3MWBatt243 battery to EU-DEU node...
INFO [2024-09-03 18:30:56] [STORAGE] - Adding DEU_CHE_BESSNeuhardenbe234 battery to EU-DEU node...
INFO [2024-09-03 18:30:57] [STORAGE] - Adding DEU_CHE_FeldheimRegiona248 battery to EU-DEU node...
INFO [2024-09-03 18:30:57] [STORAGE] - Adding DEU_CHE_Daimler2ndLifeS240 battery to EU-DEU node...
INFO [2024-09-03 18:30:58] [STORAGE] - Adding DEU_CHE_15MWEnergyStora229 battery to EU-DEU node...
INFO [2024-09-03 18:30:58] [STORAGE] - Adding DEU_CHE_WEMAGSchwerinBa265 battery to EU-DEU node...
INFO [2024-09-03 18:30:59] [STORAGE] - Adding DEU_CHE_GermanyResident249 battery to EU-DEU node...
INFO [2024-09-03 18:31:00] [STORAGE] - Adding DEU_THE_JulichSolarTowe302 battery to EU-DEU node...
INFO [2024-09-03 18:31:00] [STORAGE] - Adding DEU_HYD_ThgaDemonstrati273 battery to EU-DEU node...
INFO [2024-09-03 18:31:01] [STORAGE] - Adding DEU_HYD_EnBWStuttgartHy270 battery to EU-DEU node...
INFO [2024-09-03 18:31:01] [STORAGE] - Adding DEU_HYD_E.ONquotPowerto269_Grapzow140MWWin272 battery to EU-DEU node...
INFO [2024-09-03 18:31:02] [STORAGE] - Adding DEU_HYD_AudiegasProject268_EnergieparkMain271 battery to EU-DEU node...
INFO [2024-09-03 18:31:03] [STORAGE] - Adding DEU_PHS_Kirchentellinsf282 battery to EU-DEU node...
INFO [2024-09-03 18:31:03] [STORAGE] - Adding DEU_PHS_Ruselkraftwerke291 battery to EU-DEU node...
INFO [2024-09-03 18:31:04] [STORAGE] - Adding DEU_PHS_SorpeseePumpedS294 battery to EU-DEU node...
INFO [2024-09-03 18:31:05] [STORAGE] - Adding DEU_PHS_TanzmhlePumpedS295 battery to EU-DEU node...
INFO [2024-09-03 18:31:05] [STORAGE] - Adding DEU_PHS_NiederwarthaPum287 battery to EU-DEU node...
INFO [2024-09-03 18:31:06] [STORAGE] - Adding DEU_PHS_SchwarzenbachPu292 battery to EU-DEU node...
INFO [2024-09-03 18:31:07] [STORAGE] - Adding DEU_PHS_LeitzachwerkI284 battery to EU-DEU node...
INFO [2024-09-03 18:31:07] [STORAGE] - Adding DEU_PHS_LeitzachwerkII285 battery to EU-DEU node...
INFO [2024-09-03 18:31:08] [STORAGE] - Adding DEU_PHS_WendefurthPower300 battery to EU-DEU node...
INFO [2024-09-03 18:31:09] [STORAGE] - Adding DEU_PHS_BleilochPumpedS274 battery to EU-DEU node...
INFO [2024-09-03 18:31:09] [STORAGE] - Adding DEU_PHS_GlemsPumpedStor277 battery to EU-DEU node...
INFO [2024-09-03 18:31:10] [STORAGE] - Adding DEU_PHS_ReisachPumpedSt288 battery to EU-DEU node...
INFO [2024-09-03 18:31:10] [STORAGE] - Adding DEU_PHS_HusernPumpedSto281 battery to EU-DEU node...
INFO [2024-09-03 18:31:11] [STORAGE] - Adding DEU_PHS_GeesthachtPumpe276 battery to EU-DEU node...
INFO [2024-09-03 18:31:12] [STORAGE] - Adding DEU_PHS_WaldeckIPumpedH297 battery to EU-DEU node...
INFO [2024-09-03 18:31:12] [STORAGE] - Adding DEU_PHS_RnkhausenPumped290 battery to EU-DEU node...
INFO [2024-09-03 18:31:13] [STORAGE] - Adding DEU_PHS_WaldshutPumpedS298 battery to EU-DEU node...
INFO [2024-09-03 18:31:13] [STORAGE] - Adding DEU_PHS_HerdeckePumpedS279 battery to EU-DEU node...
INFO [2024-09-03 18:31:14] [STORAGE] - Adding DEU_PHS_Langenprozelten283 battery to EU-DEU node...
INFO [2024-09-03 18:31:15] [STORAGE] - Adding DEU_PHS_WitznauPumpedSt301 battery to EU-DEU node...
INFO [2024-09-03 18:31:15] [STORAGE] - Adding DEU_PHS_ErzhausenPumped275 battery to EU-DEU node...
INFO [2024-09-03 18:31:16] [STORAGE] - Adding DEU_PHS_RiedlEnergyStor289 battery to EU-DEU node...
INFO [2024-09-03 18:31:16] [STORAGE] - Adding DEU_PHS_SckingenPumpedS293 battery to EU-DEU node...
INFO [2024-09-03 18:31:17] [STORAGE] - Adding DEU_PHS_HohenwartePumpe280 battery to EU-DEU node...
INFO [2024-09-03 18:31:18] [STORAGE] - Adding DEU_PHS_WaldeckII296 battery to EU-DEU node...
INFO [2024-09-03 18:31:18] [STORAGE] - Adding DEU_PHS_WehrPumpedStora299 battery to EU-DEU node...
INFO [2024-09-03 18:31:19] [STORAGE] - Adding DEU_PHS_MarkersbachPump286 battery to EU-DEU node...
INFO [2024-09-03 18:31:20] [STORAGE] - Adding DEU_PHS_GoldisthalPumpe278 battery to EU-DEU node...
INFO [2024-09-03 18:31:20] [STORAGE] - Adding ESP_CHE_EndesaHQB2GBarc312 battery to EU-ESP node...
INFO [2024-09-03 18:31:21] [STORAGE] - Adding ESP_CHE_IRECB2G320 battery to EU-ESP node...
INFO [2024-09-03 18:31:21] [STORAGE] - Adding ESP_CHE_DuttPowerElectr310 battery to EU-ESP node...
INFO [2024-09-03 18:31:22] [STORAGE] - Adding ESP_CHE_EndesaCRAVE311 battery to EU-ESP node...
INFO [2024-09-03 18:31:23] [STORAGE] - Adding ESP_CHE_FerroSmartGridR319 battery to EU-ESP node...
INFO [2024-09-03 18:31:23] [STORAGE] - Adding ESP_CHE_CENERVRB309 battery to EU-ESP node...
INFO [2024-09-03 18:31:24] [STORAGE] - Adding ESP_CHE_FerroSmartGridR318 battery to EU-ESP node...
INFO [2024-09-03 18:31:24] [STORAGE] - Adding ESP_CHE_EndesaV2G315 battery to EU-ESP node...
INFO [2024-09-03 18:31:25] [STORAGE] - Adding ESP_CHE_SmartCityMalaga322 battery to EU-ESP node...
INFO [2024-09-03 18:31:26] [STORAGE] - Adding ESP_CHE_FerrolineraWESS317 battery to EU-ESP node...
INFO [2024-09-03 18:31:26] [STORAGE] - Adding ESP_CHE_FerrolineraWESS316 battery to EU-ESP node...
INFO [2024-09-03 18:31:27] [STORAGE] - Adding ESP_CHE_AlmacenaLithium308_EndesaSTOREGran313_SevilleBESSAbe battery to EU-ESP node...
INFO [2024-09-03 18:31:28] [STORAGE] - Adding ESP_CHE_EndesaSTORELaPa314 battery to EU-ESP node...
INFO [2024-09-03 18:31:28] [STORAGE] - Adding ESP_THE_PuertoErrado1Th366 battery to EU-ESP node...
INFO [2024-09-03 18:31:29] [STORAGE] - Adding ESP_THE_PlantaSolar10So364 battery to EU-ESP node...
INFO [2024-09-03 18:31:30] [STORAGE] - Adding ESP_THE_GemasolarPlant358 battery to EU-ESP node...
INFO [2024-09-03 18:31:31] [STORAGE] - Adding ESP_THE_PlantaSolar20So365 battery to EU-ESP node...
INFO [2024-09-03 18:31:31] [STORAGE] - Adding ESP_THE_PuertoErrado2Th367 battery to EU-ESP node...
INFO [2024-09-03 18:31:32] [STORAGE] - Adding ESP_THE_Termosol2SolarP370 battery to EU-ESP node...
INFO [2024-09-03 18:31:33] [STORAGE] - Adding ESP_THE_LaDehesaSolarPo360_LaFloridaSolarP361 battery to EU-ESP node...
INFO [2024-09-03 18:31:33] [STORAGE] - Adding ESP_THE_Andasol1CSPSola345_Andasol2CSPSola346_Andasol3CSPSol battery to EU-ESP node...
INFO [2024-09-03 18:31:34] [STORAGE] - Adding ESP_PHS_GobantesHydroel331 battery to EU-ESP node...
INFO [2024-09-03 18:31:35] [STORAGE] - Adding ESP_PHS_UrdicetoHydroel342 battery to EU-ESP node...
INFO [2024-09-03 18:31:36] [STORAGE] - Adding ESP_PHS_ElHierroHydroWi328 battery to EU-ESP node...
INFO [2024-09-03 18:31:36] [STORAGE] - Adding ESP_PHS_PintadoHydroele337 battery to EU-ESP node...
INFO [2024-09-03 18:31:37] [STORAGE] - Adding ESP_PHS_GuijodeGrandadi332 battery to EU-ESP node...
INFO [2024-09-03 18:31:38] [STORAGE] - Adding ESP_PHS_IbndeIpHydroele334 battery to EU-ESP node...
INFO [2024-09-03 18:31:38] [STORAGE] - Adding ESP_PHS_CardosValleyHyd326 battery to EU-ESP node...
INFO [2024-09-03 18:31:39] [STORAGE] - Adding ESP_PHS_GabrielYGalanHy330 battery to EU-ESP node...
INFO [2024-09-03 18:31:40] [STORAGE] - Adding ESP_PHS_TorrejonHydroel341 battery to EU-ESP node...
INFO [2024-09-03 18:31:41] [STORAGE] - Adding ESP_PHS_TanesHydroelect340 battery to EU-ESP node...
INFO [2024-09-03 18:31:42] [STORAGE] - Adding ESP_PHS_GuillenaHydroel333 battery to EU-ESP node...
INFO [2024-09-03 18:31:42] [STORAGE] - Adding ESP_PHS_MoraletsLlauset336 battery to EU-ESP node...
INFO [2024-09-03 18:31:43] [STORAGE] - Adding ESP_PHS_ValdencanasHydr343 battery to EU-ESP node...
INFO [2024-09-03 18:31:44] [STORAGE] - Adding ESP_PHS_ConsoHydroelect327 battery to EU-ESP node...
INFO [2024-09-03 18:31:45] [STORAGE] - Adding ESP_PHS_PuenteBibeyHydr338 battery to EU-ESP node...
INFO [2024-09-03 18:31:45] [STORAGE] - Adding ESP_PHS_AguayoIPumpedSt324 battery to EU-ESP node...
INFO [2024-09-03 18:31:46] [STORAGE] - Adding ESP_PHS_TajoDeLaEncanta339 battery to EU-ESP node...
INFO [2024-09-03 18:31:47] [STORAGE] - Adding ESP_PHS_EstanyGentoSall329 battery to EU-ESP node...
INFO [2024-09-03 18:31:48] [STORAGE] - Adding ESP_PHS_VillarinoAlmend344 battery to EU-ESP node...
INFO [2024-09-03 18:31:49] [STORAGE] - Adding ESP_PHS_AguayoIIPumpedS323 battery to EU-ESP node...
INFO [2024-09-03 18:31:49] [STORAGE] - Adding ESP_PHS_AldeadvilaHydro325 battery to EU-ESP node...
INFO [2024-09-03 18:31:50] [STORAGE] - Adding ESP_PHS_LaMuelapumpedst335 battery to EU-ESP node...
INFO [2024-09-03 18:31:51] [STORAGE] - Adding FRA_CHE_DIYESS5kWhLiFeP376 battery to EU-FRA node...
INFO [2024-09-03 18:31:52] [STORAGE] - Adding FRA_CHE_DieselGenerator375 battery to EU-FRA node...
INFO [2024-09-03 18:31:52] [STORAGE] - Adding FRA_CHE_EDFENGabardoneP377 battery to EU-FRA node...
INFO [2024-09-03 18:31:53] [STORAGE] - Adding FRA_CHE_NICEGRIDproject380 battery to EU-FRA node...
INFO [2024-09-03 18:31:54] [STORAGE] - Adding FRA_CHE_INESProject379 battery to EU-FRA node...
INFO [2024-09-03 18:31:55] [STORAGE] - Adding FRA_CHE_NICEGRIDproject381 battery to EU-FRA node...
INFO [2024-09-03 18:31:56] [STORAGE] - Adding FRA_CHE_ReunionIslandPe382 battery to EU-FRA node...
INFO [2024-09-03 18:31:57] [STORAGE] - Adding FRA_CHE_EDFRampDLesRena378 battery to EU-FRA node...
INFO [2024-09-03 18:31:58] [STORAGE] - Adding FRA_CHE_CarrosNICEGRIDP374 battery to EU-FRA node...
INFO [2024-09-03 18:31:59] [STORAGE] - Adding FRA_CHE_ADEMEIntelligen373 battery to EU-FRA node...
INFO [2024-09-03 18:32:00] [STORAGE] - Adding FRA_THE_AlbaNova1SolarP394 battery to EU-FRA node...
INFO [2024-09-03 18:32:00] [STORAGE] - Adding FRA_HYD_UniveristyofCor383 battery to EU-FRA node...
INFO [2024-09-03 18:32:01] [STORAGE] - Adding FRA_PHS_AlrancePumpedSt384 battery to EU-FRA node...
INFO [2024-09-03 18:32:02] [STORAGE] - Adding FRA_PHS_ArgentatPumpedS385 battery to EU-FRA node...
INFO [2024-09-03 18:32:03] [STORAGE] - Adding FRA_PHS_LaRanceTidalPow388 battery to EU-FRA node...
INFO [2024-09-03 18:32:03] [STORAGE] - Adding FRA_PHS_LaCochePumpedSt387 battery to EU-FRA node...
INFO [2024-09-03 18:32:04] [STORAGE] - Adding FRA_PHS_LePougetPumpedS390 battery to EU-FRA node...
INFO [2024-09-03 18:32:05] [STORAGE] - Adding FRA_PHS_LeCheylasPumped389 battery to EU-FRA node...
INFO [2024-09-03 18:32:06] [STORAGE] - Adding FRA_PHS_SuperBissortePu393 battery to EU-FRA node...
INFO [2024-09-03 18:32:07] [STORAGE] - Adding FRA_PHS_RevinPumpedStor392 battery to EU-FRA node...
INFO [2024-09-03 18:32:08] [STORAGE] - Adding FRA_PHS_MontzicPumpedSt391 battery to EU-FRA node...
INFO [2024-09-03 18:32:08] [STORAGE] - Adding FRA_PHS_Grand039MaisonD386 battery to EU-FRA node...
INFO [2024-09-03 18:32:09] [STORAGE] - Adding GBR_CHE_WelshHouseTesla416 battery to EU-GBR node...
INFO [2024-09-03 18:32:10] [STORAGE] - Adding GBR_CHE_5kW40kWhredTWok396 battery to EU-GBR node...
INFO [2024-09-03 18:32:11] [STORAGE] - Adding GBR_CHE_FlatHolmMicrogr400 battery to EU-GBR node...
INFO [2024-09-03 18:32:12] [STORAGE] - Adding GBR_CHE_HorseIslandMicr402 battery to EU-GBR node...
INFO [2024-09-03 18:32:13] [STORAGE] - Adding GBR_CHE_FoulaCommunityE401 battery to EU-GBR node...
INFO [2024-09-03 18:32:13] [STORAGE] - Adding GBR_CHE_IsleofMuckMicro404_IsleofRumMicrog405 battery to EU-GBR node...
INFO [2024-09-03 18:32:14] [STORAGE] - Adding GBR_CHE_NorthernPowergr406_NorthernPowergr407_NorthernPowerg battery to EU-GBR node...
INFO [2024-09-03 18:32:15] [STORAGE] - Adding GBR_CHE_IsleofEiggElect403 battery to EU-GBR node...
INFO [2024-09-03 18:32:16] [STORAGE] - Adding GBR_CHE_SloughZeroCarbo414 battery to EU-GBR node...
INFO [2024-09-03 18:32:17] [STORAGE] - Adding GBR_CHE_NorthernPowergr409_NorthernPowergr410 battery to EU-GBR node...
INFO [2024-09-03 18:32:17] [STORAGE] - Adding GBR_CHE_250kWhBerkshire395 battery to EU-GBR node...
INFO [2024-09-03 18:32:18] [STORAGE] - Adding GBR_CHE_WPDFalconProjec418 battery to EU-GBR node...
INFO [2024-09-03 18:32:19] [STORAGE] - Adding GBR_CHE_WesternPowerDis417 battery to EU-GBR node...
INFO [2024-09-03 18:32:20] [STORAGE] - Adding GBR_CHE_SlepeFarmSolar2413 battery to EU-GBR node...
INFO [2024-09-03 18:32:21] [STORAGE] - Adding GBR_CHE_BatwindStatoil398 battery to EU-GBR node...
INFO [2024-09-03 18:32:21] [STORAGE] - Adding GBR_CHE_EPSRCGridConnec399_OrkneyStoragePa412 battery to EU-GBR node...
INFO [2024-09-03 18:32:22] [STORAGE] - Adding GBR_CHE_NorthernPowergr411 battery to EU-GBR node...
INFO [2024-09-03 18:32:23] [STORAGE] - Adding GBR_CHE_SmarterNetworkS415 battery to EU-GBR node...
INFO [2024-09-03 18:32:24] [STORAGE] - Adding GBR_CHE_AESKilrootAdvan397 battery to EU-GBR node...
INFO [2024-09-03 18:32:25] [STORAGE] - Adding GBR_PHS_FoyersPumpedSto422 battery to EU-GBR node...
INFO [2024-09-03 18:32:26] [STORAGE] - Adding GBR_PHS_FfestiniogPumpe421 battery to EU-GBR node...
INFO [2024-09-03 18:32:27] [STORAGE] - Adding GBR_PHS_CruachanPowerSt419 battery to EU-GBR node...
INFO [2024-09-03 18:32:28] [STORAGE] - Adding GBR_PHS_DinorwigPowerSt420 battery to EU-GBR node...
INFO [2024-09-03 18:32:28] [STORAGE] - Adding ITA_CHE_EnelLivornoTest464 battery to EU-ITA node...
INFO [2024-09-03 18:32:29] [STORAGE] - Adding ITA_CHE_ACEARaffineriaS460 battery to EU-ITA node...
INFO [2024-09-03 18:32:30] [STORAGE] - Adding ITA_CHE_EnelLivornoTest465 battery to EU-ITA node...
INFO [2024-09-03 18:32:31] [STORAGE] - Adding ITA_CHE_EnelLivornoTest466 battery to EU-ITA node...
INFO [2024-09-03 18:32:32] [STORAGE] - Adding ITA_CHE_EnelVoltageRegu469_EnelVoltageRegu470 battery to EU-ITA node...
INFO [2024-09-03 18:32:33] [STORAGE] - Adding ITA_CHE_TozziEnergyStor489 battery to EU-ITA node...
INFO [2024-09-03 18:32:34] [STORAGE] - Adding ITA_CHE_SmartPolygenera473 battery to EU-ITA node...
INFO [2024-09-03 18:32:35] [STORAGE] - Adding ITA_CHE_TozziGreeniNEXT490 battery to EU-ITA node...
INFO [2024-09-03 18:32:35] [STORAGE] - Adding ITA_CHE_FIAMMGreenEnerg471 battery to EU-ITA node...
INFO [2024-09-03 18:32:36] [STORAGE] - Adding ITA_CHE_EnelVentotenePr468 battery to EU-ITA node...
INFO [2024-09-03 18:32:37] [STORAGE] - Adding ITA_CHE_TernaStorageLab477 battery to EU-ITA node...
INFO [2024-09-03 18:32:38] [STORAGE] - Adding ITA_CHE_TernaStorageLab480 battery to EU-ITA node...
INFO [2024-09-03 18:32:39] [STORAGE] - Adding ITA_CHE_EnelIserniaSmar463_GRID4EUDemo4Ene472_TernaStorageLa battery to EU-ITA node...
INFO [2024-09-03 18:32:40] [STORAGE] - Adding ITA_CHE_TernaStorageLab485 battery to EU-ITA node...
INFO [2024-09-03 18:32:41] [STORAGE] - Adding ITA_CHE_TernaStorageLab487_TernaStorageLab488 battery to EU-ITA node...
INFO [2024-09-03 18:32:42] [STORAGE] - Adding ITA_CHE_TernaStorageLab486 battery to EU-ITA node...
INFO [2024-09-03 18:32:43] [STORAGE] - Adding ITA_CHE_EnelChiaravalle461_EnelDirilloSubs462_EnelPugliaESS4 battery to EU-ITA node...
INFO [2024-09-03 18:32:44] [STORAGE] - Adding ITA_CHE_TernaSANCProjec474 battery to EU-ITA node...
INFO [2024-09-03 18:32:44] [STORAGE] - Adding ITA_CHE_TernaSANCProjec475_TernaSANCProjec476 battery to EU-ITA node...
INFO [2024-09-03 18:32:45] [STORAGE] - Adding ITA_THE_DalMolinThermal511 battery to EU-ITA node...
INFO [2024-09-03 18:32:46] [STORAGE] - Adding ITA_THE_ArchimedeSolarP510 battery to EU-ITA node...
INFO [2024-09-03 18:32:47] [STORAGE] - Adding ITA_HYD_INGRIDHydrogenD491 battery to EU-ITA node...
INFO [2024-09-03 18:32:48] [STORAGE] - Adding ITA_PHS_CampoMoroHydroP494 battery to EU-ITA node...
INFO [2024-09-03 18:32:49] [STORAGE] - Adding ITA_PHS_PracomuneHydroP503 battery to EU-ITA node...
INFO [2024-09-03 18:32:51] [STORAGE] - Adding ITA_PHS_GaudalamiHydroP500_PonaleRivadelGa501 battery to EU-ITA node...
INFO [2024-09-03 18:32:52] [STORAGE] - Adding ITA_PHS_CapriatiHydroPo495 battery to EU-ITA node...
INFO [2024-09-03 18:32:53] [STORAGE] - Adding ITA_PHS_RovinaHydroPowe506 battery to EU-ITA node...
INFO [2024-09-03 18:32:54] [STORAGE] - Adding ITA_PHS_VillaGargnanoHy509 battery to EU-ITA node...
INFO [2024-09-03 18:32:55] [STORAGE] - Adding ITA_PHS_ProvvidenzaHydr504 battery to EU-ITA node...
INFO [2024-09-03 18:32:56] [STORAGE] - Adding ITA_PHS_PontVentouxSusa502 battery to EU-ITA node...
INFO [2024-09-03 18:32:57] [STORAGE] - Adding ITA_PHS_FadaltoHydroPow499 battery to EU-ITA node...
INFO [2024-09-03 18:32:58] [STORAGE] - Adding ITA_PHS_TaloroHydroPowe508 battery to EU-ITA node...
INFO [2024-09-03 18:32:59] [STORAGE] - Adding ITA_PHS_BargiHydroPower493 battery to EU-ITA node...
INFO [2024-09-03 18:33:00] [STORAGE] - Adding ITA_PHS_SanFioranoHydro507 battery to EU-ITA node...
INFO [2024-09-03 18:33:01] [STORAGE] - Adding ITA_PHS_AnapoSolarinoPu492 battery to EU-ITA node...
INFO [2024-09-03 18:33:02] [STORAGE] - Adding ITA_PHS_EdoloPumpedStor498 battery to EU-ITA node...
INFO [2024-09-03 18:33:03] [STORAGE] - Adding ITA_PHS_RoncovalgrandeL505 battery to EU-ITA node...
INFO [2024-09-03 18:33:04] [STORAGE] - Adding ITA_PHS_DomenicoCimaros497 battery to EU-ITA node...
INFO [2024-09-03 18:33:05] [STORAGE] - Adding ITA_PHS_ChiotasHydroPow496 battery to EU-ITA node...
INFO [2024-09-03 18:33:06] [STORAGE] - Adding LUX_PHS_ViandenPumpedSt656 battery to EU-LUX node...
INFO [2024-09-03 18:33:07] [STORAGE] - Adding ARG_PHS_LosReyunosPumpe3 battery to SA-ARG node...
INFO [2024-09-03 18:33:08] [STORAGE] - Adding ARG_PHS_RioGrandeCerroP4 battery to SA-ARG node...
INFO [2024-09-03 18:33:09] [STORAGE] - Adding CHL_CHE_TierraAtacamaHo125 battery to SA-CHL node...
INFO [2024-09-03 18:33:09] [STORAGE] - Adding CHL_CHE_LosAndesSubstat124 battery to SA-CHL node...
INFO [2024-09-03 18:33:10] [STORAGE] - Adding CHL_CHE_AESAngamosStora123 battery to SA-CHL node...
INFO [2024-09-03 18:33:11] [STORAGE] - Adding CHL_THE_MineraElTesoroC127 battery to SA-CHL node...
INFO [2024-09-03 18:33:12] [STORAGE] - Adding CHL_PHS_AuxiliarMaitene126 battery to SA-CHL node...
INFO [2024-09-03 18:33:12] [MAIN] - Done adding battery data! (run time : 2.82min).

INFO [2024-09-03 18:33:12] [MAIN] - Adding lines between areas...

INFO [2024-09-03 18:33:15] [LINES] - Adding SA-ARG to SA-CHL line...
INFO [2024-09-03 18:33:15] [LINES] - Adding SA-ARG to SA-PRY line...
INFO [2024-09-03 18:33:15] [LINES] - Adding SA-ARG to SA-URY line...
INFO [2024-09-03 18:33:15] 2024-09-03 18:33:15 - [LINES] Skipping EU-BEL to EU-DEU link (zero NTC)
INFO [2024-09-03 18:33:16] [LINES] - Adding EU-BEL to EU-FRA line...
INFO [2024-09-03 18:33:16] 2024-09-03 18:33:16 - [LINES] Skipping EU-BEL to EU-GBR link (zero NTC)
INFO [2024-09-03 18:33:16] [LINES] - Adding EU-BEL to EU-LUX line...
INFO [2024-09-03 18:33:16] 2024-09-03 18:33:16 - [LINES] Skipping AF-BWA to AF-NAM link (zero NTC)
INFO [2024-09-03 18:33:16] [LINES] - Adding AF-BWA to AF-ZAF line...
INFO [2024-09-03 18:33:16] [LINES] - Adding AF-BWA to AF-ZWE line...
INFO [2024-09-03 18:33:17] [LINES] - Adding EU-CHE to EU-DEU line...
INFO [2024-09-03 18:33:17] [LINES] - Adding EU-CHE to EU-FRA line...
INFO [2024-09-03 18:33:17] [LINES] - Adding EU-CHE to EU-ITA line...
INFO [2024-09-03 18:33:18] [LINES] - Adding EU-DEU to EU-FRA line...
INFO [2024-09-03 18:33:18] [LINES] - Adding EU-DEU to EU-LUX line...
INFO [2024-09-03 18:33:18] [LINES] - Adding EU-ESP to EU-FRA line...
INFO [2024-09-03 18:33:18] [LINES] - Adding EU-FRA to EU-GBR line...
INFO [2024-09-03 18:33:19] [LINES] - Adding EU-FRA to EU-ITA line...
INFO [2024-09-03 18:33:19] [LINES] - Adding EU-FRA to EU-LUX line...
INFO [2024-09-03 18:33:19] [LINES] - Adding AF-LSO to AF-ZAF line...
INFO [2024-09-03 18:33:20] [LINES] - Adding AF-MOZ to AF-SWZ line...
INFO [2024-09-03 18:33:20] [LINES] - Adding AF-MOZ to AF-ZAF line...
INFO [2024-09-03 18:33:20] [LINES] - Adding AF-MOZ to AF-ZWE line...
INFO [2024-09-03 18:33:21] [LINES] - Adding AF-NAM to AF-ZAF line...
INFO [2024-09-03 18:33:21] [LINES] - Adding AF-SWZ to AF-ZAF line...
INFO [2024-09-03 18:33:21] [LINES] - Adding AF-ZAF to AF-ZWE line...
INFO [2024-09-03 18:33:21] [MAIN] - Done adding lines! (run time : 9.11s).

INFO [2024-09-03 18:33:21] [MAIN] - Finished setting up Antares study! (run time : 7.09min).
 

