INFO [2024-09-03 18:26:17] [MAIN] - Creating v2_test__2024_09_03_18_26_16 study...

INFO [2024-09-03 18:26:17] [MAIN] - Unit commitment mode : ACCURATE
INFO [2024-09-03 18:26:17] [MAIN] - Adding nodes...

INFO [2024-09-03 18:26:30] [MAIN] - Done adding nodes! (run time : 13.23s).

INFO [2024-09-03 18:26:30] [MAIN] - Adding districts...

INFO [2024-09-03 18:26:33] [MAIN] - Done adding districts! (run time : 2.9s).

INFO [2024-09-03 18:26:33] [MAIN] - Adding load data...

INFO [2024-09-03 18:26:41] [MAIN] - Done adding load data! (run time : 8.13s).

INFO [2024-09-03 18:26:41] [MAIN] - Fetching wind data...

INFO [2024-09-03 18:26:45] [MAIN] - Done adding wind data! (run time : 3.81s).

INFO [2024-09-03 18:26:45] [MAIN] - Fetching solar data...

INFO [2024-09-03 18:26:50] [MAIN] - Done adding solar data! (run time : 4.4s).

INFO [2024-09-03 18:26:50] [MAIN] - Beginning hydro implementation...
INFO [2024-09-03 18:28:10] [MAIN] - Done adding hydro!
INFO [2024-09-03 18:28:10] [MAIN] - Fetching thermal data...
INFO [2024-09-03 18:28:15] [MAIN] - Aggregating identical generators...
INFO [2024-09-03 18:28:16] [MAIN] - Running 5-clustering algorithm on generators...
INFO [2024-09-03 18:28:18] [MAIN] - Done running 5-clustering algorithm on generators!

INFO [2024-09-03 18:30:23] [MAIN] - Done adding thermal data! (run time : 2.22min).

INFO [2024-09-03 18:30:23] [MAIN] - Fetching battery data...

INFO [2024-09-03 18:30:23] [MAIN] - Aggregating identical batteries...
INFO [2024-09-03 18:33:12] [MAIN] - Done adding battery data! (run time : 2.82min).

INFO [2024-09-03 18:33:12] [MAIN] - Adding lines between areas...

INFO [2024-09-03 18:33:21] [MAIN] - Done adding lines! (run time : 9.11s).

INFO [2024-09-03 18:33:21] [MAIN] - Finished setting up Antares study! (run time : 7.09min).
 

