INFO [2024-08-08 14:51:18] [MAIN] - Creating Etude_sur_R_Beta__2024_08_08_14_51_18 study...

INFO [2024-08-08 14:51:18] [MAIN] - Unit commitment mode : FAST
INFO [2024-08-08 14:51:18] [MAIN] - Adding nodes...

INFO [2024-08-08 14:51:20] [NODES] - Adding AF-MAR node...
INFO [2024-08-08 14:51:20] [NODES] - Adding EU-DEU node...
INFO [2024-08-08 14:51:20] [NODES] - Adding EU-ESP node...
INFO [2024-08-08 14:51:21] [NODES] - Adding EU-FRA node...
INFO [2024-08-08 14:51:21] [MAIN] - Done adding nodes! (run time : 2.19s).

INFO [2024-08-08 14:51:21] [MAIN] - Adding load data...

INFO [2024-08-08 14:51:22] [LOAD] - Adding AF-MAR load data...
INFO [2024-08-08 14:51:22] [LOAD] - Adding EU-ESP load data...
INFO [2024-08-08 14:51:22] [LOAD] - Adding EU-DEU load data...
INFO [2024-08-08 14:51:22] [LOAD] - Adding EU-FRA load data...
INFO [2024-08-08 14:51:22] [MAIN] - Done adding load data! (run time : 1.15s).

INFO [2024-08-08 14:51:22] [MAIN] - Fetching wind data...

INFO [2024-08-08 14:51:22] [WIND] - Adding AF-MAR aggregated wind data...
INFO [2024-08-08 14:51:22] [WIND] - Adding EU-ESP aggregated wind data...
INFO [2024-08-08 14:51:22] [WIND] - Adding EU-DEU aggregated wind data...
INFO [2024-08-08 14:51:22] [WIND] - Adding EU-FRA aggregated wind data...
INFO [2024-08-08 14:51:22] [MAIN] - Done adding wind data! (run time : 0.35s).

INFO [2024-08-08 14:51:23] [MAIN] - Fetching solar data...

INFO [2024-08-08 14:51:23] [SOLAR] - Adding AF-MAR aggregated solar data...
INFO [2024-08-08 14:51:23] [SOLAR] - Adding EU-ESP aggregated solar data...
INFO [2024-08-08 14:51:23] [SOLAR] - Adding EU-DEU aggregated solar data...
INFO [2024-08-08 14:51:23] [SOLAR] - Adding EU-FRA aggregated solar data...
INFO [2024-08-08 14:51:23] [MAIN] - Done adding solar data! (run time : 0.66s).

INFO [2024-08-08 14:51:23] [MAIN] - Adding lines between areas...

INFO [2024-08-08 14:51:26] [LINES] - Adding EU-DEU to EU-FRA line...
INFO [2024-08-08 14:51:26] [LINES] - Adding EU-ESP to EU-FRA line...
INFO [2024-08-08 14:51:26] [LINES] - Adding EU-ESP to AF-MAR line...
INFO [2024-08-08 14:51:26] [MAIN] - Done adding lines! (run time : 2.35s).

INFO [2024-08-08 14:51:26] [MAIN] - Finished setting up Antares study! (run time : 0.13min).
 

