INFO [2024-08-08 14:49:19] [MAIN] - Creating Etude_sur_R_Beta__2024_08_08_14_49_18 study...

INFO [2024-08-08 14:49:19] [MAIN] - Unit commitment mode : FAST
INFO [2024-08-08 14:49:19] [MAIN] - Adding nodes...

INFO [2024-08-08 14:49:21] [NODES] - Adding AF-MAR node...
INFO [2024-08-08 14:49:21] [NODES] - Adding EU-DEU node...
INFO [2024-08-08 14:49:21] [NODES] - Adding EU-ESP node...
INFO [2024-08-08 14:49:21] [NODES] - Adding EU-FRA node...
INFO [2024-08-08 14:49:22] [MAIN] - Done adding nodes! (run time : 2.84s).

INFO [2024-08-08 14:49:22] [MAIN] - Adding load data...

INFO [2024-08-08 14:49:23] [LOAD] - Adding AF-MAR load data...
INFO [2024-08-08 14:49:23] [LOAD] - Adding EU-ESP load data...
INFO [2024-08-08 14:49:23] [LOAD] - Adding EU-DEU load data...
INFO [2024-08-08 14:49:23] [LOAD] - Adding EU-FRA load data...
INFO [2024-08-08 14:49:23] [MAIN] - Done adding load data! (run time : 1.64s).

INFO [2024-08-08 14:49:23] [MAIN] - Fetching wind data...

INFO [2024-08-08 14:49:24] [WIND] - Adding AF-MAR aggregated wind data...
INFO [2024-08-08 14:49:24] [WIND] - Adding EU-ESP aggregated wind data...
INFO [2024-08-08 14:49:24] [WIND] - Adding EU-DEU aggregated wind data...
INFO [2024-08-08 14:49:24] [WIND] - Adding EU-FRA aggregated wind data...
INFO [2024-08-08 14:49:24] [MAIN] - Done adding wind data! (run time : 0.45s).

INFO [2024-08-08 14:49:24] [MAIN] - Fetching solar data...

INFO [2024-08-08 14:49:24] [MAIN] - Starting simulation__2024_08_08_14_49_24 simulation...
INFO [2024-08-08 14:49:32] [MAIN] - Antares simulation finished! (run time : 0.14min).
 

