INFO [2024-09-04 14:41:11] [MAIN] - Reading simulations of pre-existing Deane_testWorld_v1__2024_08_25_21_23_09 study...
INFO [2024-09-04 14:41:13] [MAIN] - Opening 20240826-0706eco-fastUCM_worldDistrict simulation...
INFO [2024-09-04 14:41:13] [MAIN] - Preparing to compare generation values with Deane...
INFO [2024-09-04 14:41:13] [DEANE] - Saving generation comparisons for africa continent...
INFO [2024-09-04 14:41:14] [DEANE] - Done saving generation comparisons for africa continent!
INFO [2024-09-04 14:41:14] [DEANE] - Saving generation comparisons for asia continent...
INFO [2024-09-04 14:41:15] [DEANE] - Done saving generation comparisons for asia continent!
INFO [2024-09-04 14:41:15] [DEANE] - Saving generation comparisons for europe continent...
INFO [2024-09-04 14:41:16] [DEANE] - Done saving generation comparisons for europe continent!
INFO [2024-09-04 14:41:16] [DEANE] - Saving generation comparisons for north america continent...
INFO [2024-09-04 14:41:17] [DEANE] - Done saving generation comparisons for north america continent!
INFO [2024-09-04 14:41:17] [DEANE] - Saving generation comparisons for oceania continent...
INFO [2024-09-04 14:41:18] [DEANE] - Done saving generation comparisons for oceania continent!
INFO [2024-09-04 14:41:18] [DEANE] - Saving generation comparisons for south america continent...
INFO [2024-09-04 14:41:19] [DEANE] - Done saving generation comparisons for south america continent!
INFO [2024-09-04 14:41:19] [MAIN] - Done comparing generation values with Deane! (run time : 5.64 s).

INFO [2024-09-04 14:41:19] [MAIN] - Preparing to compare emissions values with Deane...
INFO [2024-09-04 14:41:19] [DEANE] - Computing continental CO2 emissions in Antares study...
INFO [2024-09-04 14:42:32] [DEANE] - Done computing continental CO2 emissions!
INFO [2024-09-04 14:42:32] [DEANE] - Saving emissions comparisons for africa continent...
INFO [2024-09-04 14:42:33] [DEANE] - Done saving emissions comparisons for africa continent!
INFO [2024-09-04 14:42:33] [DEANE] - Saving emissions comparisons for asia continent...
INFO [2024-09-04 14:42:33] [DEANE] - Done saving emissions comparisons for asia continent!
INFO [2024-09-04 14:42:34] [DEANE] - Saving emissions comparisons for europe continent...
INFO [2024-09-04 14:42:34] [DEANE] - Done saving emissions comparisons for europe continent!
INFO [2024-09-04 14:42:34] [DEANE] - Saving emissions comparisons for north america continent...
INFO [2024-09-04 14:42:35] [DEANE] - Done saving emissions comparisons for north america continent!
INFO [2024-09-04 14:42:35] [DEANE] - Saving emissions comparisons for oceania continent...
INFO [2024-09-04 14:42:36] [DEANE] - Done saving emissions comparisons for oceania continent!
INFO [2024-09-04 14:42:36] [DEANE] - Saving emissions comparisons for south america continent...
INFO [2024-09-04 14:42:37] [DEANE] - Done saving emissions comparisons for south america continent!
INFO [2024-09-04 14:42:37] [MAIN] - Done comparing emissions values with Deane! (run time : 78.04 s).

