INFO [2024-09-09 17:52:47] [MAIN] - Creating clusters_ren__2024_09_09_17_52_47 study...

INFO [2024-09-09 17:52:47] [MAIN] - Unit commitment mode : ACCURATE
INFO [2024-09-09 17:52:47] [MAIN] - Adding nodes...

INFO [2024-09-09 17:52:48] [NODES] - Adding eu-fra node...
INFO [2024-09-09 17:52:48] [MAIN] - Done adding nodes! (run time : 1.04s).

INFO [2024-09-09 17:52:48] [MAIN] - Adding districts...

INFO [2024-09-09 17:52:48] [DISTRICTS] - Creating global district...
INFO [2024-09-09 17:52:48] [DISTRICTS] - Done creating global district!
INFO [2024-09-09 17:52:48] [DISTRICTS] - Creating europe continental district...
INFO [2024-09-09 17:52:49] [DISTRICTS] - Done creating europe continental district!
INFO [2024-09-09 17:52:49] [MAIN] - Done adding districts! (run time : 0.58s).

INFO [2024-09-09 17:52:49] [MAIN] - Adding load data...

INFO [2024-09-09 17:52:50] [LOAD] - Adding eu-fra load data...
INFO [2024-09-09 17:52:50] [MAIN] - Done adding load data! (run time : 0.99s).

INFO [2024-09-09 17:52:50] [MAIN] - Beginning hydro implementation...
INFO [2024-09-09 17:52:50] [HYDRO] - Couldn't initialize NA hydro parameters, skipping...
INFO [2024-09-09 17:52:50] [HYDRO] - Couldn't add NA max power timeseries, skipping...
INFO [2024-09-09 17:52:50] [HYDRO] - Couldn't add NA hydro profiles, skipping...
INFO [2024-09-09 17:52:50] [HYDRO] - Couldn't initialize  hydro parameters, skipping...
INFO [2024-09-09 17:52:50] [HYDRO] - Couldn't add  max power timeseries, skipping...
INFO [2024-09-09 17:52:50] [HYDRO] - Couldn't add  hydro profiles, skipping...
INFO [2024-09-09 17:52:50] [MAIN] - Done adding hydro!
INFO [2024-09-09 17:52:50] [MAIN] - Fetching thermal data...
