INFO [2024-08-19 14:56:18] [MAIN] - Creating Deane_EU_Agg_new__2024_08_19_14_56_18 study...

INFO [2024-08-19 14:56:18] [MAIN] - Unit commitment mode : ACCURATE
INFO [2024-08-19 14:56:18] [MAIN] - Adding nodes...

INFO [2024-08-19 14:56:20] [NODES] - Adding EU-DEU node...
INFO [2024-08-19 14:56:20] [MAIN] - Done adding nodes! (run time : 1.94s).

INFO [2024-08-19 14:56:20] [MAIN] - Adding load data...

INFO [2024-08-19 14:56:22] [LOAD] - Adding EU-DEU load data...
INFO [2024-08-19 14:56:22] [MAIN] - Done adding load data! (run time : 1.69s).

INFO [2024-08-19 14:56:22] [MAIN] - Fetching wind data...

INFO [2024-08-19 14:56:22] [WIND] - Adding EU-DEU aggregated wind data...
INFO [2024-08-19 14:56:22] [MAIN] - Done adding wind data! (run time : 0.16s).

INFO [2024-08-19 14:56:22] [MAIN] - Fetching solar data...

INFO [2024-08-19 14:56:23] [SOLAR] - Adding EU-DEU aggregated solar data...
INFO [2024-08-19 14:56:23] [MAIN] - Done adding solar data! (run time : 0.14s).

INFO [2024-08-19 14:56:23] [MAIN] - Beginning hydro implementation...
INFO [2024-08-19 14:56:24] [HYDRO] - Initializing EU-DEU hydro parameters...
INFO [2024-08-19 14:56:24] [HYDRO] - Adding EU-DEU max power timeseries...
INFO [2024-08-19 14:56:25] [HYDRO] - Adding EU-DEU hydro profiles...
INFO [2024-08-19 14:56:25] [MAIN] - Done adding hydro!
INFO [2024-08-19 14:56:25] [MAIN] - Fetching thermal data...
INFO [2024-08-19 14:56:28] [MAIN] - Aggregating identical generators...
INFO [2024-08-19 14:56:28] [MAIN] - Running 25-clustering algorithm on generators...

INFO [2024-08-19 14:56:28] [THERMAL] - Adding DEU_GAS_NATURALGASTUR11500_HKWERLANGENN11204_NATURALGASTUR11505_UPMAUGSBURG generator to EU-DEU node...
INFO [2024-08-19 14:56:28] [THERMAL] - Adding DEU_GAS_HEIZKRAFTWERK111258_HKW111191_HKWSCHWERINLA11230_NATURALGASMOTO1151 generator to EU-DEU node...
INFO [2024-08-19 14:56:28] [THERMAL] - Adding DEU_GAS_KESSEL211371_ERWEITERUNGENE11099 generator to EU-DEU node...
INFO [2024-08-19 14:56:29] [THERMAL] - Adding DEU_GAS_INDUSTRIEPARKW11335_EMDENNATURALG11086_KOMBIHKW11388_GUDLEUNA11173_ generator to EU-DEU node...
INFO [2024-08-19 14:56:29] [THERMAL] - Adding DEU_GAS_KRAFTWERKMITTE11405_HKWHALLETROTH11208 generator to EU-DEU node...
INFO [2024-08-19 14:56:29] [THERMAL] - Adding DEU_GAS_CAPACITY SCALER_DUISBURGHAMBOR11049_KRAFTWERKSD11411 generator to EU-DEU node...
INFO [2024-08-19 14:56:29] [THERMAL] - Adding DEU_GAS_DOWSTADE11047_DAMPFKRAFTWERK11027_HKWJENA11213 generator to EU-DEU node...
INFO [2024-08-19 14:56:29] [THERMAL] - Adding DEU_GAS_HEIZKRAFTWERKW11280_GUDKRAFTWERKH11172_INDUSTRIEKRAFTW11333_NATURAL generator to EU-DEU node...
INFO [2024-08-19 14:56:29] [THERMAL] - Adding DEU_GAS_BHKWANKLINKER10911_BHKWHAUFFSTRA10912_HEIZKRAFTWERK511262_HKWBADSAL generator to EU-DEU node...
INFO [2024-08-19 14:56:29] [THERMAL] - Adding DEU_GAS_HKWDRESDENNOS11200_FRANKEN111114_HKWIIIB11212_TRIANELNATURAL11743 generator to EU-DEU node...
INFO [2024-08-19 14:56:29] [THERMAL] - Adding DEU_GAS_GUDBITTERFELD11171_GUDMARIENEHE11174_HKWMERKENICH11219_HKWERFURTOST generator to EU-DEU node...
INFO [2024-08-19 14:56:29] [THERMAL] - Adding DEU_GAS_GEMEINSCHAFTSKR11138_RHEINHAFENDAMP11618_EMSLAND11088 generator to EU-DEU node...
INFO [2024-08-19 14:56:29] [THERMAL] - Adding DEU_GAS_RAGANTHRAZITI11596_EVCGLOBALFOU11064_KRAFTWERK211393_UNTERBREIZBACH generator to EU-DEU node...
INFO [2024-08-19 14:56:29] [THERMAL] - Adding DEU_GAS_DORMAGEN11044_NATURALGASBLOC11508_THYROW11738_HUCKINGEN11302_KNAPSA generator to EU-DEU node...
INFO [2024-08-19 14:56:30] [THERMAL] - Adding DEU_GAS_DUISBURGRUHROR11050_CHARLOTTENBURG11010_HUNTORF11306_GERSTEINWERK11 generator to EU-DEU node...
INFO [2024-08-19 14:56:30] [THERMAL] - Adding DEU_GAS_HKWWEST11235_GUD11168_HEIZKRAFTWERKH11268_OBERNBURG11543_KWH11352 generator to EU-DEU node...
INFO [2024-08-19 14:56:30] [THERMAL] - Adding DEU_GAS_GUDHKWNEUBRAN11179_GUDBAUNATALV11170_SDDT111723_HKWBARMEN11196_HKWP generator to EU-DEU node...
INFO [2024-08-19 14:56:30] [THERMAL] - Adding DEU_GAS_BHKWH_12010908_GUDKRAFTWERK11181_HEIZKRAFTWERK411261_HEIZKRAFTWERKZ generator to EU-DEU node...
INFO [2024-08-19 14:56:30] [THERMAL] - Adding DEU_GAS_KIRCHMSER11375_HEIZKRAFTWERKL11273 generator to EU-DEU node...
INFO [2024-08-19 14:56:30] [THERMAL] - Adding DEU_GAS_KWKIRCHLENGERN11345_HKWNIEHL211221_LICHTERFELDE11438_KRAFTWERKMAINZ generator to EU-DEU node...
INFO [2024-08-19 14:56:30] [THERMAL] - Adding DEU_GAS_HKWCHEMNITZN11199_HKWELTMANN11201_HKWWRTH11238_GUDANLAGEWVK11169_PK generator to EU-DEU node...
INFO [2024-08-19 14:56:30] [THERMAL] - Adding DEU_GAS_GUDSCHWARZHEID11175_HEIZKRAFTWERKE11283_HKWNIEDERRAD11220_GUDTIEFST generator to EU-DEU node...
INFO [2024-08-19 14:56:31] [THERMAL] - Adding DEU_GAS_HKWFENNEGRUB11205_HKWHILTROP11209_HKWSCHWERINS11231_NATURALGASKRAF1 generator to EU-DEU node...
INFO [2024-08-19 14:56:31] [THERMAL] - Adding DEU_GAS_GTKWDARMSTADT11128_HEIZKRAFTWERKK11271_HEIZKRAFTWERKS11277_ADSANLAG generator to EU-DEU node...
INFO [2024-08-19 14:56:31] [THERMAL] - Adding DEU_GAS_HEIZKRAFTWERKG11267_AHRENSFELDE10881_HKWSANDREUTH11228_HEIZKRAFTWER generator to EU-DEU node...
INFO [2024-08-19 14:56:31] [THERMAL] - Adding DEU_COA_HKWERLANGENC11203_COALPLANT111015_COALPLANT211016_EZ111066_RENODEME generator to EU-DEU node...
INFO [2024-08-19 14:56:31] [THERMAL] - Adding DEU_COA_TIEFSTACKPOWER11739_FLENSBURGPOWER11111_KRAFTWERKENSDO11396 generator to EU-DEU node...
INFO [2024-08-19 14:56:31] [THERMAL] - Adding DEU_COA_KRAFTWERKWERDO11414 generator to EU-DEU node...
INFO [2024-08-19 14:56:31] [THERMAL] - Adding DEU_COA_HKWNORDWEST11223 generator to EU-DEU node...
INFO [2024-08-19 14:56:31] [THERMAL] - Adding DEU_COA_HKWI11211_GKRAFTWERK11121_KRAFTWERKN23011406 generator to EU-DEU node...
INFO [2024-08-19 14:56:32] [THERMAL] - Adding DEU_COA_WACHTBERGPOWER11777_HASTEDTPOWERS11251_HKWWEST11234_BERLINREUTERP10 generator to EU-DEU node...
INFO [2024-08-19 14:56:32] [THERMAL] - Adding DEU_COA_BOA210982_KWWALSUM11349_SCHKOPAUPOWER11665_SCHWARZEPUMPE11673_WEISW generator to EU-DEU node...
INFO [2024-08-19 14:56:32] [THERMAL] - Adding DEU_COA_HEIZKRAFTWERKF11266_DESSAUPOWERST11037_GRUBENHEIZKRAFT11165_HUERTHV generator to EU-DEU node...
INFO [2024-08-19 14:56:32] [THERMAL] - Adding DEU_COA_HEIZKRAFTWERKS11279_HEIZKRAFTWERKD11281_PLWERKJLIC11558 generator to EU-DEU node...
INFO [2024-08-19 14:56:32] [THERMAL] - Adding DEU_COA_IBBENBRENBP11323_HAMBURGMOORBUR11247_WALHEIMPOWERS11787_GKHHANNOVER generator to EU-DEU node...
INFO [2024-08-19 14:56:32] [THERMAL] - Adding DEU_COA_TRIANELKOHLEKR11742_WILHELMSHAVENP11817 generator to EU-DEU node...
INFO [2024-08-19 14:56:32] [THERMAL] - Adding DEU_COA_KRAFTWERKL5711402_PFORZHEIMPOWER11577_HKWSACHTLEBEN11226 generator to EU-DEU node...
INFO [2024-08-19 14:56:33] [THERMAL] - Adding DEU_COA_ALTBACHPOWERS10887_ROSTOCKPOWERS11638_RHEINHAFENDAMP11617_HEILBRONN generator to EU-DEU node...
INFO [2024-08-19 14:56:33] [THERMAL] - Adding DEU_COA_KESSEL411372_KRAFTWERK11391_HKWKARCHERSTR_11214_KOHLEKRAFTWERK11387 generator to EU-DEU node...
INFO [2024-08-19 14:56:33] [THERMAL] - Adding DEU_COA_CHEMIEPARKMARL11011_HKWWEST11233 generator to EU-DEU node...
INFO [2024-08-19 14:56:33] [THERMAL] - Adding DEU_COA_KWM11360_SCHOLVENPOWER11669_LNENPOWERST11449_BERGKAMENPOWER10936_KR generator to EU-DEU node...
INFO [2024-08-19 14:56:33] [THERMAL] - Adding DEU_COA_BREMENFARGEPO10995_BUSCHHAUSPOWER11002_MODELLKRAFTWERK11483 generator to EU-DEU node...
INFO [2024-08-19 14:56:33] [THERMAL] - Adding DEU_COA_HEIZKRAFTWERK311260_KWWEST11350_HAFENPOWERSTA11244_WEIHER11796 generator to EU-DEU node...
INFO [2024-08-19 14:56:33] [THERMAL] - Adding DEU_COA_WAEHLITZPOWER11778_FKK11104 generator to EU-DEU node...
INFO [2024-08-19 14:56:34] [THERMAL] - Adding DEU_COA_BRAUNKOHLEKRAFT10993_HEYDENPOWERST11292_LIPPENDORFPOWE11441_NEURATH generator to EU-DEU node...
INFO [2024-08-19 14:56:34] [THERMAL] - Adding DEU_COA_STUTTGARTMUENS11720_KIELPOWERSTAT11374_KLINGENBERG11380_NORD211529 generator to EU-DEU node...
INFO [2024-08-19 14:56:34] [THERMAL] - Adding DEU_COA_HKWOFFENBACHP11295_CHEMNITZNORDP11012_HKWNORD11222 generator to EU-DEU node...
INFO [2024-08-19 14:56:34] [THERMAL] - Adding DEU_COA_NIEDERAUSSEMPO11527_BOXBERGPOWERS10989 generator to EU-DEU node...
INFO [2024-08-19 14:56:34] [THERMAL] - Adding DEU_COA_BUERPOWERSTAT11001_COTTBUSCHPPOW11019_COLOGNEMERKENI11018_INDUSTRIE generator to EU-DEU node...
INFO [2024-08-19 14:56:34] [THERMAL] - Adding DEU_COA_KWVOERDE11348_JANSCHWALDEPOW11338_GKMMANNHEIM11125_FRIMMERSDORFPO11 generator to EU-DEU node...
INFO [2024-08-19 14:56:34] [THERMAL] - Adding DEU_WAS_MHKW11451_HKWMANNHEIM11216_RMVAKLN11598 generator to EU-DEU node...
INFO [2024-08-19 14:56:35] [THERMAL] - Adding DEU_BIO_BIOMASSGENERAT10965_BIOMASSGENERAT10967_BKF10913_HEIZKRAFTWERKP1127 generator to EU-DEU node...
INFO [2024-08-19 14:56:35] [THERMAL] - Adding DEU_WAS_KARNAP11365_TRVBUSCHHAUS11728_BIOMASSGENERAT10955 generator to EU-DEU node...
INFO [2024-08-19 14:56:35] [THERMAL] - Adding DEU_BIO_BMKWKNIGSWU10919_HHKWBERLINNEU11189_WERKSKRAFTWERK11803_EBSHKWROSTO generator to EU-DEU node...
INFO [2024-08-19 14:56:35] [THERMAL] - Adding DEU_BIO_ZELLSTOFFSTEND11847 generator to EU-DEU node...
INFO [2024-08-19 14:56:35] [THERMAL] - Adding DEU_WAS_BIOMASSGENERAT10951 generator to EU-DEU node...
INFO [2024-08-19 14:56:35] [THERMAL] - Adding DEU_BIO_ZOLLINGPOWERS11851_CAPACITY SCALER generator to EU-DEU node...
INFO [2024-08-19 14:56:36] [THERMAL] - Adding DEU_BIO_WERKSKRAFTWERK11805_ABFALLENTSORGUN10878 generator to EU-DEU node...
INFO [2024-08-19 14:56:36] [THERMAL] - Adding DEU_BIO_BIOMASSEVERSTR10971_BIOMASSGENERAT10956_BIOMASSGENERAT10963_BIOMASS generator to EU-DEU node...
INFO [2024-08-19 14:56:36] [THERMAL] - Adding DEU_WAS_GKS11126_MVAWEISWEILER11463_MVRMLLVERWER11464_REMONDISTHERMI11597 generator to EU-DEU node...
INFO [2024-08-19 14:56:36] [THERMAL] - Adding DEU_WAS_MHKWWKW11452_BIOMASSEHEIZKR10970_BIOMASSGENERAT10954_BIOMASSGENERAT generator to EU-DEU node...
INFO [2024-08-19 14:56:36] [THERMAL] - Adding DEU_WAS_KRAFTWERKSCHWE11410_IKWRDERSDORF11318_MLLHEIZKRAFTW11493_RZRHERTENI generator to EU-DEU node...
INFO [2024-08-19 14:56:37] [THERMAL] - Adding DEU_WAS_EEWENERGYFROM11059_EEWGRORSCH11060_TURBOSATZ111747 generator to EU-DEU node...
INFO [2024-08-19 14:56:37] [THERMAL] - Adding DEU_WAS_MHKWROTHENSEE11457_SCAMANNHEIM11648_GMVANIEDERRHEI11127 generator to EU-DEU node...
INFO [2024-08-19 14:56:37] [THERMAL] - Adding DEU_BIO_BLOCKHEIZKRAFTW10981_ZWSF11844 generator to EU-DEU node...
INFO [2024-08-19 14:56:37] [THERMAL] - Adding DEU_BIO_BIOMASSGENERAT10969_ENERGIEANLAGE311089_HAMBURGERRIEGE11248 generator to EU-DEU node...
INFO [2024-08-19 14:56:37] [THERMAL] - Adding DEU_WAS_SITAABFALLVERW11649 generator to EU-DEU node...
INFO [2024-08-19 14:56:38] [THERMAL] - Adding DEU_BIO_BIOMASSGENERAT10961_DT11026_MLLKRAFTWERK11494 generator to EU-DEU node...
INFO [2024-08-19 14:56:38] [THERMAL] - Adding DEU_WAS_MHKWFRANKFURT11454_STORAENSOMAXA11716 generator to EU-DEU node...
INFO [2024-08-19 14:56:38] [THERMAL] - Adding DEU_WAS_MVAINGOLSTADT11462 generator to EU-DEU node...
INFO [2024-08-19 14:56:38] [THERMAL] - Adding DEU_BIO_BIOMASSGENERAT10953_FHKWLUDWIGSHAF11103 generator to EU-DEU node...
INFO [2024-08-19 14:56:38] [THERMAL] - Adding DEU_BIO_WIBIEBRICH11814_ENERTECHAMELN11093_EBKWKNAPSACK11055_KWHAFEN11344_M generator to EU-DEU node...
INFO [2024-08-19 14:56:39] [THERMAL] - Adding DEU_BIO_BIOHKWHERBREC10945_BIOMASSGENERAT10968_BMHKWRERECKLI10915_BEG10906_ generator to EU-DEU node...
INFO [2024-08-19 14:56:39] [THERMAL] - Adding DEU_WAS_MVABIELEFELD11460_DAMPFTURBINENAN11028_REUTERWASTEFA11615 generator to EU-DEU node...
INFO [2024-08-19 14:56:39] [THERMAL] - Adding DEU_BIO_BIOMASSGENERAT10957_KWKNEUMARKT11355_UTB11756_AVAVELSEN10876_BIOMAS generator to EU-DEU node...
INFO [2024-08-19 14:56:39] [THERMAL] - Adding DEU_NUC_GROHNDE11162 generator to EU-DEU node...
INFO [2024-08-19 14:56:39] [THERMAL] - Adding DEU_NUC_NECKARWESTHEIM11499 generator to EU-DEU node...
INFO [2024-08-19 14:56:39] [THERMAL] - Adding DEU_NUC_EMSLAND11062 generator to EU-DEU node...
INFO [2024-08-19 14:56:40] [THERMAL] - Adding DEU_NUC_PHILIPPSBURG211562 generator to EU-DEU node...
INFO [2024-08-19 14:56:40] [THERMAL] - Adding DEU_NUC_BROKDORF10922 generator to EU-DEU node...
INFO [2024-08-19 14:56:40] [THERMAL] - Adding DEU_NUC_ISAR211322 generator to EU-DEU node...
INFO [2024-08-19 14:56:40] [THERMAL] - Adding DEU_NUC_KERNKRAFTGUNDR11370 generator to EU-DEU node...
INFO [2024-08-19 14:56:40] [THERMAL] - Adding DEU_OIL_DKWLEINAU11024_DKWNORD11025_SKWDIESEL11650 generator to EU-DEU node...
INFO [2024-08-19 14:56:41] [THERMAL] - Adding DEU_OIL_SPITZENLASTKRAF11704 generator to EU-DEU node...
INFO [2024-08-19 14:56:41] [THERMAL] - Adding DEU_OIL_SKWNATURALGAS11651 generator to EU-DEU node...
INFO [2024-08-19 14:56:41] [THERMAL] - Adding DEU_OIL_KRAFTWERKFULDA11397 generator to EU-DEU node...
INFO [2024-08-19 14:56:41] [THERMAL] - Adding DEU_OIL_EEV11058 generator to EU-DEU node...
INFO [2024-08-19 14:56:41] [THERMAL] - Adding DEU_OIL_MOABITOIL11482 generator to EU-DEU node...
INFO [2024-08-19 14:56:42] [THERMAL] - Adding DEU_OIL_WILHELMSHAVEN11816 generator to EU-DEU node...
INFO [2024-08-19 14:56:42] [THERMAL] - Adding DEU_OIL_SPITZENLASTANLA11702 generator to EU-DEU node...
INFO [2024-08-19 14:56:42] [THERMAL] - Adding DEU_OIL_KRAFTWERK11392 generator to EU-DEU node...
INFO [2024-08-19 14:56:42] [THERMAL] - Adding DEU_OIL_MIRO11477 generator to EU-DEU node...
INFO [2024-08-19 14:56:43] [THERMAL] - Adding DEU_OIL_RAFFINERIEKRAFT11602 generator to EU-DEU node...
INFO [2024-08-19 14:56:43] [THERMAL] - Adding DEU_OIL_AUDORF10902 generator to EU-DEU node...
INFO [2024-08-19 14:56:43] [THERMAL] - Adding DEU_OIL_ITZEHOE11337 generator to EU-DEU node...
INFO [2024-08-19 14:56:43] [THERMAL] - Adding DEU_OIL_KRAFTWERKHAUSH11399_RAFFINERIEKRAFT11601 generator to EU-DEU node...
INFO [2024-08-19 14:56:44] [THERMAL] - Adding DEU_OIL_WEDEL11792 generator to EU-DEU node...
INFO [2024-08-19 14:56:44] [THERMAL] - Adding DEU_OIL_SPITZENLASTKRAF11703 generator to EU-DEU node...
INFO [2024-08-19 14:56:44] [THERMAL] - Adding DEU_OIL_KRAFTWERKWALHE11413 generator to EU-DEU node...
INFO [2024-08-19 14:56:44] [THERMAL] - Adding DEU_OIL_IKSPCKSCHWEDT11316 generator to EU-DEU node...
INFO [2024-08-19 14:56:44] [THERMAL] - Adding DEU_OIL_KWMITTELSBRE11346 generator to EU-DEU node...
INFO [2024-08-19 14:56:45] [THERMAL] - Adding DEU_OIL_BRUNSBTTEL11000 generator to EU-DEU node...
INFO [2024-08-19 14:56:45] [THERMAL] - Adding DEU_OIL_WILMERSDORF11818 generator to EU-DEU node...
INFO [2024-08-19 14:56:45] [THERMAL] - Adding DEU_OIL_CAPACITY SCALER generator to EU-DEU node...
INFO [2024-08-19 14:56:45] [THERMAL] - Adding DEU_GEO_CAPACITY SCALER generator to EU-DEU node...
INFO [2024-08-19 14:56:45] [THERMAL] - Adding DEU_WAV_CAPACITY SCALER generator to EU-DEU node...
INFO [2024-08-19 14:56:46] [THERMAL] - Adding DEU_OTH_ILKEKT11319 generator to EU-DEU node...
INFO [2024-08-19 14:56:46] [THERMAL] - Adding DEU_OTH_BIOMASSGENERAT10952 generator to EU-DEU node...
INFO [2024-08-19 14:56:46] [THERMAL] - Adding DEU_OTH_HKWWEST11236 generator to EU-DEU node...
INFO [2024-08-19 14:56:46] [THERMAL] - Adding DEU_OTH_DKKRAFTWERK11023 generator to EU-DEU node...
INFO [2024-08-19 14:56:47] [THERMAL] - Adding DEU_OTH_EBSHEIZKRAFTWE11057 generator to EU-DEU node...
INFO [2024-08-19 14:56:47] [THERMAL] - Adding DEU_OTH_OXEAGMBH11555 generator to EU-DEU node...
INFO [2024-08-19 14:56:47] [THERMAL] - Adding DEU_OTH_KRAFTWERKNORD11407 generator to EU-DEU node...
INFO [2024-08-19 14:56:47] [THERMAL] - Adding DEU_OTH_GICHTNATURALGA11145 generator to EU-DEU node...
INFO [2024-08-19 14:56:48] [THERMAL] - Adding DEU_OTH_O1011535 generator to EU-DEU node...
INFO [2024-08-19 14:56:48] [THERMAL] - Adding DEU_OTH_IKW11317 generator to EU-DEU node...
INFO [2024-08-19 14:56:48] [THERMAL] - Adding DEU_OTH_KRAFTWERKSALZG11409 generator to EU-DEU node...
INFO [2024-08-19 14:56:48] [MAIN] - Done adding thermal data! (run time : 0.38min).

INFO [2024-08-19 14:56:48] [MAIN] - Fetching battery data...

INFO [2024-08-19 14:56:48] [STORAGE] - Adding DEU_CHE_IHEMIntelligent251 battery to EU-DEU node...
INFO [2024-08-19 14:56:48] [STORAGE] - Adding DEU_CHE_Web2EnergySmart264 battery to EU-DEU node...
INFO [2024-08-19 14:56:48] [STORAGE] - Adding DEU_CHE_10kW100kWhHaakF228 battery to EU-DEU node...
INFO [2024-08-19 14:56:49] [STORAGE] - Adding DEU_CHE_SmartOperatorWi259 battery to EU-DEU node...
INFO [2024-08-19 14:56:49] [STORAGE] - Adding DEU_CHE_QinousDemonstra254 battery to EU-DEU node...
INFO [2024-08-19 14:56:49] [STORAGE] - Adding DEU_CHE_IntelligentesNe252 battery to EU-DEU node...
INFO [2024-08-19 14:56:49] [STORAGE] - Adding DEU_CHE_CellcubeWilliba238 battery to EU-DEU node...
INFO [2024-08-19 14:56:49] [STORAGE] - Adding DEU_CHE_BatteryEnergySt232_Netlab2Sonderbu253_SmartOperatorWi260 battery to EU-DEU node...
INFO [2024-08-19 14:56:49] [STORAGE] - Adding DEU_CHE_SwagBoschCommun263 battery to EU-DEU node...
INFO [2024-08-19 14:56:49] [STORAGE] - Adding DEU_CHE_CustomerProject239_FastChargingeBu247 battery to EU-DEU node...
INFO [2024-08-19 14:56:49] [STORAGE] - Adding DEU_CHE_HIUPVBatterySys250 battery to EU-DEU node...
INFO [2024-08-19 14:56:49] [STORAGE] - Adding DEU_CHE_SmartOperator257_SmartOperatorKi258 battery to EU-DEU node...
INFO [2024-08-19 14:56:50] [STORAGE] - Adding DEU_CHE_QinousDemonstra255 battery to EU-DEU node...
INFO [2024-08-19 14:56:50] [STORAGE] - Adding DEU_CHE_SmartRegionPell261 battery to EU-DEU node...
INFO [2024-08-19 14:56:50] [STORAGE] - Adding DEU_CHE_YounicosandVatt266 battery to EU-DEU node...
INFO [2024-08-19 14:56:50] [STORAGE] - Adding DEU_CHE_EEBattEnergyNei244 battery to EU-DEU node...
