INFO [2024-07-31 11:15:54] [MAIN] - Creating Etude_sur_R_Monde__2024_07_31_11_15_53 study...

INFO [2024-07-31 11:15:54] [MAIN] - Adding nodes...

INFO [2024-07-31 11:15:55] [NODES] - Adding EU-ALB node...
INFO [2024-07-31 11:15:55] [NODES] - Adding EU-ARM node...
INFO [2024-07-31 11:15:55] [NODES] - Adding EU-AUT node...
INFO [2024-07-31 11:15:55] [NODES] - Adding EU-AZE node...
INFO [2024-07-31 11:15:56] [NODES] - Adding EU-BEL node...
INFO [2024-07-31 11:15:56] [NODES] - Adding EU-BGR node...
INFO [2024-07-31 11:15:56] [NODES] - Adding EU-BIH node...
INFO [2024-07-31 11:15:57] [NODES] - Adding EU-BLR node...
INFO [2024-07-31 11:15:57] [NODES] - Adding EU-CHE node...
INFO [2024-07-31 11:15:57] [NODES] - Adding EU-CYP node...
INFO [2024-07-31 11:15:58] [NODES] - Adding EU-CZE node...
INFO [2024-07-31 11:15:58] [NODES] - Adding EU-DEU node...
INFO [2024-07-31 11:15:58] [NODES] - Adding EU-DNK node...
INFO [2024-07-31 11:15:59] [NODES] - Adding EU-ESP node...
INFO [2024-07-31 11:15:59] [NODES] - Adding EU-EST node...
INFO [2024-07-31 11:15:59] [NODES] - Adding EU-FIN node...
INFO [2024-07-31 11:16:00] [NODES] - Adding EU-FRA node...
INFO [2024-07-31 11:16:00] [NODES] - Adding EU-GBR node...
INFO [2024-07-31 11:16:01] [NODES] - Adding EU-GEO node...
INFO [2024-07-31 11:16:01] [NODES] - Adding EU-GRC node...
INFO [2024-07-31 11:16:01] [NODES] - Adding EU-HRV node...
INFO [2024-07-31 11:16:02] [NODES] - Adding EU-HUN node...
INFO [2024-07-31 11:16:02] [NODES] - Adding EU-IRL node...
INFO [2024-07-31 11:16:03] [NODES] - Adding EU-ISL node...
INFO [2024-07-31 11:16:03] [NODES] - Adding EU-ITA node...
INFO [2024-07-31 11:16:04] [NODES] - Adding EU-KOS node...
INFO [2024-07-31 11:16:04] [NODES] - Adding EU-LTU node...
INFO [2024-07-31 11:16:05] [NODES] - Adding EU-LUX node...
INFO [2024-07-31 11:16:05] [NODES] - Adding EU-LVA node...
INFO [2024-07-31 11:16:06] [NODES] - Adding EU-MDA node...
INFO [2024-07-31 11:16:06] [NODES] - Adding EU-MKD node...
INFO [2024-07-31 11:16:06] [NODES] - Adding EU-MNE node...
INFO [2024-07-31 11:16:07] [NODES] - Adding EU-NLD node...
INFO [2024-07-31 11:16:07] [NODES] - Adding EU-NOR node...
INFO [2024-07-31 11:16:08] [NODES] - Adding EU-POL node...
INFO [2024-07-31 11:16:09] [NODES] - Adding EU-PRT node...
INFO [2024-07-31 11:16:09] [NODES] - Adding EU-ROU node...
INFO [2024-07-31 11:16:10] [NODES] - Adding EU-SRB node...
INFO [2024-07-31 11:16:10] [NODES] - Adding EU-SVK node...
INFO [2024-07-31 11:16:11] [NODES] - Adding EU-SVN node...
INFO [2024-07-31 11:16:11] [NODES] - Adding EU-SWE node...
INFO [2024-07-31 11:16:12] [NODES] - Adding EU-UKR node...
INFO [2024-07-31 11:16:12] [MAIN] - Done adding nodes! (run time : 18.54s).

INFO [2024-07-31 11:16:12] [MAIN] - Adding load data...

INFO [2024-07-31 11:16:15] [LOAD] - Adding EU-ALB load data...
INFO [2024-07-31 11:16:15] [LOAD] - Adding EU-ARM load data...
INFO [2024-07-31 11:16:15] [LOAD] - Adding EU-AUT load data...
INFO [2024-07-31 11:16:15] [LOAD] - Adding EU-AZE load data...
INFO [2024-07-31 11:16:16] [LOAD] - Adding EU-BEL load data...
INFO [2024-07-31 11:16:16] [LOAD] - Adding EU-BGR load data...
INFO [2024-07-31 11:16:16] [LOAD] - Adding EU-BIH load data...
INFO [2024-07-31 11:16:17] [LOAD] - Adding EU-BLR load data...
INFO [2024-07-31 11:16:17] [LOAD] - Adding EU-CHE load data...
INFO [2024-07-31 11:16:17] [LOAD] - Adding EU-CYP load data...
INFO [2024-07-31 11:16:18] [LOAD] - Adding EU-CZE load data...
INFO [2024-07-31 11:16:18] [LOAD] - Adding EU-DEU load data...
INFO [2024-07-31 11:16:18] [LOAD] - Adding EU-DNK load data...
INFO [2024-07-31 11:16:19] [LOAD] - Adding EU-ESP load data...
INFO [2024-07-31 11:16:19] [LOAD] - Adding EU-EST load data...
INFO [2024-07-31 11:16:19] [LOAD] - Adding EU-FIN load data...
INFO [2024-07-31 11:16:20] [LOAD] - Adding EU-FRA load data...
INFO [2024-07-31 11:16:20] [LOAD] - Adding EU-GBR load data...
INFO [2024-07-31 11:16:20] [LOAD] - Adding EU-GEO load data...
INFO [2024-07-31 11:16:21] [LOAD] - Adding EU-GRC load data...
INFO [2024-07-31 11:16:21] [LOAD] - Adding EU-HRV load data...
INFO [2024-07-31 11:16:21] [LOAD] - Adding EU-HUN load data...
INFO [2024-07-31 11:16:22] [LOAD] - Adding EU-IRL load data...
INFO [2024-07-31 11:16:22] [LOAD] - Adding EU-ISL load data...
INFO [2024-07-31 11:16:22] [LOAD] - Adding EU-ITA load data...
INFO [2024-07-31 11:16:23] [LOAD] - Adding EU-KOS load data...
INFO [2024-07-31 11:16:23] [LOAD] - Adding EU-LTU load data...
INFO [2024-07-31 11:16:23] [LOAD] - Adding EU-LUX load data...
INFO [2024-07-31 11:16:23] [LOAD] - Adding EU-LVA load data...
INFO [2024-07-31 11:16:24] [LOAD] - Adding EU-MDA load data...
INFO [2024-07-31 11:16:24] [LOAD] - Adding EU-MKD load data...
INFO [2024-07-31 11:16:24] [LOAD] - Adding EU-MNE load data...
INFO [2024-07-31 11:16:25] [LOAD] - Adding EU-NLD load data...
INFO [2024-07-31 11:16:25] [LOAD] - Adding EU-NOR load data...
INFO [2024-07-31 11:16:25] [LOAD] - Adding EU-POL load data...
INFO [2024-07-31 11:16:25] [LOAD] - Adding EU-PRT load data...
INFO [2024-07-31 11:16:26] [LOAD] - Adding EU-ROU load data...
INFO [2024-07-31 11:16:26] [LOAD] - Adding EU-SRB load data...
INFO [2024-07-31 11:16:26] [LOAD] - Adding EU-SVK load data...
INFO [2024-07-31 11:16:27] [LOAD] - Adding EU-SVN load data...
INFO [2024-07-31 11:16:27] [LOAD] - Adding EU-SWE load data...
INFO [2024-07-31 11:16:27] [LOAD] - Adding EU-UKR load data...
INFO [2024-07-31 11:16:28] [MAIN] - Done adding load data! (run time : 15.14s).

INFO [2024-07-31 11:16:28] [MAIN] - Gathering generator data from PLEXOS...
INFO [2024-07-31 11:16:32] [MAIN] - Done gathering generator data! (run time : 4.25s).

INFO [2024-07-31 11:16:32] [MAIN] - Fetching wind data...

INFO [2024-07-31 11:17:27] [WARN] - Skipped adding wind data for EU-ALB (no generators found in PLEXOS).
INFO [2024-07-31 11:17:27] [WARN] - Skipped adding wind data for EU-ARM (no generators found in PLEXOS).
INFO [2024-07-31 11:17:28] [WIND] - Adding EU-AUT aggregated wind data...
INFO [2024-07-31 11:17:28] [WARN] - Skipped adding wind data for EU-AZE (no generators found in PLEXOS).
INFO [2024-07-31 11:17:28] [WIND] - Adding EU-BEL aggregated wind data...
INFO [2024-07-31 11:17:28] [WIND] - Adding EU-BGR aggregated wind data...
INFO [2024-07-31 11:17:28] [WARN] - Skipped adding wind data for EU-BIH (no generators found in PLEXOS).
INFO [2024-07-31 11:17:28] [WARN] - Skipped adding wind data for EU-BLR (no generators found in PLEXOS).
INFO [2024-07-31 11:17:29] [WIND] - Adding EU-CHE aggregated wind data...
INFO [2024-07-31 11:17:29] [WIND] - Adding EU-CYP aggregated wind data...
INFO [2024-07-31 11:17:29] [WIND] - Adding EU-CZE aggregated wind data...
INFO [2024-07-31 11:17:30] [WIND] - Adding EU-DEU aggregated wind data...
INFO [2024-07-31 11:17:30] [WIND] - Adding EU-DNK aggregated wind data...
INFO [2024-07-31 11:17:30] [WIND] - Adding EU-ESP aggregated wind data...
INFO [2024-07-31 11:17:31] [WIND] - Adding EU-EST aggregated wind data...
INFO [2024-07-31 11:17:31] [WIND] - Adding EU-FIN aggregated wind data...
INFO [2024-07-31 11:17:31] [WIND] - Adding EU-FRA aggregated wind data...
INFO [2024-07-31 11:17:32] [WIND] - Adding EU-GBR aggregated wind data...
INFO [2024-07-31 11:17:32] [WARN] - Skipped adding wind data for EU-GEO (no generators found in PLEXOS).
INFO [2024-07-31 11:17:32] [WIND] - Adding EU-GRC aggregated wind data...
INFO [2024-07-31 11:17:32] [WIND] - Adding EU-HRV aggregated wind data...
INFO [2024-07-31 11:17:33] [WIND] - Adding EU-HUN aggregated wind data...
INFO [2024-07-31 11:17:33] [WIND] - Adding EU-IRL aggregated wind data...
INFO [2024-07-31 11:17:33] [WARN] - Skipped adding wind data for EU-ISL (no generators found in PLEXOS).
INFO [2024-07-31 11:17:33] [WIND] - Adding EU-ITA aggregated wind data...
INFO [2024-07-31 11:17:33] [WARN] - Skipped adding wind data for EU-KOS (no generators found in PLEXOS).
INFO [2024-07-31 11:17:34] [WIND] - Adding EU-LTU aggregated wind data...
INFO [2024-07-31 11:17:34] [WIND] - Adding EU-LUX aggregated wind data...
INFO [2024-07-31 11:17:34] [WIND] - Adding EU-LVA aggregated wind data...
INFO [2024-07-31 11:17:34] [WARN] - Skipped adding wind data for EU-MDA (no generators found in PLEXOS).
INFO [2024-07-31 11:17:34] [WARN] - Skipped adding wind data for EU-MKD (no generators found in PLEXOS).
INFO [2024-07-31 11:17:34] [WARN] - Skipped adding wind data for EU-MNE (no generators found in PLEXOS).
INFO [2024-07-31 11:17:35] [WIND] - Adding EU-NLD aggregated wind data...
INFO [2024-07-31 11:17:35] [WIND] - Adding EU-NOR aggregated wind data...
INFO [2024-07-31 11:17:35] [WIND] - Adding EU-POL aggregated wind data...
INFO [2024-07-31 11:17:36] [WIND] - Adding EU-PRT aggregated wind data...
INFO [2024-07-31 11:17:36] [WIND] - Adding EU-ROU aggregated wind data...
INFO [2024-07-31 11:17:36] [WARN] - Skipped adding wind data for EU-SRB (no generators found in PLEXOS).
INFO [2024-07-31 11:17:36] [WARN] - Skipped adding wind data for EU-SVK (no generators found in PLEXOS).
INFO [2024-07-31 11:17:36] [WARN] - Skipped adding wind data for EU-SVN (no generators found in PLEXOS).
INFO [2024-07-31 11:17:36] [WIND] - Adding EU-SWE aggregated wind data...
INFO [2024-07-31 11:17:37] [WIND] - Adding EU-UKR aggregated wind data...
INFO [2024-07-31 11:17:37] [MAIN] - Done adding wind data! (run time : 64.6s).

INFO [2024-07-31 11:17:37] [MAIN] - Fetching solar PV data...

INFO [2024-07-31 11:17:58] [MAIN] - Fetching thermal data...

INFO [2024-07-31 11:18:00] [THERMAL] - Adding ARM_GAS_CAPACITY SCALER generator to EU-ARM node...
INFO [2024-07-31 11:18:01] [THERMAL] - Adding ARM_GAS_HRAZADAN296 generator to EU-ARM node...
INFO [2024-07-31 11:18:01] [THERMAL] - Adding ARM_GAS_NEWYEREVAN297 generator to EU-ARM node...
INFO [2024-07-31 11:18:01] [THERMAL] - Adding ARM_GAS_YEREVAN302 generator to EU-ARM node...
INFO [2024-07-31 11:18:02] [THERMAL] - Adding ARM_NUC_ARMENIAN2295 generator to EU-ARM node...
INFO [2024-07-31 11:18:02] [THERMAL] - Adding AUT_BIO_CAPACITY SCALER generator to EU-AUT node...
INFO [2024-07-31 11:18:03] [THERMAL] - Adding AUT_COA_CAPACITY SCALER generator to EU-AUT node...
INFO [2024-07-31 11:18:03] [THERMAL] - Adding AUT_GAS_CAPACITY SCALER generator to EU-AUT node...
INFO [2024-07-31 11:18:03] [THERMAL] - Adding AUT_GAS_DONAUSTADT739 generator to EU-AUT node...
INFO [2024-07-31 11:18:04] [THERMAL] - Adding AUT_GAS_SIMMERING807 generator to EU-AUT node...
INFO [2024-07-31 11:18:04] [THERMAL] - Adding AUT_GAS_TIMELKAM816 generator to EU-AUT node...
INFO [2024-07-31 11:18:05] [THERMAL] - Adding AZE_BIO_CAPACITY SCALER generator to EU-AZE node...
INFO [2024-07-31 11:18:05] [THERMAL] - Adding AZE_GAS_ASTARAES835 generator to EU-AZE node...
INFO [2024-07-31 11:18:05] [THERMAL] - Adding AZE_GAS_BAKUES837 generator to EU-AZE node...
INFO [2024-07-31 11:18:06] [THERMAL] - Adding AZE_GAS_BAKUTEC838 generator to EU-AZE node...
INFO [2024-07-31 11:18:06] [THERMAL] - Adding AZE_GAS_CAPACITY SCALER generator to EU-AZE node...
INFO [2024-07-31 11:18:07] [THERMAL] - Adding AZE_GAS_JANUB840 generator to EU-AZE node...
INFO [2024-07-31 11:18:07] [THERMAL] - Adding AZE_GAS_KHACHMAZES841 generator to EU-AZE node...
INFO [2024-07-31 11:18:07] [THERMAL] - Adding AZE_GAS_SANGACHALES843 generator to EU-AZE node...
INFO [2024-07-31 11:18:08] [THERMAL] - Adding AZE_GAS_SHIMAL845 generator to EU-AZE node...
INFO [2024-07-31 11:18:08] [THERMAL] - Adding AZE_GAS_SUMQAYIT846 generator to EU-AZE node...
INFO [2024-07-31 11:18:08] [THERMAL] - Adding BEL_BIO_AWIRS4930 generator to EU-BEL node...
INFO [2024-07-31 11:18:09] [THERMAL] - Adding BEL_BIO_CAPACITY SCALER generator to EU-BEL node...
INFO [2024-07-31 11:18:09] [THERMAL] - Adding BEL_BIO_RODENHUIZE4973 generator to EU-BEL node...
INFO [2024-07-31 11:18:10] [THERMAL] - Adding BEL_COA_LANGERLO1965 generator to EU-BEL node...
INFO [2024-07-31 11:18:10] [THERMAL] - Adding BEL_GAS_AALSTSYRALGT931 generator to EU-BEL node...
INFO [2024-07-31 11:18:11] [THERMAL] - Adding BEL_GAS_AALSTSYRALST932 generator to EU-BEL node...
INFO [2024-07-31 11:18:11] [THERMAL] - Adding BEL_GAS_AMERCOEUR1RT933 generator to EU-BEL node...
