INFO [2024-09-03 11:02:38] [MAIN] - Creating Deane_CO2fix__2024_09_03_11_02_38 study...

INFO [2024-09-03 11:02:38] [MAIN] - Unit commitment mode : ACCURATE
INFO [2024-09-03 11:02:38] [MAIN] - Adding nodes...

INFO [2024-09-03 11:02:40] [NODES] - Adding EU-CHE node...
INFO [2024-09-03 11:02:40] [NODES] - Adding EU-DEU node...
INFO [2024-09-03 11:02:41] [NODES] - Adding EU-FRA node...
INFO [2024-09-03 11:02:41] [MAIN] - Done adding nodes! (run time : 2.64s).

INFO [2024-09-03 11:02:41] [MAIN] - Adding districts...

INFO [2024-09-03 11:02:42] [DISTRICTS] - Creating global district...
INFO [2024-09-03 11:02:42] [DISTRICTS] - Done creating global district!
INFO [2024-09-03 11:02:42] [DISTRICTS] - Creating europe continental district...
INFO [2024-09-03 11:02:42] [DISTRICTS] - Done creating europe continental district!
INFO [2024-09-03 11:02:42] [MAIN] - Done adding districts! (run time : 1.07s).

INFO [2024-09-03 11:02:42] [MAIN] - Adding load data...

INFO [2024-09-03 11:02:44] [LOAD] - Adding EU-CHE load data...
INFO [2024-09-03 11:02:44] [LOAD] - Adding EU-DEU load data...
INFO [2024-09-03 11:02:44] [LOAD] - Adding EU-FRA load data...
INFO [2024-09-03 11:02:44] [MAIN] - Done adding load data! (run time : 1.71s).

INFO [2024-09-03 11:02:44] [MAIN] - Fetching wind data...

INFO [2024-09-03 11:02:44] [WIND] - Adding EU-CHE aggregated wind data...
INFO [2024-09-03 11:02:44] [WIND] - Adding EU-DEU aggregated wind data...
INFO [2024-09-03 11:02:44] [WIND] - Adding EU-FRA aggregated wind data...
INFO [2024-09-03 11:02:44] [MAIN] - Done adding wind data! (run time : 0.32s).

INFO [2024-09-03 11:02:44] [MAIN] - Fetching solar data...

INFO [2024-09-03 11:02:44] [SOLAR] - Adding EU-CHE aggregated solar data...
INFO [2024-09-03 11:02:45] [SOLAR] - Adding EU-DEU aggregated solar data...
INFO [2024-09-03 11:02:45] [SOLAR] - Adding EU-FRA aggregated solar data...
INFO [2024-09-03 11:02:45] [MAIN] - Done adding solar data! (run time : 0.27s).

INFO [2024-09-03 11:02:47] [MAIN] - Beginning hydro implementation...
INFO [2024-09-03 11:02:48] [HYDRO] - Initializing EU-CHE hydro parameters...
INFO [2024-09-03 11:02:49] [HYDRO] - Adding EU-CHE max power timeseries...
INFO [2024-09-03 11:02:49] [HYDRO] - Adding EU-CHE hydro profiles...
INFO [2024-09-03 11:02:50] [HYDRO] - Initializing EU-DEU hydro parameters...
INFO [2024-09-03 11:02:51] [HYDRO] - Adding EU-DEU max power timeseries...
INFO [2024-09-03 11:02:51] [HYDRO] - Adding EU-DEU hydro profiles...
INFO [2024-09-03 11:02:52] [HYDRO] - Initializing EU-FRA hydro parameters...
INFO [2024-09-03 11:02:53] [HYDRO] - Adding EU-FRA max power timeseries...
