INFO [2024-07-30 15:54:45] Full log !
INFO [2024-07-30 15:54:45] Error log!
INFO [2024-07-30 15:54:45] Main log
INFO [2024-07-30 15:54:45] [MAIN] - Creating Etude_sur_R_Monde__2024_07_30_15_54_45 study...

INFO [2024-07-30 15:54:45] [MAIN] - Adding nodes...

INFO [2024-07-30 15:54:45] [NODES] Adding EU-ALB node...

INFO [2024-07-30 15:54:45] [NODES] Adding EU-ARM node...

INFO [2024-07-30 15:54:45] [NODES] Adding EU-AUT node...

INFO [2024-07-30 15:54:46] [NODES] Adding EU-AZE node...

INFO [2024-07-30 15:54:46] [NODES] Adding EU-BEL node...

INFO [2024-07-30 15:54:46] [NODES] Adding EU-BGR node...

INFO [2024-07-30 15:54:47] [NODES] Adding EU-BIH node...

INFO [2024-07-30 15:54:47] [NODES] Adding EU-BLR node...

INFO [2024-07-30 15:54:47] [NODES] Adding EU-CHE node...

INFO [2024-07-30 15:54:47] [NODES] Adding EU-CYP node...

INFO [2024-07-30 15:54:48] [NODES] Adding EU-CZE node...

INFO [2024-07-30 15:54:48] [NODES] Adding EU-DEU node...

INFO [2024-07-30 15:54:48] [NODES] Adding EU-DNK node...

INFO [2024-07-30 15:54:48] [NODES] Adding EU-ESP node...

INFO [2024-07-30 15:54:49] [NODES] Adding EU-EST node...

INFO [2024-07-30 15:54:49] [NODES] Adding EU-FIN node...

INFO [2024-07-30 15:54:49] [NODES] Adding EU-FRA node...

INFO [2024-07-30 15:54:49] [NODES] Adding EU-GBR node...

INFO [2024-07-30 15:54:50] [NODES] Adding EU-GEO node...

INFO [2024-07-30 15:54:50] [NODES] Adding EU-GRC node...

INFO [2024-07-30 15:54:50] [NODES] Adding EU-HRV node...

INFO [2024-07-30 15:54:50] [NODES] Adding EU-HUN node...

INFO [2024-07-30 15:54:51] [NODES] Adding EU-IRL node...

INFO [2024-07-30 15:54:51] [NODES] Adding EU-ISL node...

INFO [2024-07-30 15:54:52] [NODES] Adding EU-ITA node...

INFO [2024-07-30 15:54:52] [NODES] Adding EU-KOS node...

INFO [2024-07-30 15:54:52] [NODES] Adding EU-LTU node...

INFO [2024-07-30 15:54:53] [NODES] Adding EU-LUX node...

INFO [2024-07-30 15:54:53] [NODES] Adding EU-LVA node...

INFO [2024-07-30 15:54:54] [NODES] Adding EU-MDA node...

INFO [2024-07-30 15:54:54] [NODES] Adding EU-MKD node...

INFO [2024-07-30 15:54:54] [NODES] Adding EU-MNE node...

INFO [2024-07-30 15:54:55] [NODES] Adding EU-NLD node...

INFO [2024-07-30 15:54:55] [NODES] Adding EU-NOR node...

INFO [2024-07-30 15:54:56] [NODES] Adding EU-POL node...

INFO [2024-07-30 15:54:56] [NODES] Adding EU-PRT node...

INFO [2024-07-30 15:54:56] [NODES] Adding EU-ROU node...

INFO [2024-07-30 15:54:57] [NODES] Adding EU-SRB node...

INFO [2024-07-30 15:54:57] [NODES] Adding EU-SVK node...

INFO [2024-07-30 15:54:58] [NODES] Adding EU-SVN node...

INFO [2024-07-30 15:54:58] [NODES] Adding EU-SWE node...

INFO [2024-07-30 15:54:58] [NODES] Adding EU-UKR node...

INFO [2024-07-30 15:54:59] [MAIN] - Done adding nodes! (run time : 14.09 s).

