INFO [2024-10-13 15:04:25] [MAIN] - Initializing output folder...
INFO [2024-10-13 15:04:29] [MAIN] - Reading simulations of pre-existing v2_20clu__2024_09_04_22_33_36 study...
INFO [2024-10-13 15:04:29] [MAIN] - Opening 20240905-0707eco-world_vOutages_accurateUCM simulation...
INFO [2024-10-13 15:04:29] [MAIN] - Preparing to compare generation values with Deane...
INFO [2024-10-13 15:04:29] [DEANE] - Saving generation comparisons for africa continent...
INFO [2024-10-13 15:04:30] [DEANE] - Done saving generation comparisons for africa continent!
INFO [2024-10-13 15:04:30] [DEANE] - Saving generation comparisons for asia continent...
INFO [2024-10-13 15:04:30] [DEANE] - Done saving generation comparisons for asia continent!
INFO [2024-10-13 15:04:30] [DEANE] - Saving generation comparisons for europe continent...
INFO [2024-10-13 15:04:31] [DEANE] - Done saving generation comparisons for europe continent!
INFO [2024-10-13 15:04:31] [DEANE] - Saving generation comparisons for north america continent...
INFO [2024-10-13 15:04:31] [DEANE] - Done saving generation comparisons for north america continent!
INFO [2024-10-13 15:04:31] [DEANE] - Saving generation comparisons for oceania continent...
INFO [2024-10-13 15:04:31] [DEANE] - Done saving generation comparisons for oceania continent!
INFO [2024-10-13 15:04:31] [DEANE] - Saving generation comparisons for south america continent...
INFO [2024-10-13 15:04:31] [DEANE] - Done saving generation comparisons for south america continent!
INFO [2024-10-13 15:04:32] [DEANE] - Saving generation comparisons for the world...
INFO [2024-10-13 15:04:32] [DEANE] - Done saving generation comparisons for the world!
INFO [2024-10-13 15:04:32] [MAIN] - Done comparing generation values with Deane! (run time : 2.53 s).

INFO [2024-10-13 15:04:32] [MAIN] - Preparing to compare emissions values with Deane...
INFO [2024-10-13 15:04:32] [DEANE] - Computing continental CO2 emissions in Antares study...
INFO [2024-10-13 15:04:58] [DEANE] - Done computing continental CO2 emissions!
INFO [2024-10-13 15:04:58] [DEANE] - Saving emissions comparisons for africa continent...
INFO [2024-10-13 15:04:58] [DEANE] - Done saving emissions comparisons for africa continent!
INFO [2024-10-13 15:04:58] [DEANE] - Saving emissions comparisons for asia continent...
INFO [2024-10-13 15:04:58] [DEANE] - Done saving emissions comparisons for asia continent!
INFO [2024-10-13 15:04:58] [DEANE] - Saving emissions comparisons for europe continent...
INFO [2024-10-13 15:04:58] [DEANE] - Done saving emissions comparisons for europe continent!
INFO [2024-10-13 15:04:59] [DEANE] - Saving emissions comparisons for north america continent...
INFO [2024-10-13 15:04:59] [DEANE] - Done saving emissions comparisons for north america continent!
INFO [2024-10-13 15:04:59] [DEANE] - Saving emissions comparisons for oceania continent...
INFO [2024-10-13 15:04:59] [DEANE] - Done saving emissions comparisons for oceania continent!
INFO [2024-10-13 15:04:59] [DEANE] - Saving emissions comparisons for south america continent...
INFO [2024-10-13 15:04:59] [DEANE] - Done saving emissions comparisons for south america continent!
INFO [2024-10-13 15:04:59] [DEANE] - Computing world CO2 emissions in Antares study...
INFO [2024-10-13 15:05:25] [DEANE] - Done computing world CO2 emissions!
INFO [2024-10-13 15:05:25] [DEANE] - Saving emissions comparisons for the world...
INFO [2024-10-13 15:05:25] [DEANE] - Done saving emissions comparisons for the world!
INFO [2024-10-13 15:05:25] [MAIN] - Done comparing emissions values with Deane! (run time : 53.25 s).

