INFO [2024-08-05 11:16:02] [MAIN] - Creating Etude_sur_R_Monde__2024_08_05_11_16_01 study...

INFO [2024-08-05 11:16:02] [MAIN] - Adding nodes...

INFO [2024-08-05 11:16:03] [NODES] - Adding EU-CHE node...
INFO [2024-08-05 11:16:04] [NODES] - Adding EU-DEU node...
INFO [2024-08-05 11:16:04] [NODES] - Adding EU-FRA node...
INFO [2024-08-05 11:16:04] [MAIN] - Done adding nodes! (run time : 2.12s).

INFO [2024-08-05 11:16:04] [MAIN] - Adding load data...

INFO [2024-08-05 11:16:05] [LOAD] - Adding EU-CHE load data...
INFO [2024-08-05 11:16:05] [LOAD] - Adding EU-DEU load data...
INFO [2024-08-05 11:16:05] [LOAD] - Adding EU-FRA load data...
INFO [2024-08-05 11:16:05] [MAIN] - Done adding load data! (run time : 1.32s).

INFO [2024-08-05 11:16:05] [MAIN] - Fetching wind data...

INFO [2024-08-05 11:16:05] [WIND] - Adding EU-CHE aggregated wind data...
INFO [2024-08-05 11:16:06] [WIND] - Adding EU-DEU aggregated wind data...
INFO [2024-08-05 11:16:06] [WIND] - Adding EU-FRA aggregated wind data...
INFO [2024-08-05 11:16:06] [MAIN] - Done adding wind data! (run time : 0.23s).

INFO [2024-08-05 11:16:06] [MAIN] - Fetching solar data...

INFO [2024-08-05 11:16:06] [SOLAR] - Adding EU-CHE aggregated solar data...
INFO [2024-08-05 11:16:06] [SOLAR] - Adding EU-DEU aggregated solar data...
INFO [2024-08-05 11:16:06] [SOLAR] - Adding EU-FRA aggregated solar data...
INFO [2024-08-05 11:16:06] [MAIN] - Done adding solar data! (run time : 0.4s).

INFO [2024-08-05 11:16:06] [MAIN] - Fetching thermal data...

INFO [2024-08-05 11:16:09] [THERMAL] - Adding CHE_COA_CAPACITY SCALER generator to EU-CHE node...
INFO [2024-08-05 11:16:09] [THERMAL] - Adding CHE_GAS_CAPACITY SCALER generator to EU-CHE node...
INFO [2024-08-05 11:16:09] [THERMAL] - Adding CHE_NUC_KERNKRAFTWERKB17760 generator to EU-CHE node...
INFO [2024-08-05 11:16:10] [THERMAL] - Adding CHE_NUC_KERNKRAFTWERKG17761 generator to EU-CHE node...
INFO [2024-08-05 11:16:10] [THERMAL] - Adding CHE_NUC_KERNKRAFTWERKL17762 generator to EU-CHE node...
INFO [2024-08-05 11:16:10] [THERMAL] - Adding CHE_NUC_KERNKRAFTWERKM17763 generator to EU-CHE node...
INFO [2024-08-05 11:16:10] [THERMAL] - Adding DEU_COA_ALTBACHPOWERS10887 generator to EU-DEU node...
INFO [2024-08-05 11:16:10] [THERMAL] - Adding DEU_COA_BERGKAMENPOWER10936 generator to EU-DEU node...
INFO [2024-08-05 11:16:10] [THERMAL] - Adding DEU_COA_BERLINMOABITP10938 generator to EU-DEU node...
INFO [2024-08-05 11:16:10] [THERMAL] - Adding DEU_COA_BERLINREUTERP10939 generator to EU-DEU node...
INFO [2024-08-05 11:16:10] [THERMAL] - Adding DEU_COA_BERLINREUTERW10940 generator to EU-DEU node...
INFO [2024-08-05 11:16:10] [THERMAL] - Adding DEU_COA_BOA210982 generator to EU-DEU node...
INFO [2024-08-05 11:16:10] [THERMAL] - Adding DEU_COA_BOXBERGPOWERS10989 generator to EU-DEU node...
INFO [2024-08-05 11:16:10] [THERMAL] - Adding DEU_COA_BRAUNKOHLEKRAFT10993 generator to EU-DEU node...
INFO [2024-08-05 11:16:11] [THERMAL] - Adding DEU_COA_BREMENFARGEPO10995 generator to EU-DEU node...
INFO [2024-08-05 11:16:11] [THERMAL] - Adding DEU_COA_BUERPOWERSTAT11001 generator to EU-DEU node...
INFO [2024-08-05 11:16:11] [THERMAL] - Adding DEU_COA_BUSCHHAUSPOWER11002 generator to EU-DEU node...
INFO [2024-08-05 11:16:11] [THERMAL] - Adding DEU_COA_CHEMIEPARKMARL11011 generator to EU-DEU node...
INFO [2024-08-05 11:16:11] [THERMAL] - Adding DEU_COA_CHEMNITZNORDP11012 generator to EU-DEU node...
INFO [2024-08-05 11:16:11] [THERMAL] - Adding DEU_COA_COALPLANT111015 generator to EU-DEU node...
INFO [2024-08-05 11:16:11] [THERMAL] - Adding DEU_COA_COALPLANT211016 generator to EU-DEU node...
INFO [2024-08-05 11:16:11] [THERMAL] - Adding DEU_COA_COLOGNEMERKENI11018 generator to EU-DEU node...
INFO [2024-08-05 11:16:11] [THERMAL] - Adding DEU_COA_COTTBUSCHPPOW11019 generator to EU-DEU node...
INFO [2024-08-05 11:16:12] [THERMAL] - Adding DEU_COA_DESSAUPOWERST11037 generator to EU-DEU node...
INFO [2024-08-05 11:16:12] [THERMAL] - Adding DEU_COA_DEUBENPOWERST11040 generator to EU-DEU node...
INFO [2024-08-05 11:16:12] [THERMAL] - Adding DEU_COA_EZ111066 generator to EU-DEU node...
INFO [2024-08-05 11:16:12] [THERMAL] - Adding DEU_COA_FKK11104 generator to EU-DEU node...
INFO [2024-08-05 11:16:12] [THERMAL] - Adding DEU_COA_FLENSBURGPOWER11111 generator to EU-DEU node...
INFO [2024-08-05 11:16:12] [MAIN] - Starting simulation__2024_08_05_11_16_12 simulation...
INFO [2024-08-05 11:16:13] [MAIN] - Antares simulation finished! (run time : 0.02min).
 

