INFO [2024-09-09 17:08:55] [MAIN] - Creating clusters_ren__2024_09_09_17_08_55 study...

INFO [2024-09-09 17:08:55] [MAIN] - Unit commitment mode : ACCURATE
INFO [2024-09-09 17:08:55] [MAIN] - Adding nodes...

INFO [2024-09-09 17:08:56] [NODES] - Adding eu-che node...
INFO [2024-09-09 17:08:56] [NODES] - Adding eu-deu node...
INFO [2024-09-09 17:08:56] [NODES] - Adding eu-fra node...
INFO [2024-09-09 17:08:57] [MAIN] - Done adding nodes! (run time : 1.75s).

INFO [2024-09-09 17:08:57] [MAIN] - Adding load data...

INFO [2024-09-09 17:08:58] [LOAD] - Adding eu-che load data...
INFO [2024-09-09 17:08:58] [LOAD] - Adding eu-deu load data...
INFO [2024-09-09 17:08:58] [LOAD] - Adding eu-fra load data...
INFO [2024-09-09 17:08:58] [MAIN] - Done adding load data! (run time : 1s).

INFO [2024-09-09 17:08:58] [MAIN] - Fetching solar data...

INFO [2024-09-09 17:08:59] [WARN] - Properties for aus_sol_liddellsolart507 generator has not been found in PLEXOS data.
INFO [2024-09-09 17:08:59] [WARN] - Properties for chn_sol_datangdelingha5184 generator has not been found in PLEXOS data.
INFO [2024-09-09 17:08:59] [WARN] - Properties for chn_sol_gansudunhuang5424 generator has not been found in PLEXOS data.
INFO [2024-09-09 17:08:59] [WARN] - Properties for chn_sol_innermongolia6200 generator has not been found in PLEXOS data.
INFO [2024-09-09 17:08:59] [WARN] - Properties for chn_sol_qinghaigonghe6862 generator has not been found in PLEXOS data.
INFO [2024-09-09 17:08:59] [SOLAR] - Skipped dnk_sol_lerchenborg8488 generator (inactive in 2015).
INFO [2024-09-09 17:09:00] [SOLAR] - Successfully added fra_sol_agde8830 generator to eu-fra area!
INFO [2024-09-09 17:09:00] [SOLAR] - Successfully added fra_sol_aghione8832 generator to eu-fra area!
INFO [2024-09-09 17:09:00] [SOLAR] - Successfully added fra_sol_aigrefeuilled8834 generator to eu-fra area!
INFO [2024-09-09 17:09:00] [SOLAR] - Successfully added fra_sol_aiguillon8836 generator to eu-fra area!
INFO [2024-09-09 17:09:00] [SOLAR] - Successfully added fra_sol_airesurladou8839 generator to eu-fra area!
INFO [2024-09-09 17:09:00] [SOLAR] - Successfully added fra_sol_aixenprovence8841 generator to eu-fra area!
INFO [2024-09-09 17:09:00] [SOLAR] - Successfully added fra_sol_aizenay8842 generator to eu-fra area!
INFO [2024-09-09 17:09:00] [SOLAR] - Successfully added fra_sol_ajaccio8843 generator to eu-fra area!
INFO [2024-09-09 17:09:00] [SOLAR] - Successfully added fra_sol_albi8846 generator to eu-fra area!
INFO [2024-09-09 17:09:00] [SOLAR] - Successfully added fra_sol_albias8847 generator to eu-fra area!
INFO [2024-09-09 17:09:01] [SOLAR] - Successfully added fra_sol_als8859 generator to eu-fra area!
INFO [2024-09-09 17:09:01] [SOLAR] - Successfully added fra_sol_alria8860 generator to eu-fra area!
INFO [2024-09-09 17:09:01] [SOLAR] - Successfully added fra_sol_ambarsetlag8863 generator to eu-fra area!
INFO [2024-09-09 17:09:01] [SOLAR] - Successfully added fra_sol_anetz8870 generator to eu-fra area!
INFO [2024-09-09 17:09:01] [SOLAR] - Successfully added fra_sol_angers8871 generator to eu-fra area!
INFO [2024-09-09 17:09:01] [SOLAR] - Successfully added fra_sol_anglet8872 generator to eu-fra area!
INFO [2024-09-09 17:09:01] [SOLAR] - Successfully added fra_sol_angoulme8873 generator to eu-fra area!
INFO [2024-09-09 17:09:01] [SOLAR] - Successfully added fra_sol_appietto8880 generator to eu-fra area!
INFO [2024-09-09 17:09:01] [SOLAR] - Successfully added fra_sol_apremont8881 generator to eu-fra area!
INFO [2024-09-09 17:09:02] [SOLAR] - Successfully added fra_sol_arles8895 generator to eu-fra area!
INFO [2024-09-09 17:09:02] [SOLAR] - Successfully added fra_sol_arpajonsurc8898 generator to eu-fra area!
INFO [2024-09-09 17:09:02] [SOLAR] - Successfully added fra_sol_arrassurrhn8900 generator to eu-fra area!
INFO [2024-09-09 17:09:02] [SOLAR] - Successfully added fra_sol_arsac8902 generator to eu-fra area!
INFO [2024-09-09 17:09:02] [SOLAR] - Successfully added fra_sol_aubagne8911 generator to eu-fra area!
INFO [2024-09-09 17:09:02] [SOLAR] - Successfully added fra_sol_aubenas8913 generator to eu-fra area!
INFO [2024-09-09 17:09:02] [SOLAR] - Successfully added fra_sol_aubergenville8914 generator to eu-fra area!
INFO [2024-09-09 17:09:02] [SOLAR] - Successfully added fra_sol_aubusson8916 generator to eu-fra area!
INFO [2024-09-09 17:09:03] [SOLAR] - Successfully added fra_sol_aumontaubrac8920 generator to eu-fra area!
INFO [2024-09-09 17:09:03] [SOLAR] - Successfully added fra_sol_aurel8921 generator to eu-fra area!
INFO [2024-09-09 17:09:03] [SOLAR] - Successfully added fra_sol_auriaclagast8922 generator to eu-fra area!
INFO [2024-09-09 17:09:03] [SOLAR] - Successfully added fra_sol_aurillac8924 generator to eu-fra area!
INFO [2024-09-09 17:09:03] [SOLAR] - Successfully added fra_sol_aussillon8926 generator to eu-fra area!
INFO [2024-09-09 17:09:03] [SOLAR] - Successfully added fra_sol_availleslimouz8931 generator to eu-fra area!
INFO [2024-09-09 17:09:03] [SOLAR] - Successfully added fra_sol_avignon8934 generator to eu-fra area!
INFO [2024-09-09 17:09:03] [SOLAR] - Successfully added fra_sol_avignonetlaura8936 generator to eu-fra area!
INFO [2024-09-09 17:09:03] [SOLAR] - Successfully added fra_sol_avonlesroches8937 generator to eu-fra area!
INFO [2024-09-09 17:09:04] [SOLAR] - Successfully added fra_sol_baiemahault8955 generator to eu-fra area!
INFO [2024-09-09 17:09:04] [SOLAR] - Successfully added fra_sol_barbaste8966 generator to eu-fra area!
INFO [2024-09-09 17:09:04] [SOLAR] - Successfully added fra_sol_basseterre8970 generator to eu-fra area!
INFO [2024-09-09 17:09:04] [SOLAR] - Successfully added fra_sol_bastelicaccia8972 generator to eu-fra area!
INFO [2024-09-09 17:09:04] [SOLAR] - Successfully added fra_sol_batilly8973 generator to eu-fra area!
INFO [2024-09-09 17:09:04] [SOLAR] - Successfully added fra_sol_beaucaire8979 generator to eu-fra area!
INFO [2024-09-09 17:09:04] [SOLAR] - Successfully added fra_sol_beaumontdelom8985 generator to eu-fra area!
INFO [2024-09-09 17:09:04] [SOLAR] - Successfully added fra_sol_bellegarde8992 generator to eu-fra area!
INFO [2024-09-09 17:09:05] [SOLAR] - Successfully added fra_sol_bellocsaintcl8993 generator to eu-fra area!
INFO [2024-09-09 17:09:05] [SOLAR] - Successfully added fra_sol_belvzet8994 generator to eu-fra area!
INFO [2024-09-09 17:09:05] [SOLAR] - Successfully added fra_sol_benet8998 generator to eu-fra area!
INFO [2024-09-09 17:09:05] [SOLAR] - Successfully added fra_sol_benotville8999 generator to eu-fra area!
INFO [2024-09-09 17:09:05] [SOLAR] - Successfully added fra_sol_berdoues9000 generator to eu-fra area!
INFO [2024-09-09 17:09:05] [SOLAR] - Successfully added fra_sol_besanon9004 generator to eu-fra area!
INFO [2024-09-09 17:09:05] [SOLAR] - Successfully added fra_sol_bessan9005 generator to eu-fra area!
INFO [2024-09-09 17:09:05] [SOLAR] - Successfully added fra_sol_besset9006 generator to eu-fra area!
INFO [2024-09-09 17:09:06] [SOLAR] - Successfully added fra_sol_bessges9009 generator to eu-fra area!
INFO [2024-09-09 17:09:06] [SOLAR] - Successfully added fra_sol_beynat9013 generator to eu-fra area!
INFO [2024-09-09 17:09:06] [SOLAR] - Successfully added fra_sol_blanquefort9019 generator to eu-fra area!
INFO [2024-09-09 17:09:06] [SOLAR] - Successfully added fra_sol_blauvac9021 generator to eu-fra area!
INFO [2024-09-09 17:09:06] [SOLAR] - Successfully added fra_sol_blavozy9022 generator to eu-fra area!
INFO [2024-09-09 17:09:06] [SOLAR] - Successfully added fra_sol_boissires9024 generator to eu-fra area!
INFO [2024-09-09 17:09:06] [SOLAR] - Successfully added fra_sol_bollne9027 generator to eu-fra area!
INFO [2024-09-09 17:09:07] [SOLAR] - Successfully added fra_sol_bonifacio9028 generator to eu-fra area!
INFO [2024-09-09 17:09:07] [SOLAR] - Successfully added fra_sol_bonnat9030 generator to eu-fra area!
INFO [2024-09-09 17:09:07] [SOLAR] - Successfully added fra_sol_bonnemain9031 generator to eu-fra area!
INFO [2024-09-09 17:09:07] [SOLAR] - Successfully added fra_sol_bonneuilmatour9034 generator to eu-fra area!
INFO [2024-09-09 17:09:07] [SOLAR] - Successfully added fra_sol_boos9039 generator to eu-fra area!
INFO [2024-09-09 17:09:07] [SOLAR] - Successfully added fra_sol_bordeaux9041 generator to eu-fra area!
INFO [2024-09-09 17:09:07] [SOLAR] - Skipped fra_sol_borgo9042 generator (inactive in 2015).
INFO [2024-09-09 17:09:07] [SOLAR] - Successfully added fra_sol_bouillargues9047 generator to eu-fra area!
INFO [2024-09-09 17:09:07] [SOLAR] - Successfully added fra_sol_bouloc9050 generator to eu-fra area!
INFO [2024-09-09 17:09:08] [SOLAR] - Successfully added fra_sol_bourgbarr9054 generator to eu-fra area!
INFO [2024-09-09 17:09:08] [SOLAR] - Successfully added fra_sol_bourges9055 generator to eu-fra area!
INFO [2024-09-09 17:09:08] [SOLAR] - Successfully added fra_sol_bourgneufenma9056 generator to eu-fra area!
INFO [2024-09-09 17:09:08] [SOLAR] - Successfully added fra_sol_boussac9062 generator to eu-fra area!
INFO [2024-09-09 17:09:08] [SOLAR] - Successfully added fra_sol_boutdupontde9063 generator to eu-fra area!
INFO [2024-09-09 17:09:08] [SOLAR] - Successfully added fra_sol_bozouls9069 generator to eu-fra area!
INFO [2024-09-09 17:09:08] [SOLAR] - Successfully added fra_sol_bo9070 generator to eu-fra area!
INFO [2024-09-09 17:09:09] [SOLAR] - Successfully added fra_sol_bram9073 generator to eu-fra area!
INFO [2024-09-09 17:09:09] [SOLAR] - Successfully added fra_sol_braspanon9074 generator to eu-fra area!
INFO [2024-09-09 17:09:09] [SOLAR] - Successfully added fra_sol_bressols9079 generator to eu-fra area!
INFO [2024-09-09 17:09:09] [SOLAR] - Successfully added fra_sol_bressuire9081 generator to eu-fra area!
INFO [2024-09-09 17:09:09] [SOLAR] - Successfully added fra_sol_breuvannesenb9083 generator to eu-fra area!
INFO [2024-09-09 17:09:09] [SOLAR] - Successfully added fra_sol_briec9086 generator to eu-fra area!
INFO [2024-09-09 17:09:10] [SOLAR] - Successfully added fra_sol_brignoles9087 generator to eu-fra area!
INFO [2024-09-09 17:09:10] [SOLAR] - Successfully added fra_sol_brion9089 generator to eu-fra area!
INFO [2024-09-09 17:09:10] [SOLAR] - Successfully added fra_sol_brivelagailla9091 generator to eu-fra area!
INFO [2024-09-09 17:09:10] [SOLAR] - Successfully added fra_sol_brognon9092 generator to eu-fra area!
INFO [2024-09-09 17:09:10] [SOLAR] - Successfully added fra_sol_buzetsurbas9099 generator to eu-fra area!
INFO [2024-09-09 17:09:10] [SOLAR] - Successfully added fra_sol_bdarieux9101 generator to eu-fra area!
INFO [2024-09-09 17:09:11] [SOLAR] - Successfully added fra_sol_btheniville9103 generator to eu-fra area!
INFO [2024-09-09 17:09:11] [SOLAR] - Successfully added fra_sol_bziers9104 generator to eu-fra area!
INFO [2024-09-09 17:09:11] [SOLAR] - Successfully added fra_sol_cabasse9120 generator to eu-fra area!
INFO [2024-09-09 17:09:11] [SOLAR] - Successfully added fra_sol_caissargues9123 generator to eu-fra area!
INFO [2024-09-09 17:09:11] [SOLAR] - Successfully added fra_sol_calenzana9129 generator to eu-fra area!
INFO [2024-09-09 17:09:11] [SOLAR] - Successfully added fra_sol_callian9131 generator to eu-fra area!
INFO [2024-09-09 17:09:11] [SOLAR] - Successfully added fra_sol_calmont9132 generator to eu-fra area!
INFO [2024-09-09 17:09:12] [SOLAR] - Successfully added fra_sol_camars9133 generator to eu-fra area!
INFO [2024-09-09 17:09:12] [SOLAR] - Successfully added fra_sol_cancon9141 generator to eu-fra area!
INFO [2024-09-09 17:09:12] [SOLAR] - Successfully added fra_sol_cannes9144 generator to eu-fra area!
INFO [2024-09-09 17:09:12] [SOLAR] - Successfully added fra_sol_capesterrebell9146 generator to eu-fra area!
INFO [2024-09-09 17:09:12] [SOLAR] - Successfully added fra_sol_capesterredem9147 generator to eu-fra area!
INFO [2024-09-09 17:09:12] [SOLAR] - Successfully added fra_sol_carcassonne9148 generator to eu-fra area!
INFO [2024-09-09 17:09:12] [SOLAR] - Successfully added fra_sol_carcenponson9149 generator to eu-fra area!
INFO [2024-09-09 17:09:13] [SOLAR] - Successfully added fra_sol_carpentras9151 generator to eu-fra area!
INFO [2024-09-09 17:09:13] [SOLAR] - Successfully added fra_sol_carros9152 generator to eu-fra area!
INFO [2024-09-09 17:09:13] [SOLAR] - Successfully added fra_sol_casteljaloux9155 generator to eu-fra area!
INFO [2024-09-09 17:09:13] [SOLAR] - Successfully added fra_sol_castelnaudest9159 generator to eu-fra area!
INFO [2024-09-09 17:09:13] [SOLAR] - Successfully added fra_sol_castelnaulele9160 generator to eu-fra area!
INFO [2024-09-09 17:09:13] [SOLAR] - Successfully added fra_sol_castelnaudary9161 generator to eu-fra area!
INFO [2024-09-09 17:09:14] [SOLAR] - Successfully added fra_sol_castets9163 generator to eu-fra area!
INFO [2024-09-09 17:09:14] [SOLAR] - Successfully added fra_sol_castifao9164 generator to eu-fra area!
INFO [2024-09-09 17:09:14] [SOLAR] - Successfully added fra_sol_castres9169 generator to eu-fra area!
INFO [2024-09-09 17:09:14] [SOLAR] - Successfully added fra_sol_caussade9174 generator to eu-fra area!
INFO [2024-09-09 17:09:14] [SOLAR] - Successfully added fra_sol_cavaillon9177 generator to eu-fra area!
INFO [2024-09-09 17:09:14] [SOLAR] - Successfully added fra_sol_cayenne9178 generator to eu-fra area!
INFO [2024-09-09 17:09:15] [SOLAR] - Successfully added fra_sol_cernay9182 generator to eu-fra area!
INFO [2024-09-09 17:09:15] [SOLAR] - Successfully added fra_sol_cestas9184 generator to eu-fra area!
INFO [2024-09-09 17:09:15] [SOLAR] - Successfully added fra_sol_chaillac9186 generator to eu-fra area!
INFO [2024-09-09 17:09:15] [SOLAR] - Successfully added fra_sol_challans9187 generator to eu-fra area!
INFO [2024-09-09 17:09:15] [SOLAR] - Successfully added fra_sol_chambonchard9189 generator to eu-fra area!
INFO [2024-09-09 17:09:15] [SOLAR] - Successfully added fra_sol_chambry9190 generator to eu-fra area!
INFO [2024-09-09 17:09:16] [SOLAR] - Successfully added fra_sol_champagnles9192 generator to eu-fra area!
INFO [2024-09-09 17:09:16] [SOLAR] - Successfully added fra_sol_chantonnay9201 generator to eu-fra area!
INFO [2024-09-09 17:09:16] [SOLAR] - Successfully added fra_sol_charleval9204 generator to eu-fra area!
INFO [2024-09-09 17:09:16] [SOLAR] - Successfully added fra_sol_charroux9210 generator to eu-fra area!
INFO [2024-09-09 17:09:16] [SOLAR] - Successfully added fra_sol_chasseneuilsur9212 generator to eu-fra area!
INFO [2024-09-09 17:09:17] [SOLAR] - Successfully added fra_sol_chatuzangeleg9215 generator to eu-fra area!
INFO [2024-09-09 17:09:17] [SOLAR] - Successfully added fra_sol_chauch9216 generator to eu-fra area!
INFO [2024-09-09 17:09:17] [SOLAR] - Successfully added fra_sol_chemillmelay9223 generator to eu-fra area!
INFO [2024-09-09 17:09:17] [SOLAR] - Successfully added fra_sol_cholet9228 generator to eu-fra area!
INFO [2024-09-09 17:09:17] [SOLAR] - Successfully added fra_sol_chteaurenard9233 generator to eu-fra area!
INFO [2024-09-09 17:09:18] [SOLAR] - Successfully added fra_sol_chtellerault9236 generator to eu-fra area!
INFO [2024-09-09 17:09:18] [SOLAR] - Successfully added fra_sol_clamart9248 generator to eu-fra area!
INFO [2024-09-09 17:09:18] [SOLAR] - Successfully added fra_sol_clermontferran9250 generator to eu-fra area!
INFO [2024-09-09 17:09:18] [SOLAR] - Successfully added fra_sol_clermontlhr9252 generator to eu-fra area!
INFO [2024-09-09 17:09:18] [SOLAR] - Successfully added fra_sol_clisson9253 generator to eu-fra area!
INFO [2024-09-09 17:09:19] [SOLAR] - Successfully added fra_sol_clon9255 generator to eu-fra area!
INFO [2024-09-09 17:09:19] [SOLAR] - Successfully added fra_sol_colmar9260 generator to eu-fra area!
INFO [2024-09-09 17:09:19] [SOLAR] - Successfully added fra_sol_colomiers9261 generator to eu-fra area!
INFO [2024-09-09 17:09:19] [SOLAR] - Successfully added fra_sol_condom9264 generator to eu-fra area!
INFO [2024-09-09 17:09:19] [SOLAR] - Successfully added fra_sol_corbires9271 generator to eu-fra area!
INFO [2024-09-09 17:09:20] [SOLAR] - Successfully added fra_sol_corcousurlo9272 generator to eu-fra area!
INFO [2024-09-09 17:09:20] [SOLAR] - Successfully added fra_sol_corneilladelv9276 generator to eu-fra area!
INFO [2024-09-09 17:09:20] [SOLAR] - Successfully added fra_sol_corte9280 generator to eu-fra area!
INFO [2024-09-09 17:09:20] [SOLAR] - Successfully added fra_sol_cotichiavari9281 generator to eu-fra area!
INFO [2024-09-09 17:09:21] [SOLAR] - Successfully added fra_sol_cotignac9282 generator to eu-fra area!
INFO [2024-09-09 17:09:21] [SOLAR] - Successfully added fra_sol_coulon9284 generator to eu-fra area!
INFO [2024-09-09 17:09:21] [SOLAR] - Successfully added fra_sol_cournondauver9293 generator to eu-fra area!
INFO [2024-09-09 17:09:21] [SOLAR] - Successfully added fra_sol_courtisols9294 generator to eu-fra area!
INFO [2024-09-09 17:09:22] [SOLAR] - Successfully added fra_sol_couteuges9295 generator to eu-fra area!
INFO [2024-09-09 17:09:22] [SOLAR] - Successfully added fra_sol_cruas9308 generator to eu-fra area!
INFO [2024-09-09 17:09:22] [SOLAR] - Successfully added fra_sol_cruceyvillages9309 generator to eu-fra area!
INFO [2024-09-09 17:09:22] [SOLAR] - Successfully added fra_sol_cugeslespins9317 generator to eu-fra area!
INFO [2024-09-09 17:09:23] [SOLAR] - Successfully added fra_sol_cuincy9318 generator to eu-fra area!
INFO [2024-09-09 17:09:23] [SOLAR] - Successfully added fra_sol_curbans9320 generator to eu-fra area!
INFO [2024-09-09 17:09:23] [SOLAR] - Successfully added fra_sol_curires9321 generator to eu-fra area!
INFO [2024-09-09 17:09:23] [SOLAR] - Successfully added fra_sol_damazan9330 generator to eu-fra area!
INFO [2024-09-09 17:09:24] [SOLAR] - Successfully added fra_sol_daumazansurar9334 generator to eu-fra area!
INFO [2024-09-09 17:09:24] [SOLAR] - Successfully added fra_sol_digoin9339 generator to eu-fra area!
INFO [2024-09-09 17:09:24] [SOLAR] - Successfully added fra_sol_dijon9340 generator to eu-fra area!
INFO [2024-09-09 17:09:24] [SOLAR] - Successfully added fra_sol_diou9344 generator to eu-fra area!
INFO [2024-09-09 17:09:25] [SOLAR] - Successfully added fra_sol_distr9346 generator to eu-fra area!
INFO [2024-09-09 17:09:25] [SOLAR] - Successfully added fra_sol_draguignan9354 generator to eu-fra area!
INFO [2024-09-09 17:09:25] [SOLAR] - Successfully added fra_sol_ducos9359 generator to eu-fra area!
INFO [2024-09-09 17:09:26] [SOLAR] - Successfully added fra_sol_duppigheim9361 generator to eu-fra area!
INFO [2024-09-09 17:09:26] [SOLAR] - Successfully added fra_sol_durance9362 generator to eu-fra area!
INFO [2024-09-09 17:09:26] [SOLAR] - Successfully added fra_sol_eauze9366 generator to eu-fra area!
INFO [2024-09-09 17:09:26] [SOLAR] - Successfully added fra_sol_ebersheim9367 generator to eu-fra area!
INFO [2024-09-09 17:09:27] [SOLAR] - Successfully added fra_sol_elne9370 generator to eu-fra area!
INFO [2024-09-09 17:09:27] [SOLAR] - Successfully added fra_sol_embrun9371 generator to eu-fra area!
INFO [2024-09-09 17:09:27] [SOLAR] - Successfully added fra_sol_ennezat9373 generator to eu-fra area!
INFO [2024-09-09 17:09:27] [SOLAR] - Successfully added fra_sol_esparrondever9382 generator to eu-fra area!
INFO [2024-09-09 17:09:28] [SOLAR] - Successfully added fra_sol_espinasses9384 generator to eu-fra area!
INFO [2024-09-09 17:09:28] [SOLAR] - Successfully added fra_sol_estzargues9387 generator to eu-fra area!
INFO [2024-09-09 17:09:28] [SOLAR] - Successfully added fra_sol_eymeux9390 generator to eu-fra area!
INFO [2024-09-09 17:09:28] [SOLAR] - Successfully added fra_sol_fabrgues9395 generator to eu-fra area!
INFO [2024-09-09 17:09:29] [SOLAR] - Successfully added fra_sol_farguessurour9398 generator to eu-fra area!
INFO [2024-09-09 17:09:29] [SOLAR] - Successfully added fra_sol_feldkirch9402 generator to eu-fra area!
INFO [2024-09-09 17:09:29] [SOLAR] - Successfully added fra_sol_ferrassires9405 generator to eu-fra area!
INFO [2024-09-09 17:09:29] [SOLAR] - Successfully added fra_sol_figanires9412 generator to eu-fra area!
INFO [2024-09-09 17:09:29] [SOLAR] - Successfully added fra_sol_filstroff9414 generator to eu-fra area!
INFO [2024-09-09 17:09:30] [SOLAR] - Successfully added fra_sol_flassanssuris9417 generator to eu-fra area!
INFO [2024-09-09 17:09:30] [SOLAR] - Successfully added fra_sol_flavin9418 generator to eu-fra area!
INFO [2024-09-09 17:09:30] [SOLAR] - Successfully added fra_sol_florensac9420 generator to eu-fra area!
INFO [2024-09-09 17:09:30] [SOLAR] - Successfully added fra_sol_fontenet9425 generator to eu-fra area!
INFO [2024-09-09 17:09:31] [SOLAR] - Successfully added fra_sol_fontenilles9426 generator to eu-fra area!
INFO [2024-09-09 17:09:31] [SOLAR] - Successfully added fra_sol_fortdefrance9429 generator to eu-fra area!
INFO [2024-09-09 17:09:31] [SOLAR] - Successfully added fra_sol_fossurmer9432 generator to eu-fra area!
INFO [2024-09-09 17:09:31] [SOLAR] - Successfully added fra_sol_fougerollesdu9435 generator to eu-fra area!
INFO [2024-09-09 17:09:31] [SOLAR] - Successfully added fra_sol_fougres9436 generator to eu-fra area!
INFO [2024-09-09 17:09:32] [SOLAR] - Successfully added fra_sol_frontignan9453 generator to eu-fra area!
INFO [2024-09-09 17:09:32] [SOLAR] - Successfully added fra_sol_frjus9455 generator to eu-fra area!
INFO [2024-09-09 17:09:32] [SOLAR] - Successfully added fra_sol_fuveau9459 generator to eu-fra area!
INFO [2024-09-09 17:09:33] [SOLAR] - Successfully added fra_sol_frechampenoi9460 generator to eu-fra area!
INFO [2024-09-09 17:09:33] [SOLAR] - Successfully added fra_sol_fniers9462 generator to eu-fra area!
INFO [2024-09-09 17:09:33] [SOLAR] - Successfully added fra_sol_gaillac9469 generator to eu-fra area!
