INFO [2024-09-04 09:45:27] [MAIN] - Creating v2_test__2024_09_04_09_45_26 study...

INFO [2024-09-04 09:45:27] [MAIN] - Unit commitment mode : ACCURATE
INFO [2024-09-04 09:45:27] [MAIN] - Adding nodes...

INFO [2024-09-04 09:45:29] [MAIN] - Done adding nodes! (run time : 2.27s).

INFO [2024-09-04 09:45:29] [MAIN] - Adding districts...

INFO [2024-09-04 09:45:30] [MAIN] - Done adding districts! (run time : 0.75s).

INFO [2024-09-04 09:45:30] [MAIN] - Adding load data...

INFO [2024-09-04 09:45:31] [MAIN] - Done adding load data! (run time : 1.07s).

INFO [2024-09-04 09:45:31] [MAIN] - Fetching wind data...

INFO [2024-09-04 09:45:31] [MAIN] - Done adding wind data! (run time : 0.19s).

INFO [2024-09-04 09:45:31] [MAIN] - Fetching solar data...

INFO [2024-09-04 09:45:31] [MAIN] - Done adding solar data! (run time : 0.18s).

INFO [2024-09-04 09:45:32] [MAIN] - Beginning hydro implementation...
INFO [2024-09-04 09:45:36] [MAIN] - Done adding hydro!
INFO [2024-09-04 09:45:36] [MAIN] - Fetching thermal data...
INFO [2024-09-04 09:45:38] [MAIN] - Aggregating identical generators...
INFO [2024-09-04 09:45:38] [MAIN] - Running 10-clustering algorithm on generators...
INFO [2024-09-04 09:45:38] [MAIN] - Done running 10-clustering algorithm on generators!

INFO [2024-09-04 09:46:01] [MAIN] - Done adding thermal data! (run time : 0.42min).

INFO [2024-09-04 09:46:01] [MAIN] - Fetching battery data...

INFO [2024-09-04 09:46:02] [MAIN] - Aggregating identical batteries...
