INFO [2024-09-04 15:07:01] [MAIN] - Reading simulations of pre-existing Deane_testWorld_v1__2024_08_25_21_23_09 study...
INFO [2024-09-04 15:07:03] [MAIN] - Opening 20240826-0706eco-fastUCM_worldDistrict simulation...
INFO [2024-09-04 15:07:04] [MAIN] - Preparing to compare generation values with Deane...
INFO [2024-09-04 15:07:04] [DEANE] - Saving generation comparisons for africa continent...
INFO [2024-09-04 15:07:05] [DEANE] - Done saving generation comparisons for africa continent!
INFO [2024-09-04 15:07:05] [DEANE] - Saving generation comparisons for asia continent...
INFO [2024-09-04 15:07:06] [DEANE] - Done saving generation comparisons for asia continent!
INFO [2024-09-04 15:07:06] [DEANE] - Saving generation comparisons for europe continent...
INFO [2024-09-04 15:07:07] [DEANE] - Done saving generation comparisons for europe continent!
INFO [2024-09-04 15:07:07] [DEANE] - Saving generation comparisons for north america continent...
INFO [2024-09-04 15:07:08] [DEANE] - Done saving generation comparisons for north america continent!
INFO [2024-09-04 15:07:08] [DEANE] - Saving generation comparisons for oceania continent...
INFO [2024-09-04 15:07:09] [DEANE] - Done saving generation comparisons for oceania continent!
INFO [2024-09-04 15:07:09] [DEANE] - Saving generation comparisons for south america continent...
INFO [2024-09-04 15:07:10] [DEANE] - Done saving generation comparisons for south america continent!
INFO [2024-09-04 15:07:10] [MAIN] - Done comparing generation values with Deane! (run time : 5.87 s).

INFO [2024-09-04 15:07:10] [MAIN] - Preparing to compare emissions values with Deane...
INFO [2024-09-04 15:07:10] [DEANE] - Computing continental CO2 emissions in Antares study...
INFO [2024-09-04 15:08:20] [DEANE] - Done computing continental CO2 emissions!
INFO [2024-09-04 15:08:21] [DEANE] - Saving emissions comparisons for africa continent...
INFO [2024-09-04 15:08:21] [DEANE] - Done saving emissions comparisons for africa continent!
INFO [2024-09-04 15:08:21] [DEANE] - Saving emissions comparisons for asia continent...
INFO [2024-09-04 15:08:22] [DEANE] - Done saving emissions comparisons for asia continent!
INFO [2024-09-04 15:08:22] [DEANE] - Saving emissions comparisons for europe continent...
INFO [2024-09-04 15:08:22] [DEANE] - Done saving emissions comparisons for europe continent!
INFO [2024-09-04 15:08:22] [DEANE] - Saving emissions comparisons for north america continent...
INFO [2024-09-04 15:08:23] [DEANE] - Done saving emissions comparisons for north america continent!
INFO [2024-09-04 15:08:23] [DEANE] - Saving emissions comparisons for oceania continent...
INFO [2024-09-04 15:08:24] [DEANE] - Done saving emissions comparisons for oceania continent!
INFO [2024-09-04 15:08:24] [DEANE] - Saving emissions comparisons for south america continent...
INFO [2024-09-04 15:08:24] [DEANE] - Done saving emissions comparisons for south america continent!
INFO [2024-09-04 15:08:24] [MAIN] - Done comparing emissions values with Deane! (run time : 74.59 s).

