INFO [2024-10-09 20:44:16] [MAIN] - Initializing output folder...
INFO [2024-10-09 20:44:21] [MAIN] - Creating WorldT20B5 UniformVoLL v3 study...

INFO [2024-10-09 20:44:21] [MAIN] - Initializing output folder...
INFO [2024-10-09 20:44:24] [MAIN] - Unit commitment mode : ACCURATE
INFO [2024-10-09 20:44:25] [MAIN] - Adding nodes...

INFO [2024-10-09 20:48:29] [MAIN] - Done adding nodes! (run time : 243.8s).

INFO [2024-10-09 20:48:29] [MAIN] - Adding districts...

INFO [2024-10-09 20:48:48] [MAIN] - Done adding districts! (run time : 19.61s).

INFO [2024-10-09 20:48:48] [MAIN] - Adding load data...

INFO [2024-10-09 20:52:51] [MAIN] - Done adding load data! (run time : 243.05s).

INFO [2024-10-09 20:52:51] [MAIN] - Fetching wind data...

INFO [2024-10-09 20:55:13] [WIND] - Saving aggregated wind data to output folder...
INFO [2024-10-09 20:55:37] [WIND] - Done saving aggregated wind data to output folder!
INFO [2024-10-09 20:55:37] [MAIN] - Done adding wind data! (run time : 165.71s).

INFO [2024-10-09 20:55:37] [MAIN] - Fetching solar data...

INFO [2024-10-09 20:58:03] [MAIN] - Done adding solar data! (run time : 146.38s).

INFO [2024-10-09 20:58:03] [MAIN] - Beginning hydro implementation...
INFO [2024-10-09 21:12:36] [MAIN] - Done adding hydro!
INFO [2024-10-09 21:12:36] [MAIN] - Fetching thermal data...
INFO [2024-10-09 23:48:53] [MAIN] - Done adding thermal data! (run time : 156.28min).

INFO [2024-10-09 23:48:53] [MAIN] - Fetching battery data...

INFO [2024-10-09 23:48:53] [MAIN] - Aggregating identical batteries...
INFO [2024-10-09 23:48:53] [MAIN] - Running 5-clustering algorithm on batteries...
INFO [2024-10-09 23:48:59] [MAIN] - Done running 5-clustering algorithm on batteries!

INFO [2024-10-10 00:23:31] [MAIN] - Done adding battery data! (run time : 34.64min).

INFO [2024-10-10 00:23:31] [MAIN] - Adding lines between areas...

INFO [2024-10-10 00:32:55] [MAIN] - Done adding lines! (run time : 564.21s).

INFO [2024-10-10 00:32:55] [MAIN] - Finished setting up Antares study! (run time : 228.58min).
 

