INFO [2024-07-31 13:28:24] [MAIN] - Creating Etude_sur_R_Monde__2024_07_31_13_28_23 study...

INFO [2024-07-31 13:28:24] [MAIN] - Adding nodes...

INFO [2024-07-31 13:28:25] [NODES] - Adding EU-CHE node...
INFO [2024-07-31 13:28:25] [NODES] - Adding EU-DEU node...
INFO [2024-07-31 13:28:25] [NODES] - Adding EU-FRA node...
INFO [2024-07-31 13:28:25] [WARN] - Could not create node EU-FRA - skipping and continuing...
INFO [2024-07-31 13:28:25] [MAIN] - Done adding nodes! (run time : 1.19s).

INFO [2024-07-31 13:28:25] [MAIN] - Adding load data...

INFO [2024-07-31 13:28:27] [LOAD] - Adding EU-CHE load data...
INFO [2024-07-31 13:28:27] [LOAD] - Adding EU-DEU load data...
INFO [2024-07-31 13:28:28] [LOAD] - Adding EU-FRA load data...
INFO [2024-07-31 13:28:28] [WARN] - Could not add load data to EU-FRA node, skipping...
INFO [2024-07-31 13:28:28] [MAIN] - Done adding load data! (run time : 2.08s).

INFO [2024-07-31 13:28:28] [MAIN] - Gathering generator data from PLEXOS...
INFO [2024-07-31 13:28:32] [MAIN] - Done gathering generator data! (run time : 4.34s).

INFO [2024-07-31 13:28:32] [MAIN] - Fetching wind data...

INFO [2024-07-31 13:29:26] [WIND] - Adding EU-CHE aggregated wind data...
INFO [2024-07-31 13:29:26] [WIND] - Adding EU-DEU aggregated wind data...
INFO [2024-07-31 13:29:26] [WARN] - Skipped adding wind data for EU-FRA (no generators found in PLEXOS).
INFO [2024-07-31 13:29:26] [MAIN] - Done adding wind data! (run time : 54.4s).

INFO [2024-07-31 13:29:26] [MAIN] - Fetching solar PV data...

