INFO [2024-09-12 15:00:34] [MAIN] - Creating EU_full_agg__2024_09_12_15_00_34 study...

INFO [2024-09-12 15:00:34] [MAIN] - Initializing output folder...
INFO [2024-09-12 15:00:34] [MAIN] - Unit commitment mode : ACCURATE
INFO [2024-09-12 15:00:34] [MAIN] - Adding nodes...

INFO [2024-09-12 15:00:36] [NODES] - Adding eu-alb node...
INFO [2024-09-12 15:00:36] [NODES] - Adding eu-arm node...
INFO [2024-09-12 15:00:36] [NODES] - Adding eu-aut node...
INFO [2024-09-12 15:00:36] [NODES] - Adding eu-aze node...
INFO [2024-09-12 15:00:37] [NODES] - Adding eu-bel node...
INFO [2024-09-12 15:00:37] [NODES] - Adding eu-bgr node...
INFO [2024-09-12 15:00:37] [NODES] - Adding eu-bih node...
INFO [2024-09-12 15:00:37] [NODES] - Adding eu-blr node...
INFO [2024-09-12 15:00:37] [NODES] - Adding eu-che node...
INFO [2024-09-12 15:00:38] [NODES] - Adding eu-cyp node...
INFO [2024-09-12 15:00:38] [NODES] - Adding eu-cze node...
INFO [2024-09-12 15:00:38] [NODES] - Adding eu-deu node...
INFO [2024-09-12 15:00:38] [NODES] - Adding eu-dnk node...
INFO [2024-09-12 15:00:39] [NODES] - Adding eu-esp node...
INFO [2024-09-12 15:00:39] [NODES] - Adding eu-est node...
INFO [2024-09-12 15:00:39] [NODES] - Adding eu-fin node...
INFO [2024-09-12 15:00:40] [NODES] - Adding eu-fra node...
INFO [2024-09-12 15:00:40] [NODES] - Adding eu-gbr node...
INFO [2024-09-12 15:00:40] [NODES] - Adding eu-geo node...
INFO [2024-09-12 15:00:40] [NODES] - Adding eu-grc node...
INFO [2024-09-12 15:00:41] [NODES] - Adding eu-hrv node...
INFO [2024-09-12 15:00:41] [NODES] - Adding eu-hun node...
INFO [2024-09-12 15:00:41] [NODES] - Adding eu-irl node...
INFO [2024-09-12 15:00:42] [NODES] - Adding eu-isl node...
INFO [2024-09-12 15:00:42] [NODES] - Adding eu-ita node...
INFO [2024-09-12 15:00:42] [NODES] - Adding eu-kos node...
INFO [2024-09-12 15:00:43] [NODES] - Adding eu-ltu node...
INFO [2024-09-12 15:00:43] [NODES] - Adding eu-lux node...
INFO [2024-09-12 15:00:43] [NODES] - Adding eu-lva node...
INFO [2024-09-12 15:00:44] [NODES] - Adding eu-mda node...
INFO [2024-09-12 15:00:44] [NODES] - Adding eu-mkd node...
INFO [2024-09-12 15:00:45] [NODES] - Adding eu-mne node...
INFO [2024-09-12 15:00:45] [NODES] - Adding eu-nld node...
INFO [2024-09-12 15:00:45] [NODES] - Adding eu-nor node...
INFO [2024-09-12 15:00:46] [NODES] - Adding eu-pol node...
INFO [2024-09-12 15:00:46] [NODES] - Adding eu-prt node...
INFO [2024-09-12 15:00:46] [NODES] - Adding eu-rou node...
INFO [2024-09-12 15:00:47] [NODES] - Adding eu-srb node...
INFO [2024-09-12 15:00:47] [NODES] - Adding eu-svk node...
INFO [2024-09-12 15:00:48] [NODES] - Adding eu-svn node...
INFO [2024-09-12 15:00:48] [NODES] - Adding eu-swe node...
INFO [2024-09-12 15:00:48] [NODES] - Adding eu-ukr node...
INFO [2024-09-12 15:00:49] [MAIN] - Done adding nodes! (run time : 14.76s).

INFO [2024-09-12 15:00:49] [MAIN] - Adding districts...

INFO [2024-09-12 15:00:49] [DISTRICTS] - Creating global district...
INFO [2024-09-12 15:00:50] [DISTRICTS] - Done creating global district!
INFO [2024-09-12 15:00:50] [DISTRICTS] - Creating europe continental district...
INFO [2024-09-12 15:00:50] [DISTRICTS] - Done creating europe continental district!
INFO [2024-09-12 15:00:50] [MAIN] - Done adding districts! (run time : 1.38s).

INFO [2024-09-12 15:00:50] [MAIN] - Adding load data...

INFO [2024-09-12 15:00:52] [LOAD] - Adding eu-alb load data...
INFO [2024-09-12 15:00:52] [LOAD] - Adding eu-arm load data...
INFO [2024-09-12 15:00:53] [LOAD] - Adding eu-aut load data...
INFO [2024-09-12 15:00:53] [LOAD] - Adding eu-aze load data...
INFO [2024-09-12 15:00:53] [LOAD] - Adding eu-bel load data...
INFO [2024-09-12 15:00:53] [LOAD] - Adding eu-bgr load data...
INFO [2024-09-12 15:00:54] [LOAD] - Adding eu-bih load data...
INFO [2024-09-12 15:00:54] [LOAD] - Adding eu-blr load data...
INFO [2024-09-12 15:00:54] [LOAD] - Adding eu-che load data...
INFO [2024-09-12 15:00:54] [LOAD] - Adding eu-cyp load data...
INFO [2024-09-12 15:00:55] [LOAD] - Adding eu-cze load data...
INFO [2024-09-12 15:00:55] [LOAD] - Adding eu-deu load data...
INFO [2024-09-12 15:00:55] [LOAD] - Adding eu-dnk load data...
INFO [2024-09-12 15:00:55] [LOAD] - Adding eu-esp load data...
INFO [2024-09-12 15:00:55] [LOAD] - Adding eu-est load data...
INFO [2024-09-12 15:00:56] [LOAD] - Adding eu-fin load data...
INFO [2024-09-12 15:00:56] [LOAD] - Adding eu-fra load data...
INFO [2024-09-12 15:00:56] [LOAD] - Adding eu-gbr load data...
INFO [2024-09-12 15:00:56] [LOAD] - Adding eu-geo load data...
INFO [2024-09-12 15:00:57] [LOAD] - Adding eu-grc load data...
INFO [2024-09-12 15:00:57] [LOAD] - Adding eu-hrv load data...
INFO [2024-09-12 15:00:57] [LOAD] - Adding eu-hun load data...
INFO [2024-09-12 15:00:57] [LOAD] - Adding eu-irl load data...
INFO [2024-09-12 15:00:57] [LOAD] - Adding eu-isl load data...
INFO [2024-09-12 15:00:58] [LOAD] - Adding eu-ita load data...
INFO [2024-09-12 15:00:58] [LOAD] - Adding eu-kos load data...
INFO [2024-09-12 15:00:58] [LOAD] - Adding eu-ltu load data...
INFO [2024-09-12 15:00:58] [LOAD] - Adding eu-lux load data...
INFO [2024-09-12 15:00:59] [LOAD] - Adding eu-lva load data...
INFO [2024-09-12 15:00:59] [LOAD] - Adding eu-mda load data...
INFO [2024-09-12 15:00:59] [LOAD] - Adding eu-mkd load data...
INFO [2024-09-12 15:00:59] [LOAD] - Adding eu-mne load data...
INFO [2024-09-12 15:00:59] [LOAD] - Adding eu-nld load data...
INFO [2024-09-12 15:01:00] [LOAD] - Adding eu-nor load data...
INFO [2024-09-12 15:01:00] [LOAD] - Adding eu-pol load data...
INFO [2024-09-12 15:01:00] [LOAD] - Adding eu-prt load data...
INFO [2024-09-12 15:01:01] [LOAD] - Adding eu-rou load data...
INFO [2024-09-12 15:01:01] [LOAD] - Adding eu-srb load data...
INFO [2024-09-12 15:01:01] [LOAD] - Adding eu-svk load data...
INFO [2024-09-12 15:01:01] [LOAD] - Adding eu-svn load data...
INFO [2024-09-12 15:01:01] [LOAD] - Adding eu-swe load data...
INFO [2024-09-12 15:01:02] [LOAD] - Adding eu-ukr load data...
INFO [2024-09-12 15:01:02] [MAIN] - Done adding load data! (run time : 11.58s).

INFO [2024-09-12 15:01:02] [MAIN] - Fetching wind data...

INFO [2024-09-12 15:01:02] [WARN] - Skipped adding wind data for eu-alb (no generators found in PLEXOS).
INFO [2024-09-12 15:01:02] [WARN] - Skipped adding wind data for eu-arm (no generators found in PLEXOS).
INFO [2024-09-12 15:01:02] [WIND] - Adding eu-aut aggregated wind data...
INFO [2024-09-12 15:01:02] [WARN] - Skipped adding wind data for eu-aze (no generators found in PLEXOS).
INFO [2024-09-12 15:01:02] [WIND] - Adding eu-bel aggregated wind data...
INFO [2024-09-12 15:01:03] [WIND] - Adding eu-bgr aggregated wind data...
INFO [2024-09-12 15:01:03] [WARN] - Skipped adding wind data for eu-bih (no generators found in PLEXOS).
INFO [2024-09-12 15:01:03] [WARN] - Skipped adding wind data for eu-blr (no generators found in PLEXOS).
INFO [2024-09-12 15:01:03] [WIND] - Adding eu-che aggregated wind data...
INFO [2024-09-12 15:01:03] [WIND] - Adding eu-cyp aggregated wind data...
INFO [2024-09-12 15:01:03] [WIND] - Adding eu-cze aggregated wind data...
INFO [2024-09-12 15:01:04] [WIND] - Adding eu-deu aggregated wind data...
INFO [2024-09-12 15:01:04] [WIND] - Adding eu-dnk aggregated wind data...
INFO [2024-09-12 15:01:04] [WIND] - Adding eu-esp aggregated wind data...
INFO [2024-09-12 15:01:04] [WIND] - Adding eu-est aggregated wind data...
INFO [2024-09-12 15:01:05] [WIND] - Adding eu-fin aggregated wind data...
INFO [2024-09-12 15:01:05] [WIND] - Adding eu-fra aggregated wind data...
INFO [2024-09-12 15:01:05] [WIND] - Adding eu-gbr aggregated wind data...
INFO [2024-09-12 15:01:05] [WARN] - Skipped adding wind data for eu-geo (no generators found in PLEXOS).
INFO [2024-09-12 15:01:05] [WIND] - Adding eu-grc aggregated wind data...
INFO [2024-09-12 15:01:06] [WIND] - Adding eu-hrv aggregated wind data...
INFO [2024-09-12 15:01:06] [WIND] - Adding eu-hun aggregated wind data...
INFO [2024-09-12 15:01:06] [WIND] - Adding eu-irl aggregated wind data...
INFO [2024-09-12 15:01:06] [WARN] - Skipped adding wind data for eu-isl (no generators found in PLEXOS).
INFO [2024-09-12 15:01:06] [WIND] - Adding eu-ita aggregated wind data...
INFO [2024-09-12 15:01:06] [WARN] - Skipped adding wind data for eu-kos (no generators found in PLEXOS).
INFO [2024-09-12 15:01:06] [WIND] - Adding eu-ltu aggregated wind data...
INFO [2024-09-12 15:01:07] [WIND] - Adding eu-lux aggregated wind data...
INFO [2024-09-12 15:01:07] [WIND] - Adding eu-lva aggregated wind data...
INFO [2024-09-12 15:01:07] [WARN] - Skipped adding wind data for eu-mda (no generators found in PLEXOS).
INFO [2024-09-12 15:01:07] [WARN] - Skipped adding wind data for eu-mkd (no generators found in PLEXOS).
INFO [2024-09-12 15:01:07] [WARN] - Skipped adding wind data for eu-mne (no generators found in PLEXOS).
INFO [2024-09-12 15:01:07] [WIND] - Adding eu-nld aggregated wind data...
INFO [2024-09-12 15:01:07] [WIND] - Adding eu-nor aggregated wind data...
INFO [2024-09-12 15:01:08] [WIND] - Adding eu-pol aggregated wind data...
INFO [2024-09-12 15:01:08] [WIND] - Adding eu-prt aggregated wind data...
INFO [2024-09-12 15:01:08] [WIND] - Adding eu-rou aggregated wind data...
INFO [2024-09-12 15:01:08] [WARN] - Skipped adding wind data for eu-srb (no generators found in PLEXOS).
INFO [2024-09-12 15:01:08] [WARN] - Skipped adding wind data for eu-svk (no generators found in PLEXOS).
INFO [2024-09-12 15:01:08] [WARN] - Skipped adding wind data for eu-svn (no generators found in PLEXOS).
INFO [2024-09-12 15:01:08] [WIND] - Adding eu-swe aggregated wind data...
INFO [2024-09-12 15:01:09] [WIND] - Adding eu-ukr aggregated wind data...
INFO [2024-09-12 15:01:09] [WIND] - Saving aggregated wind data to output folder...
INFO [2024-09-12 15:01:09] [MAIN] - Starting accrate_test simulation...
INFO [2024-09-12 15:01:26] [MAIN] - Opening latest simulation...
INFO [2024-09-12 15:01:27] [MAIN] - Preparing to compare generation values with Deane...
