INFO [2024-09-09 19:11:13] [MAIN] - Creating FRA_aggRES__2024_09_09_19_11_13 study...

INFO [2024-09-09 19:11:13] [MAIN] - Unit commitment mode : ACCURATE
INFO [2024-09-09 19:11:14] [MAIN] - Adding nodes...

INFO [2024-09-09 19:11:15] [NODES] - Adding eu-fra node...
INFO [2024-09-09 19:11:15] [MAIN] - Done adding nodes! (run time : 1.63s).

INFO [2024-09-09 19:11:15] [MAIN] - Adding districts...

INFO [2024-09-09 19:11:16] [DISTRICTS] - Creating global district...
INFO [2024-09-09 19:11:16] [DISTRICTS] - Done creating global district!
INFO [2024-09-09 19:11:16] [DISTRICTS] - Creating europe continental district...
INFO [2024-09-09 19:11:16] [DISTRICTS] - Done creating europe continental district!
INFO [2024-09-09 19:11:16] [MAIN] - Done adding districts! (run time : 0.91s).

INFO [2024-09-09 19:11:16] [MAIN] - Adding load data...

INFO [2024-09-09 19:11:17] [LOAD] - Adding eu-fra load data...
INFO [2024-09-09 19:11:17] [MAIN] - Done adding load data! (run time : 1.15s).

INFO [2024-09-09 19:11:17] [MAIN] - Fetching wind data...

INFO [2024-09-09 19:11:18] [WIND] - Adding eu-fra aggregated wind data...
INFO [2024-09-09 19:11:18] [MAIN] - Done adding wind data! (run time : 0.16s).

INFO [2024-09-09 19:11:18] [MAIN] - Fetching solar data...

INFO [2024-09-09 19:11:18] [SOLAR] - Adding eu-fra aggregated solar data...
INFO [2024-09-09 19:11:18] [MAIN] - Done adding solar data! (run time : 0.14s).

INFO [2024-09-09 19:11:18] [MAIN] - Beginning hydro implementation...
INFO [2024-09-09 19:11:19] [HYDRO] - Initializing eu-fra hydro parameters...
INFO [2024-09-09 19:11:20] [HYDRO] - Adding eu-fra max power timeseries...
INFO [2024-09-09 19:11:20] [HYDRO] - Adding eu-fra hydro profiles...
INFO [2024-09-09 19:11:20] [MAIN] - Done adding hydro!
INFO [2024-09-09 19:11:20] [MAIN] - Adding lines between areas...

INFO [2024-09-09 19:11:21] [WARN] - Generation of all lines failed (perhaps there are no connections?), skipping...
INFO [2024-09-09 19:11:21] [MAIN] - Done adding lines! (run time : 0.33s).

INFO [2024-09-09 19:11:21] [MAIN] - Finished setting up Antares study! (run time : 0.13min).
 

INFO [2024-09-09 19:11:21] [MAIN] - Starting renewableTest simulation...
INFO [2024-09-09 19:11:31] [MAIN] - Antares simulation finished! (run time : 0.16min).
 

