INFO [2024-09-03 17:46:19] [MAIN] - Creating Deane_CHEDEUFRA-yesActivateTS__2024_09_03_17_46_19 study...

INFO [2024-09-03 17:46:19] [MAIN] - Unit commitment mode : ACCURATE
INFO [2024-09-03 17:46:20] [MAIN] - Adding nodes...

INFO [2024-09-03 17:46:23] [NODES] - Adding EU-CHE node...
INFO [2024-09-03 17:46:23] [NODES] - Adding EU-DEU node...
INFO [2024-09-03 17:46:24] [NODES] - Adding EU-FRA node...
INFO [2024-09-03 17:46:24] [MAIN] - Done adding nodes! (run time : 4.3s).

INFO [2024-09-03 17:46:24] [MAIN] - Adding districts...

INFO [2024-09-03 17:46:25] [DISTRICTS] - Creating global district...
INFO [2024-09-03 17:46:25] [DISTRICTS] - Done creating global district!
INFO [2024-09-03 17:46:25] [DISTRICTS] - Creating europe continental district...
INFO [2024-09-03 17:46:25] [DISTRICTS] - Done creating europe continental district!
INFO [2024-09-03 17:46:26] [MAIN] - Done adding districts! (run time : 1.4s).

INFO [2024-09-03 17:46:26] [MAIN] - Adding load data...

INFO [2024-09-03 17:46:28] [LOAD] - Adding EU-CHE load data...
INFO [2024-09-03 17:46:28] [LOAD] - Adding EU-DEU load data...
INFO [2024-09-03 17:46:28] [LOAD] - Adding EU-FRA load data...
INFO [2024-09-03 17:46:28] [MAIN] - Done adding load data! (run time : 2.23s).

INFO [2024-09-03 17:46:28] [MAIN] - Fetching wind data...

INFO [2024-09-03 17:46:28] [WIND] - Adding EU-CHE aggregated wind data...
INFO [2024-09-03 17:46:28] [WIND] - Adding EU-DEU aggregated wind data...
INFO [2024-09-03 17:46:28] [WIND] - Adding EU-FRA aggregated wind data...
INFO [2024-09-03 17:46:28] [MAIN] - Done adding wind data! (run time : 0.42s).

INFO [2024-09-03 17:46:28] [MAIN] - Fetching solar data...

INFO [2024-09-03 17:46:29] [SOLAR] - Adding EU-CHE aggregated solar data...
INFO [2024-09-03 17:46:29] [SOLAR] - Adding EU-DEU aggregated solar data...
INFO [2024-09-03 17:46:29] [SOLAR] - Adding EU-FRA aggregated solar data...
INFO [2024-09-03 17:46:29] [MAIN] - Done adding solar data! (run time : 0.41s).

INFO [2024-09-03 17:46:29] [MAIN] - Beginning hydro implementation...
INFO [2024-09-03 17:46:30] [HYDRO] - Initializing EU-CHE hydro parameters...
INFO [2024-09-03 17:46:31] [HYDRO] - Adding EU-CHE max power timeseries...
INFO [2024-09-03 17:46:32] [HYDRO] - Adding EU-CHE hydro profiles...
INFO [2024-09-03 17:46:33] [HYDRO] - Initializing EU-DEU hydro parameters...
INFO [2024-09-03 17:46:34] [HYDRO] - Adding EU-DEU max power timeseries...
INFO [2024-09-03 17:46:35] [HYDRO] - Adding EU-DEU hydro profiles...
INFO [2024-09-03 17:46:36] [HYDRO] - Initializing EU-FRA hydro parameters...
INFO [2024-09-03 17:46:37] [HYDRO] - Adding EU-FRA max power timeseries...
INFO [2024-09-03 17:46:37] [HYDRO] - Adding EU-FRA hydro profiles...
INFO [2024-09-03 17:46:37] [MAIN] - Done adding hydro!
INFO [2024-09-03 17:46:37] [MAIN] - Fetching thermal data...
INFO [2024-09-03 17:46:41] [MAIN] - Aggregating identical generators...
INFO [2024-09-03 17:46:41] [MAIN] - Running 1-clustering algorithm on generators...
INFO [2024-09-03 17:46:42] [MAIN] - Done running 1-clustering algorithm on generators!

INFO [2024-09-03 17:46:42] [THERMAL] - Adding CHE_GAS_CAPACITYSCALER generator to EU-CHE node...
INFO [2024-09-03 17:46:42] [THERMAL] - Adding CHE_COA_CAPACITYSCALER generator to EU-CHE node...
INFO [2024-09-03 17:46:42] [THERMAL] - Adding CHE_BIO_CAPACITYSCALER generator to EU-CHE node...
INFO [2024-09-03 17:46:42] [THERMAL] - Adding CHE_NUC_KERNKRAFTWERKB17760_KERNKRAFTWERKM17763_KERNKRAFTWER generator to EU-CHE node...
INFO [2024-09-03 17:46:43] [THERMAL] - Adding CHE_OIL_CAPACITYSCALER generator to EU-CHE node...
INFO [2024-09-03 17:46:43] [THERMAL] - Adding DEU_GAS_KESSEL211371_ERWEITERUNGENE11099_BHKWANKLINKER10911_ generator to EU-DEU node...
INFO [2024-09-03 17:46:43] [THERMAL] - Adding DEU_COA_KESSEL411372_KRAFTWERK11391_HKWKARCHERSTR_11214_KOHL generator to EU-DEU node...
INFO [2024-09-03 17:46:43] [THERMAL] - Adding DEU_BIO_BLOCKHEIZKRAFTW10981_ZWSF11844_BIOMASSGENERAT10951_M generator to EU-DEU node...
INFO [2024-09-03 17:46:43] [THERMAL] - Adding DEU_NUC_GROHNDE11162_NECKARWESTHEIM11499_EMSLAND11062_PHILIP generator to EU-DEU node...
INFO [2024-09-03 17:46:43] [THERMAL] - Adding DEU_OIL_DKWLEINAU11024_DKWNORD11025_SKWDIESEL11650_SPITZENLA generator to EU-DEU node...
INFO [2024-09-03 17:46:43] [THERMAL] - Adding DEU_GEO_CAPACITYSCALER generator to EU-DEU node...
INFO [2024-09-03 17:46:44] [THERMAL] - Adding DEU_WAV_CAPACITYSCALER generator to EU-DEU node...
INFO [2024-09-03 17:46:44] [THERMAL] - Adding DEU_OTH_ILKEKT11319_BIOMASSGENERAT10952_HKWWEST11236_DKKRAFT generator to EU-DEU node...
INFO [2024-09-03 17:46:44] [THERMAL] - Adding FRA_GAS_GENNEVILLIERS19464_PONTSURSAMBRE10198_CROIXDEMETZ930 generator to EU-FRA node...
INFO [2024-09-03 17:46:44] [THERMAL] - Adding FRA_COA_LUCY39603_CAPACITYSCALER_EMILEHUCHET9364_CORDEMAIS49 generator to EU-FRA node...
INFO [2024-09-03 17:46:44] [THERMAL] - Adding FRA_BIO_ALLEMANT8850_AMANVILLERS8862_AUCH8917_BIMONT9017_BOR generator to EU-FRA node...
INFO [2024-09-03 17:46:44] [THERMAL] - Adding FRA_NUC_STLAURENT10330_CHINON9109_BLAYAIS8945_CRUAS9118_TRIC generator to EU-FRA node...
INFO [2024-09-03 17:46:45] [THERMAL] - Adding FRA_OIL_BRENNILIS8950_DIRINON9327_ARRIGHI8823_CORDEMAIS9115_ generator to EU-FRA node...
INFO [2024-09-03 17:46:45] [THERMAL] - Adding FRA_GEO_BOUILLANTE9046 generator to EU-FRA node...
INFO [2024-09-03 17:46:45] [THERMAL] - Adding FRA_WAV_RANCE10241_CAPACITYSCALER generator to EU-FRA node...
INFO [2024-09-03 17:46:47] [MAIN] - Done adding thermal data! (run time : 0.17min).

INFO [2024-09-03 17:46:47] [MAIN] - Fetching battery data...

INFO [2024-09-03 17:46:47] [MAIN] - Aggregating identical batteries...
INFO [2024-09-03 17:46:48] [STORAGE] - Adding CHE_CHE_SwissDualCircui104 battery to EU-CHE node...
INFO [2024-09-03 17:46:48] [STORAGE] - Adding CHE_CHE_50kW60kWhEnergy99_Passivhaus50kW1103 battery to EU-CHE node...
INFO [2024-09-03 17:46:48] [STORAGE] - Adding CHE_CHE_CKWESpeicherWer100 battery to EU-CHE node...
INFO [2024-09-03 17:46:48] [STORAGE] - Adding CHE_CHE_LausannePolytec102 battery to EU-CHE node...
INFO [2024-09-03 17:46:48] [STORAGE] - Adding CHE_CHE_EPFLLeclancheDi101 battery to EU-CHE node...
INFO [2024-09-03 17:46:48] [STORAGE] - Adding CHE_CHE_TheZurichDietik105 battery to EU-CHE node...
INFO [2024-09-03 17:46:49] [STORAGE] - Adding CHE_PHS_OvaSpinPumpedHy119 battery to EU-CHE node...
INFO [2024-09-03 17:46:49] [STORAGE] - Adding CHE_PHS_Handeck3PumpedH112 battery to EU-CHE node...
INFO [2024-09-03 17:46:49] [STORAGE] - Adding CHE_PHS_EtzelwerkPumped107 battery to EU-CHE node...
INFO [2024-09-03 17:46:49] [STORAGE] - Adding CHE_PHS_TierfehdNestilP121 battery to EU-CHE node...
INFO [2024-09-03 17:46:49] [STORAGE] - Adding CHE_PHS_RobieiPumpedHyd120 battery to EU-CHE node...
INFO [2024-09-03 17:46:50] [STORAGE] - Adding CHE_PHS_GougraPumpedHyd109 battery to EU-CHE node...
INFO [2024-09-03 17:46:50] [STORAGE] - Adding CHE_PHS_FerreraPumpedHy108 battery to EU-CHE node...
INFO [2024-09-03 17:46:50] [STORAGE] - Adding CHE_PHS_HongrinLemanPum113 battery to EU-CHE node...
INFO [2024-09-03 17:46:50] [STORAGE] - Adding CHE_PHS_VeytauxFMHLPump122 battery to EU-CHE node...
INFO [2024-09-03 17:46:51] [STORAGE] - Adding CHE_PHS_Grimsel2PumpedH110 battery to EU-CHE node...
INFO [2024-09-03 17:46:51] [STORAGE] - Adding CHE_PHS_EmossonPumpedHy106 battery to EU-CHE node...
INFO [2024-09-03 17:46:51] [STORAGE] - Adding CHE_PHS_MapraggPumpedHy117 battery to EU-CHE node...
INFO [2024-09-03 17:46:51] [STORAGE] - Adding CHE_PHS_LinthLimmernPum116 battery to EU-CHE node...
INFO [2024-09-03 17:46:52] [STORAGE] - Adding CHE_PHS_Grimsel3PumpedH111 battery to EU-CHE node...
INFO [2024-09-03 17:46:52] [STORAGE] - Adding CHE_PHS_NantdeDrancePum118 battery to EU-CHE node...
INFO [2024-09-03 17:46:52] [STORAGE] - Adding CHE_PHS_LagoBiancoPumpe114_Linthal2015Lint115 battery to EU-CHE node...
INFO [2024-09-03 17:46:52] [STORAGE] - Adding DEU_CHE_IHEMIntelligent251 battery to EU-DEU node...
INFO [2024-09-03 17:46:53] [STORAGE] - Adding DEU_CHE_Web2EnergySmart264 battery to EU-DEU node...
INFO [2024-09-03 17:46:53] [STORAGE] - Adding DEU_CHE_10kW100kWhHaakF228 battery to EU-DEU node...
INFO [2024-09-03 17:46:53] [STORAGE] - Adding DEU_CHE_SmartOperatorWi259 battery to EU-DEU node...
INFO [2024-09-03 17:46:53] [STORAGE] - Adding DEU_CHE_QinousDemonstra254 battery to EU-DEU node...
INFO [2024-09-03 17:46:54] [STORAGE] - Adding DEU_CHE_IntelligentesNe252 battery to EU-DEU node...
INFO [2024-09-03 17:46:54] [STORAGE] - Adding DEU_CHE_CellcubeWilliba238 battery to EU-DEU node...
INFO [2024-09-03 17:46:54] [STORAGE] - Adding DEU_CHE_BatteryEnergySt232_Netlab2Sonderbu253_SmartOperatorW battery to EU-DEU node...
INFO [2024-09-03 17:46:55] [STORAGE] - Adding DEU_CHE_SwagBoschCommun263 battery to EU-DEU node...
INFO [2024-09-03 17:46:55] [STORAGE] - Adding DEU_CHE_CustomerProject239_FastChargingeBu247 battery to EU-DEU node...
INFO [2024-09-03 17:46:55] [STORAGE] - Adding DEU_CHE_HIUPVBatterySys250 battery to EU-DEU node...
INFO [2024-09-03 17:46:56] [STORAGE] - Adding DEU_CHE_SmartOperator257_SmartOperatorKi258 battery to EU-DEU node...
INFO [2024-09-03 17:46:56] [STORAGE] - Adding DEU_CHE_QinousDemonstra255 battery to EU-DEU node...
INFO [2024-09-03 17:46:56] [STORAGE] - Adding DEU_CHE_SmartRegionPell261 battery to EU-DEU node...
INFO [2024-09-03 17:46:57] [STORAGE] - Adding DEU_CHE_YounicosandVatt266 battery to EU-DEU node...
INFO [2024-09-03 17:46:57] [STORAGE] - Adding DEU_CHE_EEBattEnergyNei244 battery to EU-DEU node...
INFO [2024-09-03 17:46:57] [STORAGE] - Adding DEU_CHE_250kW1MWhElCheW231_BatteryEnergySt233 battery to EU-DEU node...
INFO [2024-09-03 17:46:57] [STORAGE] - Adding DEU_CHE_DMGGildemeister241 battery to EU-DEU node...
INFO [2024-09-03 17:46:58] [STORAGE] - Adding DEU_CHE_BoschBraderupES235 battery to EU-DEU node...
INFO [2024-09-03 17:46:58] [STORAGE] - Adding DEU_CHE_SmartRegionPell262 battery to EU-DEU node...
INFO [2024-09-03 17:46:58] [STORAGE] - Adding DEU_CHE_EnerconWindTurb245 battery to EU-DEU node...
INFO [2024-09-03 17:46:59] [STORAGE] - Adding DEU_CHE_1MWLESSYVolklin230 battery to EU-DEU node...
INFO [2024-09-03 17:46:59] [STORAGE] - Adding DEU_CHE_YounicosandVatt267 battery to EU-DEU node...
INFO [2024-09-03 17:46:59] [STORAGE] - Adding DEU_CHE_CatervaSWARM237 battery to EU-DEU node...
INFO [2024-09-03 17:47:00] [STORAGE] - Adding DEU_CHE_EnergyBufferUni246 battery to EU-DEU node...
INFO [2024-09-03 17:47:00] [STORAGE] - Adding DEU_CHE_RedoxWindTheFra256 battery to EU-DEU node...
INFO [2024-09-03 17:47:00] [STORAGE] - Adding DEU_CHE_BoschBraderupES236_DREWAGReick2MWP242 battery to EU-DEU node...
INFO [2024-09-03 17:47:01] [STORAGE] - Adding DEU_CHE_Drverden3MWBatt243 battery to EU-DEU node...
INFO [2024-09-03 17:47:01] [STORAGE] - Adding DEU_CHE_BESSNeuhardenbe234 battery to EU-DEU node...
INFO [2024-09-03 17:47:01] [STORAGE] - Adding DEU_CHE_FeldheimRegiona248 battery to EU-DEU node...
INFO [2024-09-03 17:47:02] [STORAGE] - Adding DEU_CHE_Daimler2ndLifeS240 battery to EU-DEU node...
INFO [2024-09-03 17:47:02] [STORAGE] - Adding DEU_CHE_15MWEnergyStora229 battery to EU-DEU node...
INFO [2024-09-03 17:47:03] [STORAGE] - Adding DEU_CHE_WEMAGSchwerinBa265 battery to EU-DEU node...
INFO [2024-09-03 17:47:03] [STORAGE] - Adding DEU_CHE_GermanyResident249 battery to EU-DEU node...
INFO [2024-09-03 17:47:04] [STORAGE] - Adding DEU_THE_JulichSolarTowe302 battery to EU-DEU node...
INFO [2024-09-03 17:47:04] [STORAGE] - Adding DEU_HYD_ThgaDemonstrati273 battery to EU-DEU node...
INFO [2024-09-03 17:47:04] [STORAGE] - Adding DEU_HYD_EnBWStuttgartHy270 battery to EU-DEU node...
INFO [2024-09-03 17:47:05] [STORAGE] - Adding DEU_HYD_E.ONquotPowerto269_Grapzow140MWWin272 battery to EU-DEU node...
INFO [2024-09-03 17:47:05] [STORAGE] - Adding DEU_HYD_AudiegasProject268_EnergieparkMain271 battery to EU-DEU node...
INFO [2024-09-03 17:47:06] [STORAGE] - Adding DEU_PHS_Kirchentellinsf282 battery to EU-DEU node...
INFO [2024-09-03 17:47:06] [STORAGE] - Adding DEU_PHS_Ruselkraftwerke291 battery to EU-DEU node...
INFO [2024-09-03 17:47:07] [STORAGE] - Adding DEU_PHS_SorpeseePumpedS294 battery to EU-DEU node...
INFO [2024-09-03 17:47:07] [STORAGE] - Adding DEU_PHS_TanzmhlePumpedS295 battery to EU-DEU node...
INFO [2024-09-03 17:47:08] [STORAGE] - Adding DEU_PHS_NiederwarthaPum287 battery to EU-DEU node...
INFO [2024-09-03 17:47:08] [STORAGE] - Adding DEU_PHS_SchwarzenbachPu292 battery to EU-DEU node...
INFO [2024-09-03 17:47:09] [STORAGE] - Adding DEU_PHS_LeitzachwerkI284 battery to EU-DEU node...
INFO [2024-09-03 17:47:09] [STORAGE] - Adding DEU_PHS_LeitzachwerkII285 battery to EU-DEU node...
INFO [2024-09-03 17:47:10] [STORAGE] - Adding DEU_PHS_WendefurthPower300 battery to EU-DEU node...
INFO [2024-09-03 17:47:10] [STORAGE] - Adding DEU_PHS_BleilochPumpedS274 battery to EU-DEU node...
INFO [2024-09-03 17:47:11] [STORAGE] - Adding DEU_PHS_GlemsPumpedStor277 battery to EU-DEU node...
INFO [2024-09-03 17:47:11] [STORAGE] - Adding DEU_PHS_ReisachPumpedSt288 battery to EU-DEU node...
INFO [2024-09-03 17:47:12] [STORAGE] - Adding DEU_PHS_HusernPumpedSto281 battery to EU-DEU node...
INFO [2024-09-03 17:47:12] [STORAGE] - Adding DEU_PHS_GeesthachtPumpe276 battery to EU-DEU node...
INFO [2024-09-03 17:47:13] [STORAGE] - Adding DEU_PHS_WaldeckIPumpedH297 battery to EU-DEU node...
INFO [2024-09-03 17:47:13] [STORAGE] - Adding DEU_PHS_RnkhausenPumped290 battery to EU-DEU node...
INFO [2024-09-03 17:47:14] [STORAGE] - Adding DEU_PHS_WaldshutPumpedS298 battery to EU-DEU node...
INFO [2024-09-03 17:47:15] [STORAGE] - Adding DEU_PHS_HerdeckePumpedS279 battery to EU-DEU node...
INFO [2024-09-03 17:47:15] [STORAGE] - Adding DEU_PHS_Langenprozelten283 battery to EU-DEU node...
INFO [2024-09-03 17:47:16] [STORAGE] - Adding DEU_PHS_WitznauPumpedSt301 battery to EU-DEU node...
INFO [2024-09-03 17:47:16] [STORAGE] - Adding DEU_PHS_ErzhausenPumped275 battery to EU-DEU node...
INFO [2024-09-03 17:47:17] [STORAGE] - Adding DEU_PHS_RiedlEnergyStor289 battery to EU-DEU node...
INFO [2024-09-03 17:47:18] [STORAGE] - Adding DEU_PHS_SckingenPumpedS293 battery to EU-DEU node...
INFO [2024-09-03 17:47:18] [STORAGE] - Adding DEU_PHS_HohenwartePumpe280 battery to EU-DEU node...
INFO [2024-09-03 17:47:19] [STORAGE] - Adding DEU_PHS_WaldeckII296 battery to EU-DEU node...
INFO [2024-09-03 17:47:20] [STORAGE] - Adding DEU_PHS_WehrPumpedStora299 battery to EU-DEU node...
INFO [2024-09-03 17:47:20] [STORAGE] - Adding DEU_PHS_MarkersbachPump286 battery to EU-DEU node...
INFO [2024-09-03 17:47:21] [STORAGE] - Adding DEU_PHS_GoldisthalPumpe278 battery to EU-DEU node...
INFO [2024-09-03 17:47:21] [STORAGE] - Adding FRA_CHE_DIYESS5kWhLiFeP376 battery to EU-FRA node...
INFO [2024-09-03 17:47:22] [STORAGE] - Adding FRA_CHE_DieselGenerator375 battery to EU-FRA node...
INFO [2024-09-03 17:47:22] [STORAGE] - Adding FRA_CHE_EDFENGabardoneP377 battery to EU-FRA node...
INFO [2024-09-03 17:47:23] [STORAGE] - Adding FRA_CHE_NICEGRIDproject380 battery to EU-FRA node...
INFO [2024-09-03 17:47:23] [STORAGE] - Adding FRA_CHE_INESProject379 battery to EU-FRA node...
INFO [2024-09-03 17:47:24] [STORAGE] - Adding FRA_CHE_NICEGRIDproject381 battery to EU-FRA node...
INFO [2024-09-03 17:47:24] [STORAGE] - Adding FRA_CHE_ReunionIslandPe382 battery to EU-FRA node...
INFO [2024-09-03 17:47:25] [STORAGE] - Adding FRA_CHE_EDFRampDLesRena378 battery to EU-FRA node...
INFO [2024-09-03 17:47:25] [STORAGE] - Adding FRA_CHE_CarrosNICEGRIDP374 battery to EU-FRA node...
INFO [2024-09-03 17:47:26] [STORAGE] - Adding FRA_CHE_ADEMEIntelligen373 battery to EU-FRA node...
INFO [2024-09-03 17:47:26] [STORAGE] - Adding FRA_THE_AlbaNova1SolarP394 battery to EU-FRA node...
INFO [2024-09-03 17:47:27] [STORAGE] - Adding FRA_HYD_UniveristyofCor383 battery to EU-FRA node...
INFO [2024-09-03 17:47:27] [STORAGE] - Adding FRA_PHS_AlrancePumpedSt384 battery to EU-FRA node...
INFO [2024-09-03 17:47:28] [STORAGE] - Adding FRA_PHS_ArgentatPumpedS385 battery to EU-FRA node...
INFO [2024-09-03 17:47:28] [STORAGE] - Adding FRA_PHS_LaRanceTidalPow388 battery to EU-FRA node...
INFO [2024-09-03 17:47:29] [STORAGE] - Adding FRA_PHS_LaCochePumpedSt387 battery to EU-FRA node...
INFO [2024-09-03 17:47:29] [STORAGE] - Adding FRA_PHS_LePougetPumpedS390 battery to EU-FRA node...
INFO [2024-09-03 17:47:30] [STORAGE] - Adding FRA_PHS_LeCheylasPumped389 battery to EU-FRA node...
INFO [2024-09-03 17:47:30] [STORAGE] - Adding FRA_PHS_SuperBissortePu393 battery to EU-FRA node...
INFO [2024-09-03 17:47:31] [STORAGE] - Adding FRA_PHS_RevinPumpedStor392 battery to EU-FRA node...
INFO [2024-09-03 17:47:31] [STORAGE] - Adding FRA_PHS_MontzicPumpedSt391 battery to EU-FRA node...
INFO [2024-09-03 17:47:32] [STORAGE] - Adding FRA_PHS_Grand039MaisonD386 battery to EU-FRA node...
INFO [2024-09-03 17:47:32] [MAIN] - Done adding battery data! (run time : 0.75min).

INFO [2024-09-03 17:47:32] [MAIN] - Adding lines between areas...

INFO [2024-09-03 17:47:35] [LINES] - Adding EU-CHE to EU-DEU line...
INFO [2024-09-03 17:47:35] [LINES] - Adding EU-CHE to EU-FRA line...
INFO [2024-09-03 17:47:35] [LINES] - Adding EU-DEU to EU-FRA line...
INFO [2024-09-03 17:47:35] [MAIN] - Done adding lines! (run time : 2.9s).

INFO [2024-09-03 17:47:35] [MAIN] - Finished setting up Antares study! (run time : 1.27min).
 

INFO [2024-09-03 17:47:35] [MAIN] - Starting OutageTest simulation...
INFO [2024-09-03 17:47:41] [MAIN] - Antares simulation finished! (run time : 0.09min).
 

