INFO [2024-10-13 14:56:02] [MAIN] - Initializing output folder...
INFO [2024-10-13 14:56:05] [MAIN] - Reading simulations of pre-existing v2_20clu__2024_09_04_22_33_36 study...
INFO [2024-10-13 14:56:05] [MAIN] - Opening 20240905-0707eco-world_vOutages_accurateUCM simulation...
INFO [2024-10-13 14:56:06] [MAIN] - Preparing to compare generation values with Deane...
INFO [2024-10-13 14:56:06] [DEANE] - Saving generation comparisons for africa continent...
INFO [2024-10-13 14:56:06] [DEANE] - Done saving generation comparisons for africa continent!
INFO [2024-10-13 14:56:06] [DEANE] - Saving generation comparisons for asia continent...
INFO [2024-10-13 14:56:06] [DEANE] - Done saving generation comparisons for asia continent!
INFO [2024-10-13 14:56:07] [DEANE] - Saving generation comparisons for europe continent...
INFO [2024-10-13 14:56:07] [DEANE] - Done saving generation comparisons for europe continent!
INFO [2024-10-13 14:56:07] [DEANE] - Saving generation comparisons for north america continent...
INFO [2024-10-13 14:56:07] [DEANE] - Done saving generation comparisons for north america continent!
INFO [2024-10-13 14:56:07] [DEANE] - Saving generation comparisons for oceania continent...
INFO [2024-10-13 14:56:08] [DEANE] - Done saving generation comparisons for oceania continent!
INFO [2024-10-13 14:56:08] [DEANE] - Saving generation comparisons for south america continent...
INFO [2024-10-13 14:56:08] [DEANE] - Done saving generation comparisons for south america continent!
INFO [2024-10-13 14:56:08] [DEANE] - Saving generation comparisons for the world...
INFO [2024-10-13 14:56:08] [DEANE] - Done saving generation comparisons for the world!
INFO [2024-10-13 14:56:08] [MAIN] - Done comparing generation values with Deane! (run time : 2.75 s).

INFO [2024-10-13 14:56:08] [MAIN] - Preparing to compare emissions values with Deane...
INFO [2024-10-13 14:56:08] [DEANE] - Computing continental CO2 emissions in Antares study...
INFO [2024-10-13 14:56:32] [DEANE] - Done computing continental CO2 emissions!
INFO [2024-10-13 14:56:32] [DEANE] - Saving emissions comparisons for africa continent...
INFO [2024-10-13 14:56:32] [DEANE] - Done saving emissions comparisons for africa continent!
INFO [2024-10-13 14:56:32] [DEANE] - Saving emissions comparisons for asia continent...
INFO [2024-10-13 14:56:32] [DEANE] - Done saving emissions comparisons for asia continent!
INFO [2024-10-13 14:56:32] [DEANE] - Saving emissions comparisons for europe continent...
INFO [2024-10-13 14:56:32] [DEANE] - Done saving emissions comparisons for europe continent!
INFO [2024-10-13 14:56:32] [DEANE] - Saving emissions comparisons for north america continent...
INFO [2024-10-13 14:56:33] [DEANE] - Done saving emissions comparisons for north america continent!
INFO [2024-10-13 14:56:33] [DEANE] - Saving emissions comparisons for oceania continent...
INFO [2024-10-13 14:56:33] [DEANE] - Done saving emissions comparisons for oceania continent!
INFO [2024-10-13 14:56:33] [DEANE] - Saving emissions comparisons for south america continent...
INFO [2024-10-13 14:56:33] [DEANE] - Done saving emissions comparisons for south america continent!
INFO [2024-10-13 14:56:33] [DEANE] - Computing world CO2 emissions in Antares study...
INFO [2024-10-13 14:56:58] [DEANE] - Done computing world CO2 emissions!
INFO [2024-10-13 14:56:58] [DEANE] - Saving emissions comparisons for the world...
INFO [2024-10-13 14:56:59] [DEANE] - Done saving emissions comparisons for the world!
INFO [2024-10-13 14:56:59] [MAIN] - Done comparing emissions values with Deane! (run time : 50.28 s).

INFO [2024-10-13 14:56:59] [MAIN] - Preparing to save import/export ranking of countries...
INFO [2024-10-13 14:57:01] [MAIN] - Import/export ranking of countries has been saved ! (run time : 2.45 s).

