INFO [2024-08-05 17:47:29] [MAIN] - Creating Etude_sur_R_Monde__2024_08_05_17_47_29 study...

INFO [2024-08-05 17:47:29] [MAIN] - Unit commitment mode : FAST
INFO [2024-08-05 17:47:30] [MAIN] - Adding nodes...

INFO [2024-08-05 17:47:32] [NODES] - Adding EU-CHE node...
INFO [2024-08-05 17:47:32] [NODES] - Adding EU-DEU node...
INFO [2024-08-05 17:47:32] [NODES] - Adding EU-FRA node...
INFO [2024-08-05 17:47:32] [MAIN] - Done adding nodes! (run time : 2.72s).

INFO [2024-08-05 17:47:32] [MAIN] - Adding load data...

INFO [2024-08-05 17:47:34] [LOAD] - Adding EU-CHE load data...
INFO [2024-08-05 17:47:34] [LOAD] - Adding EU-DEU load data...
INFO [2024-08-05 17:47:34] [LOAD] - Adding EU-FRA load data...
INFO [2024-08-05 17:47:34] [MAIN] - Done adding load data! (run time : 1.45s).

INFO [2024-08-05 17:47:34] [MAIN] - Fetching wind data...

INFO [2024-08-05 17:47:34] [WIND] - Adding EU-CHE aggregated wind data...
INFO [2024-08-05 17:47:34] [WIND] - Adding EU-DEU aggregated wind data...
INFO [2024-08-05 17:47:34] [WIND] - Adding EU-FRA aggregated wind data...
INFO [2024-08-05 17:47:34] [MAIN] - Done adding wind data! (run time : 0.32s).

INFO [2024-08-05 17:47:34] [MAIN] - Fetching solar data...

INFO [2024-08-05 17:47:34] [SOLAR] - Adding EU-CHE aggregated solar data...
INFO [2024-08-05 17:47:34] [SOLAR] - Adding EU-DEU aggregated solar data...
INFO [2024-08-05 17:47:34] [SOLAR] - Adding EU-FRA aggregated solar data...
INFO [2024-08-05 17:47:34] [MAIN] - Done adding solar data! (run time : 0.24s).

INFO [2024-08-05 17:47:34] [MAIN] - Fetching thermal data...

INFO [2024-08-05 17:47:37] [THERMAL] - Adding CHE_COA_CAPACITY SCALER generator to EU-CHE node...
INFO [2024-08-05 17:47:37] [THERMAL] - Adding CHE_GAS_CAPACITY SCALER generator to EU-CHE node...
INFO [2024-08-05 17:47:37] [THERMAL] - Adding CHE_NUC_KERNKRAFTWERKB17760 generator to EU-CHE node...
INFO [2024-08-05 17:47:37] [THERMAL] - Adding CHE_NUC_KERNKRAFTWERKG17761 generator to EU-CHE node...
INFO [2024-08-05 17:47:37] [THERMAL] - Adding CHE_NUC_KERNKRAFTWERKL17762 generator to EU-CHE node...
INFO [2024-08-05 17:47:37] [THERMAL] - Adding CHE_NUC_KERNKRAFTWERKM17763 generator to EU-CHE node...
INFO [2024-08-05 17:47:38] [THERMAL] - Adding DEU_COA_ALTBACHPOWERS10887 generator to EU-DEU node...
INFO [2024-08-05 17:47:38] [THERMAL] - Adding DEU_COA_BERGKAMENPOWER10936 generator to EU-DEU node...
INFO [2024-08-05 17:47:38] [THERMAL] - Adding DEU_COA_BERLINMOABITP10938 generator to EU-DEU node...
INFO [2024-08-05 17:47:38] [THERMAL] - Adding DEU_COA_BERLINREUTERP10939 generator to EU-DEU node...
INFO [2024-08-05 17:47:38] [THERMAL] - Adding DEU_COA_BERLINREUTERW10940 generator to EU-DEU node...
INFO [2024-08-05 17:47:38] [THERMAL] - Adding DEU_COA_BOA210982 generator to EU-DEU node...
INFO [2024-08-05 17:47:38] [THERMAL] - Adding DEU_COA_BOXBERGPOWERS10989 generator to EU-DEU node...
INFO [2024-08-05 17:47:38] [THERMAL] - Adding DEU_COA_BRAUNKOHLEKRAFT10993 generator to EU-DEU node...
INFO [2024-08-05 17:47:38] [THERMAL] - Adding DEU_COA_BREMENFARGEPO10995 generator to EU-DEU node...
INFO [2024-08-05 17:47:38] [THERMAL] - Adding DEU_COA_BUERPOWERSTAT11001 generator to EU-DEU node...
INFO [2024-08-05 17:47:38] [THERMAL] - Adding DEU_COA_BUSCHHAUSPOWER11002 generator to EU-DEU node...
INFO [2024-08-05 17:47:38] [THERMAL] - Adding DEU_COA_CHEMIEPARKMARL11011 generator to EU-DEU node...
INFO [2024-08-05 17:47:38] [THERMAL] - Adding DEU_COA_CHEMNITZNORDP11012 generator to EU-DEU node...
INFO [2024-08-05 17:47:39] [THERMAL] - Adding DEU_COA_COALPLANT111015 generator to EU-DEU node...
INFO [2024-08-05 17:47:39] [THERMAL] - Adding DEU_COA_COALPLANT211016 generator to EU-DEU node...
INFO [2024-08-05 17:47:39] [THERMAL] - Adding DEU_COA_COLOGNEMERKENI11018 generator to EU-DEU node...
INFO [2024-08-05 17:47:39] [THERMAL] - Adding DEU_COA_COTTBUSCHPPOW11019 generator to EU-DEU node...
INFO [2024-08-05 17:47:39] [THERMAL] - Adding DEU_COA_DESSAUPOWERST11037 generator to EU-DEU node...
INFO [2024-08-05 17:47:39] [THERMAL] - Adding DEU_COA_DEUBENPOWERST11040 generator to EU-DEU node...
INFO [2024-08-05 17:47:39] [THERMAL] - Adding DEU_COA_EZ111066 generator to EU-DEU node...
INFO [2024-08-05 17:47:39] [THERMAL] - Adding DEU_COA_FKK11104 generator to EU-DEU node...
INFO [2024-08-05 17:47:39] [THERMAL] - Adding DEU_COA_FLENSBURGPOWER11111 generator to EU-DEU node...
INFO [2024-08-05 17:47:39] [THERMAL] - Adding DEU_COA_FORTUNANORD11113 generator to EU-DEU node...
INFO [2024-08-05 17:47:39] [THERMAL] - Adding DEU_COA_FRIMMERSDORFPO11118 generator to EU-DEU node...
INFO [2024-08-05 17:47:40] [THERMAL] - Adding DEU_COA_GKHHANNOVERPO11123 generator to EU-DEU node...
INFO [2024-08-05 17:47:40] [THERMAL] - Adding DEU_COA_GKMMANNHEIM11125 generator to EU-DEU node...
INFO [2024-08-05 17:47:40] [THERMAL] - Adding DEU_COA_GKRAFTWERK11121 generator to EU-DEU node...
INFO [2024-08-05 17:47:40] [THERMAL] - Adding DEU_COA_GRUBENHEIZKRAFT11165 generator to EU-DEU node...
INFO [2024-08-05 17:47:40] [THERMAL] - Adding DEU_COA_HAFENPOWERSTA11244 generator to EU-DEU node...
INFO [2024-08-05 17:47:40] [THERMAL] - Adding DEU_COA_HAMBURGMOORBUR11247 generator to EU-DEU node...
INFO [2024-08-05 17:47:40] [THERMAL] - Adding DEU_COA_HASTEDTPOWERS11251 generator to EU-DEU node...
INFO [2024-08-05 17:47:40] [THERMAL] - Adding DEU_COA_HEILBRONNPOWER11255 generator to EU-DEU node...
INFO [2024-08-05 17:47:41] [THERMAL] - Adding DEU_COA_HEIZKRAFTWERK311260 generator to EU-DEU node...
INFO [2024-08-05 17:47:41] [THERMAL] - Adding DEU_COA_HEIZKRAFTWERKD11281 generator to EU-DEU node...
INFO [2024-08-05 17:47:41] [THERMAL] - Adding DEU_COA_HEIZKRAFTWERKF11266 generator to EU-DEU node...
INFO [2024-08-05 17:47:41] [THERMAL] - Adding DEU_COA_HEIZKRAFTWERKM11274 generator to EU-DEU node...
INFO [2024-08-05 17:47:41] [THERMAL] - Adding DEU_COA_HEIZKRAFTWERKS11279 generator to EU-DEU node...
INFO [2024-08-05 17:47:41] [THERMAL] - Adding DEU_COA_HERNEPOWERSTA11288 generator to EU-DEU node...
INFO [2024-08-05 17:47:41] [THERMAL] - Adding DEU_COA_HEYDENPOWERST11292 generator to EU-DEU node...
INFO [2024-08-05 17:47:41] [THERMAL] - Adding DEU_COA_HKWERLANGENC11203 generator to EU-DEU node...
INFO [2024-08-05 17:47:42] [THERMAL] - Adding DEU_COA_HKWI11211 generator to EU-DEU node...
INFO [2024-08-05 17:47:42] [THERMAL] - Adding DEU_COA_HKWKARCHERSTR_11214 generator to EU-DEU node...
INFO [2024-08-05 17:47:42] [THERMAL] - Adding DEU_COA_HKWNORD11222 generator to EU-DEU node...
INFO [2024-08-05 17:47:42] [THERMAL] - Adding DEU_COA_HKWNORDWEST11223 generator to EU-DEU node...
INFO [2024-08-05 17:47:42] [THERMAL] - Adding DEU_COA_HKWOFFENBACHP11295 generator to EU-DEU node...
INFO [2024-08-05 17:47:42] [THERMAL] - Adding DEU_COA_HKWSACHTLEBEN11226 generator to EU-DEU node...
INFO [2024-08-05 17:47:42] [THERMAL] - Adding DEU_COA_HKWWEST11233 generator to EU-DEU node...
INFO [2024-08-05 17:47:43] [THERMAL] - Adding DEU_COA_HKWWEST11234 generator to EU-DEU node...
INFO [2024-08-05 17:47:43] [THERMAL] - Adding DEU_COA_HUERTHVILLE11303 generator to EU-DEU node...
INFO [2024-08-05 17:47:43] [THERMAL] - Adding DEU_COA_IBBENBRENBP11323 generator to EU-DEU node...
INFO [2024-08-05 17:47:43] [THERMAL] - Adding DEU_COA_INDUSTRIEKRAFT11330 generator to EU-DEU node...
INFO [2024-08-05 17:47:43] [THERMAL] - Adding DEU_COA_JANSCHWALDEPOW11338 generator to EU-DEU node...
INFO [2024-08-05 17:47:43] [THERMAL] - Adding DEU_COA_KESSEL411372 generator to EU-DEU node...
INFO [2024-08-05 17:47:43] [THERMAL] - Adding DEU_COA_KIELPOWERSTAT11374 generator to EU-DEU node...
INFO [2024-08-05 17:47:44] [THERMAL] - Adding DEU_COA_KLINGENBERG11380 generator to EU-DEU node...
INFO [2024-08-05 17:47:44] [THERMAL] - Adding DEU_COA_KOHLEKRAFTWERK11387 generator to EU-DEU node...
INFO [2024-08-05 17:47:44] [THERMAL] - Adding DEU_COA_KRAFTWERK11391 generator to EU-DEU node...
INFO [2024-08-05 17:47:44] [THERMAL] - Adding DEU_COA_KRAFTWERKBEXBA11395 generator to EU-DEU node...
INFO [2024-08-05 17:47:44] [THERMAL] - Adding DEU_COA_KRAFTWERKENSDO11396 generator to EU-DEU node...
INFO [2024-08-05 17:47:44] [THERMAL] - Adding DEU_COA_KRAFTWERKII11400 generator to EU-DEU node...
INFO [2024-08-05 17:47:44] [THERMAL] - Adding DEU_COA_KRAFTWERKL5711402 generator to EU-DEU node...
INFO [2024-08-05 17:47:45] [THERMAL] - Adding DEU_COA_KRAFTWERKN23011406 generator to EU-DEU node...
INFO [2024-08-05 17:47:45] [THERMAL] - Adding DEU_COA_KRAFTWERKWERDO11414 generator to EU-DEU node...
INFO [2024-08-05 17:47:45] [THERMAL] - Adding DEU_COA_KWM11360 generator to EU-DEU node...
INFO [2024-08-05 17:47:45] [THERMAL] - Adding DEU_COA_KWVOERDE11348 generator to EU-DEU node...
INFO [2024-08-05 17:47:45] [THERMAL] - Adding DEU_COA_KWWALSUM11349 generator to EU-DEU node...
INFO [2024-08-05 17:47:45] [THERMAL] - Adding DEU_COA_KWWEST11350 generator to EU-DEU node...
INFO [2024-08-05 17:47:45] [THERMAL] - Adding DEU_COA_LIPPENDORFPOWE11441 generator to EU-DEU node...
INFO [2024-08-05 17:47:46] [THERMAL] - Adding DEU_COA_LNENPOWERST11449 generator to EU-DEU node...
INFO [2024-08-05 17:47:46] [THERMAL] - Adding DEU_COA_MODELLKRAFTWERK11483 generator to EU-DEU node...
INFO [2024-08-05 17:47:46] [THERMAL] - Adding DEU_COA_NEURATHPOWERS11521 generator to EU-DEU node...
INFO [2024-08-05 17:47:46] [THERMAL] - Adding DEU_COA_NIEDERAUSSEMPO11527 generator to EU-DEU node...
INFO [2024-08-05 17:47:46] [THERMAL] - Adding DEU_COA_NORD211529 generator to EU-DEU node...
INFO [2024-08-05 17:47:46] [THERMAL] - Adding DEU_COA_PFORZHEIMPOWER11577 generator to EU-DEU node...
INFO [2024-08-05 17:47:46] [THERMAL] - Adding DEU_COA_PLWERKEUSKIR11557 generator to EU-DEU node...
INFO [2024-08-05 17:47:47] [THERMAL] - Adding DEU_COA_PLWERKJLIC11558 generator to EU-DEU node...
INFO [2024-08-05 17:47:47] [THERMAL] - Adding DEU_COA_PLWERKKNNE11559 generator to EU-DEU node...
INFO [2024-08-05 17:47:47] [THERMAL] - Adding DEU_COA_RENODEMEDICI11608 generator to EU-DEU node...
INFO [2024-08-05 17:47:47] [THERMAL] - Adding DEU_COA_RHEINHAFENDAMP11617 generator to EU-DEU node...
INFO [2024-08-05 17:47:47] [THERMAL] - Adding DEU_COA_ROSTOCKPOWERS11638 generator to EU-DEU node...
INFO [2024-08-05 17:47:48] [THERMAL] - Adding DEU_COA_SCHKOPAUPOWER11665 generator to EU-DEU node...
INFO [2024-08-05 17:47:48] [THERMAL] - Adding DEU_COA_SCHOLVENPOWER11669 generator to EU-DEU node...
INFO [2024-08-05 17:47:48] [THERMAL] - Adding DEU_COA_SCHWARZEPUMPE11673 generator to EU-DEU node...
INFO [2024-08-05 17:47:48] [THERMAL] - Adding DEU_COA_STAUDINGERPOWE11709 generator to EU-DEU node...
INFO [2024-08-05 17:47:48] [THERMAL] - Adding DEU_COA_STUTTGARTMUENS11720 generator to EU-DEU node...
INFO [2024-08-05 17:47:48] [THERMAL] - Adding DEU_COA_TIEFSTACKPOWER11739 generator to EU-DEU node...
INFO [2024-08-05 17:47:49] [THERMAL] - Adding DEU_COA_TRIANELKOHLEKR11742 generator to EU-DEU node...
INFO [2024-08-05 17:47:49] [THERMAL] - Adding DEU_COA_WACHTBERGPOWER11777 generator to EU-DEU node...
INFO [2024-08-05 17:47:49] [THERMAL] - Adding DEU_COA_WAEHLITZPOWER11778 generator to EU-DEU node...
INFO [2024-08-05 17:47:49] [THERMAL] - Adding DEU_COA_WALHEIMPOWERS11787 generator to EU-DEU node...
INFO [2024-08-05 17:47:50] [THERMAL] - Adding DEU_COA_WEDELPOWERSTA11793 generator to EU-DEU node...
INFO [2024-08-05 17:47:50] [THERMAL] - Adding DEU_COA_WEIHER11796 generator to EU-DEU node...
INFO [2024-08-05 17:47:50] [THERMAL] - Adding DEU_COA_WEISWEILERPOWE11799 generator to EU-DEU node...
INFO [2024-08-05 17:47:50] [THERMAL] - Adding DEU_COA_WESTFALEN11811 generator to EU-DEU node...
INFO [2024-08-05 17:47:50] [THERMAL] - Adding DEU_COA_WILHELMSHAVENP11817 generator to EU-DEU node...
INFO [2024-08-05 17:47:51] [THERMAL] - Adding DEU_COA_WUPPERTALELBER11838 generator to EU-DEU node...
INFO [2024-08-05 17:47:51] [THERMAL] - Adding DEU_GAS_ADSANLAGE10872 generator to EU-DEU node...
INFO [2024-08-05 17:47:51] [THERMAL] - Adding DEU_GAS_AHRENSFELDE10881 generator to EU-DEU node...
INFO [2024-08-05 17:47:51] [THERMAL] - Adding DEU_GAS_BHKW10907 generator to EU-DEU node...
INFO [2024-08-05 17:47:51] [THERMAL] - Adding DEU_GAS_BHKWANKLINKER10911 generator to EU-DEU node...
INFO [2024-08-05 17:47:52] [THERMAL] - Adding DEU_GAS_BHKWH_12010908 generator to EU-DEU node...
INFO [2024-08-05 17:47:52] [THERMAL] - Adding DEU_GAS_BHKWHAUFFSTRA10912 generator to EU-DEU node...
INFO [2024-08-05 17:47:52] [THERMAL] - Adding DEU_GAS_BHKWLUDWIGSHAF10909 generator to EU-DEU node...
INFO [2024-08-05 17:47:52] [THERMAL] - Adding DEU_GAS_BHKWOBEREVIEH10910 generator to EU-DEU node...
INFO [2024-08-05 17:47:52] [THERMAL] - Adding DEU_GAS_BIOMASSGENERAT10958 generator to EU-DEU node...
INFO [2024-08-05 17:47:52] [THERMAL] - Adding DEU_GAS_BOCHUM10983 generator to EU-DEU node...
INFO [2024-08-05 17:47:53] [THERMAL] - Adding DEU_GAS_BPWERKLINGEN10921 generator to EU-DEU node...
INFO [2024-08-05 17:47:53] [THERMAL] - Adding DEU_GAS_CAPACITY SCALER generator to EU-DEU node...
INFO [2024-08-05 17:47:53] [THERMAL] - Adding DEU_GAS_CHARLOTTENBURG11010 generator to EU-DEU node...
INFO [2024-08-05 17:47:53] [THERMAL] - Adding DEU_GAS_COGENERATION11014 generator to EU-DEU node...
INFO [2024-08-05 17:47:54] [THERMAL] - Adding DEU_GAS_DAMPFKRAFTWERK11027 generator to EU-DEU node...
INFO [2024-08-05 17:47:54] [THERMAL] - Adding DEU_GAS_DORMAGEN11044 generator to EU-DEU node...
INFO [2024-08-05 17:47:54] [THERMAL] - Adding DEU_GAS_DORTMUND11046 generator to EU-DEU node...
INFO [2024-08-05 17:47:54] [THERMAL] - Adding DEU_GAS_DOWSTADE11047 generator to EU-DEU node...
INFO [2024-08-05 17:47:54] [THERMAL] - Adding DEU_GAS_DUISBURGHAMBOR11049 generator to EU-DEU node...
INFO [2024-08-05 17:47:55] [THERMAL] - Adding DEU_GAS_DUISBURGRUHROR11050 generator to EU-DEU node...
INFO [2024-08-05 17:47:55] [THERMAL] - Adding DEU_GAS_EGGERKRAFTWERK11073 generator to EU-DEU node...
INFO [2024-08-05 17:47:55] [THERMAL] - Adding DEU_GAS_EMDENNATURALG11086 generator to EU-DEU node...
INFO [2024-08-05 17:47:55] [THERMAL] - Adding DEU_GAS_EMSLAND11088 generator to EU-DEU node...
INFO [2024-08-05 17:47:55] [THERMAL] - Adding DEU_GAS_ENERGIEZENTRALE11090 generator to EU-DEU node...
INFO [2024-08-05 17:47:56] [THERMAL] - Adding DEU_GAS_ENERGIEZENTRALE11091 generator to EU-DEU node...
INFO [2024-08-05 17:47:56] [THERMAL] - Adding DEU_GAS_ENERGIEZENTRUM11092 generator to EU-DEU node...
INFO [2024-08-05 17:47:56] [THERMAL] - Adding DEU_GAS_ERWEITERUNGENE11099 generator to EU-DEU node...
INFO [2024-08-05 17:47:56] [THERMAL] - Adding DEU_GAS_EVCGLOBALFOU11064 generator to EU-DEU node...
INFO [2024-08-05 17:47:56] [THERMAL] - Adding DEU_GAS_FRANKEN111114 generator to EU-DEU node...
INFO [2024-08-05 17:47:57] [THERMAL] - Adding DEU_GAS_FSKARTON11105 generator to EU-DEU node...
INFO [2024-08-05 17:47:57] [THERMAL] - Adding DEU_GAS_GEMEINSCHAFTSKR11138 generator to EU-DEU node...
INFO [2024-08-05 17:47:57] [THERMAL] - Adding DEU_GAS_GERSTEINWERK11141 generator to EU-DEU node...
INFO [2024-08-05 17:47:57] [THERMAL] - Adding DEU_GAS_GHD11122 generator to EU-DEU node...
INFO [2024-08-05 17:47:58] [THERMAL] - Adding DEU_GAS_GKL11124 generator to EU-DEU node...
INFO [2024-08-05 17:47:58] [THERMAL] - Adding DEU_GAS_GTKWDARMSTADT11128 generator to EU-DEU node...
INFO [2024-08-05 17:47:58] [THERMAL] - Adding DEU_GAS_GUD11168 generator to EU-DEU node...
INFO [2024-08-05 17:47:58] [THERMAL] - Adding DEU_GAS_GUDANLAGE11177 generator to EU-DEU node...
INFO [2024-08-05 17:47:58] [THERMAL] - Adding DEU_GAS_GUDANLAGEDREW11129 generator to EU-DEU node...
INFO [2024-08-05 17:47:59] [THERMAL] - Adding DEU_GAS_GUDANLAGERS11178 generator to EU-DEU node...
INFO [2024-08-05 17:47:59] [THERMAL] - Adding DEU_GAS_GUDANLAGEWVK11169 generator to EU-DEU node...
INFO [2024-08-05 17:47:59] [THERMAL] - Adding DEU_GAS_GUDBAUNATALV11170 generator to EU-DEU node...
INFO [2024-08-05 17:47:59] [THERMAL] - Adding DEU_GAS_GUDBITTERFELD11171 generator to EU-DEU node...
INFO [2024-08-05 17:48:00] [THERMAL] - Adding DEU_GAS_GUDHKWNEUBRAN11179 generator to EU-DEU node...
INFO [2024-08-05 17:48:00] [THERMAL] - Adding DEU_GAS_GUDIKWSTAFU11180 generator to EU-DEU node...
INFO [2024-08-05 17:48:00] [THERMAL] - Adding DEU_GAS_GUDKRAFTWERK11181 generator to EU-DEU node...
INFO [2024-08-05 17:48:00] [THERMAL] - Adding DEU_GAS_GUDKRAFTWERKH11172 generator to EU-DEU node...
INFO [2024-08-05 17:48:00] [THERMAL] - Adding DEU_GAS_GUDLEUNA11173 generator to EU-DEU node...
INFO [2024-08-05 17:48:01] [THERMAL] - Adding DEU_GAS_GUDMARIENEHE11174 generator to EU-DEU node...
INFO [2024-08-05 17:48:01] [THERMAL] - Adding DEU_GAS_GUDSCHWARZHEID11175 generator to EU-DEU node...
INFO [2024-08-05 17:48:01] [THERMAL] - Adding DEU_GAS_GUDTIEFSTACK11176 generator to EU-DEU node...
INFO [2024-08-05 17:48:01] [THERMAL] - Adding DEU_GAS_HATTORF11252 generator to EU-DEU node...
INFO [2024-08-05 17:48:02] [THERMAL] - Adding DEU_GAS_HBB11188 generator to EU-DEU node...
INFO [2024-08-05 17:48:02] [THERMAL] - Adding DEU_GAS_HEIZKRAFTWERK111258 generator to EU-DEU node...
INFO [2024-08-05 17:48:02] [THERMAL] - Adding DEU_GAS_HEIZKRAFTWERK211259 generator to EU-DEU node...
INFO [2024-08-05 17:48:03] [THERMAL] - Adding DEU_GAS_HEIZKRAFTWERK411261 generator to EU-DEU node...
INFO [2024-08-05 17:48:03] [THERMAL] - Adding DEU_GAS_HEIZKRAFTWERK511262 generator to EU-DEU node...
INFO [2024-08-05 17:48:03] [THERMAL] - Adding DEU_GAS_HEIZKRAFTWERKA11263 generator to EU-DEU node...
INFO [2024-08-05 17:48:03] [THERMAL] - Adding DEU_GAS_HEIZKRAFTWERKB11264 generator to EU-DEU node...
INFO [2024-08-05 17:48:03] [THERMAL] - Adding DEU_GAS_HEIZKRAFTWERKE11265 generator to EU-DEU node...
INFO [2024-08-05 17:48:04] [THERMAL] - Adding DEU_GAS_HEIZKRAFTWERKE11283 generator to EU-DEU node...
INFO [2024-08-05 17:48:04] [MAIN] - Starting simulation__2024_08_05_17_48_04 simulation...
