INFO [2024-10-31 13:46:57] [MAIN] - Initializing output folder...
INFO [2024-10-31 13:47:02] [MAIN] - Creating If S3 Economy v3 (Deane load) study...
INFO [2024-10-31 13:47:02] [MAIN] - Simulating If scenario~: S3 .

INFO [2024-10-31 13:47:02] [MAIN] - Simulation mode : Economy
INFO [2024-10-31 13:47:02] [MAIN] - Unit commitment mode : accurate
INFO [2024-10-31 13:47:02] [MAIN] - Number of MC years : 1
INFO [2024-10-31 13:47:02] [MAIN] - Generation of CSP : TRUE
INFO [2024-10-31 13:47:02] [MAIN] - Adding world node...

INFO [2024-10-31 13:47:02] [MAIN] - Done adding world node! (run time : 0.14s).

INFO [2024-10-31 13:47:02] [LOAD] - Adding World load data...
INFO [2024-10-31 13:47:02] [MAIN] - Fetching thermal data...
INFO [2024-10-31 13:47:02] [THERMAL] - Adding Bioenergy generator to World node...
INFO [2024-10-31 13:47:02] [THERMAL] - Adding Coal generator to World node...
INFO [2024-10-31 13:47:02] [THERMAL] - Adding Gas generator to World node...
INFO [2024-10-31 13:47:02] [THERMAL] - Adding Geothermal generator to World node...
INFO [2024-10-31 13:47:02] [THERMAL] - Adding Nuclear generator to World node...
INFO [2024-10-31 13:47:02] [THERMAL] - Adding Oil generator to World node...
INFO [2024-10-31 13:47:02] [THERMAL] - Adding Geothermal generator to World node...
INFO [2024-10-31 13:47:02] [MAIN] - Done adding thermal data! (run time : 0.01min).

INFO [2024-10-31 13:47:03] [MAIN] - Fetching wind data...

INFO [2024-10-31 13:47:24] [WIND] - Adding World wind data to Wind Onshore cluster...
INFO [2024-10-31 13:47:24] [MAIN] - Done adding wind data! (run time : 21.6s).

INFO [2024-10-31 13:47:24] [MAIN] - Fetching PV data...

INFO [2024-10-31 13:48:02] [PV] - Adding World PV data to Solar PV cluster...
INFO [2024-10-31 13:48:02] [MAIN] - Done adding PV data! (run time : 38.25s).

INFO [2024-10-31 13:48:02] [MAIN] - Fetching CSP data...

INFO [2024-10-31 13:48:04] [CSP] - Adding World CSP data to Solar Thermal cluster...
INFO [2024-10-31 13:48:04] [MAIN] - Done adding CSP data! (run time : 1.71s).

INFO [2024-10-31 13:48:04] [HYDRO] - Fetching World hydro data...
INFO [2024-10-31 13:48:06] [HYDRO] - Initializing World hydro parameters...
INFO [2024-10-31 13:48:06] [HYDRO] - Adding World max power timeseries...
INFO [2024-10-31 13:48:07] [HYDRO] - Adding World hydro profiles...
INFO [2024-10-31 13:48:07] [HYDRO] - Successfully added World hydro data!
INFO [2024-10-31 13:48:07] [MAIN] - Finished setting up Antares study! (run time : 1.09min).
 

