INFO [2024-10-14 22:29:41] [MAIN] - Initializing output folder...
INFO [2024-10-14 22:29:44] [MAIN] - Reading simulations of pre-existing v2_20clu__2024_09_04_22_33_36 study...
INFO [2024-10-14 22:29:45] [MAIN] - Opening 20240905-0707eco-world_vOutages_accurateUCM simulation...
INFO [2024-10-14 22:29:45] [MAIN] - Preparing to save global production stack...
INFO [2024-10-14 22:29:49] [MAIN] - Done saving global production stack! (run time : 4.08s).

INFO [2024-10-14 22:29:49] [MAIN] - Preparing to save continental production stacks...
INFO [2024-10-14 22:29:49] [STACK] - Saving production stack for africa continent...
INFO [2024-10-14 22:29:53] [STACK] - The daily production stack for africa from 2015-01-01 to 2015-12-31 has been saved!
INFO [2024-10-14 22:29:53] [STACK] - Saving production stack for asia continent...
INFO [2024-10-14 22:29:57] [STACK] - The daily production stack for asia from 2015-01-01 to 2015-12-31 has been saved!
INFO [2024-10-14 22:29:57] [STACK] - Saving production stack for europe continent...
INFO [2024-10-14 22:30:01] [STACK] - The daily production stack for europe from 2015-01-01 to 2015-12-31 has been saved!
INFO [2024-10-14 22:30:01] [STACK] - Saving production stack for north america continent...
INFO [2024-10-14 22:30:04] [STACK] - The daily production stack for north america from 2015-01-01 to 2015-12-31 has been saved!
INFO [2024-10-14 22:30:05] [STACK] - Saving production stack for oceania continent...
INFO [2024-10-14 22:30:08] [STACK] - The daily production stack for oceania from 2015-01-01 to 2015-12-31 has been saved!
INFO [2024-10-14 22:30:08] [STACK] - Saving production stack for south america continent...
INFO [2024-10-14 22:30:12] [STACK] - The daily production stack for south america from 2015-01-01 to 2015-12-31 has been saved!
INFO [2024-10-14 22:30:12] [MAIN] - Done saving continental production stacks! (run time : 23.15s).

INFO [2024-10-14 22:30:12] [MAIN] - Preparing to save national production stacks...
INFO [2024-10-14 22:30:14] [STACK] - Saving production stack for af-ago country...
INFO [2024-10-14 22:30:17] [STACK] - The daily production stack for af-ago from 2015-01-01 to 2015-12-31 has been saved!
INFO [2024-10-14 22:30:17] [STACK] - Saving production stack for af-bdi country...
INFO [2024-10-14 22:30:21] [STACK] - The daily production stack for af-bdi from 2015-01-01 to 2015-12-31 has been saved!
INFO [2024-10-14 22:30:21] [STACK] - Saving production stack for af-ben country...
INFO [2024-10-14 22:30:24] [STACK] - The daily production stack for af-ben from 2015-01-01 to 2015-12-31 has been saved!
INFO [2024-10-14 22:30:24] [STACK] - Saving production stack for af-bfa country...
INFO [2024-10-14 22:30:28] [STACK] - The daily production stack for af-bfa from 2015-01-01 to 2015-12-31 has been saved!
INFO [2024-10-14 22:30:28] [STACK] - Saving production stack for af-bwa country...
INFO [2024-10-14 22:30:31] [STACK] - The daily production stack for af-bwa from 2015-01-01 to 2015-12-31 has been saved!
INFO [2024-10-14 22:30:31] [STACK] - Saving production stack for af-caf country...
INFO [2024-10-14 22:30:35] [STACK] - The daily production stack for af-caf from 2015-01-01 to 2015-12-31 has been saved!
INFO [2024-10-14 22:30:35] [STACK] - Saving production stack for af-civ country...
INFO [2024-10-14 22:30:38] [STACK] - The daily production stack for af-civ from 2015-01-01 to 2015-12-31 has been saved!
INFO [2024-10-14 22:30:38] [STACK] - Saving production stack for af-cmr country...
INFO [2024-10-14 22:30:42] [STACK] - The daily production stack for af-cmr from 2015-01-01 to 2015-12-31 has been saved!
INFO [2024-10-14 22:30:42] [STACK] - Saving production stack for af-cod country...
INFO [2024-10-14 22:30:45] [STACK] - The daily production stack for af-cod from 2015-01-01 to 2015-12-31 has been saved!
INFO [2024-10-14 22:30:45] [STACK] - Saving production stack for af-cog country...
INFO [2024-10-14 22:30:48] [STACK] - The daily production stack for af-cog from 2015-01-01 to 2015-12-31 has been saved!
INFO [2024-10-14 22:30:48] [STACK] - Saving production stack for af-cpv country...
INFO [2024-10-14 22:30:52] [STACK] - The daily production stack for af-cpv from 2015-01-01 to 2015-12-31 has been saved!
INFO [2024-10-14 22:30:52] [STACK] - Saving production stack for af-dji country...
INFO [2024-10-14 22:30:55] [STACK] - The daily production stack for af-dji from 2015-01-01 to 2015-12-31 has been saved!
INFO [2024-10-14 22:30:55] [STACK] - Saving production stack for af-dza country...
INFO [2024-10-14 22:30:59] [STACK] - The daily production stack for af-dza from 2015-01-01 to 2015-12-31 has been saved!
INFO [2024-10-14 22:30:59] [STACK] - Saving production stack for af-egy country...
INFO [2024-10-14 22:31:02] [STACK] - The daily production stack for af-egy from 2015-01-01 to 2015-12-31 has been saved!
INFO [2024-10-14 22:31:02] [STACK] - Saving production stack for af-eri country...
INFO [2024-10-14 22:31:05] [STACK] - The daily production stack for af-eri from 2015-01-01 to 2015-12-31 has been saved!
INFO [2024-10-14 22:31:05] [STACK] - Saving production stack for af-esh country...
INFO [2024-10-14 22:31:08] [STACK] - The daily production stack for af-esh from 2015-01-01 to 2015-12-31 has been saved!
INFO [2024-10-14 22:31:08] [STACK] - Saving production stack for af-eth country...
INFO [2024-10-14 22:31:11] [STACK] - The daily production stack for af-eth from 2015-01-01 to 2015-12-31 has been saved!
INFO [2024-10-14 22:31:11] [STACK] - Saving production stack for af-gab country...
INFO [2024-10-14 22:31:15] [STACK] - The daily production stack for af-gab from 2015-01-01 to 2015-12-31 has been saved!
INFO [2024-10-14 22:31:15] [STACK] - Saving production stack for af-gha country...
INFO [2024-10-14 22:31:19] [STACK] - The daily production stack for af-gha from 2015-01-01 to 2015-12-31 has been saved!
INFO [2024-10-14 22:31:19] [STACK] - Saving production stack for af-gin country...
INFO [2024-10-14 22:31:22] [STACK] - The daily production stack for af-gin from 2015-01-01 to 2015-12-31 has been saved!
INFO [2024-10-14 22:31:23] [STACK] - Saving production stack for af-gmb country...
INFO [2024-10-14 22:31:26] [STACK] - The daily production stack for af-gmb from 2015-01-01 to 2015-12-31 has been saved!
INFO [2024-10-14 22:31:26] [STACK] - Saving production stack for af-gnb country...
INFO [2024-10-14 22:31:28] [STACK] - The daily production stack for af-gnb from 2015-01-01 to 2015-12-31 has been saved!
INFO [2024-10-14 22:31:29] [STACK] - Saving production stack for af-gnq country...
INFO [2024-10-14 22:31:32] [STACK] - The daily production stack for af-gnq from 2015-01-01 to 2015-12-31 has been saved!
INFO [2024-10-14 22:31:32] [STACK] - Saving production stack for af-ken country...
INFO [2024-10-14 22:31:36] [STACK] - The daily production stack for af-ken from 2015-01-01 to 2015-12-31 has been saved!
INFO [2024-10-14 22:31:37] [STACK] - Saving production stack for af-lbr country...
INFO [2024-10-14 22:31:40] [STACK] - The daily production stack for af-lbr from 2015-01-01 to 2015-12-31 has been saved!
INFO [2024-10-14 22:31:40] [STACK] - Saving production stack for af-lby country...
INFO [2024-10-14 22:31:44] [STACK] - The daily production stack for af-lby from 2015-01-01 to 2015-12-31 has been saved!
INFO [2024-10-14 22:31:44] [STACK] - Saving production stack for af-lso country...
INFO [2024-10-14 22:31:48] [STACK] - The daily production stack for af-lso from 2015-01-01 to 2015-12-31 has been saved!
INFO [2024-10-14 22:31:48] [STACK] - Saving production stack for af-mar country...
INFO [2024-10-14 22:31:53] [STACK] - The daily production stack for af-mar from 2015-01-01 to 2015-12-31 has been saved!
INFO [2024-10-14 22:31:53] [STACK] - Saving production stack for af-mdg country...
INFO [2024-10-14 22:31:57] [STACK] - The daily production stack for af-mdg from 2015-01-01 to 2015-12-31 has been saved!
INFO [2024-10-14 22:31:57] [STACK] - Saving production stack for af-mli country...
INFO [2024-10-14 22:32:00] [STACK] - The daily production stack for af-mli from 2015-01-01 to 2015-12-31 has been saved!
INFO [2024-10-14 22:32:00] [STACK] - Saving production stack for af-moz country...
INFO [2024-10-14 22:32:05] [STACK] - The daily production stack for af-moz from 2015-01-01 to 2015-12-31 has been saved!
INFO [2024-10-14 22:32:05] [STACK] - Saving production stack for af-mrt country...
INFO [2024-10-14 22:32:08] [STACK] - The daily production stack for af-mrt from 2015-01-01 to 2015-12-31 has been saved!
INFO [2024-10-14 22:32:08] [STACK] - Saving production stack for af-mus country...
INFO [2024-10-14 22:32:12] [STACK] - The daily production stack for af-mus from 2015-01-01 to 2015-12-31 has been saved!
INFO [2024-10-14 22:32:12] [STACK] - Saving production stack for af-mwi country...
INFO [2024-10-14 22:32:16] [STACK] - The daily production stack for af-mwi from 2015-01-01 to 2015-12-31 has been saved!
INFO [2024-10-14 22:32:16] [STACK] - Saving production stack for af-nam country...
INFO [2024-10-14 22:32:20] [STACK] - The daily production stack for af-nam from 2015-01-01 to 2015-12-31 has been saved!
INFO [2024-10-14 22:32:20] [STACK] - Saving production stack for af-ner country...
INFO [2024-10-14 22:32:24] [STACK] - The daily production stack for af-ner from 2015-01-01 to 2015-12-31 has been saved!
INFO [2024-10-14 22:32:24] [STACK] - Saving production stack for af-nga country...
INFO [2024-10-14 22:32:28] [STACK] - The daily production stack for af-nga from 2015-01-01 to 2015-12-31 has been saved!
INFO [2024-10-14 22:32:28] [STACK] - Saving production stack for af-rwa country...
INFO [2024-10-14 22:32:32] [STACK] - The daily production stack for af-rwa from 2015-01-01 to 2015-12-31 has been saved!
INFO [2024-10-14 22:32:32] [STACK] - Saving production stack for af-sdn country...
INFO [2024-10-14 22:32:35] [STACK] - The daily production stack for af-sdn from 2015-01-01 to 2015-12-31 has been saved!
INFO [2024-10-14 22:32:35] [STACK] - Saving production stack for af-sen country...
INFO [2024-10-14 22:32:39] [STACK] - The daily production stack for af-sen from 2015-01-01 to 2015-12-31 has been saved!
INFO [2024-10-14 22:32:39] [STACK] - Saving production stack for af-sle country...
INFO [2024-10-14 22:32:43] [STACK] - The daily production stack for af-sle from 2015-01-01 to 2015-12-31 has been saved!
INFO [2024-10-14 22:32:43] [STACK] - Saving production stack for af-swz country...
INFO [2024-10-14 22:32:49] [STACK] - The daily production stack for af-swz from 2015-01-01 to 2015-12-31 has been saved!
INFO [2024-10-14 22:32:49] [STACK] - Saving production stack for af-tgo country...
INFO [2024-10-14 22:32:53] [STACK] - The daily production stack for af-tgo from 2015-01-01 to 2015-12-31 has been saved!
INFO [2024-10-14 22:32:53] [STACK] - Saving production stack for af-tun country...
INFO [2024-10-14 22:32:57] [STACK] - The daily production stack for af-tun from 2015-01-01 to 2015-12-31 has been saved!
INFO [2024-10-14 22:32:57] [STACK] - Saving production stack for af-tza country...
INFO [2024-10-14 22:33:01] [STACK] - The daily production stack for af-tza from 2015-01-01 to 2015-12-31 has been saved!
INFO [2024-10-14 22:33:01] [STACK] - Saving production stack for af-uga country...
INFO [2024-10-14 22:33:06] [STACK] - The daily production stack for af-uga from 2015-01-01 to 2015-12-31 has been saved!
INFO [2024-10-14 22:33:06] [STACK] - Saving production stack for af-zaf country...
INFO [2024-10-14 22:33:10] [STACK] - The daily production stack for af-zaf from 2015-01-01 to 2015-12-31 has been saved!
INFO [2024-10-14 22:33:10] [STACK] - Saving production stack for af-zmb country...
INFO [2024-10-14 22:33:14] [STACK] - The daily production stack for af-zmb from 2015-01-01 to 2015-12-31 has been saved!
INFO [2024-10-14 22:33:15] [STACK] - Saving production stack for af-zwe country...
INFO [2024-10-14 22:33:20] [STACK] - The daily production stack for af-zwe from 2015-01-01 to 2015-12-31 has been saved!
INFO [2024-10-14 22:33:20] [STACK] - Saving production stack for as-afg country...
INFO [2024-10-14 22:33:23] [STACK] - The daily production stack for as-afg from 2015-01-01 to 2015-12-31 has been saved!
INFO [2024-10-14 22:33:23] [STACK] - Saving production stack for as-are country...
INFO [2024-10-14 22:33:26] [STACK] - The daily production stack for as-are from 2015-01-01 to 2015-12-31 has been saved!
INFO [2024-10-14 22:33:27] [STACK] - Saving production stack for as-bgd country...
INFO [2024-10-14 22:33:30] [STACK] - The daily production stack for as-bgd from 2015-01-01 to 2015-12-31 has been saved!
INFO [2024-10-14 22:33:30] [STACK] - Saving production stack for as-bhr country...
INFO [2024-10-14 22:33:33] [STACK] - The daily production stack for as-bhr from 2015-01-01 to 2015-12-31 has been saved!
INFO [2024-10-14 22:33:33] [STACK] - Saving production stack for as-brn country...
INFO [2024-10-14 22:33:36] [STACK] - The daily production stack for as-brn from 2015-01-01 to 2015-12-31 has been saved!
INFO [2024-10-14 22:33:36] [STACK] - Saving production stack for as-btn country...
INFO [2024-10-14 22:33:39] [STACK] - The daily production stack for as-btn from 2015-01-01 to 2015-12-31 has been saved!
INFO [2024-10-14 22:33:39] [STACK] - Saving production stack for as-chn country...
INFO [2024-10-14 22:33:43] [STACK] - The daily production stack for as-chn from 2015-01-01 to 2015-12-31 has been saved!
INFO [2024-10-14 22:33:43] [STACK] - Saving production stack for as-idn country...
INFO [2024-10-14 22:33:46] [STACK] - The daily production stack for as-idn from 2015-01-01 to 2015-12-31 has been saved!
INFO [2024-10-14 22:33:46] [STACK] - Saving production stack for as-ind country...
INFO [2024-10-14 22:33:50] [STACK] - The daily production stack for as-ind from 2015-01-01 to 2015-12-31 has been saved!
INFO [2024-10-14 22:33:50] [STACK] - Saving production stack for as-irn country...
INFO [2024-10-14 22:33:53] [STACK] - The daily production stack for as-irn from 2015-01-01 to 2015-12-31 has been saved!
INFO [2024-10-14 22:33:53] [STACK] - Saving production stack for as-irq country...
INFO [2024-10-14 22:33:56] [STACK] - The daily production stack for as-irq from 2015-01-01 to 2015-12-31 has been saved!
INFO [2024-10-14 22:33:56] [STACK] - Saving production stack for as-isr country...
INFO [2024-10-14 22:33:59] [STACK] - The daily production stack for as-isr from 2015-01-01 to 2015-12-31 has been saved!
INFO [2024-10-14 22:34:00] [STACK] - Saving production stack for as-jor country...
INFO [2024-10-14 22:34:03] [STACK] - The daily production stack for as-jor from 2015-01-01 to 2015-12-31 has been saved!
INFO [2024-10-14 22:34:03] [STACK] - Saving production stack for as-jpn country...
INFO [2024-10-14 22:34:06] [STACK] - The daily production stack for as-jpn from 2015-01-01 to 2015-12-31 has been saved!
INFO [2024-10-14 22:34:07] [STACK] - Saving production stack for as-kaz country...
INFO [2024-10-14 22:34:10] [STACK] - The daily production stack for as-kaz from 2015-01-01 to 2015-12-31 has been saved!
INFO [2024-10-14 22:34:10] [STACK] - Saving production stack for as-kgz country...
INFO [2024-10-14 22:34:14] [STACK] - The daily production stack for as-kgz from 2015-01-01 to 2015-12-31 has been saved!
INFO [2024-10-14 22:34:14] [STACK] - Saving production stack for as-khm country...
INFO [2024-10-14 22:34:18] [STACK] - The daily production stack for as-khm from 2015-01-01 to 2015-12-31 has been saved!
INFO [2024-10-14 22:34:18] [STACK] - Saving production stack for as-kor country...
INFO [2024-10-14 22:34:22] [STACK] - The daily production stack for as-kor from 2015-01-01 to 2015-12-31 has been saved!
INFO [2024-10-14 22:34:22] [STACK] - Saving production stack for as-kwt country...
INFO [2024-10-14 22:34:25] [STACK] - The daily production stack for as-kwt from 2015-01-01 to 2015-12-31 has been saved!
INFO [2024-10-14 22:34:25] [STACK] - Saving production stack for as-lao country...
INFO [2024-10-14 22:34:29] [STACK] - The daily production stack for as-lao from 2015-01-01 to 2015-12-31 has been saved!
INFO [2024-10-14 22:34:29] [STACK] - Saving production stack for as-lbn country...
INFO [2024-10-14 22:34:32] [STACK] - The daily production stack for as-lbn from 2015-01-01 to 2015-12-31 has been saved!
INFO [2024-10-14 22:34:32] [STACK] - Saving production stack for as-lka country...
INFO [2024-10-14 22:34:37] [STACK] - The daily production stack for as-lka from 2015-01-01 to 2015-12-31 has been saved!
INFO [2024-10-14 22:34:37] [STACK] - Saving production stack for as-mmr country...
INFO [2024-10-14 22:34:40] [STACK] - The daily production stack for as-mmr from 2015-01-01 to 2015-12-31 has been saved!
INFO [2024-10-14 22:34:40] [STACK] - Saving production stack for as-mng country...
INFO [2024-10-14 22:34:46] [STACK] - The daily production stack for as-mng from 2015-01-01 to 2015-12-31 has been saved!
INFO [2024-10-14 22:34:46] [STACK] - Saving production stack for as-mys country...
INFO [2024-10-14 22:34:50] [STACK] - The daily production stack for as-mys from 2015-01-01 to 2015-12-31 has been saved!
INFO [2024-10-14 22:34:50] [STACK] - Saving production stack for as-npl country...
INFO [2024-10-14 22:34:54] [STACK] - The daily production stack for as-npl from 2015-01-01 to 2015-12-31 has been saved!
INFO [2024-10-14 22:34:54] [STACK] - Saving production stack for as-omn country...
INFO [2024-10-14 22:34:57] [STACK] - The daily production stack for as-omn from 2015-01-01 to 2015-12-31 has been saved!
INFO [2024-10-14 22:34:57] [STACK] - Saving production stack for as-pak country...
INFO [2024-10-14 22:35:00] [STACK] - The daily production stack for as-pak from 2015-01-01 to 2015-12-31 has been saved!
INFO [2024-10-14 22:35:00] [STACK] - Saving production stack for as-phl country...
INFO [2024-10-14 22:35:04] [STACK] - The daily production stack for as-phl from 2015-01-01 to 2015-12-31 has been saved!
INFO [2024-10-14 22:35:04] [STACK] - Saving production stack for as-prk country...
INFO [2024-10-14 22:35:07] [STACK] - The daily production stack for as-prk from 2015-01-01 to 2015-12-31 has been saved!
INFO [2024-10-14 22:35:08] [STACK] - Saving production stack for as-qat country...
INFO [2024-10-14 22:35:10] [STACK] - The daily production stack for as-qat from 2015-01-01 to 2015-12-31 has been saved!
INFO [2024-10-14 22:35:11] [STACK] - Saving production stack for as-rus country...
INFO [2024-10-14 22:35:14] [STACK] - The daily production stack for as-rus from 2015-01-01 to 2015-12-31 has been saved!
INFO [2024-10-14 22:35:14] [STACK] - Saving production stack for as-sau country...
INFO [2024-10-14 22:35:17] [STACK] - The daily production stack for as-sau from 2015-01-01 to 2015-12-31 has been saved!
INFO [2024-10-14 22:35:17] [STACK] - Saving production stack for as-sgp country...
INFO [2024-10-14 22:35:21] [STACK] - The daily production stack for as-sgp from 2015-01-01 to 2015-12-31 has been saved!
INFO [2024-10-14 22:35:21] [STACK] - Saving production stack for as-syr country...
INFO [2024-10-14 22:35:24] [STACK] - The daily production stack for as-syr from 2015-01-01 to 2015-12-31 has been saved!
INFO [2024-10-14 22:35:24] [STACK] - Saving production stack for as-tha country...
INFO [2024-10-14 22:35:27] [STACK] - The daily production stack for as-tha from 2015-01-01 to 2015-12-31 has been saved!
INFO [2024-10-14 22:35:28] [STACK] - Saving production stack for as-tjk country...
INFO [2024-10-14 22:35:31] [STACK] - The daily production stack for as-tjk from 2015-01-01 to 2015-12-31 has been saved!
INFO [2024-10-14 22:35:32] [STACK] - Saving production stack for as-tkm country...
INFO [2024-10-14 22:35:35] [STACK] - The daily production stack for as-tkm from 2015-01-01 to 2015-12-31 has been saved!
INFO [2024-10-14 22:35:35] [STACK] - Saving production stack for as-tur country...
INFO [2024-10-14 22:35:39] [STACK] - The daily production stack for as-tur from 2015-01-01 to 2015-12-31 has been saved!
INFO [2024-10-14 22:35:39] [STACK] - Saving production stack for as-twn country...
INFO [2024-10-14 22:35:43] [STACK] - The daily production stack for as-twn from 2015-01-01 to 2015-12-31 has been saved!
INFO [2024-10-14 22:35:43] [STACK] - Saving production stack for as-uzb country...
INFO [2024-10-14 22:35:46] [STACK] - The daily production stack for as-uzb from 2015-01-01 to 2015-12-31 has been saved!
INFO [2024-10-14 22:35:46] [STACK] - Saving production stack for as-vnm country...
INFO [2024-10-14 22:35:49] [STACK] - The daily production stack for as-vnm from 2015-01-01 to 2015-12-31 has been saved!
INFO [2024-10-14 22:35:49] [STACK] - Saving production stack for as-yem country...
INFO [2024-10-14 22:35:52] [STACK] - The daily production stack for as-yem from 2015-01-01 to 2015-12-31 has been saved!
INFO [2024-10-14 22:35:52] [STACK] - Saving production stack for eu-alb country...
INFO [2024-10-14 22:35:57] [STACK] - The daily production stack for eu-alb from 2015-01-01 to 2015-12-31 has been saved!
INFO [2024-10-14 22:35:57] [STACK] - Saving production stack for eu-arm country...
INFO [2024-10-14 22:36:01] [STACK] - The daily production stack for eu-arm from 2015-01-01 to 2015-12-31 has been saved!
INFO [2024-10-14 22:36:01] [STACK] - Saving production stack for eu-aut country...
INFO [2024-10-14 22:36:08] [STACK] - The daily production stack for eu-aut from 2015-01-01 to 2015-12-31 has been saved!
INFO [2024-10-14 22:36:08] [STACK] - Saving production stack for eu-aze country...
INFO [2024-10-14 22:36:11] [STACK] - The daily production stack for eu-aze from 2015-01-01 to 2015-12-31 has been saved!
INFO [2024-10-14 22:36:11] [STACK] - Saving production stack for eu-bel country...
INFO [2024-10-14 22:36:16] [STACK] - The daily production stack for eu-bel from 2015-01-01 to 2015-12-31 has been saved!
INFO [2024-10-14 22:36:16] [STACK] - Saving production stack for eu-bgr country...
INFO [2024-10-14 22:36:20] [STACK] - The daily production stack for eu-bgr from 2015-01-01 to 2015-12-31 has been saved!
INFO [2024-10-14 22:36:20] [STACK] - Saving production stack for eu-bih country...
INFO [2024-10-14 22:36:25] [STACK] - The daily production stack for eu-bih from 2015-01-01 to 2015-12-31 has been saved!
INFO [2024-10-14 22:36:25] [STACK] - Saving production stack for eu-blr country...
INFO [2024-10-14 22:36:28] [STACK] - The daily production stack for eu-blr from 2015-01-01 to 2015-12-31 has been saved!
INFO [2024-10-14 22:36:28] [STACK] - Saving production stack for eu-che country...
INFO [2024-10-14 22:36:36] [STACK] - The daily production stack for eu-che from 2015-01-01 to 2015-12-31 has been saved!
INFO [2024-10-14 22:36:36] [STACK] - Saving production stack for eu-cyp country...
INFO [2024-10-14 22:36:39] [STACK] - The daily production stack for eu-cyp from 2015-01-01 to 2015-12-31 has been saved!
INFO [2024-10-14 22:36:39] [STACK] - Saving production stack for eu-cze country...
INFO [2024-10-14 22:36:44] [STACK] - The daily production stack for eu-cze from 2015-01-01 to 2015-12-31 has been saved!
INFO [2024-10-14 22:36:44] [STACK] - Saving production stack for eu-deu country...
INFO [2024-10-14 22:36:48] [STACK] - The daily production stack for eu-deu from 2015-01-01 to 2015-12-31 has been saved!
INFO [2024-10-14 22:36:48] [STACK] - Saving production stack for eu-dnk country...
INFO [2024-10-14 22:36:58] [STACK] - The daily production stack for eu-dnk from 2015-01-01 to 2015-12-31 has been saved!
INFO [2024-10-14 22:36:58] [STACK] - Saving production stack for eu-esp country...
INFO [2024-10-14 22:37:03] [STACK] - The daily production stack for eu-esp from 2015-01-01 to 2015-12-31 has been saved!
INFO [2024-10-14 22:37:03] [STACK] - Saving production stack for eu-est country...
INFO [2024-10-14 22:37:08] [STACK] - The daily production stack for eu-est from 2015-01-01 to 2015-12-31 has been saved!
INFO [2024-10-14 22:37:08] [STACK] - Saving production stack for eu-fin country...
INFO [2024-10-14 22:37:12] [STACK] - The daily production stack for eu-fin from 2015-01-01 to 2015-12-31 has been saved!
INFO [2024-10-14 22:37:12] [STACK] - Saving production stack for eu-fra country...
INFO [2024-10-14 22:37:16] [STACK] - The daily production stack for eu-fra from 2015-01-01 to 2015-12-31 has been saved!
INFO [2024-10-14 22:37:16] [STACK] - Saving production stack for eu-gbr country...
INFO [2024-10-14 22:37:21] [STACK] - The daily production stack for eu-gbr from 2015-01-01 to 2015-12-31 has been saved!
INFO [2024-10-14 22:37:21] [STACK] - Saving production stack for eu-geo country...
INFO [2024-10-14 22:37:24] [STACK] - The daily production stack for eu-geo from 2015-01-01 to 2015-12-31 has been saved!
INFO [2024-10-14 22:37:24] [STACK] - Saving production stack for eu-grc country...
INFO [2024-10-14 22:37:28] [STACK] - The daily production stack for eu-grc from 2015-01-01 to 2015-12-31 has been saved!
INFO [2024-10-14 22:37:28] [STACK] - Saving production stack for eu-hrv country...
INFO [2024-10-14 22:37:33] [STACK] - The daily production stack for eu-hrv from 2015-01-01 to 2015-12-31 has been saved!
INFO [2024-10-14 22:37:33] [STACK] - Saving production stack for eu-hun country...
INFO [2024-10-14 22:37:37] [STACK] - The daily production stack for eu-hun from 2015-01-01 to 2015-12-31 has been saved!
INFO [2024-10-14 22:37:37] [STACK] - Saving production stack for eu-irl country...
INFO [2024-10-14 22:37:42] [STACK] - The daily production stack for eu-irl from 2015-01-01 to 2015-12-31 has been saved!
INFO [2024-10-14 22:37:42] [STACK] - Saving production stack for eu-isl country...
INFO [2024-10-14 22:37:45] [STACK] - The daily production stack for eu-isl from 2015-01-01 to 2015-12-31 has been saved!
INFO [2024-10-14 22:37:45] [STACK] - Saving production stack for eu-ita country...
INFO [2024-10-14 22:37:50] [STACK] - The daily production stack for eu-ita from 2015-01-01 to 2015-12-31 has been saved!
INFO [2024-10-14 22:37:50] [STACK] - Saving production stack for eu-kos country...
INFO [2024-10-14 22:37:55] [STACK] - The daily production stack for eu-kos from 2015-01-01 to 2015-12-31 has been saved!
INFO [2024-10-14 22:37:55] [STACK] - Saving production stack for eu-ltu country...
INFO [2024-10-14 22:37:59] [STACK] - The daily production stack for eu-ltu from 2015-01-01 to 2015-12-31 has been saved!
INFO [2024-10-14 22:37:59] [STACK] - Saving production stack for eu-lux country...
INFO [2024-10-14 22:38:03] [STACK] - The daily production stack for eu-lux from 2015-01-01 to 2015-12-31 has been saved!
INFO [2024-10-14 22:38:03] [STACK] - Saving production stack for eu-lva country...
INFO [2024-10-14 22:38:07] [STACK] - The daily production stack for eu-lva from 2015-01-01 to 2015-12-31 has been saved!
INFO [2024-10-14 22:38:07] [STACK] - Saving production stack for eu-mda country...
INFO [2024-10-14 22:38:10] [STACK] - The daily production stack for eu-mda from 2015-01-01 to 2015-12-31 has been saved!
INFO [2024-10-14 22:38:11] [STACK] - Saving production stack for eu-mkd country...
INFO [2024-10-14 22:38:15] [STACK] - The daily production stack for eu-mkd from 2015-01-01 to 2015-12-31 has been saved!
INFO [2024-10-14 22:38:15] [STACK] - Saving production stack for eu-mne country...
INFO [2024-10-14 22:38:20] [STACK] - The daily production stack for eu-mne from 2015-01-01 to 2015-12-31 has been saved!
INFO [2024-10-14 22:38:20] [STACK] - Saving production stack for eu-nld country...
INFO [2024-10-14 22:38:24] [STACK] - The daily production stack for eu-nld from 2015-01-01 to 2015-12-31 has been saved!
INFO [2024-10-14 22:38:24] [STACK] - Saving production stack for eu-nor country...
INFO [2024-10-14 22:38:28] [STACK] - The daily production stack for eu-nor from 2015-01-01 to 2015-12-31 has been saved!
INFO [2024-10-14 22:38:28] [STACK] - Saving production stack for eu-pol country...
INFO [2024-10-14 22:38:32] [STACK] - The daily production stack for eu-pol from 2015-01-01 to 2015-12-31 has been saved!
INFO [2024-10-14 22:38:32] [STACK] - Saving production stack for eu-prt country...
INFO [2024-10-14 22:38:37] [STACK] - The daily production stack for eu-prt from 2015-01-01 to 2015-12-31 has been saved!
INFO [2024-10-14 22:38:37] [STACK] - Saving production stack for eu-rou country...
INFO [2024-10-14 22:38:41] [STACK] - The daily production stack for eu-rou from 2015-01-01 to 2015-12-31 has been saved!
INFO [2024-10-14 22:38:41] [STACK] - Saving production stack for eu-srb country...
INFO [2024-10-14 22:38:45] [STACK] - The daily production stack for eu-srb from 2015-01-01 to 2015-12-31 has been saved!
INFO [2024-10-14 22:38:45] [STACK] - Saving production stack for eu-svk country...
INFO [2024-10-14 22:38:50] [STACK] - The daily production stack for eu-svk from 2015-01-01 to 2015-12-31 has been saved!
INFO [2024-10-14 22:38:50] [STACK] - Saving production stack for eu-svn country...
INFO [2024-10-14 22:38:54] [STACK] - The daily production stack for eu-svn from 2015-01-01 to 2015-12-31 has been saved!
INFO [2024-10-14 22:38:54] [STACK] - Saving production stack for eu-swe country...
INFO [2024-10-14 22:38:58] [STACK] - The daily production stack for eu-swe from 2015-01-01 to 2015-12-31 has been saved!
INFO [2024-10-14 22:38:58] [STACK] - Saving production stack for eu-ukr country...
INFO [2024-10-14 22:39:02] [STACK] - The daily production stack for eu-ukr from 2015-01-01 to 2015-12-31 has been saved!
INFO [2024-10-14 22:39:02] [STACK] - Saving production stack for na-can country...
INFO [2024-10-14 22:39:06] [STACK] - The daily production stack for na-can from 2015-01-01 to 2015-12-31 has been saved!
INFO [2024-10-14 22:39:06] [STACK] - Saving production stack for na-cri country...
INFO [2024-10-14 22:39:09] [STACK] - The daily production stack for na-cri from 2015-01-01 to 2015-12-31 has been saved!
INFO [2024-10-14 22:39:09] [STACK] - Saving production stack for na-cub country...
INFO [2024-10-14 22:39:13] [STACK] - The daily production stack for na-cub from 2015-01-01 to 2015-12-31 has been saved!
INFO [2024-10-14 22:39:13] [STACK] - Saving production stack for na-dom country...
INFO [2024-10-14 22:39:16] [STACK] - The daily production stack for na-dom from 2015-01-01 to 2015-12-31 has been saved!
INFO [2024-10-14 22:39:16] [STACK] - Saving production stack for na-gtm country...
INFO [2024-10-14 22:39:20] [STACK] - The daily production stack for na-gtm from 2015-01-01 to 2015-12-31 has been saved!
INFO [2024-10-14 22:39:20] [STACK] - Saving production stack for na-hnd country...
INFO [2024-10-14 22:39:23] [STACK] - The daily production stack for na-hnd from 2015-01-01 to 2015-12-31 has been saved!
INFO [2024-10-14 22:39:23] [STACK] - Saving production stack for na-jam country...
INFO [2024-10-14 22:39:27] [STACK] - The daily production stack for na-jam from 2015-01-01 to 2015-12-31 has been saved!
INFO [2024-10-14 22:39:27] [STACK] - Saving production stack for na-mex country...
INFO [2024-10-14 22:39:31] [STACK] - The daily production stack for na-mex from 2015-01-01 to 2015-12-31 has been saved!
INFO [2024-10-14 22:39:31] [STACK] - Saving production stack for na-nic country...
INFO [2024-10-14 22:39:34] [STACK] - The daily production stack for na-nic from 2015-01-01 to 2015-12-31 has been saved!
INFO [2024-10-14 22:39:35] [STACK] - Saving production stack for na-pan country...
INFO [2024-10-14 22:39:38] [STACK] - The daily production stack for na-pan from 2015-01-01 to 2015-12-31 has been saved!
INFO [2024-10-14 22:39:38] [STACK] - Saving production stack for na-slv country...
INFO [2024-10-14 22:39:42] [STACK] - The daily production stack for na-slv from 2015-01-01 to 2015-12-31 has been saved!
INFO [2024-10-14 22:39:42] [STACK] - Saving production stack for na-tto country...
INFO [2024-10-14 22:39:46] [STACK] - The daily production stack for na-tto from 2015-01-01 to 2015-12-31 has been saved!
INFO [2024-10-14 22:39:46] [STACK] - Saving production stack for na-usa country...
INFO [2024-10-14 22:39:50] [STACK] - The daily production stack for na-usa from 2015-01-01 to 2015-12-31 has been saved!
INFO [2024-10-14 22:39:50] [STACK] - Saving production stack for oc-ata country...
INFO [2024-10-14 22:39:54] [STACK] - The daily production stack for oc-ata from 2015-01-01 to 2015-12-31 has been saved!
INFO [2024-10-14 22:39:54] [STACK] - Saving production stack for oc-aus country...
INFO [2024-10-14 22:39:58] [STACK] - The daily production stack for oc-aus from 2015-01-01 to 2015-12-31 has been saved!
INFO [2024-10-14 22:39:58] [STACK] - Saving production stack for oc-fji country...
INFO [2024-10-14 22:40:02] [STACK] - The daily production stack for oc-fji from 2015-01-01 to 2015-12-31 has been saved!
INFO [2024-10-14 22:40:02] [STACK] - Saving production stack for oc-nzl country...
INFO [2024-10-14 22:40:05] [STACK] - The daily production stack for oc-nzl from 2015-01-01 to 2015-12-31 has been saved!
INFO [2024-10-14 22:40:06] [STACK] - Saving production stack for oc-png country...
INFO [2024-10-14 22:40:09] [STACK] - The daily production stack for oc-png from 2015-01-01 to 2015-12-31 has been saved!
INFO [2024-10-14 22:40:09] [STACK] - Saving production stack for sa-arg country...
INFO [2024-10-14 22:40:13] [STACK] - The daily production stack for sa-arg from 2015-01-01 to 2015-12-31 has been saved!
INFO [2024-10-14 22:40:13] [STACK] - Saving production stack for sa-bol country...
INFO [2024-10-14 22:40:16] [STACK] - The daily production stack for sa-bol from 2015-01-01 to 2015-12-31 has been saved!
INFO [2024-10-14 22:40:16] [STACK] - Saving production stack for sa-bra country...
INFO [2024-10-14 22:40:21] [STACK] - The daily production stack for sa-bra from 2015-01-01 to 2015-12-31 has been saved!
INFO [2024-10-14 22:40:21] [STACK] - Saving production stack for sa-chl country...
INFO [2024-10-14 22:40:26] [STACK] - The daily production stack for sa-chl from 2015-01-01 to 2015-12-31 has been saved!
INFO [2024-10-14 22:40:26] [STACK] - Saving production stack for sa-col country...
INFO [2024-10-14 22:40:29] [STACK] - The daily production stack for sa-col from 2015-01-01 to 2015-12-31 has been saved!
INFO [2024-10-14 22:40:30] [STACK] - Saving production stack for sa-ecu country...
INFO [2024-10-14 22:40:33] [STACK] - The daily production stack for sa-ecu from 2015-01-01 to 2015-12-31 has been saved!
INFO [2024-10-14 22:40:33] [STACK] - Saving production stack for sa-guf country...
INFO [2024-10-14 22:40:36] [STACK] - The daily production stack for sa-guf from 2015-01-01 to 2015-12-31 has been saved!
INFO [2024-10-14 22:40:36] [STACK] - Saving production stack for sa-guy country...
INFO [2024-10-14 22:40:41] [STACK] - The daily production stack for sa-guy from 2015-01-01 to 2015-12-31 has been saved!
INFO [2024-10-14 22:40:41] [STACK] - Saving production stack for sa-per country...
INFO [2024-10-14 22:40:45] [STACK] - The daily production stack for sa-per from 2015-01-01 to 2015-12-31 has been saved!
INFO [2024-10-14 22:40:45] [STACK] - Saving production stack for sa-pry country...
INFO [2024-10-14 22:40:48] [STACK] - The daily production stack for sa-pry from 2015-01-01 to 2015-12-31 has been saved!
INFO [2024-10-14 22:40:48] [STACK] - Saving production stack for sa-ury country...
INFO [2024-10-14 22:40:53] [STACK] - The daily production stack for sa-ury from 2015-01-01 to 2015-12-31 has been saved!
INFO [2024-10-14 22:40:53] [STACK] - Saving production stack for sa-ven country...
INFO [2024-10-14 22:40:57] [STACK] - The daily production stack for sa-ven from 2015-01-01 to 2015-12-31 has been saved!
INFO [2024-10-14 22:40:57] [MAIN] - Done saving national production stacks! (run time : 10.74min).

INFO [2024-10-14 22:40:57] [MAIN] - Preparing to save regional production stacks...
INFO [2024-10-14 22:41:00] [STACK] - Saving production stack for as-chn-an region...
INFO [2024-10-14 22:41:04] [STACK] - The daily production stack for as-chn-an from 2015-01-01 to 2015-12-31 has been saved!
INFO [2024-10-14 22:41:04] [STACK] - Saving production stack for as-chn-be region...
INFO [2024-10-14 22:41:08] [STACK] - The daily production stack for as-chn-be from 2015-01-01 to 2015-12-31 has been saved!
INFO [2024-10-14 22:41:08] [STACK] - Saving production stack for as-chn-ch region...
INFO [2024-10-14 22:41:11] [STACK] - The daily production stack for as-chn-ch from 2015-01-01 to 2015-12-31 has been saved!
INFO [2024-10-14 22:41:11] [STACK] - Saving production stack for as-chn-em region...
INFO [2024-10-14 22:41:16] [STACK] - The daily production stack for as-chn-em from 2015-01-01 to 2015-12-31 has been saved!
INFO [2024-10-14 22:41:16] [STACK] - Saving production stack for as-chn-fu region...
INFO [2024-10-14 22:41:20] [STACK] - The daily production stack for as-chn-fu from 2015-01-01 to 2015-12-31 has been saved!
INFO [2024-10-14 22:41:20] [STACK] - Saving production stack for as-chn-ga region...
INFO [2024-10-14 22:41:25] [STACK] - The daily production stack for as-chn-ga from 2015-01-01 to 2015-12-31 has been saved!
INFO [2024-10-14 22:41:25] [STACK] - Saving production stack for as-chn-gd region...
INFO [2024-10-14 22:41:28] [STACK] - The daily production stack for as-chn-gd from 2015-01-01 to 2015-12-31 has been saved!
INFO [2024-10-14 22:41:28] [STACK] - Saving production stack for as-chn-gu region...
INFO [2024-10-14 22:41:32] [STACK] - The daily production stack for as-chn-gu from 2015-01-01 to 2015-12-31 has been saved!
INFO [2024-10-14 22:41:32] [STACK] - Saving production stack for as-chn-gx region...
INFO [2024-10-14 22:41:35] [STACK] - The daily production stack for as-chn-gx from 2015-01-01 to 2015-12-31 has been saved!
INFO [2024-10-14 22:41:35] [STACK] - Saving production stack for as-chn-ha region...
INFO [2024-10-14 22:41:39] [STACK] - The daily production stack for as-chn-ha from 2015-01-01 to 2015-12-31 has been saved!
INFO [2024-10-14 22:41:39] [STACK] - Saving production stack for as-chn-hb region...
INFO [2024-10-14 22:41:43] [STACK] - The daily production stack for as-chn-hb from 2015-01-01 to 2015-12-31 has been saved!
INFO [2024-10-14 22:41:43] [STACK] - Saving production stack for as-chn-he region...
INFO [2024-10-14 22:41:46] [STACK] - The daily production stack for as-chn-he from 2015-01-01 to 2015-12-31 has been saved!
INFO [2024-10-14 22:41:47] [STACK] - Saving production stack for as-chn-hj region...
INFO [2024-10-14 22:41:50] [STACK] - The daily production stack for as-chn-hj from 2015-01-01 to 2015-12-31 has been saved!
INFO [2024-10-14 22:41:50] [STACK] - Saving production stack for as-chn-hk region...
INFO [2024-10-14 22:41:53] [STACK] - The daily production stack for as-chn-hk from 2015-01-01 to 2015-12-31 has been saved!
INFO [2024-10-14 22:41:53] [STACK] - Saving production stack for as-chn-hn region...
INFO [2024-10-14 22:41:56] [STACK] - The daily production stack for as-chn-hn from 2015-01-01 to 2015-12-31 has been saved!
INFO [2024-10-14 22:41:56] [STACK] - Saving production stack for as-chn-hu region...
INFO [2024-10-14 22:41:59] [STACK] - The daily production stack for as-chn-hu from 2015-01-01 to 2015-12-31 has been saved!
INFO [2024-10-14 22:41:59] [STACK] - Saving production stack for as-chn-ji region...
INFO [2024-10-14 22:42:03] [STACK] - The daily production stack for as-chn-ji from 2015-01-01 to 2015-12-31 has been saved!
INFO [2024-10-14 22:42:03] [STACK] - Saving production stack for as-chn-js region...
INFO [2024-10-14 22:42:06] [STACK] - The daily production stack for as-chn-js from 2015-01-01 to 2015-12-31 has been saved!
INFO [2024-10-14 22:42:06] [STACK] - Saving production stack for as-chn-jx region...
INFO [2024-10-14 22:42:09] [STACK] - The daily production stack for as-chn-jx from 2015-01-01 to 2015-12-31 has been saved!
INFO [2024-10-14 22:42:09] [STACK] - Saving production stack for as-chn-li region...
INFO [2024-10-14 22:42:13] [STACK] - The daily production stack for as-chn-li from 2015-01-01 to 2015-12-31 has been saved!
INFO [2024-10-14 22:42:13] [STACK] - Saving production stack for as-chn-ma region...
INFO [2024-10-14 22:42:16] [STACK] - The daily production stack for as-chn-ma from 2015-01-01 to 2015-12-31 has been saved!
INFO [2024-10-14 22:42:16] [STACK] - Saving production stack for as-chn-ni region...
INFO [2024-10-14 22:42:20] [STACK] - The daily production stack for as-chn-ni from 2015-01-01 to 2015-12-31 has been saved!
INFO [2024-10-14 22:42:20] [STACK] - Saving production stack for as-chn-qi region...
INFO [2024-10-14 22:42:23] [STACK] - The daily production stack for as-chn-qi from 2015-01-01 to 2015-12-31 has been saved!
INFO [2024-10-14 22:42:23] [STACK] - Saving production stack for as-chn-sc region...
INFO [2024-10-14 22:42:26] [STACK] - The daily production stack for as-chn-sc from 2015-01-01 to 2015-12-31 has been saved!
INFO [2024-10-14 22:42:26] [STACK] - Saving production stack for as-chn-sd region...
INFO [2024-10-14 22:42:29] [STACK] - The daily production stack for as-chn-sd from 2015-01-01 to 2015-12-31 has been saved!
INFO [2024-10-14 22:42:29] [STACK] - Saving production stack for as-chn-sh region...
INFO [2024-10-14 22:42:32] [STACK] - The daily production stack for as-chn-sh from 2015-01-01 to 2015-12-31 has been saved!
INFO [2024-10-14 22:42:33] [STACK] - Saving production stack for as-chn-si region...
INFO [2024-10-14 22:42:35] [STACK] - The daily production stack for as-chn-si from 2015-01-01 to 2015-12-31 has been saved!
INFO [2024-10-14 22:42:36] [STACK] - Saving production stack for as-chn-sx region...
INFO [2024-10-14 22:42:39] [STACK] - The daily production stack for as-chn-sx from 2015-01-01 to 2015-12-31 has been saved!
INFO [2024-10-14 22:42:39] [STACK] - Saving production stack for as-chn-ti region...
INFO [2024-10-14 22:42:43] [STACK] - The daily production stack for as-chn-ti from 2015-01-01 to 2015-12-31 has been saved!
INFO [2024-10-14 22:42:43] [STACK] - Saving production stack for as-chn-tj region...
INFO [2024-10-14 22:42:46] [STACK] - The daily production stack for as-chn-tj from 2015-01-01 to 2015-12-31 has been saved!
INFO [2024-10-14 22:42:46] [STACK] - Saving production stack for as-chn-wm region...
INFO [2024-10-14 22:42:50] [STACK] - The daily production stack for as-chn-wm from 2015-01-01 to 2015-12-31 has been saved!
INFO [2024-10-14 22:42:50] [STACK] - Saving production stack for as-chn-xi region...
INFO [2024-10-14 22:42:53] [STACK] - The daily production stack for as-chn-xi from 2015-01-01 to 2015-12-31 has been saved!
INFO [2024-10-14 22:42:53] [STACK] - Saving production stack for as-chn-yu region...
INFO [2024-10-14 22:42:56] [STACK] - The daily production stack for as-chn-yu from 2015-01-01 to 2015-12-31 has been saved!
INFO [2024-10-14 22:42:56] [STACK] - Saving production stack for as-chn-zh region...
INFO [2024-10-14 22:42:59] [STACK] - The daily production stack for as-chn-zh from 2015-01-01 to 2015-12-31 has been saved!
INFO [2024-10-14 22:42:59] [STACK] - Saving production stack for as-ind-ea region...
INFO [2024-10-14 22:43:03] [STACK] - The daily production stack for as-ind-ea from 2015-01-01 to 2015-12-31 has been saved!
INFO [2024-10-14 22:43:03] [STACK] - Saving production stack for as-ind-ne region...
INFO [2024-10-14 22:43:06] [STACK] - The daily production stack for as-ind-ne from 2015-01-01 to 2015-12-31 has been saved!
INFO [2024-10-14 22:43:06] [STACK] - Saving production stack for as-ind-no region...
INFO [2024-10-14 22:43:09] [STACK] - The daily production stack for as-ind-no from 2015-01-01 to 2015-12-31 has been saved!
INFO [2024-10-14 22:43:09] [STACK] - Saving production stack for as-ind-so region...
INFO [2024-10-14 22:43:13] [STACK] - The daily production stack for as-ind-so from 2015-01-01 to 2015-12-31 has been saved!
INFO [2024-10-14 22:43:13] [STACK] - Saving production stack for as-ind-we region...
INFO [2024-10-14 22:43:16] [STACK] - The daily production stack for as-ind-we from 2015-01-01 to 2015-12-31 has been saved!
INFO [2024-10-14 22:43:16] [STACK] - Saving production stack for as-jpn-ce region...
INFO [2024-10-14 22:43:20] [STACK] - The daily production stack for as-jpn-ce from 2015-01-01 to 2015-12-31 has been saved!
INFO [2024-10-14 22:43:20] [STACK] - Saving production stack for as-jpn-ho region...
INFO [2024-10-14 22:43:24] [STACK] - The daily production stack for as-jpn-ho from 2015-01-01 to 2015-12-31 has been saved!
INFO [2024-10-14 22:43:24] [STACK] - Saving production stack for as-jpn-ky region...
INFO [2024-10-14 22:43:27] [STACK] - The daily production stack for as-jpn-ky from 2015-01-01 to 2015-12-31 has been saved!
INFO [2024-10-14 22:43:27] [STACK] - Saving production stack for as-jpn-ok region...
INFO [2024-10-14 22:43:31] [STACK] - The daily production stack for as-jpn-ok from 2015-01-01 to 2015-12-31 has been saved!
INFO [2024-10-14 22:43:31] [STACK] - Saving production stack for as-jpn-sh region...
INFO [2024-10-14 22:43:35] [STACK] - The daily production stack for as-jpn-sh from 2015-01-01 to 2015-12-31 has been saved!
INFO [2024-10-14 22:43:35] [STACK] - Saving production stack for as-jpn-to region...
INFO [2024-10-14 22:43:38] [STACK] - The daily production stack for as-jpn-to from 2015-01-01 to 2015-12-31 has been saved!
INFO [2024-10-14 22:43:39] [STACK] - Saving production stack for as-rus-ce region...
INFO [2024-10-14 22:43:42] [STACK] - The daily production stack for as-rus-ce from 2015-01-01 to 2015-12-31 has been saved!
INFO [2024-10-14 22:43:42] [STACK] - Saving production stack for as-rus-fe region...
INFO [2024-10-14 22:43:45] [STACK] - The daily production stack for as-rus-fe from 2015-01-01 to 2015-12-31 has been saved!
INFO [2024-10-14 22:43:45] [STACK] - Saving production stack for as-rus-mv region...
INFO [2024-10-14 22:43:48] [STACK] - The daily production stack for as-rus-mv from 2015-01-01 to 2015-12-31 has been saved!
INFO [2024-10-14 22:43:49] [STACK] - Saving production stack for as-rus-nw region...
INFO [2024-10-14 22:43:52] [STACK] - The daily production stack for as-rus-nw from 2015-01-01 to 2015-12-31 has been saved!
INFO [2024-10-14 22:43:52] [STACK] - Saving production stack for as-rus-si region...
INFO [2024-10-14 22:43:55] [STACK] - The daily production stack for as-rus-si from 2015-01-01 to 2015-12-31 has been saved!
INFO [2024-10-14 22:43:55] [STACK] - Saving production stack for as-rus-so region...
INFO [2024-10-14 22:43:58] [STACK] - The daily production stack for as-rus-so from 2015-01-01 to 2015-12-31 has been saved!
INFO [2024-10-14 22:43:58] [STACK] - Saving production stack for as-rus-ur region...
INFO [2024-10-14 22:44:01] [STACK] - The daily production stack for as-rus-ur from 2015-01-01 to 2015-12-31 has been saved!
INFO [2024-10-14 22:44:01] [STACK] - Saving production stack for na-can-ab region...
INFO [2024-10-14 22:44:04] [STACK] - The daily production stack for na-can-ab from 2015-01-01 to 2015-12-31 has been saved!
INFO [2024-10-14 22:44:04] [STACK] - Saving production stack for na-can-ar region...
INFO [2024-10-14 22:44:07] [STACK] - The daily production stack for na-can-ar from 2015-01-01 to 2015-12-31 has been saved!
INFO [2024-10-14 22:44:07] [STACK] - Saving production stack for na-can-bc region...
INFO [2024-10-14 22:44:11] [STACK] - The daily production stack for na-can-bc from 2015-01-01 to 2015-12-31 has been saved!
INFO [2024-10-14 22:44:11] [STACK] - Saving production stack for na-can-mb region...
INFO [2024-10-14 22:44:15] [STACK] - The daily production stack for na-can-mb from 2015-01-01 to 2015-12-31 has been saved!
INFO [2024-10-14 22:44:15] [STACK] - Saving production stack for na-can-nl region...
INFO [2024-10-14 22:44:18] [STACK] - The daily production stack for na-can-nl from 2015-01-01 to 2015-12-31 has been saved!
INFO [2024-10-14 22:44:18] [STACK] - Saving production stack for na-can-no region...
INFO [2024-10-14 22:44:21] [STACK] - The daily production stack for na-can-no from 2015-01-01 to 2015-12-31 has been saved!
INFO [2024-10-14 22:44:21] [STACK] - Saving production stack for na-can-on region...
INFO [2024-10-14 22:44:24] [STACK] - The daily production stack for na-can-on from 2015-01-01 to 2015-12-31 has been saved!
INFO [2024-10-14 22:44:24] [STACK] - Saving production stack for na-can-qc region...
INFO [2024-10-14 22:44:27] [STACK] - The daily production stack for na-can-qc from 2015-01-01 to 2015-12-31 has been saved!
INFO [2024-10-14 22:44:28] [STACK] - Saving production stack for na-can-sk region...
INFO [2024-10-14 22:44:31] [STACK] - The daily production stack for na-can-sk from 2015-01-01 to 2015-12-31 has been saved!
INFO [2024-10-14 22:44:31] [STACK] - Saving production stack for na-usa-ak region...
INFO [2024-10-14 22:44:34] [STACK] - The daily production stack for na-usa-ak from 2015-01-01 to 2015-12-31 has been saved!
INFO [2024-10-14 22:44:34] [STACK] - Saving production stack for na-usa-az region...
INFO [2024-10-14 22:44:37] [STACK] - The daily production stack for na-usa-az from 2015-01-01 to 2015-12-31 has been saved!
INFO [2024-10-14 22:44:37] [STACK] - Saving production stack for na-usa-ca region...
INFO [2024-10-14 22:44:41] [STACK] - The daily production stack for na-usa-ca from 2015-01-01 to 2015-12-31 has been saved!
INFO [2024-10-14 22:44:41] [STACK] - Saving production stack for na-usa-er region...
INFO [2024-10-14 22:44:44] [STACK] - The daily production stack for na-usa-er from 2015-01-01 to 2015-12-31 has been saved!
INFO [2024-10-14 22:44:44] [STACK] - Saving production stack for na-usa-fr region...
INFO [2024-10-14 22:44:48] [STACK] - The daily production stack for na-usa-fr from 2015-01-01 to 2015-12-31 has been saved!
INFO [2024-10-14 22:44:48] [STACK] - Saving production stack for na-usa-gu region...
INFO [2024-10-14 22:44:52] [STACK] - The daily production stack for na-usa-gu from 2015-01-01 to 2015-12-31 has been saved!
INFO [2024-10-14 22:44:52] [STACK] - Saving production stack for na-usa-ha region...
INFO [2024-10-14 22:44:56] [STACK] - The daily production stack for na-usa-ha from 2015-01-01 to 2015-12-31 has been saved!
INFO [2024-10-14 22:44:56] [STACK] - Saving production stack for na-usa-me region...
INFO [2024-10-14 22:44:59] [STACK] - The daily production stack for na-usa-me from 2015-01-01 to 2015-12-31 has been saved!
INFO [2024-10-14 22:44:59] [STACK] - Saving production stack for na-usa-mw region...
INFO [2024-10-14 22:45:04] [STACK] - The daily production stack for na-usa-mw from 2015-01-01 to 2015-12-31 has been saved!
INFO [2024-10-14 22:45:04] [STACK] - Saving production stack for na-usa-ne region...
INFO [2024-10-14 22:45:07] [STACK] - The daily production stack for na-usa-ne from 2015-01-01 to 2015-12-31 has been saved!
INFO [2024-10-14 22:45:07] [STACK] - Saving production stack for na-usa-nw region...
INFO [2024-10-14 22:45:11] [STACK] - The daily production stack for na-usa-nw from 2015-01-01 to 2015-12-31 has been saved!
INFO [2024-10-14 22:45:11] [STACK] - Saving production stack for na-usa-ny region...
INFO [2024-10-14 22:45:14] [STACK] - The daily production stack for na-usa-ny from 2015-01-01 to 2015-12-31 has been saved!
INFO [2024-10-14 22:45:14] [STACK] - Saving production stack for na-usa-pr region...
INFO [2024-10-14 22:45:18] [STACK] - The daily production stack for na-usa-pr from 2015-01-01 to 2015-12-31 has been saved!
INFO [2024-10-14 22:45:18] [STACK] - Saving production stack for na-usa-ra region...
INFO [2024-10-14 22:45:22] [STACK] - The daily production stack for na-usa-ra from 2015-01-01 to 2015-12-31 has been saved!
INFO [2024-10-14 22:45:22] [STACK] - Saving production stack for na-usa-re region...
INFO [2024-10-14 22:45:25] [STACK] - The daily production stack for na-usa-re from 2015-01-01 to 2015-12-31 has been saved!
INFO [2024-10-14 22:45:25] [STACK] - Saving production stack for na-usa-rm region...
INFO [2024-10-14 22:45:29] [STACK] - The daily production stack for na-usa-rm from 2015-01-01 to 2015-12-31 has been saved!
INFO [2024-10-14 22:45:29] [STACK] - Saving production stack for na-usa-rw region...
INFO [2024-10-14 22:45:33] [STACK] - The daily production stack for na-usa-rw from 2015-01-01 to 2015-12-31 has been saved!
INFO [2024-10-14 22:45:33] [STACK] - Saving production stack for na-usa-sa region...
INFO [2024-10-14 22:45:36] [STACK] - The daily production stack for na-usa-sa from 2015-01-01 to 2015-12-31 has been saved!
INFO [2024-10-14 22:45:36] [STACK] - Saving production stack for na-usa-sc region...
INFO [2024-10-14 22:45:39] [STACK] - The daily production stack for na-usa-sc from 2015-01-01 to 2015-12-31 has been saved!
INFO [2024-10-14 22:45:39] [STACK] - Saving production stack for na-usa-se region...
INFO [2024-10-14 22:45:43] [STACK] - The daily production stack for na-usa-se from 2015-01-01 to 2015-12-31 has been saved!
INFO [2024-10-14 22:45:43] [STACK] - Saving production stack for na-usa-sn region...
INFO [2024-10-14 22:45:47] [STACK] - The daily production stack for na-usa-sn from 2015-01-01 to 2015-12-31 has been saved!
INFO [2024-10-14 22:45:47] [STACK] - Saving production stack for na-usa-ss region...
INFO [2024-10-14 22:45:51] [STACK] - The daily production stack for na-usa-ss from 2015-01-01 to 2015-12-31 has been saved!
INFO [2024-10-14 22:45:51] [STACK] - Saving production stack for na-usa-sv region...
INFO [2024-10-14 22:45:55] [STACK] - The daily production stack for na-usa-sv from 2015-01-01 to 2015-12-31 has been saved!
INFO [2024-10-14 22:45:55] [STACK] - Saving production stack for na-usa-sw region...
INFO [2024-10-14 22:45:59] [STACK] - The daily production stack for na-usa-sw from 2015-01-01 to 2015-12-31 has been saved!
INFO [2024-10-14 22:45:59] [STACK] - Saving production stack for oc-aus-nt region...
INFO [2024-10-14 22:46:03] [STACK] - The daily production stack for oc-aus-nt from 2015-01-01 to 2015-12-31 has been saved!
INFO [2024-10-14 22:46:03] [STACK] - Saving production stack for oc-aus-ql region...
INFO [2024-10-14 22:46:06] [STACK] - The daily production stack for oc-aus-ql from 2015-01-01 to 2015-12-31 has been saved!
INFO [2024-10-14 22:46:06] [STACK] - Saving production stack for oc-aus-sa region...
INFO [2024-10-14 22:46:12] [STACK] - The daily production stack for oc-aus-sa from 2015-01-01 to 2015-12-31 has been saved!
INFO [2024-10-14 22:46:12] [STACK] - Saving production stack for oc-aus-sw region...
INFO [2024-10-14 22:46:17] [STACK] - The daily production stack for oc-aus-sw from 2015-01-01 to 2015-12-31 has been saved!
INFO [2024-10-14 22:46:17] [STACK] - Saving production stack for oc-aus-ta region...
INFO [2024-10-14 22:46:20] [STACK] - The daily production stack for oc-aus-ta from 2015-01-01 to 2015-12-31 has been saved!
INFO [2024-10-14 22:46:20] [STACK] - Saving production stack for oc-aus-vi region...
INFO [2024-10-14 22:46:25] [STACK] - The daily production stack for oc-aus-vi from 2015-01-01 to 2015-12-31 has been saved!
INFO [2024-10-14 22:46:25] [STACK] - Saving production stack for oc-aus-wa region...
INFO [2024-10-14 22:46:28] [STACK] - The daily production stack for oc-aus-wa from 2015-01-01 to 2015-12-31 has been saved!
INFO [2024-10-14 22:46:28] [STACK] - Saving production stack for sa-bra-cn region...
INFO [2024-10-14 22:46:32] [STACK] - The daily production stack for sa-bra-cn from 2015-01-01 to 2015-12-31 has been saved!
INFO [2024-10-14 22:46:32] [STACK] - Saving production stack for sa-bra-cw region...
INFO [2024-10-14 22:46:36] [STACK] - The daily production stack for sa-bra-cw from 2015-01-01 to 2015-12-31 has been saved!
INFO [2024-10-14 22:46:36] [STACK] - Saving production stack for sa-bra-j1 region...
INFO [2024-10-14 22:46:38] [STACK] - The daily production stack for sa-bra-j1 from 2015-01-01 to 2015-12-31 has been saved!
INFO [2024-10-14 22:46:39] [STACK] - Saving production stack for sa-bra-j2 region...
INFO [2024-10-14 22:46:41] [STACK] - The daily production stack for sa-bra-j2 from 2015-01-01 to 2015-12-31 has been saved!
INFO [2024-10-14 22:46:41] [STACK] - Saving production stack for sa-bra-j3 region...
INFO [2024-10-14 22:46:44] [STACK] - The daily production stack for sa-bra-j3 from 2015-01-01 to 2015-12-31 has been saved!
INFO [2024-10-14 22:46:44] [STACK] - Saving production stack for sa-bra-ne region...
INFO [2024-10-14 22:46:48] [STACK] - The daily production stack for sa-bra-ne from 2015-01-01 to 2015-12-31 has been saved!
INFO [2024-10-14 22:46:49] [STACK] - Saving production stack for sa-bra-nw region...
INFO [2024-10-14 22:46:52] [STACK] - The daily production stack for sa-bra-nw from 2015-01-01 to 2015-12-31 has been saved!
INFO [2024-10-14 22:46:52] [STACK] - Saving production stack for sa-bra-se region...
INFO [2024-10-14 22:46:56] [STACK] - The daily production stack for sa-bra-se from 2015-01-01 to 2015-12-31 has been saved!
INFO [2024-10-14 22:46:56] [STACK] - Saving production stack for sa-bra-so region...
INFO [2024-10-14 22:47:00] [STACK] - The daily production stack for sa-bra-so from 2015-01-01 to 2015-12-31 has been saved!
INFO [2024-10-14 22:47:00] [STACK] - Saving production stack for sa-bra-we region...
INFO [2024-10-14 22:47:03] [STACK] - The daily production stack for sa-bra-we from 2015-01-01 to 2015-12-31 has been saved!
INFO [2024-10-14 22:47:03] [MAIN] - Done saving regional production stacks! (run time : 6.11min).

INFO [2024-10-14 22:47:03] [MAIN] - Preparing to save global production stack...
INFO [2024-10-14 22:47:06] [MAIN] - Done saving global production stack! (run time : 3.05s).

INFO [2024-10-14 22:47:06] [MAIN] - Preparing to save continental production stacks...
INFO [2024-10-14 22:47:07] [STACK] - Saving production stack for africa continent...
INFO [2024-10-14 22:47:10] [STACK] - The hourly production stack for africa from 2015-01-05 to 2015-01-12 has been saved!
INFO [2024-10-14 22:47:10] [STACK] - Saving production stack for asia continent...
INFO [2024-10-14 22:47:13] [STACK] - The hourly production stack for asia from 2015-01-05 to 2015-01-12 has been saved!
INFO [2024-10-14 22:47:13] [STACK] - Saving production stack for europe continent...
INFO [2024-10-14 22:47:16] [STACK] - The hourly production stack for europe from 2015-01-05 to 2015-01-12 has been saved!
INFO [2024-10-14 22:47:16] [STACK] - Saving production stack for north america continent...
INFO [2024-10-14 22:47:18] [STACK] - The hourly production stack for north america from 2015-01-05 to 2015-01-12 has been saved!
INFO [2024-10-14 22:47:19] [STACK] - Saving production stack for oceania continent...
INFO [2024-10-14 22:47:21] [STACK] - The hourly production stack for oceania from 2015-01-05 to 2015-01-12 has been saved!
INFO [2024-10-14 22:47:21] [STACK] - Saving production stack for south america continent...
INFO [2024-10-14 22:47:24] [STACK] - The hourly production stack for south america from 2015-01-05 to 2015-01-12 has been saved!
INFO [2024-10-14 22:47:24] [MAIN] - Done saving continental production stacks! (run time : 17.56s).

INFO [2024-10-14 22:47:24] [MAIN] - Preparing to save national production stacks...
INFO [2024-10-14 22:47:33] [STACK] - Saving production stack for af-ago country...
INFO [2024-10-14 22:47:36] [STACK] - The hourly production stack for af-ago from 2015-01-05 to 2015-01-12 has been saved!
INFO [2024-10-14 22:47:36] [STACK] - Saving production stack for af-bdi country...
