INFO [2024-08-21 08:50:23] [MAIN] - Creating Deane_testAmericas__2024_08_21_08_50_23 study...

INFO [2024-08-21 08:50:23] [MAIN] - Unit commitment mode : ACCURATE
INFO [2024-08-21 08:50:23] [MAIN] - Adding nodes...

INFO [2024-08-21 08:50:26] [NODES] - Adding NA-CAN-AB node...
INFO [2024-08-21 08:50:26] [NODES] - Adding NA-CAN-AR node...
INFO [2024-08-21 08:50:26] [NODES] - Adding NA-CAN-BC node...
INFO [2024-08-21 08:50:26] [NODES] - Adding NA-CAN-MB node...
INFO [2024-08-21 08:50:27] [NODES] - Adding NA-CAN-NL node...
INFO [2024-08-21 08:50:27] [NODES] - Adding NA-CAN-NO node...
INFO [2024-08-21 08:50:27] [NODES] - Adding NA-CAN-ON node...
INFO [2024-08-21 08:50:28] [NODES] - Adding NA-CAN-QC node...
INFO [2024-08-21 08:50:28] [NODES] - Adding NA-CAN-SK node...
INFO [2024-08-21 08:50:28] [NODES] - Adding NA-CRI node...
INFO [2024-08-21 08:50:28] [NODES] - Adding NA-CUB node...
INFO [2024-08-21 08:50:29] [NODES] - Adding NA-DOM node...
INFO [2024-08-21 08:50:29] [NODES] - Adding NA-GTM node...
INFO [2024-08-21 08:50:29] [NODES] - Adding NA-HND node...
INFO [2024-08-21 08:50:30] [NODES] - Adding NA-JAM node...
INFO [2024-08-21 08:50:30] [NODES] - Adding NA-MEX node...
INFO [2024-08-21 08:50:30] [NODES] - Adding NA-NIC node...
INFO [2024-08-21 08:50:31] [NODES] - Adding NA-PAN node...
INFO [2024-08-21 08:50:31] [NODES] - Adding NA-SLV node...
INFO [2024-08-21 08:50:32] [NODES] - Adding NA-TTO node...
INFO [2024-08-21 08:50:32] [NODES] - Adding NA-USA-AK node...
INFO [2024-08-21 08:50:32] [NODES] - Adding NA-USA-AZ node...
INFO [2024-08-21 08:50:33] [NODES] - Adding NA-USA-CA node...
INFO [2024-08-21 08:50:33] [NODES] - Adding NA-USA-ER node...
INFO [2024-08-21 08:50:33] [NODES] - Adding NA-USA-FR node...
INFO [2024-08-21 08:50:34] [NODES] - Adding NA-USA-GU node...
INFO [2024-08-21 08:50:35] [NODES] - Adding NA-USA-HA node...
INFO [2024-08-21 08:50:35] [NODES] - Adding NA-USA-ME node...
INFO [2024-08-21 08:50:36] [NODES] - Adding NA-USA-MW node...
INFO [2024-08-21 08:50:36] [NODES] - Adding NA-USA-NE node...
INFO [2024-08-21 08:50:37] [NODES] - Adding NA-USA-NW node...
INFO [2024-08-21 08:50:37] [NODES] - Adding NA-USA-NY node...
INFO [2024-08-21 08:50:37] [NODES] - Adding NA-USA-PR node...
INFO [2024-08-21 08:50:38] [NODES] - Adding NA-USA-RA node...
INFO [2024-08-21 08:50:38] [NODES] - Adding NA-USA-RE node...
INFO [2024-08-21 08:50:39] [NODES] - Adding NA-USA-RM node...
INFO [2024-08-21 08:50:39] [NODES] - Adding NA-USA-RW node...
INFO [2024-08-21 08:50:40] [NODES] - Adding NA-USA-SA node...
INFO [2024-08-21 08:50:40] [NODES] - Adding NA-USA-SC node...
INFO [2024-08-21 08:50:40] [NODES] - Adding NA-USA-SE node...
INFO [2024-08-21 08:50:41] [NODES] - Adding NA-USA-SN node...
INFO [2024-08-21 08:50:41] [NODES] - Adding NA-USA-SS node...
INFO [2024-08-21 08:50:42] [NODES] - Adding NA-USA-SV node...
INFO [2024-08-21 08:50:42] [NODES] - Adding NA-USA-SW node...
INFO [2024-08-21 08:50:42] [NODES] - Adding SA-ARG node...
INFO [2024-08-21 08:50:43] [NODES] - Adding SA-BOL node...
INFO [2024-08-21 08:50:43] [NODES] - Adding SA-BRA-CN node...
INFO [2024-08-21 08:50:43] [NODES] - Adding SA-BRA-CW node...
INFO [2024-08-21 08:50:44] [NODES] - Adding SA-BRA-J1 node...
INFO [2024-08-21 08:50:45] [NODES] - Adding SA-BRA-J2 node...
INFO [2024-08-21 08:50:45] [NODES] - Adding SA-BRA-J3 node...
INFO [2024-08-21 08:50:46] [NODES] - Adding SA-BRA-NE node...
INFO [2024-08-21 08:50:46] [NODES] - Adding SA-BRA-NW node...
INFO [2024-08-21 08:50:46] [NODES] - Adding SA-BRA-SE node...
INFO [2024-08-21 08:50:47] [NODES] - Adding SA-BRA-SO node...
INFO [2024-08-21 08:50:47] [NODES] - Adding SA-BRA-WE node...
INFO [2024-08-21 08:50:48] [NODES] - Adding SA-CHL node...
INFO [2024-08-21 08:50:48] [NODES] - Adding SA-COL node...
INFO [2024-08-21 08:50:49] [NODES] - Adding SA-ECU node...
INFO [2024-08-21 08:50:49] [NODES] - Adding SA-GUF node...
INFO [2024-08-21 08:50:50] [NODES] - Adding SA-GUY node...
INFO [2024-08-21 08:50:50] [NODES] - Adding SA-PER node...
INFO [2024-08-21 08:50:51] [NODES] - Adding SA-PRY node...
INFO [2024-08-21 08:50:51] [NODES] - Adding SA-URY node...
INFO [2024-08-21 08:50:52] [NODES] - Adding SA-VEN node...
INFO [2024-08-21 08:50:52] [MAIN] - Done adding nodes! (run time : 29.03s).

INFO [2024-08-21 08:50:52] [MAIN] - Adding districts...

INFO [2024-08-21 08:50:53] [DISTRICTS] - Creating africa continental district...
INFO [2024-08-21 08:50:53] [MAIN] - Starting 15thmClu_accUCM__2024_08_21_08_50_53 simulation...
INFO [2024-08-21 08:52:54] [MAIN] - Opening latest simulation...
INFO [2024-08-21 08:52:54] [OUTPUT] - Initializing output folder...
INFO [2024-08-21 08:52:54] [OUTPUT] - Preparing to save production stacks to output folder...
INFO [2024-08-21 08:52:58] [OUTPUT] - Saving hourly production stack for na-can-ab node...
