INFO [2024-10-30 23:43:54] [MAIN] - Initializing output folder...
INFO [2024-10-30 23:44:02] [MAIN] - Creating If S3 Economy v2.2 (World w CSP) study...
INFO [2024-10-30 23:44:02] [MAIN] - Simulating If scenario~: S3 .

INFO [2024-10-30 23:44:02] [MAIN] - Simulation mode : Economy
INFO [2024-10-30 23:44:02] [MAIN] - Unit commitment mode : accurate
INFO [2024-10-30 23:44:02] [MAIN] - Number of MC years : 1
INFO [2024-10-30 23:44:02] [MAIN] - Generation of CSP : TRUE
INFO [2024-10-30 23:44:03] [MAIN] - Adding world node...

INFO [2024-10-30 23:44:03] [MAIN] - Done adding world node! (run time : 0.25s).

INFO [2024-10-30 23:44:03] [MAIN] - Fetching thermal data...
INFO [2024-10-30 23:44:03] [THERMAL] - Adding Bioenergy generator to World node...
INFO [2024-10-30 23:44:03] [THERMAL] - Adding Coal generator to World node...
INFO [2024-10-30 23:44:04] [THERMAL] - Adding Gas generator to World node...
INFO [2024-10-30 23:44:04] [THERMAL] - Adding Geothermal generator to World node...
INFO [2024-10-30 23:44:04] [THERMAL] - Adding Nuclear generator to World node...
INFO [2024-10-30 23:44:04] [THERMAL] - Adding Oil generator to World node...
INFO [2024-10-30 23:44:04] [THERMAL] - Adding Geothermal generator to World node...
INFO [2024-10-30 23:44:04] [MAIN] - Done adding thermal data! (run time : 0.02min).

INFO [2024-10-30 23:44:04] [MAIN] - Fetching wind data...

INFO [2024-10-30 23:44:58] [WIND] - Adding World wind data to Wind Onshore cluster...
INFO [2024-10-30 23:44:58] [MAIN] - Done adding wind data! (run time : 53.24s).

INFO [2024-10-30 23:44:58] [MAIN] - Fetching PV data...

INFO [2024-10-30 23:46:09] [PV] - Adding World PV data to Solar PV cluster...
INFO [2024-10-30 23:46:09] [MAIN] - Done adding PV data! (run time : 71.45s).

INFO [2024-10-30 23:46:09] [MAIN] - Fetching CSP data...

INFO [2024-10-30 23:46:10] [CSP] - Adding World CSP data to Solar Thermal cluster...
INFO [2024-10-30 23:46:10] [MAIN] - Done adding CSP data! (run time : 1.35s).

INFO [2024-10-30 23:46:13] [HYDRO] - Initializing World hydro parameters...
INFO [2024-10-30 23:46:14] [HYDRO] - Adding World max power timeseries...
INFO [2024-10-30 23:46:15] [HYDRO] - Adding World hydro profiles...
INFO [2024-10-30 23:46:15] [MAIN] - Finished setting up Antares study! (run time : 2.21min).
 

