INFO [2024-08-08 16:17:05] [MAIN] - Creating Deane_Beta_OC__2024_08_08_16_17_05 study...

INFO [2024-08-08 16:17:05] [MAIN] - Unit commitment mode : FAST
INFO [2024-08-08 16:17:05] [MAIN] - Adding nodes...

INFO [2024-08-08 16:17:08] [NODES] - Adding OC-ATA node...
INFO [2024-08-08 16:17:09] [NODES] - Adding OC-AUS-NT node...
INFO [2024-08-08 16:17:09] [NODES] - Adding OC-AUS-QL node...
INFO [2024-08-08 16:17:09] [NODES] - Adding OC-AUS-SA node...
INFO [2024-08-08 16:17:09] [NODES] - Adding OC-AUS-SW node...
INFO [2024-08-08 16:17:09] [NODES] - Adding OC-AUS-TA node...
INFO [2024-08-08 16:17:10] [NODES] - Adding OC-AUS-VI node...
INFO [2024-08-08 16:17:10] [NODES] - Adding OC-AUS-WA node...
INFO [2024-08-08 16:17:10] [NODES] - Adding OC-FJI node...
INFO [2024-08-08 16:17:10] [NODES] - Adding OC-NZL node...
INFO [2024-08-08 16:17:11] [NODES] - Adding OC-PNG node...
INFO [2024-08-08 16:17:11] [MAIN] - Done adding nodes! (run time : 5.48s).

INFO [2024-08-08 16:17:11] [MAIN] - Adding load data...

INFO [2024-08-08 16:17:12] [LOAD] - Adding OC-ATA load data...
INFO [2024-08-08 16:17:12] [LOAD] - Adding OC-AUS-NT load data...
INFO [2024-08-08 16:17:12] [LOAD] - Adding OC-AUS-QL load data...
INFO [2024-08-08 16:17:12] [LOAD] - Adding OC-AUS-SA load data...
INFO [2024-08-08 16:17:13] [LOAD] - Adding OC-AUS-SW load data...
INFO [2024-08-08 16:17:13] [LOAD] - Adding OC-AUS-TA load data...
INFO [2024-08-08 16:17:13] [LOAD] - Adding OC-AUS-VI load data...
INFO [2024-08-08 16:17:13] [LOAD] - Adding OC-AUS-WA load data...
INFO [2024-08-08 16:17:13] [LOAD] - Adding OC-FJI load data...
INFO [2024-08-08 16:17:13] [LOAD] - Adding OC-NZL load data...
INFO [2024-08-08 16:17:13] [LOAD] - Adding OC-PNG load data...
INFO [2024-08-08 16:17:13] [MAIN] - Done adding load data! (run time : 2.38s).

INFO [2024-08-08 16:17:13] [MAIN] - Fetching wind data...

INFO [2024-08-08 16:17:13] [WIND] - Adding OC-ATA aggregated wind data...
INFO [2024-08-08 16:17:13] [WARN] - Skipped adding wind data for OC-AUS-NT (no generators found in PLEXOS).
INFO [2024-08-08 16:17:14] [WIND] - Adding OC-AUS-QL aggregated wind data...
INFO [2024-08-08 16:17:14] [WIND] - Adding OC-AUS-SA aggregated wind data...
INFO [2024-08-08 16:17:14] [WIND] - Adding OC-AUS-SW aggregated wind data...
INFO [2024-08-08 16:17:14] [WIND] - Adding OC-AUS-TA aggregated wind data...
INFO [2024-08-08 16:17:14] [WIND] - Adding OC-AUS-VI aggregated wind data...
INFO [2024-08-08 16:17:14] [WIND] - Adding OC-AUS-WA aggregated wind data...
INFO [2024-08-08 16:17:14] [WIND] - Adding OC-FJI aggregated wind data...
INFO [2024-08-08 16:17:14] [WIND] - Adding OC-NZL aggregated wind data...
INFO [2024-08-08 16:17:14] [WARN] - Skipped adding wind data for OC-PNG (no generators found in PLEXOS).
INFO [2024-08-08 16:17:14] [MAIN] - Done adding wind data! (run time : 0.74s).

INFO [2024-08-08 16:17:14] [MAIN] - Fetching solar data...

INFO [2024-08-08 16:17:14] [WARN] - Skipped adding solar data for OC-ATA (no generators found in PLEXOS).
INFO [2024-08-08 16:17:14] [SOLAR] - Adding OC-AUS-NT aggregated solar data...
INFO [2024-08-08 16:17:14] [SOLAR] - Adding OC-AUS-QL aggregated solar data...
INFO [2024-08-08 16:17:14] [SOLAR] - Adding OC-AUS-SA aggregated solar data...
INFO [2024-08-08 16:17:14] [SOLAR] - Adding OC-AUS-SW aggregated solar data...
INFO [2024-08-08 16:17:14] [WARN] - Skipped adding solar data for OC-AUS-TA (no generators found in PLEXOS).
INFO [2024-08-08 16:17:14] [WARN] - Skipped adding solar data for OC-AUS-VI (no generators found in PLEXOS).
INFO [2024-08-08 16:17:15] [SOLAR] - Adding OC-AUS-WA aggregated solar data...
INFO [2024-08-08 16:17:15] [WARN] - Skipped adding solar data for OC-FJI (no generators found in PLEXOS).
INFO [2024-08-08 16:17:15] [SOLAR] - Adding OC-NZL aggregated solar data...
INFO [2024-08-08 16:17:15] [WARN] - Skipped adding solar data for OC-PNG (no generators found in PLEXOS).
INFO [2024-08-08 16:17:15] [MAIN] - Done adding solar data! (run time : 0.6s).

INFO [2024-08-08 16:17:15] [MAIN] - Beginning hydro implementation...
INFO [2024-08-08 16:17:16] [HYDRO] - Initializing OC-AUS-QL hydro parameters...
INFO [2024-08-08 16:17:16] [HYDRO] - Adding OC-AUS-QL max power timeseries...
INFO [2024-08-08 16:17:16] [HYDRO] - Adding OC-AUS-QL hydro profiles...
INFO [2024-08-08 16:17:17] [HYDRO] - Initializing OC-AUS-SA hydro parameters...
INFO [2024-08-08 16:17:18] [HYDRO] - Adding OC-AUS-SA max power timeseries...
INFO [2024-08-08 16:17:18] [HYDRO] - Adding OC-AUS-SA hydro profiles...
INFO [2024-08-08 16:17:19] [HYDRO] - Initializing OC-AUS-SW hydro parameters...
INFO [2024-08-08 16:17:20] [HYDRO] - Adding OC-AUS-SW max power timeseries...
INFO [2024-08-08 16:17:20] [HYDRO] - Adding OC-AUS-SW hydro profiles...
INFO [2024-08-08 16:17:21] [HYDRO] - Initializing OC-AUS-TA hydro parameters...
INFO [2024-08-08 16:17:21] [HYDRO] - Adding OC-AUS-TA max power timeseries...
INFO [2024-08-08 16:17:22] [HYDRO] - Adding OC-AUS-TA hydro profiles...
INFO [2024-08-08 16:17:22] [HYDRO] - Initializing OC-AUS-VI hydro parameters...
INFO [2024-08-08 16:17:23] [HYDRO] - Adding OC-AUS-VI max power timeseries...
INFO [2024-08-08 16:17:23] [HYDRO] - Adding OC-AUS-VI hydro profiles...
INFO [2024-08-08 16:17:24] [HYDRO] - Initializing OC-AUS-WA hydro parameters...
INFO [2024-08-08 16:17:24] [HYDRO] - Adding OC-AUS-WA max power timeseries...
INFO [2024-08-08 16:17:25] [HYDRO] - Adding OC-AUS-WA hydro profiles...
INFO [2024-08-08 16:17:26] [HYDRO] - Initializing OC-FJI hydro parameters...
INFO [2024-08-08 16:17:26] [HYDRO] - Adding OC-FJI max power timeseries...
INFO [2024-08-08 16:17:26] [HYDRO] - Adding OC-FJI hydro profiles...
INFO [2024-08-08 16:17:27] [HYDRO] - Initializing OC-NZL hydro parameters...
INFO [2024-08-08 16:17:28] [HYDRO] - Adding OC-NZL max power timeseries...
INFO [2024-08-08 16:17:28] [HYDRO] - Adding OC-NZL hydro profiles...
INFO [2024-08-08 16:17:29] [HYDRO] - Initializing OC-PNG hydro parameters...
INFO [2024-08-08 16:17:29] [HYDRO] - Adding OC-PNG max power timeseries...
INFO [2024-08-08 16:17:30] [HYDRO] - Adding OC-PNG hydro profiles...
INFO [2024-08-08 16:17:30] [MAIN] - Done adding hydro!
INFO [2024-08-08 16:17:30] [MAIN] - Fetching thermal data...

INFO [2024-08-08 16:17:32] [THERMAL] - Adding ATA_OIL_MCMURDOSTATION62 generator to OC-ATA node...
INFO [2024-08-08 16:17:32] [THERMAL] - Adding AUS_BIO_BROADWATER341 generator to OC-AUS-SW node...
INFO [2024-08-08 16:17:32] [THERMAL] - Adding AUS_BIO_CONDONGSUGARM393 generator to OC-AUS-SW node...
INFO [2024-08-08 16:17:32] [THERMAL] - Adding AUS_BIO_INKERMANSUGAR454 generator to OC-AUS-QL node...
INFO [2024-08-08 16:17:32] [THERMAL] - Adding AUS_BIO_INVICTASUGARM455 generator to OC-AUS-QL node...
INFO [2024-08-08 16:17:33] [THERMAL] - Adding AUS_BIO_ISISCENTRALSU456 generator to OC-AUS-QL node...
INFO [2024-08-08 16:17:33] [THERMAL] - Adding AUS_BIO_KALAMIASUGARM465 generator to OC-AUS-QL node...
INFO [2024-08-08 16:17:33] [THERMAL] - Adding AUS_BIO_MACKNADESUGAR519 generator to OC-AUS-QL node...
INFO [2024-08-08 16:17:33] [THERMAL] - Adding AUS_BIO_MARYBOROUGH522 generator to OC-AUS-QL node...
INFO [2024-08-08 16:17:33] [THERMAL] - Adding AUS_BIO_MARYVALEMILL523 generator to OC-AUS-VI node...
INFO [2024-08-08 16:17:33] [THERMAL] - Adding AUS_BIO_MTGAMBIER544 generator to OC-AUS-SA node...
INFO [2024-08-08 16:17:33] [THERMAL] - Adding AUS_BIO_MULGRAVE552 generator to OC-AUS-QL node...
INFO [2024-08-08 16:17:33] [THERMAL] - Adding AUS_BIO_NARROGINBIOENE561 generator to OC-AUS-WA node...
INFO [2024-08-08 16:17:33] [THERMAL] - Adding AUS_BIO_PIONEERSUGARM592 generator to OC-AUS-QL node...
INFO [2024-08-08 16:17:34] [THERMAL] - Adding AUS_BIO_PLANECREEKSUG593 generator to OC-AUS-QL node...
INFO [2024-08-08 16:17:34] [THERMAL] - Adding AUS_BIO_PROSERPINESUGA600 generator to OC-AUS-QL node...
INFO [2024-08-08 16:17:34] [THERMAL] - Adding AUS_BIO_RACECOURSEMILL602 generator to OC-AUS-QL node...
INFO [2024-08-08 16:17:34] [THERMAL] - Adding AUS_BIO_ROCKYPOINTSUG612 generator to OC-AUS-QL node...
INFO [2024-08-08 16:17:34] [THERMAL] - Adding AUS_BIO_SOUTHJOHNSTONE630 generator to OC-AUS-QL node...
INFO [2024-08-08 16:17:34] [THERMAL] - Adding AUS_BIO_STAPYLTONGREEN634 generator to OC-AUS-QL node...
INFO [2024-08-08 16:17:34] [THERMAL] - Adding AUS_BIO_SUNCOASTGOLDM638 generator to OC-AUS-QL node...
INFO [2024-08-08 16:17:34] [THERMAL] - Adding AUS_BIO_TABLELAND643 generator to OC-AUS-QL node...
INFO [2024-08-08 16:17:34] [THERMAL] - Adding AUS_BIO_TULLYSUGARMIL671 generator to OC-AUS-QL node...
INFO [2024-08-08 16:17:35] [THERMAL] - Adding AUS_BIO_VICTORIASUGAR682 generator to OC-AUS-QL node...
INFO [2024-08-08 16:17:35] [THERMAL] - Adding AUS_BIO_VISYPAPERGIBS683 generator to OC-AUS-QL node...
INFO [2024-08-08 16:17:35] [THERMAL] - Adding AUS_BIO_VISYPULPANDP684 generator to OC-AUS-SW node...
INFO [2024-08-08 16:17:35] [THERMAL] - Adding AUS_COA_ANGLESEA307 generator to OC-AUS-VI node...
INFO [2024-08-08 16:17:35] [THERMAL] - Adding AUS_COA_BAYSWATER320 generator to OC-AUS-SW node...
INFO [2024-08-08 16:17:35] [THERMAL] - Adding AUS_COA_CALLIDEA356 generator to OC-AUS-QL node...
INFO [2024-08-08 16:17:35] [THERMAL] - Adding AUS_COA_CALLIDEB357 generator to OC-AUS-QL node...
INFO [2024-08-08 16:17:36] [THERMAL] - Adding AUS_COA_CALLIDEC358 generator to OC-AUS-QL node...
INFO [2024-08-08 16:17:36] [THERMAL] - Adding AUS_COA_COLLIEA389 generator to OC-AUS-WA node...
INFO [2024-08-08 16:17:36] [THERMAL] - Adding AUS_COA_COLLIEBLUEWAT388 generator to OC-AUS-WA node...
INFO [2024-08-08 16:17:36] [THERMAL] - Adding AUS_COA_COLLINSVILLE390 generator to OC-AUS-QL node...
INFO [2024-08-08 16:17:36] [THERMAL] - Adding AUS_COA_ENERGYBRIX416 generator to OC-AUS-VI node...
INFO [2024-08-08 16:17:36] [THERMAL] - Adding AUS_COA_ERARING418 generator to OC-AUS-SW node...
INFO [2024-08-08 16:17:36] [THERMAL] - Adding AUS_COA_GLADSTONE427 generator to OC-AUS-QL node...
INFO [2024-08-08 16:17:37] [THERMAL] - Adding AUS_COA_HAZELWOOD445 generator to OC-AUS-VI node...
INFO [2024-08-08 16:17:37] [THERMAL] - Adding AUS_COA_KOGANCREEK477 generator to OC-AUS-QL node...
INFO [2024-08-08 16:17:37] [THERMAL] - Adding AUS_COA_KWINANAA482 generator to OC-AUS-WA node...
INFO [2024-08-08 16:17:37] [THERMAL] - Adding AUS_COA_KWINANAC483 generator to OC-AUS-WA node...
INFO [2024-08-08 16:17:37] [THERMAL] - Adding AUS_COA_LIDDELL506 generator to OC-AUS-SW node...
INFO [2024-08-08 16:17:37] [THERMAL] - Adding AUS_COA_LOYYANGA512 generator to OC-AUS-VI node...
INFO [2024-08-08 16:17:37] [THERMAL] - Adding AUS_COA_LOYYANGB513 generator to OC-AUS-VI node...
INFO [2024-08-08 16:17:37] [THERMAL] - Adding AUS_COA_MILLMERRAN532 generator to OC-AUS-QL node...
INFO [2024-08-08 16:17:38] [THERMAL] - Adding AUS_COA_MTPIPER546 generator to OC-AUS-SW node...
INFO [2024-08-08 16:17:38] [THERMAL] - Adding AUS_COA_MUJAA548 generator to OC-AUS-WA node...
INFO [2024-08-08 16:17:38] [THERMAL] - Adding AUS_COA_MUJAB549 generator to OC-AUS-WA node...
INFO [2024-08-08 16:17:38] [THERMAL] - Adding AUS_COA_MUJAC550 generator to OC-AUS-WA node...
INFO [2024-08-08 16:17:38] [THERMAL] - Adding AUS_COA_MUJAD551 generator to OC-AUS-WA node...
INFO [2024-08-08 16:17:38] [THERMAL] - Adding AUS_COA_MUNMORAH556 generator to OC-AUS-SW node...
INFO [2024-08-08 16:17:38] [THERMAL] - Adding AUS_COA_NORTHERN571 generator to OC-AUS-SA node...
INFO [2024-08-08 16:17:39] [THERMAL] - Adding AUS_COA_REDBANK605 generator to OC-AUS-SW node...
INFO [2024-08-08 16:17:39] [THERMAL] - Adding AUS_COA_STANWELL633 generator to OC-AUS-QL node...
INFO [2024-08-08 16:17:39] [THERMAL] - Adding AUS_COA_SWANBANKB640 generator to OC-AUS-QL node...
INFO [2024-08-08 16:17:39] [THERMAL] - Adding AUS_COA_TARONG649 generator to OC-AUS-QL node...
INFO [2024-08-08 16:17:39] [THERMAL] - Adding AUS_COA_TARONGNORTH650 generator to OC-AUS-QL node...
INFO [2024-08-08 16:17:39] [THERMAL] - Adding AUS_COA_VALESPOINTB680 generator to OC-AUS-SW node...
INFO [2024-08-08 16:17:39] [THERMAL] - Adding AUS_COA_WALLERAWANGC689 generator to OC-AUS-SW node...
INFO [2024-08-08 16:17:40] [THERMAL] - Adding AUS_COA_WORSLEY722 generator to OC-AUS-WA node...
INFO [2024-08-08 16:17:40] [THERMAL] - Adding AUS_COA_YALLOURN726 generator to OC-AUS-VI node...
INFO [2024-08-08 16:17:40] [THERMAL] - Adding AUS_GAS_APPINMINE308 generator to OC-AUS-SW node...
INFO [2024-08-08 16:17:40] [THERMAL] - Adding AUS_GAS_BAIRNSDALE311 generator to OC-AUS-VI node...
INFO [2024-08-08 16:17:40] [THERMAL] - Adding AUS_GAS_BALLARATBASEH312 generator to OC-AUS-VI node...
INFO [2024-08-08 16:17:40] [THERMAL] - Adding AUS_GAS_BAMARANG313 generator to OC-AUS-SW node...
INFO [2024-08-08 16:17:40] [THERMAL] - Adding AUS_GAS_BARCALDINELEN317 generator to OC-AUS-QL node...
INFO [2024-08-08 16:17:41] [THERMAL] - Adding AUS_GAS_BELLBAYBELL322 generator to OC-AUS-TA node...
INFO [2024-08-08 16:17:41] [THERMAL] - Adding AUS_GAS_BERRIMAH325 generator to OC-AUS-NT node...
INFO [2024-08-08 16:17:41] [THERMAL] - Adding AUS_GAS_BRAEMAR1336 generator to OC-AUS-QL node...
INFO [2024-08-08 16:17:41] [THERMAL] - Adding AUS_GAS_BRAEMAR2337 generator to OC-AUS-QL node...
INFO [2024-08-08 16:17:41] [THERMAL] - Adding AUS_GAS_BREWER339 generator to OC-AUS-NT node...
INFO [2024-08-08 16:17:41] [THERMAL] - Adding AUS_GAS_BROKENHILL342 generator to OC-AUS-SW node...
INFO [2024-08-08 16:17:41] [THERMAL] - Adding AUS_GAS_BROOME345 generator to OC-AUS-WA node...
INFO [2024-08-08 16:17:42] [THERMAL] - Adding AUS_GAS_BULWERISLAND348 generator to OC-AUS-QL node...
INFO [2024-08-08 16:17:42] [THERMAL] - Adding AUS_GAS_BURONGA349 generator to OC-AUS-SW node...
INFO [2024-08-08 16:17:42] [THERMAL] - Adding AUS_GAS_BURRUPPENINSUL352 generator to OC-AUS-WA node...
INFO [2024-08-08 16:17:42] [THERMAL] - Adding AUS_GAS_BURRUPPENINSUL353 generator to OC-AUS-WA node...
INFO [2024-08-08 16:17:42] [THERMAL] - Adding AUS_GAS_CAMBALLIN359 generator to OC-AUS-WA node...
INFO [2024-08-08 16:17:42] [THERMAL] - Adding AUS_GAS_CANNINGTONMINE361 generator to OC-AUS-QL node...
INFO [2024-08-08 16:17:42] [THERMAL] - Adding AUS_GAS_CAPELAMBERT364 generator to OC-AUS-WA node...
INFO [2024-08-08 16:17:43] [THERMAL] - Adding AUS_GAS_CAPEPRESTON367 generator to OC-AUS-WA node...
INFO [2024-08-08 16:17:43] [THERMAL] - Adding AUS_GAS_CAPRALALUMINI370 generator to OC-AUS-SW node...
INFO [2024-08-08 16:17:43] [THERMAL] - Adding AUS_GAS_CARNARVON371 generator to OC-AUS-WA node...
INFO [2024-08-08 16:17:43] [THERMAL] - Adding AUS_GAS_CAWSENICKELMI374 generator to OC-AUS-WA node...
INFO [2024-08-08 16:17:43] [THERMAL] - Adding AUS_GAS_CHANNELISLAND377 generator to OC-AUS-NT node...
INFO [2024-08-08 16:17:43] [THERMAL] - Adding AUS_GAS_CHARLESTOWNSQU378 generator to OC-AUS-SW node...
INFO [2024-08-08 16:17:43] [THERMAL] - Adding AUS_GAS_COCKBURN385 generator to OC-AUS-WA node...
INFO [2024-08-08 16:17:44] [THERMAL] - Adding AUS_GAS_COLONGRA391 generator to OC-AUS-SW node...
INFO [2024-08-08 16:17:44] [THERMAL] - Adding AUS_GAS_CONDAMINEA392 generator to OC-AUS-QL node...
INFO [2024-08-08 16:17:44] [THERMAL] - Adding AUS_GAS_DAANDINE399 generator to OC-AUS-QL node...
INFO [2024-08-08 16:17:44] [THERMAL] - Adding AUS_GAS_DAMPIER400 generator to OC-AUS-WA node...
INFO [2024-08-08 16:17:44] [THERMAL] - Adding AUS_GAS_DARLINGDOWNS401 generator to OC-AUS-QL node...
INFO [2024-08-08 16:17:44] [THERMAL] - Adding AUS_GAS_DARLOTGOLDMIN402 generator to OC-AUS-WA node...
INFO [2024-08-08 16:17:44] [THERMAL] - Adding AUS_GAS_DERBY405 generator to OC-AUS-WA node...
INFO [2024-08-08 16:17:45] [THERMAL] - Adding AUS_GAS_DIAMANTINA407 generator to OC-AUS-QL node...
INFO [2024-08-08 16:17:45] [THERMAL] - Adding AUS_GAS_DRYCREEK408 generator to OC-AUS-SA node...
INFO [2024-08-08 16:17:45] [THERMAL] - Adding AUS_GAS_ESPERANCE419 generator to OC-AUS-WA node...
INFO [2024-08-08 16:17:45] [THERMAL] - Adding AUS_GAS_EXMOUTH422 generator to OC-AUS-WA node...
INFO [2024-08-08 16:17:45] [THERMAL] - Adding AUS_GAS_FITZROYCROSSIN424 generator to OC-AUS-WA node...
INFO [2024-08-08 16:17:45] [THERMAL] - Adding AUS_GAS_GERALDTON425 generator to OC-AUS-WA node...
INFO [2024-08-08 16:17:45] [THERMAL] - Adding AUS_GAS_GERMANCREEK426 generator to OC-AUS-QL node...
INFO [2024-08-08 16:17:46] [THERMAL] - Adding AUS_GAS_GLENNIESCREEK429 generator to OC-AUS-SW node...
INFO [2024-08-08 16:17:46] [THERMAL] - Adding AUS_GAS_HALLETT441 generator to OC-AUS-SA node...
INFO [2024-08-08 16:17:46] [THERMAL] - Adding AUS_GAS_HALLSCREEK444 generator to OC-AUS-WA node...
INFO [2024-08-08 16:17:46] [THERMAL] - Adding AUS_GAS_HUNTERVALLEY453 generator to OC-AUS-SW node...
INFO [2024-08-08 16:17:46] [THERMAL] - Adding AUS_GAS_JEERALANGA458 generator to OC-AUS-VI node...
INFO [2024-08-08 16:17:46] [THERMAL] - Adding AUS_GAS_JEERALANGB459 generator to OC-AUS-VI node...
INFO [2024-08-08 16:17:47] [THERMAL] - Adding AUS_GAS_JUNDEEGOLDMIN463 generator to OC-AUS-WA node...
INFO [2024-08-08 16:17:47] [THERMAL] - Adding AUS_GAS_KALGOORLIENICK469 generator to OC-AUS-WA node...
INFO [2024-08-08 16:17:47] [THERMAL] - Adding AUS_GAS_KALGOORLIEPAR468 generator to OC-AUS-WA node...
INFO [2024-08-08 16:17:47] [THERMAL] - Adding AUS_GAS_KAMBALDA470 generator to OC-AUS-WA node...
INFO [2024-08-08 16:17:47] [THERMAL] - Adding AUS_GAS_KARRATHA473 generator to OC-AUS-WA node...
INFO [2024-08-08 16:17:47] [THERMAL] - Adding AUS_GAS_KATHERINE474 generator to OC-AUS-NT node...
INFO [2024-08-08 16:17:48] [THERMAL] - Adding AUS_GAS_KEMERTON475 generator to OC-AUS-WA node...
INFO [2024-08-08 16:17:48] [THERMAL] - Adding AUS_GAS_KRCCOGENERATIO464 generator to OC-AUS-QL node...
INFO [2024-08-08 16:17:48] [THERMAL] - Adding AUS_GAS_KWINANA480 generator to OC-AUS-WA node...
INFO [2024-08-08 16:17:48] [THERMAL] - Adding AUS_GAS_KWINANAALCOA481 generator to OC-AUS-WA node...
INFO [2024-08-08 16:17:48] [THERMAL] - Adding AUS_GAS_KWINANACOGENER484 generator to OC-AUS-WA node...
INFO [2024-08-08 16:17:48] [THERMAL] - Adding AUS_GAS_KWINANAHIGHEF485 generator to OC-AUS-WA node...
INFO [2024-08-08 16:17:49] [THERMAL] - Adding AUS_GAS_KWINANANEWGEN486 generator to OC-AUS-WA node...
INFO [2024-08-08 16:17:49] [THERMAL] - Adding AUS_GAS_KWINANASWIFT487 generator to OC-AUS-WA node...
INFO [2024-08-08 16:17:49] [THERMAL] - Adding AUS_GAS_LADBROKEGROVE488 generator to OC-AUS-SA node...
INFO [2024-08-08 16:17:49] [THERMAL] - Adding AUS_GAS_LAVERTONNORTH499 generator to OC-AUS-VI node...
INFO [2024-08-08 16:17:49] [THERMAL] - Adding AUS_GAS_LEICHHARDT500 generator to OC-AUS-QL node...
INFO [2024-08-08 16:17:49] [THERMAL] - Adding AUS_GAS_LEINSTERNICKEL501 generator to OC-AUS-WA node...
INFO [2024-08-08 16:17:49] [THERMAL] - Adding AUS_GAS_LEONORA504 generator to OC-AUS-WA node...
INFO [2024-08-08 16:17:50] [THERMAL] - Adding AUS_GAS_LONGFORD508 generator to OC-AUS-VI node...
INFO [2024-08-08 16:17:50] [THERMAL] - Adding AUS_GAS_MACKAY517 generator to OC-AUS-QL node...
INFO [2024-08-08 16:17:50] [THERMAL] - Adding AUS_GAS_MCARTHURRIVER524 generator to OC-AUS-NT node...
INFO [2024-08-08 16:17:50] [THERMAL] - Adding AUS_GAS_MELBOURNE528 generator to OC-AUS-VI node...
INFO [2024-08-08 16:17:50] [THERMAL] - Adding AUS_GAS_MERREDIN529 generator to OC-AUS-WA node...
INFO [2024-08-08 16:17:50] [THERMAL] - Adding AUS_GAS_MICACREEK530 generator to OC-AUS-QL node...
INFO [2024-08-08 16:17:50] [THERMAL] - Adding AUS_GAS_MINTARO533 generator to OC-AUS-SA node...
INFO [2024-08-08 16:17:51] [THERMAL] - Adding AUS_GAS_MORANBAH534 generator to OC-AUS-QL node...
INFO [2024-08-08 16:17:51] [THERMAL] - Adding AUS_GAS_MORANBAHNORTH535 generator to OC-AUS-QL node...
INFO [2024-08-08 16:17:51] [THERMAL] - Adding AUS_GAS_MORTLAKE538 generator to OC-AUS-VI node...
INFO [2024-08-08 16:17:51] [THERMAL] - Adding AUS_GAS_MOUNTKEITHNIC540 generator to OC-AUS-WA node...
INFO [2024-08-08 16:17:51] [THERMAL] - Adding AUS_GAS_MOUNTMAGNET541 generator to OC-AUS-WA node...
INFO [2024-08-08 16:17:51] [THERMAL] - Adding AUS_GAS_MUNGARRA554 generator to OC-AUS-WA node...
INFO [2024-08-08 16:17:52] [THERMAL] - Adding AUS_GAS_MUNGULLAH555 generator to OC-AUS-WA node...
INFO [2024-08-08 16:17:52] [THERMAL] - Adding AUS_GAS_MURRINMURRIN559 generator to OC-AUS-WA node...
INFO [2024-08-08 16:17:52] [THERMAL] - Adding AUS_GAS_NEERABUP562 generator to OC-AUS-WA node...
INFO [2024-08-08 16:17:52] [THERMAL] - Adding AUS_GAS_NEWMANIRONORE563 generator to OC-AUS-WA node...
INFO [2024-08-08 16:17:52] [THERMAL] - Adding AUS_GAS_NEWPORT564 generator to OC-AUS-VI node...
INFO [2024-08-08 16:17:52] [THERMAL] - Adding AUS_GAS_NORTHSYDNEY570 generator to OC-AUS-SW node...
INFO [2024-08-08 16:17:53] [THERMAL] - Adding AUS_GAS_OAKEY574 generator to OC-AUS-QL node...
INFO [2024-08-08 16:17:53] [THERMAL] - Adding AUS_GAS_OAKYCREEK577 generator to OC-AUS-QL node...
INFO [2024-08-08 16:17:53] [THERMAL] - Adding AUS_GAS_ONSLOW578 generator to OC-AUS-WA node...
INFO [2024-08-08 16:17:53] [THERMAL] - Adding AUS_GAS_OSBORNE580 generator to OC-AUS-SA node...
INFO [2024-08-08 16:17:53] [THERMAL] - Adding AUS_GAS_OWENSPRINGS581 generator to OC-AUS-NT node...
INFO [2024-08-08 16:17:53] [THERMAL] - Adding AUS_GAS_PARABURDOO583 generator to OC-AUS-WA node...
INFO [2024-08-08 16:17:53] [THERMAL] - Adding AUS_GAS_PARABURDOOSTA584 generator to OC-AUS-WA node...
INFO [2024-08-08 16:17:54] [THERMAL] - Adding AUS_GAS_PELICANPOINT586 generator to OC-AUS-SA node...
INFO [2024-08-08 16:17:54] [THERMAL] - Adding AUS_GAS_PINECREEK589 generator to OC-AUS-NT node...
INFO [2024-08-08 16:17:54] [THERMAL] - Adding AUS_GAS_PINJAR590 generator to OC-AUS-WA node...
INFO [2024-08-08 16:17:54] [THERMAL] - Adding AUS_GAS_PINJARRABAUXIT591 generator to OC-AUS-WA node...
INFO [2024-08-08 16:17:54] [THERMAL] - Adding AUS_GAS_PLUTONICGOLDM594 generator to OC-AUS-WA node...
INFO [2024-08-08 16:17:54] [THERMAL] - Adding AUS_GAS_PORTHEDLAND596 generator to OC-AUS-WA node...
INFO [2024-08-08 16:17:55] [THERMAL] - Adding AUS_GAS_PORTHEDLAND597 generator to OC-AUS-WA node...
INFO [2024-08-08 16:17:55] [THERMAL] - Adding AUS_GAS_QUARANTINE601 generator to OC-AUS-SA node...
INFO [2024-08-08 16:17:55] [THERMAL] - Adding AUS_GAS_ROMA614 generator to OC-AUS-QL node...
INFO [2024-08-08 16:17:55] [THERMAL] - Adding AUS_GAS_RONGOODIN615 generator to OC-AUS-NT node...
INFO [2024-08-08 16:17:55] [THERMAL] - Adding AUS_GAS_SMITHFIELDENER623 generator to OC-AUS-SW node...
INFO [2024-08-08 16:17:55] [THERMAL] - Adding AUS_GAS_SNUGGERY626 generator to OC-AUS-SA node...
INFO [2024-08-08 16:17:55] [THERMAL] - Adding AUS_GAS_SOLOMONIRONOR627 generator to OC-AUS-WA node...
INFO [2024-08-08 16:17:56] [THERMAL] - Adding AUS_GAS_SOMERTON628 generator to OC-AUS-VI node...
INFO [2024-08-08 16:17:56] [THERMAL] - Adding AUS_GAS_SUNRISEDAM639 generator to OC-AUS-WA node...
INFO [2024-08-08 16:17:56] [THERMAL] - Adding AUS_GAS_SWANBANKE641 generator to OC-AUS-QL node...
INFO [2024-08-08 16:17:56] [THERMAL] - Adding AUS_GAS_SYMEXPORTMELB642 generator to OC-AUS-VI node...
INFO [2024-08-08 16:17:56] [THERMAL] - Adding AUS_GAS_TAHMOOR644 generator to OC-AUS-SW node...
INFO [2024-08-08 16:17:56] [THERMAL] - Adding AUS_GAS_TALLAWARRA645 generator to OC-AUS-SW node...
INFO [2024-08-08 16:17:57] [THERMAL] - Adding AUS_GAS_TAMARVALLEY647 generator to OC-AUS-TA node...
INFO [2024-08-08 16:17:57] [THERMAL] - Adding AUS_GAS_TELFERGOLDMIN654 generator to OC-AUS-WA node...
INFO [2024-08-08 16:17:57] [THERMAL] - Adding AUS_GAS_TENNANTCREEK655 generator to OC-AUS-NT node...
INFO [2024-08-08 16:17:57] [THERMAL] - Adding AUS_GAS_TERALBA656 generator to OC-AUS-SW node...
INFO [2024-08-08 16:17:57] [THERMAL] - Adding AUS_GAS_TOMAGOALUMINIU662 generator to OC-AUS-SW node...
INFO [2024-08-08 16:17:57] [THERMAL] - Adding AUS_GAS_TORRENSISLAND664 generator to OC-AUS-SA node...
INFO [2024-08-08 16:17:57] [THERMAL] - Adding AUS_GAS_TORRENSISLAND665 generator to OC-AUS-SA node...
INFO [2024-08-08 16:17:57] [THERMAL] - Adding AUS_GAS_TOWERMINE666 generator to OC-AUS-SW node...
INFO [2024-08-08 16:17:58] [THERMAL] - Adding AUS_GAS_TOWNSVILLE667 generator to OC-AUS-QL node...
INFO [2024-08-08 16:17:58] [THERMAL] - Adding AUS_GAS_URANQUINTY678 generator to OC-AUS-SW node...
INFO [2024-08-08 16:17:58] [THERMAL] - Adding AUS_GAS_VALLEYPEAKING681 generator to OC-AUS-VI node...
INFO [2024-08-08 16:17:58] [THERMAL] - Adding AUS_GAS_WADEYE685 generator to OC-AUS-NT node...
INFO [2024-08-08 16:17:58] [THERMAL] - Adding AUS_GAS_WAGERUP686 generator to OC-AUS-WA node...
INFO [2024-08-08 16:17:59] [THERMAL] - Adding AUS_GAS_WAGERUPBAUXITE687 generator to OC-AUS-WA node...
INFO [2024-08-08 16:17:59] [THERMAL] - Adding AUS_GAS_WARREGO692 generator to OC-AUS-NT node...
INFO [2024-08-08 16:17:59] [THERMAL] - Adding AUS_GAS_WEDDELL697 generator to OC-AUS-NT node...
INFO [2024-08-08 16:17:59] [THERMAL] - Adding AUS_GAS_WESTANGELASMI698 generator to OC-AUS-WA node...
INFO [2024-08-08 16:17:59] [THERMAL] - Adding AUS_GAS_WILGAPARK705 generator to OC-AUS-SW node...
INFO [2024-08-08 16:17:59] [THERMAL] - Adding AUS_GAS_WILUNAGOLDMIN709 generator to OC-AUS-WA node...
INFO [2024-08-08 16:18:00] [THERMAL] - Adding AUS_GAS_WINDIMURRAVANA710 generator to OC-AUS-WA node...
INFO [2024-08-08 16:18:00] [THERMAL] - Adding AUS_GAS_WODGINA716 generator to OC-AUS-WA node...
INFO [2024-08-08 16:18:01] [THERMAL] - Adding AUS_GAS_WORSLEYCOGENER723 generator to OC-AUS-WA node...
INFO [2024-08-08 16:18:01] [THERMAL] - Adding AUS_GAS_YARWUN729 generator to OC-AUS-QL node...
INFO [2024-08-08 16:18:01] [THERMAL] - Adding AUS_GAS_YULARA730 generator to OC-AUS-NT node...
INFO [2024-08-08 16:18:01] [THERMAL] - Adding AUS_GAS_YURRALYIMAYA731 generator to OC-AUS-WA node...
INFO [2024-08-08 16:18:02] [THERMAL] - Adding AUS_OIL_AMCORGAWLER305 generator to OC-AUS-SA node...
INFO [2024-08-08 16:18:02] [THERMAL] - Adding AUS_OIL_ANGASTON306 generator to OC-AUS-SA node...
INFO [2024-08-08 16:18:02] [THERMAL] - Adding AUS_OIL_ARGYLEDIAMOND309 generator to OC-AUS-WA node...
INFO [2024-08-08 16:18:02] [THERMAL] - Adding AUS_OIL_BANKSTOWNSPORT316 generator to OC-AUS-SW node...
INFO [2024-08-08 16:18:02] [THERMAL] - Adding AUS_OIL_BIDYADANGA327 generator to OC-AUS-WA node...
INFO [2024-08-08 16:18:02] [THERMAL] - Adding AUS_OIL_BLUELAKEMILLI330 generator to OC-AUS-SA node...
INFO [2024-08-08 16:18:03] [THERMAL] - Adding AUS_OIL_BREMERBAYDIES338 generator to OC-AUS-WA node...
INFO [2024-08-08 16:18:03] [THERMAL] - Adding AUS_OIL_CHRISTMASCREEK379 generator to OC-AUS-WA node...
INFO [2024-08-08 16:18:03] [THERMAL] - Adding AUS_OIL_CLOUDBREAK382 generator to OC-AUS-WA node...
INFO [2024-08-08 16:18:03] [THERMAL] - Adding AUS_OIL_CORALBAYDIESE395 generator to OC-AUS-WA node...
INFO [2024-08-08 16:18:04] [THERMAL] - Adding AUS_OIL_DENHAMDIESELB404 generator to OC-AUS-WA node...
INFO [2024-08-08 16:18:04] [THERMAL] - Adding AUS_OIL_ELLIOTT414 generator to OC-AUS-NT node...
INFO [2024-08-08 16:18:04] [THERMAL] - Adding AUS_OIL_ERARING417 generator to OC-AUS-SW node...
INFO [2024-08-08 16:18:04] [THERMAL] - Adding AUS_OIL_HOPETOUNDIESEL449 generator to OC-AUS-WA node...
INFO [2024-08-08 16:18:04] [THERMAL] - Adding AUS_OIL_HUNTER452 generator to OC-AUS-SW node...
INFO [2024-08-08 16:18:05] [THERMAL] - Adding AUS_OIL_KALAMUNDA466 generator to OC-AUS-WA node...
INFO [2024-08-08 16:18:05] [THERMAL] - Adding AUS_OIL_KINGISLANDCU476 generator to OC-AUS-TA node...
INFO [2024-08-08 16:18:05] [THERMAL] - Adding AUS_OIL_KUNUNURRA479 generator to OC-AUS-WA node...
INFO [2024-08-08 16:18:06] [THERMAL] - Adding AUS_OIL_LAVERTON497 generator to OC-AUS-WA node...
INFO [2024-08-08 16:18:06] [THERMAL] - Adding AUS_OIL_LAVERTONGRANN498 generator to OC-AUS-WA node...
INFO [2024-08-08 16:18:06] [THERMAL] - Adding AUS_OIL_LONSDALE509 generator to OC-AUS-SA node...
INFO [2024-08-08 16:18:07] [THERMAL] - Adding AUS_OIL_MARBLEBARDIES521 generator to OC-AUS-WA node...
INFO [2024-08-08 16:18:07] [THERMAL] - Adding AUS_OIL_MEEKATHARRA527 generator to OC-AUS-WA node...
INFO [2024-08-08 16:18:07] [THERMAL] - Adding AUS_OIL_MOUNTSTUART543 generator to OC-AUS-QL node...
INFO [2024-08-08 16:18:07] [THERMAL] - Adding AUS_OIL_NINENETWORK566 generator to OC-AUS-SW node...
INFO [2024-08-08 16:18:07] [THERMAL] - Adding AUS_OIL_NORSEMANMINE568 generator to OC-AUS-WA node...
INFO [2024-08-08 16:18:08] [THERMAL] - Adding AUS_OIL_PORTLINCOLN598 generator to OC-AUS-SA node...
INFO [2024-08-08 16:18:08] [THERMAL] - Adding AUS_OIL_PORTSTANVAC599 generator to OC-AUS-SA node...
INFO [2024-08-08 16:18:08] [THERMAL] - Adding AUS_OIL_RAVENSTHORPE603 generator to OC-AUS-WA node...
INFO [2024-08-08 16:18:08] [THERMAL] - Adding AUS_OIL_REVESBYWORKERS609 generator to OC-AUS-SW node...
INFO [2024-08-08 16:18:08] [THERMAL] - Adding AUS_OIL_ROYHILL617 generator to OC-AUS-WA node...
INFO [2024-08-08 16:18:09] [THERMAL] - Adding AUS_OIL_SAVANNAHNICKEL620 generator to OC-AUS-WA node...
INFO [2024-08-08 16:18:09] [THERMAL] - Adding AUS_OIL_STGEORGELEAGU632 generator to OC-AUS-SW node...
INFO [2024-08-08 16:18:09] [THERMAL] - Adding AUS_OIL_TARONG648 generator to OC-AUS-QL node...
INFO [2024-08-08 16:18:09] [THERMAL] - Adding AUS_OIL_TIMBERCREEK660 generator to OC-AUS-NT node...
INFO [2024-08-08 16:18:09] [THERMAL] - Adding AUS_OIL_WARMUN690 generator to OC-AUS-WA node...
INFO [2024-08-08 16:18:10] [THERMAL] - Adding AUS_OIL_WESTERNSUBURBS703 generator to OC-AUS-SW node...
INFO [2024-08-08 16:18:10] [THERMAL] - Adding AUS_OIL_WESTILLAWARRA699 generator to OC-AUS-SW node...
INFO [2024-08-08 16:18:10] [THERMAL] - Adding AUS_OIL_WESTKALGOORLIE700 generator to OC-AUS-WA node...
INFO [2024-08-08 16:18:10] [THERMAL] - Adding AUS_OIL_WILUNA708 generator to OC-AUS-WA node...
INFO [2024-08-08 16:18:10] [THERMAL] - Adding AUS_WAS_AWABA310 generator to OC-AUS-SW node...
INFO [2024-08-08 16:18:11] [THERMAL] - Adding AUS_WAS_BELCONNEN321 generator to OC-AUS-SW node...
INFO [2024-08-08 16:18:11] [THERMAL] - Adding AUS_WAS_BERWICK326 generator to OC-AUS-VI node...
INFO [2024-08-08 16:18:11] [THERMAL] - Adding AUS_WAS_BROADMEADOWS340 generator to OC-AUS-VI node...
INFO [2024-08-08 16:18:11] [THERMAL] - Adding AUS_WAS_BROOKLYN344 generator to OC-AUS-VI node...
INFO [2024-08-08 16:18:11] [THERMAL] - Adding AUS_WAS_BROWNSPLAINS347 generator to OC-AUS-QL node...
INFO [2024-08-08 16:18:12] [THERMAL] - Adding AUS_WAS_CANNINGVALE360 generator to OC-AUS-WA node...
INFO [2024-08-08 16:18:12] [THERMAL] - Adding AUS_WAS_CLAYTONS380 generator to OC-AUS-VI node...
INFO [2024-08-08 16:18:12] [THERMAL] - Adding AUS_WAS_CORIO396 generator to OC-AUS-VI node...
INFO [2024-08-08 16:18:12] [THERMAL] - Adding AUS_WAS_EARTHPOWERBIOM409 generator to OC-AUS-SW node...
INFO [2024-08-08 16:18:12] [THERMAL] - Adding AUS_WAS_EASTERNCREEK2411 generator to OC-AUS-SW node...
INFO [2024-08-08 16:18:12] [THERMAL] - Adding AUS_WAS_EASTERNCREEK410 generator to OC-AUS-SW node...
INFO [2024-08-08 16:18:12] [THERMAL] - Adding AUS_WAS_GLENORCHY430 generator to OC-AUS-TA node...
INFO [2024-08-08 16:18:13] [THERMAL] - Adding AUS_WAS_GOSNELLS432 generator to OC-AUS-WA node...
INFO [2024-08-08 16:18:13] [THERMAL] - Adding AUS_WAS_GRANGEAVENUE433 generator to OC-AUS-SW node...
INFO [2024-08-08 16:18:13] [THERMAL] - Adding AUS_WAS_HALLAMROAD439 generator to OC-AUS-VI node...
INFO [2024-08-08 16:18:13] [THERMAL] - Adding AUS_WAS_HENDERSON446 generator to OC-AUS-WA node...
INFO [2024-08-08 16:18:13] [THERMAL] - Adding AUS_WAS_HIGHBURY447 generator to OC-AUS-SA node...
INFO [2024-08-08 16:18:13] [THERMAL] - Adding AUS_WAS_HOBART448 generator to OC-AUS-TA node...
INFO [2024-08-08 16:18:14] [THERMAL] - Adding AUS_WAS_JACKSGULLY457 generator to OC-AUS-SW node...
INFO [2024-08-08 16:18:14] [THERMAL] - Adding AUS_WAS_LANDFILLMANAGE496 generator to OC-AUS-NT node...
INFO [2024-08-08 16:18:14] [THERMAL] - Adding AUS_WAS_LUCASHEIGHTSI514 generator to OC-AUS-SW node...
INFO [2024-08-08 16:18:14] [THERMAL] - Adding AUS_WAS_LUCASHEIGHTSI515 generator to OC-AUS-SW node...
INFO [2024-08-08 16:18:14] [THERMAL] - Adding AUS_WAS_MANDURAH520 generator to OC-AUS-WA node...
INFO [2024-08-08 16:18:15] [THERMAL] - Adding AUS_WAS_MORNINGTON537 generator to OC-AUS-VI node...
INFO [2024-08-08 16:18:15] [THERMAL] - Adding AUS_WAS_MUGGALANE547 generator to OC-AUS-SW node...
INFO [2024-08-08 16:18:15] [THERMAL] - Adding AUS_WAS_NORANDA567 generator to OC-AUS-WA node...
INFO [2024-08-08 16:18:15] [THERMAL] - Adding AUS_WAS_PEDLERCREEK585 generator to OC-AUS-SA node...
INFO [2024-08-08 16:18:15] [THERMAL] - Adding AUS_WAS_REDHILL604 generator to OC-AUS-WA node...
INFO [2024-08-08 16:18:16] [THERMAL] - Adding AUS_WAS_REMOUNT607 generator to OC-AUS-TA node...
INFO [2024-08-08 16:18:16] [THERMAL] - Adding AUS_WAS_ROCHEDALE610 generator to OC-AUS-QL node...
INFO [2024-08-08 16:18:16] [THERMAL] - Adding AUS_WAS_ROCKINGHAM611 generator to OC-AUS-WA node...
INFO [2024-08-08 16:18:16] [THERMAL] - Adding AUS_WAS_ROGHANROAD613 generator to OC-AUS-QL node...
INFO [2024-08-08 16:18:16] [THERMAL] - Adding AUS_WAS_SHENTONPARKWM621 generator to OC-AUS-WA node...
INFO [2024-08-08 16:18:17] [THERMAL] - Adding AUS_WAS_SHEPPARTONBIOG622 generator to OC-AUS-VI node...
INFO [2024-08-08 16:18:17] [THERMAL] - Adding AUS_WAS_SOUTHCARDUPS629 generator to OC-AUS-WA node...
INFO [2024-08-08 16:18:17] [THERMAL] - Adding AUS_WAS_SPRINGVALE631 generator to OC-AUS-VI node...
INFO [2024-08-08 16:18:17] [THERMAL] - Adding AUS_WAS_SUMMERHILL637 generator to OC-AUS-SW node...
INFO [2024-08-08 16:18:17] [THERMAL] - Adding AUS_WAS_TAMALAPARK646 generator to OC-AUS-WA node...
INFO [2024-08-08 16:18:17] [THERMAL] - Adding AUS_WAS_TATURABIOGASG652 generator to OC-AUS-VI node...
INFO [2024-08-08 16:18:18] [THERMAL] - Adding AUS_WAS_TEATREEGULLY653 generator to OC-AUS-SA node...
INFO [2024-08-08 16:18:18] [THERMAL] - Adding AUS_WAS_TITREEBIOENER659 generator to OC-AUS-QL node...
INFO [2024-08-08 16:18:18] [THERMAL] - Adding AUS_WAS_TRARALGONNETWO668 generator to OC-AUS-VI node...
INFO [2024-08-08 16:18:18] [THERMAL] - Adding AUS_WAS_WESTNOWRASHO702 generator to OC-AUS-SW node...
INFO [2024-08-08 16:18:18] [THERMAL] - Adding AUS_WAS_WHITWOODROAD704 generator to OC-AUS-QL node...
INFO [2024-08-08 16:18:18] [THERMAL] - Adding AUS_WAS_WINGFIELDI712 generator to OC-AUS-SA node...
INFO [2024-08-08 16:18:18] [THERMAL] - Adding AUS_WAS_WINGFIELDII713 generator to OC-AUS-SA node...
INFO [2024-08-08 16:18:19] [THERMAL] - Adding AUS_WAS_WOLLERT717 generator to OC-AUS-VI node...
INFO [2024-08-08 16:18:19] [THERMAL] - Adding AUS_WAS_WOODLAWNBIOREA719 generator to OC-AUS-SW node...
INFO [2024-08-08 16:18:19] [THERMAL] - Adding AUS_WAS_WOODMANPOINT721 generator to OC-AUS-WA node...
INFO [2024-08-08 16:18:19] [THERMAL] - Adding AUS_WAS_WYNDHAM725 generator to OC-AUS-VI node...
INFO [2024-08-08 16:18:19] [THERMAL] - Adding AUS-QL_BIO_CAPACITY SCALER generator to OC-AUS-QL node...
INFO [2024-08-08 16:18:20] [THERMAL] - Adding AUS-QL_OIL_CAPACITY SCALER generator to OC-AUS-QL node...
INFO [2024-08-08 16:18:20] [THERMAL] - Adding AUS-SA_OIL_CAPACITY SCALER generator to OC-AUS-SA node...
INFO [2024-08-08 16:18:20] [THERMAL] - Adding AUS-SW_OIL_CAPACITY SCALER generator to OC-AUS-SW node...
INFO [2024-08-08 16:18:20] [THERMAL] - Adding AUS-WA_OIL_CAPACITY SCALER generator to OC-AUS-WA node...
INFO [2024-08-08 16:18:20] [THERMAL] - Adding FJI_BIO_CAPACITY SCALER generator to OC-FJI node...
INFO [2024-08-08 16:18:20] [THERMAL] - Adding FJI_BIO_LABASASUGARMI8628 generator to OC-FJI node...
INFO [2024-08-08 16:18:20] [THERMAL] - Adding FJI_BIO_RARAWAIMILL8631 generator to OC-FJI node...
INFO [2024-08-08 16:18:21] [THERMAL] - Adding FJI_BIO_TROPIKWOODSIP8632 generator to OC-FJI node...
INFO [2024-08-08 16:18:21] [THERMAL] - Adding FJI_OIL_KINOYA8627 generator to OC-FJI node...
INFO [2024-08-08 16:18:21] [THERMAL] - Adding FJI_OIL_LEVUKAPOWERST8629 generator to OC-FJI node...
INFO [2024-08-08 16:18:21] [THERMAL] - Adding FJI_OIL_VUDA8634 generator to OC-FJI node...
INFO [2024-08-08 16:18:21] [THERMAL] - Adding FJI_OIL_WAIYEVO8637 generator to OC-FJI node...
INFO [2024-08-08 16:18:21] [THERMAL] - Adding NZL_BIO_CAPACITY SCALER generator to OC-NZL node...
INFO [2024-08-08 16:18:21] [THERMAL] - Adding NZL_COA_CAPACITY SCALER generator to OC-NZL node...
INFO [2024-08-08 16:18:22] [THERMAL] - Adding NZL_COA_HUNTLYSTEAM14610 generator to OC-NZL node...
INFO [2024-08-08 16:18:22] [THERMAL] - Adding NZL_GAS_CAPACITY SCALER generator to OC-NZL node...
INFO [2024-08-08 16:18:22] [THERMAL] - Adding NZL_GAS_HUNTLYCC14609 generator to OC-NZL node...
INFO [2024-08-08 16:18:22] [THERMAL] - Adding NZL_GAS_HUNTLYUNIT614611 generator to OC-NZL node...
INFO [2024-08-08 16:18:22] [THERMAL] - Adding NZL_GAS_TERAPA14629 generator to OC-NZL node...
INFO [2024-08-08 16:18:22] [THERMAL] - Adding NZL_GEO_CAPACITY SCALER generator to OC-NZL node...
INFO [2024-08-08 16:18:23] [THERMAL] - Adding NZL_GEO_KAWERAU14613 generator to OC-NZL node...
INFO [2024-08-08 16:18:23] [THERMAL] - Adding NZL_GEO_MOKAI14641 generator to OC-NZL node...
INFO [2024-08-08 16:18:23] [THERMAL] - Adding NZL_GEO_NGAAWAPURUA14619 generator to OC-NZL node...
INFO [2024-08-08 16:18:23] [THERMAL] - Adding NZL_GEO_OHAAKI14620 generator to OC-NZL node...
INFO [2024-08-08 16:18:23] [THERMAL] - Adding NZL_GEO_ROTOKAWA14626 generator to OC-NZL node...
INFO [2024-08-08 16:18:23] [THERMAL] - Adding NZL_GEO_TEHUKABINARY14628 generator to OC-NZL node...
INFO [2024-08-08 16:18:23] [THERMAL] - Adding NZL_GEO_WAIRAKEI14635 generator to OC-NZL node...
INFO [2024-08-08 16:18:23] [THERMAL] - Adding NZL_OIL_WHIRINAKI14639 generator to OC-NZL node...
INFO [2024-08-08 16:18:24] [THERMAL] - Adding NZL_WAV_CAPACITY SCALER generator to OC-NZL node...
INFO [2024-08-08 16:18:24] [THERMAL] - Adding PNG_GAS_CAPACITY SCALER generator to OC-PNG node...
INFO [2024-08-08 16:18:24] [THERMAL] - Adding PNG_GAS_HIDES15093 generator to OC-PNG node...
INFO [2024-08-08 16:18:24] [THERMAL] - Adding PNG_GEO_CAPACITY SCALER generator to OC-PNG node...
INFO [2024-08-08 16:18:24] [THERMAL] - Adding PNG_GEO_LIHIR15097 generator to OC-PNG node...
INFO [2024-08-08 16:18:24] [THERMAL] - Adding PNG_OIL_CAPACITY SCALER generator to OC-PNG node...
INFO [2024-08-08 16:18:24] [THERMAL] - Adding PNG_OIL_KANUDI15094 generator to OC-PNG node...
INFO [2024-08-08 16:18:25] [THERMAL] - Adding PNG_OIL_LAE15095 generator to OC-PNG node...
INFO [2024-08-08 16:18:25] [THERMAL] - Adding PNG_OIL_OKTEDI15099 generator to OC-PNG node...
INFO [2024-08-08 16:18:25] [THERMAL] - Adding PNG_OIL_PORGERA15101 generator to OC-PNG node...
INFO [2024-08-08 16:18:25] [THERMAL] - Adding PNG_OIL_TABUBIL15104 generator to OC-PNG node...
INFO [2024-08-08 16:18:25] [THERMAL] - Adding PNG_OIL_TOLKUMA15105 generator to OC-PNG node...
INFO [2024-08-08 16:18:25] [THERMAL] - Adding PNG_OIL_ULAGUNAN15106 generator to OC-PNG node...
INFO [2024-08-08 16:18:25] [MAIN] - Done adding thermal data! (run time : 0.93min).

INFO [2024-08-08 16:18:25] [MAIN] - Fetching storage data...

INFO [2024-08-08 16:18:26] [STORAGE] - Adding ATA_CHE_SouthPoleTelesc5_1 battery to OC-ATA node...
INFO [2024-08-08 16:18:26] [STORAGE] - Adding AUS_CHE_30kW130kWhUnive6_1 battery to OC-AUS-SW node...
INFO [2024-08-08 16:18:26] [STORAGE] - Adding AUS_CHE_CapeBarrenIslan11_1 battery to OC-AUS-TA node...
INFO [2024-08-08 16:18:26] [STORAGE] - Adding AUS_CHE_CapeYorkSolarSt12_1 battery to OC-AUS-QL node...
INFO [2024-08-08 16:18:26] [STORAGE] - Adding AUS_CHE_CSIROMurchisonR14_1 battery to OC-AUS-WA node...
INFO [2024-08-08 16:18:26] [STORAGE] - Adding AUS_CHE_DeGrussaCopperM15_1 battery to OC-AUS-WA node...
INFO [2024-08-08 16:18:26] [STORAGE] - Adding AUS_CHE_Domino039sPizza16_1 battery to OC-AUS-SW node...
INFO [2024-08-08 16:18:27] [STORAGE] - Adding AUS_CHE_GlobalChangeIns17_1 battery to OC-AUS-QL node...
INFO [2024-08-08 16:18:27] [STORAGE] - Adding AUS_CHE_HornsdalePowerR18_1 battery to OC-AUS-SA node...
INFO [2024-08-08 16:18:27] [STORAGE] - Adding AUS_CHE_KennedyEnergyPa19_1 battery to OC-AUS-QL node...
INFO [2024-08-08 16:18:27] [STORAGE] - Adding AUS_CHE_KingfisherProje20_1 battery to OC-AUS-SA node...
INFO [2024-08-08 16:18:27] [STORAGE] - Adding AUS_CHE_KingIslandRenew21_1 battery to OC-AUS-TA node...
INFO [2024-08-08 16:18:27] [STORAGE] - Adding AUS_CHE_LakelandSolaram22_1 battery to OC-AUS-QL node...
INFO [2024-08-08 16:18:28] [STORAGE] - Adding AUS_CHE_LakelandSolaran23_1 battery to OC-AUS-QL node...
INFO [2024-08-08 16:18:28] [STORAGE] - Adding AUS_CHE_MackerelIslands25_1 battery to OC-AUS-WA node...
INFO [2024-08-08 16:18:28] [STORAGE] - Adding AUS_CHE_NauiyuDalyRiver28_1 battery to OC-AUS-NT node...
INFO [2024-08-08 16:18:28] [STORAGE] - Adding AUS_CHE_NaulyCommunityS29_1 battery to OC-AUS-NT node...
INFO [2024-08-08 16:18:28] [STORAGE] - Adding AUS_CHE_NewtownHousing31_1 battery to OC-AUS-SW node...
INFO [2024-08-08 16:18:28] [STORAGE] - Adding AUS_CHE_Powercor2MWGrid34_1 battery to OC-AUS-VI node...
INFO [2024-08-08 16:18:29] [STORAGE] - Adding AUS_CHE_RedFlow300kWAde35_1 battery to OC-AUS-SA node...
INFO [2024-08-08 16:18:29] [STORAGE] - Adding AUS_CHE_StoredEnergyInt38_1 battery to OC-AUS-SW node...
INFO [2024-08-08 16:18:29] [STORAGE] - Adding AUS_CHE_SynergyEMCAlkim39_1 battery to OC-AUS-WA node...
INFO [2024-08-08 16:18:29] [STORAGE] - Adding AUS_CHE_TallangattaInte40_1 battery to OC-AUS-VI node...
INFO [2024-08-08 16:18:29] [STORAGE] - Adding AUS_CHE_ThomastownNetwo42_1 battery to OC-AUS-VI node...
INFO [2024-08-08 16:18:30] [STORAGE] - Adding AUS_CHE_TransGridiDeman43_1 battery to OC-AUS-SW node...
INFO [2024-08-08 16:18:30] [STORAGE] - Adding AUS_CHE_UniversityofQue44_1 battery to OC-AUS-QL node...
INFO [2024-08-08 16:18:30] [STORAGE] - Adding AUS_CHE_UTSUniversityof45_1 battery to OC-AUS-SW node...
INFO [2024-08-08 16:18:30] [STORAGE] - Adding AUS_CHE_ZECOEnergy46_1 battery to OC-AUS-VI node...
INFO [2024-08-08 16:18:30] [STORAGE] - Adding AUS_PHS_BendeelaPumping47_1 battery to OC-AUS-SW node...
INFO [2024-08-08 16:18:31] [STORAGE] - Adding AUS_PHS_KangarooValleyP48_1 battery to OC-AUS-SW node...
INFO [2024-08-08 16:18:31] [STORAGE] - Adding AUS_PHS_PoatinaPowerSta49_1 battery to OC-AUS-TA node...
INFO [2024-08-08 16:18:31] [STORAGE] - Adding AUS_PHS_PoatinaPowerSta49_2 battery to OC-AUS-TA node...
INFO [2024-08-08 16:18:31] [STORAGE] - Adding AUS_PHS_TodsCornerPower50_1 battery to OC-AUS-TA node...
INFO [2024-08-08 16:18:31] [STORAGE] - Adding AUS_PHS_TumutHydroelect51_1 battery to OC-AUS-SW node...
INFO [2024-08-08 16:18:32] [STORAGE] - Adding AUS_PHS_TumutHydroelect51_2 battery to OC-AUS-SW node...
INFO [2024-08-08 16:18:32] [STORAGE] - Adding AUS_PHS_TumutHydroelect51_3 battery to OC-AUS-SW node...
INFO [2024-08-08 16:18:32] [STORAGE] - Adding AUS_PHS_TumutHydroelect51_4 battery to OC-AUS-SW node...
INFO [2024-08-08 16:18:32] [STORAGE] - Adding AUS_PHS_TumutHydroelect51_5 battery to OC-AUS-SW node...
INFO [2024-08-08 16:18:32] [STORAGE] - Adding AUS_PHS_TumutHydroelect51_6 battery to OC-AUS-SW node...
INFO [2024-08-08 16:18:33] [STORAGE] - Adding AUS_PHS_TumutHydroelect51_7 battery to OC-AUS-SW node...
INFO [2024-08-08 16:18:33] [STORAGE] - Adding AUS_PHS_TumutHydroelect51_8 battery to OC-AUS-SW node...
INFO [2024-08-08 16:18:33] [STORAGE] - Adding AUS_PHS_WivenhoePowerSt52_1 battery to OC-AUS-QL node...
INFO [2024-08-08 16:18:33] [STORAGE] - Adding AUS_PHS_WivenhoePowerSt52_2 battery to OC-AUS-QL node...
INFO [2024-08-08 16:18:34] [STORAGE] - Adding AUS_PHS_WivenhoePowerSt52_3 battery to OC-AUS-QL node...
INFO [2024-08-08 16:18:34] [STORAGE] - Adding AUS_THE_JemalongSolarTh53_1 battery to OC-AUS-SW node...
INFO [2024-08-08 16:18:34] [STORAGE] - Adding AUS_THE_LakeCargelligoS54_1 battery to OC-AUS-SW node...
INFO [2024-08-08 16:18:34] [STORAGE] - Adding NZL_CHE_AlpineEnergyBES689_1 battery to OC-NZL node...
INFO [2024-08-08 16:18:34] [STORAGE] - Adding NZL_CHE_Powerco039sLead690_1 battery to OC-NZL node...
INFO [2024-08-08 16:18:35] [STORAGE] - Adding NZL_CHE_Powerco039sRedf691_1 battery to OC-NZL node...
INFO [2024-08-08 16:18:35] [STORAGE] - Adding NZL_CHE_Tesla250kW570kW692_1 battery to OC-NZL node...
INFO [2024-08-08 16:18:35] [MAIN] - Done adding storage data! (run time : 0.16min).

INFO [2024-08-08 16:18:35] [MAIN] - Adding lines between areas...

INFO [2024-08-08 16:18:36] 2024-08-08 16:18:36 - [LINES] Skipping OC-AUS-NT to OC-AUS-QL link (zero NTC)
INFO [2024-08-08 16:18:36] 2024-08-08 16:18:36 - [LINES] Skipping OC-AUS-NT to OC-AUS-SA link (zero NTC)
INFO [2024-08-08 16:18:36] 2024-08-08 16:18:36 - [LINES] Skipping OC-AUS-NT to OC-AUS-WA link (zero NTC)
INFO [2024-08-08 16:18:36] 2024-08-08 16:18:36 - [LINES] Skipping OC-AUS-QL to OC-AUS-SA link (zero NTC)
INFO [2024-08-08 16:18:36] [LINES] - Adding OC-AUS-QL to OC-AUS-SW line...
INFO [2024-08-08 16:18:36] 2024-08-08 16:18:36 - [LINES] Skipping OC-AUS-SA to OC-AUS-SW link (zero NTC)
INFO [2024-08-08 16:18:36] [LINES] - Adding OC-AUS-SA to OC-AUS-VI line...
INFO [2024-08-08 16:18:36] 2024-08-08 16:18:36 - [LINES] Skipping OC-AUS-SA to OC-AUS-WA link (zero NTC)
INFO [2024-08-08 16:18:37] [LINES] - Adding OC-AUS-SW to OC-AUS-VI line...
INFO [2024-08-08 16:18:37] [LINES] - Adding OC-AUS-TA to OC-AUS-VI line...
INFO [2024-08-08 16:18:37] [MAIN] - Done adding lines! (run time : 1.8s).

INFO [2024-08-08 16:18:37] [MAIN] - Finished setting up Antares study! (run time : 1.53min).
 

