INFO [2024-08-05 10:08:20] [MAIN] - Creating Etude_sur_R_Monde__2024_08_05_10_08_20 study...

INFO [2024-08-05 10:08:20] [MAIN] - Adding nodes...

INFO [2024-08-05 10:08:22] [NODES] - Adding EU-CHE node...
INFO [2024-08-05 10:08:22] [NODES] - Adding EU-DEU node...
INFO [2024-08-05 10:08:22] [NODES] - Adding EU-FRA node...
INFO [2024-08-05 10:08:22] [MAIN] - Done adding nodes! (run time : 2.2s).

INFO [2024-08-05 10:08:22] [MAIN] - Adding load data...

INFO [2024-08-05 10:08:23] [LOAD] - Adding EU-CHE load data...
INFO [2024-08-05 10:08:23] [LOAD] - Adding EU-DEU load data...
INFO [2024-08-05 10:08:23] [LOAD] - Adding EU-FRA load data...
INFO [2024-08-05 10:08:23] [MAIN] - Done adding load data! (run time : 1.04s).

INFO [2024-08-05 10:08:23] [MAIN] - Fetching wind data...

INFO [2024-08-05 10:08:24] [WIND] - Adding EU-CHE aggregated wind data...
INFO [2024-08-05 10:08:24] [WIND] - Adding EU-DEU aggregated wind data...
INFO [2024-08-05 10:08:24] [WIND] - Adding EU-FRA aggregated wind data...
INFO [2024-08-05 10:08:24] [MAIN] - Done adding wind data! (run time : 0.22s).

INFO [2024-08-05 10:08:24] [MAIN] - Fetching solar data...

INFO [2024-08-05 10:08:24] [SOLAR] - Adding EU-CHE aggregated solar data...
INFO [2024-08-05 10:08:24] [SOLAR] - Adding EU-DEU aggregated solar data...
INFO [2024-08-05 10:08:24] [SOLAR] - Adding EU-FRA aggregated solar data...
INFO [2024-08-05 10:08:24] [MAIN] - Done adding solar data! (run time : 0.2s).

INFO [2024-08-05 10:08:24] [MAIN] - Beginning hydro implementation...
INFO [2024-08-05 10:08:25] [HYDRO] - Initializing EU-CHE hydro parameters...
INFO [2024-08-05 10:08:25] [HYDRO] - Adding EU-CHE hydro profiles...
INFO [2024-08-05 10:08:25] [HYDRO] - Initializing EU-DEU hydro parameters...
INFO [2024-08-05 10:08:25] [HYDRO] - Adding EU-DEU hydro profiles...
INFO [2024-08-05 10:08:26] [HYDRO] - Initializing EU-FRA hydro parameters...
INFO [2024-08-05 10:08:26] [HYDRO] - Adding EU-FRA hydro profiles...
INFO [2024-08-05 10:08:26] [MAIN] - Done adding hydro!
INFO [2024-08-05 10:08:26] [MAIN] - Adding lines between areas...

INFO [2024-08-05 10:08:27] [LINES] - Adding EU-CHE to EU-DEU line...
INFO [2024-08-05 10:08:27] [LINES] - Adding EU-CHE to EU-FRA line...
INFO [2024-08-05 10:08:27] [LINES] - Adding EU-DEU to EU-FRA line...
INFO [2024-08-05 10:08:27] [MAIN] - Done adding lines! (run time : 1.33s).

INFO [2024-08-05 10:08:27] [MAIN] - Finished setting up Antares study! (run time : 0.13min).
 

INFO [2024-08-05 10:08:27] [MAIN] - Starting simulation__2024_08_05_10_08_27 simulation...
INFO [2024-08-05 10:08:35] [MAIN] - Antares simulation finished! (run time : 0.13min).
 

INFO [2024-08-05 10:08:40] [MAIN] - Opening latest simulation...
