INFO [2024-10-14 22:26:03] [MAIN] - Initializing output folder...
INFO [2024-10-14 22:26:07] [MAIN] - Reading simulations of pre-existing v2_20clu__2024_09_04_22_33_36 study...
INFO [2024-10-14 22:26:07] [MAIN] - Opening 20240905-0707eco-world_vOutages_accurateUCM simulation...
INFO [2024-10-14 22:26:07] [MAIN] - Preparing to save global production stack...
INFO [2024-10-14 22:26:11] [MAIN] - Done saving global production stack! (run time : 4.08s).

INFO [2024-10-14 22:26:11] [MAIN] - Preparing to save continental production stacks...
INFO [2024-10-14 22:26:12] [STACK] - Saving production stack for africa continent...
INFO [2024-10-14 22:26:15] [STACK] - The daily production stack for africa from 2015-01-01 to 2015-12-31 has been saved!
INFO [2024-10-14 22:26:16] [STACK] - Saving production stack for asia continent...
INFO [2024-10-14 22:26:19] [STACK] - The daily production stack for asia from 2015-01-01 to 2015-12-31 has been saved!
INFO [2024-10-14 22:26:19] [STACK] - Saving production stack for europe continent...
INFO [2024-10-14 22:26:23] [STACK] - The daily production stack for europe from 2015-01-01 to 2015-12-31 has been saved!
INFO [2024-10-14 22:26:23] [STACK] - Saving production stack for north america continent...
INFO [2024-10-14 22:26:26] [STACK] - The daily production stack for north america from 2015-01-01 to 2015-12-31 has been saved!
INFO [2024-10-14 22:26:27] [STACK] - Saving production stack for oceania continent...
INFO [2024-10-14 22:26:31] [STACK] - The daily production stack for oceania from 2015-01-01 to 2015-12-31 has been saved!
INFO [2024-10-14 22:26:31] [STACK] - Saving production stack for south america continent...
INFO [2024-10-14 22:26:35] [STACK] - The daily production stack for south america from 2015-01-01 to 2015-12-31 has been saved!
INFO [2024-10-14 22:26:35] [MAIN] - Done saving continental production stacks! (run time : 23.26s).

INFO [2024-10-14 22:26:35] [MAIN] - Preparing to save national production stacks...
INFO [2024-10-14 22:26:36] [STACK] - Saving production stack for af-ago country...
INFO [2024-10-14 22:26:39] [STACK] - The daily production stack for af-ago from 2015-01-01 to 2015-12-31 has been saved!
INFO [2024-10-14 22:26:39] [STACK] - Saving production stack for af-bdi country...
INFO [2024-10-14 22:26:43] [STACK] - The daily production stack for af-bdi from 2015-01-01 to 2015-12-31 has been saved!
INFO [2024-10-14 22:26:43] [STACK] - Saving production stack for af-ben country...
INFO [2024-10-14 22:26:46] [STACK] - The daily production stack for af-ben from 2015-01-01 to 2015-12-31 has been saved!
INFO [2024-10-14 22:26:46] [STACK] - Saving production stack for af-bfa country...
