INFO [2024-08-05 12:50:31] [MAIN] - Creating Etude_sur_R_Monde__2024_08_05_12_50_31 study...

INFO [2024-08-05 12:50:32] [MAIN] - Adding nodes...

INFO [2024-08-05 12:50:33] [NODES] - Adding EU-CHE node...
INFO [2024-08-05 12:50:34] [NODES] - Adding EU-DEU node...
INFO [2024-08-05 12:50:34] [NODES] - Adding EU-FRA node...
INFO [2024-08-05 12:50:34] [MAIN] - Done adding nodes! (run time : 2.38s).

INFO [2024-08-05 12:50:34] [MAIN] - Adding load data...

INFO [2024-08-05 12:50:35] [LOAD] - Adding EU-CHE load data...
INFO [2024-08-05 12:50:35] [LOAD] - Adding EU-DEU load data...
INFO [2024-08-05 12:50:35] [LOAD] - Adding EU-FRA load data...
INFO [2024-08-05 12:50:35] [MAIN] - Done adding load data! (run time : 1.45s).

INFO [2024-08-05 12:50:36] [MAIN] - Beginning hydro implementation...
INFO [2024-08-05 12:50:36] [HYDRO] - Initializing EU-CHE hydro parameters...
INFO [2024-08-05 12:50:37] [HYDRO] - Adding EU-CHE hydro profiles...
INFO [2024-08-05 12:50:38] [HYDRO] - Initializing EU-DEU hydro parameters...
INFO [2024-08-05 12:50:38] [HYDRO] - Adding EU-DEU hydro profiles...
INFO [2024-08-05 12:50:39] [HYDRO] - Initializing EU-FRA hydro parameters...
INFO [2024-08-05 12:50:39] [HYDRO] - Adding EU-FRA hydro profiles...
INFO [2024-08-05 12:50:39] [MAIN] - Done adding hydro!
INFO [2024-08-05 12:50:39] [MAIN] - Adding lines between areas...

INFO [2024-08-05 12:50:41] [LINES] - Adding EU-CHE to EU-DEU line...
INFO [2024-08-05 12:50:41] [LINES] - Adding EU-CHE to EU-FRA line...
INFO [2024-08-05 12:50:41] [LINES] - Adding EU-DEU to EU-FRA line...
INFO [2024-08-05 12:50:41] [MAIN] - Done adding lines! (run time : 1.93s).

INFO [2024-08-05 12:50:41] [MAIN] - Finished setting up Antares study! (run time : 0.17min).
 

INFO [2024-08-05 12:50:41] [MAIN] - Starting simulation__2024_08_05_12_50_41 simulation...
INFO [2024-08-05 12:50:52] [MAIN] - Antares simulation finished! (run time : 0.18min).
 

INFO [2024-08-05 12:50:52] [MAIN] - Opening latest simulation...
