INFO [2024-09-03 15:56:00] [MAIN] - Creating Deane_1cluster_wOutages__2024_09_03_15_55_59 study...

INFO [2024-09-03 15:56:00] [MAIN] - Unit commitment mode : ACCURATE
INFO [2024-09-03 15:56:00] [MAIN] - Adding nodes...

INFO [2024-09-03 16:02:35] [MAIN] - Done adding nodes! (run time : 395.3s).

INFO [2024-09-03 16:02:35] [MAIN] - Adding districts...

INFO [2024-09-03 16:02:57] [MAIN] - Done adding districts! (run time : 21.28s).

INFO [2024-09-03 16:02:57] [MAIN] - Adding load data...

INFO [2024-09-03 16:10:45] [MAIN] - Done adding load data! (run time : 468.67s).

INFO [2024-09-03 16:10:46] [MAIN] - Fetching wind data...

INFO [2024-09-03 16:15:19] [MAIN] - Done adding wind data! (run time : 273.88s).

INFO [2024-09-03 16:15:19] [MAIN] - Fetching solar data...

INFO [2024-09-03 16:20:27] [MAIN] - Done adding solar data! (run time : 307.3s).

INFO [2024-09-03 16:20:27] [MAIN] - Beginning hydro implementation...
INFO [2024-09-03 16:50:46] [MAIN] - Done adding hydro!
INFO [2024-09-03 16:50:46] [MAIN] - Fetching thermal data...
INFO [2024-09-03 16:50:51] [MAIN] - Aggregating identical generators...
INFO [2024-09-03 16:50:53] [MAIN] - Running 1-clustering algorithm on generators...
INFO [2024-09-03 16:51:05] [MAIN] - Done running 1-clustering algorithm on generators!

INFO [2024-09-03 17:19:15] [MAIN] - Done adding thermal data! (run time : 28.49min).

INFO [2024-09-03 17:19:15] [MAIN] - Fetching battery data...

INFO [2024-09-03 17:19:16] [MAIN] - Aggregating identical batteries...
