INFO [2024-08-08 11:32:23] [MAIN] - Creating Etude_sur_R_Monde__2024_08_08_11_32_23 study...

INFO [2024-08-08 11:32:23] [MAIN] - Unit commitment mode : FAST
INFO [2024-08-08 11:32:23] [MAIN] - Adding nodes...

INFO [2024-08-08 11:32:24] [NODES] - Adding AF-MAR node...
INFO [2024-08-08 11:32:24] [NODES] - Adding EU-DEU node...
INFO [2024-08-08 11:32:25] [NODES] - Adding EU-ESP node...
INFO [2024-08-08 11:32:25] [NODES] - Adding EU-FRA node...
INFO [2024-08-08 11:32:25] [MAIN] - Done adding nodes! (run time : 1.9s).

INFO [2024-08-08 11:32:25] [MAIN] - Adding load data...

INFO [2024-08-08 11:32:26] [LOAD] - Adding AF-MAR load data...
INFO [2024-08-08 11:32:26] [LOAD] - Adding EU-ESP load data...
INFO [2024-08-08 11:32:26] [LOAD] - Adding EU-DEU load data...
INFO [2024-08-08 11:32:26] [LOAD] - Adding EU-FRA load data...
INFO [2024-08-08 11:32:26] [MAIN] - Done adding load data! (run time : 1.19s).

INFO [2024-08-08 11:32:26] [MAIN] - Fetching wind data...

INFO [2024-08-08 11:32:26] [WIND] - Adding AF-MAR aggregated wind data...
INFO [2024-08-08 11:32:26] [WIND] - Adding EU-ESP aggregated wind data...
INFO [2024-08-08 11:32:26] [WIND] - Adding EU-DEU aggregated wind data...
INFO [2024-08-08 11:32:27] [WIND] - Adding EU-FRA aggregated wind data...
INFO [2024-08-08 11:32:27] [MAIN] - Done adding wind data! (run time : 0.32s).

INFO [2024-08-08 11:32:27] [MAIN] - Fetching solar data...

INFO [2024-08-08 11:32:27] [WARN] - Skipped adding solar data for AF-MAR (no generators found in PLEXOS).
INFO [2024-08-08 11:32:27] [SOLAR] - Adding EU-ESP aggregated solar data...
INFO [2024-08-08 11:32:27] [SOLAR] - Adding EU-DEU aggregated solar data...
INFO [2024-08-08 11:32:27] [SOLAR] - Adding EU-FRA aggregated solar data...
INFO [2024-08-08 11:32:27] [MAIN] - Done adding solar data! (run time : 0.36s).

INFO [2024-08-08 11:32:27] [MAIN] - Fetching solar CSP data...

