INFO [2024-08-05 17:38:09] [MAIN] - Creating Etude_sur_R_Monde__2024_08_05_17_38_09 study...

INFO [2024-08-05 17:38:09] [MAIN] - Unit commitment mode : FAST
INFO [2024-08-05 17:38:09] [MAIN] - Adding nodes...

INFO [2024-08-05 17:38:11] [MAIN] - Done adding nodes! (run time : 1.7s).

INFO [2024-08-05 17:38:11] [MAIN] - Adding load data...

INFO [2024-08-05 17:38:12] [MAIN] - Done adding load data! (run time : 1.17s).

INFO [2024-08-05 17:38:12] [MAIN] - Fetching wind data...

INFO [2024-08-05 17:38:12] [MAIN] - Done adding wind data! (run time : 0.24s).

INFO [2024-08-05 17:38:12] [MAIN] - Fetching solar data...

INFO [2024-08-05 17:38:12] [MAIN] - Done adding solar data! (run time : 0.3s).

INFO [2024-08-05 17:38:12] [MAIN] - Fetching thermal data...

INFO [2024-08-05 17:39:26] [MAIN] - Done adding thermal data! (run time : 1.23min).

INFO [2024-08-05 17:39:26] [MAIN] - Beginning hydro implementation...
INFO [2024-08-05 17:39:28] [MAIN] - Done adding hydro!
INFO [2024-08-05 17:39:28] [MAIN] - Adding lines between areas...

INFO [2024-08-05 17:39:29] [MAIN] - Done adding lines! (run time : 1.24s).

INFO [2024-08-05 17:39:29] [MAIN] - Finished setting up Antares study! (run time : 1.34min).
 

INFO [2024-08-05 17:39:29] [MAIN] - Starting simulation__2024_08_05_17_39_29 simulation...
INFO [2024-08-05 17:42:35] [MAIN] - Antares simulation finished! (run time : 3.09min).
 

INFO [2024-08-05 17:42:35] [MAIN] - Opening latest simulation...
