ERROR [2024-09-10 10:10:17] [WARN] - Skipped adding wind data for eu-alb (no generators found in PLEXOS).
ERROR [2024-09-10 10:10:17] [WARN] - Skipped adding wind data for eu-arm (no generators found in PLEXOS).
ERROR [2024-09-10 10:10:17] [WARN] - Skipped adding wind data for eu-aze (no generators found in PLEXOS).
ERROR [2024-09-10 10:10:17] [WARN] - Skipped adding wind data for eu-bih (no generators found in PLEXOS).
ERROR [2024-09-10 10:10:17] [WARN] - Skipped adding wind data for eu-blr (no generators found in PLEXOS).
ERROR [2024-09-10 10:10:20] [WARN] - Skipped adding wind data for eu-geo (no generators found in PLEXOS).
ERROR [2024-09-10 10:10:20] [WARN] - Skipped adding wind data for eu-isl (no generators found in PLEXOS).
ERROR [2024-09-10 10:10:21] [WARN] - Skipped adding wind data for eu-kos (no generators found in PLEXOS).
ERROR [2024-09-10 10:10:21] [WARN] - Skipped adding wind data for eu-mda (no generators found in PLEXOS).
ERROR [2024-09-10 10:10:21] [WARN] - Skipped adding wind data for eu-mkd (no generators found in PLEXOS).
ERROR [2024-09-10 10:10:21] [WARN] - Skipped adding wind data for eu-mne (no generators found in PLEXOS).
ERROR [2024-09-10 10:10:22] [WARN] - Skipped adding wind data for eu-srb (no generators found in PLEXOS).
ERROR [2024-09-10 10:10:22] [WARN] - Skipped adding wind data for eu-svk (no generators found in PLEXOS).
ERROR [2024-09-10 10:10:22] [WARN] - Skipped adding wind data for eu-svn (no generators found in PLEXOS).
ERROR [2024-09-10 10:10:23] [WARN] - Skipped adding solar data for eu-alb (no generators found in PLEXOS).
ERROR [2024-09-10 10:10:23] [WARN] - Skipped adding solar data for eu-arm (no generators found in PLEXOS).
ERROR [2024-09-10 10:10:24] [WARN] - Skipped adding solar data for eu-bih (no generators found in PLEXOS).
ERROR [2024-09-10 10:10:24] [WARN] - Skipped adding solar data for eu-blr (no generators found in PLEXOS).
ERROR [2024-09-10 10:10:25] [WARN] - Skipped adding solar data for eu-est (no generators found in PLEXOS).
ERROR [2024-09-10 10:10:26] [WARN] - Skipped adding solar data for eu-geo (no generators found in PLEXOS).
ERROR [2024-09-10 10:10:27] [WARN] - Skipped adding solar data for eu-irl (no generators found in PLEXOS).
ERROR [2024-09-10 10:10:27] [WARN] - Skipped adding solar data for eu-isl (no generators found in PLEXOS).
ERROR [2024-09-10 10:10:27] [WARN] - Skipped adding solar data for eu-kos (no generators found in PLEXOS).
ERROR [2024-09-10 10:10:27] [WARN] - Skipped adding solar data for eu-lva (no generators found in PLEXOS).
ERROR [2024-09-10 10:10:27] [WARN] - Skipped adding solar data for eu-mda (no generators found in PLEXOS).
ERROR [2024-09-10 10:10:27] [WARN] - Skipped adding solar data for eu-mne (no generators found in PLEXOS).
ERROR [2024-09-10 10:10:30] [WARN] - Generation of all lines failed (perhaps there are no connections?), skipping...
