INFO [2024-08-19 15:15:47] [MAIN] - Creating Deane_World_Agg_new__2024_08_19_15_15_46 study...

INFO [2024-08-19 15:15:47] [MAIN] - Unit commitment mode : ACCURATE
INFO [2024-08-19 15:15:47] [MAIN] - Adding nodes...

INFO [2024-08-19 15:15:49] [NODES] - Adding AF-AGO node...
INFO [2024-08-19 15:15:49] [NODES] - Adding AF-BDI node...
INFO [2024-08-19 15:15:50] [NODES] - Adding AF-BEN node...
INFO [2024-08-19 15:15:50] [NODES] - Adding AF-BFA node...
INFO [2024-08-19 15:15:50] [NODES] - Adding AF-BWA node...
INFO [2024-08-19 15:15:50] [NODES] - Adding AF-CAF node...
INFO [2024-08-19 15:15:51] [NODES] - Adding AF-CIV node...
INFO [2024-08-19 15:15:51] [NODES] - Adding AF-CMR node...
INFO [2024-08-19 15:15:51] [NODES] - Adding AF-COD node...
INFO [2024-08-19 15:15:52] [NODES] - Adding AF-COG node...
INFO [2024-08-19 15:15:52] [NODES] - Adding AF-CPV node...
INFO [2024-08-19 15:15:52] [NODES] - Adding AF-DJI node...
INFO [2024-08-19 15:15:53] [NODES] - Adding AF-DZA node...
INFO [2024-08-19 15:15:53] [NODES] - Adding AF-EGY node...
INFO [2024-08-19 15:15:53] [NODES] - Adding AF-ERI node...
INFO [2024-08-19 15:15:53] [NODES] - Adding AF-ESH node...
INFO [2024-08-19 15:15:54] [NODES] - Adding AF-ETH node...
INFO [2024-08-19 15:15:54] [NODES] - Adding AF-GAB node...
INFO [2024-08-19 15:15:54] [NODES] - Adding AF-GHA node...
INFO [2024-08-19 15:15:55] [NODES] - Adding AF-GIN node...
INFO [2024-08-19 15:15:55] [NODES] - Adding AF-GMB node...
INFO [2024-08-19 15:15:56] [NODES] - Adding AF-GNB node...
INFO [2024-08-19 15:15:56] [NODES] - Adding AF-GNQ node...
INFO [2024-08-19 15:15:57] [NODES] - Adding AF-KEN node...
INFO [2024-08-19 15:15:57] [NODES] - Adding AF-LBR node...
INFO [2024-08-19 15:15:57] [NODES] - Adding AF-LBY node...
INFO [2024-08-19 15:15:58] [NODES] - Adding AF-LSO node...
INFO [2024-08-19 15:15:59] [NODES] - Adding AF-MAR node...
INFO [2024-08-19 15:15:59] [NODES] - Adding AF-MDG node...
INFO [2024-08-19 15:15:59] [NODES] - Adding AF-MLI node...
INFO [2024-08-19 15:16:00] [NODES] - Adding AF-MOZ node...
INFO [2024-08-19 15:16:00] [NODES] - Adding AF-MRT node...
INFO [2024-08-19 15:16:00] [NODES] - Adding AF-MUS node...
INFO [2024-08-19 15:16:01] [NODES] - Adding AF-MWI node...
INFO [2024-08-19 15:16:01] [NODES] - Adding AF-NAM node...
INFO [2024-08-19 15:16:02] [NODES] - Adding AF-NER node...
INFO [2024-08-19 15:16:02] [NODES] - Adding AF-NGA node...
INFO [2024-08-19 15:16:02] [NODES] - Adding AF-RWA node...
INFO [2024-08-19 15:16:03] [NODES] - Adding AF-SDN node...
INFO [2024-08-19 15:16:04] [NODES] - Adding AF-SEN node...
INFO [2024-08-19 15:16:04] [NODES] - Adding AF-SLE node...
INFO [2024-08-19 15:16:04] [NODES] - Adding AF-SWZ node...
INFO [2024-08-19 15:16:05] [NODES] - Adding AF-TGO node...
INFO [2024-08-19 15:16:05] [NODES] - Adding AF-TUN node...
INFO [2024-08-19 15:16:06] [NODES] - Adding AF-TZA node...
INFO [2024-08-19 15:16:06] [NODES] - Adding AF-UGA node...
INFO [2024-08-19 15:16:07] [NODES] - Adding AF-ZAF node...
INFO [2024-08-19 15:16:07] [NODES] - Adding AF-ZMB node...
INFO [2024-08-19 15:16:08] [NODES] - Adding AF-ZWE node...
INFO [2024-08-19 15:16:08] [NODES] - Adding AS-AFG node...
INFO [2024-08-19 15:16:09] [NODES] - Adding AS-ARE node...
INFO [2024-08-19 15:16:09] [NODES] - Adding AS-BGD node...
INFO [2024-08-19 15:16:10] [NODES] - Adding AS-BHR node...
INFO [2024-08-19 15:16:10] [NODES] - Adding AS-BRN node...
INFO [2024-08-19 15:16:11] [NODES] - Adding AS-BTN node...
INFO [2024-08-19 15:16:11] [NODES] - Adding AS-CHN-AN node...
INFO [2024-08-19 15:16:12] [NODES] - Adding AS-CHN-BE node...
INFO [2024-08-19 15:16:12] [NODES] - Adding AS-CHN-CH node...
INFO [2024-08-19 15:16:13] [NODES] - Adding AS-CHN-EM node...
INFO [2024-08-19 15:16:14] [NODES] - Adding AS-CHN-FU node...
INFO [2024-08-19 15:16:14] [NODES] - Adding AS-CHN-GA node...
INFO [2024-08-19 15:16:15] [NODES] - Adding AS-CHN-GD node...
INFO [2024-08-19 15:16:16] [NODES] - Adding AS-CHN-GU node...
INFO [2024-08-19 15:16:16] [NODES] - Adding AS-CHN-GX node...
INFO [2024-08-19 15:16:17] [NODES] - Adding AS-CHN-HA node...
INFO [2024-08-19 15:16:17] [NODES] - Adding AS-CHN-HB node...
INFO [2024-08-19 15:16:18] [NODES] - Adding AS-CHN-HE node...
INFO [2024-08-19 15:16:19] [NODES] - Adding AS-CHN-HJ node...
INFO [2024-08-19 15:16:19] [NODES] - Adding AS-CHN-HK node...
INFO [2024-08-19 15:16:20] [NODES] - Adding AS-CHN-HN node...
INFO [2024-08-19 15:16:21] [NODES] - Adding AS-CHN-HU node...
INFO [2024-08-19 15:16:21] [NODES] - Adding AS-CHN-JI node...
INFO [2024-08-19 15:16:22] [NODES] - Adding AS-CHN-JS node...
INFO [2024-08-19 15:16:23] [NODES] - Adding AS-CHN-JX node...
INFO [2024-08-19 15:16:24] [NODES] - Adding AS-CHN-LI node...
INFO [2024-08-19 15:16:25] [NODES] - Adding AS-CHN-MA node...
INFO [2024-08-19 15:16:25] [NODES] - Adding AS-CHN-NI node...
INFO [2024-08-19 15:16:26] [NODES] - Adding AS-CHN-QI node...
INFO [2024-08-19 15:16:27] [NODES] - Adding AS-CHN-SC node...
INFO [2024-08-19 15:16:28] [NODES] - Adding AS-CHN-SD node...
INFO [2024-08-19 15:16:28] [NODES] - Adding AS-CHN-SH node...
INFO [2024-08-19 15:16:29] [NODES] - Adding AS-CHN-SI node...
INFO [2024-08-19 15:16:30] [NODES] - Adding AS-CHN-SX node...
INFO [2024-08-19 15:16:31] [NODES] - Adding AS-CHN-TI node...
INFO [2024-08-19 15:16:32] [NODES] - Adding AS-CHN-TJ node...
INFO [2024-08-19 15:16:32] [NODES] - Adding AS-CHN-WM node...
INFO [2024-08-19 15:16:33] [NODES] - Adding AS-CHN-XI node...
INFO [2024-08-19 15:16:34] [NODES] - Adding AS-CHN-YU node...
INFO [2024-08-19 15:16:35] [NODES] - Adding AS-CHN-ZH node...
INFO [2024-08-19 15:16:36] [NODES] - Adding AS-IDN node...
INFO [2024-08-19 15:16:36] [NODES] - Adding AS-IND-EA node...
INFO [2024-08-19 15:16:37] [NODES] - Adding AS-IND-NE node...
INFO [2024-08-19 15:16:38] [NODES] - Adding AS-IND-NO node...
INFO [2024-08-19 15:16:39] [NODES] - Adding AS-IND-SO node...
INFO [2024-08-19 15:16:40] [NODES] - Adding AS-IND-WE node...
INFO [2024-08-19 15:16:41] [NODES] - Adding AS-IRN node...
INFO [2024-08-19 15:16:42] [NODES] - Adding AS-IRQ node...
INFO [2024-08-19 15:16:43] [NODES] - Adding AS-ISR node...
INFO [2024-08-19 15:16:44] [NODES] - Adding AS-JOR node...
INFO [2024-08-19 15:16:45] [NODES] - Adding AS-JPN-CE node...
INFO [2024-08-19 15:16:46] [NODES] - Adding AS-JPN-HO node...
INFO [2024-08-19 15:16:47] [NODES] - Adding AS-JPN-KY node...
INFO [2024-08-19 15:16:48] [NODES] - Adding AS-JPN-OK node...
INFO [2024-08-19 15:16:48] [NODES] - Adding AS-JPN-SH node...
INFO [2024-08-19 15:16:49] [NODES] - Adding AS-JPN-TO node...
INFO [2024-08-19 15:16:50] [NODES] - Adding AS-KAZ node...
INFO [2024-08-19 15:16:51] [NODES] - Adding AS-KGZ node...
INFO [2024-08-19 15:16:52] [NODES] - Adding AS-KHM node...
INFO [2024-08-19 15:16:53] [NODES] - Adding AS-KOR node...
INFO [2024-08-19 15:16:54] [NODES] - Adding AS-KWT node...
INFO [2024-08-19 15:16:55] [NODES] - Adding AS-LAO node...
INFO [2024-08-19 15:16:56] [NODES] - Adding AS-LBN node...
INFO [2024-08-19 15:16:57] [NODES] - Adding AS-LKA node...
INFO [2024-08-19 15:16:58] [NODES] - Adding AS-MMR node...
INFO [2024-08-19 15:17:00] [NODES] - Adding AS-MNG node...
INFO [2024-08-19 15:17:01] [NODES] - Adding AS-MYS node...
INFO [2024-08-19 15:17:02] [NODES] - Adding AS-NPL node...
INFO [2024-08-19 15:17:03] [NODES] - Adding AS-OMN node...
INFO [2024-08-19 15:17:04] [NODES] - Adding AS-PAK node...
INFO [2024-08-19 15:17:05] [NODES] - Adding AS-PHL node...
INFO [2024-08-19 15:17:07] [NODES] - Adding AS-PRK node...
INFO [2024-08-19 15:17:08] [NODES] - Adding AS-QAT node...
INFO [2024-08-19 15:17:09] [NODES] - Adding AS-RUS-CE node...
INFO [2024-08-19 15:17:10] [NODES] - Adding AS-RUS-FE node...
INFO [2024-08-19 15:17:11] [NODES] - Adding AS-RUS-MV node...
INFO [2024-08-19 15:17:12] [NODES] - Adding AS-RUS-NW node...
INFO [2024-08-19 15:17:13] [NODES] - Adding AS-RUS-SI node...
INFO [2024-08-19 15:17:14] [NODES] - Adding AS-RUS-SO node...
INFO [2024-08-19 15:17:15] [NODES] - Adding AS-RUS-UR node...
INFO [2024-08-19 15:17:16] [NODES] - Adding AS-SAU node...
INFO [2024-08-19 15:17:17] [NODES] - Adding AS-SGP node...
INFO [2024-08-19 15:17:18] [NODES] - Adding AS-SYR node...
INFO [2024-08-19 15:17:19] [NODES] - Adding AS-THA node...
INFO [2024-08-19 15:17:20] [NODES] - Adding AS-TJK node...
INFO [2024-08-19 15:17:21] [NODES] - Adding AS-TKM node...
INFO [2024-08-19 15:17:23] [NODES] - Adding AS-TUR node...
INFO [2024-08-19 15:17:24] [NODES] - Adding AS-TWN node...
INFO [2024-08-19 15:17:25] [NODES] - Adding AS-UZB node...
INFO [2024-08-19 15:17:26] [NODES] - Adding AS-VNM node...
INFO [2024-08-19 15:17:27] [NODES] - Adding AS-YEM node...
INFO [2024-08-19 15:17:28] [NODES] - Adding EU-ALB node...
INFO [2024-08-19 15:17:29] [NODES] - Adding EU-ARM node...
INFO [2024-08-19 15:17:31] [NODES] - Adding EU-AUT node...
INFO [2024-08-19 15:17:32] [NODES] - Adding EU-AZE node...
INFO [2024-08-19 15:17:33] [NODES] - Adding EU-BEL node...
INFO [2024-08-19 15:17:34] [NODES] - Adding EU-BGR node...
INFO [2024-08-19 15:17:35] [NODES] - Adding EU-BIH node...
INFO [2024-08-19 15:17:36] [NODES] - Adding EU-BLR node...
INFO [2024-08-19 15:17:38] [NODES] - Adding EU-CHE node...
INFO [2024-08-19 15:17:39] [NODES] - Adding EU-CYP node...
INFO [2024-08-19 15:17:40] [NODES] - Adding EU-CZE node...
INFO [2024-08-19 15:17:41] [NODES] - Adding EU-DEU node...
INFO [2024-08-19 15:17:43] [NODES] - Adding EU-DNK node...
INFO [2024-08-19 15:17:44] [NODES] - Adding EU-ESP node...
INFO [2024-08-19 15:17:45] [NODES] - Adding EU-EST node...
INFO [2024-08-19 15:17:46] [NODES] - Adding EU-FIN node...
INFO [2024-08-19 15:17:48] [NODES] - Adding EU-FRA node...
INFO [2024-08-19 15:17:49] [NODES] - Adding EU-GBR node...
INFO [2024-08-19 15:17:50] [NODES] - Adding EU-GEO node...
INFO [2024-08-19 15:17:51] [NODES] - Adding EU-GRC node...
INFO [2024-08-19 15:17:53] [NODES] - Adding EU-HRV node...
INFO [2024-08-19 15:17:54] [NODES] - Adding EU-HUN node...
INFO [2024-08-19 15:17:55] [NODES] - Adding EU-IRL node...
INFO [2024-08-19 15:17:57] [NODES] - Adding EU-ISL node...
INFO [2024-08-19 15:17:58] [NODES] - Adding EU-ITA node...
INFO [2024-08-19 15:17:59] [NODES] - Adding EU-KOS node...
INFO [2024-08-19 15:18:01] [NODES] - Adding EU-LTU node...
INFO [2024-08-19 15:18:02] [NODES] - Adding EU-LUX node...
INFO [2024-08-19 15:18:04] [NODES] - Adding EU-LVA node...
INFO [2024-08-19 15:18:06] [NODES] - Adding EU-MDA node...
INFO [2024-08-19 15:18:07] [NODES] - Adding EU-MKD node...
INFO [2024-08-19 15:18:09] [NODES] - Adding EU-MNE node...
INFO [2024-08-19 15:18:10] [NODES] - Adding EU-NLD node...
INFO [2024-08-19 15:18:12] [NODES] - Adding EU-NOR node...
INFO [2024-08-19 15:18:13] [NODES] - Adding EU-POL node...
INFO [2024-08-19 15:18:14] [NODES] - Adding EU-PRT node...
INFO [2024-08-19 15:18:16] [NODES] - Adding EU-ROU node...
INFO [2024-08-19 15:18:17] [NODES] - Adding EU-SRB node...
INFO [2024-08-19 15:18:19] [NODES] - Adding EU-SVK node...
INFO [2024-08-19 15:18:20] [NODES] - Adding EU-SVN node...
INFO [2024-08-19 15:18:22] [NODES] - Adding EU-SWE node...
INFO [2024-08-19 15:18:24] [NODES] - Adding EU-UKR node...
INFO [2024-08-19 15:18:26] [NODES] - Adding OC-ATA node...
INFO [2024-08-19 15:18:28] [NODES] - Adding OC-AUS-NT node...
INFO [2024-08-19 15:18:30] [NODES] - Adding OC-AUS-QL node...
INFO [2024-08-19 15:18:31] [NODES] - Adding OC-AUS-SA node...
INFO [2024-08-19 15:18:33] [NODES] - Adding OC-AUS-SW node...
INFO [2024-08-19 15:18:35] [NODES] - Adding OC-AUS-TA node...
