INFO [2024-09-09 17:58:16] [MAIN] - Creating clusters_ren__2024_09_09_17_58_16 study...

INFO [2024-09-09 17:58:16] [MAIN] - Unit commitment mode : ACCURATE
INFO [2024-09-09 17:58:16] [MAIN] - Adding nodes...

INFO [2024-09-09 17:58:17] [NODES] - Adding eu-fra node...
INFO [2024-09-09 17:58:17] [MAIN] - Done adding nodes! (run time : 0.97s).

INFO [2024-09-09 17:58:17] [MAIN] - Adding districts...

INFO [2024-09-09 17:58:18] [DISTRICTS] - Creating global district...
INFO [2024-09-09 17:58:18] [DISTRICTS] - Done creating global district!
INFO [2024-09-09 17:58:18] [DISTRICTS] - Creating europe continental district...
INFO [2024-09-09 17:58:18] [DISTRICTS] - Done creating europe continental district!
INFO [2024-09-09 17:58:18] [MAIN] - Done adding districts! (run time : 0.58s).

INFO [2024-09-09 17:58:18] [MAIN] - Adding load data...

INFO [2024-09-09 17:58:19] [LOAD] - Adding eu-fra load data...
INFO [2024-09-09 17:58:19] [MAIN] - Done adding load data! (run time : 0.72s).

INFO [2024-09-09 17:58:19] [MAIN] - Beginning hydro implementation...
INFO [2024-09-09 17:58:20] [HYDRO] - Initializing eu-fra hydro parameters...
INFO [2024-09-09 17:58:20] [HYDRO] - Adding eu-fra max power timeseries...
INFO [2024-09-09 17:58:20] [HYDRO] - Adding eu-fra hydro profiles...
INFO [2024-09-09 17:58:20] [MAIN] - Done adding hydro!
INFO [2024-09-09 17:58:20] [MAIN] - Fetching thermal data...
