INFO [2024-10-14 23:49:47] [MAIN] - Initializing output folder...
INFO [2024-10-14 23:49:50] [MAIN] - Reading simulations of pre-existing v2_20clu__2024_09_04_22_33_36 study...
INFO [2024-10-14 23:49:51] [MAIN] - Opening 20240905-0707eco-world_vOutages_accurateUCM simulation...
INFO [2024-10-14 23:49:51] [MAIN] - Preparing to save continental production stacks...
INFO [2024-10-14 23:49:52] [STACK] - Saving production stack for africa continent...
INFO [2024-10-14 23:49:55] [STACK] - The hourly production stack for africa from 2015-01-05 to 2015-01-11 has been saved!
INFO [2024-10-14 23:49:55] [STACK] - Saving production stack for asia continent...
INFO [2024-10-14 23:49:58] [STACK] - The hourly production stack for asia from 2015-01-05 to 2015-01-11 has been saved!
INFO [2024-10-14 23:49:58] [STACK] - Saving production stack for europe continent...
INFO [2024-10-14 23:50:01] [STACK] - The hourly production stack for europe from 2015-01-05 to 2015-01-11 has been saved!
INFO [2024-10-14 23:50:01] [STACK] - Saving production stack for north america continent...
INFO [2024-10-14 23:50:04] [STACK] - The hourly production stack for north america from 2015-01-05 to 2015-01-11 has been saved!
INFO [2024-10-14 23:50:04] [STACK] - Saving production stack for oceania continent...
INFO [2024-10-14 23:50:07] [STACK] - The hourly production stack for oceania from 2015-01-05 to 2015-01-11 has been saved!
INFO [2024-10-14 23:50:07] [STACK] - Saving production stack for south america continent...
INFO [2024-10-14 23:50:10] [STACK] - The hourly production stack for south america from 2015-01-05 to 2015-01-11 has been saved!
INFO [2024-10-14 23:50:10] [MAIN] - Done saving continental production stacks! (run time : 19.01s).

INFO [2024-10-14 23:50:10] [MAIN] - Preparing to save continental production stacks...
INFO [2024-10-14 23:50:10] [STACK] - Saving production stack for africa continent...
INFO [2024-10-14 23:50:13] [STACK] - The hourly production stack for africa from 2015-07-06 to 2015-07-12 has been saved!
INFO [2024-10-14 23:50:13] [STACK] - Saving production stack for asia continent...
INFO [2024-10-14 23:50:16] [STACK] - The hourly production stack for asia from 2015-07-06 to 2015-07-12 has been saved!
INFO [2024-10-14 23:50:17] [STACK] - Saving production stack for europe continent...
INFO [2024-10-14 23:50:20] [STACK] - The hourly production stack for europe from 2015-07-06 to 2015-07-12 has been saved!
INFO [2024-10-14 23:50:20] [STACK] - Saving production stack for north america continent...
INFO [2024-10-14 23:50:22] [STACK] - The hourly production stack for north america from 2015-07-06 to 2015-07-12 has been saved!
INFO [2024-10-14 23:50:23] [STACK] - Saving production stack for oceania continent...
INFO [2024-10-14 23:50:25] [STACK] - The hourly production stack for oceania from 2015-07-06 to 2015-07-12 has been saved!
INFO [2024-10-14 23:50:26] [STACK] - Saving production stack for south america continent...
INFO [2024-10-14 23:50:29] [STACK] - The hourly production stack for south america from 2015-07-06 to 2015-07-12 has been saved!
INFO [2024-10-14 23:50:29] [MAIN] - Done saving continental production stacks! (run time : 18.7s).

INFO [2024-10-14 23:50:29] [MAIN] - Preparing to save continental load monotones...
INFO [2024-10-14 23:50:29] [MONOT] - Saving hourly load monotone for africa node...
INFO [2024-10-14 23:54:49] [MONOT] - The hourly load monotone for africa has been saved!
INFO [2024-10-14 23:54:49] [MONOT] - Saving hourly load monotone for asia node...
INFO [2024-10-14 23:59:03] [MONOT] - The hourly load monotone for asia has been saved!
INFO [2024-10-14 23:59:03] [MONOT] - Saving hourly load monotone for europe node...
