INFO [2024-08-08 13:25:06] [MAIN] - Creating Etude_sur_R_Monde__2024_08_08_13_25_06 study...

INFO [2024-08-08 13:25:06] [MAIN] - Unit commitment mode : FAST
INFO [2024-08-08 13:25:06] [MAIN] - Adding nodes...

INFO [2024-08-08 13:25:07] [NODES] - Adding AF-MAR node...
INFO [2024-08-08 13:25:08] [NODES] - Adding EU-DEU node...
INFO [2024-08-08 13:25:08] [NODES] - Adding EU-ESP node...
INFO [2024-08-08 13:25:08] [NODES] - Adding EU-FRA node...
INFO [2024-08-08 13:25:08] [MAIN] - Done adding nodes! (run time : 1.57s).

INFO [2024-08-08 13:25:08] [MAIN] - Adding load data...

INFO [2024-08-08 13:25:09] [LOAD] - Adding AF-MAR load data...
INFO [2024-08-08 13:25:09] [LOAD] - Adding EU-ESP load data...
INFO [2024-08-08 13:25:09] [LOAD] - Adding EU-DEU load data...
INFO [2024-08-08 13:25:09] [LOAD] - Adding EU-FRA load data...
INFO [2024-08-08 13:25:09] [MAIN] - Done adding load data! (run time : 1.4s).

INFO [2024-08-08 13:25:10] [MAIN] - Fetching wind data...

INFO [2024-08-08 13:25:10] [WIND] - Adding AF-MAR aggregated wind data...
INFO [2024-08-08 13:25:10] [WIND] - Adding EU-ESP aggregated wind data...
INFO [2024-08-08 13:25:10] [WIND] - Adding EU-DEU aggregated wind data...
INFO [2024-08-08 13:25:10] [WIND] - Adding EU-FRA aggregated wind data...
INFO [2024-08-08 13:25:10] [MAIN] - Done adding wind data! (run time : 0.27s).

INFO [2024-08-08 13:25:10] [MAIN] - Fetching solar data...

INFO [2024-08-08 13:25:10] [WARN] - Skipped adding solar data for AF-MAR (no generators found in PLEXOS).
INFO [2024-08-08 13:25:10] [SOLAR] - Adding EU-ESP aggregated solar data...
INFO [2024-08-08 13:25:10] [SOLAR] - Adding EU-DEU aggregated solar data...
INFO [2024-08-08 13:25:10] [SOLAR] - Adding EU-FRA aggregated solar data...
INFO [2024-08-08 13:25:10] [MAIN] - Done adding solar data! (run time : 0.21s).

INFO [2024-08-08 13:25:10] [MAIN] - Fetching solar CSP data...

INFO [2024-08-08 13:25:10] [CSP] - Adding DEU_CSP_JLICHSOLAR11342_STORAGE CSP generator to EU-DEU node...
INFO [2024-08-08 13:25:10] [CSP] - Adding ESP_CSP_ANDASOL316855_STORAGE CSP generator to EU-ESP node...
INFO [2024-08-08 13:25:10] [CSP] - Adding ESP_CSP_ASTE1A16863_STORAGE CSP generator to EU-ESP node...
INFO [2024-08-08 13:25:10] [CSP] - Adding ESP_CSP_ASTEXOL216864_STORAGE CSP generator to EU-ESP node...
INFO [2024-08-08 13:25:11] [CSP] - Adding ESP_CSP_CAPACITY SCALER_STORAGE CSP generator to EU-ESP node...
INFO [2024-08-08 13:25:11] [CSP] - Adding ESP_CSP_CASABLANCA16896_STORAGE CSP generator to EU-ESP node...
INFO [2024-08-08 13:25:11] [CSP] - Adding ESP_CSP_CENTRALSOLART16906_STORAGE CSP generator to EU-ESP node...
INFO [2024-08-08 13:25:11] [CSP] - Adding ESP_CSP_CENTRALTERMOSO16907_STORAGE CSP generator to EU-ESP node...
INFO [2024-08-08 13:25:11] [CSP] - Adding ESP_CSP_CONSOLLORELLAN16924_STORAGE CSP generator to EU-ESP node...
INFO [2024-08-08 13:25:11] [CSP] - Adding ESP_CSP_EXTRESOL116966_STORAGE CSP generator to EU-ESP node...
INFO [2024-08-08 13:25:11] [CSP] - Adding ESP_CSP_HELIOSI16986_STORAGE CSP generator to EU-ESP node...
INFO [2024-08-08 13:25:11] [CSP] - Adding ESP_CSP_LADEHESA16996_STORAGE CSP generator to EU-ESP node...
INFO [2024-08-08 13:25:11] [CSP] - Adding ESP_CSP_LAFLORIDA16997_STORAGE CSP generator to EU-ESP node...
INFO [2024-08-08 13:25:11] [CSP] - Adding ESP_CSP_LARISCA17001_STORAGE CSP generator to EU-ESP node...
INFO [2024-08-08 13:25:11] [CSP] - Adding ESP_CSP_MAJADAS17030_STORAGE CSP generator to EU-ESP node...
INFO [2024-08-08 13:25:11] [CSP] - Adding ESP_CSP_MANCHASOL217032_STORAGE CSP generator to EU-ESP node...
INFO [2024-08-08 13:25:12] [CSP] - Adding ESP_CSP_PLANTASOLARTE17364_STORAGE CSP generator to EU-ESP node...
INFO [2024-08-08 13:25:12] [CSP] - Adding ESP_CSP_PLANTASOLARTE17366_STORAGE CSP generator to EU-ESP node...
INFO [2024-08-08 13:25:12] [CSP] - Adding ESP_CSP_PLANTASOLARTE17367_STORAGE CSP generator to EU-ESP node...
INFO [2024-08-08 13:25:12] [CSP] - Adding ESP_CSP_PLANTATERMOSOL17368_STORAGE CSP generator to EU-ESP node...
INFO [2024-08-08 13:25:12] [CSP] - Adding ESP_CSP_PSTLEBRIJAI17376_STORAGE CSP generator to EU-ESP node...
INFO [2024-08-08 13:25:12] [CSP] - Adding ESP_CSP_PSTPALMADELR17377_STORAGE CSP generator to EU-ESP node...
INFO [2024-08-08 13:25:12] [CSP] - Adding ESP_CSP_PSTSOLACOR117378_STORAGE CSP generator to EU-ESP node...
INFO [2024-08-08 13:25:12] [CSP] - Adding ESP_CSP_PUERTOERRADO217382_STORAGE CSP generator to EU-ESP node...
INFO [2024-08-08 13:25:12] [CSP] - Adding ESP_CSP_SOLABEN317415_STORAGE CSP generator to EU-ESP node...
INFO [2024-08-08 13:25:13] [CSP] - Adding ESP_CSP_SOLUZGUZMAN17416_STORAGE CSP generator to EU-ESP node...
INFO [2024-08-08 13:25:13] [CSP] - Adding ESP_CSP_TERMESOL5017428_STORAGE CSP generator to EU-ESP node...
INFO [2024-08-08 13:25:13] [CSP] - Adding ESP_CSP_TERMOSOL217429_STORAGE CSP generator to EU-ESP node...
INFO [2024-08-08 13:25:13] [CSP] - Adding ESP_CSP_TERMOSOLARBORG17430_STORAGE CSP generator to EU-ESP node...
INFO [2024-08-08 13:25:13] [CSP] - Adding MAR_CSP_CAPACITY SCALER_STORAGE CSP generator to AF-MAR node...
INFO [2024-08-08 13:25:13] [MAIN] - Done adding CSP data! (run time : 0.05min).

INFO [2024-08-08 13:25:13] [MAIN] - Adding lines between areas...

INFO [2024-08-08 13:25:14] [LINES] - Adding EU-DEU to EU-FRA line...
INFO [2024-08-08 13:25:14] [LINES] - Adding EU-ESP to EU-FRA line...
INFO [2024-08-08 13:25:14] [LINES] - Adding EU-ESP to AF-MAR line...
INFO [2024-08-08 13:25:14] [MAIN] - Done adding lines! (run time : 1.07s).

INFO [2024-08-08 13:25:14] [MAIN] - Finished setting up Antares study! (run time : 0.13min).
 

INFO [2024-08-08 13:25:14] [MAIN] - Starting simulation__2024_08_08_13_25_14 simulation...
INFO [2024-08-08 13:25:16] [MAIN] - Antares simulation finished! (run time : 0.03min).
 

INFO [2024-08-08 13:25:16] [MAIN] - Opening latest simulation...
