ERROR [2024-09-10 10:05:20] [WARN] - Skipped adding wind data for eu-alb (no generators found in PLEXOS).
ERROR [2024-09-10 10:05:20] [WARN] - Skipped adding wind data for eu-arm (no generators found in PLEXOS).
ERROR [2024-09-10 10:05:20] [WARN] - Skipped adding wind data for eu-aze (no generators found in PLEXOS).
ERROR [2024-09-10 10:05:20] [WARN] - Skipped adding wind data for eu-bih (no generators found in PLEXOS).
ERROR [2024-09-10 10:05:20] [WARN] - Skipped adding wind data for eu-blr (no generators found in PLEXOS).
ERROR [2024-09-10 10:05:24] [WARN] - Skipped adding wind data for eu-geo (no generators found in PLEXOS).
ERROR [2024-09-10 10:05:26] [WARN] - Skipped adding wind data for eu-isl (no generators found in PLEXOS).
ERROR [2024-09-10 10:05:26] [WARN] - Skipped adding wind data for eu-kos (no generators found in PLEXOS).
ERROR [2024-09-10 10:05:27] [WARN] - Skipped adding wind data for eu-mda (no generators found in PLEXOS).
ERROR [2024-09-10 10:05:27] [WARN] - Skipped adding wind data for eu-mkd (no generators found in PLEXOS).
ERROR [2024-09-10 10:05:27] [WARN] - Skipped adding wind data for eu-mne (no generators found in PLEXOS).
ERROR [2024-09-10 10:05:29] [WARN] - Skipped adding wind data for eu-srb (no generators found in PLEXOS).
ERROR [2024-09-10 10:05:29] [WARN] - Skipped adding wind data for eu-svk (no generators found in PLEXOS).
ERROR [2024-09-10 10:05:29] [WARN] - Skipped adding wind data for eu-svn (no generators found in PLEXOS).
ERROR [2024-09-10 10:05:30] [WARN] - Skipped adding solar data for eu-alb (no generators found in PLEXOS).
ERROR [2024-09-10 10:05:30] [WARN] - Skipped adding solar data for eu-arm (no generators found in PLEXOS).
ERROR [2024-09-10 10:05:31] [WARN] - Skipped adding solar data for eu-bih (no generators found in PLEXOS).
ERROR [2024-09-10 10:05:31] [WARN] - Skipped adding solar data for eu-blr (no generators found in PLEXOS).
ERROR [2024-09-10 10:05:33] [WARN] - Skipped adding solar data for eu-est (no generators found in PLEXOS).
ERROR [2024-09-10 10:05:34] [WARN] - Skipped adding solar data for eu-geo (no generators found in PLEXOS).
ERROR [2024-09-10 10:05:35] [WARN] - Skipped adding solar data for eu-irl (no generators found in PLEXOS).
ERROR [2024-09-10 10:05:35] [WARN] - Skipped adding solar data for eu-isl (no generators found in PLEXOS).
ERROR [2024-09-10 10:05:35] [WARN] - Skipped adding solar data for eu-kos (no generators found in PLEXOS).
ERROR [2024-09-10 10:05:36] [WARN] - Skipped adding solar data for eu-lva (no generators found in PLEXOS).
ERROR [2024-09-10 10:05:36] [WARN] - Skipped adding solar data for eu-mda (no generators found in PLEXOS).
ERROR [2024-09-10 10:05:36] [WARN] - Skipped adding solar data for eu-mne (no generators found in PLEXOS).
ERROR [2024-09-10 10:06:53] [WARN] - Generation of all lines failed (perhaps there are no connections?), skipping...
