INFO [2024-09-10 10:04:44] [MAIN] - Creating EU_aggRES__2024_09_10_10_04_44 study...

INFO [2024-09-10 10:04:44] [MAIN] - Unit commitment mode : ACCURATE
INFO [2024-09-10 10:04:44] [MAIN] - Adding nodes...

INFO [2024-09-10 10:04:46] [NODES] - Adding eu-alb node...
INFO [2024-09-10 10:04:46] [NODES] - Adding eu-arm node...
INFO [2024-09-10 10:04:46] [NODES] - Adding eu-aut node...
INFO [2024-09-10 10:04:46] [NODES] - Adding eu-aze node...
INFO [2024-09-10 10:04:47] [NODES] - Adding eu-bel node...
INFO [2024-09-10 10:04:47] [NODES] - Adding eu-bgr node...
INFO [2024-09-10 10:04:47] [NODES] - Adding eu-bih node...
INFO [2024-09-10 10:04:47] [NODES] - Adding eu-blr node...
INFO [2024-09-10 10:04:47] [NODES] - Adding eu-che node...
INFO [2024-09-10 10:04:48] [NODES] - Adding eu-cyp node...
INFO [2024-09-10 10:04:48] [NODES] - Adding eu-cze node...
INFO [2024-09-10 10:04:48] [NODES] - Adding eu-deu node...
INFO [2024-09-10 10:04:48] [NODES] - Adding eu-dnk node...
INFO [2024-09-10 10:04:49] [NODES] - Adding eu-esp node...
INFO [2024-09-10 10:04:49] [NODES] - Adding eu-est node...
INFO [2024-09-10 10:04:49] [NODES] - Adding eu-fin node...
INFO [2024-09-10 10:04:49] [NODES] - Adding eu-fra node...
INFO [2024-09-10 10:04:50] [NODES] - Adding eu-gbr node...
INFO [2024-09-10 10:04:50] [NODES] - Adding eu-geo node...
INFO [2024-09-10 10:04:50] [NODES] - Adding eu-grc node...
INFO [2024-09-10 10:04:51] [NODES] - Adding eu-hrv node...
INFO [2024-09-10 10:04:51] [NODES] - Adding eu-hun node...
INFO [2024-09-10 10:04:52] [NODES] - Adding eu-irl node...
INFO [2024-09-10 10:04:52] [NODES] - Adding eu-isl node...
INFO [2024-09-10 10:04:52] [NODES] - Adding eu-ita node...
INFO [2024-09-10 10:04:52] [NODES] - Adding eu-kos node...
INFO [2024-09-10 10:04:53] [NODES] - Adding eu-ltu node...
INFO [2024-09-10 10:04:54] [NODES] - Adding eu-lux node...
INFO [2024-09-10 10:04:55] [NODES] - Adding eu-lva node...
INFO [2024-09-10 10:04:56] [NODES] - Adding eu-mda node...
INFO [2024-09-10 10:04:56] [NODES] - Adding eu-mkd node...
INFO [2024-09-10 10:04:57] [NODES] - Adding eu-mne node...
INFO [2024-09-10 10:04:57] [NODES] - Adding eu-nld node...
INFO [2024-09-10 10:04:57] [NODES] - Adding eu-nor node...
INFO [2024-09-10 10:04:58] [NODES] - Adding eu-pol node...
INFO [2024-09-10 10:04:58] [NODES] - Adding eu-prt node...
INFO [2024-09-10 10:04:59] [NODES] - Adding eu-rou node...
INFO [2024-09-10 10:04:59] [NODES] - Adding eu-srb node...
INFO [2024-09-10 10:05:00] [NODES] - Adding eu-svk node...
INFO [2024-09-10 10:05:00] [NODES] - Adding eu-svn node...
INFO [2024-09-10 10:05:01] [NODES] - Adding eu-swe node...
INFO [2024-09-10 10:05:01] [NODES] - Adding eu-ukr node...
INFO [2024-09-10 10:05:01] [MAIN] - Done adding nodes! (run time : 17.19s).

INFO [2024-09-10 10:05:01] [MAIN] - Adding districts...

INFO [2024-09-10 10:05:02] [DISTRICTS] - Creating global district...
INFO [2024-09-10 10:05:02] [DISTRICTS] - Done creating global district!
INFO [2024-09-10 10:05:02] [DISTRICTS] - Creating europe continental district...
INFO [2024-09-10 10:05:03] [DISTRICTS] - Done creating europe continental district!
INFO [2024-09-10 10:05:03] [MAIN] - Done adding districts! (run time : 1.51s).

INFO [2024-09-10 10:05:03] [MAIN] - Adding load data...

INFO [2024-09-10 10:05:05] [LOAD] - Adding eu-alb load data...
INFO [2024-09-10 10:05:05] [LOAD] - Adding eu-arm load data...
INFO [2024-09-10 10:05:06] [LOAD] - Adding eu-aut load data...
INFO [2024-09-10 10:05:06] [LOAD] - Adding eu-aze load data...
INFO [2024-09-10 10:05:07] [LOAD] - Adding eu-bel load data...
INFO [2024-09-10 10:05:07] [LOAD] - Adding eu-bgr load data...
INFO [2024-09-10 10:05:07] [LOAD] - Adding eu-bih load data...
INFO [2024-09-10 10:05:08] [LOAD] - Adding eu-blr load data...
INFO [2024-09-10 10:05:08] [LOAD] - Adding eu-che load data...
INFO [2024-09-10 10:05:09] [LOAD] - Adding eu-cyp load data...
INFO [2024-09-10 10:05:09] [LOAD] - Adding eu-cze load data...
INFO [2024-09-10 10:05:09] [LOAD] - Adding eu-deu load data...
INFO [2024-09-10 10:05:10] [LOAD] - Adding eu-dnk load data...
INFO [2024-09-10 10:05:10] [LOAD] - Adding eu-esp load data...
INFO [2024-09-10 10:05:10] [LOAD] - Adding eu-est load data...
INFO [2024-09-10 10:05:11] [LOAD] - Adding eu-fin load data...
INFO [2024-09-10 10:05:11] [LOAD] - Adding eu-fra load data...
INFO [2024-09-10 10:05:11] [LOAD] - Adding eu-gbr load data...
INFO [2024-09-10 10:05:12] [LOAD] - Adding eu-geo load data...
INFO [2024-09-10 10:05:12] [LOAD] - Adding eu-grc load data...
INFO [2024-09-10 10:05:12] [LOAD] - Adding eu-hrv load data...
INFO [2024-09-10 10:05:12] [LOAD] - Adding eu-hun load data...
INFO [2024-09-10 10:05:13] [LOAD] - Adding eu-irl load data...
INFO [2024-09-10 10:05:13] [LOAD] - Adding eu-isl load data...
INFO [2024-09-10 10:05:13] [LOAD] - Adding eu-ita load data...
INFO [2024-09-10 10:05:14] [LOAD] - Adding eu-kos load data...
INFO [2024-09-10 10:05:14] [LOAD] - Adding eu-ltu load data...
INFO [2024-09-10 10:05:14] [LOAD] - Adding eu-lux load data...
INFO [2024-09-10 10:05:15] [LOAD] - Adding eu-lva load data...
INFO [2024-09-10 10:05:15] [LOAD] - Adding eu-mda load data...
INFO [2024-09-10 10:05:15] [LOAD] - Adding eu-mkd load data...
INFO [2024-09-10 10:05:16] [LOAD] - Adding eu-mne load data...
INFO [2024-09-10 10:05:16] [LOAD] - Adding eu-nld load data...
INFO [2024-09-10 10:05:16] [LOAD] - Adding eu-nor load data...
INFO [2024-09-10 10:05:17] [LOAD] - Adding eu-pol load data...
INFO [2024-09-10 10:05:17] [LOAD] - Adding eu-prt load data...
INFO [2024-09-10 10:05:17] [LOAD] - Adding eu-rou load data...
INFO [2024-09-10 10:05:18] [LOAD] - Adding eu-srb load data...
INFO [2024-09-10 10:05:18] [LOAD] - Adding eu-svk load data...
INFO [2024-09-10 10:05:18] [LOAD] - Adding eu-svn load data...
INFO [2024-09-10 10:05:19] [LOAD] - Adding eu-swe load data...
INFO [2024-09-10 10:05:19] [LOAD] - Adding eu-ukr load data...
INFO [2024-09-10 10:05:19] [MAIN] - Done adding load data! (run time : 16.42s).

INFO [2024-09-10 10:05:19] [MAIN] - Fetching wind data...

INFO [2024-09-10 10:05:20] [WARN] - Skipped adding wind data for eu-alb (no generators found in PLEXOS).
INFO [2024-09-10 10:05:20] [WARN] - Skipped adding wind data for eu-arm (no generators found in PLEXOS).
INFO [2024-09-10 10:05:20] [WIND] - Adding eu-aut aggregated wind data...
INFO [2024-09-10 10:05:20] [WARN] - Skipped adding wind data for eu-aze (no generators found in PLEXOS).
INFO [2024-09-10 10:05:20] [WIND] - Adding eu-bel aggregated wind data...
INFO [2024-09-10 10:05:20] [WIND] - Adding eu-bgr aggregated wind data...
INFO [2024-09-10 10:05:20] [WARN] - Skipped adding wind data for eu-bih (no generators found in PLEXOS).
INFO [2024-09-10 10:05:20] [WARN] - Skipped adding wind data for eu-blr (no generators found in PLEXOS).
INFO [2024-09-10 10:05:21] [WIND] - Adding eu-che aggregated wind data...
INFO [2024-09-10 10:05:21] [WIND] - Adding eu-cyp aggregated wind data...
INFO [2024-09-10 10:05:22] [WIND] - Adding eu-cze aggregated wind data...
INFO [2024-09-10 10:05:22] [WIND] - Adding eu-deu aggregated wind data...
INFO [2024-09-10 10:05:22] [WIND] - Adding eu-dnk aggregated wind data...
INFO [2024-09-10 10:05:23] [WIND] - Adding eu-esp aggregated wind data...
INFO [2024-09-10 10:05:23] [WIND] - Adding eu-est aggregated wind data...
INFO [2024-09-10 10:05:23] [WIND] - Adding eu-fin aggregated wind data...
INFO [2024-09-10 10:05:24] [WIND] - Adding eu-fra aggregated wind data...
INFO [2024-09-10 10:05:24] [WIND] - Adding eu-gbr aggregated wind data...
INFO [2024-09-10 10:05:24] [WARN] - Skipped adding wind data for eu-geo (no generators found in PLEXOS).
INFO [2024-09-10 10:05:25] [WIND] - Adding eu-grc aggregated wind data...
INFO [2024-09-10 10:05:25] [WIND] - Adding eu-hrv aggregated wind data...
INFO [2024-09-10 10:05:25] [WIND] - Adding eu-hun aggregated wind data...
INFO [2024-09-10 10:05:26] [WIND] - Adding eu-irl aggregated wind data...
INFO [2024-09-10 10:05:26] [WARN] - Skipped adding wind data for eu-isl (no generators found in PLEXOS).
INFO [2024-09-10 10:05:26] [WIND] - Adding eu-ita aggregated wind data...
INFO [2024-09-10 10:05:26] [WARN] - Skipped adding wind data for eu-kos (no generators found in PLEXOS).
INFO [2024-09-10 10:05:27] [WIND] - Adding eu-ltu aggregated wind data...
INFO [2024-09-10 10:05:27] [WIND] - Adding eu-lux aggregated wind data...
INFO [2024-09-10 10:05:27] [WIND] - Adding eu-lva aggregated wind data...
INFO [2024-09-10 10:05:27] [WARN] - Skipped adding wind data for eu-mda (no generators found in PLEXOS).
INFO [2024-09-10 10:05:27] [WARN] - Skipped adding wind data for eu-mkd (no generators found in PLEXOS).
INFO [2024-09-10 10:05:27] [WARN] - Skipped adding wind data for eu-mne (no generators found in PLEXOS).
INFO [2024-09-10 10:05:28] [WIND] - Adding eu-nld aggregated wind data...
INFO [2024-09-10 10:05:28] [WIND] - Adding eu-nor aggregated wind data...
INFO [2024-09-10 10:05:28] [WIND] - Adding eu-pol aggregated wind data...
INFO [2024-09-10 10:05:29] [WIND] - Adding eu-prt aggregated wind data...
INFO [2024-09-10 10:05:29] [WIND] - Adding eu-rou aggregated wind data...
INFO [2024-09-10 10:05:29] [WARN] - Skipped adding wind data for eu-srb (no generators found in PLEXOS).
INFO [2024-09-10 10:05:29] [WARN] - Skipped adding wind data for eu-svk (no generators found in PLEXOS).
INFO [2024-09-10 10:05:29] [WARN] - Skipped adding wind data for eu-svn (no generators found in PLEXOS).
INFO [2024-09-10 10:05:29] [WIND] - Adding eu-swe aggregated wind data...
INFO [2024-09-10 10:05:30] [WIND] - Adding eu-ukr aggregated wind data...
INFO [2024-09-10 10:05:30] [MAIN] - Done adding wind data! (run time : 10.2s).

INFO [2024-09-10 10:05:30] [MAIN] - Fetching solar data...

INFO [2024-09-10 10:05:30] [WARN] - Skipped adding solar data for eu-alb (no generators found in PLEXOS).
INFO [2024-09-10 10:05:30] [WARN] - Skipped adding solar data for eu-arm (no generators found in PLEXOS).
INFO [2024-09-10 10:05:30] [SOLAR] - Adding eu-aut aggregated solar data...
INFO [2024-09-10 10:05:30] [SOLAR] - Adding eu-aze aggregated solar data...
INFO [2024-09-10 10:05:31] [SOLAR] - Adding eu-bel aggregated solar data...
INFO [2024-09-10 10:05:31] [SOLAR] - Adding eu-bgr aggregated solar data...
INFO [2024-09-10 10:05:31] [WARN] - Skipped adding solar data for eu-bih (no generators found in PLEXOS).
INFO [2024-09-10 10:05:31] [WARN] - Skipped adding solar data for eu-blr (no generators found in PLEXOS).
INFO [2024-09-10 10:05:31] [SOLAR] - Adding eu-che aggregated solar data...
INFO [2024-09-10 10:05:31] [SOLAR] - Adding eu-cyp aggregated solar data...
INFO [2024-09-10 10:05:32] [SOLAR] - Adding eu-cze aggregated solar data...
INFO [2024-09-10 10:05:32] [SOLAR] - Adding eu-deu aggregated solar data...
INFO [2024-09-10 10:05:32] [SOLAR] - Adding eu-dnk aggregated solar data...
INFO [2024-09-10 10:05:33] [SOLAR] - Adding eu-esp aggregated solar data...
INFO [2024-09-10 10:05:33] [WARN] - Skipped adding solar data for eu-est (no generators found in PLEXOS).
INFO [2024-09-10 10:05:33] [SOLAR] - Adding eu-fin aggregated solar data...
INFO [2024-09-10 10:05:33] [SOLAR] - Adding eu-fra aggregated solar data...
INFO [2024-09-10 10:05:34] [SOLAR] - Adding eu-gbr aggregated solar data...
INFO [2024-09-10 10:05:34] [WARN] - Skipped adding solar data for eu-geo (no generators found in PLEXOS).
INFO [2024-09-10 10:05:34] [SOLAR] - Adding eu-grc aggregated solar data...
INFO [2024-09-10 10:05:34] [SOLAR] - Adding eu-hrv aggregated solar data...
INFO [2024-09-10 10:05:35] [SOLAR] - Adding eu-hun aggregated solar data...
INFO [2024-09-10 10:05:35] [WARN] - Skipped adding solar data for eu-irl (no generators found in PLEXOS).
INFO [2024-09-10 10:05:35] [WARN] - Skipped adding solar data for eu-isl (no generators found in PLEXOS).
INFO [2024-09-10 10:05:35] [SOLAR] - Adding eu-ita aggregated solar data...
INFO [2024-09-10 10:05:35] [WARN] - Skipped adding solar data for eu-kos (no generators found in PLEXOS).
INFO [2024-09-10 10:05:35] [SOLAR] - Adding eu-ltu aggregated solar data...
INFO [2024-09-10 10:05:36] [SOLAR] - Adding eu-lux aggregated solar data...
INFO [2024-09-10 10:05:36] [WARN] - Skipped adding solar data for eu-lva (no generators found in PLEXOS).
INFO [2024-09-10 10:05:36] [WARN] - Skipped adding solar data for eu-mda (no generators found in PLEXOS).
INFO [2024-09-10 10:05:36] [SOLAR] - Adding eu-mkd aggregated solar data...
INFO [2024-09-10 10:05:36] [WARN] - Skipped adding solar data for eu-mne (no generators found in PLEXOS).
INFO [2024-09-10 10:05:36] [SOLAR] - Adding eu-nld aggregated solar data...
INFO [2024-09-10 10:05:37] [SOLAR] - Adding eu-nor aggregated solar data...
INFO [2024-09-10 10:05:37] [SOLAR] - Adding eu-pol aggregated solar data...
INFO [2024-09-10 10:05:38] [SOLAR] - Adding eu-prt aggregated solar data...
INFO [2024-09-10 10:05:38] [SOLAR] - Adding eu-rou aggregated solar data...
INFO [2024-09-10 10:05:38] [SOLAR] - Adding eu-srb aggregated solar data...
INFO [2024-09-10 10:05:39] [SOLAR] - Adding eu-svk aggregated solar data...
INFO [2024-09-10 10:05:39] [SOLAR] - Adding eu-svn aggregated solar data...
INFO [2024-09-10 10:05:39] [SOLAR] - Adding eu-swe aggregated solar data...
INFO [2024-09-10 10:05:39] [SOLAR] - Adding eu-ukr aggregated solar data...
INFO [2024-09-10 10:05:39] [MAIN] - Done adding solar data! (run time : 9.64s).

INFO [2024-09-10 10:05:39] [MAIN] - Beginning hydro implementation...
INFO [2024-09-10 10:05:40] [HYDRO] - Initializing eu-alb hydro parameters...
INFO [2024-09-10 10:05:41] [HYDRO] - Adding eu-alb max power timeseries...
INFO [2024-09-10 10:05:41] [HYDRO] - Adding eu-alb hydro profiles...
INFO [2024-09-10 10:05:42] [HYDRO] - Initializing eu-arm hydro parameters...
INFO [2024-09-10 10:05:43] [HYDRO] - Adding eu-arm max power timeseries...
INFO [2024-09-10 10:05:44] [HYDRO] - Adding eu-arm hydro profiles...
INFO [2024-09-10 10:05:44] [HYDRO] - Initializing eu-aut hydro parameters...
INFO [2024-09-10 10:05:45] [HYDRO] - Adding eu-aut max power timeseries...
INFO [2024-09-10 10:05:46] [HYDRO] - Adding eu-aut hydro profiles...
INFO [2024-09-10 10:05:46] [HYDRO] - Initializing eu-aze hydro parameters...
INFO [2024-09-10 10:05:47] [HYDRO] - Adding eu-aze max power timeseries...
INFO [2024-09-10 10:05:47] [HYDRO] - Adding eu-aze hydro profiles...
INFO [2024-09-10 10:05:48] [HYDRO] - Initializing eu-bel hydro parameters...
INFO [2024-09-10 10:05:49] [HYDRO] - Adding eu-bel max power timeseries...
INFO [2024-09-10 10:05:50] [HYDRO] - Adding eu-bel hydro profiles...
INFO [2024-09-10 10:05:51] [HYDRO] - Initializing eu-bgr hydro parameters...
INFO [2024-09-10 10:05:51] [HYDRO] - Adding eu-bgr max power timeseries...
INFO [2024-09-10 10:05:52] [HYDRO] - Adding eu-bgr hydro profiles...
INFO [2024-09-10 10:05:53] [HYDRO] - Initializing eu-bih hydro parameters...
INFO [2024-09-10 10:05:53] [HYDRO] - Adding eu-bih max power timeseries...
INFO [2024-09-10 10:05:54] [HYDRO] - Adding eu-bih hydro profiles...
INFO [2024-09-10 10:05:55] [HYDRO] - Initializing eu-blr hydro parameters...
INFO [2024-09-10 10:05:55] [HYDRO] - Adding eu-blr max power timeseries...
INFO [2024-09-10 10:05:56] [HYDRO] - Adding eu-blr hydro profiles...
INFO [2024-09-10 10:05:57] [HYDRO] - Initializing eu-che hydro parameters...
INFO [2024-09-10 10:05:57] [HYDRO] - Adding eu-che max power timeseries...
INFO [2024-09-10 10:05:58] [HYDRO] - Adding eu-che hydro profiles...
INFO [2024-09-10 10:05:59] [HYDRO] - Initializing eu-cze hydro parameters...
INFO [2024-09-10 10:05:59] [HYDRO] - Adding eu-cze max power timeseries...
INFO [2024-09-10 10:06:00] [HYDRO] - Adding eu-cze hydro profiles...
INFO [2024-09-10 10:06:01] [HYDRO] - Initializing eu-deu hydro parameters...
INFO [2024-09-10 10:06:01] [HYDRO] - Adding eu-deu max power timeseries...
INFO [2024-09-10 10:06:02] [HYDRO] - Adding eu-deu hydro profiles...
INFO [2024-09-10 10:06:03] [HYDRO] - Initializing eu-esp hydro parameters...
INFO [2024-09-10 10:06:04] [HYDRO] - Adding eu-esp max power timeseries...
INFO [2024-09-10 10:06:04] [HYDRO] - Adding eu-esp hydro profiles...
INFO [2024-09-10 10:06:05] [HYDRO] - Initializing eu-fin hydro parameters...
INFO [2024-09-10 10:06:05] [HYDRO] - Adding eu-fin max power timeseries...
INFO [2024-09-10 10:06:06] [HYDRO] - Adding eu-fin hydro profiles...
INFO [2024-09-10 10:06:07] [HYDRO] - Initializing eu-fra hydro parameters...
INFO [2024-09-10 10:06:07] [HYDRO] - Adding eu-fra max power timeseries...
INFO [2024-09-10 10:06:08] [HYDRO] - Adding eu-fra hydro profiles...
INFO [2024-09-10 10:06:08] [HYDRO] - Initializing eu-gbr hydro parameters...
INFO [2024-09-10 10:06:09] [HYDRO] - Adding eu-gbr max power timeseries...
INFO [2024-09-10 10:06:09] [HYDRO] - Adding eu-gbr hydro profiles...
INFO [2024-09-10 10:06:10] [HYDRO] - Initializing eu-geo hydro parameters...
INFO [2024-09-10 10:06:11] [HYDRO] - Adding eu-geo max power timeseries...
INFO [2024-09-10 10:06:11] [HYDRO] - Adding eu-geo hydro profiles...
INFO [2024-09-10 10:06:12] [HYDRO] - Initializing eu-grc hydro parameters...
INFO [2024-09-10 10:06:12] [HYDRO] - Adding eu-grc max power timeseries...
INFO [2024-09-10 10:06:13] [HYDRO] - Adding eu-grc hydro profiles...
INFO [2024-09-10 10:06:14] [HYDRO] - Initializing eu-hrv hydro parameters...
INFO [2024-09-10 10:06:14] [HYDRO] - Adding eu-hrv max power timeseries...
INFO [2024-09-10 10:06:15] [HYDRO] - Adding eu-hrv hydro profiles...
INFO [2024-09-10 10:06:16] [HYDRO] - Initializing eu-hun hydro parameters...
INFO [2024-09-10 10:06:16] [HYDRO] - Adding eu-hun max power timeseries...
INFO [2024-09-10 10:06:17] [HYDRO] - Adding eu-hun hydro profiles...
INFO [2024-09-10 10:06:17] [HYDRO] - Initializing eu-irl hydro parameters...
INFO [2024-09-10 10:06:18] [HYDRO] - Adding eu-irl max power timeseries...
INFO [2024-09-10 10:06:18] [HYDRO] - Adding eu-irl hydro profiles...
INFO [2024-09-10 10:06:19] [HYDRO] - Initializing eu-isl hydro parameters...
INFO [2024-09-10 10:06:20] [HYDRO] - Adding eu-isl max power timeseries...
INFO [2024-09-10 10:06:20] [HYDRO] - Adding eu-isl hydro profiles...
INFO [2024-09-10 10:06:21] [HYDRO] - Initializing eu-ita hydro parameters...
INFO [2024-09-10 10:06:21] [HYDRO] - Adding eu-ita max power timeseries...
INFO [2024-09-10 10:06:22] [HYDRO] - Adding eu-ita hydro profiles...
INFO [2024-09-10 10:06:23] [HYDRO] - Initializing eu-kos hydro parameters...
INFO [2024-09-10 10:06:23] [HYDRO] - Adding eu-kos max power timeseries...
INFO [2024-09-10 10:06:24] [HYDRO] - Adding eu-kos hydro profiles...
INFO [2024-09-10 10:06:25] [HYDRO] - Initializing eu-ltu hydro parameters...
INFO [2024-09-10 10:06:25] [HYDRO] - Adding eu-ltu max power timeseries...
INFO [2024-09-10 10:06:26] [HYDRO] - Adding eu-ltu hydro profiles...
INFO [2024-09-10 10:06:27] [HYDRO] - Initializing eu-lux hydro parameters...
INFO [2024-09-10 10:06:27] [HYDRO] - Adding eu-lux max power timeseries...
INFO [2024-09-10 10:06:27] [HYDRO] - Adding eu-lux hydro profiles...
INFO [2024-09-10 10:06:28] [HYDRO] - Initializing eu-lva hydro parameters...
INFO [2024-09-10 10:06:29] [HYDRO] - Adding eu-lva max power timeseries...
INFO [2024-09-10 10:06:29] [HYDRO] - Adding eu-lva hydro profiles...
INFO [2024-09-10 10:06:30] [HYDRO] - Initializing eu-mda hydro parameters...
INFO [2024-09-10 10:06:31] [HYDRO] - Adding eu-mda max power timeseries...
INFO [2024-09-10 10:06:31] [HYDRO] - Adding eu-mda hydro profiles...
INFO [2024-09-10 10:06:32] [HYDRO] - Initializing eu-mkd hydro parameters...
INFO [2024-09-10 10:06:32] [HYDRO] - Adding eu-mkd max power timeseries...
INFO [2024-09-10 10:06:33] [HYDRO] - Adding eu-mkd hydro profiles...
INFO [2024-09-10 10:06:34] [HYDRO] - Initializing eu-mne hydro parameters...
INFO [2024-09-10 10:06:34] [HYDRO] - Adding eu-mne max power timeseries...
INFO [2024-09-10 10:06:35] [HYDRO] - Adding eu-mne hydro profiles...
INFO [2024-09-10 10:06:36] [HYDRO] - Initializing eu-nld hydro parameters...
INFO [2024-09-10 10:06:36] [HYDRO] - Adding eu-nld max power timeseries...
INFO [2024-09-10 10:06:37] [HYDRO] - Adding eu-nld hydro profiles...
INFO [2024-09-10 10:06:37] [HYDRO] - Initializing eu-nor hydro parameters...
INFO [2024-09-10 10:06:38] [HYDRO] - Adding eu-nor max power timeseries...
INFO [2024-09-10 10:06:38] [HYDRO] - Adding eu-nor hydro profiles...
INFO [2024-09-10 10:06:39] [HYDRO] - Initializing eu-pol hydro parameters...
INFO [2024-09-10 10:06:40] [HYDRO] - Adding eu-pol max power timeseries...
INFO [2024-09-10 10:06:40] [HYDRO] - Adding eu-pol hydro profiles...
INFO [2024-09-10 10:06:41] [HYDRO] - Initializing eu-prt hydro parameters...
INFO [2024-09-10 10:06:41] [HYDRO] - Adding eu-prt max power timeseries...
INFO [2024-09-10 10:06:42] [HYDRO] - Adding eu-prt hydro profiles...
INFO [2024-09-10 10:06:43] [HYDRO] - Initializing eu-rou hydro parameters...
INFO [2024-09-10 10:06:43] [HYDRO] - Adding eu-rou max power timeseries...
INFO [2024-09-10 10:06:44] [HYDRO] - Adding eu-rou hydro profiles...
INFO [2024-09-10 10:06:45] [HYDRO] - Initializing eu-srb hydro parameters...
INFO [2024-09-10 10:06:45] [HYDRO] - Adding eu-srb max power timeseries...
INFO [2024-09-10 10:06:46] [HYDRO] - Adding eu-srb hydro profiles...
INFO [2024-09-10 10:06:46] [HYDRO] - Initializing eu-svk hydro parameters...
INFO [2024-09-10 10:06:47] [HYDRO] - Adding eu-svk max power timeseries...
INFO [2024-09-10 10:06:47] [HYDRO] - Adding eu-svk hydro profiles...
INFO [2024-09-10 10:06:48] [HYDRO] - Initializing eu-svn hydro parameters...
INFO [2024-09-10 10:06:48] [HYDRO] - Adding eu-svn max power timeseries...
INFO [2024-09-10 10:06:49] [HYDRO] - Adding eu-svn hydro profiles...
INFO [2024-09-10 10:06:50] [HYDRO] - Initializing eu-swe hydro parameters...
INFO [2024-09-10 10:06:50] [HYDRO] - Adding eu-swe max power timeseries...
INFO [2024-09-10 10:06:51] [HYDRO] - Adding eu-swe hydro profiles...
INFO [2024-09-10 10:06:52] [HYDRO] - Initializing eu-ukr hydro parameters...
INFO [2024-09-10 10:06:52] [HYDRO] - Adding eu-ukr max power timeseries...
INFO [2024-09-10 10:06:53] [HYDRO] - Adding eu-ukr hydro profiles...
INFO [2024-09-10 10:06:53] [MAIN] - Done adding hydro!
INFO [2024-09-10 10:06:53] [MAIN] - Adding lines between areas...

INFO [2024-09-10 10:06:53] [WARN] - Generation of all lines failed (perhaps there are no connections?), skipping...
INFO [2024-09-10 10:06:53] [MAIN] - Done adding lines! (run time : 0.26s).

INFO [2024-09-10 10:06:53] [MAIN] - Finished setting up Antares study! (run time : 2.15min).
 

