ERROR [2024-08-14 16:40:02] [WARN] - Could not add load data to SA-BRA-J1 node, skipping...
ERROR [2024-08-14 16:40:02] [WARN] - Could not add load data to SA-BRA-J2 node, skipping...
ERROR [2024-08-14 16:40:02] [WARN] - Could not add load data to SA-BRA-J3 node, skipping...
ERROR [2024-08-14 16:40:26] [WARN] - Skipped adding wind data for AF-AGO (no generators found in PLEXOS).
ERROR [2024-08-14 16:40:26] [WARN] - Skipped adding wind data for AF-BDI (no generators found in PLEXOS).
ERROR [2024-08-14 16:40:26] [WARN] - Skipped adding wind data for AF-BEN (no generators found in PLEXOS).
ERROR [2024-08-14 16:40:26] [WARN] - Skipped adding wind data for AF-BFA (no generators found in PLEXOS).
ERROR [2024-08-14 16:40:26] [WARN] - Skipped adding wind data for AF-BWA (no generators found in PLEXOS).
ERROR [2024-08-14 16:40:26] [WARN] - Skipped adding wind data for AF-CAF (no generators found in PLEXOS).
ERROR [2024-08-14 16:40:26] [WARN] - Skipped adding wind data for AF-CIV (no generators found in PLEXOS).
ERROR [2024-08-14 16:40:26] [WARN] - Skipped adding wind data for AF-CMR (no generators found in PLEXOS).
ERROR [2024-08-14 16:40:26] [WARN] - Skipped adding wind data for AF-COD (no generators found in PLEXOS).
ERROR [2024-08-14 16:40:27] [WARN] - Skipped adding wind data for AF-COG (no generators found in PLEXOS).
ERROR [2024-08-14 16:40:28] [WARN] - Skipped adding wind data for AF-DJI (no generators found in PLEXOS).
ERROR [2024-08-14 16:40:28] [WARN] - Skipped adding wind data for AF-DZA (no generators found in PLEXOS).
ERROR [2024-08-14 16:40:29] [WARN] - Skipped adding wind data for AF-ERI (no generators found in PLEXOS).
ERROR [2024-08-14 16:40:29] [WARN] - Skipped adding wind data for AF-ESH (no generators found in PLEXOS).
ERROR [2024-08-14 16:40:31] [WARN] - Skipped adding wind data for AF-GAB (no generators found in PLEXOS).
ERROR [2024-08-14 16:40:31] [WARN] - Skipped adding wind data for AF-GHA (no generators found in PLEXOS).
ERROR [2024-08-14 16:40:31] [WARN] - Skipped adding wind data for AF-GIN (no generators found in PLEXOS).
ERROR [2024-08-14 16:40:31] [WARN] - Skipped adding wind data for AF-GMB (no generators found in PLEXOS).
ERROR [2024-08-14 16:40:31] [WARN] - Skipped adding wind data for AF-GNB (no generators found in PLEXOS).
ERROR [2024-08-14 16:40:31] [WARN] - Skipped adding wind data for AF-GNQ (no generators found in PLEXOS).
ERROR [2024-08-14 16:40:32] [WARN] - Skipped adding wind data for AF-LBR (no generators found in PLEXOS).
ERROR [2024-08-14 16:40:32] [WARN] - Skipped adding wind data for AF-LBY (no generators found in PLEXOS).
ERROR [2024-08-14 16:40:32] [WARN] - Skipped adding wind data for AF-LSO (no generators found in PLEXOS).
ERROR [2024-08-14 16:40:33] [WARN] - Skipped adding wind data for AF-MDG (no generators found in PLEXOS).
ERROR [2024-08-14 16:40:33] [WARN] - Skipped adding wind data for AF-MLI (no generators found in PLEXOS).
ERROR [2024-08-14 16:40:33] [WARN] - Skipped adding wind data for AF-MOZ (no generators found in PLEXOS).
ERROR [2024-08-14 16:40:35] [WARN] - Skipped adding wind data for AF-MUS (no generators found in PLEXOS).
ERROR [2024-08-14 16:40:35] [WARN] - Skipped adding wind data for AF-MWI (no generators found in PLEXOS).
ERROR [2024-08-14 16:40:35] [WARN] - Skipped adding wind data for AF-NAM (no generators found in PLEXOS).
ERROR [2024-08-14 16:40:35] [WARN] - Skipped adding wind data for AF-NER (no generators found in PLEXOS).
ERROR [2024-08-14 16:40:35] [WARN] - Skipped adding wind data for AF-NGA (no generators found in PLEXOS).
ERROR [2024-08-14 16:40:35] [WARN] - Skipped adding wind data for AF-RWA (no generators found in PLEXOS).
ERROR [2024-08-14 16:40:35] [WARN] - Skipped adding wind data for AF-SDN (no generators found in PLEXOS).
ERROR [2024-08-14 16:40:35] [WARN] - Skipped adding wind data for AF-SEN (no generators found in PLEXOS).
ERROR [2024-08-14 16:40:35] [WARN] - Skipped adding wind data for AF-SLE (no generators found in PLEXOS).
ERROR [2024-08-14 16:40:35] [WARN] - Skipped adding wind data for AF-SWZ (no generators found in PLEXOS).
ERROR [2024-08-14 16:40:35] [WARN] - Skipped adding wind data for AF-TGO (no generators found in PLEXOS).
ERROR [2024-08-14 16:40:36] [WARN] - Skipped adding wind data for AF-TZA (no generators found in PLEXOS).
ERROR [2024-08-14 16:40:36] [WARN] - Skipped adding wind data for AF-UGA (no generators found in PLEXOS).
ERROR [2024-08-14 16:40:38] [WARN] - Skipped adding wind data for AF-ZMB (no generators found in PLEXOS).
ERROR [2024-08-14 16:40:38] [WARN] - Skipped adding wind data for AF-ZWE (no generators found in PLEXOS).
ERROR [2024-08-14 16:40:38] [WARN] - Skipped adding wind data for AS-AFG (no generators found in PLEXOS).
ERROR [2024-08-14 16:40:38] [WARN] - Skipped adding wind data for AS-ARE (no generators found in PLEXOS).
ERROR [2024-08-14 16:40:38] [WARN] - Skipped adding wind data for AS-BGD (no generators found in PLEXOS).
ERROR [2024-08-14 16:40:38] [WARN] - Skipped adding wind data for AS-BHR (no generators found in PLEXOS).
ERROR [2024-08-14 16:40:38] [WARN] - Skipped adding wind data for AS-BRN (no generators found in PLEXOS).
ERROR [2024-08-14 16:40:38] [WARN] - Skipped adding wind data for AS-BTN (no generators found in PLEXOS).
ERROR [2024-08-14 16:40:40] [WARN] - Skipped adding wind data for AS-CHN-BE (no generators found in PLEXOS).
ERROR [2024-08-14 16:40:40] [WARN] - Skipped adding wind data for AS-CHN-CH (no generators found in PLEXOS).
ERROR [2024-08-14 16:41:00] [WARN] - Skipped adding wind data for AS-CHN-HK (no generators found in PLEXOS).
ERROR [2024-08-14 16:41:17] [WARN] - Skipped adding wind data for AS-CHN-MA (no generators found in PLEXOS).
ERROR [2024-08-14 16:41:34] [WARN] - Skipped adding wind data for AS-CHN-TI (no generators found in PLEXOS).
ERROR [2024-08-14 16:41:49] [WARN] - Skipped adding wind data for AS-IDN (no generators found in PLEXOS).
ERROR [2024-08-14 16:41:49] [WARN] - Skipped adding wind data for AS-IND-EA (no generators found in PLEXOS).
ERROR [2024-08-14 16:41:49] [WARN] - Skipped adding wind data for AS-IND-NE (no generators found in PLEXOS).
ERROR [2024-08-14 16:41:56] [WARN] - Skipped adding wind data for AS-IRQ (no generators found in PLEXOS).
ERROR [2024-08-14 16:41:56] [WARN] - Skipped adding wind data for AS-ISR (no generators found in PLEXOS).
ERROR [2024-08-14 16:42:00] [WARN] - Skipped adding wind data for AS-JPN-HO (no generators found in PLEXOS).
ERROR [2024-08-14 16:42:00] [WARN] - Skipped adding wind data for AS-JPN-KY (no generators found in PLEXOS).
ERROR [2024-08-14 16:42:00] [WARN] - Skipped adding wind data for AS-JPN-OK (no generators found in PLEXOS).
ERROR [2024-08-14 16:42:06] [WARN] - Skipped adding wind data for AS-KGZ (no generators found in PLEXOS).
ERROR [2024-08-14 16:42:06] [WARN] - Skipped adding wind data for AS-KHM (no generators found in PLEXOS).
ERROR [2024-08-14 16:42:08] [WARN] - Skipped adding wind data for AS-KWT (no generators found in PLEXOS).
ERROR [2024-08-14 16:42:08] [WARN] - Skipped adding wind data for AS-LAO (no generators found in PLEXOS).
ERROR [2024-08-14 16:42:08] [WARN] - Skipped adding wind data for AS-LBN (no generators found in PLEXOS).
ERROR [2024-08-14 16:42:10] [WARN] - Skipped adding wind data for AS-MMR (no generators found in PLEXOS).
ERROR [2024-08-14 16:42:12] [WARN] - Skipped adding wind data for AS-MYS (no generators found in PLEXOS).
ERROR [2024-08-14 16:42:12] [WARN] - Skipped adding wind data for AS-NPL (no generators found in PLEXOS).
ERROR [2024-08-14 16:42:12] [WARN] - Skipped adding wind data for AS-OMN (no generators found in PLEXOS).
ERROR [2024-08-14 16:42:16] [WARN] - Skipped adding wind data for AS-PRK (no generators found in PLEXOS).
ERROR [2024-08-14 16:42:16] [WARN] - Skipped adding wind data for AS-QAT (no generators found in PLEXOS).
ERROR [2024-08-14 16:42:18] [WARN] - Skipped adding wind data for AS-RUS-FE (no generators found in PLEXOS).
ERROR [2024-08-14 16:42:20] [WARN] - Skipped adding wind data for AS-RUS-NW (no generators found in PLEXOS).
ERROR [2024-08-14 16:42:20] [WARN] - Skipped adding wind data for AS-RUS-SI (no generators found in PLEXOS).
ERROR [2024-08-14 16:42:20] [WARN] - Skipped adding wind data for AS-RUS-SO (no generators found in PLEXOS).
ERROR [2024-08-14 16:42:22] [WARN] - Skipped adding wind data for AS-SAU (no generators found in PLEXOS).
ERROR [2024-08-14 16:42:22] [WARN] - Skipped adding wind data for AS-SGP (no generators found in PLEXOS).
ERROR [2024-08-14 16:42:22] [WARN] - Skipped adding wind data for AS-SYR (no generators found in PLEXOS).
ERROR [2024-08-14 16:42:24] [WARN] - Skipped adding wind data for AS-TJK (no generators found in PLEXOS).
ERROR [2024-08-14 16:42:24] [WARN] - Skipped adding wind data for AS-TKM (no generators found in PLEXOS).
ERROR [2024-08-14 16:42:28] [WARN] - Skipped adding wind data for AS-UZB (no generators found in PLEXOS).
ERROR [2024-08-14 16:42:30] [WARN] - Skipped adding wind data for AS-YEM (no generators found in PLEXOS).
ERROR [2024-08-14 16:42:30] [WARN] - Skipped adding wind data for EU-ALB (no generators found in PLEXOS).
ERROR [2024-08-14 16:42:30] [WARN] - Skipped adding wind data for EU-ARM (no generators found in PLEXOS).
ERROR [2024-08-14 16:42:32] [WARN] - Skipped adding wind data for EU-AZE (no generators found in PLEXOS).
ERROR [2024-08-14 16:42:37] [WARN] - Skipped adding wind data for EU-BIH (no generators found in PLEXOS).
ERROR [2024-08-14 16:42:37] [WARN] - Skipped adding wind data for EU-BLR (no generators found in PLEXOS).
ERROR [2024-08-14 16:42:57] [WARN] - Skipped adding wind data for EU-GEO (no generators found in PLEXOS).
ERROR [2024-08-14 16:43:05] [WARN] - Skipped adding wind data for EU-ISL (no generators found in PLEXOS).
ERROR [2024-08-14 16:43:07] [WARN] - Skipped adding wind data for EU-KOS (no generators found in PLEXOS).
ERROR [2024-08-14 16:43:13] [WARN] - Skipped adding wind data for EU-MDA (no generators found in PLEXOS).
ERROR [2024-08-14 16:43:13] [WARN] - Skipped adding wind data for EU-MKD (no generators found in PLEXOS).
ERROR [2024-08-14 16:43:13] [WARN] - Skipped adding wind data for EU-MNE (no generators found in PLEXOS).
ERROR [2024-08-14 16:43:23] [WARN] - Skipped adding wind data for EU-SRB (no generators found in PLEXOS).
ERROR [2024-08-14 16:43:23] [WARN] - Skipped adding wind data for EU-SVK (no generators found in PLEXOS).
ERROR [2024-08-14 16:43:23] [WARN] - Skipped adding wind data for EU-SVN (no generators found in PLEXOS).
ERROR [2024-08-14 16:43:30] [WARN] - Skipped adding wind data for OC-AUS-NT (no generators found in PLEXOS).
ERROR [2024-08-14 16:43:47] [WARN] - Skipped adding wind data for OC-PNG (no generators found in PLEXOS).
ERROR [2024-08-14 16:44:27] [WARN] - Skipped adding wind data for NA-SLV (no generators found in PLEXOS).
ERROR [2024-08-14 16:44:27] [WARN] - Skipped adding wind data for NA-TTO (no generators found in PLEXOS).
ERROR [2024-08-14 16:44:35] [WARN] - Skipped adding wind data for NA-USA-FR (no generators found in PLEXOS).
ERROR [2024-08-14 16:44:35] [WARN] - Skipped adding wind data for NA-USA-GU (no generators found in PLEXOS).
ERROR [2024-08-14 16:44:59] [WARN] - Skipped adding wind data for NA-USA-SA (no generators found in PLEXOS).
ERROR [2024-08-14 16:45:01] [WARN] - Skipped adding wind data for NA-USA-SE (no generators found in PLEXOS).
ERROR [2024-08-14 16:45:05] [WARN] - Skipped adding wind data for NA-USA-SV (no generators found in PLEXOS).
ERROR [2024-08-14 16:45:08] [WARN] - Skipped adding wind data for SA-BOL (no generators found in PLEXOS).
ERROR [2024-08-14 16:45:08] [WARN] - Skipped adding wind data for SA-BRA-CN (no generators found in PLEXOS).
ERROR [2024-08-14 16:45:08] [WARN] - Skipped adding wind data for SA-BRA-CW (no generators found in PLEXOS).
ERROR [2024-08-14 16:45:08] [WARN] - Skipped adding wind data for SA-BRA-J1 (no generators found in PLEXOS).
ERROR [2024-08-14 16:45:08] [WARN] - Skipped adding wind data for SA-BRA-J2 (no generators found in PLEXOS).
ERROR [2024-08-14 16:45:08] [WARN] - Skipped adding wind data for SA-BRA-J3 (no generators found in PLEXOS).
ERROR [2024-08-14 16:45:10] [WARN] - Skipped adding wind data for SA-BRA-NW (no generators found in PLEXOS).
ERROR [2024-08-14 16:45:13] [WARN] - Skipped adding wind data for SA-BRA-WE (no generators found in PLEXOS).
ERROR [2024-08-14 16:45:18] [WARN] - Skipped adding wind data for SA-GUF (no generators found in PLEXOS).
ERROR [2024-08-14 16:45:22] [WARN] - Skipped adding wind data for SA-PRY (no generators found in PLEXOS).
ERROR [2024-08-14 16:45:28] [WARN] - Skipped adding solar data for AF-BDI (no generators found in PLEXOS).
ERROR [2024-08-14 16:45:28] [WARN] - Skipped adding solar data for AF-BEN (no generators found in PLEXOS).
ERROR [2024-08-14 16:45:28] [WARN] - Skipped adding solar data for AF-BFA (no generators found in PLEXOS).
ERROR [2024-08-14 16:45:28] [WARN] - Skipped adding solar data for AF-BWA (no generators found in PLEXOS).
ERROR [2024-08-14 16:45:28] [WARN] - Skipped adding solar data for AF-CAF (no generators found in PLEXOS).
ERROR [2024-08-14 16:45:28] [WARN] - Skipped adding solar data for AF-CIV (no generators found in PLEXOS).
ERROR [2024-08-14 16:45:28] [WARN] - Skipped adding solar data for AF-CMR (no generators found in PLEXOS).
ERROR [2024-08-14 16:45:28] [WARN] - Skipped adding solar data for AF-COD (no generators found in PLEXOS).
ERROR [2024-08-14 16:45:28] [WARN] - Skipped adding solar data for AF-COG (no generators found in PLEXOS).
ERROR [2024-08-14 16:45:30] [WARN] - Skipped adding solar data for AF-DJI (no generators found in PLEXOS).
ERROR [2024-08-14 16:45:35] [WARN] - Skipped adding solar data for AF-ERI (no generators found in PLEXOS).
ERROR [2024-08-14 16:45:35] [WARN] - Skipped adding solar data for AF-ESH (no generators found in PLEXOS).
ERROR [2024-08-14 16:45:37] [WARN] - Skipped adding solar data for AF-GAB (no generators found in PLEXOS).
ERROR [2024-08-14 16:45:37] [WARN] - Skipped adding solar data for AF-GHA (no generators found in PLEXOS).
ERROR [2024-08-14 16:45:37] [WARN] - Skipped adding solar data for AF-GIN (no generators found in PLEXOS).
ERROR [2024-08-14 16:45:37] [WARN] - Skipped adding solar data for AF-GMB (no generators found in PLEXOS).
ERROR [2024-08-14 16:45:37] [WARN] - Skipped adding solar data for AF-GNB (no generators found in PLEXOS).
ERROR [2024-08-14 16:45:37] [WARN] - Skipped adding solar data for AF-GNQ (no generators found in PLEXOS).
ERROR [2024-08-14 16:45:39] [WARN] - Skipped adding solar data for AF-LBR (no generators found in PLEXOS).
ERROR [2024-08-14 16:45:39] [WARN] - Skipped adding solar data for AF-LBY (no generators found in PLEXOS).
ERROR [2024-08-14 16:45:39] [WARN] - Skipped adding solar data for AF-LSO (no generators found in PLEXOS).
ERROR [2024-08-14 16:45:42] [WARN] - Skipped adding solar data for AF-MDG (no generators found in PLEXOS).
ERROR [2024-08-14 16:45:42] [WARN] - Skipped adding solar data for AF-MLI (no generators found in PLEXOS).
ERROR [2024-08-14 16:45:42] [WARN] - Skipped adding solar data for AF-MOZ (no generators found in PLEXOS).
ERROR [2024-08-14 16:45:47] [WARN] - Skipped adding solar data for AF-MWI (no generators found in PLEXOS).
ERROR [2024-08-14 16:45:49] [WARN] - Skipped adding solar data for AF-NER (no generators found in PLEXOS).
ERROR [2024-08-14 16:45:53] [WARN] - Skipped adding solar data for AF-SDN (no generators found in PLEXOS).
ERROR [2024-08-14 16:45:55] [WARN] - Skipped adding solar data for AF-SLE (no generators found in PLEXOS).
ERROR [2024-08-14 16:45:55] [WARN] - Skipped adding solar data for AF-SWZ (no generators found in PLEXOS).
ERROR [2024-08-14 16:45:55] [WARN] - Skipped adding solar data for AF-TGO (no generators found in PLEXOS).
ERROR [2024-08-14 16:45:57] [WARN] - Skipped adding solar data for AF-TZA (no generators found in PLEXOS).
ERROR [2024-08-14 16:46:00] [WARN] - Skipped adding solar data for AF-ZMB (no generators found in PLEXOS).
ERROR [2024-08-14 16:46:00] [WARN] - Skipped adding solar data for AF-ZWE (no generators found in PLEXOS).
ERROR [2024-08-14 16:46:00] [WARN] - Skipped adding solar data for AS-AFG (no generators found in PLEXOS).
ERROR [2024-08-14 16:46:03] [WARN] - Skipped adding solar data for AS-BHR (no generators found in PLEXOS).
ERROR [2024-08-14 16:46:03] [WARN] - Skipped adding solar data for AS-BRN (no generators found in PLEXOS).
ERROR [2024-08-14 16:46:03] [WARN] - Skipped adding solar data for AS-BTN (no generators found in PLEXOS).
ERROR [2024-08-14 16:46:07] [WARN] - Skipped adding solar data for AS-CHN-CH (no generators found in PLEXOS).
ERROR [2024-08-14 16:46:07] [WARN] - Skipped adding solar data for AS-CHN-EM (no generators found in PLEXOS).
ERROR [2024-08-14 16:46:07] [WARN] - Skipped adding solar data for AS-CHN-FU (no generators found in PLEXOS).
ERROR [2024-08-14 16:46:09] [WARN] - Skipped adding solar data for AS-CHN-GD (no generators found in PLEXOS).
ERROR [2024-08-14 16:46:09] [WARN] - Skipped adding solar data for AS-CHN-GU (no generators found in PLEXOS).
ERROR [2024-08-14 16:46:09] [WARN] - Skipped adding solar data for AS-CHN-GX (no generators found in PLEXOS).
ERROR [2024-08-14 16:46:13] [WARN] - Skipped adding solar data for AS-CHN-HE (no generators found in PLEXOS).
ERROR [2024-08-14 16:46:15] [WARN] - Skipped adding solar data for AS-CHN-HK (no generators found in PLEXOS).
ERROR [2024-08-14 16:46:15] [WARN] - Skipped adding solar data for AS-CHN-HN (no generators found in PLEXOS).
ERROR [2024-08-14 16:46:16] [WARN] - Skipped adding solar data for AS-CHN-JI (no generators found in PLEXOS).
ERROR [2024-08-14 16:46:18] [WARN] - Skipped adding solar data for AS-CHN-JX (no generators found in PLEXOS).
ERROR [2024-08-14 16:46:18] [WARN] - Skipped adding solar data for AS-CHN-LI (no generators found in PLEXOS).
ERROR [2024-08-14 16:46:18] [WARN] - Skipped adding solar data for AS-CHN-MA (no generators found in PLEXOS).
ERROR [2024-08-14 16:46:22] [WARN] - Skipped adding solar data for AS-CHN-SC (no generators found in PLEXOS).
ERROR [2024-08-14 16:46:29] [WARN] - Skipped adding solar data for AS-CHN-SX (no generators found in PLEXOS).
ERROR [2024-08-14 16:46:29] [WARN] - Skipped adding solar data for AS-CHN-TI (no generators found in PLEXOS).
ERROR [2024-08-14 16:46:29] [WARN] - Skipped adding solar data for AS-CHN-TJ (no generators found in PLEXOS).
ERROR [2024-08-14 16:46:35] [WARN] - Skipped adding solar data for AS-CHN-ZH (no generators found in PLEXOS).
ERROR [2024-08-14 16:46:35] [WARN] - Skipped adding solar data for AS-IDN (no generators found in PLEXOS).
ERROR [2024-08-14 16:46:37] [WARN] - Skipped adding solar data for AS-IND-NE (no generators found in PLEXOS).
ERROR [2024-08-14 16:47:04] [WARN] - Skipped adding solar data for AS-KGZ (no generators found in PLEXOS).
ERROR [2024-08-14 16:47:08] [WARN] - Skipped adding solar data for AS-KWT (no generators found in PLEXOS).
ERROR [2024-08-14 16:47:08] [WARN] - Skipped adding solar data for AS-LAO (no generators found in PLEXOS).
ERROR [2024-08-14 16:47:08] [WARN] - Skipped adding solar data for AS-LBN (no generators found in PLEXOS).
ERROR [2024-08-14 16:47:12] [WARN] - Skipped adding solar data for AS-MNG (no generators found in PLEXOS).
ERROR [2024-08-14 16:47:17] [WARN] - Skipped adding solar data for AS-OMN (no generators found in PLEXOS).
ERROR [2024-08-14 16:47:22] [WARN] - Skipped adding solar data for AS-PRK (no generators found in PLEXOS).
ERROR [2024-08-14 16:47:22] [WARN] - Skipped adding solar data for AS-QAT (no generators found in PLEXOS).
ERROR [2024-08-14 16:47:27] [WARN] - Skipped adding solar data for AS-RUS-MV (no generators found in PLEXOS).
ERROR [2024-08-14 16:47:27] [WARN] - Skipped adding solar data for AS-RUS-NW (no generators found in PLEXOS).
ERROR [2024-08-14 16:47:29] [WARN] - Skipped adding solar data for AS-RUS-SO (no generators found in PLEXOS).
ERROR [2024-08-14 16:47:35] [WARN] - Skipped adding solar data for AS-SYR (no generators found in PLEXOS).
ERROR [2024-08-14 16:47:37] [WARN] - Skipped adding solar data for AS-TJK (no generators found in PLEXOS).
ERROR [2024-08-14 16:47:37] [WARN] - Skipped adding solar data for AS-TKM (no generators found in PLEXOS).
ERROR [2024-08-14 16:47:41] [WARN] - Skipped adding solar data for AS-UZB (no generators found in PLEXOS).
ERROR [2024-08-14 16:47:41] [WARN] - Skipped adding solar data for AS-VNM (no generators found in PLEXOS).
ERROR [2024-08-14 16:47:43] [WARN] - Skipped adding solar data for EU-ALB (no generators found in PLEXOS).
ERROR [2024-08-14 16:47:43] [WARN] - Skipped adding solar data for EU-ARM (no generators found in PLEXOS).
ERROR [2024-08-14 16:47:51] [WARN] - Skipped adding solar data for EU-BIH (no generators found in PLEXOS).
ERROR [2024-08-14 16:47:51] [WARN] - Skipped adding solar data for EU-BLR (no generators found in PLEXOS).
ERROR [2024-08-14 16:48:06] [WARN] - Skipped adding solar data for EU-EST (no generators found in PLEXOS).
ERROR [2024-08-14 16:48:12] [WARN] - Skipped adding solar data for EU-GEO (no generators found in PLEXOS).
ERROR [2024-08-14 16:48:18] [WARN] - Skipped adding solar data for EU-IRL (no generators found in PLEXOS).
ERROR [2024-08-14 16:48:18] [WARN] - Skipped adding solar data for EU-ISL (no generators found in PLEXOS).
ERROR [2024-08-14 16:48:20] [WARN] - Skipped adding solar data for EU-KOS (no generators found in PLEXOS).
ERROR [2024-08-14 16:48:23] [WARN] - Skipped adding solar data for EU-LVA (no generators found in PLEXOS).
ERROR [2024-08-14 16:48:23] [WARN] - Skipped adding solar data for EU-MDA (no generators found in PLEXOS).
ERROR [2024-08-14 16:48:25] [WARN] - Skipped adding solar data for EU-MNE (no generators found in PLEXOS).
ERROR [2024-08-14 16:48:43] [WARN] - Skipped adding solar data for OC-ATA (no generators found in PLEXOS).
ERROR [2024-08-14 16:48:51] [WARN] - Skipped adding solar data for OC-AUS-TA (no generators found in PLEXOS).
ERROR [2024-08-14 16:48:51] [WARN] - Skipped adding solar data for OC-AUS-VI (no generators found in PLEXOS).
ERROR [2024-08-14 16:48:53] [WARN] - Skipped adding solar data for OC-FJI (no generators found in PLEXOS).
ERROR [2024-08-14 16:48:55] [WARN] - Skipped adding solar data for OC-PNG (no generators found in PLEXOS).
ERROR [2024-08-14 16:48:58] [WARN] - Skipped adding solar data for NA-CAN-AR (no generators found in PLEXOS).
ERROR [2024-08-14 16:49:00] [WARN] - Skipped adding solar data for NA-CAN-MB (no generators found in PLEXOS).
ERROR [2024-08-14 16:49:00] [WARN] - Skipped adding solar data for NA-CAN-NL (no generators found in PLEXOS).
ERROR [2024-08-14 16:49:00] [WARN] - Skipped adding solar data for NA-CAN-NO (no generators found in PLEXOS).
ERROR [2024-08-14 16:49:02] [WARN] - Skipped adding solar data for NA-CAN-QC (no generators found in PLEXOS).
ERROR [2024-08-14 16:49:02] [WARN] - Skipped adding solar data for NA-CAN-SK (no generators found in PLEXOS).
ERROR [2024-08-14 16:49:02] [WARN] - Skipped adding solar data for NA-CRI (no generators found in PLEXOS).
ERROR [2024-08-14 16:49:11] [WARN] - Skipped adding solar data for NA-JAM (no generators found in PLEXOS).
ERROR [2024-08-14 16:49:14] [WARN] - Skipped adding solar data for NA-NIC (no generators found in PLEXOS).
ERROR [2024-08-14 16:49:19] [WARN] - Skipped adding solar data for NA-TTO (no generators found in PLEXOS).
ERROR [2024-08-14 16:49:19] [WARN] - Skipped adding solar data for NA-USA-AK (no generators found in PLEXOS).
ERROR [2024-08-14 16:49:48] [WARN] - Skipped adding solar data for NA-USA-SA (no generators found in PLEXOS).
ERROR [2024-08-14 16:50:01] [WARN] - Skipped adding solar data for SA-BRA-CN (no generators found in PLEXOS).
ERROR [2024-08-14 16:50:01] [WARN] - Skipped adding solar data for SA-BRA-CW (no generators found in PLEXOS).
ERROR [2024-08-14 16:50:01] [WARN] - Skipped adding solar data for SA-BRA-J1 (no generators found in PLEXOS).
ERROR [2024-08-14 16:50:01] [WARN] - Skipped adding solar data for SA-BRA-J2 (no generators found in PLEXOS).
ERROR [2024-08-14 16:50:01] [WARN] - Skipped adding solar data for SA-BRA-J3 (no generators found in PLEXOS).
ERROR [2024-08-14 16:50:03] [WARN] - Skipped adding solar data for SA-BRA-NW (no generators found in PLEXOS).
ERROR [2024-08-14 16:50:07] [WARN] - Skipped adding solar data for SA-BRA-WE (no generators found in PLEXOS).
ERROR [2024-08-14 16:50:09] [WARN] - Skipped adding solar data for SA-COL (no generators found in PLEXOS).
ERROR [2024-08-14 16:50:14] [WARN] - Skipped adding solar data for SA-GUY (no generators found in PLEXOS).
ERROR [2024-08-14 16:50:16] [WARN] - Skipped adding solar data for SA-PRY (no generators found in PLEXOS).
ERROR [2024-08-14 16:50:17] [WARN] - Skipped adding solar data for SA-VEN (no generators found in PLEXOS).
ERROR [2024-08-14 17:08:02] [WARN] - Failed to add DZA_GAS_FKRINA22_JIJEL30_HASSIMESSOUD26_TIARET45_MSILA136_RASDJINET37_KAHRAMAIPP31 generator to AF-DZA node, skipping...
ERROR [2024-08-14 17:08:02] [WARN] - Failed to add DZA_GAS_RELIZANE39_SKBIPP40_HASSIMESSOUDO28_AINDJASSER16_SKIKDA43_SKSIPPSNCLAV41_ARBAA18 generator to AF-DZA node, skipping...
ERROR [2024-08-14 17:08:05] [WARN] - Failed to add EGY_GAS_ABUSULTAN8541_ATAKA8545_OCTOBER6TH8570_MAHMOUDIA8563_OYOUNMOUSA8571_SHOUBRAELKHE generator to AF-EGY node, skipping...
ERROR [2024-08-14 17:08:05] [WARN] - Failed to add EGY_GAS_ELSEIUF8554_KAFRELDAWAR8559_DAMANHOUR8550_BANHA8546_DAMIETTAWEST8552_NEWGASDAMIE generator to AF-EGY node, skipping...
ERROR [2024-08-14 17:08:06] [WARN] - Failed to add EGY_GAS_CAIROWEST8549_PORTSAIDEAST8573_SUEZGULF8578_SIDIKRIR8577_ELTEBEEN8555_CAIROSOUTH generator to AF-EGY node, skipping...
ERROR [2024-08-14 17:08:06] [WARN] - Failed to add EGY_GAS_ABUKIR8540_CAIRONORTH8547_ELATF8553_NORTHGIZA8568_NUBARIA8569_CAPACITY SCALER_KU generator to AF-EGY node, skipping...
ERROR [2024-08-14 17:08:06] [WARN] - Failed to add EGY_GAS_PORTSAID8572_MATROUH8564_ARISH8542_SHABAB8574_WADIHOF8580_KURIEMATSOLAR8562 generator to AF-EGY node, skipping...
ERROR [2024-08-14 17:10:26] [WARN] - Failed to add TUN_GAS_GHANNOUCH18117_ZARZIS18136_MENZELBOURGUIB18123_SFAX18127_KORBA118122_TUNISSUD118 generator to AF-TUN node, skipping...
ERROR [2024-08-14 17:10:27] [WARN] - Failed to add TUN_GAS_BOUCHEMMA118112_GHANNOUCH18116_SOUSSEC18132_SOUSSED18133_IPPRADES218119_FERIANA1 generator to AF-TUN node, skipping...
ERROR [2024-08-14 17:10:42] [WARN] - Failed to add ZAF_COA_GROOTVLEIPOWER16644_DUVHAPOWERSTA16636_KELVINPOWERST16655_KRIELPOWERSTA16664_MAT generator to AF-ZAF node, skipping...
ERROR [2024-08-14 17:10:43] [WARN] - Failed to add ZAF_COA_TUTUKAPOWERST16703_LETHABOPOWERS16667_MATIMBAPOWERS16676_HENDRINAPOWER16645 generator to AF-ZAF node, skipping...
ERROR [2024-08-14 17:11:06] [WARN] - Failed to add ARE_GAS_JEBELALIL18299_TAWEELAHA118310_CAPACITY SCALER_JEBELALID18295_JEBELALIM18301_APC generator to AS-ARE node, skipping...
ERROR [2024-08-14 17:11:08] [WARN] - Failed to add ARE_GAS_HAMRIYAHPOWER18294_AWEERHPH18291_JEBELALIG18297_ALMIRFAPOWER18289_ESWPCFUJF11829 generator to AS-ARE node, skipping...
ERROR [2024-08-14 17:11:08] [WARN] - Failed to add BGD_GAS_MYMENSINGH887_SHIDDIRGANJST896_SYLHETENERGYP906_BAGHABARIGT1858_BHOLACCPPGT1864 generator to AS-BGD node, skipping...
ERROR [2024-08-14 17:11:10] [WARN] - Failed to add BGD_GAS_KHULNAKPCL2883_SIDDHIRGANJDU898_SHAHJIBAZAR330895_CHITTAGONGROAZ867_MEGHNAGHATCC generator to AS-BGD node, skipping...
ERROR [2024-08-14 17:11:10] [WARN] - Failed to add BGD_GAS_HOBIGANJCONFI874_ULLAPARASUMMI910_SUMMITPOWERC902_FENIDOREEN870_SUMMITPOWERM903_ generator to AS-BGD node, skipping...
ERROR [2024-08-14 17:11:11] [WARN] - Failed to add BGD_OIL_NOAPARAKHANJA889_THAKURGAONRZ907_AMNURA856_PAGLADPA891_PATENGA50MW892_SANTAHARPE generator to AS-BGD node, skipping...
ERROR [2024-08-14 17:11:15] [WARN] - Failed to add BGD_OIL_JAMALPURRPP876_SIDDIRGONJDES899_HATHAZARI873_CLCPCKERANIGON866_JHULDA878_KARANIG generator to AS-BGD node, skipping...
ERROR [2024-08-14 17:11:32] [WARN] - Failed to add CHN_COA_PANSANPOWERST6796_HUAINANLUOHEP5923_OA_CAPACITY SCALER_ANHUIBENGBUPO4864_HUAINAN generator to AS-CHN-AN node, skipping...
ERROR [2024-08-14 17:11:33] [WARN] - Failed to add CHN_COA_HEFEI2POWERS5746_SUZHOUHUIYUAN7268_HEFEIPOWERSTA5745_HUADIANSUZHOU5890_HUAIBEILI generator to AS-CHN-AN node, skipping...
ERROR [2024-08-14 17:11:33] [WARN] - Failed to add CHN_COA_MAANSHANSTEEL6634_SINOPECANQING7245_DATANGANHUIHU5170_HUAIBEIGUOANP5916_HUAINANG generator to AS-CHN-AN node, skipping...
ERROR [2024-08-14 17:11:33] [WARN] - Failed to add CHN_COA_HUAINANTIANJI5924_TONGLINGWANNEN7345_SHENHUAANQING7064_WENERGYMAANSHA7368_ANHUIH generator to AS-CHN-AN node, skipping...
ERROR [2024-08-14 17:11:37] [WARN] - Failed to add CHN-BE_GAS_CAPACITY SCALER_BEIJINGNORTH4944_BEIJINGNORTH4945_BEIJINGSOUTH4947_JINJENG639 generator to AS-CHN-BE node, skipping...
ERROR [2024-08-14 17:11:48] [WARN] - Failed to add CHN_COA_CHONGQINGLONGQ5105_CHONGQINGQINEN5110_CHONGQINGSHIZH5112_OA_CAPACITY SCALER generator to AS-CHN-CH node, skipping...
ERROR [2024-08-14 17:11:50] [WARN] - Failed to add CHN_COA_SHENHUAWANZHOU7076_HUANENGLUOHUAN5978_CHONGQINGBAIHE5098_CHONGQINGCOAL5101_WANSH generator to AS-CHN-CH node, skipping...
ERROR [2024-08-14 17:11:51] [WARN] - Failed to add CHN_COA_HUANENGEASTHA5946_KEYOUZHONGQIPO6456_HAILARCOAL5679_HUANENGMANZHOU5981_HUANENGMA generator to AS-CHN-EM node, skipping...
ERROR [2024-08-14 17:11:51] [WARN] - Failed to add CHN_COA_HUOLINHEZHANUT6171_BAYANHUAJINSHA4934_CHIFENGYUANBAO5087_CPICHIFENGDAB4985_CPIHU generator to AS-CHN-EM node, skipping...
ERROR [2024-08-14 17:11:54] [WARN] - Failed to add CHN_COA_TONGLIAOPOWER7343_DUOLUNCOALCHE5301_HUANENGYIMINP6053_OA_CAPACITY SCALER generator to AS-CHN-EM node, skipping...
ERROR [2024-08-14 17:12:02] [WARN] - Failed to add CHN_COA_FUZHOUKEMENPO5404_GUODIANJIANGYI5585_HANGHAULONGYA5695_HOUSHIPOWERST5834_XIAMENS generator to AS-CHN-FU node, skipping...
ERROR [2024-08-14 17:12:03] [WARN] - Failed to add CHN_COA_HUANENGFUZHOU5953_NANPUQUANZHOU6692_MEIZHOUWANPOW6661_DATANGNINGDEP5216 generator to AS-CHN-FU node, skipping...
ERROR [2024-08-14 17:12:07] [WARN] - Failed to add CHN_COA_GEPICZHANGYEP5407_DATANGGANGUPO5189_GUODIANJIUQUAN5592_GUODIANYUZHONG5629_JINCHA generator to AS-CHN-GA node, skipping...
ERROR [2024-08-14 17:12:07] [WARN] - Failed to add CHN_COA_DATANGXIGUPOW5240_JINGYUAN2POWE6394_DATANGJINGTAI5202_GANSUCHONGXIN5419_GEPICJIN generator to AS-CHN-GA node, skipping...
ERROR [2024-08-14 17:12:07] [WARN] - Failed to add CHN-GA_COA_CAPACITY SCALER_HUANENGPINGLIA5989_JIAYUGUANALUMI6330_JISCO1POWERS6416 generator to AS-CHN-GA node, skipping...
ERROR [2024-08-14 17:12:08] [WARN] - Failed to add CHN_COA_DATANG803POWE5169_DATANGLIANCHEN5206_JIAYUGUANDAT6329_JINCHUANWORKS6372_LANZHOUL generator to AS-CHN-GA node, skipping...
ERROR [2024-08-14 17:12:11] [WARN] - Failed to add CHN_GAS_MEIZHOULANDFIL6660_GUANGDONGSHENZ5504_HUIZHOULANDFIL6121_SHENZHENXIAPIN7093_SHAN generator to AS-CHN-GD node, skipping...
ERROR [2024-08-14 17:12:11] [WARN] - Failed to add CHN-GD_GAS_CAPACITY SCALER_HENGMENEXPANSI5793_QIANWANGAS6839_SHENZHENQIANWA7092 generator to AS-CHN-GD node, skipping...
ERROR [2024-08-14 17:12:11] [WARN] - Failed to add CHN_GAS_FENGDAGAS5326_GUANGDONGHUIZH5493_GUANGZHOUNANSH5536_HUIZHOULNGGAS6120_GUANGDONGS generator to AS-CHN-GD node, skipping...
ERROR [2024-08-14 17:12:12] [WARN] - Failed to add CHN_COA_MAOMINGRUINE6650_GUANGZHOUZHUJI5543_YUELIANCOAL7668_MAWANPOWERSTA6655_DONGTANGCO generator to AS-CHN-GD node, skipping...
ERROR [2024-08-14 17:12:12] [WARN] - Failed to add CHN_COA_BAOSTEELZHANJI4922_GUODIANGUANGDO5581_GUANGZHOUPOWER5544_GUANGZHOUREFIN5539_HEYU generator to AS-CHN-GD node, skipping...
ERROR [2024-08-14 17:12:12] [WARN] - Failed to add CHN_COA_YANGSHANCOAL7594_JIULONGPAPERM6426_GUANGZHOUWANGL5540_LEEMANPAPER6482_GUANGZHOUL generator to AS-CHN-GD node, skipping...
ERROR [2024-08-14 17:12:13] [WARN] - Failed to add CHN_COA_SHANWEIHONGHAI7019_YANGXIZHUJIANG7596_YUNFUPOWERSTA7686_ZHUHAIGZPPOWE7876_GUANGD generator to AS-CHN-GD node, skipping...
ERROR [2024-08-14 17:12:27] [WARN] - Failed to add CHN-GU_COA_CAPACITY SCALER_BIJIEPOWERSTA4959_DAFANGPOWERST5138_GUIZHOUDALONG5555_GUIZHOU generator to AS-CHN-GU node, skipping...
ERROR [2024-08-14 17:12:34] [WARN] - Failed to add CHN_COA_FANGCHENGGANGC5319_HEZHOUPOWERST5809_BAISETIANYANG4898_GUODIANYONGFU5626_HUADIAN generator to AS-CHN-GX node, skipping...
ERROR [2024-08-14 17:12:34] [WARN] - Failed to add CHN-GX_COA_CAPACITY SCALER_BAISECOAL4896_GUODIANNANNING5598_LAIBINPOWERST6464_DATANGHESH generator to AS-CHN-GX node, skipping...
ERROR [2024-08-14 17:12:55] [WARN] - Failed to add CHN_COA_DINGZHOUPOWER5272_HUANGHUACANGZH6069_HUANENGSHANGAN6002_ZHANGJIAKOUPOW7812_CAOFE generator to AS-CHN-HB node, skipping...
ERROR [2024-08-14 17:12:55] [WARN] - Failed to add CHN_COA_DATANGBAODING5173_CANGZHOUPOWER5007_HANDANPOWERST5690_HENGFENG2POWE5790_HENGSHUI generator to AS-CHN-HB node, skipping...
ERROR [2024-08-14 17:12:55] [WARN] - Failed to add CHN_COA_LUANHEPOWERST6603_DATANGMATOUPO5212_DOUHEPOWERSTA5296_SANHEYANJIAOP6935_OA_CAPAC generator to AS-CHN-HB node, skipping...
ERROR [2024-08-14 17:12:55] [WARN] - Failed to add CHN_COA_SHIJIAZHUANGDO7101_YUNINGCOGENPO7689_LUANNANPOWERS6605_TANGSHANSANYOU7289 generator to AS-CHN-HB node, skipping...
ERROR [2024-08-14 17:12:59] [WARN] - Failed to add CHN_GAS_JIYUANLANDFILL6432_LUOYANGZHANGLU6626_YONGCHENGXUEHU7652_JIAOZUOZHOULIU6326_LUOH generator to AS-CHN-HE node, skipping...
ERROR [2024-08-14 17:13:01] [WARN] - Failed to add CHN_COA_DATANGLINZHOU5207_JIAOZUOWANFA6323_HUANENGLUOYANG5979_DATANGANYANG25171_HENANALU generator to AS-CHN-HE node, skipping...
ERROR [2024-08-14 17:13:01] [WARN] - Failed to add CHN_COA_JIAOZUOWUZHI16325_LUOYANGSHOULON6624_FENGYINGPOWER5333_YIMAGEZHAPOWE7632_SINOPEC generator to AS-CHN-HE node, skipping...
ERROR [2024-08-14 17:13:01] [WARN] - Failed to add CHN_COA_HENANZHONGMAI5789_ZHENGZHOUZHENG7849_CPINANYANGPOW4990_DENGFENG1POWE5258_HENANNE generator to AS-CHN-HE node, skipping...
ERROR [2024-08-14 17:13:01] [WARN] - Failed to add CHN_COA_XUCHANGYULONG7564_OA_CAPACITY SCALER_DATANGSANMENXI5229_HENANXINANPOW5783_HUANEN generator to AS-CHN-HE node, skipping...
ERROR [2024-08-14 17:13:01] [WARN] - Failed to add CHN_COA_DATANGLUOYANG5209_DATANGLUOYANG5210_HENANHEQIPOWE5779_JIAOZUOBOAIPO6324_JIAOZUOS generator to AS-CHN-HE node, skipping...
ERROR [2024-08-14 17:13:03] [WARN] - Failed to add CHN_COA_GUODIANPINGNAN5606_HEGANGLONGMA5748_HUANENGDAQING5944_HUANENGYICHUN6052_HUADIANH generator to AS-CHN-HJ node, skipping...
ERROR [2024-08-14 17:13:03] [WARN] - Failed to add CHN_COA_DAQINGETHYLENE5165_JIXILONGMAY6430_DAQINGOILHONG5167_DATANGSHUANGYA5231_HEILONGJ generator to AS-CHN-HJ node, skipping...
ERROR [2024-08-14 17:13:03] [WARN] - Failed to add CHN_COA_JIXIPOWERSTAT6431_OA_CAPACITY SCALER_SHUANGYASHANPO7124_DAQINGOILCENT5166_DATANG generator to AS-CHN-HJ node, skipping...
ERROR [2024-08-14 17:13:04] [WARN] - Failed to add CHN_COA_GUODIANJILINP5586_HUANENGXINHUA6043_DATANGQITAIHE5226_HUADIANHARBIN5857 generator to AS-CHN-HJ node, skipping...
ERROR [2024-08-14 17:13:21] [WARN] - Failed to add CHN_COA_HUADIANCHANGSH5843_HUNANLIANYUAN6137_SHIMENPOWERST7105_XIANGTANPOWER7455 generator to AS-CHN-HN node, skipping...
ERROR [2024-08-14 17:13:21] [WARN] - Failed to add CHN_COA_YIYANGPOWERST7648_OA_CAPACITY SCALER_JINZHUSHANPOWE6415_HUANENGYUEYANG6057 generator to AS-CHN-HN node, skipping...
ERROR [2024-08-14 17:13:21] [WARN] - Failed to add CHN_COA_LEIYANGPOWERS6487_LIYUJIANG2BPO6579_CHANGDECOAL5048_GUODIANBAOQING5572_HUADIANCH generator to AS-CHN-HN node, skipping...
ERROR [2024-08-14 17:13:21] [WARN] - Failed to add CHN_COA_YUEYANGPAPERM7671_LEIYANGBAIYANG6485_LEIYANGBAIYANG6486_YONGXINGCOAL7657_ZHANGJI generator to AS-CHN-HN node, skipping...
ERROR [2024-08-14 17:13:29] [WARN] - Failed to add CHN_COA_HUBEIEZHOUPOW6093_HUADIANXISAISH5903_PUQIXIANNINGP6821_HANCHUANPOWER5688_CPIDABI generator to AS-CHN-HU node, skipping...
ERROR [2024-08-14 17:13:29] [WARN] - Failed to add CHN_COA_HUANENGJINGMEN5969_YICHANGXIAOTIN7619_WUHANETHYLENE7411_OA_CAPACITY SCALER_QINGS generator to AS-CHN-HU node, skipping...
ERROR [2024-08-14 17:13:37] [WARN] - Failed to add CHN_COA_CPIBAICHENGPO4983_HUANENGJIUTAI5971_HUNJIANGPOWER6169_SIPINGPOWERST7250 generator to AS-CHN-JI node, skipping...
ERROR [2024-08-14 17:13:38] [WARN] - Failed to add CHN_COA_LONGHUABAICHEN6586_LONGHUAYANJIP6587_JILINGUODIAN6335_DATANGCHANGSHA5180_DATANGH generator to AS-CHN-JI node, skipping...
ERROR [2024-08-14 17:13:38] [WARN] - Failed to add CHN_COA_SHUANGLIAOWEST7117_BAISHANHUNJI4900_CHANGCHUN3POW5047_ERDAOJIANGPOWE5307 generator to AS-CHN-JI node, skipping...
ERROR [2024-08-14 17:13:38] [WARN] - Failed to add CHN-JI_COA_CAPACITY SCALER_HUANENGCHANGCH5933_SONGHUAJIANGCO7253_SONGHUAJIANGPO7254_CHAN generator to AS-CHN-JI node, skipping...
ERROR [2024-08-14 17:13:40] [WARN] - Failed to add CHN_GAS_JINLING6402_SUZHOUGCLGA7266_QISHUYANGAS6890_ZHANGJIAGANG7805_HUANENGNANJING5985_ generator to AS-CHN-JS node, skipping...
ERROR [2024-08-14 17:13:44] [WARN] - Failed to add CHN_COA_HUANENGNANJING5986_HUAIANGUOXI5915_TIANSHENGGANPO7324_YANGZHOU1POWE7599_CHANGZHO generator to AS-CHN-JS node, skipping...
ERROR [2024-08-14 17:13:44] [WARN] - Failed to add CHN_COA_NANYACOGENPOW6698_JIANGSULEEMAN6274_JIANGYINCOGEN6310_YIXINGUNION7645_JIULONGPAP generator to AS-CHN-JS node, skipping...
ERROR [2024-08-14 17:13:44] [WARN] - Failed to add CHN_COA_GOLDHUASHENGM5471_JIANGYINXINGCH6312_UPMCHANGSHUPO7361_NANJINGMEISHAN6687_SUZHOU generator to AS-CHN-JS node, skipping...
ERROR [2024-08-14 17:13:44] [WARN] - Failed to add CHN_COA_JIANGSUZHENJIA6286_TAICANGGANGPOW7276_DATANGNANJING5213_HUANENGHUAIYIN5964_JIANG generator to AS-CHN-JS node, skipping...
ERROR [2024-08-14 17:13:44] [WARN] - Failed to add CHN_COA_FUNINGCOAL5390_XINYUANCOAL7545_PEIXIANCOAL6800_RUDONGCOAL6915_KUNSHANCOAL6463_SU generator to AS-CHN-JS node, skipping...
ERROR [2024-08-14 17:13:49] [WARN] - Failed to add CHN_COA_GUIXIPOWERSTA5553_CPIFENYIPOWER4988_GUODIANJIUJIAN5591_HUANENGJINGGAN5968 generator to AS-CHN-JX node, skipping...
ERROR [2024-08-14 17:13:52] [WARN] - Failed to add CHN_COA_GUODIANHUANGJI5583_OA_CAPACITY SCALER_HUANENGANYUAN5927_JINGDEZHENPOWE6375 generator to AS-CHN-JX node, skipping...
ERROR [2024-08-14 17:13:53] [WARN] - Failed to add CHN_COA_HUANENGYINGKOU6056_OA_CAPACITY SCALER_CPIQINGHEPOWE4993_DALIANTAISHAN5155_FUXINP generator to AS-CHN-LI node, skipping...
ERROR [2024-08-14 17:13:55] [WARN] - Failed to add CHN_COA_GUODIANSHENYAN5614_SUJIATUNJINSHA7259_DALIANETDCPOW5153_HUANENGDANDONG5939_HUANE generator to AS-CHN-LI node, skipping...
ERROR [2024-08-14 17:13:55] [WARN] - Failed to add CHN_COA_SUIZHONGPOWER7257_CHAOYANGYANSHA5066_DALIANGANJINGZ5154_DANDONGJINSHAN5160_DIAOB generator to AS-CHN-LI node, skipping...
ERROR [2024-08-14 17:14:05] [WARN] - Failed to add CHN_COA_FANGJIAZHUANGC5322_GUODIANDAWUKOU5577_HUINONGYINGL6111_NINGDONGMALIAN6715_NINGDO generator to AS-CHN-NI node, skipping...
ERROR [2024-08-14 17:14:06] [WARN] - Failed to add CHN-NI_COA_CAPACITY SCALER_SHENHUAYUANYAN7079_SHENHUALINGZHO7074_XIXIANINGXIAP7557_HUADI generator to AS-CHN-NI node, skipping...
ERROR [2024-08-14 17:14:27] [WARN] - Failed to add CHN_COA_FUXIPOWERSTAT5399_GUANGANPOWERS5487_HUADIANGONGXIA5850_HUAYINGSHANPOW6085_LUZHOU generator to AS-CHN-SC node, skipping...
ERROR [2024-08-14 17:14:33] [WARN] - Failed to add CHN_COA_ZHANGDIANPOWER7803_DONGYINGHUATAI5293_LINYIHUASHENG6560_CHIPINGXINFAP5093_NANSHA generator to AS-CHN-SD node, skipping...
ERROR [2024-08-14 17:14:33] [WARN] - Failed to add CHN_COA_TENGZHOUFUYUAN7296_WANJIEGAOKEBO7380_NANTUNMINEPOW6697_SHANDONGJINLIN6977_ZAOZHU generator to AS-CHN-SD node, skipping...
ERROR [2024-08-14 17:14:33] [WARN] - Failed to add CHN_COA_CHALCOSHANDONG4980_ZIBOHONGDAPOW7888_SHANDONGHAIHUA6972_SHOUGUANGJVNEN7112_TAIYA generator to AS-CHN-SD node, skipping...
ERROR [2024-08-14 17:14:33] [WARN] - Failed to add CHN_COA_DATANGBINZHOU5177_GUODIANTAIANP5618_TENGZHOUXINYUA7297_WEIQIAOZHANHUA7398_XINFAX generator to AS-CHN-SD node, skipping...
ERROR [2024-08-14 17:14:33] [WARN] - Failed to add CHN_COA_SHANDONGHUATAI6976_SHIHENG2POWER7097_YANZHOUMINEJI7608_HUANGTAIPOWER6077_CHIPING generator to AS-CHN-SD node, skipping...
ERROR [2024-08-14 17:14:38] [WARN] - Failed to add CHN_GAS_ZHABEIGAS7796_CHONGMINGGAS5097_CAOJINGGAS5011_SHANGHAICAOJIN6996_SHANGHAIHUAN699 generator to AS-CHN-SH node, skipping...
ERROR [2024-08-14 17:14:50] [WARN] - Failed to add CHN_COA_HUANGLINGWASTE6071_SHAANXIBEIYUAN6948_DATANGBINCHANG5176_SHENHUASHENMU7075 generator to AS-CHN-SI node, skipping...
ERROR [2024-08-14 17:14:50] [WARN] - Failed to add CHN_COA_HUADIANYAOCHI5907_SHENMUJIENENG7085_SHENMU2COAL7084_DATANGBAOJIPO5174_DATANGLUEY generator to AS-CHN-SI node, skipping...
ERROR [2024-08-14 17:14:50] [WARN] - Failed to add CHN_COA_YULINYANGGUANG7681_AOWEIQIANYUANC4884_QUNSHENGPOWER6896_WEINANFACTORY7394_XIANXI generator to AS-CHN-SI node, skipping...
ERROR [2024-08-14 17:14:50] [WARN] - Failed to add CHN-SI_COA_CAPACITY SCALER_GUODIANBAOJI25571_YULINSHANGHEP7680_BAQIAOPOWERST4931_PUCHENG generator to AS-CHN-SI node, skipping...
ERROR [2024-08-14 17:14:56] [WARN] - Failed to add CHN_GAS_SDICXIYANGHUA6943_YANGQUANNANMEI7591_SHAQUPHASE1C7051_JINCHENGCHENGZ6371 generator to AS-CHN-SX node, skipping...
ERROR [2024-08-14 17:14:56] [WARN] - Failed to add CHN_COA_CHANGZHIPOWER5063_SHANXIRUIGUANG7031_TONGMEIDATANG7346_WANGPINGPOWER7375_YOUYUPO generator to AS-CHN-SX node, skipping...
ERROR [2024-08-14 17:14:56] [WARN] - Failed to add CHN_COA_CHENGFENGCOGEN5079_XISHANCOGENPO7548_SHANXIYAOGUANG7038_ZHAOFENGALUMIN7821 generator to AS-CHN-SX node, skipping...
ERROR [2024-08-14 17:14:56] [WARN] - Failed to add CHN_COA_LIULIN1COAL6566_TONGMEITASHAN7347_ZHANGZECHANGZH7816_DATONGTASHAN5248_DATONGPOWE generator to AS-CHN-SX node, skipping...
ERROR [2024-08-14 17:14:57] [WARN] - Failed to add CHN_COA_HUANENGZUOQUAN6065_TAIYUAN2POWER7287_TAIYUAN1COAL7285_YANGQUAN2POWE7593_DATANGYU generator to AS-CHN-SX node, skipping...
ERROR [2024-08-14 17:15:14] [WARN] - Failed to add CHN_COA_BAOTOUEASTHOP4925_BULIANPOWERST4968_ZHUNGEERPOWER7881_HUANENGWUHAIH6040_FENGZHEN generator to AS-CHN-WM node, skipping...
ERROR [2024-08-14 17:15:14] [WARN] - Failed to add CHN_COA_HUANENGSHANGDU6003_DALATEPOWERST5151_DATANGTUOKETUO5233_ALASHANLEFTQI4859_BAOTOU generator to AS-CHN-WM node, skipping...
ERROR [2024-08-14 17:15:14] [WARN] - Failed to add CHN_COA_KANGBASHIPOWER6447_HUANENGBAOTOU5929_SHENHUAZHUNNEN7081_HUANENGBAOTOU5930_JUNZHE generator to AS-CHN-WM node, skipping...
ERROR [2024-08-14 17:15:14] [WARN] - Failed to add CHN_COA_BAOTOUWORKSPO4928_DONGYUANTECHP5294_HUANENGWUHAIC6039_ORDOSSHENDONG6788_SHENHUAW generator to AS-CHN-WM node, skipping...
ERROR [2024-08-14 17:15:17] [WARN] - Failed to add CHN_COA_CHANGJICOAL5049_TASHDIANPOWER7294_TIANFUWESTPOW7307_MANASPOWERSTA6642_SDICDANANH generator to AS-CHN-XI node, skipping...
ERROR [2024-08-14 17:15:17] [WARN] - Failed to add CHN_COA_SHENHUOZHUNDON7082_WUJIAQUPOWERS7418_GUODIANKUQAPO5594_EASTHOPEMETAL5303_SHENHUA generator to AS-CHN-XI node, skipping...
ERROR [2024-08-14 17:15:17] [WARN] - Failed to add CHN_COA_HAMI14COAL5686_URUMUQIHUANPEN7367_ILINANGANGKHO6175_KUITUN2POWER6459_TIANFUSHIHU generator to AS-CHN-XI node, skipping...
ERROR [2024-08-14 17:15:17] [WARN] - Failed to add CHN_COA_URUMQIPETROCHE7366_AKSUXUZHOUPOW4857_TIANLONGMINING7320_TIANFUEASTPOW7303 generator to AS-CHN-XI node, skipping...
ERROR [2024-08-14 17:15:17] [WARN] - Failed to add CHN_COA_HONGYANCHI1PO5825_HUADIANURUMQI5893_SDICYILIYININ6923_SHIHEZITIANHE7098_YIHUAWUC generator to AS-CHN-XI node, skipping...
ERROR [2024-08-14 17:15:24] [WARN] - Failed to add CHN_COA_DIANDONGPOWER5264_DIANDONGYUWANG5263_ENHONGCOAL5305_HUADIANZHENXIO5910_KAIYUANPO generator to AS-CHN-YU node, skipping...
ERROR [2024-08-14 17:15:25] [WARN] - Failed to add CHN_GAS_LINHAIMSWINCI6553_HUZHOUMUNICIPA6174_YONGKANGWASTE7655_YUHUANWASTEIN7673_ZHOUSHA generator to AS-CHN-ZH node, skipping...
ERROR [2024-08-14 17:15:31] [WARN] - Failed to add CHN_COA_HUARUNCANGNAN6080_ZHEJIANGTAIZHO7830_ZHENENGLIUHENG7840_ZHEJIANGZHENHA7836_NINGH generator to AS-CHN-ZH node, skipping...
ERROR [2024-08-14 17:15:31] [WARN] - Failed to add CHN_COA_NINGBOWORKSPO6711_GUOHUAZHOUSHAN5671_BANSHANCOAL4913_ZHEJIANGTAIZHO7829 generator to AS-CHN-ZH node, skipping...
ERROR [2024-08-14 17:15:31] [WARN] - Failed to add CHN_COA_HUANENGCHANGXI5934_SHAOXINGBINHAI7047_OA_CAPACITY SCALER_NINGBOBOXBOARD6710_ZHEN generator to AS-CHN-ZH node, skipping...
ERROR [2024-08-14 17:15:36] [WARN] - Failed to add IDN_GAS_PLTGUGRATI13029_PLTGUMUARAKAR13032_PLTGBELAWAN13004_PLTGUBELAWAN13027_NORTHDURIC generator to AS-IDN node, skipping...
ERROR [2024-08-14 17:15:36] [WARN] - Failed to add IDN_GAS_PLTGPESANGGARA13018_PLTGTELLO13023_PLTGUBEKASIPO13026_PLTGGILIMANUK13009_PLTGUSE generator to AS-IDN node, skipping...
ERROR [2024-08-14 17:15:36] [WARN] - Failed to add IDN_GAS_PLTGUTAMBAKLO13039_PLTGUMUARAKAR13033_PLTGUMUARATAW13036_CAPACITY SCALER_PLTGUPR generator to AS-IDN node, skipping...
ERROR [2024-08-14 17:15:36] [WARN] - Failed to add IDN_GAS_PLTGBTANJUNGB13025_PLTMGPULAUBUN13041_PLTMGTJ_JABUN13042_PLTGBSINGKAWAN13024_PLT generator to AS-IDN node, skipping...
ERROR [2024-08-14 17:15:36] [WARN] - Failed to add IDN_GAS_PLTGPRIOK13019_PLTGCILACAP13007_PLTGKERAMASAN13013_PLTGGRESIK13011_PLTGSUNYARAGI generator to AS-IDN node, skipping...
ERROR [2024-08-14 17:15:36] [WARN] - Failed to add IDN_COA_PLTUBILIBILI13050_PLTULISTRINDO13065_PLTUHENDRATNA13056_PLTUTANJUNGAL13084_PLTUL generator to AS-IDN node, skipping...
ERROR [2024-08-14 17:15:36] [WARN] - Failed to add IDN_COA_CELUKANBAWANG12962_AMAMAPAREPORT12950_LAMPUNGSEBALAN12990_PLTUKAUR13060_PLTUMUAR generator to AS-IDN node, skipping...
ERROR [2024-08-14 17:15:36] [WARN] - Failed to add IDN_COA_PLTUSIMPANGBE13077_PLTULABUHANAN13063_TANJUNGAWARAW13117_PLTUBANTEN313049_PLTUJA generator to AS-IDN node, skipping...
ERROR [2024-08-14 17:15:36] [WARN] - Failed to add IDN_COA_PLTUASAMASAM13045_PLTUTANJUNGEN13085_PLTUJABARSELA13057_PLTUTANJUNGJA13086_PLTUT generator to AS-IDN node, skipping...
ERROR [2024-08-14 17:15:36] [WARN] - Failed to add IDN_COA_PLTUTONASAII13092_PLTUPERAK13073_PLTUPRIOK313074_PLTUSULAWESIS13078_PLTUTANJUNGK generator to AS-IDN node, skipping...
ERROR [2024-08-14 17:15:37] [WARN] - Failed to add IDN_OIL_SILAE13109_PEMARONBOO13096_TELLO13119_PESANGGARANBOT13100_AMPENAN12951_BITUNGMEN generator to AS-IDN node, skipping...
ERROR [2024-08-14 17:15:42] [WARN] - Failed to add IDN_OIL_GUNUNGMALANG12972_TEGINENENG13118_MINAHASARENT12998_TENAUKUPANG13120_KENDARIRENT generator to AS-IDN node, skipping...
ERROR [2024-08-14 17:15:48] [WARN] - Failed to add IND_COA_BARAUNI12145_TITAGARH12856_BUDGEBUDGE12191_DURGAPURSTEEL12272_KODERMA12426_MEJIA generator to AS-IND-EA node, skipping...
ERROR [2024-08-14 17:15:48] [WARN] - Failed to add IND_COA_BAKRESWAR12131_KAMALANGA12398_MAITHONRBTPP12525_BARHSTPPII12147_SAGARDIGHITPP127 generator to AS-IND-EA node, skipping...
ERROR [2024-08-14 17:15:48] [WARN] - Failed to add IND_COA_KAHALGAON12387_DERANG12251_FARAKKASTPS12289_HALDIA12332_RAGHUNATHPURTP12684_STER generator to AS-IND-EA node, skipping...
ERROR [2024-08-14 17:15:48] [WARN] - Failed to add IND_COA_MUZAFFARPUR12564_BOKAROB12186_CHANDRAPURA12226_DURGAPUR12271_I_B_VALLEY12350_TEN generator to AS-IND-EA node, skipping...
ERROR [2024-08-14 17:15:57] [WARN] - Failed to add IND_COA_JALLIPPAKAPURD12367_CHHABRATPS12231_RAJPURATPP12694_LALITPURTPP12492_TALWANDISAB generator to AS-IND-NO node, skipping...
ERROR [2024-08-14 17:15:57] [WARN] - Failed to add IND_COA_BAMANIACEMENT12134_NITINPLANT12603_RABRIYAWASCEME12682_BANSWARACEMENT12142_LAKHE generator to AS-IND-NO node, skipping...
ERROR [2024-08-14 17:15:57] [WARN] - Failed to add IND_COA_GHTPLEH_MOH_12308_PANIPAT12633_CHANDERIASMELT12223_BADARPUR12127_KOTA12444_BARSI generator to AS-IND-NO node, skipping...
ERROR [2024-08-14 17:15:57] [WARN] - Failed to add IND_COA_RAJPURADARIBA12693_H_GANJB12347_GANDHINAGAR12299_PANKI12634_GNDTPBHATINDA12313_T generator to AS-IND-NO node, skipping...
ERROR [2024-08-14 17:15:57] [WARN] - Failed to add IND_COA_JAYKAYPURAMPLA12368_BINANICEMENTP12181_ZAWARMINES12948_BARKHERATPP12148_KHAMBERK generator to AS-IND-NO node, skipping...
ERROR [2024-08-14 17:16:06] [WARN] - Failed to add IND_GAS_PEDDAPURAMCCGT12647_TANIRBAVI12838_JEGURUPADUGT12372_KONASEEMACCCP12434_GAUTAMIC generator to AS-IND-SO node, skipping...
ERROR [2024-08-14 17:16:06] [WARN] - Failed to add IND_GAS_P_NALLURCCGT12625_KAYAMKULAMGT12412_KONDAPALLIGT12435_GRELCCPPRAJA12317_VEMAGIRI generator to AS-IND-SO node, skipping...
ERROR [2024-08-14 17:16:08] [WARN] - Failed to add IND_COA_TUTICORIN12867_PAINAMPURAM12627_DAMODARAMSANJE12246_KAKATIYATPP12389_RAYALSEEMA1 generator to AS-IND-SO node, skipping...
ERROR [2024-08-14 17:16:08] [WARN] - Failed to add IND_COA_DANAPURBMM12247_KALLURGRINDING12396_RAICHURSTEEL12686_RAJASHREECEMEN12689_BHADRA generator to AS-IND-SO node, skipping...
ERROR [2024-08-14 17:16:08] [WARN] - Failed to add IND_COA_NEYVELIFSTEXT12595_NORTHCHENNAI12606_K_GUDEM12464_K_GUDEMNEW12465_NEYVELITPSEXP1 generator to AS-IND-SO node, skipping...
ERROR [2024-08-14 17:16:08] [WARN] - Failed to add IND_COA_MUDHOLCEMENT12553_VASAVADATTACEM12917_GULBARGACEMENT12318_R_GUNDEMB12717_WADICEM generator to AS-IND-SO node, skipping...
ERROR [2024-08-14 17:16:09] [WARN] - Failed to add IND_BIO_BELLADBAGEWADI12156_KOLLEGALSUGAR12433_KUNDARGIMILL12455_KCSFSANGUR12413 generator to AS-IND-SO node, skipping...
ERROR [2024-08-14 17:16:09] [WARN] - Failed to add IND_BIO_DUGGAVATHIMILL12268_SHRIMALAPRABHA12772_BELGAUMUGAR12155_ATHANISUGAR12109_COREGR generator to AS-IND-SO node, skipping...
ERROR [2024-08-14 17:16:11] [WARN] - Failed to add IND_BIO_HIRIYURBIOMASS12341_HAVALGASUGAR12336_KMDODDISUGAR12423_KOPPASUGAR12437_SANKESHW generator to AS-IND-SO node, skipping...
