INFO [2024-08-21 08:49:17] [MAIN] - Creating Deane_testAmericas__2024_08_21_08_49_17 study...

INFO [2024-08-21 08:49:17] [MAIN] - Unit commitment mode : ACCURATE
INFO [2024-08-21 08:49:17] [MAIN] - Adding nodes...

INFO [2024-08-21 08:49:19] [NODES] - Adding EU-DEU node...
INFO [2024-08-21 08:49:19] [MAIN] - Done adding nodes! (run time : 2.11s).

INFO [2024-08-21 08:49:19] [MAIN] - Adding districts...

INFO [2024-08-21 08:49:20] [DISTRICTS] - Creating europe continental district...
INFO [2024-08-21 08:49:20] [DISTRICTS] - Done creating europe continental district!
INFO [2024-08-21 08:49:20] [MAIN] - Done adding districts! (run time : 0.6s).

INFO [2024-08-21 08:49:20] [MAIN] - Adding load data...

INFO [2024-08-21 08:49:21] [LOAD] - Adding EU-DEU load data...
INFO [2024-08-21 08:49:21] [MAIN] - Done adding load data! (run time : 1.09s).

INFO [2024-08-21 08:49:21] [MAIN] - Fetching wind data...

INFO [2024-08-21 08:49:21] [WIND] - Adding EU-DEU aggregated wind data...
INFO [2024-08-21 08:49:21] [MAIN] - Done adding wind data! (run time : 0.15s).

INFO [2024-08-21 08:49:21] [MAIN] - Fetching solar data...

INFO [2024-08-21 08:49:21] [SOLAR] - Adding EU-DEU aggregated solar data...
INFO [2024-08-21 08:49:22] [MAIN] - Done adding solar data! (run time : 0.15s).

INFO [2024-08-21 08:49:22] [MAIN] - Beginning hydro implementation...
INFO [2024-08-21 08:49:23] [HYDRO] - Initializing EU-DEU hydro parameters...
INFO [2024-08-21 08:49:23] [HYDRO] - Adding EU-DEU max power timeseries...
INFO [2024-08-21 08:49:24] [HYDRO] - Adding EU-DEU hydro profiles...
INFO [2024-08-21 08:49:24] [MAIN] - Done adding hydro!
INFO [2024-08-21 08:49:24] [MAIN] - Fetching thermal data...
INFO [2024-08-21 08:49:27] [MAIN] - Aggregating identical generators...
INFO [2024-08-21 08:49:27] [MAIN] - Running 15-clustering algorithm on generators...
INFO [2024-08-21 08:49:28] [MAIN] - Done running 15-clustering algorithm on generators!

INFO [2024-08-21 08:49:28] [THERMAL] - Adding DEU_GAS_GUDHKWNEUBRAN11179_GUDBAUNATALV11170_SDDT111723_HKWB generator to EU-DEU node...
INFO [2024-08-21 08:49:28] [THERMAL] - Adding DEU_GAS_HEIZKRAFTWERKL11273_DOWSTADE11047_DAMPFKRAFTWERK1102 generator to EU-DEU node...
INFO [2024-08-21 08:49:28] [THERMAL] - Adding DEU_GAS_GUDSCHWARZHEID11175_HEIZKRAFTWERKE11283_HKWNIEDERRAD generator to EU-DEU node...
INFO [2024-08-21 08:49:28] [THERMAL] - Adding DEU_GAS_DORMAGEN11044_NATURALGASBLOC11508_THYROW11738_HUCKIN generator to EU-DEU node...
INFO [2024-08-21 08:49:28] [THERMAL] - Adding DEU_GAS_RAGANTHRAZITI11596_EVCGLOBALFOU11064_KRAFTWERK211393 generator to EU-DEU node...
INFO [2024-08-21 08:49:28] [THERMAL] - Adding DEU_GAS_INDUSTRIEPARKW11335_EMDENNATURALG11086_KOMBIHKW11388 generator to EU-DEU node...
INFO [2024-08-21 08:49:28] [THERMAL] - Adding DEU_GAS_KESSEL211371_ERWEITERUNGENE11099_BHKWANKLINKER10911_ generator to EU-DEU node...
INFO [2024-08-21 08:49:28] [THERMAL] - Adding DEU_GAS_GERSTEINWERK11141_GEMEINSCHAFTSKR11138_RHEINHAFENDAM generator to EU-DEU node...
INFO [2024-08-21 08:49:28] [THERMAL] - Adding DEU_GAS_GTKWDARMSTADT11128_HEIZKRAFTWERKK11271_HEIZKRAFTWERK generator to EU-DEU node...
INFO [2024-08-21 08:49:28] [THERMAL] - Adding DEU_GAS_GUDBITTERFELD11171_GUDMARIENEHE11174_HKWMERKENICH112 generator to EU-DEU node...
INFO [2024-08-21 08:49:28] [THERMAL] - Adding DEU_GAS_EMSLAND11088_CAPACITYSCALER_DUISBURGHAMBOR11049_KRAF generator to EU-DEU node...
INFO [2024-08-21 08:49:28] [THERMAL] - Adding DEU_GAS_FSKARTON11105_HKWGTTINGEN11207_NATURALGASTUR11504_SI generator to EU-DEU node...
INFO [2024-08-21 08:49:29] [THERMAL] - Adding DEU_GAS_KWKIRCHLENGERN11345_HKWNIEHL211221_LICHTERFELDE11438 generator to EU-DEU node...
INFO [2024-08-21 08:49:29] [THERMAL] - Adding DEU_GAS_HEIZKRAFTWERKG11267_AHRENSFELDE10881_HKWSANDREUTH112 generator to EU-DEU node...
INFO [2024-08-21 08:49:29] [THERMAL] - Adding DEU_GAS_KRAFTWERKMITTE11405_HKWHALLETROTH11208_HKWDRESDENNOS generator to EU-DEU node...
INFO [2024-08-21 08:49:29] [THERMAL] - Adding DEU_COA_KWM11360_SCHOLVENPOWER11669_LNENPOWERST11449_BERGKAM generator to EU-DEU node...
INFO [2024-08-21 08:49:29] [THERMAL] - Adding DEU_COA_HEIZKRAFTWERK311260_KWWEST11350_HAFENPOWERSTA11244_W generator to EU-DEU node...
INFO [2024-08-21 08:49:29] [THERMAL] - Adding DEU_COA_TRIANELKOHLEKR11742_WILHELMSHAVENP11817_ALTBACHPOWER generator to EU-DEU node...
INFO [2024-08-21 08:49:29] [THERMAL] - Adding DEU_COA_HKWERLANGENC11203_COALPLANT111015_COALPLANT211016_EZ generator to EU-DEU node...
INFO [2024-08-21 08:49:29] [THERMAL] - Adding DEU_COA_BUERPOWERSTAT11001_COTTBUSCHPPOW11019_COLOGNEMERKENI generator to EU-DEU node...
INFO [2024-08-21 08:49:29] [THERMAL] - Adding DEU_COA_GKHHANNOVERPO11123_KWVOERDE11348_JANSCHWALDEPOW11338 generator to EU-DEU node...
INFO [2024-08-21 08:49:29] [THERMAL] - Adding DEU_COA_CHEMIEPARKMARL11011_HKWWEST11233 generator to EU-DEU node...
INFO [2024-08-21 08:49:30] [THERMAL] - Adding DEU_COA_KESSEL411372_KRAFTWERK11391_HKWKARCHERSTR_11214_KOHL generator to EU-DEU node...
INFO [2024-08-21 08:49:30] [THERMAL] - Adding DEU_COA_KRAFTWERKN23011406_WACHTBERGPOWER11777_HASTEDTPOWERS generator to EU-DEU node...
INFO [2024-08-21 08:49:30] [THERMAL] - Adding DEU_COA_HEIZKRAFTWERKF11266_DESSAUPOWERST11037_GRUBENHEIZKRA generator to EU-DEU node...
INFO [2024-08-21 08:49:30] [THERMAL] - Adding DEU_COA_TIEFSTACKPOWER11739_FLENSBURGPOWER11111_KRAFTWERKENS generator to EU-DEU node...
INFO [2024-08-21 08:49:30] [THERMAL] - Adding DEU_COA_WUPPERTALELBER11838_DEUBENPOWERST11040_BERLINMOABITP generator to EU-DEU node...
INFO [2024-08-21 08:49:30] [THERMAL] - Adding DEU_COA_HEIZKRAFTWERKD11281_PLWERKJLIC11558_KRAFTWERKL571140 generator to EU-DEU node...
INFO [2024-08-21 08:49:30] [THERMAL] - Adding DEU_COA_KRAFTWERKWERDO11414_STUTTGARTMUENS11720_KIELPOWERSTA generator to EU-DEU node...
INFO [2024-08-21 08:49:31] [THERMAL] - Adding DEU_COA_BRAUNKOHLEKRAFT10993_HEYDENPOWERST11292_LIPPENDORFPO generator to EU-DEU node...
INFO [2024-08-21 08:49:31] [THERMAL] - Adding DEU_BIO_BIOMASSGENERAT10961_DT11026_MLLKRAFTWERK11494 generator to EU-DEU node...
INFO [2024-08-21 08:49:31] [THERMAL] - Adding DEU_WAS_MHKWROTHENSEE11457_SCAMANNHEIM11648_GMVANIEDERRHEI11 generator to EU-DEU node...
INFO [2024-08-21 08:49:31] [THERMAL] - Adding DEU_BIO_ZELLSTOFFSTEND11847_ZOLLINGPOWERS11851_CAPACITYSCALE generator to EU-DEU node...
INFO [2024-08-21 08:49:31] [THERMAL] - Adding DEU_BIO_BLOCKHEIZKRAFTW10981_ZWSF11844 generator to EU-DEU node...
INFO [2024-08-21 08:49:31] [THERMAL] - Adding DEU_WAS_DAMPFTURBINENAN11028_REUTERWASTEFA11615 generator to EU-DEU node...
INFO [2024-08-21 08:49:32] [THERMAL] - Adding DEU_BIO_WIBIEBRICH11814_ENERTECHAMELN11093_EBKWKNAPSACK11055 generator to EU-DEU node...
INFO [2024-08-21 08:49:32] [THERMAL] - Adding DEU_WAS_MHKW11451_HKWMANNHEIM11216_RMVAKLN11598 generator to EU-DEU node...
INFO [2024-08-21 08:49:32] [THERMAL] - Adding DEU_WAS_BIOMASSGENERAT10951_MHKWWKW11452_BIOMASSEHEIZKR10970 generator to EU-DEU node...
INFO [2024-08-21 08:49:32] [THERMAL] - Adding DEU_WAS_KARNAP11365_TRVBUSCHHAUS11728_BIOMASSGENERAT10955 generator to EU-DEU node...
INFO [2024-08-21 08:49:32] [THERMAL] - Adding DEU_WAS_EEWENERGYFROM11059_EEWGRORSCH11060_TURBOSATZ111747_G generator to EU-DEU node...
INFO [2024-08-21 08:49:32] [THERMAL] - Adding DEU_BIO_BIOMASSGENERAT10953_FHKWLUDWIGSHAF11103_KRAFTWERKSCH generator to EU-DEU node...
INFO [2024-08-21 08:49:32] [THERMAL] - Adding DEU_WAS_MHKWFRANKFURT11454_STORAENSOMAXA11716 generator to EU-DEU node...
INFO [2024-08-21 08:49:33] [THERMAL] - Adding DEU_WAS_SITAABFALLVERW11649_MVAINGOLSTADT11462 generator to EU-DEU node...
INFO [2024-08-21 08:49:33] [THERMAL] - Adding DEU_BIO_BIOENERGIEPARK10946_BIOMASSEHEIZKRA10972_BIOMASSEKRA generator to EU-DEU node...
INFO [2024-08-21 08:49:33] [THERMAL] - Adding DEU_BIO_BIOHKWI10947_BIOMASSGENERAT10948_BIOMASSGENERAT10959 generator to EU-DEU node...
INFO [2024-08-21 08:49:33] [THERMAL] - Adding DEU_NUC_GROHNDE11162 generator to EU-DEU node...
INFO [2024-08-21 08:49:34] [THERMAL] - Adding DEU_NUC_NECKARWESTHEIM11499 generator to EU-DEU node...
INFO [2024-08-21 08:49:34] [THERMAL] - Adding DEU_NUC_EMSLAND11062 generator to EU-DEU node...
INFO [2024-08-21 08:49:34] [THERMAL] - Adding DEU_NUC_PHILIPPSBURG211562 generator to EU-DEU node...
INFO [2024-08-21 08:49:34] [THERMAL] - Adding DEU_NUC_BROKDORF10922 generator to EU-DEU node...
INFO [2024-08-21 08:49:34] [THERMAL] - Adding DEU_NUC_ISAR211322 generator to EU-DEU node...
INFO [2024-08-21 08:49:34] [THERMAL] - Adding DEU_NUC_KERNKRAFTGUNDR11370 generator to EU-DEU node...
INFO [2024-08-21 08:49:35] [THERMAL] - Adding DEU_OIL_KRAFTWERK11392_MIRO11477 generator to EU-DEU node...
INFO [2024-08-21 08:49:35] [THERMAL] - Adding DEU_OIL_SKWNATURALGAS11651_KRAFTWERKFULDA11397 generator to EU-DEU node...
INFO [2024-08-21 08:49:35] [THERMAL] - Adding DEU_OIL_BRUNSBTTEL11000 generator to EU-DEU node...
INFO [2024-08-21 08:49:35] [THERMAL] - Adding DEU_OIL_WILHELMSHAVEN11816_SPITZENLASTANLA11702 generator to EU-DEU node...
INFO [2024-08-21 08:49:35] [THERMAL] - Adding DEU_OIL_MOABITOIL11482 generator to EU-DEU node...
INFO [2024-08-21 08:49:35] [THERMAL] - Adding DEU_OIL_WILMERSDORF11818 generator to EU-DEU node...
INFO [2024-08-21 08:49:36] [THERMAL] - Adding DEU_OIL_DKWLEINAU11024_DKWNORD11025_SKWDIESEL11650_SPITZENLA generator to EU-DEU node...
