ERROR [2024-08-14 16:41:50] [WARN] - Skipped adding wind data for EU-ALB (no generators found in PLEXOS).
ERROR [2024-08-14 16:41:50] [WARN] - Skipped adding wind data for EU-ARM (no generators found in PLEXOS).
ERROR [2024-08-14 16:41:51] [WARN] - Skipped adding wind data for EU-AZE (no generators found in PLEXOS).
ERROR [2024-08-14 16:41:51] [WARN] - Skipped adding wind data for EU-BIH (no generators found in PLEXOS).
ERROR [2024-08-14 16:41:51] [WARN] - Skipped adding wind data for EU-BLR (no generators found in PLEXOS).
ERROR [2024-08-14 16:41:54] [WARN] - Skipped adding wind data for EU-GEO (no generators found in PLEXOS).
ERROR [2024-08-14 16:41:56] [WARN] - Skipped adding wind data for EU-ISL (no generators found in PLEXOS).
ERROR [2024-08-14 16:41:56] [WARN] - Skipped adding wind data for EU-KOS (no generators found in PLEXOS).
ERROR [2024-08-14 16:41:57] [WARN] - Skipped adding wind data for EU-MDA (no generators found in PLEXOS).
ERROR [2024-08-14 16:41:57] [WARN] - Skipped adding wind data for EU-MKD (no generators found in PLEXOS).
ERROR [2024-08-14 16:41:57] [WARN] - Skipped adding wind data for EU-MNE (no generators found in PLEXOS).
ERROR [2024-08-14 16:41:59] [WARN] - Skipped adding wind data for EU-SRB (no generators found in PLEXOS).
ERROR [2024-08-14 16:41:59] [WARN] - Skipped adding wind data for EU-SVK (no generators found in PLEXOS).
ERROR [2024-08-14 16:41:59] [WARN] - Skipped adding wind data for EU-SVN (no generators found in PLEXOS).
ERROR [2024-08-14 16:41:59] [WARN] - Skipped adding solar data for EU-ALB (no generators found in PLEXOS).
ERROR [2024-08-14 16:41:59] [WARN] - Skipped adding solar data for EU-ARM (no generators found in PLEXOS).
ERROR [2024-08-14 16:42:01] [WARN] - Skipped adding solar data for EU-BIH (no generators found in PLEXOS).
ERROR [2024-08-14 16:42:01] [WARN] - Skipped adding solar data for EU-BLR (no generators found in PLEXOS).
ERROR [2024-08-14 16:42:03] [WARN] - Skipped adding solar data for EU-EST (no generators found in PLEXOS).
ERROR [2024-08-14 16:42:04] [WARN] - Skipped adding solar data for EU-GEO (no generators found in PLEXOS).
ERROR [2024-08-14 16:42:05] [WARN] - Skipped adding solar data for EU-IRL (no generators found in PLEXOS).
ERROR [2024-08-14 16:42:05] [WARN] - Skipped adding solar data for EU-ISL (no generators found in PLEXOS).
ERROR [2024-08-14 16:42:05] [WARN] - Skipped adding solar data for EU-KOS (no generators found in PLEXOS).
ERROR [2024-08-14 16:42:06] [WARN] - Skipped adding solar data for EU-LVA (no generators found in PLEXOS).
ERROR [2024-08-14 16:42:06] [WARN] - Skipped adding solar data for EU-MDA (no generators found in PLEXOS).
ERROR [2024-08-14 16:42:06] [WARN] - Skipped adding solar data for EU-MNE (no generators found in PLEXOS).
ERROR [2024-08-14 16:44:17] [WARN] - Failed to add BEL_GAS_ZEEBRUGGE2FLU988_AALSTSYRALGT931_ZWIJNDRECHTLAN992_DROGENBOSGT0945_HAMGENTWKK950 generator to EU-BEL node, skipping...
ERROR [2024-08-14 16:44:17] [WARN] - Failed to add BEL_GAS_MARCINELLEENER968_TPOWERBERINGE978_AMERCOEUR1RT933_DROGENBOSTGV946_HERDERSBRUGST generator to EU-BEL node, skipping...
ERROR [2024-08-14 16:44:22] [WARN] - Failed to add BEL_OIL_AALTERTJ928_BUDATJ936_CIERREUXTJ941_DEUXACRENTJ947_NOORDSCHOTETJ969_ZEDELGEMTJ98 generator to EU-BEL node, skipping...
ERROR [2024-08-14 16:44:28] [WARN] - Failed to add BLR_GAS_CAPACITY SCALER_MINSK4CHPCCG919_MOGILEVCHP2T921_LUKOMLTHERMAL917_BEREZASDPPTHE91 generator to EU-BLR node, skipping...
ERROR [2024-08-14 16:44:38] [WARN] - Failed to add CZE_COA_ZLINPOWERSTAT8415_PLZENSKAENERGE8255_SKOENERGOPOWE8311_BRNOPOWERSTAT8018_HODONIN generator to EU-CZE node, skipping...
ERROR [2024-08-14 16:44:38] [WARN] - Failed to add CZE_COA_MELNIKPOWERST8201_POCERADYPOWER8259_DETMAROVICEPOW8061_TUSIMICEPOWER8361_CHVALET generator to EU-CZE node, skipping...
ERROR [2024-08-14 16:44:38] [WARN] - Failed to add CZE_COA_TREBOVICEPOWER8355_OPATOVICEPOWER8238_KLADNO8132_KOMORANYPOWER8139_LEDVICEPOWERS generator to EU-CZE node, skipping...
ERROR [2024-08-14 16:44:38] [WARN] - Failed to add CZE_COA_PLZENSKATEPALR8254_STETIMONDIPOW8323_TRMICE8357_MALESICEPOWER8195_PORICIPOWERST8 generator to EU-CZE node, skipping...
ERROR [2024-08-14 16:44:40] [WARN] - Failed to add DEU_GAS_DORMAGEN11044_NATURALGASBLOC11508_THYROW11738_HUCKINGEN11302_KNAPSACKNATURA11383 generator to EU-DEU node, skipping...
ERROR [2024-08-14 16:44:40] [WARN] - Failed to add DEU_GAS_KESSEL211371_ERWEITERUNGENE11099_BHKWANKLINKER10911_BHKWHAUFFSTRA10912_HEIZKRAFT generator to EU-DEU node, skipping...
ERROR [2024-08-14 16:44:40] [WARN] - Failed to add DEU_GAS_GUDSCHWARZHEID11175_HEIZKRAFTWERKE11283_HKWNIEDERRAD11220_GUDTIEFSTACK11176_SDDT generator to EU-DEU node, skipping...
ERROR [2024-08-14 16:44:40] [WARN] - Failed to add DEU_GAS_HEIZKRAFTWERKA11263_HKW3UPMSCHONG11242_BPWERKLINGEN10921_INDUSTRIEKRAFTW11331_GU generator to EU-DEU node, skipping...
ERROR [2024-08-14 16:44:40] [WARN] - Failed to add DEU_GAS_KWKIRCHLENGERN11345_HKWNIEHL211221_LICHTERFELDE11438_KRAFTWERKMAINZ11403_NATURAL generator to EU-DEU node, skipping...
ERROR [2024-08-14 16:44:40] [WARN] - Failed to add DEU_COA_KESSEL411372_KRAFTWERK11391_HKWKARCHERSTR_11214_KOHLEKRAFTWERK11387_FORTUNANORD1 generator to EU-DEU node, skipping...
ERROR [2024-08-14 16:44:40] [WARN] - Failed to add DEU_COA_CHEMIEPARKMARL11011_HKWWEST11233_KRAFTWERKWERDO11414_STUTTGARTMUENS11720_KIELPOW generator to EU-DEU node, skipping...
ERROR [2024-08-14 16:44:40] [WARN] - Failed to add DEU_COA_HKWNORD11222_BUERPOWERSTAT11001_COTTBUSCHPPOW11019_COLOGNEMERKENI11018_INDUSTRIE generator to EU-DEU node, skipping...
ERROR [2024-08-14 16:44:40] [WARN] - Failed to add DEU_COA_WESTFALEN11811_IBBENBRENBP11323_HAMBURGMOORBUR11247_WALHEIMPOWERS11787_GKHHANNOV generator to EU-DEU node, skipping...
ERROR [2024-08-14 16:44:40] [WARN] - Failed to add DEU_COA_HEIZKRAFTWERK311260_KWWEST11350_HAFENPOWERSTA11244_WEIHER11796_KWM11360_SCHOLVEN generator to EU-DEU node, skipping...
ERROR [2024-08-14 16:44:40] [WARN] - Failed to add DEU_BIO_BLOCKHEIZKRAFTW10981_ZWSF11844_BIOMASSGENERAT10951_MHKWWKW11452_AVAGMBH10875_MLL generator to EU-DEU node, skipping...
ERROR [2024-08-14 16:44:40] [WARN] - Failed to add DEU_WAS_DT11026_MLLKRAFTWERK11494_BIOMASSGENERAT10961_MHKWROTHENSEE11457_SCAMANNHEIM1164 generator to EU-DEU node, skipping...
ERROR [2024-08-14 16:44:40] [WARN] - Failed to add DEU_WAS_EVE11065_MHKWPIRMASENS11456_MLLHEIZKRAFTW11491_MVAHAMM11461_BMHKWBINDERHOL10914_ generator to EU-DEU node, skipping...
ERROR [2024-08-14 16:44:40] [WARN] - Failed to add DEU_WAS_FHKWLUDWIGSHAF11103_BIOMASSGENERAT10953_KRAFTWERKSCHWE11410_IKWRDERSDORF11318_ML generator to EU-DEU node, skipping...
ERROR [2024-08-14 16:44:43] [WARN] - Failed to add DEU_OIL_DKWLEINAU11024_DKWNORD11025_SKWDIESEL11650_SPITZENLASTKRAF11704_SKWNATURALGAS116 generator to EU-DEU node, skipping...
ERROR [2024-08-14 16:44:45] [WARN] - Failed to add DEU_OIL_RAFFINERIEKRAFT11602_AUDORF10902_ITZEHOE11337_KRAFTWERKHAUSH11399_RAFFINERIEKRAF generator to EU-DEU node, skipping...
ERROR [2024-08-14 16:44:46] [WARN] - Failed to add DEU_OTH_ILKEKT11319_BIOMASSGENERAT10952_HKWWEST11236_DKKRAFTWERK11023_EBSHEIZKRAFTWE1105 generator to EU-DEU node, skipping...
ERROR [2024-08-14 16:44:57] [WARN] - Failed to add ESP_GAS_MALA1CTCCMAL17031_CTCCCASTEJON16935_CASTRESORERTG16895_ESCATRON16962_TARRAGONA17 generator to EU-ESP node, skipping...
ERROR [2024-08-14 16:44:57] [WARN] - Failed to add ESP_GAS_BESOSGRUPO516875_BAHIADEALGECI16867_ACECAGRUPO416840_CAPACITY SCALER_PALOSDELAFR generator to EU-ESP node, skipping...
ERROR [2024-08-14 16:44:57] [WARN] - Failed to add ESP_GAS_FERTIMOLINA16967_NUFRI17050_SALINASBRASDE17395_TIOXIDEEUROPE17433_GENSABON16975_ generator to EU-ESP node, skipping...
ERROR [2024-08-14 16:44:57] [WARN] - Failed to add ESP_GAS_MICHELINARANDA17039_TORTOSAENERGIA17437_MICHELINVALLAD17040_NEUMATICOSMICH17049_ generator to EU-ESP node, skipping...
ERROR [2024-08-14 16:44:58] [WARN] - Failed to add ESP_COA_TERUELGR317432_ALCUDIA1GRUP16847_NARCEAGRUPO317048_MEIRAMAGRUPO117035_LITORALDEA generator to EU-ESP node, skipping...
ERROR [2024-08-14 16:44:59] [WARN] - Failed to add ESP_WAS_VERTEDERODELG17446_ADSJUNEDA216841_HORTAMEDIOAMB16987_PLANTADDPGUAR17361_PROCESO generator to EU-ESP node, skipping...
ERROR [2024-08-14 16:45:03] [WARN] - Failed to add ESP_OIL_CEUTA9G916910_LASSALINAS917015_ENERGYWORKSCAR16958_VETEJAR17447_CGNUFRI116911_EN generator to EU-ESP node, skipping...
ERROR [2024-08-14 16:45:03] [WARN] - Failed to add ESP_OIL_CANDELARIA9V16892_PUNTAGRANDE1917384_MAHON10BURME17028_BARRANCODETIR16871_GRANAD generator to EU-ESP node, skipping...
ERROR [2024-08-14 16:45:03] [WARN] - Failed to add ESP_OIL_COGENERACIONRE16920_ARONA1GAS116859_GUIADEISORAG16982_MELILLA1317036_CEUTAGRUPO1 generator to EU-ESP node, skipping...
ERROR [2024-08-14 16:45:07] [WARN] - Failed to add FIN_GAS_HAAPAVESI8648_KERAVA8693_KONEHARJUKT8705_IKAALINEN8664_TAKOT2JAT58795_LAPPEENRAN generator to EU-FIN node, skipping...
ERROR [2024-08-14 16:45:10] [WARN] - Failed to add FIN_BIO_PIETARSAARIWI8760_HAAPANIEMI8646_LAPPEENRANTAK8717_HAAPAVESI8647_TOPPILA1JA28801 generator to EU-FIN node, skipping...
ERROR [2024-08-14 16:45:11] [WARN] - Failed to add FIN_BIO_PURSIALA28769_LAPPEENRANTATG8718_KOTKA8708_RAUMA8772_KEMI8691_RAUMA8773_KUUSANKO generator to EU-FIN node, skipping...
ERROR [2024-08-14 16:45:11] [WARN] - Failed to add FIN_BIO_SALO8779_HEINOLAVP8655_KAUTTUA8686_KERAVA8694_KOKKOLA8701_KUOPIOSAVONS8711_KAIPO generator to EU-FIN node, skipping...
ERROR [2024-08-14 16:45:11] [WARN] - Failed to add FIN_BIO_SOTKAMO8787_JOENSUU8670_HEINOLA8654_KUUSAMO8714_YLIVIESKA8822_TOLKKINEN18800_RIS generator to EU-FIN node, skipping...
ERROR [2024-08-14 16:45:20] [WARN] - Failed to add FRA_BIO_SAINTJEANDEF10422_LEPLESSISGASS9757_CLERMONTFERRAN9251_STRASBOURG10631_VERTLEGRA generator to EU-FRA node, skipping...
ERROR [2024-08-14 16:45:20] [WARN] - Failed to add FRA_BIO_MONTECH9977_NOYELLESSOUSL10067_VILLEFRANCHESU10775_ARQUES8899_BOUROGNE9059_CHANG generator to EU-FRA node, skipping...
ERROR [2024-08-14 16:45:20] [WARN] - Failed to add FRA_BIO_ALLEMANT8850_AMANVILLERS8862_AUCH8917_BIMONT9017_BORDEAUX9040_CALAIS9126_CHAGNY9 generator to EU-FRA node, skipping...
ERROR [2024-08-14 16:45:20] [WARN] - Failed to add FRA_NUC_CHINON9109_BLAYAIS8945_CRUAS9118_TRICASTIN110646_BELLEVILLE8944_GOLFECH9466_NOGE generator to EU-FRA node, skipping...
ERROR [2024-08-14 16:45:26] [WARN] - Failed to add GBR_GAS_BALLYLUMFORDB18447_COWES18886_KILROOTOCGT19533_TAYLORSLANEG20528_GLANFORDBRIGG19 generator to EU-GBR node, skipping...
ERROR [2024-08-14 16:45:26] [WARN] - Failed to add GBR_GAS_BARRY18468_PETERBOROUGH20120_DEESIDE18969_BAGLANBAYCCGT18431_DAMHEADCREEK18950_B generator to EU-GBR node, skipping...
ERROR [2024-08-14 16:45:27] [WARN] - Failed to add GBR_GAS_CHIPPENHAM18798_LITTLEBARFORD19712_KEADBYGT19505_SELCHPERF20288_BAGLANBAYOCGT184 generator to EU-GBR node, skipping...
ERROR [2024-08-14 16:45:27] [WARN] - Failed to add GBR_GAS_SOUTHHUMBERBA20409_WESTBURTONCCG20714_CONNAHSQUAY18852_MEDWAY19865_STAYTHORPEC20 generator to EU-GBR node, skipping...
ERROR [2024-08-14 16:45:30] [WARN] - Failed to add GBR_WAS_SEVERNSIDEENER20339_BLACKBURNMEADO18555_ARDWICKRAILWAY18381_ABERTHAWPOWER18332_L generator to EU-GBR node, skipping...
ERROR [2024-08-14 16:45:31] [WARN] - Failed to add GBR_BIO_SPEYSIDEBIOMAS20429_WESTFIELDBIOMA20742_DUNBARPOWERPL19017_PITSEATIPP20133_PORTS generator to EU-GBR node, skipping...
ERROR [2024-08-14 16:45:31] [WARN] - Failed to add GBR_WAS_ARLESEYLANDFIL18387_ATTLEBRIDGELAN18403_AVELEY18410_BARKIPLANDFILL18457_BETTONAB generator to EU-GBR node, skipping...
ERROR [2024-08-14 16:45:41] [WARN] - Failed to add GRC_GAS_ALIVERI11863_THISVIPOWERST11931_HERONII11879_KORINTHOSPOWER11885_PROTERGIAPOWER1 generator to EU-GRC node, skipping...
ERROR [2024-08-14 16:46:06] [WARN] - Failed to add ITA_GAS_TRAPANIC_LE13574_TORDIVALLE13569_AZOTATI13363_CTENUCENORD13409_LARINOTG13449_ISA generator to EU-ITA node, skipping...
ERROR [2024-08-14 16:46:06] [WARN] - Failed to add ITA_GAS_TERMINIIMERESE13566_ENIPOWERBRINDI13420_SARLUX13536_CASSANODADD13414_ENIPOWERRAV generator to EU-ITA node, skipping...
ERROR [2024-08-14 16:46:07] [WARN] - Failed to add ITA_GAS_MADDALONI13470_OSTIGLIA13494_PIETRAFITTA13500_LACASELLAC_LE13444_TORREVALDALIGA1 generator to EU-ITA node, skipping...
ERROR [2024-08-14 16:46:11] [WARN] - Failed to add ITA_GEO_NUOVAMOLINETTO13486_PIANACCE13496_RANCIA113523_RANCIA213524_SESTA113542_BAGNORE3 generator to EU-ITA node, skipping...
ERROR [2024-08-14 16:46:12] [WARN] - Failed to add ITA_GEO_NUOVACASTELNUO13482_CHIUSDINO113403_CORNIA213407_MONTEVERDI113466_MONTEVERDI2134 generator to EU-ITA node, skipping...
ERROR [2024-08-14 16:46:13] [WARN] - Failed to add ITA_GEO_BAGNORE413375_NUOVASANMARTI13489_TRAVALE413576_NUOVASERRAZZAN13491_FARINELLO1342 generator to EU-ITA node, skipping...
ERROR [2024-08-14 16:46:37] [WARN] - Failed to add POL_COA_SZCZECIN15419_ECAZOTYTARN15252_ECZAKADYCHE15303_ECTYCHY15297_GDYNIA15375_ECZABRZ generator to EU-POL node, skipping...
ERROR [2024-08-14 16:46:37] [WARN] - Failed to add POL_COA_ECSODAMTWY15292_ECSTARACHOWICE15293_ECMARCEL15277_ECMOSZCZENICA15281_ECZGIERZ153 generator to EU-POL node, skipping...
ERROR [2024-08-14 16:46:37] [WARN] - Failed to add POL_COA_CEZSKAWINA15246_STALOWAWOLA15416_JAWORZNOII15381_ECERA15310_ECBIAYSTOK15253_ECD4 generator to EU-POL node, skipping...
ERROR [2024-08-14 16:46:37] [WARN] - Failed to add POL_COA_PTNWI15407_ECWROCAW15299_JAWORZNOIII15382_POANIEC15404_DOLNAODRA15248_SIERSZA154 generator to EU-POL node, skipping...
ERROR [2024-08-14 16:46:37] [WARN] - Failed to add POL_COA_ECGORLICE15266_ZPCORY15423_ECGIGA15264_ECKALISZPIWON15271_ECKNURW15274_ECPRUSZKW generator to EU-POL node, skipping...
ERROR [2024-08-14 16:46:42] [WARN] - Failed to add PRT_WAS_LIPORII15619_COGERAOCEL15548_TERMOELCTRICA15838_COGERAODE15552_CAPACITY SCALER_C generator to EU-PRT node, skipping...
ERROR [2024-08-14 16:46:43] [WARN] - Failed to add PRT_WAS_MEIASERRAEST15662_COGERAOCAI15546_TERMOELCTRICA15843_TERMOELCTRICA15837_TERMOELC generator to EU-PRT node, skipping...
ERROR [2024-08-14 16:46:43] [WARN] - Failed to add PRT_WAS_AVEIROATERRO15474_BRAVALECOPARQ15499_NORTEETAR15682_OESTEATERROS15685_PENAFIELAT generator to EU-PRT node, skipping...
ERROR [2024-08-14 16:47:08] [WARN] - Failed to add UKR_COA_ZAPORIZHIAPOWE18283_CAPACITY SCALER_BURSHTYNPOWER18250_KRYVORIZKAPOWE18269_STARO generator to EU-UKR node, skipping...
ERROR [2024-08-14 16:47:09] [WARN] - Failed to add UKR_COA_KALUSHPOWERST18260_LUHANSKA18272_DOBROTVIRPOWER18258_KURAKHOVPOWER18270_ZUEVSKAY generator to EU-UKR node, skipping...
