INFO [2024-10-09 14:14:17] [MAIN] - Initializing output folder...
INFO [2024-10-09 14:14:19] [MAIN] - Creating WorldT20B5 UniformVoLL v2 study...

INFO [2024-10-09 14:14:19] [MAIN] - Initializing output folder...
INFO [2024-10-09 14:14:21] [MAIN] - Unit commitment mode : ACCURATE
INFO [2024-10-09 14:14:21] [MAIN] - Adding nodes...

INFO [2024-10-09 14:14:27] [MAIN] - Done adding nodes! (run time : 5.57s).

INFO [2024-10-09 14:14:27] [MAIN] - Adding districts...

INFO [2024-10-09 14:14:29] [MAIN] - Done adding districts! (run time : 1.84s).

INFO [2024-10-09 14:14:29] [MAIN] - Adding load data...

INFO [2024-10-09 14:14:34] [MAIN] - Done adding load data! (run time : 5.39s).

INFO [2024-10-09 14:14:34] [MAIN] - Fetching wind data...

INFO [2024-10-09 14:14:37] [WIND] - Saving aggregated wind data to output folder...
INFO [2024-10-09 14:15:02] [WIND] - Done saving aggregated wind data to output folder!
INFO [2024-10-09 14:15:02] [MAIN] - Done adding wind data! (run time : 28.08s).

INFO [2024-10-09 14:15:02] [MAIN] - Fetching solar data...

INFO [2024-10-09 14:15:05] [MAIN] - Done adding solar data! (run time : 2.73s).

INFO [2024-10-09 14:15:05] [MAIN] - Beginning hydro implementation...
INFO [2024-10-09 14:15:53] [MAIN] - Done adding hydro!
INFO [2024-10-09 14:15:53] [MAIN] - Fetching thermal data...
INFO [2024-10-09 14:18:57] [MAIN] - Done adding thermal data! (run time : 3.06min).

INFO [2024-10-09 14:18:57] [MAIN] - Fetching battery data...

INFO [2024-10-09 14:18:57] [MAIN] - Aggregating identical batteries...
INFO [2024-10-09 14:18:57] [MAIN] - Running 5-clustering algorithm on batteries...
INFO [2024-10-09 14:18:57] [MAIN] - Done running 5-clustering algorithm on batteries!

INFO [2024-10-09 14:19:40] [MAIN] - Done adding battery data! (run time : 0.72min).

INFO [2024-10-09 14:19:40] [MAIN] - Adding lines between areas...

INFO [2024-10-09 14:19:45] [MAIN] - Done adding lines! (run time : 5.54s).

INFO [2024-10-09 14:19:45] [MAIN] - Finished setting up Antares study! (run time : 5.44min).
 

