INFO [2024-10-10 14:32:59] [MAIN] - Initializing output folder...
INFO [2024-10-10 14:33:05] [MAIN] - Creating WorldT20B5 UnifVoLL_hurdles v1 study...

INFO [2024-10-10 14:33:06] [MAIN] - Unit commitment mode : ACCURATE
INFO [2024-10-10 14:33:06] [MAIN] - Adding nodes...

INFO [2024-10-10 14:33:08] [NODES] - Adding af-ago node...
INFO [2024-10-10 14:33:09] [NODES] - Adding af-bdi node...
INFO [2024-10-10 14:33:09] [NODES] - Adding af-ben node...
INFO [2024-10-10 14:33:09] [NODES] - Adding af-bfa node...
INFO [2024-10-10 14:33:09] [NODES] - Adding af-bwa node...
INFO [2024-10-10 14:33:09] [NODES] - Adding af-caf node...
INFO [2024-10-10 14:33:10] [NODES] - Adding af-civ node...
INFO [2024-10-10 14:33:10] [NODES] - Adding af-cmr node...
INFO [2024-10-10 14:33:10] [NODES] - Adding af-cod node...
INFO [2024-10-10 14:33:10] [NODES] - Adding af-cog node...
INFO [2024-10-10 14:33:11] [NODES] - Adding af-cpv node...
INFO [2024-10-10 14:33:12] [NODES] - Adding af-dji node...
INFO [2024-10-10 14:33:12] [NODES] - Adding af-dza node...
INFO [2024-10-10 14:33:13] [NODES] - Adding af-egy node...
INFO [2024-10-10 14:33:13] [NODES] - Adding af-eri node...
INFO [2024-10-10 14:33:13] [NODES] - Adding af-esh node...
INFO [2024-10-10 14:33:14] [NODES] - Adding af-eth node...
INFO [2024-10-10 14:33:14] [NODES] - Adding af-gab node...
INFO [2024-10-10 14:33:14] [NODES] - Adding af-gha node...
INFO [2024-10-10 14:33:15] [NODES] - Adding af-gin node...
INFO [2024-10-10 14:33:15] [NODES] - Adding af-gmb node...
INFO [2024-10-10 14:33:17] [NODES] - Adding af-gnb node...
INFO [2024-10-10 14:33:17] [NODES] - Adding af-gnq node...
INFO [2024-10-10 14:33:17] [NODES] - Adding af-ken node...
INFO [2024-10-10 14:33:18] [NODES] - Adding af-lbr node...
INFO [2024-10-10 14:33:19] [NODES] - Adding af-lby node...
INFO [2024-10-10 14:33:19] [NODES] - Adding af-lso node...
INFO [2024-10-10 14:33:20] [NODES] - Adding af-mar node...
INFO [2024-10-10 14:33:20] [NODES] - Adding af-mdg node...
INFO [2024-10-10 14:33:21] [NODES] - Adding af-mli node...
INFO [2024-10-10 14:33:22] [NODES] - Adding af-moz node...
INFO [2024-10-10 14:33:22] [NODES] - Adding af-mrt node...
INFO [2024-10-10 14:33:23] [NODES] - Adding af-mus node...
INFO [2024-10-10 14:33:23] [NODES] - Adding af-mwi node...
INFO [2024-10-10 14:33:24] [NODES] - Adding af-nam node...
INFO [2024-10-10 14:33:24] [NODES] - Adding af-ner node...
INFO [2024-10-10 14:33:25] [NODES] - Adding af-nga node...
INFO [2024-10-10 14:33:26] [NODES] - Adding af-rwa node...
INFO [2024-10-10 14:33:26] [NODES] - Adding af-sdn node...
INFO [2024-10-10 14:33:27] [NODES] - Adding af-sen node...
INFO [2024-10-10 14:33:28] [NODES] - Adding af-sle node...
INFO [2024-10-10 14:33:28] [NODES] - Adding af-swz node...
INFO [2024-10-10 14:33:29] [NODES] - Adding af-tgo node...
INFO [2024-10-10 14:33:29] [NODES] - Adding af-tun node...
INFO [2024-10-10 14:33:30] [NODES] - Adding af-tza node...
INFO [2024-10-10 14:33:31] [NODES] - Adding af-uga node...
INFO [2024-10-10 14:33:31] [NODES] - Adding af-zaf node...
INFO [2024-10-10 14:33:32] [NODES] - Adding af-zmb node...
INFO [2024-10-10 14:33:33] [NODES] - Adding af-zwe node...
INFO [2024-10-10 14:33:33] [NODES] - Adding as-afg node...
INFO [2024-10-10 14:33:34] [NODES] - Adding as-are node...
INFO [2024-10-10 14:33:34] [NODES] - Adding as-bgd node...
INFO [2024-10-10 14:33:35] [NODES] - Adding as-bhr node...
INFO [2024-10-10 14:33:36] [NODES] - Adding as-brn node...
INFO [2024-10-10 14:33:37] [NODES] - Adding as-btn node...
INFO [2024-10-10 14:33:37] [NODES] - Adding as-chn-an node...
INFO [2024-10-10 14:33:38] [NODES] - Adding as-chn-be node...
INFO [2024-10-10 14:33:39] [NODES] - Adding as-chn-ch node...
INFO [2024-10-10 14:33:39] [NODES] - Adding as-chn-em node...
INFO [2024-10-10 14:33:40] [NODES] - Adding as-chn-fu node...
INFO [2024-10-10 14:33:41] [NODES] - Adding as-chn-ga node...
INFO [2024-10-10 14:33:41] [NODES] - Adding as-chn-gd node...
INFO [2024-10-10 14:33:42] [NODES] - Adding as-chn-gu node...
INFO [2024-10-10 14:33:43] [NODES] - Adding as-chn-gx node...
INFO [2024-10-10 14:33:43] [NODES] - Adding as-chn-ha node...
INFO [2024-10-10 14:33:44] [NODES] - Adding as-chn-hb node...
INFO [2024-10-10 14:33:45] [NODES] - Adding as-chn-he node...
INFO [2024-10-10 14:33:45] [NODES] - Adding as-chn-hj node...
INFO [2024-10-10 14:33:46] [NODES] - Adding as-chn-hk node...
INFO [2024-10-10 14:33:47] [NODES] - Adding as-chn-hn node...
INFO [2024-10-10 14:33:47] [NODES] - Adding as-chn-hu node...
INFO [2024-10-10 14:33:48] [NODES] - Adding as-chn-ji node...
INFO [2024-10-10 14:33:49] [NODES] - Adding as-chn-js node...
INFO [2024-10-10 14:33:50] [NODES] - Adding as-chn-jx node...
INFO [2024-10-10 14:33:50] [NODES] - Adding as-chn-li node...
INFO [2024-10-10 14:33:51] [NODES] - Adding as-chn-ma node...
INFO [2024-10-10 14:33:51] [NODES] - Adding as-chn-ni node...
INFO [2024-10-10 14:33:52] [NODES] - Adding as-chn-qi node...
INFO [2024-10-10 14:33:53] [NODES] - Adding as-chn-sc node...
INFO [2024-10-10 14:33:53] [NODES] - Adding as-chn-sd node...
INFO [2024-10-10 14:33:54] [NODES] - Adding as-chn-sh node...
INFO [2024-10-10 14:33:55] [NODES] - Adding as-chn-si node...
INFO [2024-10-10 14:33:55] [NODES] - Adding as-chn-sx node...
INFO [2024-10-10 14:33:56] [NODES] - Adding as-chn-ti node...
INFO [2024-10-10 14:33:56] [NODES] - Adding as-chn-tj node...
INFO [2024-10-10 14:33:57] [NODES] - Adding as-chn-wm node...
INFO [2024-10-10 14:33:57] [NODES] - Adding as-chn-xi node...
INFO [2024-10-10 14:33:58] [NODES] - Adding as-chn-yu node...
INFO [2024-10-10 14:33:59] [NODES] - Adding as-chn-zh node...
INFO [2024-10-10 14:33:59] [NODES] - Adding as-idn node...
INFO [2024-10-10 14:34:00] [NODES] - Adding as-ind-ea node...
INFO [2024-10-10 14:34:00] [NODES] - Adding as-ind-ne node...
INFO [2024-10-10 14:34:01] [NODES] - Adding as-ind-no node...
INFO [2024-10-10 14:34:02] [NODES] - Adding as-ind-so node...
INFO [2024-10-10 14:34:02] [NODES] - Adding as-ind-we node...
INFO [2024-10-10 14:34:03] [NODES] - Adding as-irn node...
INFO [2024-10-10 14:34:04] [NODES] - Adding as-irq node...
INFO [2024-10-10 14:34:04] [NODES] - Adding as-isr node...
INFO [2024-10-10 14:34:05] [NODES] - Adding as-jor node...
INFO [2024-10-10 14:34:06] [NODES] - Adding as-jpn-ce node...
INFO [2024-10-10 14:34:07] [NODES] - Adding as-jpn-ho node...
INFO [2024-10-10 14:34:08] [NODES] - Adding as-jpn-ky node...
INFO [2024-10-10 14:34:09] [NODES] - Adding as-jpn-ok node...
INFO [2024-10-10 14:34:09] [NODES] - Adding as-jpn-sh node...
INFO [2024-10-10 14:34:10] [NODES] - Adding as-jpn-to node...
INFO [2024-10-10 14:34:11] [NODES] - Adding as-kaz node...
INFO [2024-10-10 14:34:12] [NODES] - Adding as-kgz node...
INFO [2024-10-10 14:34:13] [NODES] - Adding as-khm node...
INFO [2024-10-10 14:34:14] [NODES] - Adding as-kor node...
INFO [2024-10-10 14:34:15] [NODES] - Adding as-kwt node...
INFO [2024-10-10 14:34:16] [NODES] - Adding as-lao node...
INFO [2024-10-10 14:34:17] [NODES] - Adding as-lbn node...
INFO [2024-10-10 14:34:18] [NODES] - Adding as-lka node...
INFO [2024-10-10 14:34:19] [NODES] - Adding as-mmr node...
INFO [2024-10-10 14:34:19] [NODES] - Adding as-mng node...
INFO [2024-10-10 14:34:20] [NODES] - Adding as-mys node...
INFO [2024-10-10 14:34:21] [NODES] - Adding as-npl node...
INFO [2024-10-10 14:34:22] [NODES] - Adding as-omn node...
INFO [2024-10-10 14:34:23] [NODES] - Adding as-pak node...
INFO [2024-10-10 14:34:24] [NODES] - Adding as-phl node...
INFO [2024-10-10 14:34:25] [NODES] - Adding as-prk node...
INFO [2024-10-10 14:34:26] [NODES] - Adding as-qat node...
INFO [2024-10-10 14:34:27] [NODES] - Adding as-rus-ce node...
INFO [2024-10-10 14:34:28] [NODES] - Adding as-rus-fe node...
INFO [2024-10-10 14:34:28] [NODES] - Adding as-rus-mv node...
INFO [2024-10-10 14:34:29] [NODES] - Adding as-rus-nw node...
INFO [2024-10-10 14:34:30] [NODES] - Adding as-rus-si node...
INFO [2024-10-10 14:34:31] [NODES] - Adding as-rus-so node...
INFO [2024-10-10 14:34:33] [NODES] - Adding as-rus-ur node...
INFO [2024-10-10 14:34:34] [NODES] - Adding as-sau node...
INFO [2024-10-10 14:34:35] [NODES] - Adding as-sgp node...
INFO [2024-10-10 14:34:35] [NODES] - Adding as-syr node...
INFO [2024-10-10 14:34:36] [NODES] - Adding as-tha node...
INFO [2024-10-10 14:34:38] [NODES] - Adding as-tjk node...
INFO [2024-10-10 14:34:39] [NODES] - Adding as-tkm node...
INFO [2024-10-10 14:34:40] [NODES] - Adding as-tur node...
INFO [2024-10-10 14:34:41] [NODES] - Adding as-twn node...
INFO [2024-10-10 14:34:43] [NODES] - Adding as-uzb node...
INFO [2024-10-10 14:34:44] [NODES] - Adding as-vnm node...
INFO [2024-10-10 14:34:45] [NODES] - Adding as-yem node...
INFO [2024-10-10 14:34:46] [NODES] - Adding eu-alb node...
INFO [2024-10-10 14:34:47] [NODES] - Adding eu-arm node...
INFO [2024-10-10 14:34:48] [NODES] - Adding eu-aut node...
INFO [2024-10-10 14:34:49] [NODES] - Adding eu-aze node...
INFO [2024-10-10 14:34:51] [NODES] - Adding eu-bel node...
INFO [2024-10-10 14:34:52] [NODES] - Adding eu-bgr node...
INFO [2024-10-10 14:34:53] [NODES] - Adding eu-bih node...
INFO [2024-10-10 14:34:56] [NODES] - Adding eu-blr node...
INFO [2024-10-10 14:34:59] [NODES] - Adding eu-che node...
INFO [2024-10-10 14:35:00] [NODES] - Adding eu-cyp node...
INFO [2024-10-10 14:35:01] [NODES] - Adding eu-cze node...
INFO [2024-10-10 14:35:02] [NODES] - Adding eu-deu node...
INFO [2024-10-10 14:35:04] [NODES] - Adding eu-dnk node...
INFO [2024-10-10 14:35:05] [NODES] - Adding eu-esp node...
INFO [2024-10-10 14:35:06] [NODES] - Adding eu-est node...
INFO [2024-10-10 14:35:08] [NODES] - Adding eu-fin node...
INFO [2024-10-10 14:35:09] [NODES] - Adding eu-fra node...
INFO [2024-10-10 14:35:10] [NODES] - Adding eu-gbr node...
INFO [2024-10-10 14:35:12] [NODES] - Adding eu-geo node...
INFO [2024-10-10 14:35:13] [NODES] - Adding eu-grc node...
INFO [2024-10-10 14:35:15] [NODES] - Adding eu-hrv node...
INFO [2024-10-10 14:35:16] [NODES] - Adding eu-hun node...
INFO [2024-10-10 14:35:18] [NODES] - Adding eu-irl node...
INFO [2024-10-10 14:35:19] [NODES] - Adding eu-isl node...
INFO [2024-10-10 14:35:21] [NODES] - Adding eu-ita node...
INFO [2024-10-10 14:35:22] [NODES] - Adding eu-kos node...
INFO [2024-10-10 14:35:23] [NODES] - Adding eu-ltu node...
INFO [2024-10-10 14:35:24] [NODES] - Adding eu-lux node...
INFO [2024-10-10 14:35:25] [NODES] - Adding eu-lva node...
INFO [2024-10-10 14:35:26] [NODES] - Adding eu-mda node...
INFO [2024-10-10 14:35:27] [NODES] - Adding eu-mkd node...
INFO [2024-10-10 14:35:29] [NODES] - Adding eu-mne node...
INFO [2024-10-10 14:35:30] [NODES] - Adding eu-nld node...
INFO [2024-10-10 14:35:31] [NODES] - Adding eu-nor node...
INFO [2024-10-10 14:35:32] [NODES] - Adding eu-pol node...
INFO [2024-10-10 14:35:34] [NODES] - Adding eu-prt node...
INFO [2024-10-10 14:35:35] [NODES] - Adding eu-rou node...
INFO [2024-10-10 14:35:37] [NODES] - Adding eu-srb node...
INFO [2024-10-10 14:35:38] [NODES] - Adding eu-svk node...
INFO [2024-10-10 14:35:39] [NODES] - Adding eu-svn node...
INFO [2024-10-10 14:35:40] [NODES] - Adding eu-swe node...
INFO [2024-10-10 14:35:42] [NODES] - Adding eu-ukr node...
INFO [2024-10-10 14:35:44] [NODES] - Adding oc-ata node...
INFO [2024-10-10 14:35:45] [NODES] - Adding oc-aus-nt node...
INFO [2024-10-10 14:35:47] [NODES] - Adding oc-aus-ql node...
INFO [2024-10-10 14:35:48] [NODES] - Adding oc-aus-sa node...
INFO [2024-10-10 14:35:50] [NODES] - Adding oc-aus-sw node...
INFO [2024-10-10 14:35:53] [NODES] - Adding oc-aus-ta node...
INFO [2024-10-10 14:35:55] [NODES] - Adding oc-aus-vi node...
INFO [2024-10-10 14:35:56] [NODES] - Adding oc-aus-wa node...
INFO [2024-10-10 14:35:58] [NODES] - Adding oc-fji node...
INFO [2024-10-10 14:36:00] [NODES] - Adding oc-nzl node...
INFO [2024-10-10 14:36:01] [NODES] - Adding oc-png node...
INFO [2024-10-10 14:36:03] [NODES] - Adding na-can-ab node...
INFO [2024-10-10 14:36:05] [NODES] - Adding na-can-ar node...
INFO [2024-10-10 14:36:07] [NODES] - Adding na-can-bc node...
INFO [2024-10-10 14:36:08] [NODES] - Adding na-can-mb node...
INFO [2024-10-10 14:36:10] [NODES] - Adding na-can-nl node...
INFO [2024-10-10 14:36:11] [NODES] - Adding na-can-no node...
INFO [2024-10-10 14:36:13] [NODES] - Adding na-can-on node...
INFO [2024-10-10 14:36:14] [NODES] - Adding na-can-qc node...
INFO [2024-10-10 14:36:16] [NODES] - Adding na-can-sk node...
INFO [2024-10-10 14:36:18] [NODES] - Adding na-cri node...
INFO [2024-10-10 14:36:20] [NODES] - Adding na-cub node...
INFO [2024-10-10 14:36:22] [NODES] - Adding na-dom node...
INFO [2024-10-10 14:36:24] [NODES] - Adding na-gtm node...
INFO [2024-10-10 14:36:25] [NODES] - Adding na-hnd node...
INFO [2024-10-10 14:36:27] [NODES] - Adding na-jam node...
INFO [2024-10-10 14:36:28] [NODES] - Adding na-mex node...
INFO [2024-10-10 14:36:30] [NODES] - Adding na-nic node...
INFO [2024-10-10 14:36:31] [NODES] - Adding na-pan node...
INFO [2024-10-10 14:36:33] [NODES] - Adding na-slv node...
INFO [2024-10-10 14:36:34] [NODES] - Adding na-tto node...
INFO [2024-10-10 14:36:35] [NODES] - Adding na-usa-ak node...
INFO [2024-10-10 14:36:37] [NODES] - Adding na-usa-az node...
INFO [2024-10-10 14:36:38] [NODES] - Adding na-usa-ca node...
INFO [2024-10-10 14:36:39] [NODES] - Adding na-usa-er node...
INFO [2024-10-10 14:36:41] [NODES] - Adding na-usa-fr node...
INFO [2024-10-10 14:36:42] [NODES] - Adding na-usa-gu node...
INFO [2024-10-10 14:36:44] [NODES] - Adding na-usa-ha node...
INFO [2024-10-10 14:36:46] [NODES] - Adding na-usa-me node...
INFO [2024-10-10 14:36:47] [NODES] - Adding na-usa-mw node...
INFO [2024-10-10 14:36:49] [NODES] - Adding na-usa-ne node...
INFO [2024-10-10 14:36:50] [NODES] - Adding na-usa-nw node...
INFO [2024-10-10 14:36:52] [NODES] - Adding na-usa-ny node...
INFO [2024-10-10 14:36:53] [NODES] - Adding na-usa-pr node...
INFO [2024-10-10 14:36:55] [NODES] - Adding na-usa-ra node...
INFO [2024-10-10 14:36:57] [NODES] - Adding na-usa-re node...
INFO [2024-10-10 14:36:58] [NODES] - Adding na-usa-rm node...
INFO [2024-10-10 14:37:00] [NODES] - Adding na-usa-rw node...
INFO [2024-10-10 14:37:02] [NODES] - Adding na-usa-sa node...
INFO [2024-10-10 14:37:03] [NODES] - Adding na-usa-sc node...
INFO [2024-10-10 14:37:05] [NODES] - Adding na-usa-se node...
INFO [2024-10-10 14:37:06] [NODES] - Adding na-usa-sn node...
INFO [2024-10-10 14:37:08] [NODES] - Adding na-usa-ss node...
INFO [2024-10-10 14:37:10] [NODES] - Adding na-usa-sv node...
INFO [2024-10-10 14:37:12] [NODES] - Adding na-usa-sw node...
INFO [2024-10-10 14:37:13] [NODES] - Adding sa-arg node...
INFO [2024-10-10 14:37:14] [NODES] - Adding sa-bol node...
INFO [2024-10-10 14:37:16] [NODES] - Adding sa-bra-cn node...
INFO [2024-10-10 14:37:17] [NODES] - Adding sa-bra-cw node...
INFO [2024-10-10 14:37:19] [NODES] - Adding sa-bra-j1 node...
INFO [2024-10-10 14:37:20] [NODES] - Adding sa-bra-j2 node...
INFO [2024-10-10 14:37:22] [NODES] - Adding sa-bra-j3 node...
INFO [2024-10-10 14:37:23] [NODES] - Adding sa-bra-ne node...
INFO [2024-10-10 14:37:25] [NODES] - Adding sa-bra-nw node...
INFO [2024-10-10 14:37:26] [NODES] - Adding sa-bra-se node...
INFO [2024-10-10 14:37:28] [NODES] - Adding sa-bra-so node...
INFO [2024-10-10 14:37:29] [NODES] - Adding sa-bra-we node...
INFO [2024-10-10 14:37:31] [NODES] - Adding sa-chl node...
INFO [2024-10-10 14:37:32] [NODES] - Adding sa-col node...
INFO [2024-10-10 14:37:34] [NODES] - Adding sa-ecu node...
INFO [2024-10-10 14:37:36] [NODES] - Adding sa-guf node...
INFO [2024-10-10 14:37:37] [NODES] - Adding sa-guy node...
INFO [2024-10-10 14:37:39] [NODES] - Adding sa-per node...
INFO [2024-10-10 14:37:41] [NODES] - Adding sa-pry node...
INFO [2024-10-10 14:37:42] [NODES] - Adding sa-ury node...
INFO [2024-10-10 14:37:44] [NODES] - Adding sa-ven node...
INFO [2024-10-10 14:37:46] [MAIN] - Done adding nodes! (run time : 279.76s).

INFO [2024-10-10 14:37:46] [MAIN] - Adding districts...

INFO [2024-10-10 14:37:47] [DISTRICTS] - Creating global district...
INFO [2024-10-10 14:37:48] [DISTRICTS] - Done creating global district!
INFO [2024-10-10 14:37:48] [DISTRICTS] - Creating africa continental district...
INFO [2024-10-10 14:37:50] [DISTRICTS] - Done creating africa continental district!
INFO [2024-10-10 14:37:50] [DISTRICTS] - Creating asia continental district...
INFO [2024-10-10 14:37:51] [DISTRICTS] - Done creating asia continental district!
INFO [2024-10-10 14:37:51] [DISTRICTS] - Creating europe continental district...
INFO [2024-10-10 14:37:52] [DISTRICTS] - Done creating europe continental district!
INFO [2024-10-10 14:37:52] [DISTRICTS] - Creating oceania continental district...
INFO [2024-10-10 14:37:54] [DISTRICTS] - Done creating oceania continental district!
INFO [2024-10-10 14:37:54] [DISTRICTS] - Creating north america continental district...
INFO [2024-10-10 14:37:55] [DISTRICTS] - Done creating north america continental district!
INFO [2024-10-10 14:37:55] [DISTRICTS] - Creating south america continental district...
INFO [2024-10-10 14:37:57] [DISTRICTS] - Done creating south america continental district!
INFO [2024-10-10 14:37:57] [DISTRICTS] - Creating as-chn national district from regional nodes...
INFO [2024-10-10 14:37:59] [DISTRICTS] - Done creating as-chn national district!
INFO [2024-10-10 14:37:59] [DISTRICTS] - Creating as-ind national district from regional nodes...
INFO [2024-10-10 14:38:00] [DISTRICTS] - Done creating as-ind national district!
INFO [2024-10-10 14:38:00] [DISTRICTS] - Creating as-jpn national district from regional nodes...
INFO [2024-10-10 14:38:02] [DISTRICTS] - Done creating as-jpn national district!
INFO [2024-10-10 14:38:02] [DISTRICTS] - Creating as-rus national district from regional nodes...
INFO [2024-10-10 14:38:03] [DISTRICTS] - Done creating as-rus national district!
INFO [2024-10-10 14:38:03] [DISTRICTS] - Creating oc-aus national district from regional nodes...
INFO [2024-10-10 14:38:04] [DISTRICTS] - Done creating oc-aus national district!
INFO [2024-10-10 14:38:04] [DISTRICTS] - Creating na-can national district from regional nodes...
INFO [2024-10-10 14:38:06] [DISTRICTS] - Done creating na-can national district!
INFO [2024-10-10 14:38:06] [DISTRICTS] - Creating na-usa national district from regional nodes...
INFO [2024-10-10 14:38:07] [DISTRICTS] - Done creating na-usa national district!
INFO [2024-10-10 14:38:07] [DISTRICTS] - Creating sa-bra national district from regional nodes...
INFO [2024-10-10 14:38:08] [DISTRICTS] - Done creating sa-bra national district!
INFO [2024-10-10 14:38:08] [MAIN] - Done adding districts! (run time : 22.55s).

INFO [2024-10-10 14:38:08] [MAIN] - Adding load data...

INFO [2024-10-10 14:38:11] [LOAD] - Adding af-ago load data...
INFO [2024-10-10 14:38:12] [LOAD] - Adding af-bdi load data...
INFO [2024-10-10 14:38:13] [LOAD] - Adding af-ben load data...
INFO [2024-10-10 14:38:15] [LOAD] - Adding af-bfa load data...
INFO [2024-10-10 14:38:16] [LOAD] - Adding af-bwa load data...
INFO [2024-10-10 14:38:17] [LOAD] - Adding af-caf load data...
INFO [2024-10-10 14:38:18] [LOAD] - Adding af-civ load data...
INFO [2024-10-10 14:38:20] [LOAD] - Adding af-cmr load data...
INFO [2024-10-10 14:38:21] [LOAD] - Adding af-cod load data...
INFO [2024-10-10 14:38:22] [LOAD] - Adding af-cog load data...
INFO [2024-10-10 14:38:23] [LOAD] - Adding af-cpv load data...
INFO [2024-10-10 14:38:24] [LOAD] - Adding af-dji load data...
INFO [2024-10-10 14:38:25] [LOAD] - Adding af-dza load data...
INFO [2024-10-10 14:38:27] [LOAD] - Adding af-egy load data...
INFO [2024-10-10 14:38:28] [LOAD] - Adding af-eri load data...
INFO [2024-10-10 14:38:29] [LOAD] - Adding af-esh load data...
INFO [2024-10-10 14:38:30] [LOAD] - Adding af-eth load data...
INFO [2024-10-10 14:38:31] [LOAD] - Adding af-gab load data...
INFO [2024-10-10 14:38:32] [LOAD] - Adding af-gha load data...
INFO [2024-10-10 14:38:34] [LOAD] - Adding af-gin load data...
INFO [2024-10-10 14:38:35] [LOAD] - Adding af-gmb load data...
INFO [2024-10-10 14:38:36] [LOAD] - Adding af-gnb load data...
INFO [2024-10-10 14:38:38] [LOAD] - Adding af-gnq load data...
INFO [2024-10-10 14:38:39] [LOAD] - Adding af-ken load data...
INFO [2024-10-10 14:38:40] [LOAD] - Adding af-lbr load data...
INFO [2024-10-10 14:38:41] [LOAD] - Adding af-lby load data...
INFO [2024-10-10 14:38:42] [LOAD] - Adding af-lso load data...
INFO [2024-10-10 14:38:44] [LOAD] - Adding af-mar load data...
INFO [2024-10-10 14:38:45] [LOAD] - Adding af-mdg load data...
INFO [2024-10-10 14:38:46] [LOAD] - Adding af-mli load data...
INFO [2024-10-10 14:38:47] [LOAD] - Adding af-moz load data...
INFO [2024-10-10 14:38:49] [LOAD] - Adding af-mrt load data...
INFO [2024-10-10 14:38:50] [LOAD] - Adding af-mus load data...
INFO [2024-10-10 14:38:51] [LOAD] - Adding af-mwi load data...
INFO [2024-10-10 14:38:52] [LOAD] - Adding af-nam load data...
INFO [2024-10-10 14:38:53] [LOAD] - Adding af-ner load data...
INFO [2024-10-10 14:38:54] [LOAD] - Adding af-nga load data...
INFO [2024-10-10 14:38:56] [LOAD] - Adding af-rwa load data...
INFO [2024-10-10 14:38:57] [LOAD] - Adding af-sdn load data...
INFO [2024-10-10 14:38:58] [LOAD] - Adding af-sen load data...
INFO [2024-10-10 14:39:00] [LOAD] - Adding af-sle load data...
INFO [2024-10-10 14:39:01] [LOAD] - Adding af-swz load data...
INFO [2024-10-10 14:39:02] [LOAD] - Adding af-tgo load data...
INFO [2024-10-10 14:39:04] [LOAD] - Adding af-tun load data...
INFO [2024-10-10 14:39:05] [LOAD] - Adding af-tza load data...
INFO [2024-10-10 14:39:07] [LOAD] - Adding af-uga load data...
INFO [2024-10-10 14:39:08] [LOAD] - Adding af-zaf load data...
INFO [2024-10-10 14:39:10] [LOAD] - Adding af-zmb load data...
INFO [2024-10-10 14:39:11] [LOAD] - Adding af-zwe load data...
INFO [2024-10-10 14:39:12] [LOAD] - Adding as-afg load data...
INFO [2024-10-10 14:39:13] [LOAD] - Adding as-are load data...
INFO [2024-10-10 14:39:15] [LOAD] - Adding as-bgd load data...
INFO [2024-10-10 14:39:16] [LOAD] - Adding as-bhr load data...
INFO [2024-10-10 14:39:17] [LOAD] - Adding as-brn load data...
INFO [2024-10-10 14:39:19] [LOAD] - Adding as-btn load data...
INFO [2024-10-10 14:39:21] [LOAD] - Adding as-chn-an load data...
INFO [2024-10-10 14:39:22] [LOAD] - Adding as-chn-be load data...
INFO [2024-10-10 14:39:24] [LOAD] - Adding as-chn-ch load data...
INFO [2024-10-10 14:39:25] [LOAD] - Adding as-chn-em load data...
INFO [2024-10-10 14:39:26] [LOAD] - Adding as-chn-fu load data...
INFO [2024-10-10 14:39:27] [LOAD] - Adding as-chn-ga load data...
INFO [2024-10-10 14:39:29] [LOAD] - Adding as-chn-gd load data...
INFO [2024-10-10 14:39:30] [LOAD] - Adding as-chn-gu load data...
INFO [2024-10-10 14:39:31] [LOAD] - Adding as-chn-gx load data...
INFO [2024-10-10 14:39:32] [LOAD] - Adding as-chn-ha load data...
INFO [2024-10-10 14:39:34] [LOAD] - Adding as-chn-hb load data...
INFO [2024-10-10 14:39:35] [LOAD] - Adding as-chn-he load data...
INFO [2024-10-10 14:39:36] [LOAD] - Adding as-chn-hj load data...
INFO [2024-10-10 14:39:37] [LOAD] - Adding as-chn-hk load data...
INFO [2024-10-10 14:39:38] [LOAD] - Adding as-chn-hn load data...
INFO [2024-10-10 14:39:40] [LOAD] - Adding as-chn-hu load data...
INFO [2024-10-10 14:39:41] [LOAD] - Adding as-chn-ji load data...
INFO [2024-10-10 14:39:43] [LOAD] - Adding as-chn-js load data...
INFO [2024-10-10 14:39:44] [LOAD] - Adding as-chn-jx load data...
INFO [2024-10-10 14:39:46] [LOAD] - Adding as-chn-li load data...
INFO [2024-10-10 14:39:47] [LOAD] - Adding as-chn-ma load data...
INFO [2024-10-10 14:39:49] [LOAD] - Adding as-chn-ni load data...
INFO [2024-10-10 14:39:51] [LOAD] - Adding as-chn-qi load data...
INFO [2024-10-10 14:39:52] [LOAD] - Adding as-chn-sc load data...
INFO [2024-10-10 14:39:54] [LOAD] - Adding as-chn-sd load data...
INFO [2024-10-10 14:39:56] [LOAD] - Adding as-chn-sh load data...
INFO [2024-10-10 14:39:57] [LOAD] - Adding as-chn-si load data...
INFO [2024-10-10 14:39:59] [LOAD] - Adding as-chn-sx load data...
INFO [2024-10-10 14:40:00] [LOAD] - Adding as-chn-ti load data...
INFO [2024-10-10 14:40:02] [LOAD] - Adding as-chn-tj load data...
INFO [2024-10-10 14:40:04] [LOAD] - Adding as-chn-wm load data...
INFO [2024-10-10 14:40:06] [LOAD] - Adding as-chn-xi load data...
INFO [2024-10-10 14:40:07] [LOAD] - Adding as-chn-yu load data...
INFO [2024-10-10 14:40:09] [LOAD] - Adding as-chn-zh load data...
INFO [2024-10-10 14:40:10] [LOAD] - Adding as-idn load data...
INFO [2024-10-10 14:40:12] [LOAD] - Adding as-ind-ea load data...
INFO [2024-10-10 14:40:14] [LOAD] - Adding as-ind-ne load data...
INFO [2024-10-10 14:40:16] [LOAD] - Adding as-ind-no load data...
INFO [2024-10-10 14:40:18] [LOAD] - Adding as-ind-so load data...
INFO [2024-10-10 14:40:19] [LOAD] - Adding as-ind-we load data...
INFO [2024-10-10 14:40:21] [LOAD] - Adding as-irn load data...
INFO [2024-10-10 14:40:22] [LOAD] - Adding as-irq load data...
INFO [2024-10-10 14:40:24] [LOAD] - Adding as-isr load data...
INFO [2024-10-10 14:40:25] [LOAD] - Adding as-jor load data...
INFO [2024-10-10 14:40:26] [LOAD] - Adding as-jpn-ce load data...
INFO [2024-10-10 14:40:27] [LOAD] - Adding as-jpn-ho load data...
INFO [2024-10-10 14:40:29] [LOAD] - Adding as-jpn-ky load data...
INFO [2024-10-10 14:40:30] [LOAD] - Adding as-jpn-ok load data...
INFO [2024-10-10 14:40:31] [LOAD] - Adding as-jpn-sh load data...
INFO [2024-10-10 14:40:32] [LOAD] - Adding as-jpn-to load data...
INFO [2024-10-10 14:40:34] [LOAD] - Adding as-kaz load data...
INFO [2024-10-10 14:40:35] [LOAD] - Adding as-kgz load data...
INFO [2024-10-10 14:40:36] [LOAD] - Adding as-khm load data...
INFO [2024-10-10 14:40:37] [LOAD] - Adding as-kor load data...
INFO [2024-10-10 14:40:39] [LOAD] - Adding as-kwt load data...
INFO [2024-10-10 14:40:40] [LOAD] - Adding as-lao load data...
INFO [2024-10-10 14:40:41] [LOAD] - Adding as-lbn load data...
INFO [2024-10-10 14:40:43] [LOAD] - Adding as-lka load data...
INFO [2024-10-10 14:40:44] [LOAD] - Adding as-mmr load data...
INFO [2024-10-10 14:40:45] [LOAD] - Adding as-mng load data...
INFO [2024-10-10 14:40:46] [LOAD] - Adding as-mys load data...
INFO [2024-10-10 14:40:48] [LOAD] - Adding as-npl load data...
INFO [2024-10-10 14:40:49] [LOAD] - Adding as-omn load data...
INFO [2024-10-10 14:40:51] [LOAD] - Adding as-pak load data...
INFO [2024-10-10 14:40:52] [LOAD] - Adding as-phl load data...
INFO [2024-10-10 14:40:53] [LOAD] - Adding as-prk load data...
INFO [2024-10-10 14:40:54] [LOAD] - Adding as-qat load data...
INFO [2024-10-10 14:40:55] [LOAD] - Adding as-rus-ce load data...
INFO [2024-10-10 14:40:57] [LOAD] - Adding as-rus-fe load data...
INFO [2024-10-10 14:40:58] [LOAD] - Adding as-rus-mv load data...
INFO [2024-10-10 14:40:59] [LOAD] - Adding as-rus-nw load data...
INFO [2024-10-10 14:41:01] [LOAD] - Adding as-rus-si load data...
INFO [2024-10-10 14:41:02] [LOAD] - Adding as-rus-so load data...
INFO [2024-10-10 14:41:04] [LOAD] - Adding as-rus-ur load data...
INFO [2024-10-10 14:41:05] [LOAD] - Adding as-sau load data...
INFO [2024-10-10 14:41:06] [LOAD] - Adding as-sgp load data...
INFO [2024-10-10 14:41:08] [LOAD] - Adding as-syr load data...
INFO [2024-10-10 14:41:09] [LOAD] - Adding as-tha load data...
INFO [2024-10-10 14:41:10] [LOAD] - Adding as-tjk load data...
INFO [2024-10-10 14:41:12] [LOAD] - Adding as-tkm load data...
INFO [2024-10-10 14:41:13] [LOAD] - Adding as-tur load data...
INFO [2024-10-10 14:41:14] [LOAD] - Adding as-twn load data...
INFO [2024-10-10 14:41:15] [LOAD] - Adding as-uzb load data...
INFO [2024-10-10 14:41:17] [LOAD] - Adding as-vnm load data...
INFO [2024-10-10 14:41:18] [LOAD] - Adding as-yem load data...
INFO [2024-10-10 14:41:19] [LOAD] - Adding eu-alb load data...
INFO [2024-10-10 14:41:21] [LOAD] - Adding eu-arm load data...
INFO [2024-10-10 14:41:23] [LOAD] - Adding eu-aut load data...
INFO [2024-10-10 14:41:24] [LOAD] - Adding eu-aze load data...
INFO [2024-10-10 14:41:25] [LOAD] - Adding eu-bel load data...
INFO [2024-10-10 14:41:26] [LOAD] - Adding eu-bgr load data...
INFO [2024-10-10 14:41:28] [LOAD] - Adding eu-bih load data...
INFO [2024-10-10 14:41:29] [LOAD] - Adding eu-blr load data...
INFO [2024-10-10 14:41:30] [LOAD] - Adding eu-che load data...
INFO [2024-10-10 14:41:31] [LOAD] - Adding eu-cyp load data...
INFO [2024-10-10 14:41:33] [LOAD] - Adding eu-cze load data...
INFO [2024-10-10 14:41:34] [LOAD] - Adding eu-deu load data...
INFO [2024-10-10 14:41:35] [LOAD] - Adding eu-dnk load data...
INFO [2024-10-10 14:41:37] [LOAD] - Adding eu-esp load data...
INFO [2024-10-10 14:41:38] [LOAD] - Adding eu-est load data...
INFO [2024-10-10 14:41:39] [LOAD] - Adding eu-fin load data...
INFO [2024-10-10 14:41:41] [LOAD] - Adding eu-fra load data...
INFO [2024-10-10 14:41:42] [LOAD] - Adding eu-gbr load data...
INFO [2024-10-10 14:41:44] [LOAD] - Adding eu-geo load data...
INFO [2024-10-10 14:41:45] [LOAD] - Adding eu-grc load data...
INFO [2024-10-10 14:41:47] [LOAD] - Adding eu-hrv load data...
INFO [2024-10-10 14:41:48] [LOAD] - Adding eu-hun load data...
INFO [2024-10-10 14:41:49] [LOAD] - Adding eu-irl load data...
INFO [2024-10-10 14:41:51] [LOAD] - Adding eu-isl load data...
INFO [2024-10-10 14:41:52] [LOAD] - Adding eu-ita load data...
INFO [2024-10-10 14:41:54] [LOAD] - Adding eu-kos load data...
INFO [2024-10-10 14:41:55] [LOAD] - Adding eu-ltu load data...
INFO [2024-10-10 14:41:56] [LOAD] - Adding eu-lux load data...
INFO [2024-10-10 14:41:58] [LOAD] - Adding eu-lva load data...
INFO [2024-10-10 14:41:59] [LOAD] - Adding eu-mda load data...
INFO [2024-10-10 14:42:01] [LOAD] - Adding eu-mkd load data...
INFO [2024-10-10 14:42:03] [LOAD] - Adding eu-mne load data...
INFO [2024-10-10 14:42:04] [LOAD] - Adding eu-nld load data...
INFO [2024-10-10 14:42:06] [LOAD] - Adding eu-nor load data...
INFO [2024-10-10 14:42:07] [LOAD] - Adding eu-pol load data...
INFO [2024-10-10 14:42:09] [LOAD] - Adding eu-prt load data...
INFO [2024-10-10 14:42:10] [LOAD] - Adding eu-rou load data...
INFO [2024-10-10 14:42:12] [LOAD] - Adding eu-srb load data...
INFO [2024-10-10 14:42:14] [LOAD] - Adding eu-svk load data...
INFO [2024-10-10 14:42:15] [LOAD] - Adding eu-svn load data...
INFO [2024-10-10 14:42:17] [LOAD] - Adding eu-swe load data...
INFO [2024-10-10 14:42:20] [LOAD] - Adding eu-ukr load data...
INFO [2024-10-10 14:42:22] [LOAD] - Adding oc-ata load data...
INFO [2024-10-10 14:42:24] [LOAD] - Adding oc-aus-nt load data...
INFO [2024-10-10 14:42:25] [LOAD] - Adding oc-aus-ql load data...
INFO [2024-10-10 14:42:26] [LOAD] - Adding oc-aus-sa load data...
INFO [2024-10-10 14:42:27] [LOAD] - Adding oc-aus-sw load data...
INFO [2024-10-10 14:42:29] [LOAD] - Adding oc-aus-ta load data...
INFO [2024-10-10 14:42:30] [LOAD] - Adding oc-aus-vi load data...
INFO [2024-10-10 14:42:31] [LOAD] - Adding oc-aus-wa load data...
INFO [2024-10-10 14:42:32] [LOAD] - Adding oc-fji load data...
INFO [2024-10-10 14:42:34] [LOAD] - Adding oc-nzl load data...
INFO [2024-10-10 14:42:35] [LOAD] - Adding oc-png load data...
INFO [2024-10-10 14:42:36] [LOAD] - Adding na-can-ab load data...
INFO [2024-10-10 14:42:37] [LOAD] - Adding na-can-ar load data...
INFO [2024-10-10 14:42:38] [LOAD] - Adding na-can-bc load data...
INFO [2024-10-10 14:42:39] [LOAD] - Adding na-can-mb load data...
INFO [2024-10-10 14:42:41] [LOAD] - Adding na-can-nl load data...
INFO [2024-10-10 14:42:42] [LOAD] - Adding na-can-no load data...
INFO [2024-10-10 14:42:43] [LOAD] - Adding na-can-on load data...
INFO [2024-10-10 14:42:44] [LOAD] - Adding na-can-qc load data...
INFO [2024-10-10 14:42:46] [LOAD] - Adding na-can-sk load data...
INFO [2024-10-10 14:42:48] [LOAD] - Adding na-cri load data...
INFO [2024-10-10 14:42:49] [LOAD] - Adding na-cub load data...
INFO [2024-10-10 14:42:51] [LOAD] - Adding na-dom load data...
INFO [2024-10-10 14:42:53] [LOAD] - Adding na-gtm load data...
INFO [2024-10-10 14:42:54] [LOAD] - Adding na-hnd load data...
INFO [2024-10-10 14:42:56] [LOAD] - Adding na-jam load data...
INFO [2024-10-10 14:42:57] [LOAD] - Adding na-mex load data...
INFO [2024-10-10 14:42:58] [LOAD] - Adding na-nic load data...
INFO [2024-10-10 14:42:59] [LOAD] - Adding na-pan load data...
INFO [2024-10-10 14:43:01] [LOAD] - Adding na-slv load data...
INFO [2024-10-10 14:43:02] [LOAD] - Adding na-tto load data...
INFO [2024-10-10 14:43:03] [LOAD] - Adding na-usa-ak load data...
INFO [2024-10-10 14:43:05] [LOAD] - Adding na-usa-az load data...
INFO [2024-10-10 14:43:06] [LOAD] - Adding na-usa-ca load data...
INFO [2024-10-10 14:43:07] [LOAD] - Adding na-usa-er load data...
INFO [2024-10-10 14:43:08] [LOAD] - Adding na-usa-fr load data...
INFO [2024-10-10 14:43:09] [LOAD] - Adding na-usa-gu load data...
INFO [2024-10-10 14:43:11] [LOAD] - Adding na-usa-ha load data...
INFO [2024-10-10 14:43:12] [LOAD] - Adding na-usa-me load data...
INFO [2024-10-10 14:43:13] [LOAD] - Adding na-usa-mw load data...
INFO [2024-10-10 14:43:14] [LOAD] - Adding na-usa-ne load data...
INFO [2024-10-10 14:43:15] [LOAD] - Adding na-usa-nw load data...
INFO [2024-10-10 14:43:16] [LOAD] - Adding na-usa-ny load data...
INFO [2024-10-10 14:43:17] [LOAD] - Adding na-usa-pr load data...
INFO [2024-10-10 14:43:19] [LOAD] - Adding na-usa-ra load data...
INFO [2024-10-10 14:43:20] [LOAD] - Adding na-usa-re load data...
INFO [2024-10-10 14:43:21] [LOAD] - Adding na-usa-rm load data...
INFO [2024-10-10 14:43:22] [LOAD] - Adding na-usa-rw load data...
INFO [2024-10-10 14:43:24] [LOAD] - Adding na-usa-sa load data...
INFO [2024-10-10 14:43:25] [LOAD] - Adding na-usa-sc load data...
INFO [2024-10-10 14:43:26] [LOAD] - Adding na-usa-se load data...
INFO [2024-10-10 14:43:28] [LOAD] - Adding na-usa-sn load data...
INFO [2024-10-10 14:43:30] [LOAD] - Adding na-usa-ss load data...
INFO [2024-10-10 14:43:31] [LOAD] - Adding na-usa-sv load data...
INFO [2024-10-10 14:43:32] [LOAD] - Adding na-usa-sw load data...
INFO [2024-10-10 14:43:34] [LOAD] - Adding sa-arg load data...
INFO [2024-10-10 14:43:35] [LOAD] - Adding sa-bol load data...
INFO [2024-10-10 14:43:36] [LOAD] - Adding sa-bra-cn load data...
INFO [2024-10-10 14:43:37] [LOAD] - Adding sa-bra-cw load data...
INFO [2024-10-10 14:43:39] [LOAD] - Adding sa-bra-j1 load data...
INFO [2024-10-10 14:43:39] [WARN] - Could not add load data to sa-bra-j1 node, skipping...
INFO [2024-10-10 14:43:39] [LOAD] - Adding sa-bra-j2 load data...
INFO [2024-10-10 14:43:39] [WARN] - Could not add load data to sa-bra-j2 node, skipping...
INFO [2024-10-10 14:43:39] [LOAD] - Adding sa-bra-j3 load data...
INFO [2024-10-10 14:43:39] [WARN] - Could not add load data to sa-bra-j3 node, skipping...
INFO [2024-10-10 14:43:39] [LOAD] - Adding sa-bra-ne load data...
INFO [2024-10-10 14:43:40] [LOAD] - Adding sa-bra-nw load data...
INFO [2024-10-10 14:43:41] [LOAD] - Adding sa-bra-se load data...
INFO [2024-10-10 14:43:42] [LOAD] - Adding sa-bra-so load data...
INFO [2024-10-10 14:43:44] [LOAD] - Adding sa-bra-we load data...
INFO [2024-10-10 14:43:45] [LOAD] - Adding sa-chl load data...
INFO [2024-10-10 14:43:46] [LOAD] - Adding sa-col load data...
INFO [2024-10-10 14:43:47] [LOAD] - Adding sa-ecu load data...
INFO [2024-10-10 14:43:48] [LOAD] - Adding sa-guf load data...
INFO [2024-10-10 14:43:50] [LOAD] - Adding sa-guy load data...
INFO [2024-10-10 14:43:51] [LOAD] - Adding sa-per load data...
INFO [2024-10-10 14:43:52] [LOAD] - Adding sa-pry load data...
INFO [2024-10-10 14:43:53] [LOAD] - Adding sa-ury load data...
INFO [2024-10-10 14:43:54] [LOAD] - Adding sa-ven load data...
INFO [2024-10-10 14:43:56] [MAIN] - Done adding load data! (run time : 347.04s).

INFO [2024-10-10 14:43:56] [MAIN] - Fetching wind data...

INFO [2024-10-10 14:43:56] [WARN] - Skipped adding wind data for af-ago (no generators found in PLEXOS).
INFO [2024-10-10 14:43:56] [WARN] - Skipped adding wind data for af-bdi (no generators found in PLEXOS).
INFO [2024-10-10 14:43:56] [WARN] - Skipped adding wind data for af-ben (no generators found in PLEXOS).
INFO [2024-10-10 14:43:56] [WARN] - Skipped adding wind data for af-bfa (no generators found in PLEXOS).
INFO [2024-10-10 14:43:56] [WARN] - Skipped adding wind data for af-bwa (no generators found in PLEXOS).
INFO [2024-10-10 14:43:56] [WARN] - Skipped adding wind data for af-caf (no generators found in PLEXOS).
INFO [2024-10-10 14:43:56] [WARN] - Skipped adding wind data for af-civ (no generators found in PLEXOS).
INFO [2024-10-10 14:43:56] [WARN] - Skipped adding wind data for af-cmr (no generators found in PLEXOS).
INFO [2024-10-10 14:43:56] [WARN] - Skipped adding wind data for af-cod (no generators found in PLEXOS).
INFO [2024-10-10 14:43:56] [WARN] - Skipped adding wind data for af-cog (no generators found in PLEXOS).
INFO [2024-10-10 14:43:57] [WIND] - Adding af-cpv aggregated wind data...
INFO [2024-10-10 14:43:57] [WARN] - Skipped adding wind data for af-dji (no generators found in PLEXOS).
INFO [2024-10-10 14:43:57] [WARN] - Skipped adding wind data for af-dza (no generators found in PLEXOS).
INFO [2024-10-10 14:43:58] [WIND] - Adding af-egy aggregated wind data...
INFO [2024-10-10 14:43:58] [WARN] - Skipped adding wind data for af-eri (no generators found in PLEXOS).
INFO [2024-10-10 14:43:58] [WARN] - Skipped adding wind data for af-esh (no generators found in PLEXOS).
INFO [2024-10-10 14:44:00] [WIND] - Adding af-eth aggregated wind data...
INFO [2024-10-10 14:44:00] [WARN] - Skipped adding wind data for af-gab (no generators found in PLEXOS).
INFO [2024-10-10 14:44:00] [WARN] - Skipped adding wind data for af-gha (no generators found in PLEXOS).
INFO [2024-10-10 14:44:00] [WARN] - Skipped adding wind data for af-gin (no generators found in PLEXOS).
INFO [2024-10-10 14:44:00] [WARN] - Skipped adding wind data for af-gmb (no generators found in PLEXOS).
INFO [2024-10-10 14:44:00] [WARN] - Skipped adding wind data for af-gnb (no generators found in PLEXOS).
INFO [2024-10-10 14:44:00] [WARN] - Skipped adding wind data for af-gnq (no generators found in PLEXOS).
INFO [2024-10-10 14:44:01] [WIND] - Adding af-ken aggregated wind data...
INFO [2024-10-10 14:44:01] [WARN] - Skipped adding wind data for af-lbr (no generators found in PLEXOS).
INFO [2024-10-10 14:44:01] [WARN] - Skipped adding wind data for af-lby (no generators found in PLEXOS).
INFO [2024-10-10 14:44:01] [WARN] - Skipped adding wind data for af-lso (no generators found in PLEXOS).
INFO [2024-10-10 14:44:02] [WIND] - Adding af-mar aggregated wind data...
INFO [2024-10-10 14:44:02] [WARN] - Skipped adding wind data for af-mdg (no generators found in PLEXOS).
INFO [2024-10-10 14:44:02] [WARN] - Skipped adding wind data for af-mli (no generators found in PLEXOS).
INFO [2024-10-10 14:44:02] [WARN] - Skipped adding wind data for af-moz (no generators found in PLEXOS).
INFO [2024-10-10 14:44:04] [WIND] - Adding af-mrt aggregated wind data...
INFO [2024-10-10 14:44:04] [WARN] - Skipped adding wind data for af-mus (no generators found in PLEXOS).
INFO [2024-10-10 14:44:04] [WARN] - Skipped adding wind data for af-mwi (no generators found in PLEXOS).
INFO [2024-10-10 14:44:04] [WARN] - Skipped adding wind data for af-nam (no generators found in PLEXOS).
INFO [2024-10-10 14:44:04] [WARN] - Skipped adding wind data for af-ner (no generators found in PLEXOS).
INFO [2024-10-10 14:44:04] [WARN] - Skipped adding wind data for af-nga (no generators found in PLEXOS).
INFO [2024-10-10 14:44:04] [WARN] - Skipped adding wind data for af-rwa (no generators found in PLEXOS).
INFO [2024-10-10 14:44:04] [WARN] - Skipped adding wind data for af-sdn (no generators found in PLEXOS).
INFO [2024-10-10 14:44:04] [WARN] - Skipped adding wind data for af-sen (no generators found in PLEXOS).
INFO [2024-10-10 14:44:04] [WARN] - Skipped adding wind data for af-sle (no generators found in PLEXOS).
INFO [2024-10-10 14:44:04] [WARN] - Skipped adding wind data for af-swz (no generators found in PLEXOS).
INFO [2024-10-10 14:44:04] [WARN] - Skipped adding wind data for af-tgo (no generators found in PLEXOS).
INFO [2024-10-10 14:44:05] [WIND] - Adding af-tun aggregated wind data...
INFO [2024-10-10 14:44:05] [WARN] - Skipped adding wind data for af-tza (no generators found in PLEXOS).
INFO [2024-10-10 14:44:05] [WARN] - Skipped adding wind data for af-uga (no generators found in PLEXOS).
INFO [2024-10-10 14:44:06] [WIND] - Adding af-zaf aggregated wind data...
INFO [2024-10-10 14:44:06] [WARN] - Skipped adding wind data for af-zmb (no generators found in PLEXOS).
INFO [2024-10-10 14:44:06] [WARN] - Skipped adding wind data for af-zwe (no generators found in PLEXOS).
INFO [2024-10-10 14:44:06] [WARN] - Skipped adding wind data for as-afg (no generators found in PLEXOS).
INFO [2024-10-10 14:44:06] [WARN] - Skipped adding wind data for as-are (no generators found in PLEXOS).
INFO [2024-10-10 14:44:06] [WARN] - Skipped adding wind data for as-bgd (no generators found in PLEXOS).
INFO [2024-10-10 14:44:06] [WARN] - Skipped adding wind data for as-bhr (no generators found in PLEXOS).
INFO [2024-10-10 14:44:06] [WARN] - Skipped adding wind data for as-brn (no generators found in PLEXOS).
INFO [2024-10-10 14:44:06] [WARN] - Skipped adding wind data for as-btn (no generators found in PLEXOS).
INFO [2024-10-10 14:44:07] [WIND] - Adding as-chn-an aggregated wind data...
INFO [2024-10-10 14:44:07] [WARN] - Skipped adding wind data for as-chn-be (no generators found in PLEXOS).
INFO [2024-10-10 14:44:07] [WARN] - Skipped adding wind data for as-chn-ch (no generators found in PLEXOS).
INFO [2024-10-10 14:44:09] [WIND] - Adding as-chn-em aggregated wind data...
INFO [2024-10-10 14:44:10] [WIND] - Adding as-chn-fu aggregated wind data...
INFO [2024-10-10 14:44:11] [WIND] - Adding as-chn-ga aggregated wind data...
INFO [2024-10-10 14:44:13] [WIND] - Adding as-chn-gd aggregated wind data...
INFO [2024-10-10 14:44:14] [WIND] - Adding as-chn-gu aggregated wind data...
INFO [2024-10-10 14:44:15] [WIND] - Adding as-chn-gx aggregated wind data...
INFO [2024-10-10 14:44:16] [WIND] - Adding as-chn-ha aggregated wind data...
INFO [2024-10-10 14:44:17] [WIND] - Adding as-chn-hb aggregated wind data...
INFO [2024-10-10 14:44:19] [WIND] - Adding as-chn-he aggregated wind data...
INFO [2024-10-10 14:44:20] [WIND] - Adding as-chn-hj aggregated wind data...
INFO [2024-10-10 14:44:20] [WARN] - Skipped adding wind data for as-chn-hk (no generators found in PLEXOS).
INFO [2024-10-10 14:44:21] [WIND] - Adding as-chn-hn aggregated wind data...
INFO [2024-10-10 14:44:23] [WIND] - Adding as-chn-hu aggregated wind data...
INFO [2024-10-10 14:44:24] [WIND] - Adding as-chn-ji aggregated wind data...
INFO [2024-10-10 14:44:26] [WIND] - Adding as-chn-js aggregated wind data...
INFO [2024-10-10 14:44:27] [WIND] - Adding as-chn-jx aggregated wind data...
INFO [2024-10-10 14:44:28] [WIND] - Adding as-chn-li aggregated wind data...
INFO [2024-10-10 14:44:28] [WARN] - Skipped adding wind data for as-chn-ma (no generators found in PLEXOS).
INFO [2024-10-10 14:44:30] [WIND] - Adding as-chn-ni aggregated wind data...
INFO [2024-10-10 14:44:31] [WIND] - Adding as-chn-qi aggregated wind data...
INFO [2024-10-10 14:44:32] [WIND] - Adding as-chn-sc aggregated wind data...
INFO [2024-10-10 14:44:33] [WIND] - Adding as-chn-sd aggregated wind data...
INFO [2024-10-10 14:44:34] [WIND] - Adding as-chn-sh aggregated wind data...
INFO [2024-10-10 14:44:36] [WIND] - Adding as-chn-si aggregated wind data...
INFO [2024-10-10 14:44:37] [WIND] - Adding as-chn-sx aggregated wind data...
INFO [2024-10-10 14:44:37] [WARN] - Skipped adding wind data for as-chn-ti (no generators found in PLEXOS).
INFO [2024-10-10 14:44:38] [WIND] - Adding as-chn-tj aggregated wind data...
INFO [2024-10-10 14:44:39] [WIND] - Adding as-chn-wm aggregated wind data...
INFO [2024-10-10 14:44:41] [WIND] - Adding as-chn-xi aggregated wind data...
INFO [2024-10-10 14:44:42] [WIND] - Adding as-chn-yu aggregated wind data...
INFO [2024-10-10 14:44:44] [WIND] - Adding as-chn-zh aggregated wind data...
INFO [2024-10-10 14:44:44] [WARN] - Skipped adding wind data for as-idn (no generators found in PLEXOS).
INFO [2024-10-10 14:44:44] [WARN] - Skipped adding wind data for as-ind-ea (no generators found in PLEXOS).
INFO [2024-10-10 14:44:44] [WARN] - Skipped adding wind data for as-ind-ne (no generators found in PLEXOS).
INFO [2024-10-10 14:44:45] [WIND] - Adding as-ind-no aggregated wind data...
INFO [2024-10-10 14:44:47] [WIND] - Adding as-ind-so aggregated wind data...
INFO [2024-10-10 14:44:49] [WIND] - Adding as-ind-we aggregated wind data...
INFO [2024-10-10 14:44:51] [WIND] - Adding as-irn aggregated wind data...
INFO [2024-10-10 14:44:51] [WARN] - Skipped adding wind data for as-irq (no generators found in PLEXOS).
INFO [2024-10-10 14:44:51] [WARN] - Skipped adding wind data for as-isr (no generators found in PLEXOS).
INFO [2024-10-10 14:44:52] [WIND] - Adding as-jor aggregated wind data...
INFO [2024-10-10 14:44:54] [WIND] - Adding as-jpn-ce aggregated wind data...
INFO [2024-10-10 14:44:54] [WARN] - Skipped adding wind data for as-jpn-ho (no generators found in PLEXOS).
INFO [2024-10-10 14:44:54] [WARN] - Skipped adding wind data for as-jpn-ky (no generators found in PLEXOS).
INFO [2024-10-10 14:44:54] [WARN] - Skipped adding wind data for as-jpn-ok (no generators found in PLEXOS).
INFO [2024-10-10 14:44:55] [WIND] - Adding as-jpn-sh aggregated wind data...
INFO [2024-10-10 14:44:56] [WIND] - Adding as-jpn-to aggregated wind data...
INFO [2024-10-10 14:44:57] [WIND] - Adding as-kaz aggregated wind data...
INFO [2024-10-10 14:44:57] [WARN] - Skipped adding wind data for as-kgz (no generators found in PLEXOS).
INFO [2024-10-10 14:44:57] [WARN] - Skipped adding wind data for as-khm (no generators found in PLEXOS).
INFO [2024-10-10 14:44:59] [WIND] - Adding as-kor aggregated wind data...
INFO [2024-10-10 14:44:59] [WARN] - Skipped adding wind data for as-kwt (no generators found in PLEXOS).
INFO [2024-10-10 14:44:59] [WARN] - Skipped adding wind data for as-lao (no generators found in PLEXOS).
INFO [2024-10-10 14:44:59] [WARN] - Skipped adding wind data for as-lbn (no generators found in PLEXOS).
INFO [2024-10-10 14:45:00] [WIND] - Adding as-lka aggregated wind data...
INFO [2024-10-10 14:45:00] [WARN] - Skipped adding wind data for as-mmr (no generators found in PLEXOS).
INFO [2024-10-10 14:45:02] [WIND] - Adding as-mng aggregated wind data...
INFO [2024-10-10 14:45:02] [WARN] - Skipped adding wind data for as-mys (no generators found in PLEXOS).
INFO [2024-10-10 14:45:02] [WARN] - Skipped adding wind data for as-npl (no generators found in PLEXOS).
INFO [2024-10-10 14:45:02] [WARN] - Skipped adding wind data for as-omn (no generators found in PLEXOS).
INFO [2024-10-10 14:45:03] [WIND] - Adding as-pak aggregated wind data...
INFO [2024-10-10 14:45:05] [WIND] - Adding as-phl aggregated wind data...
INFO [2024-10-10 14:45:05] [WARN] - Skipped adding wind data for as-prk (no generators found in PLEXOS).
INFO [2024-10-10 14:45:05] [WARN] - Skipped adding wind data for as-qat (no generators found in PLEXOS).
INFO [2024-10-10 14:45:07] [WIND] - Adding as-rus-ce aggregated wind data...
INFO [2024-10-10 14:45:07] [WARN] - Skipped adding wind data for as-rus-fe (no generators found in PLEXOS).
INFO [2024-10-10 14:45:08] [WIND] - Adding as-rus-mv aggregated wind data...
INFO [2024-10-10 14:45:08] [WARN] - Skipped adding wind data for as-rus-nw (no generators found in PLEXOS).
INFO [2024-10-10 14:45:08] [WARN] - Skipped adding wind data for as-rus-si (no generators found in PLEXOS).
INFO [2024-10-10 14:45:08] [WARN] - Skipped adding wind data for as-rus-so (no generators found in PLEXOS).
INFO [2024-10-10 14:45:09] [WIND] - Adding as-rus-ur aggregated wind data...
INFO [2024-10-10 14:45:09] [WARN] - Skipped adding wind data for as-sau (no generators found in PLEXOS).
INFO [2024-10-10 14:45:09] [WARN] - Skipped adding wind data for as-sgp (no generators found in PLEXOS).
INFO [2024-10-10 14:45:09] [WARN] - Skipped adding wind data for as-syr (no generators found in PLEXOS).
INFO [2024-10-10 14:45:10] [WIND] - Adding as-tha aggregated wind data...
INFO [2024-10-10 14:45:10] [WARN] - Skipped adding wind data for as-tjk (no generators found in PLEXOS).
INFO [2024-10-10 14:45:10] [WARN] - Skipped adding wind data for as-tkm (no generators found in PLEXOS).
INFO [2024-10-10 14:45:11] [WIND] - Adding as-tur aggregated wind data...
INFO [2024-10-10 14:45:12] [WIND] - Adding as-twn aggregated wind data...
INFO [2024-10-10 14:45:12] [WARN] - Skipped adding wind data for as-uzb (no generators found in PLEXOS).
INFO [2024-10-10 14:45:13] [WIND] - Adding as-vnm aggregated wind data...
INFO [2024-10-10 14:45:13] [WARN] - Skipped adding wind data for as-yem (no generators found in PLEXOS).
INFO [2024-10-10 14:45:13] [WARN] - Skipped adding wind data for eu-alb (no generators found in PLEXOS).
INFO [2024-10-10 14:45:13] [WARN] - Skipped adding wind data for eu-arm (no generators found in PLEXOS).
INFO [2024-10-10 14:45:14] [WIND] - Adding eu-aut aggregated wind data...
INFO [2024-10-10 14:45:14] [WARN] - Skipped adding wind data for eu-aze (no generators found in PLEXOS).
INFO [2024-10-10 14:45:15] [WIND] - Adding eu-bel aggregated wind data...
INFO [2024-10-10 14:45:17] [WIND] - Adding eu-bgr aggregated wind data...
INFO [2024-10-10 14:45:17] [WARN] - Skipped adding wind data for eu-bih (no generators found in PLEXOS).
INFO [2024-10-10 14:45:17] [WARN] - Skipped adding wind data for eu-blr (no generators found in PLEXOS).
INFO [2024-10-10 14:45:18] [WIND] - Adding eu-che aggregated wind data...
INFO [2024-10-10 14:45:19] [WIND] - Adding eu-cyp aggregated wind data...
INFO [2024-10-10 14:45:20] [WIND] - Adding eu-cze aggregated wind data...
INFO [2024-10-10 14:45:21] [WIND] - Adding eu-deu aggregated wind data...
INFO [2024-10-10 14:45:22] [WIND] - Adding eu-dnk aggregated wind data...
INFO [2024-10-10 14:45:24] [WIND] - Adding eu-esp aggregated wind data...
INFO [2024-10-10 14:45:25] [WIND] - Adding eu-est aggregated wind data...
INFO [2024-10-10 14:45:26] [WIND] - Adding eu-fin aggregated wind data...
INFO [2024-10-10 14:45:27] [WIND] - Adding eu-fra aggregated wind data...
INFO [2024-10-10 14:45:29] [WIND] - Adding eu-gbr aggregated wind data...
INFO [2024-10-10 14:45:29] [WARN] - Skipped adding wind data for eu-geo (no generators found in PLEXOS).
INFO [2024-10-10 14:45:30] [WIND] - Adding eu-grc aggregated wind data...
INFO [2024-10-10 14:45:32] [WIND] - Adding eu-hrv aggregated wind data...
INFO [2024-10-10 14:45:33] [WIND] - Adding eu-hun aggregated wind data...
INFO [2024-10-10 14:45:34] [WIND] - Adding eu-irl aggregated wind data...
INFO [2024-10-10 14:45:34] [WARN] - Skipped adding wind data for eu-isl (no generators found in PLEXOS).
INFO [2024-10-10 14:45:36] [WIND] - Adding eu-ita aggregated wind data...
INFO [2024-10-10 14:45:36] [WARN] - Skipped adding wind data for eu-kos (no generators found in PLEXOS).
INFO [2024-10-10 14:45:37] [WIND] - Adding eu-ltu aggregated wind data...
INFO [2024-10-10 14:45:39] [WIND] - Adding eu-lux aggregated wind data...
INFO [2024-10-10 14:45:40] [WIND] - Adding eu-lva aggregated wind data...
INFO [2024-10-10 14:45:40] [WARN] - Skipped adding wind data for eu-mda (no generators found in PLEXOS).
INFO [2024-10-10 14:45:40] [WARN] - Skipped adding wind data for eu-mkd (no generators found in PLEXOS).
INFO [2024-10-10 14:45:40] [WARN] - Skipped adding wind data for eu-mne (no generators found in PLEXOS).
INFO [2024-10-10 14:45:41] [WIND] - Adding eu-nld aggregated wind data...
INFO [2024-10-10 14:45:43] [WIND] - Adding eu-nor aggregated wind data...
INFO [2024-10-10 14:45:45] [WIND] - Adding eu-pol aggregated wind data...
INFO [2024-10-10 14:45:46] [WIND] - Adding eu-prt aggregated wind data...
INFO [2024-10-10 14:45:48] [WIND] - Adding eu-rou aggregated wind data...
INFO [2024-10-10 14:45:48] [WARN] - Skipped adding wind data for eu-srb (no generators found in PLEXOS).
INFO [2024-10-10 14:45:48] [WARN] - Skipped adding wind data for eu-svk (no generators found in PLEXOS).
INFO [2024-10-10 14:45:48] [WARN] - Skipped adding wind data for eu-svn (no generators found in PLEXOS).
INFO [2024-10-10 14:45:49] [WIND] - Adding eu-swe aggregated wind data...
INFO [2024-10-10 14:45:50] [WIND] - Adding eu-ukr aggregated wind data...
INFO [2024-10-10 14:45:51] [WIND] - Adding oc-ata aggregated wind data...
INFO [2024-10-10 14:45:51] [WARN] - Skipped adding wind data for oc-aus-nt (no generators found in PLEXOS).
INFO [2024-10-10 14:45:53] [WIND] - Adding oc-aus-ql aggregated wind data...
INFO [2024-10-10 14:45:54] [WIND] - Adding oc-aus-sa aggregated wind data...
INFO [2024-10-10 14:45:55] [WIND] - Adding oc-aus-sw aggregated wind data...
INFO [2024-10-10 14:45:56] [WIND] - Adding oc-aus-ta aggregated wind data...
INFO [2024-10-10 14:45:58] [WIND] - Adding oc-aus-vi aggregated wind data...
INFO [2024-10-10 14:45:59] [WIND] - Adding oc-aus-wa aggregated wind data...
INFO [2024-10-10 14:46:00] [WIND] - Adding oc-fji aggregated wind data...
INFO [2024-10-10 14:46:02] [WIND] - Adding oc-nzl aggregated wind data...
INFO [2024-10-10 14:46:02] [WARN] - Skipped adding wind data for oc-png (no generators found in PLEXOS).
INFO [2024-10-10 14:46:03] [WIND] - Adding na-can-ab aggregated wind data...
INFO [2024-10-10 14:46:04] [WIND] - Adding na-can-ar aggregated wind data...
INFO [2024-10-10 14:46:06] [WIND] - Adding na-can-bc aggregated wind data...
INFO [2024-10-10 14:46:07] [WIND] - Adding na-can-mb aggregated wind data...
INFO [2024-10-10 14:46:08] [WIND] - Adding na-can-nl aggregated wind data...
INFO [2024-10-10 14:46:10] [WIND] - Adding na-can-no aggregated wind data...
INFO [2024-10-10 14:46:11] [WIND] - Adding na-can-on aggregated wind data...
INFO [2024-10-10 14:46:12] [WIND] - Adding na-can-qc aggregated wind data...
INFO [2024-10-10 14:46:14] [WIND] - Adding na-can-sk aggregated wind data...
INFO [2024-10-10 14:46:15] [WIND] - Adding na-cri aggregated wind data...
INFO [2024-10-10 14:46:16] [WIND] - Adding na-cub aggregated wind data...
INFO [2024-10-10 14:46:17] [WIND] - Adding na-dom aggregated wind data...
INFO [2024-10-10 14:46:18] [WIND] - Adding na-gtm aggregated wind data...
INFO [2024-10-10 14:46:19] [WIND] - Adding na-hnd aggregated wind data...
INFO [2024-10-10 14:46:21] [WIND] - Adding na-jam aggregated wind data...
INFO [2024-10-10 14:46:21] [WIND] - Adding na-mex aggregated wind data...
INFO [2024-10-10 14:46:23] [WIND] - Adding na-nic aggregated wind data...
INFO [2024-10-10 14:46:24] [WIND] - Adding na-pan aggregated wind data...
INFO [2024-10-10 14:46:24] [WARN] - Skipped adding wind data for na-slv (no generators found in PLEXOS).
INFO [2024-10-10 14:46:24] [WARN] - Skipped adding wind data for na-tto (no generators found in PLEXOS).
INFO [2024-10-10 14:46:25] [WIND] - Adding na-usa-ak aggregated wind data...
INFO [2024-10-10 14:46:26] [WIND] - Adding na-usa-az aggregated wind data...
INFO [2024-10-10 14:46:28] [WIND] - Adding na-usa-ca aggregated wind data...
INFO [2024-10-10 14:46:29] [WIND] - Adding na-usa-er aggregated wind data...
INFO [2024-10-10 14:46:29] [WARN] - Skipped adding wind data for na-usa-fr (no generators found in PLEXOS).
INFO [2024-10-10 14:46:29] [WARN] - Skipped adding wind data for na-usa-gu (no generators found in PLEXOS).
INFO [2024-10-10 14:46:31] [WIND] - Adding na-usa-ha aggregated wind data...
INFO [2024-10-10 14:46:32] [WIND] - Adding na-usa-me aggregated wind data...
INFO [2024-10-10 14:46:33] [WIND] - Adding na-usa-mw aggregated wind data...
INFO [2024-10-10 14:46:34] [WIND] - Adding na-usa-ne aggregated wind data...
INFO [2024-10-10 14:46:35] [WIND] - Adding na-usa-nw aggregated wind data...
INFO [2024-10-10 14:46:36] [WIND] - Adding na-usa-ny aggregated wind data...
INFO [2024-10-10 14:46:38] [WIND] - Adding na-usa-pr aggregated wind data...
INFO [2024-10-10 14:46:39] [WIND] - Adding na-usa-ra aggregated wind data...
INFO [2024-10-10 14:46:40] [WIND] - Adding na-usa-re aggregated wind data...
INFO [2024-10-10 14:46:41] [WIND] - Adding na-usa-rm aggregated wind data...
INFO [2024-10-10 14:46:42] [WIND] - Adding na-usa-rw aggregated wind data...
INFO [2024-10-10 14:46:42] [WARN] - Skipped adding wind data for na-usa-sa (no generators found in PLEXOS).
INFO [2024-10-10 14:46:43] [WIND] - Adding na-usa-sc aggregated wind data...
INFO [2024-10-10 14:46:43] [WARN] - Skipped adding wind data for na-usa-se (no generators found in PLEXOS).
INFO [2024-10-10 14:46:44] [WIND] - Adding na-usa-sn aggregated wind data...
INFO [2024-10-10 14:46:45] [WIND] - Adding na-usa-ss aggregated wind data...
INFO [2024-10-10 14:46:45] [WARN] - Skipped adding wind data for na-usa-sv (no generators found in PLEXOS).
INFO [2024-10-10 14:46:47] [WIND] - Adding na-usa-sw aggregated wind data...
INFO [2024-10-10 14:46:48] [WIND] - Adding sa-arg aggregated wind data...
INFO [2024-10-10 14:46:48] [WARN] - Skipped adding wind data for sa-bol (no generators found in PLEXOS).
INFO [2024-10-10 14:46:48] [WARN] - Skipped adding wind data for sa-bra-cn (no generators found in PLEXOS).
INFO [2024-10-10 14:46:48] [WARN] - Skipped adding wind data for sa-bra-cw (no generators found in PLEXOS).
INFO [2024-10-10 14:46:48] [WARN] - Skipped adding wind data for sa-bra-j1 (no generators found in PLEXOS).
INFO [2024-10-10 14:46:48] [WARN] - Skipped adding wind data for sa-bra-j2 (no generators found in PLEXOS).
INFO [2024-10-10 14:46:48] [WARN] - Skipped adding wind data for sa-bra-j3 (no generators found in PLEXOS).
INFO [2024-10-10 14:46:49] [WIND] - Adding sa-bra-ne aggregated wind data...
INFO [2024-10-10 14:46:49] [WARN] - Skipped adding wind data for sa-bra-nw (no generators found in PLEXOS).
INFO [2024-10-10 14:46:50] [WIND] - Adding sa-bra-se aggregated wind data...
INFO [2024-10-10 14:46:52] [WIND] - Adding sa-bra-so aggregated wind data...
INFO [2024-10-10 14:46:52] [WARN] - Skipped adding wind data for sa-bra-we (no generators found in PLEXOS).
INFO [2024-10-10 14:46:53] [WIND] - Adding sa-chl aggregated wind data...
INFO [2024-10-10 14:46:54] [WIND] - Adding sa-col aggregated wind data...
INFO [2024-10-10 14:46:56] [WIND] - Adding sa-ecu aggregated wind data...
INFO [2024-10-10 14:46:56] [WARN] - Skipped adding wind data for sa-guf (no generators found in PLEXOS).
INFO [2024-10-10 14:46:57] [WIND] - Adding sa-guy aggregated wind data...
INFO [2024-10-10 14:46:58] [WIND] - Adding sa-per aggregated wind data...
INFO [2024-10-10 14:46:58] [WARN] - Skipped adding wind data for sa-pry (no generators found in PLEXOS).
INFO [2024-10-10 14:47:00] [WIND] - Adding sa-ury aggregated wind data...
INFO [2024-10-10 14:47:01] [WIND] - Adding sa-ven aggregated wind data...
INFO [2024-10-10 14:47:01] [WIND] - Saving aggregated wind data to output folder...
INFO [2024-10-10 14:47:01] [WARN] - The following generators have Ninja timeseries, but no PLEXOS properties: afg_win_capacity scaler, ago_win_capacity scaler, alb_win_capacity scaler, are_win_capacity scaler, arm_win_capacity scaler, chn-be_win_capacity scaler, chn-ch_win_capacity scaler, chn-hk_win_capacity scaler, chn-ma_win_capacity scaler, chn-ti_win_capacity scaler, ind-ea_win_capacity scaler, ind-ne_win_capacity scaler, jpn-ho_win_capacity scaler, jpn-ky_win_capacity scaler, jpn-ok_win_capacity scaler, rus-ce_win_capacity scaler, rus-fe_win_capacity scaler, rus-mv_win_capacity scaler, rus-nw_win_capacity scaler, rus-si_win_capacity scaler, rus-so_win_capacity scaler, rus-ur_win_capacity scaler, ata_win_capacity scaler, aze_win_capacity scaler, bdi_win_capacity scaler, ben_win_capacity scaler, bfa_win_capacity scaler, bgd_win_capacity scaler, bhr_win_capacity scaler, bih_win_capacity scaler, blr_win_capacity scaler, bol_win_capacity scaler, brn_win_capacity scaler, btn_win_capacity scaler, bwa_win_capacity scaler, caf_win_capacity scaler, civ_win_capacity scaler, cmr_win_capacity scaler, cod_win_capacity scaler, cog_win_capacity scaler, cub_win_capacity scaler, dji_win_capacity scaler, dza_win_capacity scaler, eri_win_capacity scaler, esh_win_capacity scaler, fji_win_capacity scaler, gab_win_capacity scaler, gbr_win_capacity scaler, geo_win_capacity scaler, gha_win_capacity scaler, gin_win_capacity scaler, gmb_win_capacity scaler, gnb_win_capacity scaler, gnq_win_capacity scaler, gtm_win_capacity scaler, guf_win_capacity scaler, idn_win_capacity scaler, irq_win_capacity scaler, isl_win_capacity scaler, isr_win_capacity scaler, jam_win_capacity scaler, ken_win_capacity scaler, kgz_win_capacity scaler, khm_win_capacity scaler, kos_win_capacity scaler, kwt_win_capacity scaler, lao_win_capacity scaler, lbn_win_capacity scaler, lbr_win_capacity scaler, lby_win_capacity scaler, lka_win_capacity scaler, lso_win_capacity scaler, mda_win_capacity scaler, mdg_win_capacity scaler, mkd_win_capacity scaler, mli_win_capacity scaler, mmr_win_capacity scaler, mne_win_capacity scaler, mng_win_capacity scaler, moz_win_capacity scaler, mrt_win_capacity scaler, mus_win_capacity scaler, mwi_win_capacity scaler, mys_win_capacity scaler, can-ab_win_capacity scaler, can-ar_win_capacity scaler, can-bc_win_capacity scaler, can-mb_win_capacity scaler, can-nl_win_capacity scaler, can-no_win_capacity scaler, can-on_win_capacity scaler, can-qc_win_capacity scaler, can-sk_win_capacity scaler, nam_win_capacity scaler, usa-ak_win_capacity scaler, usa-fr_win_capacity scaler, usa-gu_win_capacity scaler, usa-ha_win_capacity scaler, usa-me_win_capacity scaler, usa-pr_win_capacity scaler, usa-sa_win_capacity scaler, usa-sc_win_capacity scaler, usa-se_win_capacity scaler, usa-sv_win_capacity scaler, ner_win_capacity scaler, nga_win_capacity scaler, npl_win_capacity scaler, aus-nt_win_capacity scaler, aus-ql_win_capacity scaler, aus-sa_win_capacity scaler, aus-sw_win_capacity scaler, aus-ta_win_capacity scaler, aus-vi_win_capacity scaler, aus-wa_win_capacity scaler, omn_win_capacity scaler, pak_win_capacity scaler, png_win_capacity scaler, prk_win_capacity scaler, prt_win_capacity scaler, pry_win_capacity scaler, qat_win_capacity scaler, rwa_win_capacity scaler, bra-cn_win_capacity scaler, bra-cw_win_capacity scaler, bra-nw_win_capacity scaler, bra-se_win_capacity scaler, bra-we_win_capacity scaler, sau_win_capacity scaler, sdn_win_capacity scaler, sen_win_capacity scaler, sgp_win_capacity scaler, sle_win_capacity scaler, slv_win_capacity scaler, srb_win_capacity scaler, svk_win_capacity scaler, svn_win_capacity scaler, swz_win_capacity scaler, syr_win_capacity scaler, tgo_win_capacity scaler, tha_win_capacity scaler, tjk_win_capacity scaler, tkm_win_capacity scaler, tto_win_capacity scaler, tza_win_capacity scaler, uga_win_capacity scaler, ury_win_capacity scaler, uzb_win_capacity scaler, yem_win_capacity scaler, zaf_win_capacity scaler, zmb_win_capacity scaler, zwe_win_capacity scaler
INFO [2024-10-10 14:47:01] [WARN] - Nominal capacities are unknown, so they cannot be imported into the simulation.
