INFO [2024-09-09 17:06:22] [MAIN] - Creating clusters_ren__2024_09_09_17_06_22 study...

INFO [2024-09-09 17:06:22] [MAIN] - Unit commitment mode : ACCURATE
INFO [2024-09-09 17:06:22] [MAIN] - Adding nodes...

INFO [2024-09-09 17:06:23] [NODES] - Adding eu-alb node...
INFO [2024-09-09 17:06:23] [NODES] - Adding eu-arm node...
INFO [2024-09-09 17:06:24] [NODES] - Adding eu-aut node...
INFO [2024-09-09 17:06:24] [NODES] - Adding eu-aze node...
INFO [2024-09-09 17:06:24] [NODES] - Adding eu-bel node...
INFO [2024-09-09 17:06:24] [NODES] - Adding eu-bgr node...
INFO [2024-09-09 17:06:24] [NODES] - Adding eu-bih node...
INFO [2024-09-09 17:06:24] [NODES] - Adding eu-blr node...
INFO [2024-09-09 17:06:24] [NODES] - Adding eu-che node...
INFO [2024-09-09 17:06:25] [NODES] - Adding eu-cyp node...
INFO [2024-09-09 17:06:25] [NODES] - Adding eu-cze node...
INFO [2024-09-09 17:06:25] [NODES] - Adding eu-deu node...
INFO [2024-09-09 17:06:25] [NODES] - Adding eu-dnk node...
INFO [2024-09-09 17:06:25] [NODES] - Adding eu-esp node...
INFO [2024-09-09 17:06:26] [NODES] - Adding eu-est node...
INFO [2024-09-09 17:06:26] [NODES] - Adding eu-fin node...
INFO [2024-09-09 17:06:26] [NODES] - Adding eu-fra node...
INFO [2024-09-09 17:06:27] [NODES] - Adding eu-gbr node...
INFO [2024-09-09 17:06:27] [NODES] - Adding eu-geo node...
INFO [2024-09-09 17:06:27] [NODES] - Adding eu-grc node...
INFO [2024-09-09 17:06:28] [NODES] - Adding eu-hrv node...
INFO [2024-09-09 17:06:28] [NODES] - Adding eu-hun node...
INFO [2024-09-09 17:06:28] [NODES] - Adding eu-irl node...
INFO [2024-09-09 17:06:29] [NODES] - Adding eu-isl node...
INFO [2024-09-09 17:06:29] [NODES] - Adding eu-ita node...
INFO [2024-09-09 17:06:29] [NODES] - Adding eu-kos node...
INFO [2024-09-09 17:06:29] [NODES] - Adding eu-ltu node...
INFO [2024-09-09 17:06:30] [NODES] - Adding eu-lux node...
INFO [2024-09-09 17:06:30] [NODES] - Adding eu-lva node...
INFO [2024-09-09 17:06:30] [NODES] - Adding eu-mda node...
INFO [2024-09-09 17:06:31] [NODES] - Adding eu-mkd node...
INFO [2024-09-09 17:06:31] [NODES] - Adding eu-mne node...
INFO [2024-09-09 17:06:31] [NODES] - Adding eu-nld node...
INFO [2024-09-09 17:06:32] [NODES] - Adding eu-nor node...
INFO [2024-09-09 17:06:32] [NODES] - Adding eu-pol node...
INFO [2024-09-09 17:06:32] [NODES] - Adding eu-prt node...
INFO [2024-09-09 17:06:33] [NODES] - Adding eu-rou node...
INFO [2024-09-09 17:06:33] [NODES] - Adding eu-srb node...
INFO [2024-09-09 17:06:34] [NODES] - Adding eu-svk node...
INFO [2024-09-09 17:06:34] [NODES] - Adding eu-svn node...
INFO [2024-09-09 17:06:34] [NODES] - Adding eu-swe node...
INFO [2024-09-09 17:06:35] [NODES] - Adding eu-ukr node...
INFO [2024-09-09 17:06:35] [MAIN] - Done adding nodes! (run time : 12.61s).

INFO [2024-09-09 17:06:35] [MAIN] - Adding load data...

INFO [2024-09-09 17:06:36] [LOAD] - Adding eu-alb load data...
INFO [2024-09-09 17:06:36] [LOAD] - Adding eu-arm load data...
INFO [2024-09-09 17:06:36] [LOAD] - Adding eu-aut load data...
INFO [2024-09-09 17:06:37] [LOAD] - Adding eu-aze load data...
INFO [2024-09-09 17:06:37] [LOAD] - Adding eu-bel load data...
INFO [2024-09-09 17:06:37] [LOAD] - Adding eu-bgr load data...
INFO [2024-09-09 17:06:37] [LOAD] - Adding eu-bih load data...
INFO [2024-09-09 17:06:38] [LOAD] - Adding eu-blr load data...
INFO [2024-09-09 17:06:38] [LOAD] - Adding eu-che load data...
INFO [2024-09-09 17:06:38] [LOAD] - Adding eu-cyp load data...
INFO [2024-09-09 17:06:38] [LOAD] - Adding eu-cze load data...
INFO [2024-09-09 17:06:39] [LOAD] - Adding eu-deu load data...
INFO [2024-09-09 17:06:39] [LOAD] - Adding eu-dnk load data...
INFO [2024-09-09 17:06:39] [LOAD] - Adding eu-esp load data...
INFO [2024-09-09 17:06:39] [LOAD] - Adding eu-est load data...
INFO [2024-09-09 17:06:39] [LOAD] - Adding eu-fin load data...
INFO [2024-09-09 17:06:39] [LOAD] - Adding eu-fra load data...
INFO [2024-09-09 17:06:40] [LOAD] - Adding eu-gbr load data...
INFO [2024-09-09 17:06:40] [LOAD] - Adding eu-geo load data...
INFO [2024-09-09 17:06:40] [LOAD] - Adding eu-grc load data...
INFO [2024-09-09 17:06:40] [LOAD] - Adding eu-hrv load data...
INFO [2024-09-09 17:06:41] [LOAD] - Adding eu-hun load data...
INFO [2024-09-09 17:06:41] [LOAD] - Adding eu-irl load data...
INFO [2024-09-09 17:06:41] [LOAD] - Adding eu-isl load data...
INFO [2024-09-09 17:06:42] [LOAD] - Adding eu-ita load data...
INFO [2024-09-09 17:06:42] [LOAD] - Adding eu-kos load data...
INFO [2024-09-09 17:06:42] [LOAD] - Adding eu-ltu load data...
INFO [2024-09-09 17:06:42] [LOAD] - Adding eu-lux load data...
INFO [2024-09-09 17:06:43] [LOAD] - Adding eu-lva load data...
INFO [2024-09-09 17:06:43] [LOAD] - Adding eu-mda load data...
INFO [2024-09-09 17:06:43] [LOAD] - Adding eu-mkd load data...
INFO [2024-09-09 17:06:43] [LOAD] - Adding eu-mne load data...
INFO [2024-09-09 17:06:44] [LOAD] - Adding eu-nld load data...
INFO [2024-09-09 17:06:44] [LOAD] - Adding eu-nor load data...
INFO [2024-09-09 17:06:44] [LOAD] - Adding eu-pol load data...
INFO [2024-09-09 17:06:44] [LOAD] - Adding eu-prt load data...
INFO [2024-09-09 17:06:44] [LOAD] - Adding eu-rou load data...
INFO [2024-09-09 17:06:45] [LOAD] - Adding eu-srb load data...
INFO [2024-09-09 17:06:45] [LOAD] - Adding eu-svk load data...
INFO [2024-09-09 17:06:45] [LOAD] - Adding eu-svn load data...
INFO [2024-09-09 17:06:45] [LOAD] - Adding eu-swe load data...
INFO [2024-09-09 17:06:45] [LOAD] - Adding eu-ukr load data...
INFO [2024-09-09 17:06:46] [MAIN] - Done adding load data! (run time : 10.5s).

INFO [2024-09-09 17:06:46] [MAIN] - Fetching solar data...

INFO [2024-09-09 17:06:47] [WARN] - Properties for aus_sol_liddellsolart507 generator has not been found in PLEXOS data.
INFO [2024-09-09 17:06:47] [WARN] - Properties for chn_sol_datangdelingha5184 generator has not been found in PLEXOS data.
INFO [2024-09-09 17:06:47] [WARN] - Properties for chn_sol_gansudunhuang5424 generator has not been found in PLEXOS data.
INFO [2024-09-09 17:06:47] [WARN] - Properties for chn_sol_innermongolia6200 generator has not been found in PLEXOS data.
INFO [2024-09-09 17:06:47] [WARN] - Properties for chn_sol_qinghaigonghe6862 generator has not been found in PLEXOS data.
INFO [2024-09-09 17:06:47] [SOLAR] - Adding cze_sol_albrechtikys7997 generator to eu-cze area...
INFO [2024-09-09 17:06:47] [SOLAR] - Successfully added cze_sol_albrechtikys7997 generator to eu-cze area!
INFO [2024-09-09 17:06:47] [SOLAR] - Adding cze_sol_arnolticesolar7998 generator to eu-cze area...
INFO [2024-09-09 17:06:48] [SOLAR] - Successfully added cze_sol_arnolticesolar7998 generator to eu-cze area!
INFO [2024-09-09 17:06:48] [SOLAR] - Adding cze_sol_baicesolarp7999 generator to eu-cze area...
INFO [2024-09-09 17:06:48] [SOLAR] - Successfully added cze_sol_baicesolarp7999 generator to eu-cze area!
INFO [2024-09-09 17:06:48] [SOLAR] - Adding cze_sol_bentkynadji8000 generator to eu-cze area...
INFO [2024-09-09 17:06:48] [SOLAR] - Successfully added cze_sol_bentkynadji8000 generator to eu-cze area!
INFO [2024-09-09 17:06:48] [SOLAR] - Adding cze_sol_bernarticesola8001 generator to eu-cze area...
INFO [2024-09-09 17:06:48] [SOLAR] - Successfully added cze_sol_bernarticesola8001 generator to eu-cze area!
INFO [2024-09-09 17:06:48] [SOLAR] - Adding cze_sol_beerovicesol8002 generator to eu-cze area...
INFO [2024-09-09 17:06:49] [SOLAR] - Successfully added cze_sol_beerovicesol8002 generator to eu-cze area!
INFO [2024-09-09 17:06:49] [SOLAR] - Adding cze_sol_blatnsolarp8003 generator to eu-cze area...
INFO [2024-09-09 17:06:49] [SOLAR] - Successfully added cze_sol_blatnsolarp8003 generator to eu-cze area!
INFO [2024-09-09 17:06:49] [SOLAR] - Adding cze_sol_blkovice8004 generator to eu-cze area...
INFO [2024-09-09 17:06:49] [SOLAR] - Successfully added cze_sol_blkovice8004 generator to eu-cze area!
INFO [2024-09-09 17:06:49] [SOLAR] - Adding cze_sol_blkovice8005 generator to eu-cze area...
INFO [2024-09-09 17:06:49] [SOLAR] - Successfully added cze_sol_blkovice8005 generator to eu-cze area!
INFO [2024-09-09 17:06:49] [SOLAR] - Adding cze_sol_blanyuloun8006 generator to eu-cze area...
INFO [2024-09-09 17:06:50] [SOLAR] - Successfully added cze_sol_blanyuloun8006 generator to eu-cze area!
INFO [2024-09-09 17:06:50] [SOLAR] - Adding cze_sol_bohuovicesol8007 generator to eu-cze area...
INFO [2024-09-09 17:06:50] [SOLAR] - Successfully added cze_sol_bohuovicesol8007 generator to eu-cze area!
INFO [2024-09-09 17:06:50] [SOLAR] - Adding cze_sol_bojanovicesola8008 generator to eu-cze area...
INFO [2024-09-09 17:06:50] [SOLAR] - Successfully added cze_sol_bojanovicesola8008 generator to eu-cze area!
INFO [2024-09-09 17:06:50] [SOLAR] - Adding cze_sol_bojkovice2sol8009 generator to eu-cze area...
INFO [2024-09-09 17:06:50] [SOLAR] - Successfully added cze_sol_bojkovice2sol8009 generator to eu-cze area!
INFO [2024-09-09 17:06:50] [SOLAR] - Adding cze_sol_boleticesolar8010 generator to eu-cze area...
INFO [2024-09-09 17:06:51] [SOLAR] - Successfully added cze_sol_boleticesolar8010 generator to eu-cze area!
INFO [2024-09-09 17:06:51] [SOLAR] - Adding cze_sol_boleinysolar8011 generator to eu-cze area...
INFO [2024-09-09 17:06:51] [SOLAR] - Successfully added cze_sol_boleinysolar8011 generator to eu-cze area!
INFO [2024-09-09 17:06:51] [SOLAR] - Adding cze_sol_boreksolarpow8012 generator to eu-cze area...
INFO [2024-09-09 17:06:51] [SOLAR] - Successfully added cze_sol_boreksolarpow8012 generator to eu-cze area!
INFO [2024-09-09 17:06:51] [SOLAR] - Adding cze_sol_boskovicesolar8013 generator to eu-cze area...
INFO [2024-09-09 17:06:52] [SOLAR] - Successfully added cze_sol_boskovicesolar8013 generator to eu-cze area!
INFO [2024-09-09 17:06:52] [SOLAR] - Adding cze_sol_boudysolarpow8014 generator to eu-cze area...
INFO [2024-09-09 17:06:52] [SOLAR] - Successfully added cze_sol_boudysolarpow8014 generator to eu-cze area!
INFO [2024-09-09 17:06:52] [SOLAR] - Adding cze_sol_boovicesolar8015 generator to eu-cze area...
INFO [2024-09-09 17:06:52] [SOLAR] - Successfully added cze_sol_boovicesolar8015 generator to eu-cze area!
INFO [2024-09-09 17:06:52] [SOLAR] - Adding cze_sol_boicesolarp8016 generator to eu-cze area...
INFO [2024-09-09 17:06:52] [SOLAR] - Successfully added cze_sol_boicesolarp8016 generator to eu-cze area!
INFO [2024-09-09 17:06:52] [SOLAR] - Adding cze_sol_braecsolarp8017 generator to eu-cze area...
INFO [2024-09-09 17:06:53] [SOLAR] - Successfully added cze_sol_braecsolarp8017 generator to eu-cze area!
INFO [2024-09-09 17:06:53] [SOLAR] - Adding cze_sol_brnotuanyso8019 generator to eu-cze area...
INFO [2024-09-09 17:06:53] [SOLAR] - Successfully added cze_sol_brnotuanyso8019 generator to eu-cze area!
INFO [2024-09-09 17:06:53] [SOLAR] - Adding cze_sol_brnnecsolar8020 generator to eu-cze area...
INFO [2024-09-09 17:06:53] [SOLAR] - Successfully added cze_sol_brnnecsolar8020 generator to eu-cze area!
INFO [2024-09-09 17:06:53] [SOLAR] - Adding cze_sol_brod2solarpo8021 generator to eu-cze area...
INFO [2024-09-09 17:06:54] [SOLAR] - Successfully added cze_sol_brod2solarpo8021 generator to eu-cze area!
INFO [2024-09-09 17:06:54] [SOLAR] - Adding cze_sol_brozanynadoh8022 generator to eu-cze area...
INFO [2024-09-09 17:06:54] [SOLAR] - Successfully added cze_sol_brozanynadoh8022 generator to eu-cze area!
INFO [2024-09-09 17:06:54] [SOLAR] - Adding cze_sol_bruzovicesolar8023 generator to eu-cze area...
INFO [2024-09-09 17:06:54] [SOLAR] - Successfully added cze_sol_bruzovicesolar8023 generator to eu-cze area!
INFO [2024-09-09 17:06:54] [SOLAR] - Adding cze_sol_buchlovicesola8024 generator to eu-cze area...
INFO [2024-09-09 17:06:54] [SOLAR] - Successfully added cze_sol_buchlovicesola8024 generator to eu-cze area!
INFO [2024-09-09 17:06:54] [SOLAR] - Adding cze_sol_buanovicesol8025 generator to eu-cze area...
INFO [2024-09-09 17:06:55] [SOLAR] - Successfully added cze_sol_buanovicesol8025 generator to eu-cze area!
INFO [2024-09-09 17:06:55] [SOLAR] - Adding cze_sol_buthradsol8026 generator to eu-cze area...
INFO [2024-09-09 17:06:55] [SOLAR] - Successfully added cze_sol_buthradsol8026 generator to eu-cze area!
INFO [2024-09-09 17:06:55] [SOLAR] - Adding cze_sol_bystroicesol8027 generator to eu-cze area...
INFO [2024-09-09 17:06:55] [SOLAR] - Successfully added cze_sol_bystroicesol8027 generator to eu-cze area!
INFO [2024-09-09 17:06:55] [SOLAR] - Adding cze_sol_bysticenadp8028 generator to eu-cze area...
INFO [2024-09-09 17:06:56] [SOLAR] - Successfully added cze_sol_bysticenadp8028 generator to eu-cze area!
INFO [2024-09-09 17:06:56] [SOLAR] - Adding cze_sol_bysticepodh8029 generator to eu-cze area...
INFO [2024-09-09 17:06:56] [SOLAR] - Successfully added cze_sol_bysticepodh8029 generator to eu-cze area!
INFO [2024-09-09 17:06:56] [SOLAR] - Adding cze_sol_blanysolarp8030 generator to eu-cze area...
INFO [2024-09-09 17:06:56] [SOLAR] - Successfully added cze_sol_blanysolarp8030 generator to eu-cze area!
INFO [2024-09-09 17:06:56] [SOLAR] - Adding cze_sol_blinasolarp8031 generator to eu-cze area...
INFO [2024-09-09 17:06:56] [SOLAR] - Successfully added cze_sol_blinasolarp8031 generator to eu-cze area!
INFO [2024-09-09 17:06:56] [SOLAR] - Adding cze_sol_bhaovsolar8032 generator to eu-cze area...
INFO [2024-09-09 17:06:57] [SOLAR] - Successfully added cze_sol_bhaovsolar8032 generator to eu-cze area!
INFO [2024-09-09 17:06:57] [SOLAR] - Adding cze_sol_blnadradb8033 generator to eu-cze area...
INFO [2024-09-09 17:06:57] [SOLAR] - Successfully added cze_sol_blnadradb8033 generator to eu-cze area!
INFO [2024-09-09 17:06:57] [SOLAR] - Adding cze_sol_basysolarpo8034 generator to eu-cze area...
INFO [2024-09-09 17:06:57] [SOLAR] - Successfully added cze_sol_basysolarpo8034 generator to eu-cze area!
INFO [2024-09-09 17:06:57] [SOLAR] - Adding cze_sol_bestsolarpo8035 generator to eu-cze area...
INFO [2024-09-09 17:06:58] [SOLAR] - Successfully added cze_sol_bestsolarpo8035 generator to eu-cze area!
INFO [2024-09-09 17:06:58] [SOLAR] - Adding cze_sol_bezovsolar8036 generator to eu-cze area...
INFO [2024-09-09 17:06:58] [SOLAR] - Successfully added cze_sol_bezovsolar8036 generator to eu-cze area!
INFO [2024-09-09 17:06:58] [SOLAR] - Adding cze_sol_banysolarpo8037 generator to eu-cze area...
INFO [2024-09-09 17:06:58] [SOLAR] - Successfully added cze_sol_banysolarpo8037 generator to eu-cze area!
INFO [2024-09-09 17:06:58] [SOLAR] - Adding cze_sol_cerhovicesolar8038 generator to eu-cze area...
INFO [2024-09-09 17:06:58] [SOLAR] - Successfully added cze_sol_cerhovicesolar8038 generator to eu-cze area!
INFO [2024-09-09 17:06:58] [SOLAR] - Adding cze_sol_chabaovicevy8039 generator to eu-cze area...
INFO [2024-09-09 17:06:59] [SOLAR] - Successfully added cze_sol_chabaovicevy8039 generator to eu-cze area!
INFO [2024-09-09 17:06:59] [SOLAR] - Adding cze_sol_chabaovicevy8040 generator to eu-cze area...
INFO [2024-09-09 17:06:59] [SOLAR] - Successfully added cze_sol_chabaovicevy8040 generator to eu-cze area!
INFO [2024-09-09 17:06:59] [SOLAR] - Adding cze_sol_chabaovicevy8041 generator to eu-cze area...
INFO [2024-09-09 17:06:59] [SOLAR] - Successfully added cze_sol_chabaovicevy8041 generator to eu-cze area!
INFO [2024-09-09 17:06:59] [SOLAR] - Adding cze_sol_chabaovicevy8042 generator to eu-cze area...
INFO [2024-09-09 17:06:59] [SOLAR] - Successfully added cze_sol_chabaovicevy8042 generator to eu-cze area!
INFO [2024-09-09 17:06:59] [SOLAR] - Adding cze_sol_chlebiovsola8043 generator to eu-cze area...
INFO [2024-09-09 17:07:00] [SOLAR] - Successfully added cze_sol_chlebiovsola8043 generator to eu-cze area!
INFO [2024-09-09 17:07:00] [SOLAR] - Adding cze_sol_chlumsolarpow8044 generator to eu-cze area...
INFO [2024-09-09 17:07:00] [SOLAR] - Successfully added cze_sol_chlumsolarpow8044 generator to eu-cze area!
INFO [2024-09-09 17:07:00] [SOLAR] - Adding cze_sol_chlumutebon8045 generator to eu-cze area...
INFO [2024-09-09 17:07:00] [SOLAR] - Successfully added cze_sol_chlumutebon8045 generator to eu-cze area!
INFO [2024-09-09 17:07:00] [SOLAR] - Adding cze_sol_chlumanysola8046 generator to eu-cze area...
INFO [2024-09-09 17:07:01] [SOLAR] - Successfully added cze_sol_chlumanysola8046 generator to eu-cze area!
INFO [2024-09-09 17:07:01] [SOLAR] - Adding cze_sol_chomutovsolar8047 generator to eu-cze area...
INFO [2024-09-09 17:07:01] [SOLAR] - Successfully added cze_sol_chomutovsolar8047 generator to eu-cze area!
INFO [2024-09-09 17:07:01] [SOLAR] - Adding cze_sol_chornicesolar8048 generator to eu-cze area...
INFO [2024-09-09 17:07:01] [SOLAR] - Successfully added cze_sol_chornicesolar8048 generator to eu-cze area!
INFO [2024-09-09 17:07:01] [SOLAR] - Adding cze_sol_choustnkovoh8049 generator to eu-cze area...
INFO [2024-09-09 17:07:02] [SOLAR] - Successfully added cze_sol_choustnkovoh8049 generator to eu-cze area!
INFO [2024-09-09 17:07:02] [SOLAR] - Adding cze_sol_choustnkovoh8050 generator to eu-cze area...
INFO [2024-09-09 17:07:02] [SOLAR] - Successfully added cze_sol_choustnkovoh8050 generator to eu-cze area!
INFO [2024-09-09 17:07:02] [SOLAR] - Adding cze_sol_chropynsolar8051 generator to eu-cze area...
INFO [2024-09-09 17:07:02] [SOLAR] - Successfully added cze_sol_chropynsolar8051 generator to eu-cze area!
INFO [2024-09-09 17:07:02] [SOLAR] - Adding cze_sol_chrudichromyso8052 generator to eu-cze area...
INFO [2024-09-09 17:07:03] [SOLAR] - Successfully added cze_sol_chrudichromyso8052 generator to eu-cze area!
INFO [2024-09-09 17:07:03] [SOLAR] - Adding cze_sol_chrudimsolarp8053 generator to eu-cze area...
INFO [2024-09-09 17:07:03] [SOLAR] - Successfully added cze_sol_chrudimsolarp8053 generator to eu-cze area!
INFO [2024-09-09 17:07:03] [SOLAR] - Adding cze_sol_chranyso8054 generator to eu-cze area...
INFO [2024-09-09 17:07:03] [SOLAR] - Successfully added cze_sol_chranyso8054 generator to eu-cze area!
INFO [2024-09-09 17:07:03] [SOLAR] - Adding cze_sol_chvalaticesola8055 generator to eu-cze area...
INFO [2024-09-09 17:07:04] [SOLAR] - Successfully added cze_sol_chvalaticesola8055 generator to eu-cze area!
INFO [2024-09-09 17:07:04] [SOLAR] - Adding cze_sol_chvalovsolar8057 generator to eu-cze area...
INFO [2024-09-09 17:07:04] [SOLAR] - Successfully added cze_sol_chvalovsolar8057 generator to eu-cze area!
INFO [2024-09-09 17:07:04] [SOLAR] - Adding cze_sol_chnovsolarp8058 generator to eu-cze area...
INFO [2024-09-09 17:07:04] [SOLAR] - Successfully added cze_sol_chnovsolarp8058 generator to eu-cze area!
INFO [2024-09-09 17:07:04] [SOLAR] - Adding cze_sol_daicesolarp8060 generator to eu-cze area...
INFO [2024-09-09 17:07:04] [SOLAR] - Successfully added cze_sol_daicesolarp8060 generator to eu-cze area!
INFO [2024-09-09 17:07:04] [SOLAR] - Adding cze_sol_dobevsolarpow8063 generator to eu-cze area...
INFO [2024-09-09 17:07:05] [SOLAR] - Successfully added cze_sol_dobevsolarpow8063 generator to eu-cze area!
INFO [2024-09-09 17:07:05] [SOLAR] - Adding cze_sol_dobrukasolar8064 generator to eu-cze area...
INFO [2024-09-09 17:07:05] [SOLAR] - Successfully added cze_sol_dobrukasolar8064 generator to eu-cze area!
INFO [2024-09-09 17:07:05] [SOLAR] - Adding cze_sol_dobrpolesol8065 generator to eu-cze area...
INFO [2024-09-09 17:07:05] [SOLAR] - Successfully added cze_sol_dobrpolesol8065 generator to eu-cze area!
INFO [2024-09-09 17:07:05] [SOLAR] - Adding cze_sol_dobicesolar8066 generator to eu-cze area...
INFO [2024-09-09 17:07:06] [SOLAR] - Successfully added cze_sol_dobicesolar8066 generator to eu-cze area!
INFO [2024-09-09 17:07:06] [SOLAR] - Adding cze_sol_dolnbousovs8067 generator to eu-cze area...
INFO [2024-09-09 17:07:06] [SOLAR] - Successfully added cze_sol_dolnbousovs8067 generator to eu-cze area!
INFO [2024-09-09 17:07:06] [SOLAR] - Adding cze_sol_dolndvoi8068 generator to eu-cze area...
INFO [2024-09-09 17:07:07] [SOLAR] - Successfully added cze_sol_dolndvoi8068 generator to eu-cze area!
INFO [2024-09-09 17:07:07] [SOLAR] - Adding cze_sol_dolnpnaso8069 generator to eu-cze area...
INFO [2024-09-09 17:07:07] [SOLAR] - Successfully added cze_sol_dolnpnaso8069 generator to eu-cze area!
INFO [2024-09-09 17:07:07] [SOLAR] - Adding cze_sol_domansolar8070 generator to eu-cze area...
INFO [2024-09-09 17:07:07] [SOLAR] - Successfully added cze_sol_domansolar8070 generator to eu-cze area!
INFO [2024-09-09 17:07:07] [SOLAR] - Adding cze_sol_domaelicesol8071 generator to eu-cze area...
INFO [2024-09-09 17:07:08] [SOLAR] - Successfully added cze_sol_domaelicesol8071 generator to eu-cze area!
INFO [2024-09-09 17:07:08] [SOLAR] - Adding cze_sol_doubeksolarpo8072 generator to eu-cze area...
INFO [2024-09-09 17:07:08] [SOLAR] - Successfully added cze_sol_doubeksolarpo8072 generator to eu-cze area!
INFO [2024-09-09 17:07:08] [SOLAR] - Adding cze_sol_drnholecsolar8073 generator to eu-cze area...
INFO [2024-09-09 17:07:09] [SOLAR] - Successfully added cze_sol_drnholecsolar8073 generator to eu-cze area!
INFO [2024-09-09 17:07:09] [SOLAR] - Adding cze_sol_drsovjihom8074 generator to eu-cze area...
INFO [2024-09-09 17:07:09] [SOLAR] - Successfully added cze_sol_drsovjihom8074 generator to eu-cze area!
INFO [2024-09-09 17:07:09] [SOLAR] - Adding cze_sol_drsovste8075 generator to eu-cze area...
INFO [2024-09-09 17:07:09] [SOLAR] - Successfully added cze_sol_drsovste8075 generator to eu-cze area!
INFO [2024-09-09 17:07:09] [SOLAR] - Adding cze_sol_drovicesolar8076 generator to eu-cze area...
INFO [2024-09-09 17:07:10] [SOLAR] - Successfully added cze_sol_drovicesolar8076 generator to eu-cze area!
INFO [2024-09-09 17:07:10] [SOLAR] - Adding cze_sol_dubanysolarpo8077 generator to eu-cze area...
INFO [2024-09-09 17:07:10] [SOLAR] - Successfully added cze_sol_dubanysolarpo8077 generator to eu-cze area!
INFO [2024-09-09 17:07:10] [SOLAR] - Adding cze_sol_dubsolarpow8078 generator to eu-cze area...
INFO [2024-09-09 17:07:11] [SOLAR] - Successfully added cze_sol_dubsolarpow8078 generator to eu-cze area!
INFO [2024-09-09 17:07:11] [SOLAR] - Adding cze_sol_dubsprsol8079 generator to eu-cze area...
INFO [2024-09-09 17:07:11] [SOLAR] - Successfully added cze_sol_dubsprsol8079 generator to eu-cze area!
INFO [2024-09-09 17:07:11] [SOLAR] - Adding cze_sol_dubslune8080 generator to eu-cze area...
INFO [2024-09-09 17:07:11] [SOLAR] - Successfully added cze_sol_dubslune8080 generator to eu-cze area!
INFO [2024-09-09 17:07:11] [SOLAR] - Adding cze_sol_dvorysolarpow8082 generator to eu-cze area...
INFO [2024-09-09 17:07:12] [SOLAR] - Successfully added cze_sol_dvorysolarpow8082 generator to eu-cze area!
INFO [2024-09-09 17:07:12] [SOLAR] - Adding cze_sol_dynnsolarpo8083 generator to eu-cze area...
INFO [2024-09-09 17:07:12] [SOLAR] - Successfully added cze_sol_dynnsolarpo8083 generator to eu-cze area!
INFO [2024-09-09 17:07:12] [SOLAR] - Adding cze_sol_dvicesolar8084 generator to eu-cze area...
INFO [2024-09-09 17:07:12] [SOLAR] - Successfully added cze_sol_dvicesolar8084 generator to eu-cze area!
INFO [2024-09-09 17:07:12] [SOLAR] - Adding cze_sol_dnovsolar8085 generator to eu-cze area...
INFO [2024-09-09 17:07:12] [SOLAR] - Successfully added cze_sol_dnovsolar8085 generator to eu-cze area!
INFO [2024-09-09 17:07:12] [SOLAR] - Adding cze_sol_frymburksolar8086 generator to eu-cze area...
INFO [2024-09-09 17:07:13] [SOLAR] - Successfully added cze_sol_frymburksolar8086 generator to eu-cze area!
INFO [2024-09-09 17:07:13] [SOLAR] - Adding cze_sol_frdekmstek8087 generator to eu-cze area...
INFO [2024-09-09 17:07:13] [SOLAR] - Successfully added cze_sol_frdekmstek8087 generator to eu-cze area!
INFO [2024-09-09 17:07:13] [SOLAR] - Adding cze_sol_frdekmstek8088 generator to eu-cze area...
INFO [2024-09-09 17:07:14] [SOLAR] - Successfully added cze_sol_frdekmstek8088 generator to eu-cze area!
INFO [2024-09-09 17:07:14] [SOLAR] - Adding cze_sol_havicesolar8089 generator to eu-cze area...
INFO [2024-09-09 17:07:14] [SOLAR] - Successfully added cze_sol_havicesolar8089 generator to eu-cze area!
INFO [2024-09-09 17:07:14] [SOLAR] - Adding cze_sol_hlesebskso8090 generator to eu-cze area...
INFO [2024-09-09 17:07:14] [SOLAR] - Successfully added cze_sol_hlesebskso8090 generator to eu-cze area!
INFO [2024-09-09 17:07:14] [SOLAR] - Adding cze_sol_hodonicesolar8091 generator to eu-cze area...
INFO [2024-09-09 17:07:15] [SOLAR] - Successfully added cze_sol_hodonicesolar8091 generator to eu-cze area!
INFO [2024-09-09 17:07:15] [SOLAR] - Adding cze_sol_hodonnsolar8093 generator to eu-cze area...
INFO [2024-09-09 17:07:15] [SOLAR] - Successfully added cze_sol_hodonnsolar8093 generator to eu-cze area!
INFO [2024-09-09 17:07:15] [SOLAR] - Adding cze_sol_holovsolar8094 generator to eu-cze area...
INFO [2024-09-09 17:07:15] [SOLAR] - Successfully added cze_sol_holovsolar8094 generator to eu-cze area!
INFO [2024-09-09 17:07:15] [SOLAR] - Adding cze_sol_honticesolar8095 generator to eu-cze area...
INFO [2024-09-09 17:07:16] [SOLAR] - Successfully added cze_sol_honticesolar8095 generator to eu-cze area!
INFO [2024-09-09 17:07:16] [SOLAR] - Adding cze_sol_horkysolarpow8096 generator to eu-cze area...
INFO [2024-09-09 17:07:16] [SOLAR] - Successfully added cze_sol_horkysolarpow8096 generator to eu-cze area!
INFO [2024-09-09 17:07:16] [SOLAR] - Adding cze_sol_hornlibchava8097 generator to eu-cze area...
INFO [2024-09-09 17:07:17] [SOLAR] - Successfully added cze_sol_hornlibchava8097 generator to eu-cze area!
INFO [2024-09-09 17:07:17] [SOLAR] - Adding cze_sol_hornmotn8098 generator to eu-cze area...
INFO [2024-09-09 17:07:17] [SOLAR] - Successfully added cze_sol_hornmotn8098 generator to eu-cze area!
INFO [2024-09-09 17:07:17] [SOLAR] - Adding cze_sol_hornpoustevn8099 generator to eu-cze area...
INFO [2024-09-09 17:07:18] [SOLAR] - Successfully added cze_sol_hornpoustevn8099 generator to eu-cze area!
INFO [2024-09-09 17:07:18] [SOLAR] - Adding cze_sol_hornpnaso8100 generator to eu-cze area...
INFO [2024-09-09 17:07:18] [SOLAR] - Successfully added cze_sol_hornpnaso8100 generator to eu-cze area!
INFO [2024-09-09 17:07:18] [SOLAR] - Adding cze_sol_horysolarpowe8101 generator to eu-cze area...
INFO [2024-09-09 17:07:19] [SOLAR] - Successfully added cze_sol_horysolarpowe8101 generator to eu-cze area!
INFO [2024-09-09 17:07:19] [SOLAR] - Adding cze_sol_hostousolar8102 generator to eu-cze area...
INFO [2024-09-09 17:07:19] [SOLAR] - Successfully added cze_sol_hostousolar8102 generator to eu-cze area!
INFO [2024-09-09 17:07:19] [SOLAR] - Adding cze_sol_hostovicesolar8103 generator to eu-cze area...
INFO [2024-09-09 17:07:19] [SOLAR] - Successfully added cze_sol_hostovicesolar8103 generator to eu-cze area!
INFO [2024-09-09 17:07:20] [SOLAR] - Adding cze_sol_hostnsolarp8104 generator to eu-cze area...
INFO [2024-09-09 17:07:20] [SOLAR] - Successfully added cze_sol_hostnsolarp8104 generator to eu-cze area!
INFO [2024-09-09 17:07:20] [SOLAR] - Adding cze_sol_hrabticesola8105 generator to eu-cze area...
INFO [2024-09-09 17:07:21] [SOLAR] - Successfully added cze_sol_hrabticesola8105 generator to eu-cze area!
INFO [2024-09-09 17:07:21] [SOLAR] - Adding cze_sol_hradeckrlov8106 generator to eu-cze area...
INFO [2024-09-09 17:07:21] [SOLAR] - Successfully added cze_sol_hradeckrlov8106 generator to eu-cze area!
INFO [2024-09-09 17:07:21] [SOLAR] - Adding cze_sol_hradanysolar8107 generator to eu-cze area...
INFO [2024-09-09 17:07:22] [SOLAR] - Successfully added cze_sol_hradanysolar8107 generator to eu-cze area!
INFO [2024-09-09 17:07:22] [SOLAR] - Adding cze_sol_hruovanyso8108 generator to eu-cze area...
INFO [2024-09-09 17:07:22] [SOLAR] - Successfully added cze_sol_hruovanyso8108 generator to eu-cze area!
INFO [2024-09-09 17:07:22] [SOLAR] - Adding cze_sol_hruovany8109 generator to eu-cze area...
INFO [2024-09-09 17:07:23] [SOLAR] - Successfully added cze_sol_hruovany8109 generator to eu-cze area!
INFO [2024-09-09 17:07:23] [SOLAR] - Adding cze_sol_hrdeksolarp8110 generator to eu-cze area...
INFO [2024-09-09 17:07:24] [SOLAR] - Successfully added cze_sol_hrdeksolarp8110 generator to eu-cze area!
INFO [2024-09-09 17:07:24] [SOLAR] - Adding cze_sol_hudcovsolarpo8111 generator to eu-cze area...
INFO [2024-09-09 17:07:24] [SOLAR] - Successfully added cze_sol_hudcovsolarpo8111 generator to eu-cze area!
INFO [2024-09-09 17:07:24] [SOLAR] - Adding cze_sol_hulnsolarpo8112 generator to eu-cze area...
INFO [2024-09-09 17:07:25] [SOLAR] - Successfully added cze_sol_hulnsolarpo8112 generator to eu-cze area!
INFO [2024-09-09 17:07:25] [SOLAR] - Adding cze_sol_hustopeesola8113 generator to eu-cze area...
INFO [2024-09-09 17:07:25] [SOLAR] - Successfully added cze_sol_hustopeesola8113 generator to eu-cze area!
INFO [2024-09-09 17:07:25] [SOLAR] - Adding cze_sol_hustopeenad8114 generator to eu-cze area...
INFO [2024-09-09 17:07:26] [SOLAR] - Successfully added cze_sol_hustopeenad8114 generator to eu-cze area!
INFO [2024-09-09 17:07:26] [SOLAR] - Adding cze_sol_jaromicena8115 generator to eu-cze area...
INFO [2024-09-09 17:07:26] [SOLAR] - Successfully added cze_sol_jaromicena8115 generator to eu-cze area!
INFO [2024-09-09 17:07:26] [SOLAR] - Adding cze_sol_jaroovnadne8116 generator to eu-cze area...
INFO [2024-09-09 17:07:27] [SOLAR] - Successfully added cze_sol_jaroovnadne8116 generator to eu-cze area!
INFO [2024-09-09 17:07:27] [SOLAR] - Adding cze_sol_jaroovnadne8117 generator to eu-cze area...
INFO [2024-09-09 17:07:27] [SOLAR] - Successfully added cze_sol_jaroovnadne8117 generator to eu-cze area!
INFO [2024-09-09 17:07:27] [SOLAR] - Adding cze_sol_jenkovsolar8118 generator to eu-cze area...
INFO [2024-09-09 17:07:28] [SOLAR] - Successfully added cze_sol_jenkovsolar8118 generator to eu-cze area!
INFO [2024-09-09 17:07:28] [SOLAR] - Adding cze_sol_jesenecsolarp8119 generator to eu-cze area...
INFO [2024-09-09 17:07:29] [SOLAR] - Successfully added cze_sol_jesenecsolarp8119 generator to eu-cze area!
INFO [2024-09-09 17:07:30] [SOLAR] - Adding cze_sol_jeviovkasola8120 generator to eu-cze area...
INFO [2024-09-09 17:07:30] [SOLAR] - Successfully added cze_sol_jeviovkasola8120 generator to eu-cze area!
INFO [2024-09-09 17:07:30] [SOLAR] - Adding cze_sol_jincesolarpow8121 generator to eu-cze area...
INFO [2024-09-09 17:07:31] [SOLAR] - Successfully added cze_sol_jincesolarpow8121 generator to eu-cze area!
INFO [2024-09-09 17:07:31] [SOLAR] - Adding cze_sol_jirskovope8122 generator to eu-cze area...
INFO [2024-09-09 17:07:31] [SOLAR] - Successfully added cze_sol_jirskovope8122 generator to eu-cze area!
INFO [2024-09-09 17:07:31] [SOLAR] - Adding cze_sol_jlovicesolar8123 generator to eu-cze area...
INFO [2024-09-09 17:07:32] [SOLAR] - Successfully added cze_sol_jlovicesolar8123 generator to eu-cze area!
INFO [2024-09-09 17:07:32] [SOLAR] - Adding cze_sol_kalabouseksola8124 generator to eu-cze area...
INFO [2024-09-09 17:07:32] [SOLAR] - Successfully added cze_sol_kalabouseksola8124 generator to eu-cze area!
INFO [2024-09-09 17:07:32] [SOLAR] - Adding cze_sol_kamenicenadli8125 generator to eu-cze area...
INFO [2024-09-09 17:07:33] [SOLAR] - Successfully added cze_sol_kamenicenadli8125 generator to eu-cze area!
INFO [2024-09-09 17:07:33] [SOLAR] - Adding cze_sol_kameninsol8126 generator to eu-cze area...
INFO [2024-09-09 17:07:33] [SOLAR] - Successfully added cze_sol_kameninsol8126 generator to eu-cze area!
INFO [2024-09-09 17:07:33] [SOLAR] - Adding cze_sol_kamennjezd8127 generator to eu-cze area...
INFO [2024-09-09 17:07:34] [SOLAR] - Successfully added cze_sol_kamennjezd8127 generator to eu-cze area!
INFO [2024-09-09 17:07:34] [SOLAR] - Adding cze_sol_kaplicesolarp8128 generator to eu-cze area...
INFO [2024-09-09 17:07:35] [SOLAR] - Successfully added cze_sol_kaplicesolarp8128 generator to eu-cze area!
INFO [2024-09-09 17:07:35] [SOLAR] - Adding cze_sol_kaznjovsolar8129 generator to eu-cze area...
INFO [2024-09-09 17:07:35] [SOLAR] - Successfully added cze_sol_kaznjovsolar8129 generator to eu-cze area!
INFO [2024-09-09 17:07:35] [SOLAR] - Adding cze_sol_kaicesolarp8130 generator to eu-cze area...
INFO [2024-09-09 17:07:36] [SOLAR] - Successfully added cze_sol_kaicesolarp8130 generator to eu-cze area!
INFO [2024-09-09 17:07:36] [SOLAR] - Adding cze_sol_kerharticesola8131 generator to eu-cze area...
INFO [2024-09-09 17:07:36] [SOLAR] - Successfully added cze_sol_kerharticesola8131 generator to eu-cze area!
INFO [2024-09-09 17:07:36] [SOLAR] - Adding cze_sol_klenovkasolar8134 generator to eu-cze area...
INFO [2024-09-09 17:07:37] [SOLAR] - Successfully added cze_sol_klenovkasolar8134 generator to eu-cze area!
INFO [2024-09-09 17:07:37] [SOLAR] - Adding cze_sol_klikovsolarpo8135 generator to eu-cze area...
INFO [2024-09-09 17:07:37] [SOLAR] - Successfully added cze_sol_klikovsolarpo8135 generator to eu-cze area!
INFO [2024-09-09 17:07:37] [SOLAR] - Adding cze_sol_kojetnsolar8136 generator to eu-cze area...
INFO [2024-09-09 17:07:38] [SOLAR] - Successfully added cze_sol_kojetnsolar8136 generator to eu-cze area!
INFO [2024-09-09 17:07:38] [SOLAR] - Adding cze_sol_kolinsolarpow8137 generator to eu-cze area...
INFO [2024-09-09 17:07:38] [SOLAR] - Successfully added cze_sol_kolinsolarpow8137 generator to eu-cze area!
INFO [2024-09-09 17:07:38] [SOLAR] - Adding cze_sol_komaicesolar8138 generator to eu-cze area...
INFO [2024-09-09 17:07:39] [SOLAR] - Successfully added cze_sol_komaicesolar8138 generator to eu-cze area!
INFO [2024-09-09 17:07:39] [SOLAR] - Adding cze_sol_komorovicesola8140 generator to eu-cze area...
INFO [2024-09-09 17:07:39] [SOLAR] - Successfully added cze_sol_komorovicesola8140 generator to eu-cze area!
INFO [2024-09-09 17:07:39] [SOLAR] - Adding cze_sol_komrovalt8141 generator to eu-cze area...
INFO [2024-09-09 17:07:39] [SOLAR] - Successfully added cze_sol_komrovalt8141 generator to eu-cze area!
INFO [2024-09-09 17:07:39] [SOLAR] - Adding cze_sol_komrovsunt8142 generator to eu-cze area...
INFO [2024-09-09 17:07:40] [SOLAR] - Successfully added cze_sol_komrovsunt8142 generator to eu-cze area!
INFO [2024-09-09 17:07:40] [SOLAR] - Adding cze_sol_kondracsolarp8143 generator to eu-cze area...
INFO [2024-09-09 17:07:40] [SOLAR] - Successfully added cze_sol_kondracsolarp8143 generator to eu-cze area!
INFO [2024-09-09 17:07:40] [SOLAR] - Adding cze_sol_kopidlnosolar8144 generator to eu-cze area...
INFO [2024-09-09 17:07:41] [SOLAR] - Successfully added cze_sol_kopidlnosolar8144 generator to eu-cze area!
INFO [2024-09-09 17:07:41] [SOLAR] - Adding cze_sol_koprnk1sola8145 generator to eu-cze area...
INFO [2024-09-09 17:07:41] [SOLAR] - Successfully added cze_sol_koprnk1sola8145 generator to eu-cze area!
INFO [2024-09-09 17:07:41] [SOLAR] - Adding cze_sol_koprnk2sola8146 generator to eu-cze area...
INFO [2024-09-09 17:07:42] [SOLAR] - Successfully added cze_sol_koprnk2sola8146 generator to eu-cze area!
INFO [2024-09-09 17:07:42] [SOLAR] - Adding cze_sol_kosonsta8147 generator to eu-cze area...
INFO [2024-09-09 17:07:42] [SOLAR] - Successfully added cze_sol_kosonsta8147 generator to eu-cze area!
INFO [2024-09-09 17:07:42] [SOLAR] - Adding cze_sol_koson1sol8148 generator to eu-cze area...
INFO [2024-09-09 17:07:43] [SOLAR] - Successfully added cze_sol_koson1sol8148 generator to eu-cze area!
INFO [2024-09-09 17:07:43] [SOLAR] - Adding cze_sol_koson2sol8149 generator to eu-cze area...
INFO [2024-09-09 17:07:44] [SOLAR] - Successfully added cze_sol_koson2sol8149 generator to eu-cze area!
INFO [2024-09-09 17:07:44] [SOLAR] - Adding cze_sol_kozojdkysola8150 generator to eu-cze area...
INFO [2024-09-09 17:07:45] [SOLAR] - Successfully added cze_sol_kozojdkysola8150 generator to eu-cze area!
INFO [2024-09-09 17:07:45] [SOLAR] - Adding cze_sol_kolanysolar8151 generator to eu-cze area...
INFO [2024-09-09 17:07:45] [SOLAR] - Successfully added cze_sol_kolanysolar8151 generator to eu-cze area!
INFO [2024-09-09 17:07:45] [SOLAR] - Adding cze_sol_kralicenahan8152 generator to eu-cze area...
INFO [2024-09-09 17:07:46] [SOLAR] - Successfully added cze_sol_kralicenahan8152 generator to eu-cze area!
INFO [2024-09-09 17:07:46] [SOLAR] - Adding cze_sol_kralovicesolar8153 generator to eu-cze area...
INFO [2024-09-09 17:07:47] [SOLAR] - Successfully added cze_sol_kralovicesolar8153 generator to eu-cze area!
INFO [2024-09-09 17:07:47] [SOLAR] - Adding cze_sol_kramolnsolar8154 generator to eu-cze area...
INFO [2024-09-09 17:07:47] [SOLAR] - Successfully added cze_sol_kramolnsolar8154 generator to eu-cze area!
INFO [2024-09-09 17:07:47] [SOLAR] - Adding cze_sol_krhanicesolar8155 generator to eu-cze area...
INFO [2024-09-09 17:07:48] [SOLAR] - Successfully added cze_sol_krhanicesolar8155 generator to eu-cze area!
INFO [2024-09-09 17:07:48] [SOLAR] - Adding cze_sol_krmelnsolar8156 generator to eu-cze area...
INFO [2024-09-09 17:07:48] [SOLAR] - Successfully added cze_sol_krmelnsolar8156 generator to eu-cze area!
INFO [2024-09-09 17:07:48] [SOLAR] - Adding cze_sol_krup2solar8157 generator to eu-cze area...
INFO [2024-09-09 17:07:49] [SOLAR] - Successfully added cze_sol_krup2solar8157 generator to eu-cze area!
INFO [2024-09-09 17:07:49] [SOLAR] - Adding cze_sol_krychnovsolar8158 generator to eu-cze area...
INFO [2024-09-09 17:07:49] [SOLAR] - Successfully added cze_sol_krychnovsolar8158 generator to eu-cze area!
INFO [2024-09-09 17:07:49] [SOLAR] - Adding cze_sol_krnsolarp8159 generator to eu-cze area...
INFO [2024-09-09 17:07:50] [SOLAR] - Successfully added cze_sol_krnsolarp8159 generator to eu-cze area!
INFO [2024-09-09 17:07:50] [SOLAR] - Adding cze_sol_kunkovicesolar8160 generator to eu-cze area...
INFO [2024-09-09 17:07:50] [SOLAR] - Successfully added cze_sol_kunkovicesolar8160 generator to eu-cze area!
INFO [2024-09-09 17:07:50] [SOLAR] - Adding cze_sol_kunovicesolar8161 generator to eu-cze area...
INFO [2024-09-09 17:07:50] [SOLAR] - Successfully added cze_sol_kunovicesolar8161 generator to eu-cze area!
INFO [2024-09-09 17:07:50] [SOLAR] - Adding cze_sol_kunttsolar8162 generator to eu-cze area...
INFO [2024-09-09 17:07:51] [SOLAR] - Successfully added cze_sol_kunttsolar8162 generator to eu-cze area!
INFO [2024-09-09 17:07:51] [SOLAR] - Adding cze_sol_kunaksolarp8163 generator to eu-cze area...
INFO [2024-09-09 17:07:51] [SOLAR] - Successfully added cze_sol_kunaksolarp8163 generator to eu-cze area!
INFO [2024-09-09 17:07:51] [SOLAR] - Adding cze_sol_kutnhorasol8164 generator to eu-cze area...
INFO [2024-09-09 17:07:52] [SOLAR] - Successfully added cze_sol_kutnhorasol8164 generator to eu-cze area!
INFO [2024-09-09 17:07:52] [SOLAR] - Adding cze_sol_kuimsolarpo8165 generator to eu-cze area...
INFO [2024-09-09 17:07:52] [SOLAR] - Successfully added cze_sol_kuimsolarpo8165 generator to eu-cze area!
INFO [2024-09-09 17:07:52] [SOLAR] - Adding cze_sol_kyjovtopcen8166 generator to eu-cze area...
INFO [2024-09-09 17:07:53] [SOLAR] - Successfully added cze_sol_kyjovtopcen8166 generator to eu-cze area!
INFO [2024-09-09 17:07:53] [SOLAR] - Adding cze_sol_kmensolarpo8167 generator to eu-cze area...
INFO [2024-09-09 17:07:54] [SOLAR] - Successfully added cze_sol_kmensolarpo8167 generator to eu-cze area!
INFO [2024-09-09 17:07:54] [SOLAR] - Adding cze_sol_kenovicesola8168 generator to eu-cze area...
INFO [2024-09-09 17:07:54] [SOLAR] - Successfully added cze_sol_kenovicesola8168 generator to eu-cze area!
INFO [2024-09-09 17:07:54] [SOLAR] - Adding cze_sol_kepicesolar8169 generator to eu-cze area...
INFO [2024-09-09 17:07:55] [SOLAR] - Successfully added cze_sol_kepicesolar8169 generator to eu-cze area!
INFO [2024-09-09 17:07:55] [SOLAR] - Adding cze_sol_kianovsola8170 generator to eu-cze area...
INFO [2024-09-09 17:07:55] [SOLAR] - Successfully added cze_sol_kianovsola8170 generator to eu-cze area!
INFO [2024-09-09 17:07:55] [SOLAR] - Adding cze_sol_ladnsolarpo8171 generator to eu-cze area...
INFO [2024-09-09 17:07:56] [SOLAR] - Successfully added cze_sol_ladnsolarpo8171 generator to eu-cze area!
INFO [2024-09-09 17:07:56] [SOLAR] - Adding cze_sol_lahosolar8172 generator to eu-cze area...
INFO [2024-09-09 17:07:56] [SOLAR] - Successfully added cze_sol_lahosolar8172 generator to eu-cze area!
INFO [2024-09-09 17:07:56] [SOLAR] - Adding cze_sol_lanhotsolar8173 generator to eu-cze area...
INFO [2024-09-09 17:07:57] [SOLAR] - Successfully added cze_sol_lanhotsolar8173 generator to eu-cze area!
INFO [2024-09-09 17:07:57] [SOLAR] - Adding cze_sol_ledenicesolar8174 generator to eu-cze area...
