INFO [2024-10-07 09:55:11] [MAIN] - Creating EU_hurdl__2024_10_07_09_55_11 study...

INFO [2024-10-07 09:55:11] [MAIN] - Initializing output folder...
INFO [2024-10-07 09:55:13] [MAIN] - Unit commitment mode : ACCURATE
INFO [2024-10-07 09:55:13] [MAIN] - Adding nodes...

INFO [2024-10-07 09:55:14] [NODES] - Adding eu-alb node...
INFO [2024-10-07 09:55:15] [NODES] - Adding eu-arm node...
INFO [2024-10-07 09:55:15] [NODES] - Adding eu-aut node...
INFO [2024-10-07 09:55:15] [NODES] - Adding eu-aze node...
INFO [2024-10-07 09:55:15] [NODES] - Adding eu-bel node...
INFO [2024-10-07 09:55:16] [NODES] - Adding eu-bgr node...
INFO [2024-10-07 09:55:16] [NODES] - Adding eu-bih node...
INFO [2024-10-07 09:55:16] [NODES] - Adding eu-blr node...
INFO [2024-10-07 09:55:16] [NODES] - Adding eu-che node...
INFO [2024-10-07 09:55:16] [NODES] - Adding eu-cyp node...
INFO [2024-10-07 09:55:17] [NODES] - Adding eu-cze node...
INFO [2024-10-07 09:55:17] [NODES] - Adding eu-deu node...
INFO [2024-10-07 09:55:17] [NODES] - Adding eu-dnk node...
INFO [2024-10-07 09:55:18] [NODES] - Adding eu-esp node...
INFO [2024-10-07 09:55:18] [NODES] - Adding eu-est node...
INFO [2024-10-07 09:55:18] [NODES] - Adding eu-fin node...
INFO [2024-10-07 09:55:18] [NODES] - Adding eu-fra node...
INFO [2024-10-07 09:55:19] [NODES] - Adding eu-gbr node...
INFO [2024-10-07 09:55:19] [NODES] - Adding eu-geo node...
INFO [2024-10-07 09:55:20] [NODES] - Adding eu-grc node...
INFO [2024-10-07 09:55:21] [NODES] - Adding eu-hrv node...
INFO [2024-10-07 09:55:21] [NODES] - Adding eu-hun node...
INFO [2024-10-07 09:55:21] [NODES] - Adding eu-irl node...
INFO [2024-10-07 09:55:22] [NODES] - Adding eu-isl node...
INFO [2024-10-07 09:55:22] [NODES] - Adding eu-ita node...
INFO [2024-10-07 09:55:23] [NODES] - Adding eu-kos node...
INFO [2024-10-07 09:55:23] [NODES] - Adding eu-ltu node...
INFO [2024-10-07 09:55:24] [NODES] - Adding eu-lux node...
INFO [2024-10-07 09:55:24] [NODES] - Adding eu-lva node...
INFO [2024-10-07 09:55:25] [NODES] - Adding eu-mda node...
INFO [2024-10-07 09:55:25] [NODES] - Adding eu-mkd node...
INFO [2024-10-07 09:55:25] [NODES] - Adding eu-mne node...
INFO [2024-10-07 09:55:26] [NODES] - Adding eu-nld node...
INFO [2024-10-07 09:55:27] [NODES] - Adding eu-nor node...
INFO [2024-10-07 09:55:27] [NODES] - Adding eu-pol node...
INFO [2024-10-07 09:55:28] [NODES] - Adding eu-prt node...
INFO [2024-10-07 09:55:28] [NODES] - Adding eu-rou node...
INFO [2024-10-07 09:55:29] [NODES] - Adding eu-srb node...
INFO [2024-10-07 09:55:30] [NODES] - Adding eu-svk node...
INFO [2024-10-07 09:55:30] [NODES] - Adding eu-svn node...
INFO [2024-10-07 09:55:31] [NODES] - Adding eu-swe node...
INFO [2024-10-07 09:55:32] [NODES] - Adding eu-ukr node...
INFO [2024-10-07 09:55:32] [MAIN] - Done adding nodes! (run time : 19.5s).

INFO [2024-10-07 09:55:32] [MAIN] - Adding districts...

INFO [2024-10-07 09:55:33] [DISTRICTS] - Creating global district...
INFO [2024-10-07 09:55:33] [DISTRICTS] - Done creating global district!
INFO [2024-10-07 09:55:34] [DISTRICTS] - Creating europe continental district...
INFO [2024-10-07 09:55:34] [DISTRICTS] - Done creating europe continental district!
INFO [2024-10-07 09:55:34] [MAIN] - Done adding districts! (run time : 1.49s).

INFO [2024-10-07 09:55:34] [MAIN] - Adding load data...

INFO [2024-10-07 09:55:35] [LOAD] - Adding eu-alb load data...
INFO [2024-10-07 09:55:35] [LOAD] - Adding eu-arm load data...
INFO [2024-10-07 09:55:36] [LOAD] - Adding eu-aut load data...
INFO [2024-10-07 09:55:36] [LOAD] - Adding eu-aze load data...
INFO [2024-10-07 09:55:36] [LOAD] - Adding eu-bel load data...
INFO [2024-10-07 09:55:36] [LOAD] - Adding eu-bgr load data...
INFO [2024-10-07 09:55:37] [LOAD] - Adding eu-bih load data...
INFO [2024-10-07 09:55:37] [LOAD] - Adding eu-blr load data...
INFO [2024-10-07 09:55:37] [LOAD] - Adding eu-che load data...
INFO [2024-10-07 09:55:38] [LOAD] - Adding eu-cyp load data...
INFO [2024-10-07 09:55:38] [LOAD] - Adding eu-cze load data...
INFO [2024-10-07 09:55:38] [LOAD] - Adding eu-deu load data...
INFO [2024-10-07 09:55:38] [LOAD] - Adding eu-dnk load data...
INFO [2024-10-07 09:55:39] [LOAD] - Adding eu-esp load data...
INFO [2024-10-07 09:55:39] [LOAD] - Adding eu-est load data...
INFO [2024-10-07 09:55:39] [LOAD] - Adding eu-fin load data...
INFO [2024-10-07 09:55:40] [LOAD] - Adding eu-fra load data...
INFO [2024-10-07 09:55:40] [LOAD] - Adding eu-gbr load data...
INFO [2024-10-07 09:55:40] [LOAD] - Adding eu-geo load data...
INFO [2024-10-07 09:55:40] [LOAD] - Adding eu-grc load data...
INFO [2024-10-07 09:55:41] [LOAD] - Adding eu-hrv load data...
INFO [2024-10-07 09:55:41] [LOAD] - Adding eu-hun load data...
INFO [2024-10-07 09:55:41] [LOAD] - Adding eu-irl load data...
INFO [2024-10-07 09:55:42] [LOAD] - Adding eu-isl load data...
INFO [2024-10-07 09:55:42] [LOAD] - Adding eu-ita load data...
INFO [2024-10-07 09:55:42] [LOAD] - Adding eu-kos load data...
INFO [2024-10-07 09:55:43] [LOAD] - Adding eu-ltu load data...
INFO [2024-10-07 09:55:43] [LOAD] - Adding eu-lux load data...
INFO [2024-10-07 09:55:43] [LOAD] - Adding eu-lva load data...
INFO [2024-10-07 09:55:43] [LOAD] - Adding eu-mda load data...
INFO [2024-10-07 09:55:44] [LOAD] - Adding eu-mkd load data...
INFO [2024-10-07 09:55:44] [LOAD] - Adding eu-mne load data...
INFO [2024-10-07 09:55:44] [LOAD] - Adding eu-nld load data...
INFO [2024-10-07 09:55:44] [LOAD] - Adding eu-nor load data...
INFO [2024-10-07 09:55:45] [LOAD] - Adding eu-pol load data...
INFO [2024-10-07 09:55:45] [LOAD] - Adding eu-prt load data...
INFO [2024-10-07 09:55:45] [LOAD] - Adding eu-rou load data...
INFO [2024-10-07 09:55:45] [LOAD] - Adding eu-srb load data...
INFO [2024-10-07 09:55:46] [LOAD] - Adding eu-svk load data...
INFO [2024-10-07 09:55:46] [LOAD] - Adding eu-svn load data...
INFO [2024-10-07 09:55:46] [LOAD] - Adding eu-swe load data...
INFO [2024-10-07 09:55:47] [LOAD] - Adding eu-ukr load data...
INFO [2024-10-07 09:55:47] [MAIN] - Done adding load data! (run time : 12.9s).

INFO [2024-10-07 09:55:47] [MAIN] - Fetching wind data...

INFO [2024-10-07 09:55:47] [WARN] - Skipped adding wind data for eu-alb (no generators found in PLEXOS).
INFO [2024-10-07 09:55:47] [WARN] - Skipped adding wind data for eu-arm (no generators found in PLEXOS).
INFO [2024-10-07 09:55:47] [WIND] - Adding eu-aut aggregated wind data...
INFO [2024-10-07 09:55:47] [WARN] - Skipped adding wind data for eu-aze (no generators found in PLEXOS).
INFO [2024-10-07 09:55:48] [WIND] - Adding eu-bel aggregated wind data...
INFO [2024-10-07 09:55:48] [WIND] - Adding eu-bgr aggregated wind data...
INFO [2024-10-07 09:55:48] [WARN] - Skipped adding wind data for eu-bih (no generators found in PLEXOS).
INFO [2024-10-07 09:55:48] [WARN] - Skipped adding wind data for eu-blr (no generators found in PLEXOS).
INFO [2024-10-07 09:55:48] [WIND] - Adding eu-che aggregated wind data...
INFO [2024-10-07 09:55:48] [WIND] - Adding eu-cyp aggregated wind data...
INFO [2024-10-07 09:55:49] [WIND] - Adding eu-cze aggregated wind data...
INFO [2024-10-07 09:55:49] [WIND] - Adding eu-deu aggregated wind data...
INFO [2024-10-07 09:55:49] [WIND] - Adding eu-dnk aggregated wind data...
INFO [2024-10-07 09:55:50] [WIND] - Adding eu-esp aggregated wind data...
INFO [2024-10-07 09:55:50] [WIND] - Adding eu-est aggregated wind data...
INFO [2024-10-07 09:55:50] [WIND] - Adding eu-fin aggregated wind data...
INFO [2024-10-07 09:55:50] [WIND] - Adding eu-fra aggregated wind data...
INFO [2024-10-07 09:55:51] [WIND] - Adding eu-gbr aggregated wind data...
INFO [2024-10-07 09:55:51] [WARN] - Skipped adding wind data for eu-geo (no generators found in PLEXOS).
INFO [2024-10-07 09:55:51] [WIND] - Adding eu-grc aggregated wind data...
INFO [2024-10-07 09:55:51] [WIND] - Adding eu-hrv aggregated wind data...
INFO [2024-10-07 09:55:52] [WIND] - Adding eu-hun aggregated wind data...
INFO [2024-10-07 09:55:52] [WIND] - Adding eu-irl aggregated wind data...
INFO [2024-10-07 09:55:52] [WARN] - Skipped adding wind data for eu-isl (no generators found in PLEXOS).
INFO [2024-10-07 09:55:52] [WIND] - Adding eu-ita aggregated wind data...
INFO [2024-10-07 09:55:52] [WARN] - Skipped adding wind data for eu-kos (no generators found in PLEXOS).
INFO [2024-10-07 09:55:53] [WIND] - Adding eu-ltu aggregated wind data...
INFO [2024-10-07 09:55:53] [WIND] - Adding eu-lux aggregated wind data...
INFO [2024-10-07 09:55:53] [WIND] - Adding eu-lva aggregated wind data...
INFO [2024-10-07 09:55:53] [WARN] - Skipped adding wind data for eu-mda (no generators found in PLEXOS).
INFO [2024-10-07 09:55:53] [WARN] - Skipped adding wind data for eu-mkd (no generators found in PLEXOS).
INFO [2024-10-07 09:55:53] [WARN] - Skipped adding wind data for eu-mne (no generators found in PLEXOS).
INFO [2024-10-07 09:55:53] [WIND] - Adding eu-nld aggregated wind data...
INFO [2024-10-07 09:55:54] [WIND] - Adding eu-nor aggregated wind data...
INFO [2024-10-07 09:55:54] [WIND] - Adding eu-pol aggregated wind data...
INFO [2024-10-07 09:55:54] [WIND] - Adding eu-prt aggregated wind data...
INFO [2024-10-07 09:55:54] [WIND] - Adding eu-rou aggregated wind data...
INFO [2024-10-07 09:55:54] [WARN] - Skipped adding wind data for eu-srb (no generators found in PLEXOS).
INFO [2024-10-07 09:55:54] [WARN] - Skipped adding wind data for eu-svk (no generators found in PLEXOS).
INFO [2024-10-07 09:55:54] [WARN] - Skipped adding wind data for eu-svn (no generators found in PLEXOS).
INFO [2024-10-07 09:55:55] [WIND] - Adding eu-swe aggregated wind data...
INFO [2024-10-07 09:55:55] [WIND] - Adding eu-ukr aggregated wind data...
INFO [2024-10-07 09:55:55] [WIND] - Saving aggregated wind data to output folder...
INFO [2024-10-07 09:55:55] [WARN] - The following generators have Ninja timeseries, but no PLEXOS properties: afg_win_capacity scaler, ago_win_capacity scaler, alb_win_capacity scaler, are_win_capacity scaler, arm_win_capacity scaler, chn-be_win_capacity scaler, chn-ch_win_capacity scaler, chn-hk_win_capacity scaler, chn-ma_win_capacity scaler, chn-ti_win_capacity scaler, ind-ea_win_capacity scaler, ind-ne_win_capacity scaler, jpn-ho_win_capacity scaler, jpn-ky_win_capacity scaler, jpn-ok_win_capacity scaler, rus-ce_win_capacity scaler, rus-fe_win_capacity scaler, rus-mv_win_capacity scaler, rus-nw_win_capacity scaler, rus-si_win_capacity scaler, rus-so_win_capacity scaler, rus-ur_win_capacity scaler, ata_win_capacity scaler, aze_win_capacity scaler, bdi_win_capacity scaler, ben_win_capacity scaler, bfa_win_capacity scaler, bgd_win_capacity scaler, bhr_win_capacity scaler, bih_win_capacity scaler, blr_win_capacity scaler, bol_win_capacity scaler, brn_win_capacity scaler, btn_win_capacity scaler, bwa_win_capacity scaler, caf_win_capacity scaler, civ_win_capacity scaler, cmr_win_capacity scaler, cod_win_capacity scaler, cog_win_capacity scaler, cub_win_capacity scaler, dji_win_capacity scaler, dza_win_capacity scaler, eri_win_capacity scaler, esh_win_capacity scaler, fji_win_capacity scaler, gab_win_capacity scaler, gbr_win_capacity scaler, geo_win_capacity scaler, gha_win_capacity scaler, gin_win_capacity scaler, gmb_win_capacity scaler, gnb_win_capacity scaler, gnq_win_capacity scaler, gtm_win_capacity scaler, guf_win_capacity scaler, idn_win_capacity scaler, irq_win_capacity scaler, isl_win_capacity scaler, isr_win_capacity scaler, jam_win_capacity scaler, ken_win_capacity scaler, kgz_win_capacity scaler, khm_win_capacity scaler, kos_win_capacity scaler, kwt_win_capacity scaler, lao_win_capacity scaler, lbn_win_capacity scaler, lbr_win_capacity scaler, lby_win_capacity scaler, lka_win_capacity scaler, lso_win_capacity scaler, mda_win_capacity scaler, mdg_win_capacity scaler, mkd_win_capacity scaler, mli_win_capacity scaler, mmr_win_capacity scaler, mne_win_capacity scaler, mng_win_capacity scaler, moz_win_capacity scaler, mrt_win_capacity scaler, mus_win_capacity scaler, mwi_win_capacity scaler, mys_win_capacity scaler, can-ab_win_capacity scaler, can-ar_win_capacity scaler, can-bc_win_capacity scaler, can-mb_win_capacity scaler, can-nl_win_capacity scaler, can-no_win_capacity scaler, can-on_win_capacity scaler, can-qc_win_capacity scaler, can-sk_win_capacity scaler, nam_win_capacity scaler, usa-ak_win_capacity scaler, usa-fr_win_capacity scaler, usa-gu_win_capacity scaler, usa-ha_win_capacity scaler, usa-me_win_capacity scaler, usa-pr_win_capacity scaler, usa-sa_win_capacity scaler, usa-sc_win_capacity scaler, usa-se_win_capacity scaler, usa-sv_win_capacity scaler, ner_win_capacity scaler, nga_win_capacity scaler, npl_win_capacity scaler, aus-nt_win_capacity scaler, aus-ql_win_capacity scaler, aus-sa_win_capacity scaler, aus-sw_win_capacity scaler, aus-ta_win_capacity scaler, aus-vi_win_capacity scaler, aus-wa_win_capacity scaler, omn_win_capacity scaler, pak_win_capacity scaler, png_win_capacity scaler, prk_win_capacity scaler, prt_win_capacity scaler, pry_win_capacity scaler, qat_win_capacity scaler, rwa_win_capacity scaler, bra-cn_win_capacity scaler, bra-cw_win_capacity scaler, bra-nw_win_capacity scaler, bra-se_win_capacity scaler, bra-we_win_capacity scaler, sau_win_capacity scaler, sdn_win_capacity scaler, sen_win_capacity scaler, sgp_win_capacity scaler, sle_win_capacity scaler, slv_win_capacity scaler, srb_win_capacity scaler, svk_win_capacity scaler, svn_win_capacity scaler, swz_win_capacity scaler, syr_win_capacity scaler, tgo_win_capacity scaler, tha_win_capacity scaler, tjk_win_capacity scaler, tkm_win_capacity scaler, tto_win_capacity scaler, tza_win_capacity scaler, uga_win_capacity scaler, ury_win_capacity scaler, uzb_win_capacity scaler, yem_win_capacity scaler, zaf_win_capacity scaler, zmb_win_capacity scaler, zwe_win_capacity scaler
INFO [2024-10-07 09:55:55] [WARN] - Nominal capacities are unknown, so they cannot be imported into the simulation.
INFO [2024-10-07 09:56:11] [WIND] - Done saving aggregated wind data to output folder!
INFO [2024-10-07 09:56:11] [MAIN] - Done adding wind data! (run time : 23.92s).

INFO [2024-10-07 09:56:11] [MAIN] - Fetching solar data...

INFO [2024-10-07 09:56:11] [WARN] - Skipped adding solar data for eu-alb (no generators found in PLEXOS).
INFO [2024-10-07 09:56:11] [WARN] - Skipped adding solar data for eu-arm (no generators found in PLEXOS).
INFO [2024-10-07 09:56:11] [SOLAR] - Adding eu-aut aggregated solar data...
INFO [2024-10-07 09:56:12] [SOLAR] - Adding eu-aze aggregated solar data...
INFO [2024-10-07 09:56:12] [SOLAR] - Adding eu-bel aggregated solar data...
INFO [2024-10-07 09:56:12] [SOLAR] - Adding eu-bgr aggregated solar data...
INFO [2024-10-07 09:56:12] [WARN] - Skipped adding solar data for eu-bih (no generators found in PLEXOS).
INFO [2024-10-07 09:56:12] [WARN] - Skipped adding solar data for eu-blr (no generators found in PLEXOS).
INFO [2024-10-07 09:56:13] [SOLAR] - Adding eu-che aggregated solar data...
INFO [2024-10-07 09:56:13] [SOLAR] - Adding eu-cyp aggregated solar data...
INFO [2024-10-07 09:56:13] [SOLAR] - Adding eu-cze aggregated solar data...
INFO [2024-10-07 09:56:13] [SOLAR] - Adding eu-deu aggregated solar data...
INFO [2024-10-07 09:56:14] [SOLAR] - Adding eu-dnk aggregated solar data...
INFO [2024-10-07 09:56:14] [SOLAR] - Adding eu-esp aggregated solar data...
INFO [2024-10-07 09:56:14] [WARN] - Skipped adding solar data for eu-est (no generators found in PLEXOS).
INFO [2024-10-07 09:56:14] [SOLAR] - Adding eu-fin aggregated solar data...
INFO [2024-10-07 09:56:14] [SOLAR] - Adding eu-fra aggregated solar data...
INFO [2024-10-07 09:56:15] [SOLAR] - Adding eu-gbr aggregated solar data...
INFO [2024-10-07 09:56:15] [WARN] - Skipped adding solar data for eu-geo (no generators found in PLEXOS).
INFO [2024-10-07 09:56:15] [SOLAR] - Adding eu-grc aggregated solar data...
INFO [2024-10-07 09:56:15] [SOLAR] - Adding eu-hrv aggregated solar data...
INFO [2024-10-07 09:56:15] [SOLAR] - Adding eu-hun aggregated solar data...
INFO [2024-10-07 09:56:15] [WARN] - Skipped adding solar data for eu-irl (no generators found in PLEXOS).
INFO [2024-10-07 09:56:15] [WARN] - Skipped adding solar data for eu-isl (no generators found in PLEXOS).
INFO [2024-10-07 09:56:16] [SOLAR] - Adding eu-ita aggregated solar data...
INFO [2024-10-07 09:56:16] [WARN] - Skipped adding solar data for eu-kos (no generators found in PLEXOS).
INFO [2024-10-07 09:56:16] [SOLAR] - Adding eu-ltu aggregated solar data...
INFO [2024-10-07 09:56:16] [SOLAR] - Adding eu-lux aggregated solar data...
INFO [2024-10-07 09:56:16] [WARN] - Skipped adding solar data for eu-lva (no generators found in PLEXOS).
INFO [2024-10-07 09:56:16] [WARN] - Skipped adding solar data for eu-mda (no generators found in PLEXOS).
INFO [2024-10-07 09:56:16] [SOLAR] - Adding eu-mkd aggregated solar data...
INFO [2024-10-07 09:56:16] [WARN] - Skipped adding solar data for eu-mne (no generators found in PLEXOS).
INFO [2024-10-07 09:56:17] [SOLAR] - Adding eu-nld aggregated solar data...
INFO [2024-10-07 09:56:17] [SOLAR] - Adding eu-nor aggregated solar data...
INFO [2024-10-07 09:56:17] [SOLAR] - Adding eu-pol aggregated solar data...
INFO [2024-10-07 09:56:17] [SOLAR] - Adding eu-prt aggregated solar data...
INFO [2024-10-07 09:56:18] [SOLAR] - Adding eu-rou aggregated solar data...
INFO [2024-10-07 09:56:18] [SOLAR] - Adding eu-srb aggregated solar data...
INFO [2024-10-07 09:56:18] [SOLAR] - Adding eu-svk aggregated solar data...
INFO [2024-10-07 09:56:18] [SOLAR] - Adding eu-svn aggregated solar data...
INFO [2024-10-07 09:56:19] [SOLAR] - Adding eu-swe aggregated solar data...
INFO [2024-10-07 09:56:19] [SOLAR] - Adding eu-ukr aggregated solar data...
INFO [2024-10-07 09:56:19] [MAIN] - Done adding solar data! (run time : 8.06s).

INFO [2024-10-07 09:56:19] [MAIN] - Adding lines between areas...

INFO [2024-10-07 09:56:20] [LINES] - Adding eu-alb to eu-grc line...
INFO [2024-10-07 09:56:21] [LINES] - Adding eu-alb to eu-kos line...
INFO [2024-10-07 09:56:21] [LINES] - Skipping eu-alb to eu-mkd link (zero NTC)
INFO [2024-10-07 09:56:21] [LINES] - Skipping eu-arm to eu-aze link (zero NTC)
INFO [2024-10-07 09:56:21] [LINES] - Adding eu-arm to eu-geo line...
INFO [2024-10-07 09:56:21] [LINES] - Adding eu-aut to eu-che line...
INFO [2024-10-07 09:56:22] [LINES] - Adding eu-aut to eu-cze line...
INFO [2024-10-07 09:56:22] [LINES] - Adding eu-aut to eu-deu line...
INFO [2024-10-07 09:56:22] [LINES] - Adding eu-aut to eu-hun line...
INFO [2024-10-07 09:56:22] [LINES] - Adding eu-aut to eu-ita line...
INFO [2024-10-07 09:56:22] [LINES] - Skipping eu-aut to eu-svk link (zero NTC)
INFO [2024-10-07 09:56:23] [LINES] - Adding eu-aut to eu-svn line...
INFO [2024-10-07 09:56:23] [LINES] - Adding eu-aze to eu-geo line...
INFO [2024-10-07 09:56:23] [LINES] - Skipping eu-bel to eu-deu link (zero NTC)
INFO [2024-10-07 09:56:23] [LINES] - Adding eu-bel to eu-fra line...
INFO [2024-10-07 09:56:23] [LINES] - Skipping eu-bel to eu-gbr link (zero NTC)
INFO [2024-10-07 09:56:24] [LINES] - Adding eu-bel to eu-lux line...
INFO [2024-10-07 09:56:24] [LINES] - Adding eu-bel to eu-nld line...
INFO [2024-10-07 09:56:24] [LINES] - Adding eu-bgr to eu-grc line...
INFO [2024-10-07 09:56:24] [LINES] - Adding eu-bgr to eu-mkd line...
INFO [2024-10-07 09:56:25] [LINES] - Adding eu-bgr to eu-rou line...
INFO [2024-10-07 09:56:25] [LINES] - Adding eu-bgr to eu-srb line...
INFO [2024-10-07 09:56:25] [LINES] - Adding eu-bih to eu-hrv line...
INFO [2024-10-07 09:56:26] [LINES] - Adding eu-bih to eu-mne line...
INFO [2024-10-07 09:56:26] [LINES] - Adding eu-bih to eu-srb line...
INFO [2024-10-07 09:56:26] [LINES] - Adding eu-blr to eu-ltu line...
INFO [2024-10-07 09:56:27] [LINES] - Skipping eu-blr to eu-lva link (zero NTC)
INFO [2024-10-07 09:56:27] [LINES] - Skipping eu-blr to eu-pol link (zero NTC)
INFO [2024-10-07 09:56:27] [LINES] - Adding eu-blr to eu-ukr line...
INFO [2024-10-07 09:56:27] [LINES] - Adding eu-che to eu-deu line...
INFO [2024-10-07 09:56:27] [LINES] - Adding eu-che to eu-fra line...
INFO [2024-10-07 09:56:28] [LINES] - Adding eu-che to eu-ita line...
INFO [2024-10-07 09:56:28] [LINES] - Skipping eu-cyp to eu-grc link (zero NTC)
INFO [2024-10-07 09:56:28] [LINES] - Adding eu-cze to eu-deu line...
INFO [2024-10-07 09:56:29] [LINES] - Adding eu-cze to eu-pol line...
INFO [2024-10-07 09:56:29] [LINES] - Adding eu-cze to eu-svk line...
INFO [2024-10-07 09:56:29] [LINES] - Adding eu-deu to eu-dnk line...
INFO [2024-10-07 09:56:30] [LINES] - Adding eu-deu to eu-fra line...
INFO [2024-10-07 09:56:30] [LINES] - Adding eu-deu to eu-lux line...
INFO [2024-10-07 09:56:30] [LINES] - Adding eu-deu to eu-nld line...
INFO [2024-10-07 09:56:30] [LINES] - Skipping eu-deu to eu-nor link (zero NTC)
INFO [2024-10-07 09:56:30] [LINES] - Adding eu-deu to eu-pol line...
INFO [2024-10-07 09:56:31] [LINES] - Adding eu-deu to eu-swe line...
INFO [2024-10-07 09:56:31] [LINES] - Skipping eu-dnk to eu-gbr link (zero NTC)
INFO [2024-10-07 09:56:31] [LINES] - Skipping eu-dnk to eu-nld link (zero NTC)
INFO [2024-10-07 09:56:31] [LINES] - Adding eu-dnk to eu-nor line...
INFO [2024-10-07 09:56:31] [LINES] - Adding eu-dnk to eu-swe line...
INFO [2024-10-07 09:56:32] [LINES] - Adding eu-esp to eu-fra line...
INFO [2024-10-07 09:56:32] [LINES] - Adding eu-esp to eu-prt line...
INFO [2024-10-07 09:56:32] [LINES] - Adding eu-est to eu-fin line...
INFO [2024-10-07 09:56:33] [LINES] - Adding eu-est to eu-lva line...
INFO [2024-10-07 09:56:33] [LINES] - Adding eu-fin to eu-nor line...
INFO [2024-10-07 09:56:33] [LINES] - Adding eu-fin to eu-swe line...
INFO [2024-10-07 09:56:34] [LINES] - Adding eu-fra to eu-gbr line...
INFO [2024-10-07 09:56:34] [LINES] - Skipping eu-fra to eu-irl link (zero NTC)
INFO [2024-10-07 09:56:34] [LINES] - Adding eu-fra to eu-ita line...
INFO [2024-10-07 09:56:34] [LINES] - Adding eu-fra to eu-lux line...
INFO [2024-10-07 09:56:35] [LINES] - Adding eu-gbr to eu-irl line...
INFO [2024-10-07 09:56:35] [LINES] - Skipping eu-gbr to eu-isl link (zero NTC)
INFO [2024-10-07 09:56:35] [LINES] - Adding eu-gbr to eu-nld line...
INFO [2024-10-07 09:56:35] [LINES] - Skipping eu-gbr to eu-nor link (zero NTC)
INFO [2024-10-07 09:56:36] [LINES] - Adding eu-grc to eu-ita line...
INFO [2024-10-07 09:56:36] [LINES] - Adding eu-grc to eu-mkd line...
INFO [2024-10-07 09:56:36] [LINES] - Adding eu-hrv to eu-hun line...
INFO [2024-10-07 09:56:36] [LINES] - Skipping eu-hrv to eu-mne link (zero NTC)
INFO [2024-10-07 09:56:37] [LINES] - Adding eu-hrv to eu-srb line...
INFO [2024-10-07 09:56:37] [LINES] - Adding eu-hrv to eu-svn line...
INFO [2024-10-07 09:56:37] [LINES] - Adding eu-hun to eu-rou line...
INFO [2024-10-07 09:56:38] [LINES] - Adding eu-hun to eu-srb line...
INFO [2024-10-07 09:56:38] [LINES] - Adding eu-hun to eu-svk line...
INFO [2024-10-07 09:56:38] [LINES] - Adding eu-hun to eu-svn line...
INFO [2024-10-07 09:56:39] [LINES] - Adding eu-hun to eu-ukr line...
INFO [2024-10-07 09:56:39] [LINES] - Adding eu-ita to eu-svn line...
INFO [2024-10-07 09:56:40] [LINES] - Adding eu-kos to eu-mkd line...
INFO [2024-10-07 09:56:40] [LINES] - Adding eu-kos to eu-mne line...
INFO [2024-10-07 09:56:40] [LINES] - Adding eu-kos to eu-srb line...
INFO [2024-10-07 09:56:41] [LINES] - Adding eu-ltu to eu-lva line...
INFO [2024-10-07 09:56:41] [LINES] - Adding eu-ltu to eu-pol line...
INFO [2024-10-07 09:56:42] [LINES] - Adding eu-ltu to eu-swe line...
INFO [2024-10-07 09:56:42] [LINES] - Skipping eu-mda to eu-rou link (zero NTC)
INFO [2024-10-07 09:56:42] [LINES] - Adding eu-mda to eu-ukr line...
INFO [2024-10-07 09:56:43] [LINES] - Adding eu-mkd to eu-srb line...
INFO [2024-10-07 09:56:43] [LINES] - Adding eu-mne to eu-srb line...
INFO [2024-10-07 09:56:43] [LINES] - Adding eu-nld to eu-nor line...
INFO [2024-10-07 09:56:44] [LINES] - Adding eu-nor to eu-swe line...
INFO [2024-10-07 09:56:44] [LINES] - Adding eu-pol to eu-svk line...
INFO [2024-10-07 09:56:44] [LINES] - Adding eu-pol to eu-swe line...
INFO [2024-10-07 09:56:45] [LINES] - Adding eu-pol to eu-ukr line...
INFO [2024-10-07 09:56:45] [LINES] - Adding eu-rou to eu-srb line...
INFO [2024-10-07 09:56:46] [LINES] - Adding eu-rou to eu-ukr line...
INFO [2024-10-07 09:56:46] [LINES] - Adding eu-svk to eu-ukr line...
INFO [2024-10-07 09:56:46] [LINES] - Adding eu-alb to eu-mne line...
INFO [2024-10-07 09:56:46] [MAIN] - Done adding lines! (run time : 27.47s).

INFO [2024-10-07 09:56:46] [MAIN] - Finished setting up Antares study! (run time : 1.6min).
 

