INFO [2024-08-05 17:59:00] [MAIN] - Creating Etude_sur_R_Monde__2024_08_05_17_58_59 study...

INFO [2024-08-05 17:59:00] [MAIN] - Unit commitment mode : FAST
INFO [2024-08-05 17:59:00] [MAIN] - Adding nodes...

INFO [2024-08-05 17:59:02] [MAIN] - Done adding nodes! (run time : 2.05s).

INFO [2024-08-05 17:59:02] [MAIN] - Adding load data...

INFO [2024-08-05 17:59:03] [MAIN] - Done adding load data! (run time : 1.23s).

INFO [2024-08-05 17:59:03] [MAIN] - Fetching wind data...

INFO [2024-08-05 17:59:03] [MAIN] - Done adding wind data! (run time : 0.22s).

INFO [2024-08-05 17:59:03] [MAIN] - Fetching solar data...

INFO [2024-08-05 17:59:04] [MAIN] - Done adding solar data! (run time : 0.23s).

INFO [2024-08-05 17:59:04] [MAIN] - Beginning hydro implementation...
INFO [2024-08-05 17:59:09] [MAIN] - Done adding hydro!
INFO [2024-08-05 17:59:09] [MAIN] - Fetching thermal data...

INFO [2024-08-05 18:00:16] [MAIN] - Done adding thermal data! (run time : 1.12min).

INFO [2024-08-05 18:00:16] [MAIN] - Adding lines between areas...

INFO [2024-08-05 18:00:17] [MAIN] - Done adding lines! (run time : 1.3s).

INFO [2024-08-05 18:00:17] [MAIN] - Finished setting up Antares study! (run time : 1.3min).
 

INFO [2024-08-05 18:00:17] [MAIN] - Starting simulation__2024_08_05_18_00_17 simulation...
INFO [2024-08-05 18:02:55] [MAIN] - Antares simulation finished! (run time : 2.62min).
 

INFO [2024-08-05 18:02:57] [MAIN] - Opening latest simulation...
INFO [2024-08-05 18:06:37] [MAIN] - Reading simulations of pre-existing threePoints_minimal study...
INFO [2024-08-05 18:08:00] [MAIN] - Reading simulations of pre-existing threePoints_withHydro study...
INFO [2024-08-05 18:08:00] [MAIN] - Opening latest simulation...
