ERROR [2024-08-09 09:21:00] [WARN] - Skipped adding wind data for AS-AFG (no generators found in PLEXOS).
ERROR [2024-08-09 09:21:00] [WARN] - Skipped adding wind data for AS-ARE (no generators found in PLEXOS).
ERROR [2024-08-09 09:21:00] [WARN] - Skipped adding wind data for AS-BGD (no generators found in PLEXOS).
ERROR [2024-08-09 09:21:00] [WARN] - Skipped adding wind data for AS-BHR (no generators found in PLEXOS).
ERROR [2024-08-09 09:21:00] [WARN] - Skipped adding wind data for AS-BRN (no generators found in PLEXOS).
ERROR [2024-08-09 09:21:00] [WARN] - Skipped adding wind data for AS-BTN (no generators found in PLEXOS).
ERROR [2024-08-09 09:21:00] [WARN] - Skipped adding wind data for AS-CHN-BE (no generators found in PLEXOS).
ERROR [2024-08-09 09:21:00] [WARN] - Skipped adding wind data for AS-CHN-CH (no generators found in PLEXOS).
ERROR [2024-08-09 09:21:03] [WARN] - Skipped adding wind data for AS-CHN-HK (no generators found in PLEXOS).
ERROR [2024-08-09 09:21:05] [WARN] - Skipped adding wind data for AS-CHN-MA (no generators found in PLEXOS).
ERROR [2024-08-09 09:21:08] [WARN] - Skipped adding wind data for AS-CHN-TI (no generators found in PLEXOS).
ERROR [2024-08-09 09:21:10] [WARN] - Skipped adding wind data for AS-IDN (no generators found in PLEXOS).
ERROR [2024-08-09 09:21:10] [WARN] - Skipped adding wind data for AS-IND-EA (no generators found in PLEXOS).
ERROR [2024-08-09 09:21:10] [WARN] - Skipped adding wind data for AS-IND-NE (no generators found in PLEXOS).
ERROR [2024-08-09 09:21:11] [WARN] - Skipped adding wind data for AS-IRQ (no generators found in PLEXOS).
ERROR [2024-08-09 09:21:11] [WARN] - Skipped adding wind data for AS-ISR (no generators found in PLEXOS).
ERROR [2024-08-09 09:21:12] [WARN] - Skipped adding wind data for AS-JPN-HO (no generators found in PLEXOS).
ERROR [2024-08-09 09:21:12] [WARN] - Skipped adding wind data for AS-JPN-KY (no generators found in PLEXOS).
ERROR [2024-08-09 09:21:12] [WARN] - Skipped adding wind data for AS-JPN-OK (no generators found in PLEXOS).
ERROR [2024-08-09 09:21:13] [WARN] - Skipped adding wind data for AS-KGZ (no generators found in PLEXOS).
ERROR [2024-08-09 09:21:13] [WARN] - Skipped adding wind data for AS-KHM (no generators found in PLEXOS).
ERROR [2024-08-09 09:21:13] [WARN] - Skipped adding wind data for AS-KWT (no generators found in PLEXOS).
ERROR [2024-08-09 09:21:13] [WARN] - Skipped adding wind data for AS-LAO (no generators found in PLEXOS).
ERROR [2024-08-09 09:21:13] [WARN] - Skipped adding wind data for AS-LBN (no generators found in PLEXOS).
ERROR [2024-08-09 09:21:14] [WARN] - Skipped adding wind data for AS-MMR (no generators found in PLEXOS).
ERROR [2024-08-09 09:21:14] [WARN] - Skipped adding wind data for AS-MYS (no generators found in PLEXOS).
ERROR [2024-08-09 09:21:14] [WARN] - Skipped adding wind data for AS-NPL (no generators found in PLEXOS).
ERROR [2024-08-09 09:21:14] [WARN] - Skipped adding wind data for AS-OMN (no generators found in PLEXOS).
ERROR [2024-08-09 09:21:15] [WARN] - Skipped adding wind data for AS-PRK (no generators found in PLEXOS).
ERROR [2024-08-09 09:21:15] [WARN] - Skipped adding wind data for AS-QAT (no generators found in PLEXOS).
ERROR [2024-08-09 09:21:15] [WARN] - Skipped adding wind data for AS-RUS-FE (no generators found in PLEXOS).
ERROR [2024-08-09 09:21:15] [WARN] - Skipped adding wind data for AS-RUS-NW (no generators found in PLEXOS).
ERROR [2024-08-09 09:21:15] [WARN] - Skipped adding wind data for AS-RUS-SI (no generators found in PLEXOS).
ERROR [2024-08-09 09:21:16] [WARN] - Skipped adding wind data for AS-RUS-SO (no generators found in PLEXOS).
ERROR [2024-08-09 09:21:16] [WARN] - Skipped adding wind data for AS-SAU (no generators found in PLEXOS).
ERROR [2024-08-09 09:21:16] [WARN] - Skipped adding wind data for AS-SGP (no generators found in PLEXOS).
ERROR [2024-08-09 09:21:16] [WARN] - Skipped adding wind data for AS-SYR (no generators found in PLEXOS).
ERROR [2024-08-09 09:21:16] [WARN] - Skipped adding wind data for AS-TJK (no generators found in PLEXOS).
ERROR [2024-08-09 09:21:16] [WARN] - Skipped adding wind data for AS-TKM (no generators found in PLEXOS).
ERROR [2024-08-09 09:21:17] [WARN] - Skipped adding wind data for AS-UZB (no generators found in PLEXOS).
ERROR [2024-08-09 09:21:17] [WARN] - Skipped adding wind data for AS-YEM (no generators found in PLEXOS).
ERROR [2024-08-09 09:21:17] [WARN] - Skipped adding solar data for AS-AFG (no generators found in PLEXOS).
ERROR [2024-08-09 09:21:18] [WARN] - Skipped adding solar data for AS-BHR (no generators found in PLEXOS).
ERROR [2024-08-09 09:21:18] [WARN] - Skipped adding solar data for AS-BRN (no generators found in PLEXOS).
ERROR [2024-08-09 09:21:18] [WARN] - Skipped adding solar data for AS-BTN (no generators found in PLEXOS).
ERROR [2024-08-09 09:21:19] [WARN] - Skipped adding solar data for AS-CHN-CH (no generators found in PLEXOS).
ERROR [2024-08-09 09:21:19] [WARN] - Skipped adding solar data for AS-CHN-EM (no generators found in PLEXOS).
ERROR [2024-08-09 09:21:19] [WARN] - Skipped adding solar data for AS-CHN-FU (no generators found in PLEXOS).
ERROR [2024-08-09 09:21:20] [WARN] - Skipped adding solar data for AS-CHN-GD (no generators found in PLEXOS).
ERROR [2024-08-09 09:21:20] [WARN] - Skipped adding solar data for AS-CHN-GU (no generators found in PLEXOS).
ERROR [2024-08-09 09:21:20] [WARN] - Skipped adding solar data for AS-CHN-GX (no generators found in PLEXOS).
ERROR [2024-08-09 09:21:21] [WARN] - Skipped adding solar data for AS-CHN-HE (no generators found in PLEXOS).
ERROR [2024-08-09 09:21:21] [WARN] - Skipped adding solar data for AS-CHN-HK (no generators found in PLEXOS).
ERROR [2024-08-09 09:21:21] [WARN] - Skipped adding solar data for AS-CHN-HN (no generators found in PLEXOS).
ERROR [2024-08-09 09:21:22] [WARN] - Skipped adding solar data for AS-CHN-JI (no generators found in PLEXOS).
ERROR [2024-08-09 09:21:22] [WARN] - Skipped adding solar data for AS-CHN-JX (no generators found in PLEXOS).
ERROR [2024-08-09 09:21:22] [WARN] - Skipped adding solar data for AS-CHN-LI (no generators found in PLEXOS).
ERROR [2024-08-09 09:21:22] [WARN] - Skipped adding solar data for AS-CHN-MA (no generators found in PLEXOS).
ERROR [2024-08-09 09:21:23] [WARN] - Skipped adding solar data for AS-CHN-SC (no generators found in PLEXOS).
ERROR [2024-08-09 09:21:25] [WARN] - Skipped adding solar data for AS-CHN-SX (no generators found in PLEXOS).
ERROR [2024-08-09 09:21:25] [WARN] - Skipped adding solar data for AS-CHN-TI (no generators found in PLEXOS).
ERROR [2024-08-09 09:21:25] [WARN] - Skipped adding solar data for AS-CHN-TJ (no generators found in PLEXOS).
ERROR [2024-08-09 09:21:26] [WARN] - Skipped adding solar data for AS-CHN-ZH (no generators found in PLEXOS).
ERROR [2024-08-09 09:21:26] [WARN] - Skipped adding solar data for AS-IDN (no generators found in PLEXOS).
ERROR [2024-08-09 09:21:26] [WARN] - Skipped adding solar data for AS-IND-NE (no generators found in PLEXOS).
ERROR [2024-08-09 09:21:32] [WARN] - Skipped adding solar data for AS-KGZ (no generators found in PLEXOS).
ERROR [2024-08-09 09:21:33] [WARN] - Skipped adding solar data for AS-KWT (no generators found in PLEXOS).
ERROR [2024-08-09 09:21:33] [WARN] - Skipped adding solar data for AS-LAO (no generators found in PLEXOS).
ERROR [2024-08-09 09:21:33] [WARN] - Skipped adding solar data for AS-LBN (no generators found in PLEXOS).
ERROR [2024-08-09 09:21:34] [WARN] - Skipped adding solar data for AS-MNG (no generators found in PLEXOS).
ERROR [2024-08-09 09:21:35] [WARN] - Skipped adding solar data for AS-OMN (no generators found in PLEXOS).
ERROR [2024-08-09 09:21:35] [WARN] - Skipped adding solar data for AS-PRK (no generators found in PLEXOS).
ERROR [2024-08-09 09:21:35] [WARN] - Skipped adding solar data for AS-QAT (no generators found in PLEXOS).
ERROR [2024-08-09 09:21:36] [WARN] - Skipped adding solar data for AS-RUS-MV (no generators found in PLEXOS).
ERROR [2024-08-09 09:21:36] [WARN] - Skipped adding solar data for AS-RUS-NW (no generators found in PLEXOS).
ERROR [2024-08-09 09:21:36] [WARN] - Skipped adding solar data for AS-RUS-SO (no generators found in PLEXOS).
ERROR [2024-08-09 09:21:38] [WARN] - Skipped adding solar data for AS-SYR (no generators found in PLEXOS).
ERROR [2024-08-09 09:21:38] [WARN] - Skipped adding solar data for AS-TJK (no generators found in PLEXOS).
ERROR [2024-08-09 09:21:38] [WARN] - Skipped adding solar data for AS-TKM (no generators found in PLEXOS).
ERROR [2024-08-09 09:21:39] [WARN] - Skipped adding solar data for AS-UZB (no generators found in PLEXOS).
ERROR [2024-08-09 09:21:39] [WARN] - Skipped adding solar data for AS-VNM (no generators found in PLEXOS).
