INFO [2024-10-13 15:01:13] [MAIN] - Initializing output folder...
INFO [2024-10-13 15:01:16] [MAIN] - Reading simulations of pre-existing v2_20clu__2024_09_04_22_33_36 study...
INFO [2024-10-13 15:01:17] [MAIN] - Opening 20240905-0707eco-world_vOutages_accurateUCM simulation...
INFO [2024-10-13 15:01:17] [MAIN] - Preparing to compare generation values with Deane...
INFO [2024-10-13 15:01:17] [DEANE] - Saving generation comparisons for africa continent...
INFO [2024-10-13 15:01:18] [DEANE] - Done saving generation comparisons for africa continent!
INFO [2024-10-13 15:01:18] [DEANE] - Saving generation comparisons for asia continent...
INFO [2024-10-13 15:01:18] [DEANE] - Done saving generation comparisons for asia continent!
INFO [2024-10-13 15:01:18] [DEANE] - Saving generation comparisons for europe continent...
INFO [2024-10-13 15:01:18] [DEANE] - Done saving generation comparisons for europe continent!
INFO [2024-10-13 15:01:18] [DEANE] - Saving generation comparisons for north america continent...
INFO [2024-10-13 15:01:19] [DEANE] - Done saving generation comparisons for north america continent!
INFO [2024-10-13 15:01:19] [DEANE] - Saving generation comparisons for oceania continent...
INFO [2024-10-13 15:01:19] [DEANE] - Done saving generation comparisons for oceania continent!
INFO [2024-10-13 15:01:19] [DEANE] - Saving generation comparisons for south america continent...
INFO [2024-10-13 15:01:19] [DEANE] - Done saving generation comparisons for south america continent!
INFO [2024-10-13 15:01:19] [DEANE] - Saving generation comparisons for the world...
INFO [2024-10-13 15:01:20] [DEANE] - Done saving generation comparisons for the world!
INFO [2024-10-13 15:01:20] [MAIN] - Done comparing generation values with Deane! (run time : 2.67 s).

INFO [2024-10-13 15:01:20] [MAIN] - Preparing to compare emissions values with Deane...
INFO [2024-10-13 15:01:20] [DEANE] - Computing continental CO2 emissions in Antares study...
INFO [2024-10-13 15:01:45] [DEANE] - Done computing continental CO2 emissions!
INFO [2024-10-13 15:01:45] [DEANE] - Saving emissions comparisons for africa continent...
INFO [2024-10-13 15:01:45] [DEANE] - Done saving emissions comparisons for africa continent!
INFO [2024-10-13 15:01:45] [DEANE] - Saving emissions comparisons for asia continent...
INFO [2024-10-13 15:01:45] [DEANE] - Done saving emissions comparisons for asia continent!
INFO [2024-10-13 15:01:45] [DEANE] - Saving emissions comparisons for europe continent...
INFO [2024-10-13 15:01:46] [DEANE] - Done saving emissions comparisons for europe continent!
INFO [2024-10-13 15:01:46] [DEANE] - Saving emissions comparisons for north america continent...
INFO [2024-10-13 15:01:46] [DEANE] - Done saving emissions comparisons for north america continent!
INFO [2024-10-13 15:01:46] [DEANE] - Saving emissions comparisons for oceania continent...
INFO [2024-10-13 15:01:46] [DEANE] - Done saving emissions comparisons for oceania continent!
INFO [2024-10-13 15:01:46] [DEANE] - Saving emissions comparisons for south america continent...
INFO [2024-10-13 15:01:46] [DEANE] - Done saving emissions comparisons for south america continent!
INFO [2024-10-13 15:01:46] [DEANE] - Computing world CO2 emissions in Antares study...
