INFO [2024-10-13 14:30:33] [MAIN] - Initializing output folder...
INFO [2024-10-13 14:30:36] [MAIN] - Reading simulations of pre-existing v2_20clu__2024_09_04_22_33_36 study...
INFO [2024-10-13 14:30:37] [MAIN] - Opening 20240905-0707eco-world_vOutages_accurateUCM simulation...
INFO [2024-10-13 14:30:37] [MAIN] - Preparing to compare generation values with Deane...
INFO [2024-10-13 14:30:37] [DEANE] - Saving generation comparisons for africa continent...
INFO [2024-10-13 14:30:38] [DEANE] - Done saving generation comparisons for africa continent!
INFO [2024-10-13 14:30:38] [DEANE] - Saving generation comparisons for asia continent...
INFO [2024-10-13 14:30:38] [DEANE] - Done saving generation comparisons for asia continent!
INFO [2024-10-13 14:30:38] [DEANE] - Saving generation comparisons for europe continent...
INFO [2024-10-13 14:30:39] [DEANE] - Done saving generation comparisons for europe continent!
INFO [2024-10-13 14:30:39] [DEANE] - Saving generation comparisons for north america continent...
INFO [2024-10-13 14:30:39] [DEANE] - Done saving generation comparisons for north america continent!
INFO [2024-10-13 14:30:39] [DEANE] - Saving generation comparisons for oceania continent...
INFO [2024-10-13 14:30:39] [DEANE] - Done saving generation comparisons for oceania continent!
INFO [2024-10-13 14:30:39] [DEANE] - Saving generation comparisons for south america continent...
INFO [2024-10-13 14:30:39] [DEANE] - Done saving generation comparisons for south america continent!
INFO [2024-10-13 14:30:40] [DEANE] - Saving generation comparisons for the world...
INFO [2024-10-13 14:30:40] [DEANE] - Done saving generation comparisons for the world!
INFO [2024-10-13 14:30:40] [MAIN] - Done comparing generation values with Deane! (run time : 2.86 s).

INFO [2024-10-13 14:30:40] [MAIN] - Preparing to compare emissions values with Deane...
INFO [2024-10-13 14:30:40] [DEANE] - Computing continental CO2 emissions in Antares study...
INFO [2024-10-13 14:31:14] [DEANE] - Done computing continental CO2 emissions!
INFO [2024-10-13 14:31:14] [DEANE] - Saving emissions comparisons for africa continent...
INFO [2024-10-13 14:31:15] [DEANE] - Done saving emissions comparisons for africa continent!
INFO [2024-10-13 14:31:15] [DEANE] - Saving emissions comparisons for asia continent...
INFO [2024-10-13 14:31:15] [DEANE] - Done saving emissions comparisons for asia continent!
INFO [2024-10-13 14:31:15] [DEANE] - Saving emissions comparisons for europe continent...
INFO [2024-10-13 14:31:15] [DEANE] - Done saving emissions comparisons for europe continent!
INFO [2024-10-13 14:31:15] [DEANE] - Saving emissions comparisons for north america continent...
INFO [2024-10-13 14:31:16] [DEANE] - Done saving emissions comparisons for north america continent!
INFO [2024-10-13 14:31:16] [DEANE] - Saving emissions comparisons for oceania continent...
INFO [2024-10-13 14:31:16] [DEANE] - Done saving emissions comparisons for oceania continent!
INFO [2024-10-13 14:31:16] [DEANE] - Saving emissions comparisons for south america continent...
INFO [2024-10-13 14:31:16] [DEANE] - Done saving emissions comparisons for south america continent!
INFO [2024-10-13 14:31:16] [DEANE] - Computing world CO2 emissions in Antares study...
INFO [2024-10-13 14:31:47] [DEANE] - Done computing world CO2 emissions!
INFO [2024-10-13 14:31:47] [DEANE] - Saving emissions comparisons for the world...
