INFO [2024-08-05 17:54:18] [MAIN] - Creating Etude_sur_R_Monde__2024_08_05_17_54_17 study...

INFO [2024-08-05 17:54:18] [MAIN] - Unit commitment mode : FAST
INFO [2024-08-05 17:54:18] [MAIN] - Adding nodes...

INFO [2024-08-05 17:54:20] [NODES] - Adding EU-CHE node...
INFO [2024-08-05 17:54:20] [NODES] - Adding EU-DEU node...
INFO [2024-08-05 17:54:20] [NODES] - Adding EU-FRA node...
INFO [2024-08-05 17:54:21] [MAIN] - Done adding nodes! (run time : 2.4s).

INFO [2024-08-05 17:54:21] [MAIN] - Adding load data...

INFO [2024-08-05 17:54:22] [LOAD] - Adding EU-CHE load data...
INFO [2024-08-05 17:54:22] [LOAD] - Adding EU-DEU load data...
INFO [2024-08-05 17:54:22] [LOAD] - Adding EU-FRA load data...
INFO [2024-08-05 17:54:22] [MAIN] - Done adding load data! (run time : 1.31s).

INFO [2024-08-05 17:54:22] [MAIN] - Fetching wind data...

INFO [2024-08-05 17:54:22] [WIND] - Adding EU-CHE aggregated wind data...
INFO [2024-08-05 17:54:22] [WIND] - Adding EU-DEU aggregated wind data...
INFO [2024-08-05 17:54:22] [WIND] - Adding EU-FRA aggregated wind data...
INFO [2024-08-05 17:54:22] [MAIN] - Done adding wind data! (run time : 0.26s).

INFO [2024-08-05 17:54:22] [MAIN] - Fetching solar data...

INFO [2024-08-05 17:54:22] [SOLAR] - Adding EU-CHE aggregated solar data...
INFO [2024-08-05 17:54:22] [SOLAR] - Adding EU-DEU aggregated solar data...
INFO [2024-08-05 17:54:22] [SOLAR] - Adding EU-FRA aggregated solar data...
INFO [2024-08-05 17:54:22] [MAIN] - Done adding solar data! (run time : 0.24s).

INFO [2024-08-05 17:54:23] [MAIN] - Beginning hydro implementation...
INFO [2024-08-05 17:54:23] [HYDRO] - Initializing EU-CHE hydro parameters...
INFO [2024-08-05 17:54:24] [HYDRO] - Adding EU-CHE max power timeseries...
INFO [2024-08-05 17:54:24] [HYDRO] - Adding EU-CHE hydro profiles...
INFO [2024-08-05 17:54:25] [HYDRO] - Initializing EU-DEU hydro parameters...
INFO [2024-08-05 17:54:25] [HYDRO] - Adding EU-DEU max power timeseries...
INFO [2024-08-05 17:54:25] [HYDRO] - Adding EU-DEU hydro profiles...
INFO [2024-08-05 17:54:26] [HYDRO] - Initializing EU-FRA hydro parameters...
INFO [2024-08-05 17:54:26] [HYDRO] - Adding EU-FRA max power timeseries...
INFO [2024-08-05 17:54:27] [HYDRO] - Adding EU-FRA hydro profiles...
INFO [2024-08-05 17:54:27] [MAIN] - Done adding hydro!
INFO [2024-08-05 17:54:27] [MAIN] - Adding lines between areas...

INFO [2024-08-05 17:54:28] [LINES] - Adding EU-CHE to EU-DEU line...
INFO [2024-08-05 17:54:28] [LINES] - Adding EU-CHE to EU-FRA line...
INFO [2024-08-05 17:54:28] [LINES] - Adding EU-DEU to EU-FRA line...
INFO [2024-08-05 17:54:28] [MAIN] - Done adding lines! (run time : 1.25s).

INFO [2024-08-05 17:54:28] [MAIN] - Finished setting up Antares study! (run time : 0.17min).
 

INFO [2024-08-05 17:54:28] [MAIN] - Starting simulation__2024_08_05_17_54_28 simulation...
INFO [2024-08-05 17:54:37] [MAIN] - Antares simulation finished! (run time : 0.15min).
 

INFO [2024-08-05 17:54:39] [MAIN] - Opening latest simulation...
