INFO [2024-09-10 09:43:06] [MAIN] - Reading simulations of pre-existing v2_20clu__2024_09_04_22_33_36 study...
INFO [2024-09-10 09:43:07] [MAIN] - Opening 20240905-0707eco-world_vOutages_accurateUCM simulation...
INFO [2024-09-10 09:43:07] [MAIN] - Preparing to save import/export ranking of countries...
INFO [2024-09-10 09:43:10] [MAIN] - Import/export ranking of countries has been saved ! (run time : 3.06 s).

INFO [2024-09-10 09:43:10] [MAIN] - Preparing to save global production stack...
INFO [2024-09-10 09:43:19] [MAIN] - Done saving global production stack! (run time : 8.51s).

INFO [2024-09-10 09:43:19] [MAIN] - Preparing to save continental production stacks...
INFO [2024-09-10 09:43:19] [STACK] - Saving production stack for africa continent...
INFO [2024-09-10 09:43:25] [STACK] - The daily production stack for africa from 2015-01-01 to 2015-12-31 has been saved!
INFO [2024-09-10 09:43:25] [STACK] - Saving production stack for asia continent...
INFO [2024-09-10 09:43:32] [STACK] - The daily production stack for asia from 2015-01-01 to 2015-12-31 has been saved!
INFO [2024-09-10 09:43:32] [STACK] - Saving production stack for europe continent...
INFO [2024-09-10 09:43:40] [STACK] - The daily production stack for europe from 2015-01-01 to 2015-12-31 has been saved!
INFO [2024-09-10 09:43:40] [STACK] - Saving production stack for north america continent...
INFO [2024-09-10 09:43:46] [STACK] - The daily production stack for north america from 2015-01-01 to 2015-12-31 has been saved!
INFO [2024-09-10 09:43:46] [STACK] - Saving production stack for oceania continent...
INFO [2024-09-10 09:43:54] [STACK] - The daily production stack for oceania from 2015-01-01 to 2015-12-31 has been saved!
INFO [2024-09-10 09:43:54] [STACK] - Saving production stack for south america continent...
INFO [2024-09-10 09:44:04] [STACK] - The daily production stack for south america from 2015-01-01 to 2015-12-31 has been saved!
INFO [2024-09-10 09:44:04] [MAIN] - Done saving continental production stacks! (run time : 45.41s).

INFO [2024-09-10 09:44:04] [MAIN] - Preparing to save national production stacks...
INFO [2024-09-10 09:44:06] [STACK] - Saving production stack for af-ago country...
INFO [2024-09-10 09:44:13] [STACK] - The daily production stack for af-ago from 2015-01-01 to 2015-12-31 has been saved!
INFO [2024-09-10 09:44:13] [STACK] - Saving production stack for af-bdi country...
INFO [2024-09-10 09:44:19] [STACK] - The daily production stack for af-bdi from 2015-01-01 to 2015-12-31 has been saved!
INFO [2024-09-10 09:44:19] [STACK] - Saving production stack for af-ben country...
INFO [2024-09-10 09:44:23] [STACK] - The daily production stack for af-ben from 2015-01-01 to 2015-12-31 has been saved!
INFO [2024-09-10 09:44:23] [STACK] - Saving production stack for af-bfa country...
INFO [2024-09-10 09:44:28] [STACK] - The daily production stack for af-bfa from 2015-01-01 to 2015-12-31 has been saved!
INFO [2024-09-10 09:44:28] [STACK] - Saving production stack for af-bwa country...
INFO [2024-09-10 09:44:37] [STACK] - The daily production stack for af-bwa from 2015-01-01 to 2015-12-31 has been saved!
INFO [2024-09-10 09:44:37] [STACK] - Saving production stack for af-caf country...
INFO [2024-09-10 09:44:42] [STACK] - The daily production stack for af-caf from 2015-01-01 to 2015-12-31 has been saved!
INFO [2024-09-10 09:44:42] [STACK] - Saving production stack for af-civ country...
INFO [2024-09-10 09:44:47] [STACK] - The daily production stack for af-civ from 2015-01-01 to 2015-12-31 has been saved!
INFO [2024-09-10 09:44:47] [STACK] - Saving production stack for af-cmr country...
INFO [2024-09-10 09:44:54] [STACK] - The daily production stack for af-cmr from 2015-01-01 to 2015-12-31 has been saved!
INFO [2024-09-10 09:44:54] [STACK] - Saving production stack for af-cod country...
