INFO [2024-09-12 15:05:09] [MAIN] - Creating EU_full_agg__2024_09_12_15_05_09 study...

INFO [2024-09-12 15:05:10] [MAIN] - Initializing output folder...
INFO [2024-09-12 15:05:10] [MAIN] - Unit commitment mode : ACCURATE
INFO [2024-09-12 15:05:10] [MAIN] - Adding nodes...

INFO [2024-09-12 15:05:11] [NODES] - Adding eu-alb node...
INFO [2024-09-12 15:05:12] [NODES] - Adding eu-arm node...
INFO [2024-09-12 15:05:12] [NODES] - Adding eu-aut node...
INFO [2024-09-12 15:05:12] [NODES] - Adding eu-aze node...
INFO [2024-09-12 15:05:12] [NODES] - Adding eu-bel node...
INFO [2024-09-12 15:05:12] [NODES] - Adding eu-bgr node...
INFO [2024-09-12 15:05:12] [NODES] - Adding eu-bih node...
INFO [2024-09-12 15:05:13] [NODES] - Adding eu-blr node...
INFO [2024-09-12 15:05:13] [NODES] - Adding eu-che node...
INFO [2024-09-12 15:05:13] [NODES] - Adding eu-cyp node...
INFO [2024-09-12 15:05:13] [NODES] - Adding eu-cze node...
INFO [2024-09-12 15:05:14] [NODES] - Adding eu-deu node...
INFO [2024-09-12 15:05:14] [NODES] - Adding eu-dnk node...
INFO [2024-09-12 15:05:14] [NODES] - Adding eu-esp node...
INFO [2024-09-12 15:05:14] [NODES] - Adding eu-est node...
INFO [2024-09-12 15:05:15] [NODES] - Adding eu-fin node...
INFO [2024-09-12 15:05:16] [NODES] - Adding eu-fra node...
INFO [2024-09-12 15:05:17] [NODES] - Adding eu-gbr node...
INFO [2024-09-12 15:05:18] [NODES] - Adding eu-geo node...
INFO [2024-09-12 15:05:19] [NODES] - Adding eu-grc node...
INFO [2024-09-12 15:05:20] [NODES] - Adding eu-hrv node...
INFO [2024-09-12 15:05:20] [NODES] - Adding eu-hun node...
INFO [2024-09-12 15:05:21] [NODES] - Adding eu-irl node...
INFO [2024-09-12 15:05:22] [NODES] - Adding eu-isl node...
INFO [2024-09-12 15:05:22] [NODES] - Adding eu-ita node...
INFO [2024-09-12 15:05:23] [NODES] - Adding eu-kos node...
INFO [2024-09-12 15:05:24] [NODES] - Adding eu-ltu node...
INFO [2024-09-12 15:05:25] [NODES] - Adding eu-lux node...
INFO [2024-09-12 15:05:25] [NODES] - Adding eu-lva node...
INFO [2024-09-12 15:05:26] [NODES] - Adding eu-mda node...
INFO [2024-09-12 15:05:26] [NODES] - Adding eu-mkd node...
INFO [2024-09-12 15:05:27] [NODES] - Adding eu-mne node...
INFO [2024-09-12 15:05:27] [NODES] - Adding eu-nld node...
INFO [2024-09-12 15:05:28] [NODES] - Adding eu-nor node...
INFO [2024-09-12 15:05:28] [NODES] - Adding eu-pol node...
INFO [2024-09-12 15:05:29] [NODES] - Adding eu-prt node...
INFO [2024-09-12 15:05:29] [NODES] - Adding eu-rou node...
INFO [2024-09-12 15:05:30] [NODES] - Adding eu-srb node...
INFO [2024-09-12 15:05:31] [NODES] - Adding eu-svk node...
INFO [2024-09-12 15:05:31] [NODES] - Adding eu-svn node...
INFO [2024-09-12 15:05:32] [NODES] - Adding eu-swe node...
INFO [2024-09-12 15:05:32] [NODES] - Adding eu-ukr node...
INFO [2024-09-12 15:05:33] [MAIN] - Done adding nodes! (run time : 23.28s).

INFO [2024-09-12 15:05:33] [MAIN] - Adding districts...

INFO [2024-09-12 15:05:34] [DISTRICTS] - Creating global district...
INFO [2024-09-12 15:05:34] [DISTRICTS] - Done creating global district!
INFO [2024-09-12 15:05:34] [DISTRICTS] - Creating europe continental district...
INFO [2024-09-12 15:05:35] [DISTRICTS] - Done creating europe continental district!
INFO [2024-09-12 15:05:35] [MAIN] - Done adding districts! (run time : 1.79s).

INFO [2024-09-12 15:05:35] [MAIN] - Adding load data...

INFO [2024-09-12 15:05:37] [LOAD] - Adding eu-alb load data...
INFO [2024-09-12 15:05:38] [LOAD] - Adding eu-arm load data...
INFO [2024-09-12 15:05:38] [LOAD] - Adding eu-aut load data...
INFO [2024-09-12 15:05:38] [LOAD] - Adding eu-aze load data...
INFO [2024-09-12 15:05:39] [LOAD] - Adding eu-bel load data...
INFO [2024-09-12 15:05:39] [LOAD] - Adding eu-bgr load data...
INFO [2024-09-12 15:05:39] [LOAD] - Adding eu-bih load data...
INFO [2024-09-12 15:05:39] [LOAD] - Adding eu-blr load data...
INFO [2024-09-12 15:05:40] [LOAD] - Adding eu-che load data...
INFO [2024-09-12 15:05:40] [LOAD] - Adding eu-cyp load data...
INFO [2024-09-12 15:05:40] [LOAD] - Adding eu-cze load data...
INFO [2024-09-12 15:05:41] [LOAD] - Adding eu-deu load data...
INFO [2024-09-12 15:05:41] [LOAD] - Adding eu-dnk load data...
INFO [2024-09-12 15:05:41] [LOAD] - Adding eu-esp load data...
INFO [2024-09-12 15:05:42] [LOAD] - Adding eu-est load data...
INFO [2024-09-12 15:05:42] [LOAD] - Adding eu-fin load data...
INFO [2024-09-12 15:05:42] [LOAD] - Adding eu-fra load data...
INFO [2024-09-12 15:05:42] [LOAD] - Adding eu-gbr load data...
INFO [2024-09-12 15:05:43] [LOAD] - Adding eu-geo load data...
INFO [2024-09-12 15:05:43] [LOAD] - Adding eu-grc load data...
INFO [2024-09-12 15:05:44] [LOAD] - Adding eu-hrv load data...
INFO [2024-09-12 15:05:44] [LOAD] - Adding eu-hun load data...
INFO [2024-09-12 15:05:44] [LOAD] - Adding eu-irl load data...
INFO [2024-09-12 15:05:44] [LOAD] - Adding eu-isl load data...
INFO [2024-09-12 15:05:45] [LOAD] - Adding eu-ita load data...
INFO [2024-09-12 15:05:45] [LOAD] - Adding eu-kos load data...
INFO [2024-09-12 15:05:45] [LOAD] - Adding eu-ltu load data...
INFO [2024-09-12 15:05:46] [LOAD] - Adding eu-lux load data...
INFO [2024-09-12 15:05:46] [LOAD] - Adding eu-lva load data...
INFO [2024-09-12 15:05:46] [LOAD] - Adding eu-mda load data...
INFO [2024-09-12 15:05:47] [LOAD] - Adding eu-mkd load data...
INFO [2024-09-12 15:05:47] [LOAD] - Adding eu-mne load data...
INFO [2024-09-12 15:05:47] [LOAD] - Adding eu-nld load data...
INFO [2024-09-12 15:05:48] [LOAD] - Adding eu-nor load data...
INFO [2024-09-12 15:05:48] [LOAD] - Adding eu-pol load data...
INFO [2024-09-12 15:05:48] [LOAD] - Adding eu-prt load data...
INFO [2024-09-12 15:05:49] [LOAD] - Adding eu-rou load data...
INFO [2024-09-12 15:05:49] [LOAD] - Adding eu-srb load data...
INFO [2024-09-12 15:05:49] [LOAD] - Adding eu-svk load data...
INFO [2024-09-12 15:05:50] [LOAD] - Adding eu-svn load data...
INFO [2024-09-12 15:05:50] [LOAD] - Adding eu-swe load data...
INFO [2024-09-12 15:05:50] [LOAD] - Adding eu-ukr load data...
INFO [2024-09-12 15:05:51] [MAIN] - Done adding load data! (run time : 15.93s).

INFO [2024-09-12 15:05:51] [MAIN] - Fetching wind data...

INFO [2024-09-12 15:05:51] [WARN] - Skipped adding wind data for eu-alb (no generators found in PLEXOS).
INFO [2024-09-12 15:05:51] [WARN] - Skipped adding wind data for eu-arm (no generators found in PLEXOS).
INFO [2024-09-12 15:05:51] [WIND] - Adding eu-aut aggregated wind data...
INFO [2024-09-12 15:05:51] [WARN] - Skipped adding wind data for eu-aze (no generators found in PLEXOS).
INFO [2024-09-12 15:05:52] [WIND] - Adding eu-bel aggregated wind data...
INFO [2024-09-12 15:05:52] [WIND] - Adding eu-bgr aggregated wind data...
INFO [2024-09-12 15:05:52] [WARN] - Skipped adding wind data for eu-bih (no generators found in PLEXOS).
INFO [2024-09-12 15:05:52] [WARN] - Skipped adding wind data for eu-blr (no generators found in PLEXOS).
INFO [2024-09-12 15:05:52] [WIND] - Adding eu-che aggregated wind data...
INFO [2024-09-12 15:05:53] [WIND] - Adding eu-cyp aggregated wind data...
INFO [2024-09-12 15:05:53] [WIND] - Adding eu-cze aggregated wind data...
INFO [2024-09-12 15:05:54] [WIND] - Adding eu-deu aggregated wind data...
INFO [2024-09-12 15:05:54] [WIND] - Adding eu-dnk aggregated wind data...
INFO [2024-09-12 15:05:54] [WIND] - Adding eu-esp aggregated wind data...
INFO [2024-09-12 15:05:55] [WIND] - Adding eu-est aggregated wind data...
INFO [2024-09-12 15:05:55] [WIND] - Adding eu-fin aggregated wind data...
INFO [2024-09-12 15:05:55] [WIND] - Adding eu-fra aggregated wind data...
INFO [2024-09-12 15:05:56] [WIND] - Adding eu-gbr aggregated wind data...
INFO [2024-09-12 15:05:56] [WARN] - Skipped adding wind data for eu-geo (no generators found in PLEXOS).
INFO [2024-09-12 15:05:56] [WIND] - Adding eu-grc aggregated wind data...
INFO [2024-09-12 15:05:56] [WIND] - Adding eu-hrv aggregated wind data...
INFO [2024-09-12 15:05:57] [WIND] - Adding eu-hun aggregated wind data...
INFO [2024-09-12 15:05:57] [WIND] - Adding eu-irl aggregated wind data...
INFO [2024-09-12 15:05:57] [WARN] - Skipped adding wind data for eu-isl (no generators found in PLEXOS).
INFO [2024-09-12 15:05:57] [WIND] - Adding eu-ita aggregated wind data...
INFO [2024-09-12 15:05:57] [WARN] - Skipped adding wind data for eu-kos (no generators found in PLEXOS).
INFO [2024-09-12 15:05:58] [WIND] - Adding eu-ltu aggregated wind data...
INFO [2024-09-12 15:05:58] [WIND] - Adding eu-lux aggregated wind data...
INFO [2024-09-12 15:05:58] [WIND] - Adding eu-lva aggregated wind data...
INFO [2024-09-12 15:05:58] [WARN] - Skipped adding wind data for eu-mda (no generators found in PLEXOS).
INFO [2024-09-12 15:05:58] [WARN] - Skipped adding wind data for eu-mkd (no generators found in PLEXOS).
INFO [2024-09-12 15:05:58] [WARN] - Skipped adding wind data for eu-mne (no generators found in PLEXOS).
INFO [2024-09-12 15:05:59] [WIND] - Adding eu-nld aggregated wind data...
INFO [2024-09-12 15:05:59] [WIND] - Adding eu-nor aggregated wind data...
INFO [2024-09-12 15:05:59] [WIND] - Adding eu-pol aggregated wind data...
INFO [2024-09-12 15:06:00] [WIND] - Adding eu-prt aggregated wind data...
INFO [2024-09-12 15:06:00] [WIND] - Adding eu-rou aggregated wind data...
INFO [2024-09-12 15:06:00] [WARN] - Skipped adding wind data for eu-srb (no generators found in PLEXOS).
INFO [2024-09-12 15:06:00] [WARN] - Skipped adding wind data for eu-svk (no generators found in PLEXOS).
INFO [2024-09-12 15:06:00] [WARN] - Skipped adding wind data for eu-svn (no generators found in PLEXOS).
INFO [2024-09-12 15:06:01] [WIND] - Adding eu-swe aggregated wind data...
INFO [2024-09-12 15:06:01] [WIND] - Adding eu-ukr aggregated wind data...
INFO [2024-09-12 15:06:01] [WIND] - Saving aggregated wind data to output folder...
INFO [2024-09-12 15:06:01] [WARN] - The following generators have Ninja timeseries, but no PLEXOS properties: afg_win_capacity scaler, ago_win_capacity scaler, alb_win_capacity scaler, are_win_capacity scaler, arm_win_capacity scaler, chn-be_win_capacity scaler, chn-ch_win_capacity scaler, chn-hk_win_capacity scaler, chn-ma_win_capacity scaler, chn-ti_win_capacity scaler, ind-ea_win_capacity scaler, ind-ne_win_capacity scaler, jpn-ho_win_capacity scaler, jpn-ky_win_capacity scaler, jpn-ok_win_capacity scaler, rus-ce_win_capacity scaler, rus-fe_win_capacity scaler, rus-mv_win_capacity scaler, rus-nw_win_capacity scaler, rus-si_win_capacity scaler, rus-so_win_capacity scaler, rus-ur_win_capacity scaler, ata_win_capacity scaler, aze_win_capacity scaler, bdi_win_capacity scaler, ben_win_capacity scaler, bfa_win_capacity scaler, bgd_win_capacity scaler, bhr_win_capacity scaler, bih_win_capacity scaler, blr_win_capacity scaler, bol_win_capacity scaler, brn_win_capacity scaler, btn_win_capacity scaler, bwa_win_capacity scaler, caf_win_capacity scaler, civ_win_capacity scaler, cmr_win_capacity scaler, cod_win_capacity scaler, cog_win_capacity scaler, cub_win_capacity scaler, dji_win_capacity scaler, dza_win_capacity scaler, eri_win_capacity scaler, esh_win_capacity scaler, fji_win_capacity scaler, gab_win_capacity scaler, gbr_win_capacity scaler, geo_win_capacity scaler, gha_win_capacity scaler, gin_win_capacity scaler, gmb_win_capacity scaler, gnb_win_capacity scaler, gnq_win_capacity scaler, gtm_win_capacity scaler, guf_win_capacity scaler, idn_win_capacity scaler, irq_win_capacity scaler, isl_win_capacity scaler, isr_win_capacity scaler, jam_win_capacity scaler, ken_win_capacity scaler, kgz_win_capacity scaler, khm_win_capacity scaler, kos_win_capacity scaler, kwt_win_capacity scaler, lao_win_capacity scaler, lbn_win_capacity scaler, lbr_win_capacity scaler, lby_win_capacity scaler, lka_win_capacity scaler, lso_win_capacity scaler, mda_win_capacity scaler, mdg_win_capacity scaler, mkd_win_capacity scaler, mli_win_capacity scaler, mmr_win_capacity scaler, mne_win_capacity scaler, mng_win_capacity scaler, moz_win_capacity scaler, mrt_win_capacity scaler, mus_win_capacity scaler, mwi_win_capacity scaler, mys_win_capacity scaler, can-ab_win_capacity scaler, can-ar_win_capacity scaler, can-bc_win_capacity scaler, can-mb_win_capacity scaler, can-nl_win_capacity scaler, can-no_win_capacity scaler, can-on_win_capacity scaler, can-qc_win_capacity scaler, can-sk_win_capacity scaler, nam_win_capacity scaler, usa-ak_win_capacity scaler, usa-fr_win_capacity scaler, usa-gu_win_capacity scaler, usa-ha_win_capacity scaler, usa-me_win_capacity scaler, usa-pr_win_capacity scaler, usa-sa_win_capacity scaler, usa-sc_win_capacity scaler, usa-se_win_capacity scaler, usa-sv_win_capacity scaler, ner_win_capacity scaler, nga_win_capacity scaler, npl_win_capacity scaler, aus-nt_win_capacity scaler, aus-ql_win_capacity scaler, aus-sa_win_capacity scaler, aus-sw_win_capacity scaler, aus-ta_win_capacity scaler, aus-vi_win_capacity scaler, aus-wa_win_capacity scaler, omn_win_capacity scaler, pak_win_capacity scaler, png_win_capacity scaler, prk_win_capacity scaler, prt_win_capacity scaler, pry_win_capacity scaler, qat_win_capacity scaler, rwa_win_capacity scaler, bra-cn_win_capacity scaler, bra-cw_win_capacity scaler, bra-nw_win_capacity scaler, bra-se_win_capacity scaler, bra-we_win_capacity scaler, sau_win_capacity scaler, sdn_win_capacity scaler, sen_win_capacity scaler, sgp_win_capacity scaler, sle_win_capacity scaler, slv_win_capacity scaler, srb_win_capacity scaler, svk_win_capacity scaler, svn_win_capacity scaler, swz_win_capacity scaler, syr_win_capacity scaler, tgo_win_capacity scaler, tha_win_capacity scaler, tjk_win_capacity scaler, tkm_win_capacity scaler, tto_win_capacity scaler, tza_win_capacity scaler, uga_win_capacity scaler, ury_win_capacity scaler, uzb_win_capacity scaler, yem_win_capacity scaler, zaf_win_capacity scaler, zmb_win_capacity scaler, zwe_win_capacity scaler
INFO [2024-09-12 15:06:01] [WARN] - Nominal capacities are unknown, so they cannot be imported into the simulation.
INFO [2024-09-12 15:06:01] [MAIN] - Starting accrate_test simulation...
