INFO [2024-09-04 15:03:34] [MAIN] - Reading simulations of pre-existing Deane_testWorld_v1__2024_08_25_21_23_09 study...
INFO [2024-09-04 15:03:36] [MAIN] - Opening 20240826-0706eco-fastUCM_worldDistrict simulation...
INFO [2024-09-04 15:03:37] [MAIN] - Preparing to compare generation values with Deane...
INFO [2024-09-04 15:03:38] [DEANE] - Saving generation comparisons for africa continent...
INFO [2024-09-04 15:03:38] [DEANE] - Done saving generation comparisons for africa continent!
INFO [2024-09-04 15:03:38] [DEANE] - Saving generation comparisons for asia continent...
INFO [2024-09-04 15:03:40] [DEANE] - Done saving generation comparisons for asia continent!
INFO [2024-09-04 15:03:40] [DEANE] - Saving generation comparisons for europe continent...
INFO [2024-09-04 15:03:40] [DEANE] - Done saving generation comparisons for europe continent!
INFO [2024-09-04 15:03:41] [DEANE] - Saving generation comparisons for north america continent...
INFO [2024-09-04 15:03:41] [DEANE] - Done saving generation comparisons for north america continent!
INFO [2024-09-04 15:03:41] [DEANE] - Saving generation comparisons for oceania continent...
INFO [2024-09-04 15:03:42] [DEANE] - Done saving generation comparisons for oceania continent!
INFO [2024-09-04 15:03:42] [DEANE] - Saving generation comparisons for south america continent...
INFO [2024-09-04 15:03:44] [DEANE] - Done saving generation comparisons for south america continent!
INFO [2024-09-04 15:03:44] [MAIN] - Done comparing generation values with Deane! (run time : 6.86 s).

INFO [2024-09-04 15:03:44] [MAIN] - Preparing to compare emissions values with Deane...
INFO [2024-09-04 15:03:44] [DEANE] - Computing continental CO2 emissions in Antares study...
INFO [2024-09-04 15:05:12] [DEANE] - Done computing continental CO2 emissions!
INFO [2024-09-04 15:05:12] [DEANE] - Saving emissions comparisons for africa continent...
INFO [2024-09-04 15:05:13] [DEANE] - Done saving emissions comparisons for africa continent!
INFO [2024-09-04 15:05:13] [DEANE] - Saving emissions comparisons for asia continent...
INFO [2024-09-04 15:05:13] [DEANE] - Done saving emissions comparisons for asia continent!
INFO [2024-09-04 15:05:13] [DEANE] - Saving emissions comparisons for europe continent...
INFO [2024-09-04 15:05:14] [DEANE] - Done saving emissions comparisons for europe continent!
INFO [2024-09-04 15:05:14] [DEANE] - Saving emissions comparisons for north america continent...
INFO [2024-09-04 15:05:14] [DEANE] - Done saving emissions comparisons for north america continent!
INFO [2024-09-04 15:05:14] [DEANE] - Saving emissions comparisons for oceania continent...
INFO [2024-09-04 15:05:15] [DEANE] - Done saving emissions comparisons for oceania continent!
INFO [2024-09-04 15:05:15] [DEANE] - Saving emissions comparisons for south america continent...
INFO [2024-09-04 15:05:16] [DEANE] - Done saving emissions comparisons for south america continent!
INFO [2024-09-04 15:05:16] [MAIN] - Done comparing emissions values with Deane! (run time : 91.84 s).

