ERROR [2024-09-10 10:12:52] [WARN] - Skipped adding wind data for eu-alb (no generators found in PLEXOS).
ERROR [2024-09-10 10:12:52] [WARN] - Skipped adding wind data for eu-arm (no generators found in PLEXOS).
ERROR [2024-09-10 10:12:53] [WARN] - Skipped adding wind data for eu-aze (no generators found in PLEXOS).
ERROR [2024-09-10 10:12:53] [WARN] - Skipped adding wind data for eu-bih (no generators found in PLEXOS).
ERROR [2024-09-10 10:12:53] [WARN] - Skipped adding wind data for eu-blr (no generators found in PLEXOS).
ERROR [2024-09-10 10:12:56] [WARN] - Skipped adding wind data for eu-geo (no generators found in PLEXOS).
ERROR [2024-09-10 10:12:57] [WARN] - Skipped adding wind data for eu-isl (no generators found in PLEXOS).
ERROR [2024-09-10 10:12:57] [WARN] - Skipped adding wind data for eu-kos (no generators found in PLEXOS).
ERROR [2024-09-10 10:12:58] [WARN] - Skipped adding wind data for eu-mda (no generators found in PLEXOS).
ERROR [2024-09-10 10:12:58] [WARN] - Skipped adding wind data for eu-mkd (no generators found in PLEXOS).
ERROR [2024-09-10 10:12:58] [WARN] - Skipped adding wind data for eu-mne (no generators found in PLEXOS).
ERROR [2024-09-10 10:12:59] [WARN] - Skipped adding wind data for eu-srb (no generators found in PLEXOS).
ERROR [2024-09-10 10:12:59] [WARN] - Skipped adding wind data for eu-svk (no generators found in PLEXOS).
ERROR [2024-09-10 10:12:59] [WARN] - Skipped adding wind data for eu-svn (no generators found in PLEXOS).
ERROR [2024-09-10 10:12:59] [WARN] - Skipped adding solar data for eu-alb (no generators found in PLEXOS).
ERROR [2024-09-10 10:12:59] [WARN] - Skipped adding solar data for eu-arm (no generators found in PLEXOS).
ERROR [2024-09-10 10:13:01] [WARN] - Skipped adding solar data for eu-bih (no generators found in PLEXOS).
ERROR [2024-09-10 10:13:01] [WARN] - Skipped adding solar data for eu-blr (no generators found in PLEXOS).
ERROR [2024-09-10 10:13:03] [WARN] - Skipped adding solar data for eu-est (no generators found in PLEXOS).
ERROR [2024-09-10 10:13:04] [WARN] - Skipped adding solar data for eu-geo (no generators found in PLEXOS).
ERROR [2024-09-10 10:13:05] [WARN] - Skipped adding solar data for eu-irl (no generators found in PLEXOS).
ERROR [2024-09-10 10:13:05] [WARN] - Skipped adding solar data for eu-isl (no generators found in PLEXOS).
ERROR [2024-09-10 10:13:05] [WARN] - Skipped adding solar data for eu-kos (no generators found in PLEXOS).
ERROR [2024-09-10 10:13:06] [WARN] - Skipped adding solar data for eu-lva (no generators found in PLEXOS).
ERROR [2024-09-10 10:13:06] [WARN] - Skipped adding solar data for eu-mda (no generators found in PLEXOS).
ERROR [2024-09-10 10:13:06] [WARN] - Skipped adding solar data for eu-mne (no generators found in PLEXOS).
ERROR [2024-09-10 10:13:09] [WARN] - Generation of all lines failed (perhaps there are no connections?), skipping...
