INFO [2024-09-10 10:12:23] [MAIN] - Creating EU_aggRES__2024_09_10_10_12_23 study...

INFO [2024-09-10 10:12:23] [MAIN] - Unit commitment mode : ACCURATE
INFO [2024-09-10 10:12:24] [MAIN] - Adding nodes...

INFO [2024-09-10 10:12:25] [NODES] - Adding eu-alb node...
INFO [2024-09-10 10:12:26] [NODES] - Adding eu-arm node...
INFO [2024-09-10 10:12:26] [NODES] - Adding eu-aut node...
INFO [2024-09-10 10:12:26] [NODES] - Adding eu-aze node...
INFO [2024-09-10 10:12:26] [NODES] - Adding eu-bel node...
INFO [2024-09-10 10:12:26] [NODES] - Adding eu-bgr node...
INFO [2024-09-10 10:12:27] [NODES] - Adding eu-bih node...
INFO [2024-09-10 10:12:27] [NODES] - Adding eu-blr node...
INFO [2024-09-10 10:12:27] [NODES] - Adding eu-che node...
INFO [2024-09-10 10:12:28] [NODES] - Adding eu-cyp node...
INFO [2024-09-10 10:12:28] [NODES] - Adding eu-cze node...
INFO [2024-09-10 10:12:28] [NODES] - Adding eu-deu node...
INFO [2024-09-10 10:12:28] [NODES] - Adding eu-dnk node...
INFO [2024-09-10 10:12:29] [NODES] - Adding eu-esp node...
INFO [2024-09-10 10:12:29] [NODES] - Adding eu-est node...
INFO [2024-09-10 10:12:29] [NODES] - Adding eu-fin node...
INFO [2024-09-10 10:12:29] [NODES] - Adding eu-fra node...
INFO [2024-09-10 10:12:30] [NODES] - Adding eu-gbr node...
INFO [2024-09-10 10:12:30] [NODES] - Adding eu-geo node...
INFO [2024-09-10 10:12:30] [NODES] - Adding eu-grc node...
INFO [2024-09-10 10:12:31] [NODES] - Adding eu-hrv node...
INFO [2024-09-10 10:12:31] [NODES] - Adding eu-hun node...
INFO [2024-09-10 10:12:31] [NODES] - Adding eu-irl node...
INFO [2024-09-10 10:12:32] [NODES] - Adding eu-isl node...
INFO [2024-09-10 10:12:33] [NODES] - Adding eu-ita node...
INFO [2024-09-10 10:12:33] [NODES] - Adding eu-kos node...
INFO [2024-09-10 10:12:33] [NODES] - Adding eu-ltu node...
INFO [2024-09-10 10:12:34] [NODES] - Adding eu-lux node...
INFO [2024-09-10 10:12:34] [NODES] - Adding eu-lva node...
INFO [2024-09-10 10:12:34] [NODES] - Adding eu-mda node...
INFO [2024-09-10 10:12:35] [NODES] - Adding eu-mkd node...
INFO [2024-09-10 10:12:35] [NODES] - Adding eu-mne node...
INFO [2024-09-10 10:12:36] [NODES] - Adding eu-nld node...
INFO [2024-09-10 10:12:36] [NODES] - Adding eu-nor node...
INFO [2024-09-10 10:12:36] [NODES] - Adding eu-pol node...
INFO [2024-09-10 10:12:37] [NODES] - Adding eu-prt node...
INFO [2024-09-10 10:12:37] [NODES] - Adding eu-rou node...
INFO [2024-09-10 10:12:37] [NODES] - Adding eu-srb node...
INFO [2024-09-10 10:12:38] [NODES] - Adding eu-svk node...
INFO [2024-09-10 10:12:38] [NODES] - Adding eu-svn node...
INFO [2024-09-10 10:12:39] [NODES] - Adding eu-swe node...
INFO [2024-09-10 10:12:39] [NODES] - Adding eu-ukr node...
INFO [2024-09-10 10:12:40] [MAIN] - Done adding nodes! (run time : 16.16s).

INFO [2024-09-10 10:12:40] [MAIN] - Adding districts...

INFO [2024-09-10 10:12:40] [DISTRICTS] - Creating global district...
INFO [2024-09-10 10:12:40] [DISTRICTS] - Done creating global district!
INFO [2024-09-10 10:12:41] [DISTRICTS] - Creating europe continental district...
INFO [2024-09-10 10:12:41] [DISTRICTS] - Done creating europe continental district!
INFO [2024-09-10 10:12:41] [MAIN] - Done adding districts! (run time : 1.38s).

INFO [2024-09-10 10:12:41] [MAIN] - Adding load data...

INFO [2024-09-10 10:12:42] [LOAD] - Adding eu-alb load data...
INFO [2024-09-10 10:12:43] [LOAD] - Adding eu-arm load data...
INFO [2024-09-10 10:12:43] [LOAD] - Adding eu-aut load data...
INFO [2024-09-10 10:12:43] [LOAD] - Adding eu-aze load data...
INFO [2024-09-10 10:12:43] [LOAD] - Adding eu-bel load data...
INFO [2024-09-10 10:12:43] [LOAD] - Adding eu-bgr load data...
INFO [2024-09-10 10:12:44] [LOAD] - Adding eu-bih load data...
INFO [2024-09-10 10:12:44] [LOAD] - Adding eu-blr load data...
INFO [2024-09-10 10:12:44] [LOAD] - Adding eu-che load data...
INFO [2024-09-10 10:12:44] [LOAD] - Adding eu-cyp load data...
INFO [2024-09-10 10:12:45] [LOAD] - Adding eu-cze load data...
INFO [2024-09-10 10:12:45] [LOAD] - Adding eu-deu load data...
INFO [2024-09-10 10:12:45] [LOAD] - Adding eu-dnk load data...
INFO [2024-09-10 10:12:45] [LOAD] - Adding eu-esp load data...
INFO [2024-09-10 10:12:46] [LOAD] - Adding eu-est load data...
INFO [2024-09-10 10:12:46] [LOAD] - Adding eu-fin load data...
INFO [2024-09-10 10:12:46] [LOAD] - Adding eu-fra load data...
INFO [2024-09-10 10:12:46] [LOAD] - Adding eu-gbr load data...
INFO [2024-09-10 10:12:46] [LOAD] - Adding eu-geo load data...
INFO [2024-09-10 10:12:47] [LOAD] - Adding eu-grc load data...
INFO [2024-09-10 10:12:47] [LOAD] - Adding eu-hrv load data...
INFO [2024-09-10 10:12:47] [LOAD] - Adding eu-hun load data...
INFO [2024-09-10 10:12:47] [LOAD] - Adding eu-irl load data...
INFO [2024-09-10 10:12:48] [LOAD] - Adding eu-isl load data...
INFO [2024-09-10 10:12:48] [LOAD] - Adding eu-ita load data...
INFO [2024-09-10 10:12:48] [LOAD] - Adding eu-kos load data...
INFO [2024-09-10 10:12:48] [LOAD] - Adding eu-ltu load data...
INFO [2024-09-10 10:12:49] [LOAD] - Adding eu-lux load data...
INFO [2024-09-10 10:12:49] [LOAD] - Adding eu-lva load data...
INFO [2024-09-10 10:12:49] [LOAD] - Adding eu-mda load data...
INFO [2024-09-10 10:12:49] [LOAD] - Adding eu-mkd load data...
INFO [2024-09-10 10:12:50] [LOAD] - Adding eu-mne load data...
INFO [2024-09-10 10:12:50] [LOAD] - Adding eu-nld load data...
INFO [2024-09-10 10:12:50] [LOAD] - Adding eu-nor load data...
INFO [2024-09-10 10:12:50] [LOAD] - Adding eu-pol load data...
INFO [2024-09-10 10:12:51] [LOAD] - Adding eu-prt load data...
INFO [2024-09-10 10:12:51] [LOAD] - Adding eu-rou load data...
INFO [2024-09-10 10:12:51] [LOAD] - Adding eu-srb load data...
INFO [2024-09-10 10:12:51] [LOAD] - Adding eu-svk load data...
INFO [2024-09-10 10:12:52] [LOAD] - Adding eu-svn load data...
INFO [2024-09-10 10:12:52] [LOAD] - Adding eu-swe load data...
INFO [2024-09-10 10:12:52] [LOAD] - Adding eu-ukr load data...
INFO [2024-09-10 10:12:52] [MAIN] - Done adding load data! (run time : 11.3s).

INFO [2024-09-10 10:12:52] [MAIN] - Fetching wind data...

INFO [2024-09-10 10:12:52] [WARN] - Skipped adding wind data for eu-alb (no generators found in PLEXOS).
INFO [2024-09-10 10:12:52] [WARN] - Skipped adding wind data for eu-arm (no generators found in PLEXOS).
INFO [2024-09-10 10:12:53] [WIND] - Adding eu-aut aggregated wind data...
INFO [2024-09-10 10:12:53] [WARN] - Skipped adding wind data for eu-aze (no generators found in PLEXOS).
INFO [2024-09-10 10:12:53] [WIND] - Adding eu-bel aggregated wind data...
INFO [2024-09-10 10:12:53] [WIND] - Adding eu-bgr aggregated wind data...
INFO [2024-09-10 10:12:53] [WARN] - Skipped adding wind data for eu-bih (no generators found in PLEXOS).
INFO [2024-09-10 10:12:53] [WARN] - Skipped adding wind data for eu-blr (no generators found in PLEXOS).
INFO [2024-09-10 10:12:53] [WIND] - Adding eu-che aggregated wind data...
INFO [2024-09-10 10:12:54] [WIND] - Adding eu-cyp aggregated wind data...
INFO [2024-09-10 10:12:54] [WIND] - Adding eu-cze aggregated wind data...
INFO [2024-09-10 10:12:54] [WIND] - Adding eu-deu aggregated wind data...
INFO [2024-09-10 10:12:54] [WIND] - Adding eu-dnk aggregated wind data...
INFO [2024-09-10 10:12:55] [WIND] - Adding eu-esp aggregated wind data...
INFO [2024-09-10 10:12:55] [WIND] - Adding eu-est aggregated wind data...
INFO [2024-09-10 10:12:55] [WIND] - Adding eu-fin aggregated wind data...
INFO [2024-09-10 10:12:55] [WIND] - Adding eu-fra aggregated wind data...
INFO [2024-09-10 10:12:56] [WIND] - Adding eu-gbr aggregated wind data...
INFO [2024-09-10 10:12:56] [WARN] - Skipped adding wind data for eu-geo (no generators found in PLEXOS).
INFO [2024-09-10 10:12:56] [WIND] - Adding eu-grc aggregated wind data...
INFO [2024-09-10 10:12:56] [WIND] - Adding eu-hrv aggregated wind data...
INFO [2024-09-10 10:12:56] [WIND] - Adding eu-hun aggregated wind data...
INFO [2024-09-10 10:12:57] [WIND] - Adding eu-irl aggregated wind data...
INFO [2024-09-10 10:12:57] [WARN] - Skipped adding wind data for eu-isl (no generators found in PLEXOS).
INFO [2024-09-10 10:12:57] [WIND] - Adding eu-ita aggregated wind data...
INFO [2024-09-10 10:12:57] [WARN] - Skipped adding wind data for eu-kos (no generators found in PLEXOS).
INFO [2024-09-10 10:12:57] [WIND] - Adding eu-ltu aggregated wind data...
INFO [2024-09-10 10:12:57] [WIND] - Adding eu-lux aggregated wind data...
INFO [2024-09-10 10:12:58] [WIND] - Adding eu-lva aggregated wind data...
INFO [2024-09-10 10:12:58] [WARN] - Skipped adding wind data for eu-mda (no generators found in PLEXOS).
INFO [2024-09-10 10:12:58] [WARN] - Skipped adding wind data for eu-mkd (no generators found in PLEXOS).
INFO [2024-09-10 10:12:58] [WARN] - Skipped adding wind data for eu-mne (no generators found in PLEXOS).
INFO [2024-09-10 10:12:58] [WIND] - Adding eu-nld aggregated wind data...
INFO [2024-09-10 10:12:58] [WIND] - Adding eu-nor aggregated wind data...
INFO [2024-09-10 10:12:58] [WIND] - Adding eu-pol aggregated wind data...
INFO [2024-09-10 10:12:59] [WIND] - Adding eu-prt aggregated wind data...
INFO [2024-09-10 10:12:59] [WIND] - Adding eu-rou aggregated wind data...
INFO [2024-09-10 10:12:59] [WARN] - Skipped adding wind data for eu-srb (no generators found in PLEXOS).
INFO [2024-09-10 10:12:59] [WARN] - Skipped adding wind data for eu-svk (no generators found in PLEXOS).
INFO [2024-09-10 10:12:59] [WARN] - Skipped adding wind data for eu-svn (no generators found in PLEXOS).
INFO [2024-09-10 10:12:59] [WIND] - Adding eu-swe aggregated wind data...
INFO [2024-09-10 10:12:59] [WIND] - Adding eu-ukr aggregated wind data...
INFO [2024-09-10 10:12:59] [MAIN] - Done adding wind data! (run time : 6.97s).

INFO [2024-09-10 10:12:59] [MAIN] - Fetching solar data...

INFO [2024-09-10 10:12:59] [WARN] - Skipped adding solar data for eu-alb (no generators found in PLEXOS).
INFO [2024-09-10 10:12:59] [WARN] - Skipped adding solar data for eu-arm (no generators found in PLEXOS).
INFO [2024-09-10 10:13:00] [SOLAR] - Adding eu-aut aggregated solar data...
INFO [2024-09-10 10:13:00] [SOLAR] - Adding eu-aze aggregated solar data...
INFO [2024-09-10 10:13:00] [SOLAR] - Adding eu-bel aggregated solar data...
INFO [2024-09-10 10:13:01] [SOLAR] - Adding eu-bgr aggregated solar data...
INFO [2024-09-10 10:13:01] [WARN] - Skipped adding solar data for eu-bih (no generators found in PLEXOS).
INFO [2024-09-10 10:13:01] [WARN] - Skipped adding solar data for eu-blr (no generators found in PLEXOS).
INFO [2024-09-10 10:13:01] [SOLAR] - Adding eu-che aggregated solar data...
INFO [2024-09-10 10:13:02] [SOLAR] - Adding eu-cyp aggregated solar data...
INFO [2024-09-10 10:13:02] [SOLAR] - Adding eu-cze aggregated solar data...
INFO [2024-09-10 10:13:03] [SOLAR] - Adding eu-deu aggregated solar data...
INFO [2024-09-10 10:13:03] [SOLAR] - Adding eu-dnk aggregated solar data...
INFO [2024-09-10 10:13:03] [SOLAR] - Adding eu-esp aggregated solar data...
INFO [2024-09-10 10:13:03] [WARN] - Skipped adding solar data for eu-est (no generators found in PLEXOS).
INFO [2024-09-10 10:13:04] [SOLAR] - Adding eu-fin aggregated solar data...
INFO [2024-09-10 10:13:04] [SOLAR] - Adding eu-fra aggregated solar data...
INFO [2024-09-10 10:13:04] [SOLAR] - Adding eu-gbr aggregated solar data...
INFO [2024-09-10 10:13:04] [WARN] - Skipped adding solar data for eu-geo (no generators found in PLEXOS).
INFO [2024-09-10 10:13:04] [SOLAR] - Adding eu-grc aggregated solar data...
INFO [2024-09-10 10:13:05] [SOLAR] - Adding eu-hrv aggregated solar data...
INFO [2024-09-10 10:13:05] [SOLAR] - Adding eu-hun aggregated solar data...
INFO [2024-09-10 10:13:05] [WARN] - Skipped adding solar data for eu-irl (no generators found in PLEXOS).
INFO [2024-09-10 10:13:05] [WARN] - Skipped adding solar data for eu-isl (no generators found in PLEXOS).
INFO [2024-09-10 10:13:05] [SOLAR] - Adding eu-ita aggregated solar data...
INFO [2024-09-10 10:13:05] [WARN] - Skipped adding solar data for eu-kos (no generators found in PLEXOS).
INFO [2024-09-10 10:13:05] [SOLAR] - Adding eu-ltu aggregated solar data...
INFO [2024-09-10 10:13:06] [SOLAR] - Adding eu-lux aggregated solar data...
INFO [2024-09-10 10:13:06] [WARN] - Skipped adding solar data for eu-lva (no generators found in PLEXOS).
INFO [2024-09-10 10:13:06] [WARN] - Skipped adding solar data for eu-mda (no generators found in PLEXOS).
INFO [2024-09-10 10:13:06] [SOLAR] - Adding eu-mkd aggregated solar data...
INFO [2024-09-10 10:13:06] [WARN] - Skipped adding solar data for eu-mne (no generators found in PLEXOS).
INFO [2024-09-10 10:13:06] [SOLAR] - Adding eu-nld aggregated solar data...
INFO [2024-09-10 10:13:07] [SOLAR] - Adding eu-nor aggregated solar data...
INFO [2024-09-10 10:13:07] [SOLAR] - Adding eu-pol aggregated solar data...
INFO [2024-09-10 10:13:07] [SOLAR] - Adding eu-prt aggregated solar data...
INFO [2024-09-10 10:13:07] [SOLAR] - Adding eu-rou aggregated solar data...
INFO [2024-09-10 10:13:08] [SOLAR] - Adding eu-srb aggregated solar data...
INFO [2024-09-10 10:13:08] [SOLAR] - Adding eu-svk aggregated solar data...
INFO [2024-09-10 10:13:08] [SOLAR] - Adding eu-svn aggregated solar data...
INFO [2024-09-10 10:13:08] [SOLAR] - Adding eu-swe aggregated solar data...
INFO [2024-09-10 10:13:09] [SOLAR] - Adding eu-ukr aggregated solar data...
INFO [2024-09-10 10:13:09] [MAIN] - Done adding solar data! (run time : 9.25s).

INFO [2024-09-10 10:13:09] [MAIN] - Adding lines between areas...

INFO [2024-09-10 10:13:09] [WARN] - Generation of all lines failed (perhaps there are no connections?), skipping...
INFO [2024-09-10 10:13:09] [MAIN] - Done adding lines! (run time : 0.34s).

INFO [2024-09-10 10:13:09] [MAIN] - Finished setting up Antares study! (run time : 0.76min).
 

