INFO [2024-08-05 10:23:27] [MAIN] - Creating Etude_sur_R_Monde__2024_08_05_10_23_26 study...

INFO [2024-08-05 10:23:27] [MAIN] - Adding nodes...

INFO [2024-08-05 10:23:28] [NODES] - Adding EU-CHE node...
INFO [2024-08-05 10:23:28] [NODES] - Adding EU-DEU node...
INFO [2024-08-05 10:23:28] [NODES] - Adding EU-FRA node...
INFO [2024-08-05 10:23:28] [MAIN] - Done adding nodes! (run time : 1.65s).

INFO [2024-08-05 10:23:28] [MAIN] - Adding load data...

INFO [2024-08-05 10:23:30] [LOAD] - Adding EU-CHE load data...
INFO [2024-08-05 10:23:30] [LOAD] - Adding EU-DEU load data...
INFO [2024-08-05 10:23:30] [LOAD] - Adding EU-FRA load data...
INFO [2024-08-05 10:23:30] [MAIN] - Done adding load data! (run time : 1.55s).

INFO [2024-08-05 10:23:30] [MAIN] - Fetching wind data...

INFO [2024-08-05 10:23:30] [WIND] - Adding EU-CHE aggregated wind data...
INFO [2024-08-05 10:23:30] [WIND] - Adding EU-DEU aggregated wind data...
INFO [2024-08-05 10:23:30] [WIND] - Adding EU-FRA aggregated wind data...
INFO [2024-08-05 10:23:30] [MAIN] - Done adding wind data! (run time : 0.24s).

INFO [2024-08-05 10:23:30] [MAIN] - Fetching solar data...

INFO [2024-08-05 10:23:30] [SOLAR] - Adding EU-CHE aggregated solar data...
INFO [2024-08-05 10:23:31] [SOLAR] - Adding EU-DEU aggregated solar data...
INFO [2024-08-05 10:23:31] [SOLAR] - Adding EU-FRA aggregated solar data...
INFO [2024-08-05 10:23:31] [MAIN] - Done adding solar data! (run time : 0.23s).

INFO [2024-08-05 10:23:31] [MAIN] - Fetching thermal data...

INFO [2024-08-05 10:23:33] [MAIN] - Starting simulation__2024_08_05_10_23_33 simulation...
INFO [2024-08-05 10:23:40] [MAIN] - Antares simulation finished! (run time : 0.12min).
 

INFO [2024-08-05 10:23:40] [MAIN] - Opening latest simulation...
