INFO [2024-08-05 17:57:12] [MAIN] - Creating Etude_sur_R_Monde__2024_08_05_17_57_12 study...

INFO [2024-08-05 17:57:12] [MAIN] - Unit commitment mode : FAST
INFO [2024-08-05 17:57:12] [MAIN] - Adding nodes...

INFO [2024-08-05 17:57:14] [NODES] - Adding EU-CHE node...
INFO [2024-08-05 17:57:14] [NODES] - Adding EU-DEU node...
INFO [2024-08-05 17:57:14] [NODES] - Adding EU-FRA node...
INFO [2024-08-05 17:57:14] [MAIN] - Done adding nodes! (run time : 1.89s).

INFO [2024-08-05 17:57:14] [MAIN] - Adding load data...

INFO [2024-08-05 17:57:15] [LOAD] - Adding EU-CHE load data...
INFO [2024-08-05 17:57:15] [LOAD] - Adding EU-DEU load data...
INFO [2024-08-05 17:57:15] [LOAD] - Adding EU-FRA load data...
INFO [2024-08-05 17:57:15] [MAIN] - Done adding load data! (run time : 1.26s).

INFO [2024-08-05 17:57:15] [MAIN] - Fetching wind data...

INFO [2024-08-05 17:57:16] [WIND] - Adding EU-CHE aggregated wind data...
INFO [2024-08-05 17:57:16] [WIND] - Adding EU-DEU aggregated wind data...
INFO [2024-08-05 17:57:16] [WIND] - Adding EU-FRA aggregated wind data...
INFO [2024-08-05 17:57:16] [MAIN] - Done adding wind data! (run time : 0.22s).

INFO [2024-08-05 17:57:16] [MAIN] - Fetching solar data...

INFO [2024-08-05 17:57:16] [SOLAR] - Adding EU-CHE aggregated solar data...
INFO [2024-08-05 17:57:16] [SOLAR] - Adding EU-DEU aggregated solar data...
INFO [2024-08-05 17:57:16] [SOLAR] - Adding EU-FRA aggregated solar data...
INFO [2024-08-05 17:57:16] [MAIN] - Done adding solar data! (run time : 0.2s).

INFO [2024-08-05 17:57:16] [MAIN] - Beginning hydro implementation...
INFO [2024-08-05 17:57:17] [HYDRO] - Initializing EU-CHE hydro parameters...
INFO [2024-08-05 17:57:18] [HYDRO] - Adding EU-CHE max power timeseries...
INFO [2024-08-05 17:57:18] [HYDRO] - Adding EU-CHE hydro profiles...
INFO [2024-08-05 17:57:19] [HYDRO] - Initializing EU-DEU hydro parameters...
INFO [2024-08-05 17:57:20] [HYDRO] - Adding EU-DEU max power timeseries...
INFO [2024-08-05 17:57:20] [HYDRO] - Adding EU-DEU hydro profiles...
INFO [2024-08-05 17:57:21] [HYDRO] - Initializing EU-FRA hydro parameters...
INFO [2024-08-05 17:57:22] [HYDRO] - Adding EU-FRA max power timeseries...
INFO [2024-08-05 17:57:22] [HYDRO] - Adding EU-FRA hydro profiles...
INFO [2024-08-05 17:57:22] [MAIN] - Done adding hydro!
INFO [2024-08-05 17:57:22] [MAIN] - Fetching thermal data...

INFO [2024-08-05 17:57:23] [MAIN] - Starting simulation__2024_08_05_17_57_23 simulation...
INFO [2024-08-05 17:57:26] [MAIN] - Opening latest simulation...
