INFO [2024-09-03 17:57:02] [MAIN] - Creating yesActTS__2024_09_03_17_57_01 study...

INFO [2024-09-03 17:57:02] [MAIN] - Unit commitment mode : ACCURATE
INFO [2024-09-03 17:57:02] [MAIN] - Adding nodes...

INFO [2024-09-03 17:57:06] [NODES] - Adding EU-CHE node...
INFO [2024-09-03 17:57:07] [NODES] - Adding EU-DEU node...
INFO [2024-09-03 17:57:08] [NODES] - Adding EU-FRA node...
INFO [2024-09-03 17:57:08] [MAIN] - Done adding nodes! (run time : 6.01s).

INFO [2024-09-03 17:57:08] [MAIN] - Adding districts...

INFO [2024-09-03 17:57:10] [DISTRICTS] - Creating global district...
INFO [2024-09-03 17:57:10] [DISTRICTS] - Done creating global district!
INFO [2024-09-03 17:57:10] [DISTRICTS] - Creating europe continental district...
INFO [2024-09-03 17:57:10] [DISTRICTS] - Done creating europe continental district!
INFO [2024-09-03 17:57:11] [MAIN] - Done adding districts! (run time : 2.62s).

INFO [2024-09-03 17:57:11] [MAIN] - Adding load data...

INFO [2024-09-03 17:57:14] [LOAD] - Adding EU-CHE load data...
INFO [2024-09-03 17:57:14] [LOAD] - Adding EU-DEU load data...
INFO [2024-09-03 17:57:14] [LOAD] - Adding EU-FRA load data...
INFO [2024-09-03 17:57:14] [MAIN] - Done adding load data! (run time : 3.64s).

INFO [2024-09-03 17:57:15] [MAIN] - Fetching wind data...

INFO [2024-09-03 17:57:15] [WIND] - Adding EU-CHE aggregated wind data...
INFO [2024-09-03 17:57:15] [WIND] - Adding EU-DEU aggregated wind data...
INFO [2024-09-03 17:57:15] [WIND] - Adding EU-FRA aggregated wind data...
INFO [2024-09-03 17:57:15] [MAIN] - Done adding wind data! (run time : 0.66s).

INFO [2024-09-03 17:57:15] [MAIN] - Fetching solar data...

INFO [2024-09-03 17:57:16] [SOLAR] - Adding EU-CHE aggregated solar data...
INFO [2024-09-03 17:57:16] [SOLAR] - Adding EU-DEU aggregated solar data...
INFO [2024-09-03 17:57:16] [SOLAR] - Adding EU-FRA aggregated solar data...
INFO [2024-09-03 17:57:16] [MAIN] - Done adding solar data! (run time : 0.87s).

INFO [2024-09-03 17:57:17] [MAIN] - Beginning hydro implementation...
INFO [2024-09-03 17:57:19] [HYDRO] - Initializing EU-CHE hydro parameters...
INFO [2024-09-03 17:57:23] [HYDRO] - Adding EU-CHE max power timeseries...
INFO [2024-09-03 17:57:24] [HYDRO] - Adding EU-CHE hydro profiles...
INFO [2024-09-03 17:57:27] [HYDRO] - Initializing EU-DEU hydro parameters...
INFO [2024-09-03 17:57:28] [HYDRO] - Adding EU-DEU max power timeseries...
INFO [2024-09-03 17:57:29] [HYDRO] - Adding EU-DEU hydro profiles...
INFO [2024-09-03 17:57:32] [HYDRO] - Initializing EU-FRA hydro parameters...
INFO [2024-09-03 17:57:34] [HYDRO] - Adding EU-FRA max power timeseries...
INFO [2024-09-03 17:57:35] [HYDRO] - Adding EU-FRA hydro profiles...
INFO [2024-09-03 17:57:35] [MAIN] - Done adding hydro!
INFO [2024-09-03 17:57:35] [MAIN] - Fetching thermal data...
INFO [2024-09-03 17:57:42] [MAIN] - Aggregating identical generators...
INFO [2024-09-03 17:57:42] [MAIN] - Running 1-clustering algorithm on generators...
INFO [2024-09-03 17:57:44] [MAIN] - Done running 1-clustering algorithm on generators!

INFO [2024-09-03 17:57:44] [THERMAL] - Adding CHE_GAS_CAPACITYSCALER generator to EU-CHE node...
INFO [2024-09-03 17:57:44] [THERMAL] - Adding CHE_COA_CAPACITYSCALER generator to EU-CHE node...
INFO [2024-09-03 17:57:44] [THERMAL] - Adding CHE_BIO_CAPACITYSCALER generator to EU-CHE node...
INFO [2024-09-03 17:57:45] [THERMAL] - Adding CHE_NUC_KERNKRAFTWERKB17760_KERNKRAFTWERKM17763_KERNKRAFTWER generator to EU-CHE node...
INFO [2024-09-03 17:57:45] [THERMAL] - Adding CHE_OIL_CAPACITYSCALER generator to EU-CHE node...
INFO [2024-09-03 17:57:45] [THERMAL] - Adding DEU_GAS_KESSEL211371_ERWEITERUNGENE11099_BHKWANKLINKER10911_ generator to EU-DEU node...
INFO [2024-09-03 17:57:45] [THERMAL] - Adding DEU_COA_KESSEL411372_KRAFTWERK11391_HKWKARCHERSTR_11214_KOHL generator to EU-DEU node...
INFO [2024-09-03 17:57:45] [THERMAL] - Adding DEU_BIO_BLOCKHEIZKRAFTW10981_ZWSF11844_BIOMASSGENERAT10951_M generator to EU-DEU node...
INFO [2024-09-03 17:57:46] [THERMAL] - Adding DEU_NUC_GROHNDE11162_NECKARWESTHEIM11499_EMSLAND11062_PHILIP generator to EU-DEU node...
INFO [2024-09-03 17:57:46] [THERMAL] - Adding DEU_OIL_DKWLEINAU11024_DKWNORD11025_SKWDIESEL11650_SPITZENLA generator to EU-DEU node...
INFO [2024-09-03 17:57:46] [THERMAL] - Adding DEU_GEO_CAPACITYSCALER generator to EU-DEU node...
INFO [2024-09-03 17:57:46] [THERMAL] - Adding DEU_WAV_CAPACITYSCALER generator to EU-DEU node...
INFO [2024-09-03 17:57:47] [THERMAL] - Adding DEU_OTH_ILKEKT11319_BIOMASSGENERAT10952_HKWWEST11236_DKKRAFT generator to EU-DEU node...
INFO [2024-09-03 17:57:47] [THERMAL] - Adding FRA_GAS_GENNEVILLIERS19464_PONTSURSAMBRE10198_CROIXDEMETZ930 generator to EU-FRA node...
INFO [2024-09-03 17:57:47] [THERMAL] - Adding FRA_COA_LUCY39603_CAPACITYSCALER_EMILEHUCHET9364_CORDEMAIS49 generator to EU-FRA node...
INFO [2024-09-03 17:57:47] [THERMAL] - Adding FRA_BIO_ALLEMANT8850_AMANVILLERS8862_AUCH8917_BIMONT9017_BOR generator to EU-FRA node...
INFO [2024-09-03 17:57:48] [THERMAL] - Adding FRA_NUC_STLAURENT10330_CHINON9109_BLAYAIS8945_CRUAS9118_TRIC generator to EU-FRA node...
INFO [2024-09-03 17:57:48] [THERMAL] - Adding FRA_OIL_BRENNILIS8950_DIRINON9327_ARRIGHI8823_CORDEMAIS9115_ generator to EU-FRA node...
INFO [2024-09-03 17:57:48] [THERMAL] - Adding FRA_GEO_BOUILLANTE9046 generator to EU-FRA node...
INFO [2024-09-03 17:57:48] [THERMAL] - Adding FRA_WAV_RANCE10241_CAPACITYSCALER generator to EU-FRA node...
INFO [2024-09-03 17:57:55] [MAIN] - Done adding thermal data! (run time : 0.34min).

INFO [2024-09-03 17:57:55] [MAIN] - Adding lines between areas...

INFO [2024-09-03 17:57:59] [LINES] - Adding EU-CHE to EU-DEU line...
INFO [2024-09-03 17:57:59] [LINES] - Adding EU-CHE to EU-FRA line...
INFO [2024-09-03 17:57:59] [LINES] - Adding EU-DEU to EU-FRA line...
INFO [2024-09-03 17:57:59] [MAIN] - Done adding lines! (run time : 4.04s).

INFO [2024-09-03 17:57:59] [MAIN] - Finished setting up Antares study! (run time : 0.98min).
 

INFO [2024-09-03 17:58:00] [MAIN] - Starting OutageTest simulation...
INFO [2024-09-03 17:58:05] [MAIN] - Antares simulation finished! (run time : 0.08min).
 

