INFO [2024-07-30 18:11:38] [MAIN] - Creating Etude_sur_R_Monde__2024_07_30_18_11_38 study...
INFO [2024-07-30 18:11:38] [MAIN] - Adding nodes...

INFO [2024-07-30 18:11:38] [NODES] - Adding EU-ALB node...
INFO [2024-07-30 18:11:39] [NODES] - Adding EU-ARM node...
INFO [2024-07-30 18:11:39] [NODES] - Adding EU-AUT node...
INFO [2024-07-30 18:11:39] [NODES] - Adding EU-AZE node...
INFO [2024-07-30 18:11:39] [NODES] - Adding EU-BEL node...
INFO [2024-07-30 18:11:39] [NODES] - Adding EU-BGR node...
INFO [2024-07-30 18:11:39] [NODES] - Adding EU-BIH node...
INFO [2024-07-30 18:11:40] [NODES] - Adding EU-BLR node...
INFO [2024-07-30 18:11:40] [NODES] - Adding EU-CHE node...
INFO [2024-07-30 18:11:40] [NODES] - Adding EU-CYP node...
INFO [2024-07-30 18:11:40] [NODES] - Adding EU-CZE node...
INFO [2024-07-30 18:11:41] [NODES] - Adding EU-DEU node...
INFO [2024-07-30 18:11:41] [NODES] - Adding EU-DNK node...
INFO [2024-07-30 18:11:41] [NODES] - Adding EU-ESP node...
INFO [2024-07-30 18:11:42] [NODES] - Adding EU-EST node...
INFO [2024-07-30 18:11:42] [NODES] - Adding EU-FIN node...
INFO [2024-07-30 18:11:42] [NODES] - Adding EU-FRA node...
INFO [2024-07-30 18:11:42] [NODES] - Adding EU-GBR node...
INFO [2024-07-30 18:11:43] [NODES] - Adding EU-GEO node...
INFO [2024-07-30 18:11:43] [NODES] - Adding EU-GRC node...
INFO [2024-07-30 18:11:44] [NODES] - Adding EU-HRV node...
INFO [2024-07-30 18:11:44] [NODES] - Adding EU-HUN node...
INFO [2024-07-30 18:11:44] [NODES] - Adding EU-IRL node...
INFO [2024-07-30 18:11:45] [NODES] - Adding EU-ISL node...
INFO [2024-07-30 18:11:45] [NODES] - Adding EU-ITA node...
INFO [2024-07-30 18:11:45] [NODES] - Adding EU-KOS node...
INFO [2024-07-30 18:11:46] [NODES] - Adding EU-LTU node...
INFO [2024-07-30 18:11:46] [NODES] - Adding EU-LUX node...
INFO [2024-07-30 18:11:46] [NODES] - Adding EU-LVA node...
INFO [2024-07-30 18:11:47] [NODES] - Adding EU-MDA node...
INFO [2024-07-30 18:11:47] [NODES] - Adding EU-MKD node...
INFO [2024-07-30 18:11:48] [NODES] - Adding EU-MNE node...
INFO [2024-07-30 18:11:48] [NODES] - Adding EU-NLD node...
INFO [2024-07-30 18:11:48] [NODES] - Adding EU-NOR node...
INFO [2024-07-30 18:11:49] [NODES] - Adding EU-POL node...
INFO [2024-07-30 18:11:49] [NODES] - Adding EU-PRT node...
INFO [2024-07-30 18:11:50] [NODES] - Adding EU-ROU node...
INFO [2024-07-30 18:11:50] [NODES] - Adding EU-SRB node...
INFO [2024-07-30 18:11:51] [NODES] - Adding EU-SVK node...
INFO [2024-07-30 18:11:51] [NODES] - Adding EU-SVN node...
INFO [2024-07-30 18:11:51] [NODES] - Adding EU-SWE node...
INFO [2024-07-30 18:11:52] [NODES] - Adding EU-UKR node...
INFO [2024-07-30 18:11:52] 
[MAIN] - Done adding nodes! (run time : 14.18s).
INFO [2024-07-30 18:11:52] [MAIN] - Adding load data...

INFO [2024-07-30 18:11:54] [LOAD] - Adding EU-ALB load data...
INFO [2024-07-30 18:11:54] [LOAD] - Adding EU-ARM load data...
INFO [2024-07-30 18:11:54] [LOAD] - Adding EU-AUT load data...
INFO [2024-07-30 18:11:54] [LOAD] - Adding EU-AZE load data...
INFO [2024-07-30 18:11:55] [LOAD] - Adding EU-BEL load data...
INFO [2024-07-30 18:11:55] [LOAD] - Adding EU-BGR load data...
INFO [2024-07-30 18:11:55] [LOAD] - Adding EU-BIH load data...
INFO [2024-07-30 18:11:55] [LOAD] - Adding EU-BLR load data...
INFO [2024-07-30 18:11:56] [LOAD] - Adding EU-CHE load data...
INFO [2024-07-30 18:11:56] [LOAD] - Adding EU-CYP load data...
INFO [2024-07-30 18:11:56] [LOAD] - Adding EU-CZE load data...
INFO [2024-07-30 18:11:56] [LOAD] - Adding EU-DEU load data...
INFO [2024-07-30 18:11:56] [LOAD] - Adding EU-DNK load data...
INFO [2024-07-30 18:11:57] [LOAD] - Adding EU-ESP load data...
INFO [2024-07-30 18:11:57] [LOAD] - Adding EU-EST load data...
INFO [2024-07-30 18:11:57] [LOAD] - Adding EU-FIN load data...
INFO [2024-07-30 18:11:57] [LOAD] - Adding EU-FRA load data...
INFO [2024-07-30 18:11:58] [LOAD] - Adding EU-GBR load data...
INFO [2024-07-30 18:11:58] [LOAD] - Adding EU-GEO load data...
INFO [2024-07-30 18:11:58] [LOAD] - Adding EU-GRC load data...
INFO [2024-07-30 18:11:58] [LOAD] - Adding EU-HRV load data...
INFO [2024-07-30 18:11:59] [LOAD] - Adding EU-HUN load data...
INFO [2024-07-30 18:11:59] [LOAD] - Adding EU-IRL load data...
INFO [2024-07-30 18:11:59] [LOAD] - Adding EU-ISL load data...
INFO [2024-07-30 18:11:59] [LOAD] - Adding EU-ITA load data...
INFO [2024-07-30 18:12:00] [LOAD] - Adding EU-KOS load data...
INFO [2024-07-30 18:12:00] [LOAD] - Adding EU-LTU load data...
INFO [2024-07-30 18:12:00] [LOAD] - Adding EU-LUX load data...
INFO [2024-07-30 18:12:00] [LOAD] - Adding EU-LVA load data...
INFO [2024-07-30 18:12:01] [LOAD] - Adding EU-MDA load data...
INFO [2024-07-30 18:12:01] [LOAD] - Adding EU-MKD load data...
INFO [2024-07-30 18:12:01] [LOAD] - Adding EU-MNE load data...
INFO [2024-07-30 18:12:01] [LOAD] - Adding EU-NLD load data...
INFO [2024-07-30 18:12:02] [LOAD] - Adding EU-NOR load data...
INFO [2024-07-30 18:12:02] [LOAD] - Adding EU-POL load data...
INFO [2024-07-30 18:12:02] [LOAD] - Adding EU-PRT load data...
INFO [2024-07-30 18:12:02] [LOAD] - Adding EU-ROU load data...
INFO [2024-07-30 18:12:03] [LOAD] - Adding EU-SRB load data...
INFO [2024-07-30 18:12:03] [LOAD] - Adding EU-SVK load data...
INFO [2024-07-30 18:12:03] [LOAD] - Adding EU-SVN load data...
INFO [2024-07-30 18:12:03] [LOAD] - Adding EU-SWE load data...
INFO [2024-07-30 18:12:03] [LOAD] - Adding EU-UKR load data...
INFO [2024-07-30 18:12:04] 
[MAIN] - Done adding load data! (run time : 11.37s).
INFO [2024-07-30 18:12:04] [MAIN] - Gathering generator data from PLEXOS...

INFO [2024-07-30 18:12:06] [MAIN] - Done gathering generator data! (run time : 2.57s).
INFO [2024-07-30 18:12:06] [MAIN] - Adding wind data...

INFO [2024-07-30 18:12:43] [WARN] - Skipped adding wind data for all nodes (no generators found in PLEXOS).
INFO [2024-07-30 18:12:43] 
[MAIN] - Done adding wind data! (run time : 36.15s).
INFO [2024-07-30 18:12:43] [MAIN] - Adding solar PV data...

