INFO [2024-09-10 09:40:51] [MAIN] - Reading simulations of pre-existing v2_20clu__2024_09_04_22_33_36 study...
INFO [2024-09-10 09:40:52] [MAIN] - Opening 20240905-0707eco-world_vOutages_accurateUCM simulation...
INFO [2024-09-10 09:40:52] [MAIN] - Preparing to compare generation values with Deane...
INFO [2024-09-10 09:40:52] [DEANE] - Saving generation comparisons for africa continent...
INFO [2024-09-10 09:40:52] [DEANE] - Done saving generation comparisons for africa continent!
INFO [2024-09-10 09:40:52] [DEANE] - Saving generation comparisons for asia continent...
INFO [2024-09-10 09:40:53] [DEANE] - Done saving generation comparisons for asia continent!
INFO [2024-09-10 09:40:53] [DEANE] - Saving generation comparisons for europe continent...
INFO [2024-09-10 09:40:53] [DEANE] - Done saving generation comparisons for europe continent!
INFO [2024-09-10 09:40:53] [DEANE] - Saving generation comparisons for north america continent...
INFO [2024-09-10 09:40:54] [DEANE] - Done saving generation comparisons for north america continent!
INFO [2024-09-10 09:40:54] [DEANE] - Saving generation comparisons for oceania continent...
INFO [2024-09-10 09:40:54] [DEANE] - Done saving generation comparisons for oceania continent!
INFO [2024-09-10 09:40:54] [DEANE] - Saving generation comparisons for south america continent...
INFO [2024-09-10 09:40:54] [DEANE] - Done saving generation comparisons for south america continent!
INFO [2024-09-10 09:40:54] [MAIN] - Done comparing generation values with Deane! (run time : 2.21 s).

INFO [2024-09-10 09:40:54] [MAIN] - Preparing to compare emissions values with Deane...
INFO [2024-09-10 09:40:54] [DEANE] - Computing continental CO2 emissions in Antares study...
INFO [2024-09-10 09:41:29] [DEANE] - Done computing continental CO2 emissions!
INFO [2024-09-10 09:41:29] [DEANE] - Saving emissions comparisons for africa continent...
INFO [2024-09-10 09:41:29] [DEANE] - Done saving emissions comparisons for africa continent!
INFO [2024-09-10 09:41:29] [DEANE] - Saving emissions comparisons for asia continent...
INFO [2024-09-10 09:41:30] [DEANE] - Done saving emissions comparisons for asia continent!
INFO [2024-09-10 09:41:30] [DEANE] - Saving emissions comparisons for europe continent...
INFO [2024-09-10 09:41:30] [DEANE] - Done saving emissions comparisons for europe continent!
INFO [2024-09-10 09:41:30] [DEANE] - Saving emissions comparisons for north america continent...
INFO [2024-09-10 09:41:30] [DEANE] - Done saving emissions comparisons for north america continent!
INFO [2024-09-10 09:41:30] [DEANE] - Saving emissions comparisons for oceania continent...
INFO [2024-09-10 09:41:30] [DEANE] - Done saving emissions comparisons for oceania continent!
INFO [2024-09-10 09:41:30] [DEANE] - Saving emissions comparisons for south america continent...
INFO [2024-09-10 09:41:31] [DEANE] - Done saving emissions comparisons for south america continent!
INFO [2024-09-10 09:41:31] [MAIN] - Done comparing emissions values with Deane! (run time : 36.43 s).

INFO [2024-09-10 09:41:31] [MAIN] - Preparing to save import/export ranking of countries...
INFO [2024-09-10 09:41:33] [MAIN] - Import/export ranking of countries has been saved ! (run time : 2.75 s).

INFO [2024-09-10 09:41:33] [MAIN] - Preparing to save global production stack...
INFO [2024-09-10 09:41:42] [MAIN] - Done saving global production stack! (run time : 8.82s).

INFO [2024-09-10 09:41:42] [MAIN] - Preparing to save continental production stacks...
INFO [2024-09-10 09:41:43] [STACK] - Saving production stack for africa continent...
INFO [2024-09-10 09:41:48] [STACK] - The daily production stack for africa from 2015-01-01 to 2015-12-31 has been saved!
INFO [2024-09-10 09:41:48] [STACK] - Saving production stack for asia continent...
INFO [2024-09-10 09:41:55] [STACK] - The daily production stack for asia from 2015-01-01 to 2015-12-31 has been saved!
INFO [2024-09-10 09:41:55] [STACK] - Saving production stack for europe continent...
INFO [2024-09-10 09:42:03] [STACK] - The daily production stack for europe from 2015-01-01 to 2015-12-31 has been saved!
INFO [2024-09-10 09:42:03] [STACK] - Saving production stack for north america continent...
INFO [2024-09-10 09:42:09] [STACK] - The daily production stack for north america from 2015-01-01 to 2015-12-31 has been saved!
INFO [2024-09-10 09:42:09] [STACK] - Saving production stack for oceania continent...
INFO [2024-09-10 09:42:16] [STACK] - The daily production stack for oceania from 2015-01-01 to 2015-12-31 has been saved!
INFO [2024-09-10 09:42:16] [STACK] - Saving production stack for south america continent...
INFO [2024-09-10 09:42:25] [STACK] - The daily production stack for south america from 2015-01-01 to 2015-12-31 has been saved!
INFO [2024-09-10 09:42:25] [MAIN] - Done saving continental production stacks! (run time : 43.04s).

INFO [2024-09-10 09:42:25] [MAIN] - Preparing to save national production stacks...
INFO [2024-09-10 09:42:28] [STACK] - Saving production stack for af-ago country...
