INFO [2024-10-30 23:41:14] [MAIN] - Initializing output folder...
INFO [2024-10-30 23:41:22] [MAIN] - Creating If S2 Economy v2.2 (World w CSP) study...
INFO [2024-10-30 23:41:22] [MAIN] - Simulating If scenario~: S2 .

INFO [2024-10-30 23:41:22] [MAIN] - Simulation mode : Economy
INFO [2024-10-30 23:41:22] [MAIN] - Unit commitment mode : accurate
INFO [2024-10-30 23:41:22] [MAIN] - Number of MC years : 1
INFO [2024-10-30 23:41:22] [MAIN] - Generation of CSP : TRUE
INFO [2024-10-30 23:41:22] [MAIN] - Adding world node...

INFO [2024-10-30 23:41:23] [MAIN] - Done adding world node! (run time : 0.29s).

INFO [2024-10-30 23:41:23] [MAIN] - Fetching thermal data...
INFO [2024-10-30 23:41:23] [THERMAL] - Adding Bioenergy generator to World node...
INFO [2024-10-30 23:41:23] [THERMAL] - Adding Coal generator to World node...
INFO [2024-10-30 23:41:23] [THERMAL] - Adding Gas generator to World node...
INFO [2024-10-30 23:41:23] [THERMAL] - Adding Geothermal generator to World node...
INFO [2024-10-30 23:41:23] [THERMAL] - Adding Nuclear generator to World node...
INFO [2024-10-30 23:41:24] [THERMAL] - Adding Oil generator to World node...
INFO [2024-10-30 23:41:24] [THERMAL] - Adding Geothermal generator to World node...
INFO [2024-10-30 23:41:24] [MAIN] - Done adding thermal data! (run time : 0.02min).

INFO [2024-10-30 23:41:24] [MAIN] - Fetching wind data...

INFO [2024-10-30 23:42:22] [WIND] - Adding World wind data to Wind Onshore cluster...
INFO [2024-10-30 23:42:22] [MAIN] - Done adding wind data! (run time : 58.02s).

INFO [2024-10-30 23:42:22] [MAIN] - Fetching PV data...

INFO [2024-10-30 23:43:34] [PV] - Adding World PV data to Solar PV cluster...
INFO [2024-10-30 23:43:34] [MAIN] - Done adding PV data! (run time : 72.55s).

INFO [2024-10-30 23:43:34] [MAIN] - Fetching CSP data...

INFO [2024-10-30 23:43:37] [CSP] - Adding World CSP data to Solar Thermal cluster...
INFO [2024-10-30 23:43:37] [MAIN] - Done adding CSP data! (run time : 2.57s).

INFO [2024-10-30 23:43:39] [HYDRO] - Initializing World hydro parameters...
INFO [2024-10-30 23:43:40] [HYDRO] - Adding World max power timeseries...
INFO [2024-10-30 23:43:41] [HYDRO] - Adding World hydro profiles...
INFO [2024-10-30 23:43:41] [MAIN] - Finished setting up Antares study! (run time : 2.32min).
 

