INFO [2024-09-09 19:09:11] [MAIN] - Creating FRA_aggRES__2024_09_09_19_09_11 study...

INFO [2024-09-09 19:09:11] [MAIN] - Unit commitment mode : ACCURATE
INFO [2024-09-09 19:09:11] [MAIN] - Adding nodes...

INFO [2024-09-09 19:09:13] [MAIN] - Done adding nodes! (run time : 1.37s).

INFO [2024-09-09 19:09:13] [MAIN] - Adding districts...

INFO [2024-09-09 19:09:13] [MAIN] - Done adding districts! (run time : 0.66s).

INFO [2024-09-09 19:09:13] [MAIN] - Adding load data...

INFO [2024-09-09 19:09:14] [MAIN] - Done adding load data! (run time : 0.76s).

INFO [2024-09-09 19:09:14] [MAIN] - Fetching wind data...

INFO [2024-09-09 19:09:14] [MAIN] - Done adding wind data! (run time : 0.12s).

INFO [2024-09-09 19:09:14] [MAIN] - Fetching solar data...

INFO [2024-09-09 19:09:14] [MAIN] - Done adding solar data! (run time : 0.1s).

INFO [2024-09-09 19:09:14] [MAIN] - Beginning hydro implementation...
INFO [2024-09-09 19:09:17] [MAIN] - Done adding hydro!
INFO [2024-09-09 19:09:17] [MAIN] - Fetching thermal data...
INFO [2024-09-09 19:09:18] [MAIN] - Aggregating identical generators...
INFO [2024-09-09 19:09:18] [MAIN] - Running 20-clustering algorithm on generators...
INFO [2024-09-09 19:09:19] [MAIN] - Done running 20-clustering algorithm on generators!

INFO [2024-09-09 19:09:28] [MAIN] - Done adding thermal data! (run time : 0.18min).

INFO [2024-09-09 19:09:28] [MAIN] - Adding lines between areas...

INFO [2024-09-09 19:09:28] [MAIN] - Done adding lines! (run time : 0.27s).

INFO [2024-09-09 19:09:28] [MAIN] - Finished setting up Antares study! (run time : 0.28min).
 

