INFO [2024-08-21 08:47:56] [MAIN] - Creating Deane_testAmericas__2024_08_21_08_47_55 study...

INFO [2024-08-21 08:47:56] [MAIN] - Unit commitment mode : ACCURATE
INFO [2024-08-21 08:47:56] [MAIN] - Adding nodes...

INFO [2024-08-21 08:47:58] [NODES] - Adding EU-DEU node...
INFO [2024-08-21 08:47:58] [MAIN] - Done adding nodes! (run time : 2.21s).

INFO [2024-08-21 08:47:58] [MAIN] - Adding districts...

INFO [2024-08-21 08:47:59] [DISTRICTS] - Creating europe continental district...
INFO [2024-08-21 08:47:59] [DISTRICTS] - Done creating europe continental district!
INFO [2024-08-21 08:47:59] [MAIN] - Done adding districts! (run time : 0.82s).

INFO [2024-08-21 08:47:59] [MAIN] - Adding load data...

INFO [2024-08-21 08:48:00] [LOAD] - Adding EU-DEU load data...
INFO [2024-08-21 08:48:00] [MAIN] - Done adding load data! (run time : 1.09s).

INFO [2024-08-21 08:48:00] [MAIN] - Fetching wind data...

INFO [2024-08-21 08:48:00] [WIND] - Adding EU-DEU aggregated wind data...
INFO [2024-08-21 08:48:00] [MAIN] - Done adding wind data! (run time : 0.15s).

INFO [2024-08-21 08:48:00] [MAIN] - Fetching solar data...

INFO [2024-08-21 08:48:00] [SOLAR] - Adding EU-DEU aggregated solar data...
INFO [2024-08-21 08:48:00] [MAIN] - Done adding solar data! (run time : 0.19s).

INFO [2024-08-21 08:48:01] [MAIN] - Beginning hydro implementation...
INFO [2024-08-21 08:48:02] [HYDRO] - Initializing EU-DEU hydro parameters...
INFO [2024-08-21 08:48:02] [HYDRO] - Adding EU-DEU max power timeseries...
INFO [2024-08-21 08:48:03] [HYDRO] - Adding EU-DEU hydro profiles...
INFO [2024-08-21 08:48:03] [MAIN] - Done adding hydro!
INFO [2024-08-21 08:48:03] [MAIN] - Fetching thermal data...
INFO [2024-08-21 08:48:06] [MAIN] - Aggregating identical generators...
INFO [2024-08-21 08:48:06] [MAIN] - Running 15-clustering algorithm on generators...
