INFO [2024-08-21 09:25:06] [MAIN] - Creating Deane_testWorld__2024_08_21_09_25_06 study...

INFO [2024-08-21 09:25:07] [MAIN] - Unit commitment mode : ACCURATE
INFO [2024-08-21 09:25:07] [MAIN] - Adding nodes...

INFO [2024-08-21 09:33:55] [MAIN] - Done adding nodes! (run time : 528.57s).

INFO [2024-08-21 09:33:55] [MAIN] - Adding districts...

INFO [2024-08-21 09:34:36] [MAIN] - Done adding districts! (run time : 40.29s).

INFO [2024-08-21 09:34:36] [MAIN] - Adding load data...

INFO [2024-08-21 09:45:24] [MAIN] - Done adding load data! (run time : 648.27s).

INFO [2024-08-21 09:45:24] [MAIN] - Fetching wind data...

INFO [2024-08-21 09:52:07] [MAIN] - Done adding wind data! (run time : 402.84s).

INFO [2024-08-21 09:52:07] [MAIN] - Fetching solar data...

INFO [2024-08-21 09:59:13] [MAIN] - Done adding solar data! (run time : 425.88s).

INFO [2024-08-21 09:59:13] [MAIN] - Beginning hydro implementation...
INFO [2024-08-21 10:31:18] [MAIN] - Done adding hydro!
INFO [2024-08-21 10:31:18] [MAIN] - Fetching thermal data...
INFO [2024-08-21 10:31:24] [MAIN] - Aggregating identical generators...
INFO [2024-08-21 10:31:26] [MAIN] - Running 15-clustering algorithm on generators...
INFO [2024-08-21 10:31:44] [MAIN] - Done running 15-clustering algorithm on generators!

INFO [2024-08-21 14:36:01] [MAIN] - Done adding thermal data! (run time : 244.72min).

INFO [2024-08-21 14:36:01] [MAIN] - Fetching battery data...

INFO [2024-08-21 14:36:01] [MAIN] - Aggregating identical batteries...
