INFO [2024-10-07 09:45:26] [MAIN] - Creating EU_hurdl__2024_10_07_09_45_26 study...

INFO [2024-10-07 09:45:26] [MAIN] - Initializing output folder...
INFO [2024-10-07 09:45:53] [WARN] - The following columns were found as duplicates in input data: usa_win_marshallwind325524
INFO [2024-10-07 09:45:53] [WARN] - Duplicates have been removed in import.
INFO [2024-10-07 09:46:39] [WARN] - The following columns were found as duplicates in input data: cze_sol_ochozsolarpow8235, cze_sol_starojicklho8320, fra_sol_saintbenot10365, deu_sol_lefchfeldnord11432, ita_sol_bellpowersolar13383, ita_sol_nicolettosolar13492, mar_sol_centralesolair14453, prt_sol_acil115435, prt_sol_coruche215559, prt_sol_coruche215559, prt_sol_coruche215559, prt_sol_malhadavelha215646, prt_sol_heliosevosol15611, prt_sol_seixal215773, prt_sol_solcativante515817, prt_sol_trajouce115856, esp_sol_termesol5017428, gbr_sol_bransholmesola18612, gbr_sol_danesfarmex18953, gbr_sol_bunnshillsol18658, gbr_sol_grovesolarpar19300, gbr_sol_highfieldsfarm19395, gbr_sol_kettonsolarfa19520, gbr_sol_kinmel1cic19543, gbr_sol_knottingleya19554, gbr_sol_averhillfarm18413, gbr_sol_pingryfarmp20127, gbr_sol_landnorthofc19594, gbr_sol_portofbarry20147, gbr_sol_rollsroycefil20246, gbr_sol_coltishall118844, gbr_sol_blatchworthy18562, gbr_sol_landtothenor19662, gbr_sol_landtotheeas19661, usa_sol_adelantosolar20947, usa_sol_archdioceseof21196, usa_sol_baltimorecity21358, usa_sol_baltimorecity21358, usa_sol_baltimorecity21358, usa_sol_bethlehemeas21528, usa_sol_csufnutwoodso22000, usa_sol_baltimorecity21358, usa_sol_coronusadelant22594, usa_sol_division122954, usa_sol_division122954, usa_sol_grassland12s23955, usa_sol_baltimorecity21358, usa_sol_brownesolarll21817, usa_sol_indysolaril24543, usa_sol_jerseygardens24713, usa_sol_ketteringsolar24887, usa_sol_blackrockmatri21617, usa_sol_musgraveeasts25986, usa_sol_dennison22888, usa_sol_onseteastsola26415, usa_sol_phoenixairport26753, usa_sol_rebruceville127054, usa_sol_rebruceville127054, usa_sol_recamelotllc27057, usa_sol_rekammerer127064, usa_sol_rekammerer127064, usa_sol_remckenzie127070, usa_sol_remckenzie127070, usa_sol_remckenzie127070, usa_sol_remckenzie127070, usa_sol_remckenzie127070, usa_sol_ramona127111, usa_sol_rodeosolarc227346, usa_sol_santafespring27610, usa_sol_baltimorecity21358, usa_sol_goldenfieldss23854, usa_sol_brownesolarll21817, usa_sol_summernorthso28267, usa_sol_summernorthso28267, usa_sol_summernorthso28267, usa_sol_summernorthso28267, usa_sol_sunecps1llc28291, usa_sol_rosehill27374, usa_sol_uastpi28693, usa_sol_valleycenter128825, usa_sol_oldwardoursol26385, usa_sol_westportma129237
INFO [2024-10-07 09:46:39] [WARN] - Duplicates have been removed in import.
INFO [2024-10-07 09:46:53] [WARN] - The following generators have Ninja timeseries, but no PLEXOS properties: afg_win_capacity scaler, ago_win_capacity scaler, alb_win_capacity scaler, are_win_capacity scaler, arm_win_capacity scaler, chn-be_win_capacity scaler, chn-ch_win_capacity scaler, chn-hk_win_capacity scaler, chn-ma_win_capacity scaler, chn-ti_win_capacity scaler, ind-ea_win_capacity scaler, ind-ne_win_capacity scaler, jpn-ho_win_capacity scaler, jpn-ky_win_capacity scaler, jpn-ok_win_capacity scaler, rus-ce_win_capacity scaler, rus-fe_win_capacity scaler, rus-mv_win_capacity scaler, rus-nw_win_capacity scaler, rus-si_win_capacity scaler, rus-so_win_capacity scaler, rus-ur_win_capacity scaler, ata_win_capacity scaler, aze_win_capacity scaler, bdi_win_capacity scaler, ben_win_capacity scaler, bfa_win_capacity scaler, bgd_win_capacity scaler, bhr_win_capacity scaler, bih_win_capacity scaler, blr_win_capacity scaler, bol_win_capacity scaler, brn_win_capacity scaler, btn_win_capacity scaler, bwa_win_capacity scaler, caf_win_capacity scaler, civ_win_capacity scaler, cmr_win_capacity scaler, cod_win_capacity scaler, cog_win_capacity scaler, cub_win_capacity scaler, dji_win_capacity scaler, dza_win_capacity scaler, eri_win_capacity scaler, esh_win_capacity scaler, fji_win_capacity scaler, gab_win_capacity scaler, gbr_win_capacity scaler, geo_win_capacity scaler, gha_win_capacity scaler, gin_win_capacity scaler, gmb_win_capacity scaler, gnb_win_capacity scaler, gnq_win_capacity scaler, gtm_win_capacity scaler, guf_win_capacity scaler, idn_win_capacity scaler, irq_win_capacity scaler, isl_win_capacity scaler, isr_win_capacity scaler, jam_win_capacity scaler, ken_win_capacity scaler, kgz_win_capacity scaler, khm_win_capacity scaler, kos_win_capacity scaler, kwt_win_capacity scaler, lao_win_capacity scaler, lbn_win_capacity scaler, lbr_win_capacity scaler, lby_win_capacity scaler, lka_win_capacity scaler, lso_win_capacity scaler, mda_win_capacity scaler, mdg_win_capacity scaler, mkd_win_capacity scaler, mli_win_capacity scaler, mmr_win_capacity scaler, mne_win_capacity scaler, mng_win_capacity scaler, moz_win_capacity scaler, mrt_win_capacity scaler, mus_win_capacity scaler, mwi_win_capacity scaler, mys_win_capacity scaler, can-ab_win_capacity scaler, can-ar_win_capacity scaler, can-bc_win_capacity scaler, can-mb_win_capacity scaler, can-nl_win_capacity scaler, can-no_win_capacity scaler, can-on_win_capacity scaler, can-qc_win_capacity scaler, can-sk_win_capacity scaler, nam_win_capacity scaler, usa-ak_win_capacity scaler, usa-fr_win_capacity scaler, usa-gu_win_capacity scaler, usa-ha_win_capacity scaler, usa-me_win_capacity scaler, usa-pr_win_capacity scaler, usa-sa_win_capacity scaler, usa-sc_win_capacity scaler, usa-se_win_capacity scaler, usa-sv_win_capacity scaler, ner_win_capacity scaler, nga_win_capacity scaler, npl_win_capacity scaler, aus-nt_win_capacity scaler, aus-ql_win_capacity scaler, aus-sa_win_capacity scaler, aus-sw_win_capacity scaler, aus-ta_win_capacity scaler, aus-vi_win_capacity scaler, aus-wa_win_capacity scaler, omn_win_capacity scaler, pak_win_capacity scaler, png_win_capacity scaler, prk_win_capacity scaler, prt_win_capacity scaler, pry_win_capacity scaler, qat_win_capacity scaler, rwa_win_capacity scaler, bra-cn_win_capacity scaler, bra-cw_win_capacity scaler, bra-nw_win_capacity scaler, bra-se_win_capacity scaler, bra-we_win_capacity scaler, sau_win_capacity scaler, sdn_win_capacity scaler, sen_win_capacity scaler, sgp_win_capacity scaler, sle_win_capacity scaler, slv_win_capacity scaler, srb_win_capacity scaler, svk_win_capacity scaler, svn_win_capacity scaler, swz_win_capacity scaler, syr_win_capacity scaler, tgo_win_capacity scaler, tha_win_capacity scaler, tjk_win_capacity scaler, tkm_win_capacity scaler, tto_win_capacity scaler, tza_win_capacity scaler, uga_win_capacity scaler, ury_win_capacity scaler, uzb_win_capacity scaler, yem_win_capacity scaler, zaf_win_capacity scaler, zmb_win_capacity scaler, zwe_win_capacity scaler
INFO [2024-10-07 09:46:53] [WARN] - Nominal capacities are unknown, so they cannot be imported into the simulation.
INFO [2024-10-07 09:47:19] [WARN] - The following generators have Ninja timeseries, but no PLEXOS properties: aus_sol_liddellsolart507, chn_sol_datangdelingha5184, chn_sol_gansudunhuang5424, chn_sol_innermongolia6200, chn_sol_qinghaigonghe6862, deu_sol_jlichsolar11342, ind_sol_acmesolartowe12089, ind_sol_ananthapurme12115, ind_sol_dhursar12280, ind_sol_godawari12325, isr_sol_ashalimsun13316, mar_sol_centralesolair14452, mar_sol_centralesolair14453, zaf_sol_bokpoortsolar16619, zaf_sol_kaxusolarpowe16651, zaf_sol_kathusolarpar16654, zaf_sol_khisolarpower16657, esp_sol_andasol316855, esp_sol_aste1a16863, esp_sol_astexol216864, esp_sol_casablanca16896, esp_sol_centralsolart16906, esp_sol_centraltermoso16907, esp_sol_consollorellan16924, esp_sol_extresol116966, esp_sol_heliosi16986, esp_sol_ladehesa16996, esp_sol_laflorida16997, esp_sol_larisca17001, esp_sol_majadas17030, esp_sol_manchasol217032, esp_sol_plantasolarte17364, esp_sol_plantasolarte17366, esp_sol_plantasolarte17367, esp_sol_plantatermosol17368, esp_sol_pstlebrijai17376, esp_sol_pstpalmadelr17377, esp_sol_pstsolacor117378, esp_sol_puertoerrado217382, esp_sol_solaben317415, esp_sol_soluzguzman17416, esp_sol_termesol5017428, esp_sol_termosolarborg17430, tha_sol_thaisolarpowe18083, are_sol_shams18306, usa_sol_crescentdunes22676, usa_sol_genesissolare23759, usa_sol_mojavesolarpr25826, usa_sol_sierrasuntower27811, usa_sol_solanagenerati27908, esp_sol_termosol217429, mar_sol_centralesolair14454, usa_sol_ivanpah124635, usa_sol_ivanpah224636, usa_sol_ivanpah324637, usa_sol_nevadasolaron26112, usa_sol_segsiii27448, usa_sol_segsiv27449, usa_sol_segsix27450, usa_sol_segsv27451, usa_sol_segsvi27452, usa_sol_segsvii27453, usa_sol_segsviii27454, afg_sol_capacity scaler, alb_sol_capacity scaler, arg_sol_capacity scaler, arm_sol_capacity scaler, chn-ch_sol_capacity scaler, chn-em_sol_capacity scaler, chn-fu_sol_capacity scaler, chn-gd_sol_capacity scaler, chn-gu_sol_capacity scaler, chn-gx_sol_capacity scaler, chn-he_sol_capacity scaler, chn-hk_sol_capacity scaler, chn-hn_sol_capacity scaler, chn-ji_sol_capacity scaler, chn-jx_sol_capacity scaler, chn-li_sol_capacity scaler, chn-ma_sol_capacity scaler, chn-sc_sol_capacity scaler, chn-sx_sol_capacity scaler, chn-ti_sol_capacity scaler, chn-tj_sol_capacity scaler, chn-zh_sol_capacity scaler, ind-ne_sol_capacity scaler, rus-ce_sol_capacity scaler, rus-fe_sol_capacity scaler, rus-mv_sol_capacity scaler, rus-nw_sol_capacity scaler, rus-si_sol_capacity scaler, rus-so_sol_capacity scaler, rus-ur_sol_capacity scaler, ata_sol_capacity scaler, bdi_sol_capacity scaler, ben_sol_capacity scaler, bfa_sol_capacity scaler, bhr_sol_capacity scaler, bih_sol_capacity scaler, blr_sol_capacity scaler, brn_sol_capacity scaler, btn_sol_capacity scaler, bwa_sol_capacity scaler, caf_sol_capacity scaler, civ_sol_capacity scaler, cmr_sol_capacity scaler, cod_sol_capacity scaler, cog_sol_capacity scaler, col_sol_capacity scaler, cri_sol_capacity scaler, dji_sol_capacity scaler, dom_sol_capacity scaler, eri_sol_capacity scaler, esh_sol_capacity scaler, est_sol_capacity scaler, fji_sol_capacity scaler, gab_sol_capacity scaler, geo_sol_capacity scaler, gha_sol_capacity scaler, gin_sol_capacity scaler, gmb_sol_capacity scaler, gnb_sol_capacity scaler, gnq_sol_capacity scaler, gtm_sol_capacity scaler, guy_sol_capacity scaler, idn_sol_capacity scaler, irl_sol_capacity scaler, irn_sol_capacity scaler, isl_sol_capacity scaler, jam_sol_capacity scaler, kaz_sol_capacity scaler, kgz_sol_capacity scaler, kos_sol_capacity scaler, kwt_sol_capacity scaler, lao_sol_capacity scaler, lbn_sol_capacity scaler, lbr_sol_capacity scaler, lby_sol_capacity scaler, lka_sol_capacity scaler, lso_sol_capacity scaler, lva_sol_capacity scaler, mar_sol_capacity scaler, mda_sol_capacity scaler, mdg_sol_capacity scaler, mli_sol_capacity scaler, mne_sol_capacity scaler, mng_sol_capacity scaler, moz_sol_capacity scaler, mrt_sol_capacity scaler, mus_sol_capacity scaler, mwi_sol_capacity scaler, can-ab_sol_capacity scaler, can-ar_sol_capacity scaler, can-bc_sol_capacity scaler, can-mb_sol_capacity scaler, can-nl_sol_capacity scaler, can-no_sol_capacity scaler, can-qc_sol_capacity scaler, can-sk_sol_capacity scaler, usa-ak_sol_capacity scaler, usa-me_sol_capacity scaler, usa-mw_sol_capacity scaler, usa-rm_sol_capacity scaler, usa-sa_sol_capacity scaler, usa-sn_sol_capacity scaler, usa-sw_sol_capacity scaler, ner_sol_capacity scaler, nic_sol_capacity scaler, aus-ta_sol_capacity scaler, aus-vi_sol_capacity scaler, omn_sol_capacity scaler, pak_sol_capacity scaler, png_sol_capacity scaler, prk_sol_capacity scaler, pry_sol_capacity scaler, qat_sol_capacity scaler, rwa_sol_capacity scaler, bra-cn_sol_capacity scaler, bra-cw_sol_capacity scaler, bra-ne_sol_capacity scaler, bra-nw_sol_capacity scaler, bra-se_sol_capacity scaler, bra-so_sol_capacity scaler, bra-we_sol_capacity scaler, sdn_sol_capacity scaler, sle_sol_capacity scaler, swz_sol_capacity scaler, syr_sol_capacity scaler, tgo_sol_capacity scaler, tjk_sol_capacity scaler, tkm_sol_capacity scaler, tto_sol_capacity scaler, tza_sol_capacity scaler, ury_sol_capacity scaler, uzb_sol_capacity scaler, ven_sol_capacity scaler, vnm_sol_capacity scaler, zaf_sol_capacity scaler, zmb_sol_capacity scaler, zwe_sol_capacity scaler, som_sol_capacity scaler, tcd_sol_capacity scaler, tls_sol_capacity scaler, mlt_sol_capacity scaler, blz_sol_capacity scaler, hti_sol_capacity scaler, sur_sol_capacity scaler
INFO [2024-10-07 09:47:19] [WARN] - Nominal capacities are unknown, so they cannot be imported into the simulation.
INFO [2024-10-07 09:47:45] [MAIN] - Unit commitment mode : ACCURATE
INFO [2024-10-07 09:48:10] [WARN] - The following columns were found as duplicates in input data: usa_win_marshallwind325524
INFO [2024-10-07 09:48:10] [WARN] - Duplicates have been removed in import.
INFO [2024-10-07 09:48:56] [WARN] - The following columns were found as duplicates in input data: cze_sol_ochozsolarpow8235, cze_sol_starojicklho8320, fra_sol_saintbenot10365, deu_sol_lefchfeldnord11432, ita_sol_bellpowersolar13383, ita_sol_nicolettosolar13492, mar_sol_centralesolair14453, prt_sol_acil115435, prt_sol_coruche215559, prt_sol_coruche215559, prt_sol_coruche215559, prt_sol_malhadavelha215646, prt_sol_heliosevosol15611, prt_sol_seixal215773, prt_sol_solcativante515817, prt_sol_trajouce115856, esp_sol_termesol5017428, gbr_sol_bransholmesola18612, gbr_sol_danesfarmex18953, gbr_sol_bunnshillsol18658, gbr_sol_grovesolarpar19300, gbr_sol_highfieldsfarm19395, gbr_sol_kettonsolarfa19520, gbr_sol_kinmel1cic19543, gbr_sol_knottingleya19554, gbr_sol_averhillfarm18413, gbr_sol_pingryfarmp20127, gbr_sol_landnorthofc19594, gbr_sol_portofbarry20147, gbr_sol_rollsroycefil20246, gbr_sol_coltishall118844, gbr_sol_blatchworthy18562, gbr_sol_landtothenor19662, gbr_sol_landtotheeas19661, usa_sol_adelantosolar20947, usa_sol_archdioceseof21196, usa_sol_baltimorecity21358, usa_sol_baltimorecity21358, usa_sol_baltimorecity21358, usa_sol_bethlehemeas21528, usa_sol_csufnutwoodso22000, usa_sol_baltimorecity21358, usa_sol_coronusadelant22594, usa_sol_division122954, usa_sol_division122954, usa_sol_grassland12s23955, usa_sol_baltimorecity21358, usa_sol_brownesolarll21817, usa_sol_indysolaril24543, usa_sol_jerseygardens24713, usa_sol_ketteringsolar24887, usa_sol_blackrockmatri21617, usa_sol_musgraveeasts25986, usa_sol_dennison22888, usa_sol_onseteastsola26415, usa_sol_phoenixairport26753, usa_sol_rebruceville127054, usa_sol_rebruceville127054, usa_sol_recamelotllc27057, usa_sol_rekammerer127064, usa_sol_rekammerer127064, usa_sol_remckenzie127070, usa_sol_remckenzie127070, usa_sol_remckenzie127070, usa_sol_remckenzie127070, usa_sol_remckenzie127070, usa_sol_ramona127111, usa_sol_rodeosolarc227346, usa_sol_santafespring27610, usa_sol_baltimorecity21358, usa_sol_goldenfieldss23854, usa_sol_brownesolarll21817, usa_sol_summernorthso28267, usa_sol_summernorthso28267, usa_sol_summernorthso28267, usa_sol_summernorthso28267, usa_sol_sunecps1llc28291, usa_sol_rosehill27374, usa_sol_uastpi28693, usa_sol_valleycenter128825, usa_sol_oldwardoursol26385, usa_sol_westportma129237
INFO [2024-10-07 09:48:56] [WARN] - Duplicates have been removed in import.
INFO [2024-10-07 09:49:11] [WARN] - The following generators have Ninja timeseries, but no PLEXOS properties: afg_win_capacity scaler, ago_win_capacity scaler, alb_win_capacity scaler, are_win_capacity scaler, arm_win_capacity scaler, chn-be_win_capacity scaler, chn-ch_win_capacity scaler, chn-hk_win_capacity scaler, chn-ma_win_capacity scaler, chn-ti_win_capacity scaler, ind-ea_win_capacity scaler, ind-ne_win_capacity scaler, jpn-ho_win_capacity scaler, jpn-ky_win_capacity scaler, jpn-ok_win_capacity scaler, rus-ce_win_capacity scaler, rus-fe_win_capacity scaler, rus-mv_win_capacity scaler, rus-nw_win_capacity scaler, rus-si_win_capacity scaler, rus-so_win_capacity scaler, rus-ur_win_capacity scaler, ata_win_capacity scaler, aze_win_capacity scaler, bdi_win_capacity scaler, ben_win_capacity scaler, bfa_win_capacity scaler, bgd_win_capacity scaler, bhr_win_capacity scaler, bih_win_capacity scaler, blr_win_capacity scaler, bol_win_capacity scaler, brn_win_capacity scaler, btn_win_capacity scaler, bwa_win_capacity scaler, caf_win_capacity scaler, civ_win_capacity scaler, cmr_win_capacity scaler, cod_win_capacity scaler, cog_win_capacity scaler, cub_win_capacity scaler, dji_win_capacity scaler, dza_win_capacity scaler, eri_win_capacity scaler, esh_win_capacity scaler, fji_win_capacity scaler, gab_win_capacity scaler, gbr_win_capacity scaler, geo_win_capacity scaler, gha_win_capacity scaler, gin_win_capacity scaler, gmb_win_capacity scaler, gnb_win_capacity scaler, gnq_win_capacity scaler, gtm_win_capacity scaler, guf_win_capacity scaler, idn_win_capacity scaler, irq_win_capacity scaler, isl_win_capacity scaler, isr_win_capacity scaler, jam_win_capacity scaler, ken_win_capacity scaler, kgz_win_capacity scaler, khm_win_capacity scaler, kos_win_capacity scaler, kwt_win_capacity scaler, lao_win_capacity scaler, lbn_win_capacity scaler, lbr_win_capacity scaler, lby_win_capacity scaler, lka_win_capacity scaler, lso_win_capacity scaler, mda_win_capacity scaler, mdg_win_capacity scaler, mkd_win_capacity scaler, mli_win_capacity scaler, mmr_win_capacity scaler, mne_win_capacity scaler, mng_win_capacity scaler, moz_win_capacity scaler, mrt_win_capacity scaler, mus_win_capacity scaler, mwi_win_capacity scaler, mys_win_capacity scaler, can-ab_win_capacity scaler, can-ar_win_capacity scaler, can-bc_win_capacity scaler, can-mb_win_capacity scaler, can-nl_win_capacity scaler, can-no_win_capacity scaler, can-on_win_capacity scaler, can-qc_win_capacity scaler, can-sk_win_capacity scaler, nam_win_capacity scaler, usa-ak_win_capacity scaler, usa-fr_win_capacity scaler, usa-gu_win_capacity scaler, usa-ha_win_capacity scaler, usa-me_win_capacity scaler, usa-pr_win_capacity scaler, usa-sa_win_capacity scaler, usa-sc_win_capacity scaler, usa-se_win_capacity scaler, usa-sv_win_capacity scaler, ner_win_capacity scaler, nga_win_capacity scaler, npl_win_capacity scaler, aus-nt_win_capacity scaler, aus-ql_win_capacity scaler, aus-sa_win_capacity scaler, aus-sw_win_capacity scaler, aus-ta_win_capacity scaler, aus-vi_win_capacity scaler, aus-wa_win_capacity scaler, omn_win_capacity scaler, pak_win_capacity scaler, png_win_capacity scaler, prk_win_capacity scaler, prt_win_capacity scaler, pry_win_capacity scaler, qat_win_capacity scaler, rwa_win_capacity scaler, bra-cn_win_capacity scaler, bra-cw_win_capacity scaler, bra-nw_win_capacity scaler, bra-se_win_capacity scaler, bra-we_win_capacity scaler, sau_win_capacity scaler, sdn_win_capacity scaler, sen_win_capacity scaler, sgp_win_capacity scaler, sle_win_capacity scaler, slv_win_capacity scaler, srb_win_capacity scaler, svk_win_capacity scaler, svn_win_capacity scaler, swz_win_capacity scaler, syr_win_capacity scaler, tgo_win_capacity scaler, tha_win_capacity scaler, tjk_win_capacity scaler, tkm_win_capacity scaler, tto_win_capacity scaler, tza_win_capacity scaler, uga_win_capacity scaler, ury_win_capacity scaler, uzb_win_capacity scaler, yem_win_capacity scaler, zaf_win_capacity scaler, zmb_win_capacity scaler, zwe_win_capacity scaler
INFO [2024-10-07 09:49:11] [WARN] - Nominal capacities are unknown, so they cannot be imported into the simulation.
INFO [2024-10-07 09:49:34] [WARN] - The following generators have Ninja timeseries, but no PLEXOS properties: aus_sol_liddellsolart507, chn_sol_datangdelingha5184, chn_sol_gansudunhuang5424, chn_sol_innermongolia6200, chn_sol_qinghaigonghe6862, deu_sol_jlichsolar11342, ind_sol_acmesolartowe12089, ind_sol_ananthapurme12115, ind_sol_dhursar12280, ind_sol_godawari12325, isr_sol_ashalimsun13316, mar_sol_centralesolair14452, mar_sol_centralesolair14453, zaf_sol_bokpoortsolar16619, zaf_sol_kaxusolarpowe16651, zaf_sol_kathusolarpar16654, zaf_sol_khisolarpower16657, esp_sol_andasol316855, esp_sol_aste1a16863, esp_sol_astexol216864, esp_sol_casablanca16896, esp_sol_centralsolart16906, esp_sol_centraltermoso16907, esp_sol_consollorellan16924, esp_sol_extresol116966, esp_sol_heliosi16986, esp_sol_ladehesa16996, esp_sol_laflorida16997, esp_sol_larisca17001, esp_sol_majadas17030, esp_sol_manchasol217032, esp_sol_plantasolarte17364, esp_sol_plantasolarte17366, esp_sol_plantasolarte17367, esp_sol_plantatermosol17368, esp_sol_pstlebrijai17376, esp_sol_pstpalmadelr17377, esp_sol_pstsolacor117378, esp_sol_puertoerrado217382, esp_sol_solaben317415, esp_sol_soluzguzman17416, esp_sol_termesol5017428, esp_sol_termosolarborg17430, tha_sol_thaisolarpowe18083, are_sol_shams18306, usa_sol_crescentdunes22676, usa_sol_genesissolare23759, usa_sol_mojavesolarpr25826, usa_sol_sierrasuntower27811, usa_sol_solanagenerati27908, esp_sol_termosol217429, mar_sol_centralesolair14454, usa_sol_ivanpah124635, usa_sol_ivanpah224636, usa_sol_ivanpah324637, usa_sol_nevadasolaron26112, usa_sol_segsiii27448, usa_sol_segsiv27449, usa_sol_segsix27450, usa_sol_segsv27451, usa_sol_segsvi27452, usa_sol_segsvii27453, usa_sol_segsviii27454, afg_sol_capacity scaler, alb_sol_capacity scaler, arg_sol_capacity scaler, arm_sol_capacity scaler, chn-ch_sol_capacity scaler, chn-em_sol_capacity scaler, chn-fu_sol_capacity scaler, chn-gd_sol_capacity scaler, chn-gu_sol_capacity scaler, chn-gx_sol_capacity scaler, chn-he_sol_capacity scaler, chn-hk_sol_capacity scaler, chn-hn_sol_capacity scaler, chn-ji_sol_capacity scaler, chn-jx_sol_capacity scaler, chn-li_sol_capacity scaler, chn-ma_sol_capacity scaler, chn-sc_sol_capacity scaler, chn-sx_sol_capacity scaler, chn-ti_sol_capacity scaler, chn-tj_sol_capacity scaler, chn-zh_sol_capacity scaler, ind-ne_sol_capacity scaler, rus-ce_sol_capacity scaler, rus-fe_sol_capacity scaler, rus-mv_sol_capacity scaler, rus-nw_sol_capacity scaler, rus-si_sol_capacity scaler, rus-so_sol_capacity scaler, rus-ur_sol_capacity scaler, ata_sol_capacity scaler, bdi_sol_capacity scaler, ben_sol_capacity scaler, bfa_sol_capacity scaler, bhr_sol_capacity scaler, bih_sol_capacity scaler, blr_sol_capacity scaler, brn_sol_capacity scaler, btn_sol_capacity scaler, bwa_sol_capacity scaler, caf_sol_capacity scaler, civ_sol_capacity scaler, cmr_sol_capacity scaler, cod_sol_capacity scaler, cog_sol_capacity scaler, col_sol_capacity scaler, cri_sol_capacity scaler, dji_sol_capacity scaler, dom_sol_capacity scaler, eri_sol_capacity scaler, esh_sol_capacity scaler, est_sol_capacity scaler, fji_sol_capacity scaler, gab_sol_capacity scaler, geo_sol_capacity scaler, gha_sol_capacity scaler, gin_sol_capacity scaler, gmb_sol_capacity scaler, gnb_sol_capacity scaler, gnq_sol_capacity scaler, gtm_sol_capacity scaler, guy_sol_capacity scaler, idn_sol_capacity scaler, irl_sol_capacity scaler, irn_sol_capacity scaler, isl_sol_capacity scaler, jam_sol_capacity scaler, kaz_sol_capacity scaler, kgz_sol_capacity scaler, kos_sol_capacity scaler, kwt_sol_capacity scaler, lao_sol_capacity scaler, lbn_sol_capacity scaler, lbr_sol_capacity scaler, lby_sol_capacity scaler, lka_sol_capacity scaler, lso_sol_capacity scaler, lva_sol_capacity scaler, mar_sol_capacity scaler, mda_sol_capacity scaler, mdg_sol_capacity scaler, mli_sol_capacity scaler, mne_sol_capacity scaler, mng_sol_capacity scaler, moz_sol_capacity scaler, mrt_sol_capacity scaler, mus_sol_capacity scaler, mwi_sol_capacity scaler, can-ab_sol_capacity scaler, can-ar_sol_capacity scaler, can-bc_sol_capacity scaler, can-mb_sol_capacity scaler, can-nl_sol_capacity scaler, can-no_sol_capacity scaler, can-qc_sol_capacity scaler, can-sk_sol_capacity scaler, usa-ak_sol_capacity scaler, usa-me_sol_capacity scaler, usa-mw_sol_capacity scaler, usa-rm_sol_capacity scaler, usa-sa_sol_capacity scaler, usa-sn_sol_capacity scaler, usa-sw_sol_capacity scaler, ner_sol_capacity scaler, nic_sol_capacity scaler, aus-ta_sol_capacity scaler, aus-vi_sol_capacity scaler, omn_sol_capacity scaler, pak_sol_capacity scaler, png_sol_capacity scaler, prk_sol_capacity scaler, pry_sol_capacity scaler, qat_sol_capacity scaler, rwa_sol_capacity scaler, bra-cn_sol_capacity scaler, bra-cw_sol_capacity scaler, bra-ne_sol_capacity scaler, bra-nw_sol_capacity scaler, bra-se_sol_capacity scaler, bra-so_sol_capacity scaler, bra-we_sol_capacity scaler, sdn_sol_capacity scaler, sle_sol_capacity scaler, swz_sol_capacity scaler, syr_sol_capacity scaler, tgo_sol_capacity scaler, tjk_sol_capacity scaler, tkm_sol_capacity scaler, tto_sol_capacity scaler, tza_sol_capacity scaler, ury_sol_capacity scaler, uzb_sol_capacity scaler, ven_sol_capacity scaler, vnm_sol_capacity scaler, zaf_sol_capacity scaler, zmb_sol_capacity scaler, zwe_sol_capacity scaler, som_sol_capacity scaler, tcd_sol_capacity scaler, tls_sol_capacity scaler, mlt_sol_capacity scaler, blz_sol_capacity scaler, hti_sol_capacity scaler, sur_sol_capacity scaler
INFO [2024-10-07 09:49:34] [WARN] - Nominal capacities are unknown, so they cannot be imported into the simulation.
INFO [2024-10-07 09:49:54] [MAIN] - Adding nodes...

INFO [2024-10-07 09:49:55] [NODES] - Adding eu-alb node...
INFO [2024-10-07 09:49:55] [NODES] - Adding eu-arm node...
INFO [2024-10-07 09:49:55] [NODES] - Adding eu-aut node...
INFO [2024-10-07 09:49:56] [NODES] - Adding eu-aze node...
INFO [2024-10-07 09:49:56] [NODES] - Adding eu-bel node...
INFO [2024-10-07 09:49:56] [NODES] - Adding eu-bgr node...
INFO [2024-10-07 09:49:56] [NODES] - Adding eu-bih node...
INFO [2024-10-07 09:49:56] [NODES] - Adding eu-blr node...
INFO [2024-10-07 09:49:57] [NODES] - Adding eu-che node...
INFO [2024-10-07 09:49:57] [NODES] - Adding eu-cyp node...
INFO [2024-10-07 09:49:57] [NODES] - Adding eu-cze node...
INFO [2024-10-07 09:49:57] [NODES] - Adding eu-deu node...
INFO [2024-10-07 09:49:57] [NODES] - Adding eu-dnk node...
INFO [2024-10-07 09:49:57] [NODES] - Adding eu-esp node...
INFO [2024-10-07 09:49:58] [NODES] - Adding eu-est node...
INFO [2024-10-07 09:49:58] [NODES] - Adding eu-fin node...
INFO [2024-10-07 09:49:58] [NODES] - Adding eu-fra node...
INFO [2024-10-07 09:49:58] [NODES] - Adding eu-gbr node...
INFO [2024-10-07 09:49:59] [NODES] - Adding eu-geo node...
INFO [2024-10-07 09:49:59] [NODES] - Adding eu-grc node...
INFO [2024-10-07 09:49:59] [NODES] - Adding eu-hrv node...
INFO [2024-10-07 09:50:00] [NODES] - Adding eu-hun node...
INFO [2024-10-07 09:50:00] [NODES] - Adding eu-irl node...
INFO [2024-10-07 09:50:00] [NODES] - Adding eu-isl node...
INFO [2024-10-07 09:50:01] [NODES] - Adding eu-ita node...
INFO [2024-10-07 09:50:01] [NODES] - Adding eu-kos node...
INFO [2024-10-07 09:50:01] [NODES] - Adding eu-ltu node...
INFO [2024-10-07 09:50:02] [NODES] - Adding eu-lux node...
INFO [2024-10-07 09:50:02] [NODES] - Adding eu-lva node...
INFO [2024-10-07 09:50:02] [NODES] - Adding eu-mda node...
INFO [2024-10-07 09:50:02] [NODES] - Adding eu-mkd node...
INFO [2024-10-07 09:50:03] [NODES] - Adding eu-mne node...
INFO [2024-10-07 09:50:03] [NODES] - Adding eu-nld node...
INFO [2024-10-07 09:50:03] [NODES] - Adding eu-nor node...
INFO [2024-10-07 09:50:04] [NODES] - Adding eu-pol node...
INFO [2024-10-07 09:50:04] [NODES] - Adding eu-prt node...
INFO [2024-10-07 09:50:05] [NODES] - Adding eu-rou node...
INFO [2024-10-07 09:50:05] [NODES] - Adding eu-srb node...
INFO [2024-10-07 09:50:05] [NODES] - Adding eu-svk node...
INFO [2024-10-07 09:50:05] [NODES] - Adding eu-svn node...
INFO [2024-10-07 09:50:06] [NODES] - Adding eu-swe node...
INFO [2024-10-07 09:50:06] [NODES] - Adding eu-ukr node...
INFO [2024-10-07 09:50:07] [MAIN] - Done adding nodes! (run time : 12.61s).

INFO [2024-10-07 09:50:07] [MAIN] - Adding districts...

INFO [2024-10-07 09:50:07] [DISTRICTS] - Creating global district...
INFO [2024-10-07 09:50:07] [DISTRICTS] - Done creating global district!
INFO [2024-10-07 09:50:07] [DISTRICTS] - Creating europe continental district...
INFO [2024-10-07 09:50:08] [DISTRICTS] - Done creating europe continental district!
INFO [2024-10-07 09:50:08] [MAIN] - Done adding districts! (run time : 1.15s).

INFO [2024-10-07 09:50:08] [MAIN] - Adding load data...

INFO [2024-10-07 09:50:09] [LOAD] - Adding eu-alb load data...
INFO [2024-10-07 09:50:09] [LOAD] - Adding eu-arm load data...
INFO [2024-10-07 09:50:09] [LOAD] - Adding eu-aut load data...
INFO [2024-10-07 09:50:10] [LOAD] - Adding eu-aze load data...
INFO [2024-10-07 09:50:10] [LOAD] - Adding eu-bel load data...
INFO [2024-10-07 09:50:10] [LOAD] - Adding eu-bgr load data...
INFO [2024-10-07 09:50:10] [LOAD] - Adding eu-bih load data...
INFO [2024-10-07 09:50:10] [LOAD] - Adding eu-blr load data...
INFO [2024-10-07 09:50:11] [LOAD] - Adding eu-che load data...
INFO [2024-10-07 09:50:11] [LOAD] - Adding eu-cyp load data...
INFO [2024-10-07 09:50:11] [LOAD] - Adding eu-cze load data...
INFO [2024-10-07 09:50:11] [LOAD] - Adding eu-deu load data...
INFO [2024-10-07 09:50:11] [LOAD] - Adding eu-dnk load data...
INFO [2024-10-07 09:50:12] [LOAD] - Adding eu-esp load data...
INFO [2024-10-07 09:50:12] [LOAD] - Adding eu-est load data...
INFO [2024-10-07 09:50:12] [LOAD] - Adding eu-fin load data...
INFO [2024-10-07 09:50:12] [LOAD] - Adding eu-fra load data...
INFO [2024-10-07 09:50:12] [LOAD] - Adding eu-gbr load data...
INFO [2024-10-07 09:50:13] [LOAD] - Adding eu-geo load data...
INFO [2024-10-07 09:50:13] [LOAD] - Adding eu-grc load data...
INFO [2024-10-07 09:50:13] [LOAD] - Adding eu-hrv load data...
INFO [2024-10-07 09:50:13] [LOAD] - Adding eu-hun load data...
INFO [2024-10-07 09:50:13] [LOAD] - Adding eu-irl load data...
INFO [2024-10-07 09:50:13] [LOAD] - Adding eu-isl load data...
INFO [2024-10-07 09:50:14] [LOAD] - Adding eu-ita load data...
INFO [2024-10-07 09:50:14] [LOAD] - Adding eu-kos load data...
INFO [2024-10-07 09:50:14] [LOAD] - Adding eu-ltu load data...
INFO [2024-10-07 09:50:14] [LOAD] - Adding eu-lux load data...
INFO [2024-10-07 09:50:14] [LOAD] - Adding eu-lva load data...
INFO [2024-10-07 09:50:15] [LOAD] - Adding eu-mda load data...
INFO [2024-10-07 09:50:15] [LOAD] - Adding eu-mkd load data...
INFO [2024-10-07 09:50:15] [LOAD] - Adding eu-mne load data...
INFO [2024-10-07 09:50:15] [LOAD] - Adding eu-nld load data...
INFO [2024-10-07 09:50:15] [LOAD] - Adding eu-nor load data...
INFO [2024-10-07 09:50:16] [LOAD] - Adding eu-pol load data...
INFO [2024-10-07 09:50:16] [LOAD] - Adding eu-prt load data...
INFO [2024-10-07 09:50:16] [LOAD] - Adding eu-rou load data...
INFO [2024-10-07 09:50:16] [LOAD] - Adding eu-srb load data...
INFO [2024-10-07 09:50:17] [LOAD] - Adding eu-svk load data...
INFO [2024-10-07 09:50:17] [LOAD] - Adding eu-svn load data...
INFO [2024-10-07 09:50:17] [LOAD] - Adding eu-swe load data...
INFO [2024-10-07 09:50:17] [LOAD] - Adding eu-ukr load data...
INFO [2024-10-07 09:50:17] [MAIN] - Done adding load data! (run time : 9.74s).

INFO [2024-10-07 09:50:17] [MAIN] - Fetching wind data...

INFO [2024-10-07 09:50:18] [WARN] - Skipped adding wind data for eu-alb (no generators found in PLEXOS).
INFO [2024-10-07 09:50:18] [WARN] - Skipped adding wind data for eu-arm (no generators found in PLEXOS).
INFO [2024-10-07 09:50:18] [WIND] - Adding eu-aut aggregated wind data...
INFO [2024-10-07 09:50:18] [WARN] - Skipped adding wind data for eu-aze (no generators found in PLEXOS).
INFO [2024-10-07 09:50:18] [WIND] - Adding eu-bel aggregated wind data...
INFO [2024-10-07 09:50:18] [WIND] - Adding eu-bgr aggregated wind data...
INFO [2024-10-07 09:50:18] [WARN] - Skipped adding wind data for eu-bih (no generators found in PLEXOS).
INFO [2024-10-07 09:50:18] [WARN] - Skipped adding wind data for eu-blr (no generators found in PLEXOS).
INFO [2024-10-07 09:50:18] [WIND] - Adding eu-che aggregated wind data...
INFO [2024-10-07 09:50:19] [WIND] - Adding eu-cyp aggregated wind data...
INFO [2024-10-07 09:50:19] [WIND] - Adding eu-cze aggregated wind data...
INFO [2024-10-07 09:50:19] [WIND] - Adding eu-deu aggregated wind data...
INFO [2024-10-07 09:50:19] [WIND] - Adding eu-dnk aggregated wind data...
INFO [2024-10-07 09:50:20] [WIND] - Adding eu-esp aggregated wind data...
INFO [2024-10-07 09:50:20] [WIND] - Adding eu-est aggregated wind data...
INFO [2024-10-07 09:50:20] [WIND] - Adding eu-fin aggregated wind data...
INFO [2024-10-07 09:50:20] [WIND] - Adding eu-fra aggregated wind data...
INFO [2024-10-07 09:50:20] [WIND] - Adding eu-gbr aggregated wind data...
INFO [2024-10-07 09:50:20] [WARN] - Skipped adding wind data for eu-geo (no generators found in PLEXOS).
INFO [2024-10-07 09:50:21] [WIND] - Adding eu-grc aggregated wind data...
INFO [2024-10-07 09:50:21] [WIND] - Adding eu-hrv aggregated wind data...
INFO [2024-10-07 09:50:21] [WIND] - Adding eu-hun aggregated wind data...
INFO [2024-10-07 09:50:21] [WIND] - Adding eu-irl aggregated wind data...
INFO [2024-10-07 09:50:21] [WARN] - Skipped adding wind data for eu-isl (no generators found in PLEXOS).
INFO [2024-10-07 09:50:22] [WIND] - Adding eu-ita aggregated wind data...
INFO [2024-10-07 09:50:22] [WARN] - Skipped adding wind data for eu-kos (no generators found in PLEXOS).
INFO [2024-10-07 09:50:22] [WIND] - Adding eu-ltu aggregated wind data...
INFO [2024-10-07 09:50:22] [WIND] - Adding eu-lux aggregated wind data...
INFO [2024-10-07 09:50:22] [WIND] - Adding eu-lva aggregated wind data...
INFO [2024-10-07 09:50:22] [WARN] - Skipped adding wind data for eu-mda (no generators found in PLEXOS).
INFO [2024-10-07 09:50:22] [WARN] - Skipped adding wind data for eu-mkd (no generators found in PLEXOS).
INFO [2024-10-07 09:50:22] [WARN] - Skipped adding wind data for eu-mne (no generators found in PLEXOS).
INFO [2024-10-07 09:50:22] [WIND] - Adding eu-nld aggregated wind data...
INFO [2024-10-07 09:50:23] [WIND] - Adding eu-nor aggregated wind data...
INFO [2024-10-07 09:50:23] [WIND] - Adding eu-pol aggregated wind data...
INFO [2024-10-07 09:50:23] [WIND] - Adding eu-prt aggregated wind data...
INFO [2024-10-07 09:50:23] [WIND] - Adding eu-rou aggregated wind data...
INFO [2024-10-07 09:50:23] [WARN] - Skipped adding wind data for eu-srb (no generators found in PLEXOS).
INFO [2024-10-07 09:50:23] [WARN] - Skipped adding wind data for eu-svk (no generators found in PLEXOS).
INFO [2024-10-07 09:50:23] [WARN] - Skipped adding wind data for eu-svn (no generators found in PLEXOS).
INFO [2024-10-07 09:50:23] [WIND] - Adding eu-swe aggregated wind data...
INFO [2024-10-07 09:50:24] [WIND] - Adding eu-ukr aggregated wind data...
INFO [2024-10-07 09:50:24] [WIND] - Saving aggregated wind data to output folder...
INFO [2024-10-07 09:50:24] [WARN] - The following generators have Ninja timeseries, but no PLEXOS properties: afg_win_capacity scaler, ago_win_capacity scaler, alb_win_capacity scaler, are_win_capacity scaler, arm_win_capacity scaler, chn-be_win_capacity scaler, chn-ch_win_capacity scaler, chn-hk_win_capacity scaler, chn-ma_win_capacity scaler, chn-ti_win_capacity scaler, ind-ea_win_capacity scaler, ind-ne_win_capacity scaler, jpn-ho_win_capacity scaler, jpn-ky_win_capacity scaler, jpn-ok_win_capacity scaler, rus-ce_win_capacity scaler, rus-fe_win_capacity scaler, rus-mv_win_capacity scaler, rus-nw_win_capacity scaler, rus-si_win_capacity scaler, rus-so_win_capacity scaler, rus-ur_win_capacity scaler, ata_win_capacity scaler, aze_win_capacity scaler, bdi_win_capacity scaler, ben_win_capacity scaler, bfa_win_capacity scaler, bgd_win_capacity scaler, bhr_win_capacity scaler, bih_win_capacity scaler, blr_win_capacity scaler, bol_win_capacity scaler, brn_win_capacity scaler, btn_win_capacity scaler, bwa_win_capacity scaler, caf_win_capacity scaler, civ_win_capacity scaler, cmr_win_capacity scaler, cod_win_capacity scaler, cog_win_capacity scaler, cub_win_capacity scaler, dji_win_capacity scaler, dza_win_capacity scaler, eri_win_capacity scaler, esh_win_capacity scaler, fji_win_capacity scaler, gab_win_capacity scaler, gbr_win_capacity scaler, geo_win_capacity scaler, gha_win_capacity scaler, gin_win_capacity scaler, gmb_win_capacity scaler, gnb_win_capacity scaler, gnq_win_capacity scaler, gtm_win_capacity scaler, guf_win_capacity scaler, idn_win_capacity scaler, irq_win_capacity scaler, isl_win_capacity scaler, isr_win_capacity scaler, jam_win_capacity scaler, ken_win_capacity scaler, kgz_win_capacity scaler, khm_win_capacity scaler, kos_win_capacity scaler, kwt_win_capacity scaler, lao_win_capacity scaler, lbn_win_capacity scaler, lbr_win_capacity scaler, lby_win_capacity scaler, lka_win_capacity scaler, lso_win_capacity scaler, mda_win_capacity scaler, mdg_win_capacity scaler, mkd_win_capacity scaler, mli_win_capacity scaler, mmr_win_capacity scaler, mne_win_capacity scaler, mng_win_capacity scaler, moz_win_capacity scaler, mrt_win_capacity scaler, mus_win_capacity scaler, mwi_win_capacity scaler, mys_win_capacity scaler, can-ab_win_capacity scaler, can-ar_win_capacity scaler, can-bc_win_capacity scaler, can-mb_win_capacity scaler, can-nl_win_capacity scaler, can-no_win_capacity scaler, can-on_win_capacity scaler, can-qc_win_capacity scaler, can-sk_win_capacity scaler, nam_win_capacity scaler, usa-ak_win_capacity scaler, usa-fr_win_capacity scaler, usa-gu_win_capacity scaler, usa-ha_win_capacity scaler, usa-me_win_capacity scaler, usa-pr_win_capacity scaler, usa-sa_win_capacity scaler, usa-sc_win_capacity scaler, usa-se_win_capacity scaler, usa-sv_win_capacity scaler, ner_win_capacity scaler, nga_win_capacity scaler, npl_win_capacity scaler, aus-nt_win_capacity scaler, aus-ql_win_capacity scaler, aus-sa_win_capacity scaler, aus-sw_win_capacity scaler, aus-ta_win_capacity scaler, aus-vi_win_capacity scaler, aus-wa_win_capacity scaler, omn_win_capacity scaler, pak_win_capacity scaler, png_win_capacity scaler, prk_win_capacity scaler, prt_win_capacity scaler, pry_win_capacity scaler, qat_win_capacity scaler, rwa_win_capacity scaler, bra-cn_win_capacity scaler, bra-cw_win_capacity scaler, bra-nw_win_capacity scaler, bra-se_win_capacity scaler, bra-we_win_capacity scaler, sau_win_capacity scaler, sdn_win_capacity scaler, sen_win_capacity scaler, sgp_win_capacity scaler, sle_win_capacity scaler, slv_win_capacity scaler, srb_win_capacity scaler, svk_win_capacity scaler, svn_win_capacity scaler, swz_win_capacity scaler, syr_win_capacity scaler, tgo_win_capacity scaler, tha_win_capacity scaler, tjk_win_capacity scaler, tkm_win_capacity scaler, tto_win_capacity scaler, tza_win_capacity scaler, uga_win_capacity scaler, ury_win_capacity scaler, uzb_win_capacity scaler, yem_win_capacity scaler, zaf_win_capacity scaler, zmb_win_capacity scaler, zwe_win_capacity scaler
INFO [2024-10-07 09:50:24] [WARN] - Nominal capacities are unknown, so they cannot be imported into the simulation.
INFO [2024-10-07 09:50:39] [WIND] - Done saving aggregated wind data to output folder!
INFO [2024-10-07 09:50:39] [MAIN] - Done adding wind data! (run time : 21.97s).

INFO [2024-10-07 09:50:39] [MAIN] - Fetching solar data...

INFO [2024-10-07 09:50:40] [WARN] - Skipped adding solar data for eu-alb (no generators found in PLEXOS).
INFO [2024-10-07 09:50:40] [WARN] - Skipped adding solar data for eu-arm (no generators found in PLEXOS).
INFO [2024-10-07 09:50:40] [SOLAR] - Adding eu-aut aggregated solar data...
INFO [2024-10-07 09:50:40] [SOLAR] - Adding eu-aze aggregated solar data...
INFO [2024-10-07 09:50:41] [SOLAR] - Adding eu-bel aggregated solar data...
INFO [2024-10-07 09:50:41] [SOLAR] - Adding eu-bgr aggregated solar data...
INFO [2024-10-07 09:50:41] [WARN] - Skipped adding solar data for eu-bih (no generators found in PLEXOS).
INFO [2024-10-07 09:50:41] [WARN] - Skipped adding solar data for eu-blr (no generators found in PLEXOS).
INFO [2024-10-07 09:50:41] [SOLAR] - Adding eu-che aggregated solar data...
INFO [2024-10-07 09:50:42] [SOLAR] - Adding eu-cyp aggregated solar data...
INFO [2024-10-07 09:50:42] [SOLAR] - Adding eu-cze aggregated solar data...
INFO [2024-10-07 09:50:42] [SOLAR] - Adding eu-deu aggregated solar data...
INFO [2024-10-07 09:50:43] [SOLAR] - Adding eu-dnk aggregated solar data...
INFO [2024-10-07 09:50:43] [SOLAR] - Adding eu-esp aggregated solar data...
INFO [2024-10-07 09:50:43] [WARN] - Skipped adding solar data for eu-est (no generators found in PLEXOS).
INFO [2024-10-07 09:50:43] [SOLAR] - Adding eu-fin aggregated solar data...
INFO [2024-10-07 09:50:44] [SOLAR] - Adding eu-fra aggregated solar data...
INFO [2024-10-07 09:50:44] [SOLAR] - Adding eu-gbr aggregated solar data...
INFO [2024-10-07 09:50:44] [WARN] - Skipped adding solar data for eu-geo (no generators found in PLEXOS).
INFO [2024-10-07 09:50:44] [SOLAR] - Adding eu-grc aggregated solar data...
INFO [2024-10-07 09:50:45] [SOLAR] - Adding eu-hrv aggregated solar data...
INFO [2024-10-07 09:50:45] [SOLAR] - Adding eu-hun aggregated solar data...
INFO [2024-10-07 09:50:45] [WARN] - Skipped adding solar data for eu-irl (no generators found in PLEXOS).
INFO [2024-10-07 09:50:45] [WARN] - Skipped adding solar data for eu-isl (no generators found in PLEXOS).
INFO [2024-10-07 09:50:45] [SOLAR] - Adding eu-ita aggregated solar data...
INFO [2024-10-07 09:50:45] [WARN] - Skipped adding solar data for eu-kos (no generators found in PLEXOS).
INFO [2024-10-07 09:50:45] [SOLAR] - Adding eu-ltu aggregated solar data...
INFO [2024-10-07 09:50:46] [SOLAR] - Adding eu-lux aggregated solar data...
INFO [2024-10-07 09:50:46] [WARN] - Skipped adding solar data for eu-lva (no generators found in PLEXOS).
INFO [2024-10-07 09:50:46] [WARN] - Skipped adding solar data for eu-mda (no generators found in PLEXOS).
INFO [2024-10-07 09:50:46] [SOLAR] - Adding eu-mkd aggregated solar data...
INFO [2024-10-07 09:50:46] [WARN] - Skipped adding solar data for eu-mne (no generators found in PLEXOS).
INFO [2024-10-07 09:50:46] [SOLAR] - Adding eu-nld aggregated solar data...
INFO [2024-10-07 09:50:46] [SOLAR] - Adding eu-nor aggregated solar data...
INFO [2024-10-07 09:50:47] [SOLAR] - Adding eu-pol aggregated solar data...
INFO [2024-10-07 09:50:47] [SOLAR] - Adding eu-prt aggregated solar data...
INFO [2024-10-07 09:50:47] [SOLAR] - Adding eu-rou aggregated solar data...
INFO [2024-10-07 09:50:47] [SOLAR] - Adding eu-srb aggregated solar data...
INFO [2024-10-07 09:50:48] [SOLAR] - Adding eu-svk aggregated solar data...
INFO [2024-10-07 09:50:48] [SOLAR] - Adding eu-svn aggregated solar data...
INFO [2024-10-07 09:50:48] [SOLAR] - Adding eu-swe aggregated solar data...
INFO [2024-10-07 09:50:48] [SOLAR] - Adding eu-ukr aggregated solar data...
INFO [2024-10-07 09:50:48] [MAIN] - Done adding solar data! (run time : 8.82s).

INFO [2024-10-07 09:50:48] [MAIN] - Adding lines between areas...

