INFO [2024-08-05 22:15:51] [MAIN] - Creating Etude_sur_R_Monde__2024_08_05_22_15_50 study...

INFO [2024-08-05 22:15:51] [MAIN] - Unit commitment mode : FAST
INFO [2024-08-05 22:15:51] [MAIN] - Adding nodes...

INFO [2024-08-05 22:16:00] [MAIN] - Done adding nodes! (run time : 9.77s).

INFO [2024-08-05 22:16:00] [MAIN] - Adding load data...

INFO [2024-08-05 22:16:07] [MAIN] - Done adding load data! (run time : 6.65s).

INFO [2024-08-05 22:16:07] [MAIN] - Fetching wind data...

INFO [2024-08-05 22:16:11] [MAIN] - Done adding wind data! (run time : 3.87s).

INFO [2024-08-05 22:16:11] [MAIN] - Fetching solar data...

INFO [2024-08-05 22:16:15] [MAIN] - Done adding solar data! (run time : 4.36s).

INFO [2024-08-05 22:16:15] [MAIN] - Beginning hydro implementation...
INFO [2024-08-05 22:17:11] [MAIN] - Done adding hydro!
INFO [2024-08-05 22:17:11] [MAIN] - Fetching thermal data...

INFO [2024-08-05 22:27:10] [MAIN] - Done adding thermal data! (run time : 9.99min).

INFO [2024-08-05 22:27:10] [MAIN] - Adding lines between areas...

INFO [2024-08-05 22:27:26] [MAIN] - Done adding lines! (run time : 15.92s).

INFO [2024-08-05 22:27:26] [MAIN] - Finished setting up Antares study! (run time : 11.6min).
 

INFO [2024-08-05 22:27:26] [MAIN] - Starting simulation__2024_08_05_22_27_26 simulation...
INFO [2024-08-05 22:45:22] [MAIN] - Antares simulation finished! (run time : 17.93min).
 

INFO [2024-08-05 22:45:27] [MAIN] - Opening latest simulation...
