INFO [2024-09-09 16:35:28] [MAIN] - Creating clusters_ren__2024_09_09_16_35_28 study...

INFO [2024-09-09 16:35:28] [MAIN] - Unit commitment mode : ACCURATE
INFO [2024-09-09 16:35:28] [MAIN] - Adding nodes...

INFO [2024-09-09 16:35:29] [NODES] - Adding EU-ALB node...
INFO [2024-09-09 16:35:29] [NODES] - Adding EU-ARM node...
INFO [2024-09-09 16:35:30] [NODES] - Adding EU-AUT node...
INFO [2024-09-09 16:35:30] [NODES] - Adding EU-AZE node...
INFO [2024-09-09 16:35:30] [NODES] - Adding EU-BEL node...
INFO [2024-09-09 16:35:30] [NODES] - Adding EU-BGR node...
INFO [2024-09-09 16:35:30] [NODES] - Adding EU-BIH node...
INFO [2024-09-09 16:35:30] [NODES] - Adding EU-BLR node...
INFO [2024-09-09 16:35:31] [NODES] - Adding EU-CHE node...
INFO [2024-09-09 16:35:31] [NODES] - Adding EU-CYP node...
INFO [2024-09-09 16:35:31] [NODES] - Adding EU-CZE node...
INFO [2024-09-09 16:35:31] [NODES] - Adding EU-DEU node...
INFO [2024-09-09 16:35:31] [NODES] - Adding EU-DNK node...
INFO [2024-09-09 16:35:32] [NODES] - Adding EU-ESP node...
INFO [2024-09-09 16:35:32] [NODES] - Adding EU-EST node...
INFO [2024-09-09 16:35:33] [NODES] - Adding EU-FIN node...
INFO [2024-09-09 16:35:33] [NODES] - Adding EU-FRA node...
INFO [2024-09-09 16:35:33] [NODES] - Adding EU-GBR node...
INFO [2024-09-09 16:35:34] [NODES] - Adding EU-GEO node...
INFO [2024-09-09 16:35:34] [NODES] - Adding EU-GRC node...
INFO [2024-09-09 16:35:34] [NODES] - Adding EU-HRV node...
INFO [2024-09-09 16:35:34] [NODES] - Adding EU-HUN node...
INFO [2024-09-09 16:35:35] [NODES] - Adding EU-IRL node...
INFO [2024-09-09 16:35:35] [NODES] - Adding EU-ISL node...
INFO [2024-09-09 16:35:35] [NODES] - Adding EU-ITA node...
INFO [2024-09-09 16:35:36] [NODES] - Adding EU-KOS node...
INFO [2024-09-09 16:35:36] [NODES] - Adding EU-LTU node...
INFO [2024-09-09 16:35:36] [NODES] - Adding EU-LUX node...
INFO [2024-09-09 16:35:36] [NODES] - Adding EU-LVA node...
INFO [2024-09-09 16:35:37] [NODES] - Adding EU-MDA node...
INFO [2024-09-09 16:35:37] [NODES] - Adding EU-MKD node...
INFO [2024-09-09 16:35:37] [NODES] - Adding EU-MNE node...
INFO [2024-09-09 16:35:38] [NODES] - Adding EU-NLD node...
INFO [2024-09-09 16:35:38] [NODES] - Adding EU-NOR node...
INFO [2024-09-09 16:35:38] [NODES] - Adding EU-POL node...
INFO [2024-09-09 16:35:39] [NODES] - Adding EU-PRT node...
INFO [2024-09-09 16:35:39] [NODES] - Adding EU-ROU node...
INFO [2024-09-09 16:35:39] [NODES] - Adding EU-SRB node...
INFO [2024-09-09 16:35:40] [NODES] - Adding EU-SVK node...
INFO [2024-09-09 16:35:40] [NODES] - Adding EU-SVN node...
INFO [2024-09-09 16:35:40] [NODES] - Adding EU-SWE node...
INFO [2024-09-09 16:35:41] [NODES] - Adding EU-UKR node...
INFO [2024-09-09 16:35:41] [MAIN] - Done adding nodes! (run time : 12.87s).

INFO [2024-09-09 16:35:41] [MAIN] - Adding districts...

INFO [2024-09-09 16:35:42] [DISTRICTS] - Creating global district...
INFO [2024-09-09 16:35:42] [DISTRICTS] - Done creating global district!
INFO [2024-09-09 16:35:42] [DISTRICTS] - Creating europe continental district...
INFO [2024-09-09 16:35:42] [DISTRICTS] - Done creating europe continental district!
INFO [2024-09-09 16:35:42] [MAIN] - Done adding districts! (run time : 1.14s).

INFO [2024-09-09 16:35:42] [MAIN] - Adding load data...

INFO [2024-09-09 16:35:43] [LOAD] - Adding EU-ALB load data...
INFO [2024-09-09 16:35:44] [LOAD] - Adding EU-ARM load data...
INFO [2024-09-09 16:35:44] [LOAD] - Adding EU-AUT load data...
INFO [2024-09-09 16:35:44] [LOAD] - Adding EU-AZE load data...
INFO [2024-09-09 16:35:44] [LOAD] - Adding EU-BEL load data...
INFO [2024-09-09 16:35:44] [LOAD] - Adding EU-BGR load data...
INFO [2024-09-09 16:35:45] [LOAD] - Adding EU-BIH load data...
INFO [2024-09-09 16:35:45] [LOAD] - Adding EU-BLR load data...
INFO [2024-09-09 16:35:45] [LOAD] - Adding EU-CHE load data...
INFO [2024-09-09 16:35:45] [LOAD] - Adding EU-CYP load data...
INFO [2024-09-09 16:35:45] [LOAD] - Adding EU-CZE load data...
INFO [2024-09-09 16:35:46] [LOAD] - Adding EU-DEU load data...
INFO [2024-09-09 16:35:46] [LOAD] - Adding EU-DNK load data...
INFO [2024-09-09 16:35:46] [LOAD] - Adding EU-ESP load data...
INFO [2024-09-09 16:35:46] [LOAD] - Adding EU-EST load data...
INFO [2024-09-09 16:35:46] [LOAD] - Adding EU-FIN load data...
INFO [2024-09-09 16:35:47] [LOAD] - Adding EU-FRA load data...
INFO [2024-09-09 16:35:47] [LOAD] - Adding EU-GBR load data...
INFO [2024-09-09 16:35:47] [LOAD] - Adding EU-GEO load data...
INFO [2024-09-09 16:35:47] [LOAD] - Adding EU-GRC load data...
INFO [2024-09-09 16:35:47] [LOAD] - Adding EU-HRV load data...
INFO [2024-09-09 16:35:48] [LOAD] - Adding EU-HUN load data...
INFO [2024-09-09 16:35:48] [LOAD] - Adding EU-IRL load data...
INFO [2024-09-09 16:35:48] [LOAD] - Adding EU-ISL load data...
INFO [2024-09-09 16:35:48] [LOAD] - Adding EU-ITA load data...
INFO [2024-09-09 16:35:49] [LOAD] - Adding EU-KOS load data...
INFO [2024-09-09 16:35:49] [LOAD] - Adding EU-LTU load data...
INFO [2024-09-09 16:35:49] [LOAD] - Adding EU-LUX load data...
INFO [2024-09-09 16:35:49] [LOAD] - Adding EU-LVA load data...
INFO [2024-09-09 16:35:50] [LOAD] - Adding EU-MDA load data...
INFO [2024-09-09 16:35:50] [LOAD] - Adding EU-MKD load data...
INFO [2024-09-09 16:35:50] [LOAD] - Adding EU-MNE load data...
INFO [2024-09-09 16:35:50] [LOAD] - Adding EU-NLD load data...
INFO [2024-09-09 16:35:51] [LOAD] - Adding EU-NOR load data...
INFO [2024-09-09 16:35:51] [LOAD] - Adding EU-POL load data...
INFO [2024-09-09 16:35:51] [LOAD] - Adding EU-PRT load data...
INFO [2024-09-09 16:35:51] [LOAD] - Adding EU-ROU load data...
INFO [2024-09-09 16:35:51] [LOAD] - Adding EU-SRB load data...
INFO [2024-09-09 16:35:52] [LOAD] - Adding EU-SVK load data...
INFO [2024-09-09 16:35:52] [LOAD] - Adding EU-SVN load data...
INFO [2024-09-09 16:35:52] [LOAD] - Adding EU-SWE load data...
INFO [2024-09-09 16:35:52] [LOAD] - Adding EU-UKR load data...
INFO [2024-09-09 16:35:53] [MAIN] - Done adding load data! (run time : 10.06s).

INFO [2024-09-09 16:35:53] [MAIN] - Fetching solar data...

