INFO [2024-10-07 16:15:35] [MAIN] - Creating Other1 fix threePoints 2 study...

INFO [2024-10-07 16:15:35] [MAIN] - Initializing output folder...
INFO [2024-10-07 16:15:37] [MAIN] - Unit commitment mode : ACCURATE
INFO [2024-10-07 16:15:37] [MAIN] - Adding nodes...

INFO [2024-10-07 16:15:39] [NODES] - Adding eu-che node...
INFO [2024-10-07 16:15:39] [NODES] - Adding eu-deu node...
INFO [2024-10-07 16:15:39] [NODES] - Adding eu-fra node...
INFO [2024-10-07 16:15:39] [MAIN] - Done adding nodes! (run time : 1.78s).

INFO [2024-10-07 16:15:39] [MAIN] - Adding districts...

INFO [2024-10-07 16:15:40] [DISTRICTS] - Creating global district...
INFO [2024-10-07 16:15:40] [DISTRICTS] - Done creating global district!
INFO [2024-10-07 16:15:40] [DISTRICTS] - Creating europe continental district...
INFO [2024-10-07 16:15:40] [DISTRICTS] - Done creating europe continental district!
INFO [2024-10-07 16:15:40] [MAIN] - Done adding districts! (run time : 0.86s).

INFO [2024-10-07 16:15:40] [MAIN] - Adding load data...

INFO [2024-10-07 16:15:42] [LOAD] - Adding eu-che load data...
INFO [2024-10-07 16:15:42] [LOAD] - Adding eu-deu load data...
INFO [2024-10-07 16:15:42] [LOAD] - Adding eu-fra load data...
INFO [2024-10-07 16:15:42] [MAIN] - Done adding load data! (run time : 2s).

INFO [2024-10-07 16:15:42] [MAIN] - Fetching wind data...

INFO [2024-10-07 16:15:42] [WIND] - Adding eu-che aggregated wind data...
INFO [2024-10-07 16:15:42] [WIND] - Adding eu-deu aggregated wind data...
INFO [2024-10-07 16:15:42] [WIND] - Adding eu-fra aggregated wind data...
INFO [2024-10-07 16:15:42] [WIND] - Saving aggregated wind data to output folder...
INFO [2024-10-07 16:15:42] [WARN] - The following generators have Ninja timeseries, but no PLEXOS properties: afg_win_capacity scaler, ago_win_capacity scaler, alb_win_capacity scaler, are_win_capacity scaler, arm_win_capacity scaler, chn-be_win_capacity scaler, chn-ch_win_capacity scaler, chn-hk_win_capacity scaler, chn-ma_win_capacity scaler, chn-ti_win_capacity scaler, ind-ea_win_capacity scaler, ind-ne_win_capacity scaler, jpn-ho_win_capacity scaler, jpn-ky_win_capacity scaler, jpn-ok_win_capacity scaler, rus-ce_win_capacity scaler, rus-fe_win_capacity scaler, rus-mv_win_capacity scaler, rus-nw_win_capacity scaler, rus-si_win_capacity scaler, rus-so_win_capacity scaler, rus-ur_win_capacity scaler, ata_win_capacity scaler, aze_win_capacity scaler, bdi_win_capacity scaler, ben_win_capacity scaler, bfa_win_capacity scaler, bgd_win_capacity scaler, bhr_win_capacity scaler, bih_win_capacity scaler, blr_win_capacity scaler, bol_win_capacity scaler, brn_win_capacity scaler, btn_win_capacity scaler, bwa_win_capacity scaler, caf_win_capacity scaler, civ_win_capacity scaler, cmr_win_capacity scaler, cod_win_capacity scaler, cog_win_capacity scaler, cub_win_capacity scaler, dji_win_capacity scaler, dza_win_capacity scaler, eri_win_capacity scaler, esh_win_capacity scaler, fji_win_capacity scaler, gab_win_capacity scaler, gbr_win_capacity scaler, geo_win_capacity scaler, gha_win_capacity scaler, gin_win_capacity scaler, gmb_win_capacity scaler, gnb_win_capacity scaler, gnq_win_capacity scaler, gtm_win_capacity scaler, guf_win_capacity scaler, idn_win_capacity scaler, irq_win_capacity scaler, isl_win_capacity scaler, isr_win_capacity scaler, jam_win_capacity scaler, ken_win_capacity scaler, kgz_win_capacity scaler, khm_win_capacity scaler, kos_win_capacity scaler, kwt_win_capacity scaler, lao_win_capacity scaler, lbn_win_capacity scaler, lbr_win_capacity scaler, lby_win_capacity scaler, lka_win_capacity scaler, lso_win_capacity scaler, mda_win_capacity scaler, mdg_win_capacity scaler, mkd_win_capacity scaler, mli_win_capacity scaler, mmr_win_capacity scaler, mne_win_capacity scaler, mng_win_capacity scaler, moz_win_capacity scaler, mrt_win_capacity scaler, mus_win_capacity scaler, mwi_win_capacity scaler, mys_win_capacity scaler, can-ab_win_capacity scaler, can-ar_win_capacity scaler, can-bc_win_capacity scaler, can-mb_win_capacity scaler, can-nl_win_capacity scaler, can-no_win_capacity scaler, can-on_win_capacity scaler, can-qc_win_capacity scaler, can-sk_win_capacity scaler, nam_win_capacity scaler, usa-ak_win_capacity scaler, usa-fr_win_capacity scaler, usa-gu_win_capacity scaler, usa-ha_win_capacity scaler, usa-me_win_capacity scaler, usa-pr_win_capacity scaler, usa-sa_win_capacity scaler, usa-sc_win_capacity scaler, usa-se_win_capacity scaler, usa-sv_win_capacity scaler, ner_win_capacity scaler, nga_win_capacity scaler, npl_win_capacity scaler, aus-nt_win_capacity scaler, aus-ql_win_capacity scaler, aus-sa_win_capacity scaler, aus-sw_win_capacity scaler, aus-ta_win_capacity scaler, aus-vi_win_capacity scaler, aus-wa_win_capacity scaler, omn_win_capacity scaler, pak_win_capacity scaler, png_win_capacity scaler, prk_win_capacity scaler, prt_win_capacity scaler, pry_win_capacity scaler, qat_win_capacity scaler, rwa_win_capacity scaler, bra-cn_win_capacity scaler, bra-cw_win_capacity scaler, bra-nw_win_capacity scaler, bra-se_win_capacity scaler, bra-we_win_capacity scaler, sau_win_capacity scaler, sdn_win_capacity scaler, sen_win_capacity scaler, sgp_win_capacity scaler, sle_win_capacity scaler, slv_win_capacity scaler, srb_win_capacity scaler, svk_win_capacity scaler, svn_win_capacity scaler, swz_win_capacity scaler, syr_win_capacity scaler, tgo_win_capacity scaler, tha_win_capacity scaler, tjk_win_capacity scaler, tkm_win_capacity scaler, tto_win_capacity scaler, tza_win_capacity scaler, uga_win_capacity scaler, ury_win_capacity scaler, uzb_win_capacity scaler, yem_win_capacity scaler, zaf_win_capacity scaler, zmb_win_capacity scaler, zwe_win_capacity scaler
INFO [2024-10-07 16:15:42] [WARN] - Nominal capacities are unknown, so they cannot be imported into the simulation.
INFO [2024-10-07 16:15:52] [WIND] - Done saving aggregated wind data to output folder!
INFO [2024-10-07 16:15:52] [MAIN] - Done adding wind data! (run time : 9.74s).

INFO [2024-10-07 16:15:52] [MAIN] - Fetching solar data...

INFO [2024-10-07 16:15:52] [SOLAR] - Adding eu-che aggregated solar data...
INFO [2024-10-07 16:15:52] [SOLAR] - Adding eu-deu aggregated solar data...
INFO [2024-10-07 16:15:52] [SOLAR] - Adding eu-fra aggregated solar data...
INFO [2024-10-07 16:15:52] [MAIN] - Done adding solar data! (run time : 0.59s).

INFO [2024-10-07 16:15:53] [MAIN] - Beginning hydro implementation...
INFO [2024-10-07 16:15:54] [HYDRO] - Initializing eu-che hydro parameters...
INFO [2024-10-07 16:15:55] [HYDRO] - Adding eu-che max power timeseries...
INFO [2024-10-07 16:15:55] [HYDRO] - Adding eu-che hydro profiles...
INFO [2024-10-07 16:15:56] [HYDRO] - Initializing eu-deu hydro parameters...
INFO [2024-10-07 16:15:56] [HYDRO] - Adding eu-deu max power timeseries...
INFO [2024-10-07 16:15:57] [HYDRO] - Adding eu-deu hydro profiles...
INFO [2024-10-07 16:15:58] [HYDRO] - Initializing eu-fra hydro parameters...
INFO [2024-10-07 16:15:58] [HYDRO] - Adding eu-fra max power timeseries...
INFO [2024-10-07 16:15:59] [HYDRO] - Adding eu-fra hydro profiles...
INFO [2024-10-07 16:15:59] [MAIN] - Done adding hydro!
INFO [2024-10-07 16:15:59] [MAIN] - Fetching thermal data...
INFO [2024-10-07 16:16:00] [THERMAL] - Aggregating identical generators...
INFO [2024-10-07 16:16:00] [CLUSTERING] - Aggregated functionally identical generators (same nominal capacity) together!
INFO [2024-10-07 16:16:01] [THERMAL] - Running 20-clustering algorithm on generators...
INFO [2024-10-07 16:16:01] [CLUSTERING] - Clustered the similar generators deu_gas_gtkwdarmstadt11128_heizkraftwerkk11271_heizkraftwerk_adsanlage10872_kraftwerkplatt11408_hkwwest11235_gud11168_heizkraftwerkh11268_obernburg11543_kwh11352 into one generator : deu_gas_gtkwdarmstadt11128_heizkraftwerkk11271_heizkraftwerk
INFO [2024-10-07 16:16:01] [CLUSTERING] - Clustered the similar generators deu_gas_hkwhelmshge11190_kesselhauszuck11373_heizkraftwerke11265_hkwmerheim11217_hkwmerkenich1121_bhkwh_12010908_gudkraftwerk11181_heizkraftwerk411261_heizkraftwerkz11282_kwkanlagebar_fskarton11105_hkwgttingen11207_naturalgastur11504_si_naturalgastur11501_werkskraftwerk11804_bochum10983_energiezentrum11092_heizkraftwerkb11264_heizkraftwer_heizkraftwerk111258_hkw111191_hkwschwerinla11230_nat into one generator : deu_gas_hkwhelmshge11190_kesselhauszuck11373_heizkraftwerke1
INFO [2024-10-07 16:16:01] [CLUSTERING] - Clustered the similar generators deu_gas_kessel211371_erweiterungene11099_bhkwanklinker10911_bhkwhauffstra10912_heizkraftwerk5_biomassgenerat10958_energiezentrale11090_energiezent_cogeneration11014_hkwkarcherstr_11215_industriekraft_bhkw10907_bhkwludwigshaf10909_bhkwoberevieh10910_ghd_eggerkraftwerk11073_hkwbohrhgel11197_kwkanlagekref11 into one generator : deu_gas_kessel211371_erweiterungene11099_bhkwanklinker10911_
INFO [2024-10-07 16:16:01] [CLUSTERING] - Clustered the similar generators deu_gas_gersteinwerk11141_gemeinschaftskr11138_rheinhafendamp11618 into one generator : deu_gas_gersteinwerk11141_gemeinschaftskr11138_rheinhafendam
INFO [2024-10-07 16:16:01] [CLUSTERING] - Clustered the similar generators deu_gas_heizkraftwerka11263_hkw3upmschong11242_bpwerklingen10921_industriekraftw11331 into one generator : deu_gas_heizkraftwerka11263_hkw3upmschong11242_bpwerklingen1
INFO [2024-10-07 16:16:01] [CLUSTERING] - Clustered the similar generators deu_gas_heizkraftwerkg11267_ahrensfelde10881_hkwsandreuth11228_heizkraftwerk211259 into one generator : deu_gas_heizkraftwerkg11267_ahrensfelde10881_hkwsandreuth112
INFO [2024-10-07 16:16:01] [CLUSTERING] - Clustered the similar generators deu_gas_sddt111723_hkwbarmen11196_hkwpotsdams11225_holthausen11299 into one generator : deu_gas_sddt111723_hkwbarmen11196_hkwpotsdams11225_holthause
INFO [2024-10-07 16:16:01] [CLUSTERING] - Clustered the similar generators deu_gas_kwkirchlengern11345_hkwniehl211221_lichterfelde11438_kraftwerkmainz11403_naturalgastur11503_mitte11480_sdgt6111725_gkl11124_heizkraftwerkh11269 into one generator : deu_gas_kwkirchlengern11345_hkwniehl211221_lichterfelde11438
INFO [2024-10-07 16:16:01] [CLUSTERING] - Clustered the similar generators deu_gas_gudschwarzheid11175_heizkraftwerke11283_hkwniederrad11220_gudtiefstack11176_sddt6011724_gudikwstafu11180_ilkgud11320_hkwmitte11239_kraftwerkiii11401 into one generator : deu_gas_gudschwarzheid11175_heizkraftwerke11283_hkwniederrad
INFO [2024-10-07 16:16:01] [CLUSTERING] - Clustered the similar generators deu_gas_dormagen11044_naturalgasbloc11508_thyrow11738_huckingen11302_knapsacknatura11383_duisburgruhror11050_charlottenburg11010_huntorf11306 into one generator : deu_gas_dormagen11044_naturalgasbloc11508_thyrow11738_huckin
INFO [2024-10-07 16:16:01] [CLUSTERING] - Clustered the similar generators deu_gas_emsland11088_capacityscaler_duisburghambor11049_kraftwerksd11411 into one generator : deu_gas_emsland11088_capacityscaler_duisburghambor11049_kraf
INFO [2024-10-07 16:16:01] [CLUSTERING] - Clustered the similar generators deu_gas_hbb11188_ineoskraftwerk11321_hkw211193_hkwnord11240_dortmund11046_kwkanlagekref11357_hkwfreiberg11206_hkwschwarza11229_ihkwheidenheim1131_naturalgastur11500_hkwerlangenn11204_naturalgastur11505_upmaugsburg1175_hkw1werkoffs11192_hkwhumboldtstr11210_kwkaosgmbh11353 into one generator : deu_gas_hbb11188_ineoskraftwerk11321_hkw211193_hkwnord11240_
INFO [2024-10-07 16:16:01] [CLUSTERING] - Clustered the similar generators deu_gas_gudbitterfeld11171_gudmarienehe11174_hkwmerkenich11219_hkwerfurtost11202_wintershall11830_gudanlagers11178 into one generator : deu_gas_gudbitterfeld11171_gudmarienehe11174_hkwmerkenich112
INFO [2024-10-07 16:16:01] [CLUSTERING] - Clustered the similar generators deu_gas_raganthraziti11596_evcglobalfou11064_kraftwerk211393_unterbreizbach1176_hkwsdstadt11232_hkwbrandenburg11198_hkwpfaffenwald11224_naturalgastu_heizkraftwerkw11280_gudkraftwerkh11172_industriekraftw11333_naturalgasu_11507_kraftwerkgrenz11398_spitzenlastkraf11705 into one generator : deu_gas_raganthraziti11596_evcglobalfou11064_kraftwerk211393
INFO [2024-10-07 16:16:01] [CLUSTERING] - Clustered the similar generators deu_gas_kraftwerkmitte11405_hkwhalletroth11208_hkwdresdennos11200_franken111114_hkwiiib11212_trianelnatural11743 into one generator : deu_gas_kraftwerkmitte11405_hkwhalletroth11208_hkwdresdennos
INFO [2024-10-07 16:16:01] [CLUSTERING] - Clustered the similar generators deu_gas_hkwfennegrub11205_hkwhiltrop11209_hkwschwerins11231_naturalgaskraf11509_gudanlage11177_kombikraftwerk11389_industrieparkw11335_emdennaturalg11086_kombihkw11388 into one generator : deu_gas_hkwfennegrub11205_hkwhiltrop11209_hkwschwerins11231_
INFO [2024-10-07 16:16:01] [CLUSTERING] - Clustered the similar generators deu_gas_gudleuna11173_hattorf11252_naturalgastur11506_zielit_heizkraftwerkp11276_hkwchemnitzn11199_hkweltmann11201_hkwwrth11238_gudanlagewvk11169_pkvkraftwerk11563 into one generator : deu_gas_gudleuna11173_hattorf11252_naturalgastur11506_zielit
INFO [2024-10-07 16:16:01] [CLUSTERING] - Clustered the similar generators deu_coa_buerpowerstat11001_cottbuschppow11019_colognemerkeni11018_industriekraft11330 into one generator : deu_coa_buerpowerstat11001_cottbuschppow11019_colognemerkeni
INFO [2024-10-07 16:16:01] [CLUSTERING] - Clustered the similar generators deu_coa_heizkraftwerkf11266_dessaupowerst11037_grubenheizkraft11165_huerthville11303 into one generator : deu_coa_heizkraftwerkf11266_dessaupowerst11037_grubenheizkra
INFO [2024-10-07 16:16:01] [CLUSTERING] - Clustered the similar generators deu_coa_heizkraftwerks11279_heizkraftwerkd11281_plwerkjlic11558_kraftwerkl5711402_pforzheimpower11577_hkwsachtleben11226_waehlitzpower11778_fkk11104 into one generator : deu_coa_heizkraftwerks11279_heizkraftwerkd11281_plwerkjlic11
INFO [2024-10-07 16:16:01] [CLUSTERING] - Clustered the similar generators deu_coa_frimmersdorfpo11118_berlinreuterw10940_staudingerpowe11709 into one generator : deu_coa_frimmersdorfpo11118_berlinreuterw10940_staudingerpow
INFO [2024-10-07 16:16:01] [CLUSTERING] - Clustered the similar generators deu_coa_tiefstackpower11739_flensburgpower11111_kraftwerkensdo11396_hkwnordwest11223_heizkraftwerk311260_kwwest11350_hafenpowersta11244_weiher11796 into one generator : deu_coa_tiefstackpower11739_flensburgpower11111_kraftwerkens
INFO [2024-10-07 16:16:01] [CLUSTERING] - Clustered the similar generators deu_coa_kraftwerkwerdo11414_stuttgartmuens11720_kielpowerstat11374_klingenberg11380_nord211529_bremenfargepo10995_buschhauspower11002_modellkraftwerk11483 into one generator : deu_coa_kraftwerkwerdo11414_stuttgartmuens11720_kielpowersta
INFO [2024-10-07 16:16:01] [CLUSTERING] - Clustered the similar generators deu_coa_braunkohlekraft10993_heydenpowerst11292_lippendorfpo_neurathpowers11521_kraftwerkii11400 into one generator : deu_coa_braunkohlekraft10993_heydenpowerst11292_lippendorfpo
INFO [2024-10-07 16:16:01] [CLUSTERING] - Clustered the similar generators deu_coa_ibbenbrenbp11323_hamburgmoorbur11247_walheimpowers11787_gkhhannoverpo11123 into one generator : deu_coa_ibbenbrenbp11323_hamburgmoorbur11247_walheimpowers11
INFO [2024-10-07 16:16:01] [CLUSTERING] - Clustered the similar generators deu_coa_kwm11360_scholvenpower11669_lnenpowerst11449_bergkamenpower10936_kraftwerkbexba11395_hernepowersta11288 into one generator : deu_coa_kwm11360_scholvenpower11669_lnenpowerst11449_bergkam
INFO [2024-10-07 16:16:01] [CLUSTERING] - Clustered the similar generators deu_coa_wachtbergpower11777_hastedtpowers11251_hkwwest11234_berlinreuterp10939_chemieparkmarl11011_hkwwest11233 into one generator : deu_coa_wachtbergpower11777_hastedtpowers11251_hkwwest11234_
INFO [2024-10-07 16:16:01] [CLUSTERING] - Clustered the similar generators deu_coa_wuppertalelber11838_deubenpowerst11040_berlinmoabitp10938 into one generator : deu_coa_wuppertalelber11838_deubenpowerst11040_berlinmoabitp
INFO [2024-10-07 16:16:01] [CLUSTERING] - Clustered the similar generators deu_coa_altbachpowers10887_rostockpowers11638_rheinhafendamp11617_heilbronnpower11255_wedelpowersta11793_westfalen11811 into one generator : deu_coa_altbachpowers10887_rostockpowers11638_rheinhafendamp
INFO [2024-10-07 16:16:01] [CLUSTERING] - Clustered the similar generators deu_coa_kessel411372_kraftwerk11391_hkwkarcherstr_11214_kohlekraftwerk11387_fortunanord11113_plwerkeuskir11557_hkwerlangenc11203_coalplant111015_coalplant211016_ez111066_renodemedici11608_plwerkknne11559_heizkraftwerkm11274 into one generator : deu_coa_kessel411372_kraftwerk11391_hkwkarcherstr_11214_kohl
INFO [2024-10-07 16:16:01] [CLUSTERING] - Clustered the similar generators deu_was_eewenergyfrom11059_eewgrorsch11060_turbosatz111747_gks11126_mvaweisweiler11463_mvrmllverwer11464_remond_sitaabfallverw11649_mvaingolstadt11462 into one generator : deu_was_eewenergyfrom11059_eewgrorsch11060_turbosatz111747_g
INFO [2024-10-07 16:16:01] [CLUSTERING] - Clustered the similar generators deu_bio_biomassgenerat10962_biomasseheizkra10973_eewgppingen_biomassgenerat10965_biomassgenerat10967_bkf10913_hei_biohkwi10947_biomassgenerat10948_biomassgenerat10959 into one generator : deu_bio_biomassgenerat10962_biomasseheizkra10973_eewgppingen
INFO [2024-10-07 16:16:01] [CLUSTERING] - Clustered the similar generators deu_bio_wibiebrich11814_enertechameln11093_ebkwknapsack11055_kwhafen11344_mkvakrefeld11458_trea_mvabielefeld11460 into one generator : deu_bio_wibiebrich11814_enertechameln11093_ebkwknapsack11055
INFO [2024-10-07 16:16:01] [CLUSTERING] - Clustered the similar generators deu_bio_biohkwherbrec10945_biomassgenerat10968_bmhkwrereckli_bmhkwbinderhol10914_eve11065_mhkwpirmasens11456_mllh into one generator : deu_bio_biohkwherbrec10945_biomassgenerat10968_bmhkwrereckli
INFO [2024-10-07 16:16:01] [CLUSTERING] - Clustered the similar generators deu_bio_biomassgenerat10969_energieanlage311089_hamburgerrie_biomasseverstr10971_biomassgenerat10956_biomassgener_werkskraftwerk11805_abfallentsorgun10878 into one generator : deu_bio_biomassgenerat10969_energieanlage311089_hamburgerrie
INFO [2024-10-07 16:16:01] [CLUSTERING] - Clustered the similar generators deu_was_biomassgenerat10951_mhkwwkw11452_biomasseheizkr10970_biomassgenerat10954_biomassgener into one generator : deu_was_biomassgenerat10951_mhkwwkw11452_biomasseheizkr10970
INFO [2024-10-07 16:16:01] [CLUSTERING] - Clustered the similar generators deu_bio_bmkwknigswu10919_hhkwberlinneu11189_werkskraftwerk11_bioenergiepark10946_biomasseheizkra10972_biomassekra into one generator : deu_bio_bmkwknigswu10919_hhkwberlinneu11189_werkskraftwerk11
INFO [2024-10-07 16:16:01] [CLUSTERING] - Clustered the similar generators deu_was_mhkwrothensee11457_scamannheim11648_gmvaniederrhei11127 into one generator : deu_was_mhkwrothensee11457_scamannheim11648_gmvaniederrhei11
INFO [2024-10-07 16:16:01] [CLUSTERING] - Clustered the similar generators deu_bio_biomassgenerat10953_fhkwludwigshaf11103_kraftwerkschwe11410 into one generator : deu_bio_biomassgenerat10953_fhkwludwigshaf11103_kraftwerksch
INFO [2024-10-07 16:16:01] [CLUSTERING] - Clustered the similar generators fra_bio_allemant8850_amanvillers8862_auch8917_bimont9017_bor_bailleulsurth8957_barsuraube8965_benet8996_bnac9102_ into one generator : fra_bio_allemant8850_amanvillers8862_auch8917_bimont9017_bor
INFO [2024-10-07 16:16:01] [CLUSTERING] - Clustered the similar generators fra_bio_argenteuil8892_chambry9191_antibes8878_mdamill9926_nmes10077 into one generator : fra_bio_argenteuil8892_chambry9191_antibes8878_mdamill9926_n
INFO [2024-10-07 16:16:01] [THERMAL] - Done running 20-clustering algorithm on generators!

INFO [2024-10-07 16:16:01] [THERMAL] - Adding che_gas_capacityscaler generator to eu-che node...
INFO [2024-10-07 16:16:01] [THERMAL] - Adding che_coa_capacityscaler generator to eu-che node...
INFO [2024-10-07 16:16:01] [THERMAL] - Adding che_bio_capacityscaler generator to eu-che node...
INFO [2024-10-07 16:16:01] [THERMAL] - Adding che_nuc_kernkraftwerkb17760 generator to eu-che node...
INFO [2024-10-07 16:16:01] [THERMAL] - Adding che_nuc_kernkraftwerkm17763 generator to eu-che node...
INFO [2024-10-07 16:16:01] [THERMAL] - Adding che_nuc_kernkraftwerkl17762 generator to eu-che node...
INFO [2024-10-07 16:16:02] [THERMAL] - Adding che_nuc_kernkraftwerkg17761 generator to eu-che node...
INFO [2024-10-07 16:16:02] [THERMAL] - Adding che_oil_capacityscaler generator to eu-che node...
INFO [2024-10-07 16:16:02] [THERMAL] - Adding deu_gas_gtkwdarmstadt11128_heizkraftwerkk11271_heizkraftwerk generator to eu-deu node...
INFO [2024-10-07 16:16:02] [THERMAL] - Adding deu_gas_hkwhelmshge11190_kesselhauszuck11373_heizkraftwerke1 generator to eu-deu node...
INFO [2024-10-07 16:16:02] [THERMAL] - Adding deu_gas_kessel211371_erweiterungene11099_bhkwanklinker10911_ generator to eu-deu node...
INFO [2024-10-07 16:16:02] [THERMAL] - Adding deu_gas_gersteinwerk11141_gemeinschaftskr11138_rheinhafendam generator to eu-deu node...
INFO [2024-10-07 16:16:02] [THERMAL] - Adding deu_gas_kirchmser11375_heizkraftwerkl11273 generator to eu-deu node...
INFO [2024-10-07 16:16:02] [THERMAL] - Adding deu_gas_heizkraftwerka11263_hkw3upmschong11242_bpwerklingen1 generator to eu-deu node...
INFO [2024-10-07 16:16:02] [THERMAL] - Adding deu_gas_dowstade11047_dampfkraftwerk11027_hkwjena11213 generator to eu-deu node...
INFO [2024-10-07 16:16:02] [THERMAL] - Adding deu_gas_heizkraftwerkg11267_ahrensfelde10881_hkwsandreuth112 generator to eu-deu node...
INFO [2024-10-07 16:16:02] [THERMAL] - Adding deu_gas_sddt111723_hkwbarmen11196_hkwpotsdams11225_holthause generator to eu-deu node...
INFO [2024-10-07 16:16:02] [THERMAL] - Adding deu_gas_kwkirchlengern11345_hkwniehl211221_lichterfelde11438 generator to eu-deu node...
INFO [2024-10-07 16:16:02] [THERMAL] - Adding deu_gas_gudschwarzheid11175_heizkraftwerke11283_hkwniederrad generator to eu-deu node...
INFO [2024-10-07 16:16:03] [THERMAL] - Adding deu_gas_dormagen11044_naturalgasbloc11508_thyrow11738_huckin generator to eu-deu node...
INFO [2024-10-07 16:16:03] [THERMAL] - Adding deu_gas_emsland11088_capacityscaler_duisburghambor11049_kraf generator to eu-deu node...
INFO [2024-10-07 16:16:03] [THERMAL] - Adding deu_gas_hbb11188_ineoskraftwerk11321_hkw211193_hkwnord11240_ generator to eu-deu node...
INFO [2024-10-07 16:16:03] [THERMAL] - Adding deu_gas_gudbitterfeld11171_gudmarienehe11174_hkwmerkenich112 generator to eu-deu node...
INFO [2024-10-07 16:16:03] [THERMAL] - Adding deu_gas_raganthraziti11596_evcglobalfou11064_kraftwerk211393 generator to eu-deu node...
INFO [2024-10-07 16:16:03] [THERMAL] - Adding deu_gas_gudhkwneubran11179_gudbaunatalv11170 generator to eu-deu node...
INFO [2024-10-07 16:16:03] [THERMAL] - Adding deu_gas_kraftwerkmitte11405_hkwhalletroth11208_hkwdresdennos generator to eu-deu node...
INFO [2024-10-07 16:16:03] [THERMAL] - Adding deu_gas_hkwfennegrub11205_hkwhiltrop11209_hkwschwerins11231_ generator to eu-deu node...
INFO [2024-10-07 16:16:03] [THERMAL] - Adding deu_gas_gudleuna11173_hattorf11252_naturalgastur11506_zielit generator to eu-deu node...
INFO [2024-10-07 16:16:03] [THERMAL] - Adding deu_coa_trianelkohlekr11742_wilhelmshavenp11817 generator to eu-deu node...
INFO [2024-10-07 16:16:03] [THERMAL] - Adding deu_coa_buerpowerstat11001_cottbuschppow11019_colognemerkeni generator to eu-deu node...
INFO [2024-10-07 16:16:04] [THERMAL] - Adding deu_coa_heizkraftwerkf11266_dessaupowerst11037_grubenheizkra generator to eu-deu node...
INFO [2024-10-07 16:16:04] [THERMAL] - Adding deu_coa_boa210982_kwwalsum11349_schkopaupower11665_schwarzep generator to eu-deu node...
INFO [2024-10-07 16:16:04] [THERMAL] - Adding deu_coa_hkwoffenbachp11295_chemnitznordp11012_hkwnord11222 generator to eu-deu node...
INFO [2024-10-07 16:16:04] [THERMAL] - Adding deu_coa_heizkraftwerks11279_heizkraftwerkd11281_plwerkjlic11 generator to eu-deu node...
INFO [2024-10-07 16:16:04] [THERMAL] - Adding deu_coa_kwvoerde11348_janschwaldepow11338_gkmmannheim11125 generator to eu-deu node...
INFO [2024-10-07 16:16:04] [THERMAL] - Adding deu_coa_frimmersdorfpo11118_berlinreuterw10940_staudingerpow generator to eu-deu node...
INFO [2024-10-07 16:16:04] [THERMAL] - Adding deu_coa_tiefstackpower11739_flensburgpower11111_kraftwerkens generator to eu-deu node...
INFO [2024-10-07 16:16:04] [THERMAL] - Adding deu_coa_niederaussempo11527_boxbergpowers10989 generator to eu-deu node...
INFO [2024-10-07 16:16:04] [THERMAL] - Adding deu_coa_kraftwerkwerdo11414_stuttgartmuens11720_kielpowersta generator to eu-deu node...
INFO [2024-10-07 16:16:05] [THERMAL] - Adding deu_coa_braunkohlekraft10993_heydenpowerst11292_lippendorfpo generator to eu-deu node...
INFO [2024-10-07 16:16:05] [THERMAL] - Adding deu_coa_ibbenbrenbp11323_hamburgmoorbur11247_walheimpowers11 generator to eu-deu node...
INFO [2024-10-07 16:16:05] [THERMAL] - Adding deu_coa_kwm11360_scholvenpower11669_lnenpowerst11449_bergkam generator to eu-deu node...
INFO [2024-10-07 16:16:05] [THERMAL] - Adding deu_coa_wachtbergpower11777_hastedtpowers11251_hkwwest11234_ generator to eu-deu node...
INFO [2024-10-07 16:16:05] [THERMAL] - Adding deu_coa_gkraftwerk11121_kraftwerkn23011406 generator to eu-deu node...
INFO [2024-10-07 16:16:05] [THERMAL] - Adding deu_coa_hkwi11211 generator to eu-deu node...
INFO [2024-10-07 16:16:05] [THERMAL] - Adding deu_coa_wuppertalelber11838_deubenpowerst11040_berlinmoabitp generator to eu-deu node...
INFO [2024-10-07 16:16:05] [THERMAL] - Adding deu_coa_altbachpowers10887_rostockpowers11638_rheinhafendamp generator to eu-deu node...
INFO [2024-10-07 16:16:06] [THERMAL] - Adding deu_coa_kessel411372_kraftwerk11391_hkwkarcherstr_11214_kohl generator to eu-deu node...
INFO [2024-10-07 16:16:06] [THERMAL] - Adding deu_was_eewenergyfrom11059_eewgrorsch11060_turbosatz111747_g generator to eu-deu node...
INFO [2024-10-07 16:16:06] [THERMAL] - Adding deu_bio_zellstoffstend11847 generator to eu-deu node...
INFO [2024-10-07 16:16:06] [THERMAL] - Adding deu_bio_biomassgenerat10962_biomasseheizkra10973_eewgppingen generator to eu-deu node...
INFO [2024-10-07 16:16:06] [THERMAL] - Adding deu_was_dampfturbinenan11028_reuterwastefa11615 generator to eu-deu node...
INFO [2024-10-07 16:16:06] [THERMAL] - Adding deu_was_mhkwfrankfurt11454_storaensomaxa11716 generator to eu-deu node...
INFO [2024-10-07 16:16:06] [THERMAL] - Adding deu_bio_zollingpowers11851_capacityscaler generator to eu-deu node...
INFO [2024-10-07 16:16:06] [THERMAL] - Adding deu_bio_wibiebrich11814_enertechameln11093_ebkwknapsack11055 generator to eu-deu node...
INFO [2024-10-07 16:16:07] [THERMAL] - Adding deu_bio_biohkwherbrec10945_biomassgenerat10968_bmhkwrereckli generator to eu-deu node...
INFO [2024-10-07 16:16:07] [THERMAL] - Adding deu_bio_biomassgenerat10969_energieanlage311089_hamburgerrie generator to eu-deu node...
INFO [2024-10-07 16:16:07] [THERMAL] - Adding deu_bio_biomassgenerat10957_kwkneumarkt11355_utb11756_avavel generator to eu-deu node...
INFO [2024-10-07 16:16:07] [THERMAL] - Adding deu_was_biomassgenerat10951_mhkwwkw11452_biomasseheizkr10970 generator to eu-deu node...
INFO [2024-10-07 16:16:07] [THERMAL] - Adding deu_was_mhkw11451_hkwmannheim11216_rmvakln11598 generator to eu-deu node...
INFO [2024-10-07 16:16:07] [THERMAL] - Adding deu_bio_biomassgenerat10961_dt11026_mllkraftwerk11494 generator to eu-deu node...
INFO [2024-10-07 16:16:07] [THERMAL] - Adding deu_was_karnap11365_trvbuschhaus11728 generator to eu-deu node...
INFO [2024-10-07 16:16:08] [THERMAL] - Adding deu_bio_bmkwknigswu10919_hhkwberlinneu11189_werkskraftwerk11 generator to eu-deu node...
INFO [2024-10-07 16:16:08] [THERMAL] - Adding deu_bio_biomassgenerat10955 generator to eu-deu node...
INFO [2024-10-07 16:16:08] [THERMAL] - Adding deu_was_mhkwrothensee11457_scamannheim11648_gmvaniederrhei11 generator to eu-deu node...
INFO [2024-10-07 16:16:08] [THERMAL] - Adding deu_bio_biomassgenerat10953_fhkwludwigshaf11103_kraftwerksch generator to eu-deu node...
INFO [2024-10-07 16:16:08] [THERMAL] - Adding deu_bio_blockheizkraftw10981_zwsf11844 generator to eu-deu node...
INFO [2024-10-07 16:16:08] [THERMAL] - Adding deu_was_ikwrdersdorf11318_mllheizkraftw11493_rzrhertenii1159 generator to eu-deu node...
INFO [2024-10-07 16:16:08] [THERMAL] - Adding deu_nuc_grohnde11162 generator to eu-deu node...
INFO [2024-10-07 16:16:08] [THERMAL] - Adding deu_nuc_neckarwestheim11499 generator to eu-deu node...
INFO [2024-10-07 16:16:09] [THERMAL] - Adding deu_nuc_emsland11062 generator to eu-deu node...
INFO [2024-10-07 16:16:09] [THERMAL] - Adding deu_nuc_philippsburg211562 generator to eu-deu node...
INFO [2024-10-07 16:16:09] [THERMAL] - Adding deu_nuc_brokdorf10922 generator to eu-deu node...
INFO [2024-10-07 16:16:09] [THERMAL] - Adding deu_nuc_isar211322 generator to eu-deu node...
INFO [2024-10-07 16:16:09] [THERMAL] - Adding deu_nuc_kernkraftgundr11370 generator to eu-deu node...
INFO [2024-10-07 16:16:09] [THERMAL] - Adding deu_oil_itzehoe11337 generator to eu-deu node...
INFO [2024-10-07 16:16:09] [THERMAL] - Adding deu_oil_ikspckschwedt11316 generator to eu-deu node...
INFO [2024-10-07 16:16:10] [THERMAL] - Adding deu_oil_brunsbttel11000 generator to eu-deu node...
INFO [2024-10-07 16:16:10] [THERMAL] - Adding deu_oil_dkwleinau11024_dkwnord11025_skwdiesel11650 generator to eu-deu node...
INFO [2024-10-07 16:16:10] [THERMAL] - Adding deu_oil_eev11058 generator to eu-deu node...
INFO [2024-10-07 16:16:10] [THERMAL] - Adding deu_oil_wilmersdorf11818_capacityscaler generator to eu-deu node...
INFO [2024-10-07 16:16:10] [THERMAL] - Adding deu_oil_audorf10902 generator to eu-deu node...
INFO [2024-10-07 16:16:10] [THERMAL] - Adding deu_oil_raffineriekraft11602 generator to eu-deu node...
INFO [2024-10-07 16:16:10] [THERMAL] - Adding deu_oil_spitzenlastkraf11704 generator to eu-deu node...
INFO [2024-10-07 16:16:11] [THERMAL] - Adding deu_oil_kraftwerkhaush11399_raffineriekraft11601 generator to eu-deu node...
INFO [2024-10-07 16:16:11] [THERMAL] - Adding deu_oil_kraftwerkwalhe11413 generator to eu-deu node...
INFO [2024-10-07 16:16:11] [THERMAL] - Adding deu_oil_kraftwerk11392 generator to eu-deu node...
INFO [2024-10-07 16:16:11] [THERMAL] - Adding deu_oil_spitzenlastkraf11703 generator to eu-deu node...
INFO [2024-10-07 16:16:11] [THERMAL] - Adding deu_oil_wilhelmshaven11816_spitzenlastanla11702 generator to eu-deu node...
INFO [2024-10-07 16:16:11] [THERMAL] - Adding deu_oil_moabitoil11482 generator to eu-deu node...
INFO [2024-10-07 16:16:12] [THERMAL] - Adding deu_oil_miro11477 generator to eu-deu node...
INFO [2024-10-07 16:16:12] [THERMAL] - Adding deu_oil_wedel11792 generator to eu-deu node...
INFO [2024-10-07 16:16:12] [THERMAL] - Adding deu_oil_kraftwerkfulda11397 generator to eu-deu node...
INFO [2024-10-07 16:16:12] [THERMAL] - Adding deu_oil_kwmittelsbre11346 generator to eu-deu node...
INFO [2024-10-07 16:16:12] [THERMAL] - Adding deu_oil_skwnaturalgas11651 generator to eu-deu node...
INFO [2024-10-07 16:16:12] [THERMAL] - Adding deu_geo_capacityscaler generator to eu-deu node...
INFO [2024-10-07 16:16:13] [THERMAL] - Adding deu_wav_capacityscaler generator to eu-deu node...
INFO [2024-10-07 16:16:13] [THERMAL] - Adding deu_oth_ilkekt11319 generator to eu-deu node...
INFO [2024-10-07 16:16:13] [THERMAL] - Adding deu_oth_biomassgenerat10952 generator to eu-deu node...
INFO [2024-10-07 16:16:13] [THERMAL] - Adding deu_oth_hkwwest11236 generator to eu-deu node...
INFO [2024-10-07 16:16:13] [THERMAL] - Adding deu_oth_dkkraftwerk11023 generator to eu-deu node...
INFO [2024-10-07 16:16:13] [THERMAL] - Adding deu_oth_ebsheizkraftwe11057 generator to eu-deu node...
INFO [2024-10-07 16:16:14] [THERMAL] - Adding deu_oth_oxeagmbh11555 generator to eu-deu node...
INFO [2024-10-07 16:16:14] [THERMAL] - Adding deu_oth_kraftwerknord11407 generator to eu-deu node...
INFO [2024-10-07 16:16:14] [THERMAL] - Adding deu_oth_gichtnaturalga11145 generator to eu-deu node...
INFO [2024-10-07 16:16:14] [THERMAL] - Adding deu_oth_o1011535 generator to eu-deu node...
INFO [2024-10-07 16:16:14] [THERMAL] - Adding deu_oth_ikw11317 generator to eu-deu node...
INFO [2024-10-07 16:16:14] [THERMAL] - Adding deu_oth_kraftwerksalzg11409 generator to eu-deu node...
INFO [2024-10-07 16:16:14] [THERMAL] - Adding fra_gas_gennevilliers19464 generator to eu-fra node...
INFO [2024-10-07 16:16:15] [THERMAL] - Adding fra_gas_pontsursambre10198 generator to eu-fra node...
INFO [2024-10-07 16:16:15] [THERMAL] - Adding fra_gas_croixdemetz9304 generator to eu-fra node...
INFO [2024-10-07 16:16:15] [THERMAL] - Adding fra_gas_combigolfe9114 generator to eu-fra node...
INFO [2024-10-07 16:16:15] [THERMAL] - Adding fra_gas_blenod58946 generator to eu-fra node...
INFO [2024-10-07 16:16:15] [THERMAL] - Adding fra_gas_emilehuchet9363 generator to eu-fra node...
INFO [2024-10-07 16:16:15] [THERMAL] - Adding fra_gas_bouchain78948 generator to eu-fra node...
INFO [2024-10-07 16:16:15] [THERMAL] - Adding fra_gas_martiguesponte9866 generator to eu-fra node...
INFO [2024-10-07 16:16:15] [THERMAL] - Adding fra_gas_capacityscaler generator to eu-fra node...
INFO [2024-10-07 16:16:15] [THERMAL] - Adding fra_gas_dk69328 generator to eu-fra node...
INFO [2024-10-07 16:16:15] [THERMAL] - Adding fra_coa_lucy39603 generator to eu-fra node...
INFO [2024-10-07 16:16:15] [THERMAL] - Adding fra_coa_capacityscaler generator to eu-fra node...
INFO [2024-10-07 16:16:15] [THERMAL] - Adding fra_coa_emilehuchet9364 generator to eu-fra node...
INFO [2024-10-07 16:16:16] [THERMAL] - Adding fra_coa_cordemais49116_havre49538 generator to eu-fra node...
INFO [2024-10-07 16:16:16] [THERMAL] - Adding fra_coa_provence510115 generator to eu-fra node...
INFO [2024-10-07 16:16:16] [THERMAL] - Adding fra_bio_lemans9746_vauxlepnil10743_villerssaintp10788 generator to eu-fra node...
INFO [2024-10-07 16:16:16] [THERMAL] - Adding fra_bio_arques8899_bourogne9059_chang9200_dijon9341_guichain generator to eu-fra node...
INFO [2024-10-07 16:16:16] [THERMAL] - Adding fra_bio_aixenprovence8840_arpajonsurc8897_bayonne8976_cenon9 generator to eu-fra node...
INFO [2024-10-07 16:16:16] [THERMAL] - Adding fra_bio_nice10055_saintouen10475 generator to eu-fra node...
INFO [2024-10-07 16:16:16] [THERMAL] - Adding fra_bio_issylesmoulin9578 generator to eu-fra node...
INFO [2024-10-07 16:16:16] [THERMAL] - Adding fra_bio_vertlegrand10758 generator to eu-fra node...
INFO [2024-10-07 16:16:16] [THERMAL] - Adding fra_bio_allemant8850_amanvillers8862_auch8917_bimont9017_bor generator to eu-fra node...
INFO [2024-10-07 16:16:17] [THERMAL] - Adding fra_bio_capacityscaler generator to eu-fra node...
INFO [2024-10-07 16:16:17] [THERMAL] - Adding fra_bio_amiens8869_blaringhem9020_concarneau9263_crpyenvaloi generator to eu-fra node...
INFO [2024-10-07 16:16:17] [THERMAL] - Adding fra_bio_pithiviers10150_saintmartinde10457_vedne10745 generator to eu-fra node...
INFO [2024-10-07 16:16:17] [THERMAL] - Adding fra_bio_argenteuil8892_chambry9191_antibes8878_mdamill9926_n generator to eu-fra node...
INFO [2024-10-07 16:16:17] [THERMAL] - Adding fra_bio_bourgoinjallie9058_salaisesursan10550 generator to eu-fra node...
INFO [2024-10-07 16:16:17] [THERMAL] - Adding fra_bio_couron9296_douchylesmine9352_latronche9660_lescar979 generator to eu-fra node...
INFO [2024-10-07 16:16:17] [THERMAL] - Adding fra_bio_dunkerque9360_fortdefrance9428 generator to eu-fra node...
INFO [2024-10-07 16:16:17] [THERMAL] - Adding fra_bio_leplessisgass9757_saintjeandef10422 generator to eu-fra node...
INFO [2024-10-07 16:16:17] [THERMAL] - Adding fra_bio_clermontferran9251_strasbourg10631 generator to eu-fra node...
INFO [2024-10-07 16:16:18] [THERMAL] - Adding fra_bio_morcenx9998_orlans10100_pierrelatte10146_saintthibau generator to eu-fra node...
INFO [2024-10-07 16:16:18] [THERMAL] - Adding fra_bio_calce9127 generator to eu-fra node...
INFO [2024-10-07 16:16:18] [THERMAL] - Adding fra_bio_fossurmer9434 generator to eu-fra node...
INFO [2024-10-07 16:16:18] [THERMAL] - Adding fra_bio_montech9977_noyellessousl10067_villefranchesu10775 generator to eu-fra node...
INFO [2024-10-07 16:16:18] [THERMAL] - Adding fra_nuc_stlaurent10330 generator to eu-fra node...
INFO [2024-10-07 16:16:18] [THERMAL] - Adding fra_nuc_chinon9109 generator to eu-fra node...
INFO [2024-10-07 16:16:18] [THERMAL] - Adding fra_nuc_blayais8945 generator to eu-fra node...
INFO [2024-10-07 16:16:19] [THERMAL] - Adding fra_nuc_cruas9118_tricastin110646 generator to eu-fra node...
INFO [2024-10-07 16:16:19] [THERMAL] - Adding fra_nuc_belleville8944_golfech9466_nogent10036 generator to eu-fra node...
INFO [2024-10-07 16:16:19] [THERMAL] - Adding fra_nuc_flamanville9394_penly10110 generator to eu-fra node...
INFO [2024-10-07 16:16:19] [THERMAL] - Adding fra_nuc_stalban10328 generator to eu-fra node...
INFO [2024-10-07 16:16:19] [THERMAL] - Adding fra_nuc_gravelines9468 generator to eu-fra node...
INFO [2024-10-07 16:16:19] [THERMAL] - Adding fra_nuc_cattenom9106 generator to eu-fra node...
INFO [2024-10-07 16:16:19] [THERMAL] - Adding fra_nuc_fessenheim9393 generator to eu-fra node...
INFO [2024-10-07 16:16:20] [THERMAL] - Adding fra_nuc_paluel10108 generator to eu-fra node...
INFO [2024-10-07 16:16:20] [THERMAL] - Adding fra_nuc_dampierre9326 generator to eu-fra node...
INFO [2024-10-07 16:16:20] [THERMAL] - Adding fra_nuc_bugey8952 generator to eu-fra node...
INFO [2024-10-07 16:16:20] [THERMAL] - Adding fra_nuc_civaux9111 generator to eu-fra node...
INFO [2024-10-07 16:16:20] [THERMAL] - Adding fra_nuc_chooz9110 generator to eu-fra node...
INFO [2024-10-07 16:16:20] [THERMAL] - Adding fra_oil_brennilis8950 generator to eu-fra node...
INFO [2024-10-07 16:16:20] [THERMAL] - Adding fra_oil_dirinon9327 generator to eu-fra node...
INFO [2024-10-07 16:16:21] [THERMAL] - Adding fra_oil_arrighi8823 generator to eu-fra node...
INFO [2024-10-07 16:16:21] [THERMAL] - Adding fra_oil_cordemais9115 generator to eu-fra node...
INFO [2024-10-07 16:16:21] [THERMAL] - Adding fra_oil_capacityscaler generator to eu-fra node...
INFO [2024-10-07 16:16:21] [THERMAL] - Adding fra_oil_porcheville10112 generator to eu-fra node...
INFO [2024-10-07 16:16:21] [THERMAL] - Adding fra_geo_bouillante9046 generator to eu-fra node...
INFO [2024-10-07 16:16:21] [THERMAL] - Adding fra_wav_rance10241 generator to eu-fra node...
INFO [2024-10-07 16:16:21] [THERMAL] - Adding fra_wav_capacityscaler generator to eu-fra node...
INFO [2024-10-07 16:16:21] [THERMAL] - Generating timeseries for maintenance of thermal generators...
INFO [2024-10-07 16:16:32] [THERMAL] - Done generating maintenance timeseries!
INFO [2024-10-07 16:16:32] [MAIN] - Done adding thermal data! (run time : 0.56min).

INFO [2024-10-07 16:16:32] [MAIN] - Fetching battery data...

INFO [2024-10-07 16:16:32] [MAIN] - Aggregating identical batteries...
INFO [2024-10-07 16:16:32] [MAIN] - Running 5-clustering algorithm on batteries...
INFO [2024-10-07 16:16:33] [BATTERIES] - Clustered the similar batteries CHE_PHS_NantdeDrancePum118_LagoBiancoPumpe114_Linthal2015Lint115 into one battery : CHE_PHS_NantdeDrancePum118_LagoBiancoPumpe114_Linthal2015Lin
INFO [2024-10-07 16:16:33] [BATTERIES] - Clustered the similar batteries CHE_PHS_FerreraPumpedHy108_LinthLimmernPum116_Grimsel3PumpedH111 into one battery : CHE_PHS_FerreraPumpedHy108_LinthLimmernPum116_Grimsel3Pumped
INFO [2024-10-07 16:16:33] [BATTERIES] - Clustered the similar batteries CHE_PHS_OvaSpinPumpedHy119_Handeck3PumpedH112_TierfehdNestilP121_RobieiPumpedHyd120_GougraPumpedHyd109_HongrinLemanPum113_EmossonPumpedHy106_MapraggPumpedHy117 into one battery : CHE_PHS_OvaSpinPumpedHy119_Handeck3PumpedH112_TierfehdNestil
INFO [2024-10-07 16:16:33] [BATTERIES] - Clustered the similar batteries DEU_CHE_10kW100kWhHaakF228_CellcubeWilliba238_SmartRegionPell261_DMGGildemeister241 into one battery : DEU_CHE_10kW100kWhHaakF228_CellcubeWilliba238_SmartRegionPel
INFO [2024-10-07 16:16:33] [BATTERIES] - Clustered the similar batteries DEU_CHE_BoschBraderupES235_1MWLESSYVolklin230_RedoxWindTheFra256 into one battery : DEU_CHE_BoschBraderupES235_1MWLESSYVolklin230_RedoxWindTheFr
INFO [2024-10-07 16:16:33] [BATTERIES] - Clustered the similar batteries DEU_CHE_IHEMIntelligent251_Web2EnergySmart264_IntelligentesNe252_BatteryEnergySt232_Netlab2Sonderbu253_SmartOperatorW_SwagBoschCommun263_CustomerProject239_FastChargingeBu247_HIUPVBatterySys250_QinousDemonstra255 into one battery : DEU_CHE_IHEMIntelligent251_Web2EnergySmart264_IntelligentesN
INFO [2024-10-07 16:16:33] [BATTERIES] - Clustered the similar batteries DEU_CHE_YounicosandVatt266_EEBattEnergyNei244_250kW1MWhElCheW231_BatteryEnergySt233 into one battery : DEU_CHE_YounicosandVatt266_EEBattEnergyNei244_250kW1MWhElChe
INFO [2024-10-07 16:16:33] [BATTERIES] - Clustered the similar batteries DEU_CHE_CatervaSWARM237_BoschBraderupES236_DREWAGReick2MWP242 into one battery : DEU_CHE_CatervaSWARM237_BoschBraderupES236_DREWAGReick2MWP24
INFO [2024-10-07 16:16:33] [BATTERIES] - Clustered the similar batteries DEU_PHS_HerdeckePumpedS279_SckingenPumpedS293_HohenwartePumpe280 into one battery : DEU_PHS_HerdeckePumpedS279_SckingenPumpedS293_HohenwartePump
INFO [2024-10-07 16:16:33] [BATTERIES] - Clustered the similar batteries DEU_PHS_Kirchentellinsf282_Ruselkraftwerke291_SorpeseePumpedS294_TanzmhlePumpedS295_NiederwarthaPum287_SchwarzenbachPu292_LeitzachwerkI284_LeitzachwerkII285_WendefurthPower300_BleilochPumpedS274_GlemsPumpedStor277_ReisachPumpedSt288_HusernPumpedSto281_GeesthachtPumpe276_WaldeckIPumpedH297_RnkhausenPumped290_WaldshutPumpedS298_Langenprozelten283_WitznauPumpedSt301_ErzhausenPumped275 into one battery : DEU_PHS_Kirchentellinsf282_Ruselkraftwerke291_SorpeseePumped
INFO [2024-10-07 16:16:33] [MAIN] - Done running 5-clustering algorithm on batteries!

INFO [2024-10-07 16:16:33] [BATTERY] - Adding CHE_CHE_SwissDualCircui104 battery to eu-che node...
INFO [2024-10-07 16:16:33] [BATTERY] - Adding CHE_CHE_LausannePolytec102 battery to eu-che node...
INFO [2024-10-07 16:16:33] [BATTERY] - Adding CHE_CHE_50kW60kWhEnergy99_Passivhaus50kW1103 battery to eu-che node...
INFO [2024-10-07 16:16:33] [BATTERY] - Adding CHE_CHE_CKWESpeicherWer100 battery to eu-che node...
INFO [2024-10-07 16:16:33] [BATTERY] - Adding CHE_CHE_EPFLLeclancheDi101 battery to eu-che node...
INFO [2024-10-07 16:16:33] [BATTERY] - Adding CHE_CHE_TheZurichDietik105 battery to eu-che node...
INFO [2024-10-07 16:16:33] [BATTERY] - Adding CHE_PHS_NantdeDrancePum118_LagoBiancoPumpe114_Linthal2015Lin battery to eu-che node...
INFO [2024-10-07 16:16:34] [BATTERY] - Adding CHE_PHS_VeytauxFMHLPump122 battery to eu-che node...
INFO [2024-10-07 16:16:34] [BATTERY] - Adding CHE_PHS_FerreraPumpedHy108_LinthLimmernPum116_Grimsel3Pumped battery to eu-che node...
INFO [2024-10-07 16:16:34] [BATTERY] - Adding CHE_PHS_OvaSpinPumpedHy119_Handeck3PumpedH112_TierfehdNestil battery to eu-che node...
INFO [2024-10-07 16:16:34] [BATTERY] - Adding CHE_PHS_EtzelwerkPumped107_Grimsel2PumpedH110 battery to eu-che node...
INFO [2024-10-07 16:16:34] [BATTERY] - Adding DEU_CHE_SmartRegionPell262 battery to eu-deu node...
INFO [2024-10-07 16:16:34] [BATTERY] - Adding DEU_CHE_IHEMIntelligent251_Web2EnergySmart264_IntelligentesN battery to eu-deu node...
INFO [2024-10-07 16:16:34] [BATTERY] - Adding DEU_CHE_FeldheimRegiona248_WEMAGSchwerinBa265 battery to eu-deu node...
INFO [2024-10-07 16:16:34] [BATTERY] - Adding DEU_CHE_YounicosandVatt266_EEBattEnergyNei244_250kW1MWhElChe battery to eu-deu node...
INFO [2024-10-07 16:16:34] [BATTERY] - Adding DEU_CHE_CatervaSWARM237_BoschBraderupES236_DREWAGReick2MWP24 battery to eu-deu node...
INFO [2024-10-07 16:16:35] [BATTERY] - Adding DEU_CHE_10kW100kWhHaakF228_CellcubeWilliba238_SmartRegionPel battery to eu-deu node...
INFO [2024-10-07 16:16:35] [BATTERY] - Adding DEU_CHE_GermanyResident249 battery to eu-deu node...
INFO [2024-10-07 16:16:35] [BATTERY] - Adding DEU_CHE_Drverden3MWBatt243_BESSNeuhardenbe234 battery to eu-deu node...
INFO [2024-10-07 16:16:35] [BATTERY] - Adding DEU_CHE_BoschBraderupES235_1MWLESSYVolklin230_RedoxWindTheFr battery to eu-deu node...
INFO [2024-10-07 16:16:35] [BATTERY] - Adding DEU_CHE_Daimler2ndLifeS240_15MWEnergyStora229 battery to eu-deu node...
INFO [2024-10-07 16:16:35] [BATTERY] - Adding DEU_CHE_EnerconWindTurb245 battery to eu-deu node...
INFO [2024-10-07 16:16:35] [BATTERY] - Adding DEU_CHE_SmartOperatorWi259_QinousDemonstra254 battery to eu-deu node...
INFO [2024-10-07 16:16:36] [BATTERY] - Adding DEU_CHE_SmartOperator257_SmartOperatorKi258 battery to eu-deu node...
INFO [2024-10-07 16:16:36] [BATTERY] - Adding DEU_CHE_YounicosandVatt267 battery to eu-deu node...
INFO [2024-10-07 16:16:36] [BATTERY] - Adding DEU_CHE_EnergyBufferUni246 battery to eu-deu node...
INFO [2024-10-07 16:16:36] [BATTERY] - Adding DEU_THE_JulichSolarTowe302 battery to eu-deu node...
INFO [2024-10-07 16:16:36] [BATTERY] - Adding DEU_HYD_ThgaDemonstrati273 battery to eu-deu node...
INFO [2024-10-07 16:16:36] [BATTERY] - Adding DEU_HYD_EnBWStuttgartHy270 battery to eu-deu node...
INFO [2024-10-07 16:16:36] [BATTERY] - Adding DEU_HYD_E.ONquotPowerto269_Grapzow140MWWin272 battery to eu-deu node...
INFO [2024-10-07 16:16:37] [BATTERY] - Adding DEU_HYD_AudiegasProject268_EnergieparkMain271 battery to eu-deu node...
INFO [2024-10-07 16:16:37] [BATTERY] - Adding DEU_PHS_HerdeckePumpedS279_SckingenPumpedS293_HohenwartePump battery to eu-deu node...
INFO [2024-10-07 16:16:37] [BATTERY] - Adding DEU_PHS_GoldisthalPumpe278 battery to eu-deu node...
INFO [2024-10-07 16:16:37] [BATTERY] - Adding DEU_PHS_RiedlEnergyStor289_WaldeckII296 battery to eu-deu node...
INFO [2024-10-07 16:16:37] [BATTERY] - Adding DEU_PHS_WehrPumpedStora299_MarkersbachPump286 battery to eu-deu node...
INFO [2024-10-07 16:16:38] [BATTERY] - Adding DEU_PHS_Kirchentellinsf282_Ruselkraftwerke291_SorpeseePumped battery to eu-deu node...
INFO [2024-10-07 16:16:38] [BATTERY] - Adding FRA_CHE_NICEGRIDproject380 battery to eu-fra node...
INFO [2024-10-07 16:16:38] [BATTERY] - Adding FRA_CHE_DIYESS5kWhLiFeP376 battery to eu-fra node...
INFO [2024-10-07 16:16:38] [BATTERY] - Adding FRA_CHE_EDFRampDLesRena378_CarrosNICEGRIDP374 battery to eu-fra node...
INFO [2024-10-07 16:16:38] [BATTERY] - Adding FRA_CHE_NICEGRIDproject381 battery to eu-fra node...
INFO [2024-10-07 16:16:38] [BATTERY] - Adding FRA_CHE_ADEMEIntelligen373 battery to eu-fra node...
INFO [2024-10-07 16:16:38] [BATTERY] - Adding FRA_CHE_DieselGenerator375 battery to eu-fra node...
INFO [2024-10-07 16:16:39] [BATTERY] - Adding FRA_CHE_EDFENGabardoneP377 battery to eu-fra node...
INFO [2024-10-07 16:16:39] [BATTERY] - Adding FRA_CHE_INESProject379 battery to eu-fra node...
INFO [2024-10-07 16:16:39] [BATTERY] - Adding FRA_CHE_ReunionIslandPe382 battery to eu-fra node...
INFO [2024-10-07 16:16:39] [BATTERY] - Adding FRA_THE_AlbaNova1SolarP394 battery to eu-fra node...
INFO [2024-10-07 16:16:39] [BATTERY] - Adding FRA_HYD_UniveristyofCor383 battery to eu-fra node...
INFO [2024-10-07 16:16:40] [BATTERY] - Adding FRA_PHS_MontzicPumpedSt391_Grand039MaisonD386 battery to eu-fra node...
INFO [2024-10-07 16:16:40] [BATTERY] - Adding FRA_PHS_AlrancePumpedSt384_ArgentatPumpedS385 battery to eu-fra node...
INFO [2024-10-07 16:16:40] [BATTERY] - Adding FRA_PHS_LaRanceTidalPow388_LeCheylasPumped389 battery to eu-fra node...
INFO [2024-10-07 16:16:40] [BATTERY] - Adding FRA_PHS_LaCochePumpedSt387_LePougetPumpedS390 battery to eu-fra node...
INFO [2024-10-07 16:16:41] [BATTERY] - Adding FRA_PHS_SuperBissortePu393_RevinPumpedStor392 battery to eu-fra node...
INFO [2024-10-07 16:16:41] [MAIN] - Done adding battery data! (run time : 0.14min).

INFO [2024-10-07 16:16:41] [MAIN] - Adding lines between areas...

INFO [2024-10-07 16:16:42] [LINES] - Adding eu-che to eu-deu line...
INFO [2024-10-07 16:16:42] [LINES] - Adding eu-che to eu-fra line...
INFO [2024-10-07 16:16:42] [LINES] - Adding eu-deu to eu-fra line...
INFO [2024-10-07 16:16:42] [MAIN] - Done adding lines! (run time : 1.19s).

INFO [2024-10-07 16:16:42] [MAIN] - Finished setting up Antares study! (run time : 1.11min).
 

