ERROR [2024-08-14 16:20:50] [WARN] - Skipped adding wind data for EU-ALB (no generators found in PLEXOS).
ERROR [2024-08-14 16:20:50] [WARN] - Skipped adding wind data for EU-ARM (no generators found in PLEXOS).
ERROR [2024-08-14 16:20:50] [WARN] - Skipped adding wind data for EU-AZE (no generators found in PLEXOS).
ERROR [2024-08-14 16:20:51] [WARN] - Skipped adding wind data for EU-BIH (no generators found in PLEXOS).
ERROR [2024-08-14 16:20:51] [WARN] - Skipped adding wind data for EU-BLR (no generators found in PLEXOS).
ERROR [2024-08-14 16:20:53] [WARN] - Skipped adding wind data for EU-GEO (no generators found in PLEXOS).
ERROR [2024-08-14 16:20:54] [WARN] - Skipped adding wind data for EU-ISL (no generators found in PLEXOS).
ERROR [2024-08-14 16:20:54] [WARN] - Skipped adding wind data for EU-KOS (no generators found in PLEXOS).
ERROR [2024-08-14 16:20:55] [WARN] - Skipped adding wind data for EU-MDA (no generators found in PLEXOS).
ERROR [2024-08-14 16:20:55] [WARN] - Skipped adding wind data for EU-MKD (no generators found in PLEXOS).
ERROR [2024-08-14 16:20:55] [WARN] - Skipped adding wind data for EU-MNE (no generators found in PLEXOS).
ERROR [2024-08-14 16:20:56] [WARN] - Skipped adding wind data for EU-SRB (no generators found in PLEXOS).
ERROR [2024-08-14 16:20:56] [WARN] - Skipped adding wind data for EU-SVK (no generators found in PLEXOS).
ERROR [2024-08-14 16:20:56] [WARN] - Skipped adding wind data for EU-SVN (no generators found in PLEXOS).
ERROR [2024-08-14 16:20:56] [WARN] - Skipped adding solar data for EU-ALB (no generators found in PLEXOS).
ERROR [2024-08-14 16:20:56] [WARN] - Skipped adding solar data for EU-ARM (no generators found in PLEXOS).
ERROR [2024-08-14 16:20:57] [WARN] - Skipped adding solar data for EU-BIH (no generators found in PLEXOS).
ERROR [2024-08-14 16:20:57] [WARN] - Skipped adding solar data for EU-BLR (no generators found in PLEXOS).
ERROR [2024-08-14 16:20:59] [WARN] - Skipped adding solar data for EU-EST (no generators found in PLEXOS).
ERROR [2024-08-14 16:20:59] [WARN] - Skipped adding solar data for EU-GEO (no generators found in PLEXOS).
ERROR [2024-08-14 16:21:00] [WARN] - Skipped adding solar data for EU-IRL (no generators found in PLEXOS).
ERROR [2024-08-14 16:21:00] [WARN] - Skipped adding solar data for EU-ISL (no generators found in PLEXOS).
ERROR [2024-08-14 16:21:00] [WARN] - Skipped adding solar data for EU-KOS (no generators found in PLEXOS).
ERROR [2024-08-14 16:21:00] [WARN] - Skipped adding solar data for EU-LVA (no generators found in PLEXOS).
ERROR [2024-08-14 16:21:00] [WARN] - Skipped adding solar data for EU-MDA (no generators found in PLEXOS).
ERROR [2024-08-14 16:21:01] [WARN] - Skipped adding solar data for EU-MNE (no generators found in PLEXOS).
