INFO [2024-08-21 08:35:47] [MAIN] - Creating Deane_Americas__2024_08_21_08_35_47 study...

INFO [2024-08-21 08:35:47] [MAIN] - Unit commitment mode : ACCURATE
INFO [2024-08-21 08:35:47] [MAIN] - Adding nodes...

INFO [2024-08-21 08:35:49] [NODES] - Adding NA-CAN-AB node...
INFO [2024-08-21 08:35:50] [NODES] - Adding NA-CAN-AR node...
INFO [2024-08-21 08:35:50] [NODES] - Adding NA-CAN-BC node...
INFO [2024-08-21 08:35:50] [NODES] - Adding NA-CAN-MB node...
INFO [2024-08-21 08:35:51] [NODES] - Adding NA-CAN-NL node...
INFO [2024-08-21 08:35:51] [NODES] - Adding NA-CAN-NO node...
INFO [2024-08-21 08:35:51] [NODES] - Adding NA-CAN-ON node...
INFO [2024-08-21 08:35:51] [NODES] - Adding NA-CAN-QC node...
INFO [2024-08-21 08:35:52] [NODES] - Adding NA-CAN-SK node...
INFO [2024-08-21 08:35:52] [NODES] - Adding NA-CRI node...
INFO [2024-08-21 08:35:52] [NODES] - Adding NA-CUB node...
INFO [2024-08-21 08:35:53] [NODES] - Adding NA-DOM node...
INFO [2024-08-21 08:35:53] [NODES] - Adding NA-GTM node...
INFO [2024-08-21 08:35:53] [NODES] - Adding NA-HND node...
INFO [2024-08-21 08:35:54] [NODES] - Adding NA-JAM node...
INFO [2024-08-21 08:35:54] [NODES] - Adding NA-MEX node...
INFO [2024-08-21 08:35:54] [NODES] - Adding NA-NIC node...
INFO [2024-08-21 08:35:55] [NODES] - Adding NA-PAN node...
INFO [2024-08-21 08:35:55] [NODES] - Adding NA-SLV node...
INFO [2024-08-21 08:35:55] [NODES] - Adding NA-TTO node...
INFO [2024-08-21 08:35:56] [NODES] - Adding NA-USA-AK node...
INFO [2024-08-21 08:35:56] [NODES] - Adding NA-USA-AZ node...
INFO [2024-08-21 08:35:57] [NODES] - Adding NA-USA-CA node...
INFO [2024-08-21 08:35:57] [NODES] - Adding NA-USA-ER node...
INFO [2024-08-21 08:35:58] [NODES] - Adding NA-USA-FR node...
INFO [2024-08-21 08:35:58] [NODES] - Adding NA-USA-GU node...
INFO [2024-08-21 08:35:58] [NODES] - Adding NA-USA-HA node...
INFO [2024-08-21 08:35:59] [NODES] - Adding NA-USA-ME node...
INFO [2024-08-21 08:35:59] [NODES] - Adding NA-USA-MW node...
INFO [2024-08-21 08:36:00] [NODES] - Adding NA-USA-NE node...
INFO [2024-08-21 08:36:00] [NODES] - Adding NA-USA-NW node...
INFO [2024-08-21 08:36:01] [NODES] - Adding NA-USA-NY node...
INFO [2024-08-21 08:36:01] [NODES] - Adding NA-USA-PR node...
INFO [2024-08-21 08:36:02] [NODES] - Adding NA-USA-RA node...
INFO [2024-08-21 08:36:02] [NODES] - Adding NA-USA-RE node...
INFO [2024-08-21 08:36:03] [NODES] - Adding NA-USA-RM node...
INFO [2024-08-21 08:36:03] [NODES] - Adding NA-USA-RW node...
INFO [2024-08-21 08:36:04] [NODES] - Adding NA-USA-SA node...
INFO [2024-08-21 08:36:04] [NODES] - Adding NA-USA-SC node...
INFO [2024-08-21 08:36:05] [NODES] - Adding NA-USA-SE node...
INFO [2024-08-21 08:36:06] [NODES] - Adding NA-USA-SN node...
INFO [2024-08-21 08:36:06] [NODES] - Adding NA-USA-SS node...
INFO [2024-08-21 08:36:07] [NODES] - Adding NA-USA-SV node...
INFO [2024-08-21 08:36:07] [NODES] - Adding NA-USA-SW node...
INFO [2024-08-21 08:36:08] [NODES] - Adding SA-ARG node...
INFO [2024-08-21 08:36:08] [NODES] - Adding SA-BOL node...
INFO [2024-08-21 08:36:09] [NODES] - Adding SA-BRA-CN node...
INFO [2024-08-21 08:36:10] [NODES] - Adding SA-BRA-CW node...
INFO [2024-08-21 08:36:11] [NODES] - Adding SA-BRA-J1 node...
INFO [2024-08-21 08:36:11] [NODES] - Adding SA-BRA-J2 node...
INFO [2024-08-21 08:36:12] [NODES] - Adding SA-BRA-J3 node...
INFO [2024-08-21 08:36:13] [NODES] - Adding SA-BRA-NE node...
INFO [2024-08-21 08:36:14] [NODES] - Adding SA-BRA-NW node...
INFO [2024-08-21 08:36:14] [NODES] - Adding SA-BRA-SE node...
INFO [2024-08-21 08:36:15] [NODES] - Adding SA-BRA-SO node...
INFO [2024-08-21 08:36:15] [NODES] - Adding SA-BRA-WE node...
INFO [2024-08-21 08:36:16] [NODES] - Adding SA-CHL node...
INFO [2024-08-21 08:36:17] [NODES] - Adding SA-COL node...
INFO [2024-08-21 08:36:17] [NODES] - Adding SA-ECU node...
INFO [2024-08-21 08:36:18] [NODES] - Adding SA-GUF node...
INFO [2024-08-21 08:36:19] [NODES] - Adding SA-GUY node...
INFO [2024-08-21 08:36:19] [NODES] - Adding SA-PER node...
INFO [2024-08-21 08:36:20] [NODES] - Adding SA-PRY node...
INFO [2024-08-21 08:36:21] [NODES] - Adding SA-URY node...
INFO [2024-08-21 08:36:21] [NODES] - Adding SA-VEN node...
INFO [2024-08-21 08:36:23] [MAIN] - Done adding nodes! (run time : 35.26s).

INFO [2024-08-21 08:36:23] [MAIN] - Adding districts...

INFO [2024-08-21 08:36:23] [DISTRICTS] - Creating north america continental district...
INFO [2024-08-21 08:36:24] [DISTRICTS] - Done creating north america continental district!
INFO [2024-08-21 08:36:24] [DISTRICTS] - Creating south america continental district...
INFO [2024-08-21 08:36:24] [DISTRICTS] - Done creating south america continental district!
INFO [2024-08-21 08:36:25] [DISTRICTS] - Creating na-can district from regional nodes...
INFO [2024-08-21 08:36:25] [DISTRICTS] - Done creating na-can district!
INFO [2024-08-21 08:36:25] [DISTRICTS] - Creating na-usa district from regional nodes...
INFO [2024-08-21 08:36:25] [DISTRICTS] - Done creating na-usa district!
INFO [2024-08-21 08:36:25] [DISTRICTS] - Creating sa-bra district from regional nodes...
INFO [2024-08-21 08:36:26] [DISTRICTS] - Done creating sa-bra district!
INFO [2024-08-21 08:36:26] [MAIN] - Done adding districts! (run time : 3.33s).

INFO [2024-08-21 08:36:26] [MAIN] - Adding load data...

INFO [2024-08-21 08:36:28] [LOAD] - Adding NA-CAN-AB load data...
INFO [2024-08-21 08:36:30] [LOAD] - Adding NA-CAN-AR load data...
INFO [2024-08-21 08:36:30] [LOAD] - Adding NA-CAN-BC load data...
INFO [2024-08-21 08:36:30] [LOAD] - Adding NA-CAN-MB load data...
INFO [2024-08-21 08:36:31] [LOAD] - Adding NA-CAN-NL load data...
INFO [2024-08-21 08:36:31] [LOAD] - Adding NA-CAN-NO load data...
INFO [2024-08-21 08:36:32] [LOAD] - Adding NA-CAN-ON load data...
INFO [2024-08-21 08:36:32] [LOAD] - Adding NA-CAN-QC load data...
INFO [2024-08-21 08:36:33] [LOAD] - Adding NA-CAN-SK load data...
INFO [2024-08-21 08:36:33] [LOAD] - Adding NA-CRI load data...
INFO [2024-08-21 08:36:34] [LOAD] - Adding NA-CUB load data...
INFO [2024-08-21 08:36:34] [LOAD] - Adding NA-DOM load data...
INFO [2024-08-21 08:36:35] [LOAD] - Adding NA-GTM load data...
INFO [2024-08-21 08:36:35] [LOAD] - Adding NA-HND load data...
INFO [2024-08-21 08:36:36] [LOAD] - Adding NA-JAM load data...
INFO [2024-08-21 08:36:36] [LOAD] - Adding NA-MEX load data...
INFO [2024-08-21 08:36:37] [LOAD] - Adding NA-NIC load data...
INFO [2024-08-21 08:36:37] [LOAD] - Adding NA-PAN load data...
INFO [2024-08-21 08:36:37] [LOAD] - Adding NA-SLV load data...
INFO [2024-08-21 08:36:38] [LOAD] - Adding NA-TTO load data...
INFO [2024-08-21 08:36:38] [LOAD] - Adding NA-USA-AK load data...
INFO [2024-08-21 08:36:39] [LOAD] - Adding NA-USA-AZ load data...
INFO [2024-08-21 08:36:39] [LOAD] - Adding NA-USA-CA load data...
INFO [2024-08-21 08:36:40] [LOAD] - Adding NA-USA-ER load data...
INFO [2024-08-21 08:36:40] [LOAD] - Adding NA-USA-FR load data...
INFO [2024-08-21 08:36:41] [LOAD] - Adding NA-USA-GU load data...
INFO [2024-08-21 08:36:41] [LOAD] - Adding NA-USA-HA load data...
INFO [2024-08-21 08:36:42] [LOAD] - Adding NA-USA-ME load data...
INFO [2024-08-21 08:36:42] [LOAD] - Adding NA-USA-MW load data...
INFO [2024-08-21 08:36:43] [LOAD] - Adding NA-USA-NE load data...
INFO [2024-08-21 08:36:43] [LOAD] - Adding NA-USA-NW load data...
INFO [2024-08-21 08:36:44] [LOAD] - Adding NA-USA-NY load data...
INFO [2024-08-21 08:36:44] [LOAD] - Adding NA-USA-PR load data...
INFO [2024-08-21 08:36:44] [LOAD] - Adding NA-USA-RA load data...
INFO [2024-08-21 08:36:45] [LOAD] - Adding NA-USA-RE load data...
INFO [2024-08-21 08:36:45] [LOAD] - Adding NA-USA-RM load data...
INFO [2024-08-21 08:36:45] [LOAD] - Adding NA-USA-RW load data...
INFO [2024-08-21 08:36:46] [LOAD] - Adding NA-USA-SA load data...
INFO [2024-08-21 08:36:46] [LOAD] - Adding NA-USA-SC load data...
INFO [2024-08-21 08:36:47] [LOAD] - Adding NA-USA-SE load data...
INFO [2024-08-21 08:36:47] [LOAD] - Adding NA-USA-SN load data...
INFO [2024-08-21 08:36:47] [LOAD] - Adding NA-USA-SS load data...
INFO [2024-08-21 08:36:48] [LOAD] - Adding NA-USA-SV load data...
INFO [2024-08-21 08:36:48] [LOAD] - Adding NA-USA-SW load data...
INFO [2024-08-21 08:36:48] [LOAD] - Adding SA-ARG load data...
INFO [2024-08-21 08:36:49] [LOAD] - Adding SA-BOL load data...
INFO [2024-08-21 08:36:49] [LOAD] - Adding SA-BRA-CN load data...
INFO [2024-08-21 08:36:49] [LOAD] - Adding SA-BRA-CW load data...
INFO [2024-08-21 08:36:49] [LOAD] - Adding SA-BRA-J1 load data...
INFO [2024-08-21 08:36:49] [WARN] - Could not add load data to SA-BRA-J1 node, skipping...
INFO [2024-08-21 08:36:49] [LOAD] - Adding SA-BRA-J2 load data...
INFO [2024-08-21 08:36:49] [WARN] - Could not add load data to SA-BRA-J2 node, skipping...
INFO [2024-08-21 08:36:49] [LOAD] - Adding SA-BRA-J3 load data...
INFO [2024-08-21 08:36:49] [WARN] - Could not add load data to SA-BRA-J3 node, skipping...
INFO [2024-08-21 08:36:49] [LOAD] - Adding SA-BRA-NE load data...
INFO [2024-08-21 08:36:50] [LOAD] - Adding SA-BRA-NW load data...
INFO [2024-08-21 08:36:50] [LOAD] - Adding SA-BRA-SE load data...
INFO [2024-08-21 08:36:50] [LOAD] - Adding SA-BRA-SO load data...
INFO [2024-08-21 08:36:51] [LOAD] - Adding SA-BRA-WE load data...
INFO [2024-08-21 08:36:51] [LOAD] - Adding SA-CHL load data...
INFO [2024-08-21 08:36:52] [LOAD] - Adding SA-COL load data...
INFO [2024-08-21 08:36:52] [LOAD] - Adding SA-ECU load data...
INFO [2024-08-21 08:36:52] [LOAD] - Adding SA-GUF load data...
INFO [2024-08-21 08:36:52] [LOAD] - Adding SA-GUY load data...
INFO [2024-08-21 08:36:53] [LOAD] - Adding SA-PER load data...
INFO [2024-08-21 08:36:53] [LOAD] - Adding SA-PRY load data...
INFO [2024-08-21 08:36:53] [LOAD] - Adding SA-URY load data...
INFO [2024-08-21 08:36:54] [LOAD] - Adding SA-VEN load data...
INFO [2024-08-21 08:36:54] [MAIN] - Done adding load data! (run time : 27.97s).

INFO [2024-08-21 08:36:54] [MAIN] - Fetching wind data...

INFO [2024-08-21 08:36:54] [WIND] - Adding NA-CAN-AB aggregated wind data...
INFO [2024-08-21 08:36:55] [WIND] - Adding NA-CAN-AR aggregated wind data...
INFO [2024-08-21 08:36:55] [WIND] - Adding NA-CAN-BC aggregated wind data...
INFO [2024-08-21 08:36:55] [WIND] - Adding NA-CAN-MB aggregated wind data...
INFO [2024-08-21 08:36:56] [WIND] - Adding NA-CAN-NL aggregated wind data...
INFO [2024-08-21 08:36:56] [WIND] - Adding NA-CAN-NO aggregated wind data...
INFO [2024-08-21 08:36:56] [WIND] - Adding NA-CAN-ON aggregated wind data...
INFO [2024-08-21 08:36:57] [WIND] - Adding NA-CAN-QC aggregated wind data...
INFO [2024-08-21 08:36:57] [WIND] - Adding NA-CAN-SK aggregated wind data...
INFO [2024-08-21 08:36:57] [WIND] - Adding NA-CRI aggregated wind data...
INFO [2024-08-21 08:36:58] [WIND] - Adding NA-CUB aggregated wind data...
INFO [2024-08-21 08:36:58] [WIND] - Adding NA-DOM aggregated wind data...
INFO [2024-08-21 08:36:58] [WIND] - Adding NA-GTM aggregated wind data...
INFO [2024-08-21 08:36:59] [WIND] - Adding NA-HND aggregated wind data...
INFO [2024-08-21 08:36:59] [WIND] - Adding NA-JAM aggregated wind data...
INFO [2024-08-21 08:36:59] [WIND] - Adding NA-MEX aggregated wind data...
INFO [2024-08-21 08:36:59] [WIND] - Adding NA-NIC aggregated wind data...
INFO [2024-08-21 08:37:00] [WIND] - Adding NA-PAN aggregated wind data...
INFO [2024-08-21 08:37:00] [WARN] - Skipped adding wind data for NA-SLV (no generators found in PLEXOS).
INFO [2024-08-21 08:37:00] [WARN] - Skipped adding wind data for NA-TTO (no generators found in PLEXOS).
INFO [2024-08-21 08:37:00] [WIND] - Adding NA-USA-AK aggregated wind data...
INFO [2024-08-21 08:37:00] [WIND] - Adding NA-USA-AZ aggregated wind data...
INFO [2024-08-21 08:37:01] [WIND] - Adding NA-USA-CA aggregated wind data...
INFO [2024-08-21 08:37:01] [WIND] - Adding NA-USA-ER aggregated wind data...
INFO [2024-08-21 08:37:01] [WARN] - Skipped adding wind data for NA-USA-FR (no generators found in PLEXOS).
INFO [2024-08-21 08:37:01] [WARN] - Skipped adding wind data for NA-USA-GU (no generators found in PLEXOS).
INFO [2024-08-21 08:37:01] [WIND] - Adding NA-USA-HA aggregated wind data...
INFO [2024-08-21 08:37:01] [WIND] - Adding NA-USA-ME aggregated wind data...
INFO [2024-08-21 08:37:02] [WIND] - Adding NA-USA-MW aggregated wind data...
INFO [2024-08-21 08:37:02] [WIND] - Adding NA-USA-NE aggregated wind data...
INFO [2024-08-21 08:37:02] [WIND] - Adding NA-USA-NW aggregated wind data...
INFO [2024-08-21 08:37:03] [WIND] - Adding NA-USA-NY aggregated wind data...
INFO [2024-08-21 08:37:03] [WIND] - Adding NA-USA-PR aggregated wind data...
INFO [2024-08-21 08:37:03] [WIND] - Adding NA-USA-RA aggregated wind data...
INFO [2024-08-21 08:37:03] [WIND] - Adding NA-USA-RE aggregated wind data...
INFO [2024-08-21 08:37:04] [WIND] - Adding NA-USA-RM aggregated wind data...
INFO [2024-08-21 08:37:04] [WIND] - Adding NA-USA-RW aggregated wind data...
INFO [2024-08-21 08:37:04] [WARN] - Skipped adding wind data for NA-USA-SA (no generators found in PLEXOS).
INFO [2024-08-21 08:37:04] [WIND] - Adding NA-USA-SC aggregated wind data...
INFO [2024-08-21 08:37:04] [WARN] - Skipped adding wind data for NA-USA-SE (no generators found in PLEXOS).
INFO [2024-08-21 08:37:04] [WIND] - Adding NA-USA-SN aggregated wind data...
INFO [2024-08-21 08:37:05] [WIND] - Adding NA-USA-SS aggregated wind data...
INFO [2024-08-21 08:37:05] [WARN] - Skipped adding wind data for NA-USA-SV (no generators found in PLEXOS).
INFO [2024-08-21 08:37:05] [WIND] - Adding NA-USA-SW aggregated wind data...
INFO [2024-08-21 08:37:05] [WIND] - Adding SA-ARG aggregated wind data...
INFO [2024-08-21 08:37:05] [WARN] - Skipped adding wind data for SA-BOL (no generators found in PLEXOS).
INFO [2024-08-21 08:37:05] [WARN] - Skipped adding wind data for SA-BRA-CN (no generators found in PLEXOS).
INFO [2024-08-21 08:37:05] [WARN] - Skipped adding wind data for SA-BRA-CW (no generators found in PLEXOS).
INFO [2024-08-21 08:37:05] [WARN] - Skipped adding wind data for SA-BRA-J1 (no generators found in PLEXOS).
INFO [2024-08-21 08:37:05] [WARN] - Skipped adding wind data for SA-BRA-J2 (no generators found in PLEXOS).
INFO [2024-08-21 08:37:05] [WARN] - Skipped adding wind data for SA-BRA-J3 (no generators found in PLEXOS).
INFO [2024-08-21 08:37:06] [WIND] - Adding SA-BRA-NE aggregated wind data...
INFO [2024-08-21 08:37:06] [WARN] - Skipped adding wind data for SA-BRA-NW (no generators found in PLEXOS).
INFO [2024-08-21 08:37:06] [WIND] - Adding SA-BRA-SE aggregated wind data...
INFO [2024-08-21 08:37:06] [WIND] - Adding SA-BRA-SO aggregated wind data...
INFO [2024-08-21 08:37:06] [WARN] - Skipped adding wind data for SA-BRA-WE (no generators found in PLEXOS).
INFO [2024-08-21 08:37:07] [WIND] - Adding SA-CHL aggregated wind data...
INFO [2024-08-21 08:37:07] [WIND] - Adding SA-COL aggregated wind data...
INFO [2024-08-21 08:37:07] [WIND] - Adding SA-ECU aggregated wind data...
INFO [2024-08-21 08:37:07] [WARN] - Skipped adding wind data for SA-GUF (no generators found in PLEXOS).
INFO [2024-08-21 08:37:07] [WIND] - Adding SA-GUY aggregated wind data...
INFO [2024-08-21 08:37:08] [WIND] - Adding SA-PER aggregated wind data...
INFO [2024-08-21 08:37:08] [WARN] - Skipped adding wind data for SA-PRY (no generators found in PLEXOS).
INFO [2024-08-21 08:37:08] [WIND] - Adding SA-URY aggregated wind data...
INFO [2024-08-21 08:37:08] [WIND] - Adding SA-VEN aggregated wind data...
INFO [2024-08-21 08:37:08] [MAIN] - Done adding wind data! (run time : 14.19s).

INFO [2024-08-21 08:37:08] [MAIN] - Fetching solar data...

INFO [2024-08-21 08:37:09] [SOLAR] - Adding NA-CAN-AB aggregated solar data...
INFO [2024-08-21 08:37:09] [WARN] - Skipped adding solar data for NA-CAN-AR (no generators found in PLEXOS).
INFO [2024-08-21 08:37:09] [SOLAR] - Adding NA-CAN-BC aggregated solar data...
INFO [2024-08-21 08:37:09] [WARN] - Skipped adding solar data for NA-CAN-MB (no generators found in PLEXOS).
INFO [2024-08-21 08:37:09] [WARN] - Skipped adding solar data for NA-CAN-NL (no generators found in PLEXOS).
INFO [2024-08-21 08:37:09] [WARN] - Skipped adding solar data for NA-CAN-NO (no generators found in PLEXOS).
INFO [2024-08-21 08:37:09] [SOLAR] - Adding NA-CAN-ON aggregated solar data...
INFO [2024-08-21 08:37:09] [WARN] - Skipped adding solar data for NA-CAN-QC (no generators found in PLEXOS).
INFO [2024-08-21 08:37:09] [WARN] - Skipped adding solar data for NA-CAN-SK (no generators found in PLEXOS).
INFO [2024-08-21 08:37:09] [WARN] - Skipped adding solar data for NA-CRI (no generators found in PLEXOS).
INFO [2024-08-21 08:37:09] [SOLAR] - Adding NA-CUB aggregated solar data...
INFO [2024-08-21 08:37:10] [SOLAR] - Adding NA-DOM aggregated solar data...
INFO [2024-08-21 08:37:10] [SOLAR] - Adding NA-GTM aggregated solar data...
INFO [2024-08-21 08:37:10] [SOLAR] - Adding NA-HND aggregated solar data...
INFO [2024-08-21 08:37:10] [WARN] - Skipped adding solar data for NA-JAM (no generators found in PLEXOS).
INFO [2024-08-21 08:37:11] [SOLAR] - Adding NA-MEX aggregated solar data...
INFO [2024-08-21 08:37:11] [WARN] - Skipped adding solar data for NA-NIC (no generators found in PLEXOS).
INFO [2024-08-21 08:37:11] [SOLAR] - Adding NA-PAN aggregated solar data...
INFO [2024-08-21 08:37:11] [SOLAR] - Adding NA-SLV aggregated solar data...
INFO [2024-08-21 08:37:11] [WARN] - Skipped adding solar data for NA-TTO (no generators found in PLEXOS).
INFO [2024-08-21 08:37:11] [WARN] - Skipped adding solar data for NA-USA-AK (no generators found in PLEXOS).
INFO [2024-08-21 08:37:12] [SOLAR] - Adding NA-USA-AZ aggregated solar data...
INFO [2024-08-21 08:37:12] [SOLAR] - Adding NA-USA-CA aggregated solar data...
INFO [2024-08-21 08:37:12] [SOLAR] - Adding NA-USA-ER aggregated solar data...
INFO [2024-08-21 08:37:13] [SOLAR] - Adding NA-USA-FR aggregated solar data...
INFO [2024-08-21 08:37:13] [SOLAR] - Adding NA-USA-GU aggregated solar data...
INFO [2024-08-21 08:37:14] [SOLAR] - Adding NA-USA-HA aggregated solar data...
INFO [2024-08-21 08:37:14] [SOLAR] - Adding NA-USA-ME aggregated solar data...
INFO [2024-08-21 08:37:14] [SOLAR] - Adding NA-USA-MW aggregated solar data...
INFO [2024-08-21 08:37:15] [SOLAR] - Adding NA-USA-NE aggregated solar data...
INFO [2024-08-21 08:37:15] [SOLAR] - Adding NA-USA-NW aggregated solar data...
INFO [2024-08-21 08:37:15] [SOLAR] - Adding NA-USA-NY aggregated solar data...
INFO [2024-08-21 08:37:16] [SOLAR] - Adding NA-USA-PR aggregated solar data...
INFO [2024-08-21 08:37:16] [SOLAR] - Adding NA-USA-RA aggregated solar data...
INFO [2024-08-21 08:37:16] [SOLAR] - Adding NA-USA-RE aggregated solar data...
INFO [2024-08-21 08:37:17] [SOLAR] - Adding NA-USA-RM aggregated solar data...
INFO [2024-08-21 08:37:17] [SOLAR] - Adding NA-USA-RW aggregated solar data...
INFO [2024-08-21 08:37:17] [WARN] - Skipped adding solar data for NA-USA-SA (no generators found in PLEXOS).
INFO [2024-08-21 08:37:17] [SOLAR] - Adding NA-USA-SC aggregated solar data...
INFO [2024-08-21 08:37:18] [SOLAR] - Adding NA-USA-SE aggregated solar data...
INFO [2024-08-21 08:37:18] [SOLAR] - Adding NA-USA-SN aggregated solar data...
INFO [2024-08-21 08:37:18] [SOLAR] - Adding NA-USA-SS aggregated solar data...
INFO [2024-08-21 08:37:19] [SOLAR] - Adding NA-USA-SV aggregated solar data...
INFO [2024-08-21 08:37:19] [SOLAR] - Adding NA-USA-SW aggregated solar data...
INFO [2024-08-21 08:37:19] [SOLAR] - Adding SA-ARG aggregated solar data...
INFO [2024-08-21 08:37:20] [SOLAR] - Adding SA-BOL aggregated solar data...
INFO [2024-08-21 08:37:20] [WARN] - Skipped adding solar data for SA-BRA-CN (no generators found in PLEXOS).
INFO [2024-08-21 08:37:20] [WARN] - Skipped adding solar data for SA-BRA-CW (no generators found in PLEXOS).
INFO [2024-08-21 08:37:20] [WARN] - Skipped adding solar data for SA-BRA-J1 (no generators found in PLEXOS).
INFO [2024-08-21 08:37:20] [WARN] - Skipped adding solar data for SA-BRA-J2 (no generators found in PLEXOS).
INFO [2024-08-21 08:37:20] [WARN] - Skipped adding solar data for SA-BRA-J3 (no generators found in PLEXOS).
INFO [2024-08-21 08:37:20] [SOLAR] - Adding SA-BRA-NE aggregated solar data...
INFO [2024-08-21 08:37:20] [WARN] - Skipped adding solar data for SA-BRA-NW (no generators found in PLEXOS).
INFO [2024-08-21 08:37:20] [SOLAR] - Adding SA-BRA-SE aggregated solar data...
INFO [2024-08-21 08:37:21] [SOLAR] - Adding SA-BRA-SO aggregated solar data...
INFO [2024-08-21 08:37:21] [WARN] - Skipped adding solar data for SA-BRA-WE (no generators found in PLEXOS).
INFO [2024-08-21 08:37:21] [SOLAR] - Adding SA-CHL aggregated solar data...
INFO [2024-08-21 08:37:21] [WARN] - Skipped adding solar data for SA-COL (no generators found in PLEXOS).
INFO [2024-08-21 08:37:21] [SOLAR] - Adding SA-ECU aggregated solar data...
INFO [2024-08-21 08:37:22] [SOLAR] - Adding SA-GUF aggregated solar data...
INFO [2024-08-21 08:37:22] [WARN] - Skipped adding solar data for SA-GUY (no generators found in PLEXOS).
INFO [2024-08-21 08:37:22] [SOLAR] - Adding SA-PER aggregated solar data...
INFO [2024-08-21 08:37:22] [WARN] - Skipped adding solar data for SA-PRY (no generators found in PLEXOS).
INFO [2024-08-21 08:37:22] [SOLAR] - Adding SA-URY aggregated solar data...
INFO [2024-08-21 08:37:22] [WARN] - Skipped adding solar data for SA-VEN (no generators found in PLEXOS).
INFO [2024-08-21 08:37:22] [MAIN] - Done adding solar data! (run time : 13.86s).

INFO [2024-08-21 08:37:22] [MAIN] - Beginning hydro implementation...
INFO [2024-08-21 08:37:23] [HYDRO] - Initializing NA-CAN-AB hydro parameters...
INFO [2024-08-21 08:37:24] [HYDRO] - Adding NA-CAN-AB max power timeseries...
INFO [2024-08-21 08:37:24] [HYDRO] - Adding NA-CAN-AB hydro profiles...
INFO [2024-08-21 08:37:25] [HYDRO] - Initializing NA-CAN-AR hydro parameters...
INFO [2024-08-21 08:37:26] [HYDRO] - Adding NA-CAN-AR max power timeseries...
INFO [2024-08-21 08:37:27] [HYDRO] - Adding NA-CAN-AR hydro profiles...
INFO [2024-08-21 08:37:28] [HYDRO] - Initializing NA-CAN-BC hydro parameters...
INFO [2024-08-21 08:37:28] [HYDRO] - Adding NA-CAN-BC max power timeseries...
INFO [2024-08-21 08:37:29] [HYDRO] - Adding NA-CAN-BC hydro profiles...
INFO [2024-08-21 08:37:30] [HYDRO] - Initializing NA-CAN-MB hydro parameters...
INFO [2024-08-21 08:37:30] [HYDRO] - Adding NA-CAN-MB max power timeseries...
INFO [2024-08-21 08:37:31] [HYDRO] - Adding NA-CAN-MB hydro profiles...
INFO [2024-08-21 08:37:32] [HYDRO] - Initializing NA-CAN-NL hydro parameters...
INFO [2024-08-21 08:37:32] [HYDRO] - Adding NA-CAN-NL max power timeseries...
INFO [2024-08-21 08:37:33] [HYDRO] - Adding NA-CAN-NL hydro profiles...
INFO [2024-08-21 08:37:34] [HYDRO] - Initializing NA-CAN-NO hydro parameters...
INFO [2024-08-21 08:37:34] [HYDRO] - Adding NA-CAN-NO max power timeseries...
INFO [2024-08-21 08:37:35] [HYDRO] - Adding NA-CAN-NO hydro profiles...
INFO [2024-08-21 08:37:36] [HYDRO] - Initializing NA-CAN-ON hydro parameters...
INFO [2024-08-21 08:37:37] [HYDRO] - Adding NA-CAN-ON max power timeseries...
INFO [2024-08-21 08:37:38] [HYDRO] - Adding NA-CAN-ON hydro profiles...
INFO [2024-08-21 08:37:39] [HYDRO] - Initializing NA-CAN-QC hydro parameters...
INFO [2024-08-21 08:37:39] [HYDRO] - Adding NA-CAN-QC max power timeseries...
INFO [2024-08-21 08:37:40] [HYDRO] - Adding NA-CAN-QC hydro profiles...
INFO [2024-08-21 08:37:42] [HYDRO] - Initializing NA-CAN-SK hydro parameters...
INFO [2024-08-21 08:37:42] [HYDRO] - Adding NA-CAN-SK max power timeseries...
INFO [2024-08-21 08:37:43] [HYDRO] - Adding NA-CAN-SK hydro profiles...
INFO [2024-08-21 08:37:45] [HYDRO] - Initializing NA-CRI hydro parameters...
INFO [2024-08-21 08:37:45] [HYDRO] - Adding NA-CRI max power timeseries...
INFO [2024-08-21 08:37:46] [HYDRO] - Adding NA-CRI hydro profiles...
INFO [2024-08-21 08:37:47] [HYDRO] - Initializing NA-CUB hydro parameters...
INFO [2024-08-21 08:37:48] [HYDRO] - Adding NA-CUB max power timeseries...
INFO [2024-08-21 08:37:49] [HYDRO] - Adding NA-CUB hydro profiles...
INFO [2024-08-21 08:37:50] [HYDRO] - Initializing NA-DOM hydro parameters...
INFO [2024-08-21 08:37:51] [HYDRO] - Adding NA-DOM max power timeseries...
INFO [2024-08-21 08:37:52] [HYDRO] - Adding NA-DOM hydro profiles...
INFO [2024-08-21 08:37:53] [HYDRO] - Initializing NA-GTM hydro parameters...
INFO [2024-08-21 08:37:54] [HYDRO] - Adding NA-GTM max power timeseries...
INFO [2024-08-21 08:37:55] [HYDRO] - Adding NA-GTM hydro profiles...
INFO [2024-08-21 08:37:56] [HYDRO] - Initializing NA-HND hydro parameters...
INFO [2024-08-21 08:37:56] [HYDRO] - Adding NA-HND max power timeseries...
INFO [2024-08-21 08:37:57] [HYDRO] - Adding NA-HND hydro profiles...
INFO [2024-08-21 08:37:58] [HYDRO] - Initializing NA-JAM hydro parameters...
INFO [2024-08-21 08:37:59] [HYDRO] - Adding NA-JAM max power timeseries...
INFO [2024-08-21 08:38:00] [HYDRO] - Adding NA-JAM hydro profiles...
INFO [2024-08-21 08:38:01] [HYDRO] - Initializing NA-MEX hydro parameters...
INFO [2024-08-21 08:38:02] [HYDRO] - Adding NA-MEX max power timeseries...
INFO [2024-08-21 08:38:03] [HYDRO] - Adding NA-MEX hydro profiles...
INFO [2024-08-21 08:38:04] [HYDRO] - Initializing NA-NIC hydro parameters...
INFO [2024-08-21 08:38:04] [HYDRO] - Adding NA-NIC max power timeseries...
INFO [2024-08-21 08:38:05] [HYDRO] - Adding NA-NIC hydro profiles...
INFO [2024-08-21 08:38:07] [HYDRO] - Initializing NA-PAN hydro parameters...
INFO [2024-08-21 08:38:07] [HYDRO] - Adding NA-PAN max power timeseries...
INFO [2024-08-21 08:38:08] [HYDRO] - Adding NA-PAN hydro profiles...
INFO [2024-08-21 08:38:09] [HYDRO] - Initializing NA-SLV hydro parameters...
INFO [2024-08-21 08:38:10] [HYDRO] - Adding NA-SLV max power timeseries...
INFO [2024-08-21 08:38:11] [HYDRO] - Adding NA-SLV hydro profiles...
INFO [2024-08-21 08:38:12] [HYDRO] - Initializing NA-USA-AK hydro parameters...
INFO [2024-08-21 08:38:13] [HYDRO] - Adding NA-USA-AK max power timeseries...
INFO [2024-08-21 08:38:14] [HYDRO] - Adding NA-USA-AK hydro profiles...
INFO [2024-08-21 08:38:15] [HYDRO] - Initializing NA-USA-AZ hydro parameters...
INFO [2024-08-21 08:38:15] [HYDRO] - Adding NA-USA-AZ max power timeseries...
INFO [2024-08-21 08:38:16] [HYDRO] - Adding NA-USA-AZ hydro profiles...
INFO [2024-08-21 08:38:17] [HYDRO] - Initializing NA-USA-CA hydro parameters...
INFO [2024-08-21 08:38:18] [HYDRO] - Adding NA-USA-CA max power timeseries...
INFO [2024-08-21 08:38:19] [HYDRO] - Adding NA-USA-CA hydro profiles...
INFO [2024-08-21 08:38:20] [HYDRO] - Initializing NA-USA-ER hydro parameters...
INFO [2024-08-21 08:38:21] [HYDRO] - Adding NA-USA-ER max power timeseries...
INFO [2024-08-21 08:38:22] [HYDRO] - Adding NA-USA-ER hydro profiles...
INFO [2024-08-21 08:38:23] [HYDRO] - Initializing NA-USA-FR hydro parameters...
INFO [2024-08-21 08:38:23] [HYDRO] - Adding NA-USA-FR max power timeseries...
INFO [2024-08-21 08:38:24] [HYDRO] - Adding NA-USA-FR hydro profiles...
INFO [2024-08-21 08:38:26] [HYDRO] - Initializing NA-USA-HA hydro parameters...
INFO [2024-08-21 08:38:26] [HYDRO] - Adding NA-USA-HA max power timeseries...
INFO [2024-08-21 08:38:27] [HYDRO] - Adding NA-USA-HA hydro profiles...
INFO [2024-08-21 08:38:29] [HYDRO] - Initializing NA-USA-ME hydro parameters...
INFO [2024-08-21 08:38:29] [HYDRO] - Adding NA-USA-ME max power timeseries...
INFO [2024-08-21 08:38:31] [HYDRO] - Adding NA-USA-ME hydro profiles...
INFO [2024-08-21 08:38:32] [HYDRO] - Initializing NA-USA-MW hydro parameters...
INFO [2024-08-21 08:38:33] [HYDRO] - Adding NA-USA-MW max power timeseries...
INFO [2024-08-21 08:38:34] [HYDRO] - Adding NA-USA-MW hydro profiles...
INFO [2024-08-21 08:38:35] [HYDRO] - Initializing NA-USA-NE hydro parameters...
INFO [2024-08-21 08:38:36] [HYDRO] - Adding NA-USA-NE max power timeseries...
INFO [2024-08-21 08:38:37] [HYDRO] - Adding NA-USA-NE hydro profiles...
INFO [2024-08-21 08:38:38] [HYDRO] - Initializing NA-USA-NW hydro parameters...
INFO [2024-08-21 08:38:39] [HYDRO] - Adding NA-USA-NW max power timeseries...
INFO [2024-08-21 08:38:40] [HYDRO] - Adding NA-USA-NW hydro profiles...
INFO [2024-08-21 08:38:42] [HYDRO] - Initializing NA-USA-NY hydro parameters...
INFO [2024-08-21 08:38:42] [HYDRO] - Adding NA-USA-NY max power timeseries...
INFO [2024-08-21 08:38:43] [HYDRO] - Adding NA-USA-NY hydro profiles...
INFO [2024-08-21 08:38:45] [HYDRO] - Initializing NA-USA-PR hydro parameters...
INFO [2024-08-21 08:38:46] [HYDRO] - Adding NA-USA-PR max power timeseries...
INFO [2024-08-21 08:38:47] [HYDRO] - Adding NA-USA-PR hydro profiles...
INFO [2024-08-21 08:38:48] [HYDRO] - Initializing NA-USA-RA hydro parameters...
INFO [2024-08-21 08:38:49] [HYDRO] - Adding NA-USA-RA max power timeseries...
INFO [2024-08-21 08:38:50] [HYDRO] - Adding NA-USA-RA hydro profiles...
INFO [2024-08-21 08:38:51] [HYDRO] - Initializing NA-USA-RE hydro parameters...
INFO [2024-08-21 08:38:52] [HYDRO] - Adding NA-USA-RE max power timeseries...
INFO [2024-08-21 08:38:53] [HYDRO] - Adding NA-USA-RE hydro profiles...
INFO [2024-08-21 08:38:54] [HYDRO] - Initializing NA-USA-RM hydro parameters...
INFO [2024-08-21 08:38:55] [HYDRO] - Adding NA-USA-RM max power timeseries...
INFO [2024-08-21 08:38:56] [HYDRO] - Adding NA-USA-RM hydro profiles...
INFO [2024-08-21 08:38:57] [HYDRO] - Initializing NA-USA-RW hydro parameters...
INFO [2024-08-21 08:38:58] [HYDRO] - Adding NA-USA-RW max power timeseries...
INFO [2024-08-21 08:38:59] [HYDRO] - Adding NA-USA-RW hydro profiles...
INFO [2024-08-21 08:39:00] [HYDRO] - Initializing NA-USA-SA hydro parameters...
INFO [2024-08-21 08:39:01] [HYDRO] - Adding NA-USA-SA max power timeseries...
INFO [2024-08-21 08:39:02] [HYDRO] - Adding NA-USA-SA hydro profiles...
INFO [2024-08-21 08:39:03] [HYDRO] - Initializing NA-USA-SC hydro parameters...
INFO [2024-08-21 08:39:04] [HYDRO] - Adding NA-USA-SC max power timeseries...
INFO [2024-08-21 08:39:05] [HYDRO] - Adding NA-USA-SC hydro profiles...
INFO [2024-08-21 08:39:06] [HYDRO] - Initializing NA-USA-SE hydro parameters...
INFO [2024-08-21 08:39:07] [HYDRO] - Adding NA-USA-SE max power timeseries...
INFO [2024-08-21 08:39:08] [HYDRO] - Adding NA-USA-SE hydro profiles...
INFO [2024-08-21 08:39:09] [HYDRO] - Initializing NA-USA-SN hydro parameters...
INFO [2024-08-21 08:39:10] [HYDRO] - Adding NA-USA-SN max power timeseries...
INFO [2024-08-21 08:39:11] [HYDRO] - Adding NA-USA-SN hydro profiles...
INFO [2024-08-21 08:39:12] [HYDRO] - Initializing NA-USA-SS hydro parameters...
INFO [2024-08-21 08:39:13] [HYDRO] - Adding NA-USA-SS max power timeseries...
INFO [2024-08-21 08:39:14] [HYDRO] - Adding NA-USA-SS hydro profiles...
INFO [2024-08-21 08:39:15] [HYDRO] - Initializing NA-USA-SV hydro parameters...
INFO [2024-08-21 08:39:16] [HYDRO] - Adding NA-USA-SV max power timeseries...
INFO [2024-08-21 08:39:17] [HYDRO] - Adding NA-USA-SV hydro profiles...
INFO [2024-08-21 08:39:19] [HYDRO] - Initializing NA-USA-SW hydro parameters...
INFO [2024-08-21 08:39:19] [HYDRO] - Adding NA-USA-SW max power timeseries...
INFO [2024-08-21 08:39:20] [HYDRO] - Adding NA-USA-SW hydro profiles...
INFO [2024-08-21 08:39:21] [HYDRO] - Initializing SA-ARG hydro parameters...
INFO [2024-08-21 08:39:22] [HYDRO] - Adding SA-ARG max power timeseries...
INFO [2024-08-21 08:39:23] [HYDRO] - Adding SA-ARG hydro profiles...
INFO [2024-08-21 08:39:24] [HYDRO] - Initializing SA-BOL hydro parameters...
INFO [2024-08-21 08:39:25] [HYDRO] - Adding SA-BOL max power timeseries...
INFO [2024-08-21 08:39:25] [HYDRO] - Adding SA-BOL hydro profiles...
INFO [2024-08-21 08:39:27] [HYDRO] - Initializing SA-BRA-CN hydro parameters...
INFO [2024-08-21 08:39:27] [HYDRO] - Adding SA-BRA-CN max power timeseries...
INFO [2024-08-21 08:39:28] [HYDRO] - Adding SA-BRA-CN hydro profiles...
INFO [2024-08-21 08:39:29] [HYDRO] - Initializing SA-BRA-CW hydro parameters...
INFO [2024-08-21 08:39:30] [HYDRO] - Adding SA-BRA-CW max power timeseries...
INFO [2024-08-21 08:39:31] [HYDRO] - Adding SA-BRA-CW hydro profiles...
INFO [2024-08-21 08:39:32] [HYDRO] - Initializing SA-BRA-NE hydro parameters...
INFO [2024-08-21 08:39:33] [HYDRO] - Adding SA-BRA-NE max power timeseries...
INFO [2024-08-21 08:39:34] [HYDRO] - Adding SA-BRA-NE hydro profiles...
INFO [2024-08-21 08:39:35] [HYDRO] - Initializing SA-BRA-NW hydro parameters...
INFO [2024-08-21 08:39:35] [HYDRO] - Adding SA-BRA-NW max power timeseries...
INFO [2024-08-21 08:39:36] [HYDRO] - Adding SA-BRA-NW hydro profiles...
INFO [2024-08-21 08:39:38] [HYDRO] - Initializing SA-BRA-SE hydro parameters...
INFO [2024-08-21 08:39:38] [HYDRO] - Adding SA-BRA-SE max power timeseries...
INFO [2024-08-21 08:39:39] [HYDRO] - Adding SA-BRA-SE hydro profiles...
INFO [2024-08-21 08:39:41] [HYDRO] - Initializing SA-BRA-SO hydro parameters...
INFO [2024-08-21 08:39:41] [HYDRO] - Adding SA-BRA-SO max power timeseries...
INFO [2024-08-21 08:39:42] [HYDRO] - Adding SA-BRA-SO hydro profiles...
INFO [2024-08-21 08:39:43] [HYDRO] - Initializing SA-BRA-WE hydro parameters...
INFO [2024-08-21 08:39:44] [HYDRO] - Adding SA-BRA-WE max power timeseries...
INFO [2024-08-21 08:39:45] [HYDRO] - Adding SA-BRA-WE hydro profiles...
INFO [2024-08-21 08:39:47] [HYDRO] - Initializing SA-CHL hydro parameters...
INFO [2024-08-21 08:39:47] [HYDRO] - Adding SA-CHL max power timeseries...
INFO [2024-08-21 08:39:48] [HYDRO] - Adding SA-CHL hydro profiles...
INFO [2024-08-21 08:39:49] [HYDRO] - Initializing SA-COL hydro parameters...
INFO [2024-08-21 08:39:50] [HYDRO] - Adding SA-COL max power timeseries...
INFO [2024-08-21 08:39:51] [HYDRO] - Adding SA-COL hydro profiles...
INFO [2024-08-21 08:39:52] [HYDRO] - Initializing SA-ECU hydro parameters...
INFO [2024-08-21 08:39:53] [HYDRO] - Adding SA-ECU max power timeseries...
INFO [2024-08-21 08:39:54] [HYDRO] - Adding SA-ECU hydro profiles...
INFO [2024-08-21 08:39:55] [HYDRO] - Initializing SA-GUF hydro parameters...
INFO [2024-08-21 08:39:55] [HYDRO] - Adding SA-GUF max power timeseries...
INFO [2024-08-21 08:39:56] [HYDRO] - Adding SA-GUF hydro profiles...
INFO [2024-08-21 08:39:57] [HYDRO] - Initializing SA-PER hydro parameters...
INFO [2024-08-21 08:39:58] [HYDRO] - Adding SA-PER max power timeseries...
INFO [2024-08-21 08:39:59] [HYDRO] - Adding SA-PER hydro profiles...
INFO [2024-08-21 08:40:00] [HYDRO] - Initializing SA-PRY hydro parameters...
INFO [2024-08-21 08:40:00] [HYDRO] - Adding SA-PRY max power timeseries...
INFO [2024-08-21 08:40:01] [HYDRO] - Adding SA-PRY hydro profiles...
INFO [2024-08-21 08:40:02] [HYDRO] - Initializing SA-URY hydro parameters...
INFO [2024-08-21 08:40:03] [HYDRO] - Adding SA-URY max power timeseries...
INFO [2024-08-21 08:40:04] [HYDRO] - Adding SA-URY hydro profiles...
INFO [2024-08-21 08:40:05] [HYDRO] - Initializing SA-VEN hydro parameters...
INFO [2024-08-21 08:40:05] [HYDRO] - Adding SA-VEN max power timeseries...
INFO [2024-08-21 08:40:06] [HYDRO] - Adding SA-VEN hydro profiles...
INFO [2024-08-21 08:40:06] [MAIN] - Done adding hydro!
INFO [2024-08-21 08:40:06] [MAIN] - Fetching thermal data...
INFO [2024-08-21 08:40:08] [MAIN] - Aggregating identical generators...
INFO [2024-08-21 08:40:09] [MAIN] - Running 15-clustering algorithm on generators...
INFO [2024-08-21 08:40:35] [MAIN] - Starting 15thmClu_accUCM__2024_08_21_08_40_35 simulation...
