INFO [2024-09-12 15:06:18] [MAIN] - Creating EU_full_agg__2024_09_12_15_06_18 study...

INFO [2024-09-12 15:06:19] [MAIN] - Initializing output folder...
INFO [2024-09-12 15:06:22] [MAIN] - Unit commitment mode : ACCURATE
INFO [2024-09-12 15:06:22] [MAIN] - Adding nodes...

INFO [2024-09-12 15:06:43] [MAIN] - Done adding nodes! (run time : 20.26s).

INFO [2024-09-12 15:06:43] [MAIN] - Adding districts...

INFO [2024-09-12 15:06:44] [MAIN] - Done adding districts! (run time : 1.72s).

INFO [2024-09-12 15:06:44] [MAIN] - Adding load data...

INFO [2024-09-12 15:06:59] [MAIN] - Done adding load data! (run time : 14.66s).

INFO [2024-09-12 15:06:59] [MAIN] - Fetching wind data...

INFO [2024-09-12 15:07:08] [WIND] - Saving aggregated wind data to output folder...
INFO [2024-09-12 15:07:35] [WIND] - Done saving aggregated wind data to output folder!
INFO [2024-09-12 15:07:35] [MAIN] - Done adding wind data! (run time : 36.23s).

INFO [2024-09-12 15:07:35] [MAIN] - Fetching solar data...

INFO [2024-09-12 15:07:45] [MAIN] - Done adding solar data! (run time : 10.08s).

INFO [2024-09-12 15:07:46] [MAIN] - Adding lines between areas...

INFO [2024-09-12 15:08:19] [MAIN] - Done adding lines! (run time : 33.4s).

INFO [2024-09-12 15:08:19] [MAIN] - Finished setting up Antares study! (run time : 2.01min).
 

INFO [2024-09-12 15:08:19] [MAIN] - Starting accrate_test simulation...
INFO [2024-09-12 15:11:08] [MAIN] - Antares simulation finished! (run time : 2.81min).
 

INFO [2024-09-12 15:11:11] [MAIN] - Opening latest simulation...
INFO [2024-09-12 15:11:12] [MAIN] - Preparing to compare generation values with Deane...
INFO [2024-09-12 15:18:31] [MAIN] - Done comparing generation values with Deane! (run time : 439.06 s).

INFO [2024-09-12 15:18:31] [MAIN] - Preparing to compare emissions values with Deane...
