INFO [2024-09-03 13:56:21] [MAIN] - Creating Deane_Outage__2024_09_03_13_56_20 study...

INFO [2024-09-03 13:56:21] [MAIN] - Unit commitment mode : ACCURATE
INFO [2024-09-03 13:56:21] [MAIN] - Adding nodes...

INFO [2024-09-03 13:56:23] [NODES] - Adding EU-CHE node...
INFO [2024-09-03 13:56:24] [NODES] - Adding EU-DEU node...
INFO [2024-09-03 13:56:24] [NODES] - Adding EU-FRA node...
INFO [2024-09-03 13:56:24] [MAIN] - Done adding nodes! (run time : 3.27s).

INFO [2024-09-03 13:56:24] [MAIN] - Adding districts...

INFO [2024-09-03 13:56:25] [DISTRICTS] - Creating global district...
INFO [2024-09-03 13:56:25] [DISTRICTS] - Done creating global district!
INFO [2024-09-03 13:56:25] [DISTRICTS] - Creating europe continental district...
INFO [2024-09-03 13:56:25] [DISTRICTS] - Done creating europe continental district!
INFO [2024-09-03 13:56:26] [MAIN] - Done adding districts! (run time : 1.21s).

INFO [2024-09-03 13:56:26] [MAIN] - Adding load data...

INFO [2024-09-03 13:56:27] [LOAD] - Adding EU-CHE load data...
INFO [2024-09-03 13:56:27] [LOAD] - Adding EU-DEU load data...
INFO [2024-09-03 13:56:27] [LOAD] - Adding EU-FRA load data...
INFO [2024-09-03 13:56:27] [MAIN] - Done adding load data! (run time : 1.87s).

INFO [2024-09-03 13:56:28] [MAIN] - Fetching wind data...

INFO [2024-09-03 13:56:28] [WIND] - Adding EU-CHE aggregated wind data...
INFO [2024-09-03 13:56:28] [WIND] - Adding EU-DEU aggregated wind data...
INFO [2024-09-03 13:56:28] [WIND] - Adding EU-FRA aggregated wind data...
INFO [2024-09-03 13:56:28] [MAIN] - Done adding wind data! (run time : 0.7s).

INFO [2024-09-03 13:56:28] [MAIN] - Fetching solar data...

INFO [2024-09-03 13:56:29] [SOLAR] - Adding EU-CHE aggregated solar data...
INFO [2024-09-03 13:56:29] [SOLAR] - Adding EU-DEU aggregated solar data...
INFO [2024-09-03 13:56:29] [SOLAR] - Adding EU-FRA aggregated solar data...
INFO [2024-09-03 13:56:29] [MAIN] - Done adding solar data! (run time : 0.42s).

INFO [2024-09-03 13:56:29] [MAIN] - Beginning hydro implementation...
INFO [2024-09-03 13:56:31] [HYDRO] - Initializing EU-CHE hydro parameters...
INFO [2024-09-03 13:56:32] [HYDRO] - Adding EU-CHE max power timeseries...
INFO [2024-09-03 13:56:32] [HYDRO] - Adding EU-CHE hydro profiles...
INFO [2024-09-03 13:56:34] [HYDRO] - Initializing EU-DEU hydro parameters...
INFO [2024-09-03 13:56:34] [HYDRO] - Adding EU-DEU max power timeseries...
INFO [2024-09-03 13:56:35] [HYDRO] - Adding EU-DEU hydro profiles...
INFO [2024-09-03 13:56:36] [HYDRO] - Initializing EU-FRA hydro parameters...
INFO [2024-09-03 13:56:37] [HYDRO] - Adding EU-FRA max power timeseries...
INFO [2024-09-03 13:56:38] [HYDRO] - Adding EU-FRA hydro profiles...
INFO [2024-09-03 13:56:38] [MAIN] - Done adding hydro!
INFO [2024-09-03 13:56:38] [MAIN] - Fetching thermal data...
INFO [2024-09-03 13:56:43] [MAIN] - Aggregating identical generators...
INFO [2024-09-03 13:56:43] [MAIN] - Running 15-clustering algorithm on generators...
INFO [2024-09-03 13:56:44] [MAIN] - Done running 15-clustering algorithm on generators!

INFO [2024-09-03 13:56:44] [THERMAL] - Adding CHE_GAS_CAPACITYSCALER generator to EU-CHE node...
INFO [2024-09-03 13:56:44] [THERMAL] - Adding CHE_COA_CAPACITYSCALER generator to EU-CHE node...
INFO [2024-09-03 13:56:44] [THERMAL] - Adding CHE_BIO_CAPACITYSCALER generator to EU-CHE node...
INFO [2024-09-03 13:56:50] [THERMAL] - Adding CHE_NUC_KERNKRAFTWERKB17760 generator to EU-CHE node...
INFO [2024-09-03 13:56:50] [THERMAL] - Adding CHE_NUC_KERNKRAFTWERKM17763 generator to EU-CHE node...
INFO [2024-09-03 13:56:50] [THERMAL] - Adding CHE_NUC_KERNKRAFTWERKL17762 generator to EU-CHE node...
INFO [2024-09-03 13:56:50] [THERMAL] - Adding CHE_NUC_KERNKRAFTWERKG17761 generator to EU-CHE node...
INFO [2024-09-03 13:56:50] [THERMAL] - Adding CHE_OIL_CAPACITYSCALER generator to EU-CHE node...
INFO [2024-09-03 13:56:51] [THERMAL] - Adding DEU_GAS_GERSTEINWERK11141_GEMEINSCHAFTSKR11138_RHEINHAFENDAM generator to EU-DEU node...
INFO [2024-09-03 13:56:51] [THERMAL] - Adding DEU_GAS_GUDBITTERFELD11171_GUDMARIENEHE11174_HKWMERKENICH112 generator to EU-DEU node...
INFO [2024-09-03 13:56:51] [THERMAL] - Adding DEU_GAS_HKWNIEDERRAD11220_GUDTIEFSTACK11176_SDDT6011724_GUDI generator to EU-DEU node...
INFO [2024-09-03 13:56:51] [THERMAL] - Adding DEU_GAS_HKWCHEMNITZN11199_HKWELTMANN11201_HKWWRTH11238_GUDAN generator to EU-DEU node...
INFO [2024-09-03 13:56:51] [THERMAL] - Adding DEU_GAS_GUDHKWNEUBRAN11179_GUDBAUNATALV11170_SDDT111723_HKWB generator to EU-DEU node...
INFO [2024-09-03 13:56:52] [THERMAL] - Adding DEU_GAS_BHKWH_12010908_GUDKRAFTWERK11181_HEIZKRAFTWERK411261 generator to EU-DEU node...
INFO [2024-09-03 13:56:52] [THERMAL] - Adding DEU_GAS_KESSEL211371_ERWEITERUNGENE11099 generator to EU-DEU node...
INFO [2024-09-03 13:56:53] [THERMAL] - Adding DEU_GAS_HBB11188_INEOSKRAFTWERK11321_HKW211193_HKWNORD11240_ generator to EU-DEU node...
INFO [2024-09-03 13:56:53] [THERMAL] - Adding DEU_GAS_HKWHILTROP11209_HKWSCHWERINS11231_NATURALGASKRAF1150 generator to EU-DEU node...
INFO [2024-09-03 13:56:53] [THERMAL] - Adding DEU_GAS_RAGANTHRAZITI11596_EVCGLOBALFOU11064_KRAFTWERK211393 generator to EU-DEU node...
INFO [2024-09-03 13:56:54] [THERMAL] - Adding DEU_GAS_BHKWANKLINKER10911_BHKWHAUFFSTRA10912_HEIZKRAFTWERK5 generator to EU-DEU node...
INFO [2024-09-03 13:56:54] [THERMAL] - Adding DEU_GAS_HKWDRESDENNOS11200_FRANKEN111114_HKWIIIB11212_TRIANE generator to EU-DEU node...
INFO [2024-09-03 13:56:55] [THERMAL] - Adding DEU_GAS_KIRCHMSER11375_HEIZKRAFTWERKL11273_DOWSTADE11047_DAM generator to EU-DEU node...
INFO [2024-09-03 13:56:55] [THERMAL] - Adding DEU_GAS_GTKWDARMSTADT11128_HEIZKRAFTWERKK11271_HEIZKRAFTWERK generator to EU-DEU node...
INFO [2024-09-03 13:56:55] [THERMAL] - Adding DEU_GAS_KWKIRCHLENGERN11345_HKWNIEHL211221_LICHTERFELDE11438 generator to EU-DEU node...
INFO [2024-09-03 13:56:55] [THERMAL] - Adding DEU_COA_HKWERLANGENC11203_COALPLANT111015_COALPLANT211016_EZ generator to EU-DEU node...
INFO [2024-09-03 13:56:56] [THERMAL] - Adding DEU_COA_KWVOERDE11348_JANSCHWALDEPOW11338_GKMMANNHEIM11125_F generator to EU-DEU node...
INFO [2024-09-03 13:56:56] [THERMAL] - Adding DEU_COA_BRAUNKOHLEKRAFT10993_HEYDENPOWERST11292_LIPPENDORFPO generator to EU-DEU node...
INFO [2024-09-03 13:56:56] [THERMAL] - Adding DEU_COA_KESSEL411372_KRAFTWERK11391_HKWKARCHERSTR_11214_KOHL generator to EU-DEU node...
INFO [2024-09-03 13:56:56] [THERMAL] - Adding DEU_COA_TIEFSTACKPOWER11739_FLENSBURGPOWER11111_KRAFTWERKENS generator to EU-DEU node...
INFO [2024-09-03 13:56:57] [THERMAL] - Adding DEU_COA_KWM11360_SCHOLVENPOWER11669_LNENPOWERST11449_BERGKAM generator to EU-DEU node...
INFO [2024-09-03 13:56:57] [THERMAL] - Adding DEU_COA_IBBENBRENBP11323_HAMBURGMOORBUR11247_WALHEIMPOWERS11 generator to EU-DEU node...
INFO [2024-09-03 13:56:57] [THERMAL] - Adding DEU_COA_HEIZKRAFTWERKF11266_DESSAUPOWERST11037_GRUBENHEIZKRA generator to EU-DEU node...
INFO [2024-09-03 13:56:58] [THERMAL] - Adding DEU_COA_TRIANELKOHLEKR11742_WILHELMSHAVENP11817 generator to EU-DEU node...
INFO [2024-09-03 13:56:58] [THERMAL] - Adding DEU_COA_ALTBACHPOWERS10887_ROSTOCKPOWERS11638_RHEINHAFENDAMP generator to EU-DEU node...
INFO [2024-09-03 13:56:58] [THERMAL] - Adding DEU_COA_BUERPOWERSTAT11001_COTTBUSCHPPOW11019_COLOGNEMERKENI generator to EU-DEU node...
INFO [2024-09-03 13:56:58] [THERMAL] - Adding DEU_COA_GKRAFTWERK11121_KRAFTWERKN23011406_WACHTBERGPOWER117 generator to EU-DEU node...
INFO [2024-09-03 13:56:59] [THERMAL] - Adding DEU_COA_HEIZKRAFTWERK311260_KWWEST11350_HAFENPOWERSTA11244_W generator to EU-DEU node...
INFO [2024-09-03 13:56:59] [THERMAL] - Adding DEU_COA_HEIZKRAFTWERKD11281_PLWERKJLIC11558_KRAFTWERKL571140 generator to EU-DEU node...
INFO [2024-09-03 13:56:59] [THERMAL] - Adding DEU_COA_KRAFTWERKWERDO11414_STUTTGARTMUENS11720_KIELPOWERSTA generator to EU-DEU node...
INFO [2024-09-03 13:57:00] [THERMAL] - Adding DEU_WAS_MHKWFRANKFURT11454_STORAENSOMAXA11716 generator to EU-DEU node...
INFO [2024-09-03 13:57:00] [THERMAL] - Adding DEU_BIO_WERKSKRAFTWERK11805_ABFALLENTSORGUN10878 generator to EU-DEU node...
INFO [2024-09-03 13:57:00] [THERMAL] - Adding DEU_BIO_BIOMASSGENERAT10953_FHKWLUDWIGSHAF11103_KRAFTWERKSCH generator to EU-DEU node...
INFO [2024-09-03 13:57:00] [THERMAL] - Adding DEU_BIO_BIOMASSGENERAT10955_MHKW11451_HKWMANNHEIM11216_RMVAK generator to EU-DEU node...
INFO [2024-09-03 13:57:01] [THERMAL] - Adding DEU_WAS_SITAABFALLVERW11649_MVAINGOLSTADT11462 generator to EU-DEU node...
INFO [2024-09-03 13:57:01] [THERMAL] - Adding DEU_BIO_BIOMASSGENERAT10961_DT11026_MLLKRAFTWERK11494 generator to EU-DEU node...
INFO [2024-09-03 13:57:01] [THERMAL] - Adding DEU_WAS_BIOMASSGENERAT10951_MHKWWKW11452_BIOMASSEHEIZKR10970 generator to EU-DEU node...
INFO [2024-09-03 13:57:02] [THERMAL] - Adding DEU_BIO_BIOMASSGENERAT10957_KWKNEUMARKT11355_UTB11756_AVAVEL generator to EU-DEU node...
INFO [2024-09-03 13:57:02] [THERMAL] - Adding DEU_BIO_BIOMASSGENERAT10965_BIOMASSGENERAT10967_BKF10913_HEI generator to EU-DEU node...
INFO [2024-09-03 13:57:02] [THERMAL] - Adding DEU_WAS_EBKWKNAPSACK11055_KWHAFEN11344_MKVAKREFELD11458_TREA generator to EU-DEU node...
INFO [2024-09-03 13:57:03] [THERMAL] - Adding DEU_BIO_BIOMASSGENERAT10969_ENERGIEANLAGE311089_HAMBURGERRIE generator to EU-DEU node...
INFO [2024-09-03 13:57:03] [THERMAL] - Adding DEU_WAS_EEWENERGYFROM11059_EEWGRORSCH11060_TURBOSATZ111747_G generator to EU-DEU node...
INFO [2024-09-03 13:57:03] [THERMAL] - Adding DEU_BIO_ZELLSTOFFSTEND11847_ZOLLINGPOWERS11851_CAPACITYSCALE generator to EU-DEU node...
INFO [2024-09-03 13:57:03] [THERMAL] - Adding DEU_BIO_BLOCKHEIZKRAFTW10981_ZWSF11844 generator to EU-DEU node...
INFO [2024-09-03 13:57:04] [THERMAL] - Adding DEU_WAS_MHKWROTHENSEE11457_SCAMANNHEIM11648_GMVANIEDERRHEI11 generator to EU-DEU node...
INFO [2024-09-03 13:57:04] [THERMAL] - Adding DEU_NUC_GROHNDE11162 generator to EU-DEU node...
INFO [2024-09-03 13:57:04] [THERMAL] - Adding DEU_NUC_NECKARWESTHEIM11499 generator to EU-DEU node...
INFO [2024-09-03 13:57:04] [THERMAL] - Adding DEU_NUC_EMSLAND11062 generator to EU-DEU node...
INFO [2024-09-03 13:57:05] [THERMAL] - Adding DEU_NUC_PHILIPPSBURG211562 generator to EU-DEU node...
INFO [2024-09-03 13:57:05] [THERMAL] - Adding DEU_NUC_BROKDORF10922 generator to EU-DEU node...
INFO [2024-09-03 13:57:05] [THERMAL] - Adding DEU_NUC_ISAR211322 generator to EU-DEU node...
INFO [2024-09-03 13:57:06] [THERMAL] - Adding DEU_NUC_KERNKRAFTGUNDR11370 generator to EU-DEU node...
INFO [2024-09-03 13:57:06] [THERMAL] - Adding DEU_OIL_RAFFINERIEKRAFT11602 generator to EU-DEU node...
INFO [2024-09-03 13:57:06] [THERMAL] - Adding DEU_OIL_CAPACITYSCALER generator to EU-DEU node...
INFO [2024-09-03 13:57:07] [THERMAL] - Adding DEU_OIL_WILMERSDORF11818 generator to EU-DEU node...
INFO [2024-09-03 13:57:07] [THERMAL] - Adding DEU_OIL_IKSPCKSCHWEDT11316_KWMITTELSBRE11346 generator to EU-DEU node...
INFO [2024-09-03 13:57:07] [THERMAL] - Adding DEU_OIL_MOABITOIL11482 generator to EU-DEU node...
INFO [2024-09-03 13:57:08] [THERMAL] - Adding DEU_OIL_SPITZENLASTKRAF11704 generator to EU-DEU node...
INFO [2024-09-03 13:57:08] [THERMAL] - Adding DEU_OIL_WILHELMSHAVEN11816_SPITZENLASTANLA11702 generator to EU-DEU node...
INFO [2024-09-03 13:57:08] [THERMAL] - Adding DEU_OIL_AUDORF10902_ITZEHOE11337_KRAFTWERKHAUSH11399_RAFFINE generator to EU-DEU node...
INFO [2024-09-03 13:57:09] [THERMAL] - Adding DEU_OIL_WEDEL11792 generator to EU-DEU node...
INFO [2024-09-03 13:57:09] [THERMAL] - Adding DEU_OIL_KRAFTWERK11392_MIRO11477 generator to EU-DEU node...
INFO [2024-09-03 13:57:09] [THERMAL] - Adding DEU_OIL_EEV11058 generator to EU-DEU node...
INFO [2024-09-03 13:57:10] [THERMAL] - Adding DEU_OIL_SKWNATURALGAS11651_KRAFTWERKFULDA11397 generator to EU-DEU node...
INFO [2024-09-03 13:57:10] [THERMAL] - Adding DEU_OIL_DKWLEINAU11024_DKWNORD11025_SKWDIESEL11650 generator to EU-DEU node...
INFO [2024-09-03 13:57:11] [THERMAL] - Adding DEU_OIL_SPITZENLASTKRAF11703_KRAFTWERKWALHE11413 generator to EU-DEU node...
INFO [2024-09-03 13:57:11] [THERMAL] - Adding DEU_OIL_BRUNSBTTEL11000 generator to EU-DEU node...
INFO [2024-09-03 13:57:11] [THERMAL] - Adding DEU_GEO_CAPACITYSCALER generator to EU-DEU node...
INFO [2024-09-03 13:57:12] [THERMAL] - Adding DEU_WAV_CAPACITYSCALER generator to EU-DEU node...
INFO [2024-09-03 13:57:12] [THERMAL] - Adding DEU_OTH_ILKEKT11319 generator to EU-DEU node...
INFO [2024-09-03 13:57:12] [THERMAL] - Adding DEU_OTH_BIOMASSGENERAT10952 generator to EU-DEU node...
INFO [2024-09-03 13:57:12] [THERMAL] - Adding DEU_OTH_HKWWEST11236 generator to EU-DEU node...
INFO [2024-09-03 13:57:13] [THERMAL] - Adding DEU_OTH_DKKRAFTWERK11023 generator to EU-DEU node...
INFO [2024-09-03 13:57:13] [THERMAL] - Adding DEU_OTH_EBSHEIZKRAFTWE11057 generator to EU-DEU node...
INFO [2024-09-03 13:57:13] [THERMAL] - Adding DEU_OTH_OXEAGMBH11555 generator to EU-DEU node...
INFO [2024-09-03 13:57:14] [THERMAL] - Adding DEU_OTH_KRAFTWERKNORD11407 generator to EU-DEU node...
INFO [2024-09-03 13:57:14] [THERMAL] - Adding DEU_OTH_GICHTNATURALGA11145 generator to EU-DEU node...
INFO [2024-09-03 13:57:14] [THERMAL] - Adding DEU_OTH_O1011535 generator to EU-DEU node...
INFO [2024-09-03 13:57:15] [THERMAL] - Adding DEU_OTH_IKW11317 generator to EU-DEU node...
INFO [2024-09-03 13:57:15] [THERMAL] - Adding DEU_OTH_KRAFTWERKSALZG11409 generator to EU-DEU node...
INFO [2024-09-03 13:57:15] [THERMAL] - Adding FRA_GAS_GENNEVILLIERS19464 generator to EU-FRA node...
INFO [2024-09-03 13:57:15] [THERMAL] - Adding FRA_GAS_PONTSURSAMBRE10198 generator to EU-FRA node...
INFO [2024-09-03 13:57:15] [THERMAL] - Adding FRA_GAS_CROIXDEMETZ9304 generator to EU-FRA node...
INFO [2024-09-03 13:57:16] [THERMAL] - Adding FRA_GAS_COMBIGOLFE9114 generator to EU-FRA node...
INFO [2024-09-03 13:57:16] [THERMAL] - Adding FRA_GAS_BLENOD58946 generator to EU-FRA node...
INFO [2024-09-03 13:57:16] [THERMAL] - Adding FRA_GAS_EMILEHUCHET9363 generator to EU-FRA node...
INFO [2024-09-03 13:57:16] [THERMAL] - Adding FRA_GAS_BOUCHAIN78948 generator to EU-FRA node...
INFO [2024-09-03 13:57:16] [THERMAL] - Adding FRA_GAS_MARTIGUESPONTE9866 generator to EU-FRA node...
INFO [2024-09-03 13:57:16] [THERMAL] - Adding FRA_GAS_CAPACITYSCALER generator to EU-FRA node...
INFO [2024-09-03 13:57:17] [THERMAL] - Adding FRA_GAS_DK69328 generator to EU-FRA node...
INFO [2024-09-03 13:57:17] [THERMAL] - Adding FRA_COA_LUCY39603 generator to EU-FRA node...
INFO [2024-09-03 13:57:17] [THERMAL] - Adding FRA_COA_CAPACITYSCALER generator to EU-FRA node...
INFO [2024-09-03 13:57:17] [THERMAL] - Adding FRA_COA_EMILEHUCHET9364 generator to EU-FRA node...
INFO [2024-09-03 13:57:17] [THERMAL] - Adding FRA_COA_CORDEMAIS49116_HAVRE49538 generator to EU-FRA node...
INFO [2024-09-03 13:57:18] [THERMAL] - Adding FRA_COA_PROVENCE510115 generator to EU-FRA node...
INFO [2024-09-03 13:57:18] [THERMAL] - Adding FRA_BIO_NICE10055_SAINTOUEN10475 generator to EU-FRA node...
INFO [2024-09-03 13:57:18] [THERMAL] - Adding FRA_BIO_ARQUES8899_BOUROGNE9059_CHANG9200_DIJON9341_GUICHAIN generator to EU-FRA node...
INFO [2024-09-03 13:57:18] [THERMAL] - Adding FRA_BIO_DUNKERQUE9360_FORTDEFRANCE9428_MONTECH9977_NOYELLESS generator to EU-FRA node...
INFO [2024-09-03 13:57:19] [THERMAL] - Adding FRA_BIO_BAILLEULSURTH8957_BARSURAUBE8965_BENET8996_BNAC9102_ generator to EU-FRA node...
INFO [2024-09-03 13:57:19] [THERMAL] - Adding FRA_BIO_FOSSURMER9434_ISSYLESMOULIN9578 generator to EU-FRA node...
INFO [2024-09-03 13:57:19] [THERMAL] - Adding FRA_BIO_AIXENPROVENCE8840_ARPAJONSURC8897_BAYONNE8976_CENON9 generator to EU-FRA node...
INFO [2024-09-03 13:57:19] [THERMAL] - Adding FRA_BIO_CAPACITYSCALER generator to EU-FRA node...
INFO [2024-09-03 13:57:19] [THERMAL] - Adding FRA_BIO_AMIENS8869_BLARINGHEM9020_CONCARNEAU9263_CRPYENVALOI generator to EU-FRA node...
INFO [2024-09-03 13:57:20] [THERMAL] - Adding FRA_BIO_ANTIBES8878_MDAMILL9926_NMES10077_MORCENX9998_ORLANS generator to EU-FRA node...
INFO [2024-09-03 13:57:20] [THERMAL] - Adding FRA_BIO_LEPLESSISGASS9757_SAINTJEANDEF10422_CLERMONTFERRAN92 generator to EU-FRA node...
INFO [2024-09-03 13:57:20] [THERMAL] - Adding FRA_BIO_BOURGOINJALLIE9058_SALAISESURSAN10550 generator to EU-FRA node...
INFO [2024-09-03 13:57:20] [THERMAL] - Adding FRA_BIO_VERTLEGRAND10758_CALCE9127 generator to EU-FRA node...
INFO [2024-09-03 13:57:20] [THERMAL] - Adding FRA_BIO_ALLEMANT8850_AMANVILLERS8862_AUCH8917_BIMONT9017_BOR generator to EU-FRA node...
INFO [2024-09-03 13:57:21] [THERMAL] - Adding FRA_BIO_LEMANS9746_VAUXLEPNIL10743_VILLERSSAINTP10788 generator to EU-FRA node...
INFO [2024-09-03 13:57:21] [THERMAL] - Adding FRA_BIO_COURON9296_DOUCHYLESMINE9352_LATRONCHE9660_LESCAR979 generator to EU-FRA node...
INFO [2024-09-03 13:57:21] [THERMAL] - Adding FRA_NUC_STLAURENT10330 generator to EU-FRA node...
INFO [2024-09-03 13:57:21] [THERMAL] - Adding FRA_NUC_CHINON9109 generator to EU-FRA node...
INFO [2024-09-03 13:57:22] [THERMAL] - Adding FRA_NUC_BLAYAIS8945 generator to EU-FRA node...
INFO [2024-09-03 13:57:22] [THERMAL] - Adding FRA_NUC_CRUAS9118_TRICASTIN110646 generator to EU-FRA node...
INFO [2024-09-03 13:57:22] [THERMAL] - Adding FRA_NUC_BELLEVILLE8944_GOLFECH9466_NOGENT10036 generator to EU-FRA node...
INFO [2024-09-03 13:57:22] [THERMAL] - Adding FRA_NUC_FLAMANVILLE9394_PENLY10110 generator to EU-FRA node...
INFO [2024-09-03 13:57:23] [THERMAL] - Adding FRA_NUC_STALBAN10328 generator to EU-FRA node...
INFO [2024-09-03 13:57:23] [THERMAL] - Adding FRA_NUC_GRAVELINES9468 generator to EU-FRA node...
INFO [2024-09-03 13:57:23] [THERMAL] - Adding FRA_NUC_CATTENOM9106 generator to EU-FRA node...
INFO [2024-09-03 13:57:23] [THERMAL] - Adding FRA_NUC_FESSENHEIM9393 generator to EU-FRA node...
INFO [2024-09-03 13:57:24] [THERMAL] - Adding FRA_NUC_PALUEL10108 generator to EU-FRA node...
INFO [2024-09-03 13:57:24] [THERMAL] - Adding FRA_NUC_DAMPIERRE9326 generator to EU-FRA node...
INFO [2024-09-03 13:57:24] [THERMAL] - Adding FRA_NUC_BUGEY8952 generator to EU-FRA node...
INFO [2024-09-03 13:57:24] [THERMAL] - Adding FRA_NUC_CIVAUX9111 generator to EU-FRA node...
INFO [2024-09-03 13:57:25] [THERMAL] - Adding FRA_NUC_CHOOZ9110 generator to EU-FRA node...
INFO [2024-09-03 13:57:25] [THERMAL] - Adding FRA_OIL_BRENNILIS8950 generator to EU-FRA node...
INFO [2024-09-03 13:57:25] [THERMAL] - Adding FRA_OIL_DIRINON9327 generator to EU-FRA node...
INFO [2024-09-03 13:57:25] [THERMAL] - Adding FRA_OIL_ARRIGHI8823 generator to EU-FRA node...
INFO [2024-09-03 13:57:26] [THERMAL] - Adding FRA_OIL_CORDEMAIS9115 generator to EU-FRA node...
INFO [2024-09-03 13:57:26] [THERMAL] - Adding FRA_OIL_CAPACITYSCALER generator to EU-FRA node...
INFO [2024-09-03 13:57:26] [THERMAL] - Adding FRA_OIL_PORCHEVILLE10112 generator to EU-FRA node...
INFO [2024-09-03 13:57:27] [THERMAL] - Adding FRA_GEO_BOUILLANTE9046 generator to EU-FRA node...
INFO [2024-09-03 13:57:27] [THERMAL] - Adding FRA_WAV_RANCE10241 generator to EU-FRA node...
INFO [2024-09-03 13:57:27] [THERMAL] - Adding FRA_WAV_CAPACITYSCALER generator to EU-FRA node...
INFO [2024-09-03 13:57:37] [MAIN] - Done adding thermal data! (run time : 0.99min).

INFO [2024-09-03 13:57:37] [MAIN] - Fetching battery data...

INFO [2024-09-03 13:57:37] [MAIN] - Aggregating identical batteries...
INFO [2024-09-03 13:57:38] [STORAGE] - Adding CHE_CHE_SwissDualCircui104 battery to EU-CHE node...
INFO [2024-09-03 13:57:38] [STORAGE] - Adding CHE_CHE_50kW60kWhEnergy99_Passivhaus50kW1103 battery to EU-CHE node...
INFO [2024-09-03 13:57:38] [STORAGE] - Adding CHE_CHE_CKWESpeicherWer100 battery to EU-CHE node...
INFO [2024-09-03 13:57:38] [STORAGE] - Adding CHE_CHE_LausannePolytec102 battery to EU-CHE node...
INFO [2024-09-03 13:57:38] [STORAGE] - Adding CHE_CHE_EPFLLeclancheDi101 battery to EU-CHE node...
INFO [2024-09-03 13:57:39] [STORAGE] - Adding CHE_CHE_TheZurichDietik105 battery to EU-CHE node...
INFO [2024-09-03 13:57:39] [STORAGE] - Adding CHE_PHS_OvaSpinPumpedHy119 battery to EU-CHE node...
INFO [2024-09-03 13:57:39] [STORAGE] - Adding CHE_PHS_Handeck3PumpedH112 battery to EU-CHE node...
INFO [2024-09-03 13:57:39] [STORAGE] - Adding CHE_PHS_EtzelwerkPumped107 battery to EU-CHE node...
INFO [2024-09-03 13:57:39] [STORAGE] - Adding CHE_PHS_TierfehdNestilP121 battery to EU-CHE node...
INFO [2024-09-03 13:57:40] [STORAGE] - Adding CHE_PHS_RobieiPumpedHyd120 battery to EU-CHE node...
INFO [2024-09-03 13:57:40] [STORAGE] - Adding CHE_PHS_GougraPumpedHyd109 battery to EU-CHE node...
INFO [2024-09-03 13:57:40] [STORAGE] - Adding CHE_PHS_FerreraPumpedHy108 battery to EU-CHE node...
INFO [2024-09-03 13:57:41] [STORAGE] - Adding CHE_PHS_HongrinLemanPum113 battery to EU-CHE node...
INFO [2024-09-03 13:57:41] [STORAGE] - Adding CHE_PHS_VeytauxFMHLPump122 battery to EU-CHE node...
INFO [2024-09-03 13:57:41] [STORAGE] - Adding CHE_PHS_Grimsel2PumpedH110 battery to EU-CHE node...
INFO [2024-09-03 13:57:41] [STORAGE] - Adding CHE_PHS_EmossonPumpedHy106 battery to EU-CHE node...
INFO [2024-09-03 13:57:42] [STORAGE] - Adding CHE_PHS_MapraggPumpedHy117 battery to EU-CHE node...
INFO [2024-09-03 13:57:42] [STORAGE] - Adding CHE_PHS_LinthLimmernPum116 battery to EU-CHE node...
INFO [2024-09-03 13:57:42] [STORAGE] - Adding CHE_PHS_Grimsel3PumpedH111 battery to EU-CHE node...
INFO [2024-09-03 13:57:43] [STORAGE] - Adding CHE_PHS_NantdeDrancePum118 battery to EU-CHE node...
INFO [2024-09-03 13:57:43] [STORAGE] - Adding CHE_PHS_LagoBiancoPumpe114_Linthal2015Lint115 battery to EU-CHE node...
INFO [2024-09-03 13:57:43] [STORAGE] - Adding DEU_CHE_IHEMIntelligent251 battery to EU-DEU node...
INFO [2024-09-03 13:57:43] [STORAGE] - Adding DEU_CHE_Web2EnergySmart264 battery to EU-DEU node...
INFO [2024-09-03 13:57:43] [STORAGE] - Adding DEU_CHE_10kW100kWhHaakF228 battery to EU-DEU node...
INFO [2024-09-03 13:57:44] [STORAGE] - Adding DEU_CHE_SmartOperatorWi259 battery to EU-DEU node...
INFO [2024-09-03 13:57:44] [STORAGE] - Adding DEU_CHE_QinousDemonstra254 battery to EU-DEU node...
INFO [2024-09-03 13:57:44] [STORAGE] - Adding DEU_CHE_IntelligentesNe252 battery to EU-DEU node...
INFO [2024-09-03 13:57:45] [STORAGE] - Adding DEU_CHE_CellcubeWilliba238 battery to EU-DEU node...
INFO [2024-09-03 13:57:45] [STORAGE] - Adding DEU_CHE_BatteryEnergySt232_Netlab2Sonderbu253_SmartOperatorW battery to EU-DEU node...
INFO [2024-09-03 13:57:45] [STORAGE] - Adding DEU_CHE_SwagBoschCommun263 battery to EU-DEU node...
INFO [2024-09-03 13:57:45] [STORAGE] - Adding DEU_CHE_CustomerProject239_FastChargingeBu247 battery to EU-DEU node...
INFO [2024-09-03 13:57:46] [STORAGE] - Adding DEU_CHE_HIUPVBatterySys250 battery to EU-DEU node...
INFO [2024-09-03 13:57:46] [STORAGE] - Adding DEU_CHE_SmartOperator257_SmartOperatorKi258 battery to EU-DEU node...
INFO [2024-09-03 13:57:46] [STORAGE] - Adding DEU_CHE_QinousDemonstra255 battery to EU-DEU node...
INFO [2024-09-03 13:57:47] [STORAGE] - Adding DEU_CHE_SmartRegionPell261 battery to EU-DEU node...
INFO [2024-09-03 13:57:47] [STORAGE] - Adding DEU_CHE_YounicosandVatt266 battery to EU-DEU node...
INFO [2024-09-03 13:57:47] [STORAGE] - Adding DEU_CHE_EEBattEnergyNei244 battery to EU-DEU node...
INFO [2024-09-03 13:57:48] [STORAGE] - Adding DEU_CHE_250kW1MWhElCheW231_BatteryEnergySt233 battery to EU-DEU node...
INFO [2024-09-03 13:57:48] [STORAGE] - Adding DEU_CHE_DMGGildemeister241 battery to EU-DEU node...
INFO [2024-09-03 13:57:48] [STORAGE] - Adding DEU_CHE_BoschBraderupES235 battery to EU-DEU node...
INFO [2024-09-03 13:57:49] [STORAGE] - Adding DEU_CHE_SmartRegionPell262 battery to EU-DEU node...
INFO [2024-09-03 13:57:49] [STORAGE] - Adding DEU_CHE_EnerconWindTurb245 battery to EU-DEU node...
INFO [2024-09-03 13:57:49] [STORAGE] - Adding DEU_CHE_1MWLESSYVolklin230 battery to EU-DEU node...
INFO [2024-09-03 13:57:50] [STORAGE] - Adding DEU_CHE_YounicosandVatt267 battery to EU-DEU node...
INFO [2024-09-03 13:57:50] [STORAGE] - Adding DEU_CHE_CatervaSWARM237 battery to EU-DEU node...
INFO [2024-09-03 13:57:51] [STORAGE] - Adding DEU_CHE_EnergyBufferUni246 battery to EU-DEU node...
INFO [2024-09-03 13:57:51] [STORAGE] - Adding DEU_CHE_RedoxWindTheFra256 battery to EU-DEU node...
INFO [2024-09-03 13:57:51] [STORAGE] - Adding DEU_CHE_BoschBraderupES236_DREWAGReick2MWP242 battery to EU-DEU node...
INFO [2024-09-03 13:57:52] [STORAGE] - Adding DEU_CHE_Drverden3MWBatt243 battery to EU-DEU node...
INFO [2024-09-03 13:57:52] [STORAGE] - Adding DEU_CHE_BESSNeuhardenbe234 battery to EU-DEU node...
INFO [2024-09-03 13:57:52] [STORAGE] - Adding DEU_CHE_FeldheimRegiona248 battery to EU-DEU node...
INFO [2024-09-03 13:57:53] [STORAGE] - Adding DEU_CHE_Daimler2ndLifeS240 battery to EU-DEU node...
INFO [2024-09-03 13:57:53] [STORAGE] - Adding DEU_CHE_15MWEnergyStora229 battery to EU-DEU node...
INFO [2024-09-03 13:57:54] [STORAGE] - Adding DEU_CHE_WEMAGSchwerinBa265 battery to EU-DEU node...
INFO [2024-09-03 13:57:54] [STORAGE] - Adding DEU_CHE_GermanyResident249 battery to EU-DEU node...
INFO [2024-09-03 13:57:55] [STORAGE] - Adding DEU_THE_JulichSolarTowe302 battery to EU-DEU node...
INFO [2024-09-03 13:57:55] [STORAGE] - Adding DEU_HYD_ThgaDemonstrati273 battery to EU-DEU node...
INFO [2024-09-03 13:57:55] [STORAGE] - Adding DEU_HYD_EnBWStuttgartHy270 battery to EU-DEU node...
INFO [2024-09-03 13:57:56] [STORAGE] - Adding DEU_HYD_E.ONquotPowerto269_Grapzow140MWWin272 battery to EU-DEU node...
INFO [2024-09-03 13:57:56] [STORAGE] - Adding DEU_HYD_AudiegasProject268_EnergieparkMain271 battery to EU-DEU node...
INFO [2024-09-03 13:57:57] [STORAGE] - Adding DEU_PHS_Kirchentellinsf282 battery to EU-DEU node...
INFO [2024-09-03 13:57:57] [STORAGE] - Adding DEU_PHS_Ruselkraftwerke291 battery to EU-DEU node...
INFO [2024-09-03 13:57:58] [STORAGE] - Adding DEU_PHS_SorpeseePumpedS294 battery to EU-DEU node...
INFO [2024-09-03 13:57:58] [STORAGE] - Adding DEU_PHS_TanzmhlePumpedS295 battery to EU-DEU node...
INFO [2024-09-03 13:57:59] [STORAGE] - Adding DEU_PHS_NiederwarthaPum287 battery to EU-DEU node...
INFO [2024-09-03 13:57:59] [STORAGE] - Adding DEU_PHS_SchwarzenbachPu292 battery to EU-DEU node...
INFO [2024-09-03 13:58:00] [STORAGE] - Adding DEU_PHS_LeitzachwerkI284 battery to EU-DEU node...
INFO [2024-09-03 13:58:00] [STORAGE] - Adding DEU_PHS_LeitzachwerkII285 battery to EU-DEU node...
INFO [2024-09-03 13:58:01] [STORAGE] - Adding DEU_PHS_WendefurthPower300 battery to EU-DEU node...
INFO [2024-09-03 13:58:01] [STORAGE] - Adding DEU_PHS_BleilochPumpedS274 battery to EU-DEU node...
INFO [2024-09-03 13:58:02] [STORAGE] - Adding DEU_PHS_GlemsPumpedStor277 battery to EU-DEU node...
INFO [2024-09-03 13:58:02] [STORAGE] - Adding DEU_PHS_ReisachPumpedSt288 battery to EU-DEU node...
INFO [2024-09-03 13:58:03] [STORAGE] - Adding DEU_PHS_HusernPumpedSto281 battery to EU-DEU node...
INFO [2024-09-03 13:58:03] [STORAGE] - Adding DEU_PHS_GeesthachtPumpe276 battery to EU-DEU node...
INFO [2024-09-03 13:58:04] [STORAGE] - Adding DEU_PHS_WaldeckIPumpedH297 battery to EU-DEU node...
INFO [2024-09-03 13:58:04] [STORAGE] - Adding DEU_PHS_RnkhausenPumped290 battery to EU-DEU node...
INFO [2024-09-03 13:58:05] [STORAGE] - Adding DEU_PHS_WaldshutPumpedS298 battery to EU-DEU node...
INFO [2024-09-03 13:58:05] [STORAGE] - Adding DEU_PHS_HerdeckePumpedS279 battery to EU-DEU node...
INFO [2024-09-03 13:58:06] [STORAGE] - Adding DEU_PHS_Langenprozelten283 battery to EU-DEU node...
INFO [2024-09-03 13:58:06] [STORAGE] - Adding DEU_PHS_WitznauPumpedSt301 battery to EU-DEU node...
INFO [2024-09-03 13:58:07] [STORAGE] - Adding DEU_PHS_ErzhausenPumped275 battery to EU-DEU node...
INFO [2024-09-03 13:58:07] [STORAGE] - Adding DEU_PHS_RiedlEnergyStor289 battery to EU-DEU node...
INFO [2024-09-03 13:58:08] [STORAGE] - Adding DEU_PHS_SckingenPumpedS293 battery to EU-DEU node...
INFO [2024-09-03 13:58:08] [STORAGE] - Adding DEU_PHS_HohenwartePumpe280 battery to EU-DEU node...
INFO [2024-09-03 13:58:09] [STORAGE] - Adding DEU_PHS_WaldeckII296 battery to EU-DEU node...
INFO [2024-09-03 13:58:09] [STORAGE] - Adding DEU_PHS_WehrPumpedStora299 battery to EU-DEU node...
INFO [2024-09-03 13:58:10] [STORAGE] - Adding DEU_PHS_MarkersbachPump286 battery to EU-DEU node...
INFO [2024-09-03 13:58:11] [STORAGE] - Adding DEU_PHS_GoldisthalPumpe278 battery to EU-DEU node...
INFO [2024-09-03 13:58:11] [STORAGE] - Adding FRA_CHE_DIYESS5kWhLiFeP376 battery to EU-FRA node...
INFO [2024-09-03 13:58:12] [STORAGE] - Adding FRA_CHE_DieselGenerator375 battery to EU-FRA node...
INFO [2024-09-03 13:58:12] [STORAGE] - Adding FRA_CHE_EDFENGabardoneP377 battery to EU-FRA node...
INFO [2024-09-03 13:58:13] [STORAGE] - Adding FRA_CHE_NICEGRIDproject380 battery to EU-FRA node...
INFO [2024-09-03 13:58:13] [STORAGE] - Adding FRA_CHE_INESProject379 battery to EU-FRA node...
INFO [2024-09-03 13:58:14] [STORAGE] - Adding FRA_CHE_NICEGRIDproject381 battery to EU-FRA node...
INFO [2024-09-03 13:58:14] [STORAGE] - Adding FRA_CHE_ReunionIslandPe382 battery to EU-FRA node...
INFO [2024-09-03 13:58:15] [STORAGE] - Adding FRA_CHE_EDFRampDLesRena378 battery to EU-FRA node...
INFO [2024-09-03 13:58:15] [STORAGE] - Adding FRA_CHE_CarrosNICEGRIDP374 battery to EU-FRA node...
INFO [2024-09-03 13:58:16] [STORAGE] - Adding FRA_CHE_ADEMEIntelligen373 battery to EU-FRA node...
INFO [2024-09-03 13:58:16] [STORAGE] - Adding FRA_THE_AlbaNova1SolarP394 battery to EU-FRA node...
INFO [2024-09-03 13:58:16] [STORAGE] - Adding FRA_HYD_UniveristyofCor383 battery to EU-FRA node...
INFO [2024-09-03 13:58:17] [STORAGE] - Adding FRA_PHS_AlrancePumpedSt384 battery to EU-FRA node...
INFO [2024-09-03 13:58:17] [STORAGE] - Adding FRA_PHS_ArgentatPumpedS385 battery to EU-FRA node...
INFO [2024-09-03 13:58:18] [STORAGE] - Adding FRA_PHS_LaRanceTidalPow388 battery to EU-FRA node...
INFO [2024-09-03 13:58:18] [STORAGE] - Adding FRA_PHS_LaCochePumpedSt387 battery to EU-FRA node...
INFO [2024-09-03 13:58:19] [STORAGE] - Adding FRA_PHS_LePougetPumpedS390 battery to EU-FRA node...
INFO [2024-09-03 13:58:19] [STORAGE] - Adding FRA_PHS_LeCheylasPumped389 battery to EU-FRA node...
INFO [2024-09-03 13:58:20] [STORAGE] - Adding FRA_PHS_SuperBissortePu393 battery to EU-FRA node...
INFO [2024-09-03 13:58:20] [STORAGE] - Adding FRA_PHS_RevinPumpedStor392 battery to EU-FRA node...
INFO [2024-09-03 13:58:21] [STORAGE] - Adding FRA_PHS_MontzicPumpedSt391 battery to EU-FRA node...
INFO [2024-09-03 13:58:21] [STORAGE] - Adding FRA_PHS_Grand039MaisonD386 battery to EU-FRA node...
INFO [2024-09-03 13:58:21] [MAIN] - Done adding battery data! (run time : 0.73min).

INFO [2024-09-03 13:58:21] [MAIN] - Adding lines between areas...

INFO [2024-09-03 13:58:23] [LINES] - Adding EU-CHE to EU-DEU line...
INFO [2024-09-03 13:58:24] [LINES] - Adding EU-CHE to EU-FRA line...
INFO [2024-09-03 13:58:24] [LINES] - Adding EU-DEU to EU-FRA line...
INFO [2024-09-03 13:58:24] [MAIN] - Done adding lines! (run time : 2.46s).

INFO [2024-09-03 13:58:24] [MAIN] - Finished setting up Antares study! (run time : 2.05min).
 

