INFO [2024-09-04 09:46:35] [MAIN] - Creating v2_test__2024_09_04_09_46_34 study...

INFO [2024-09-04 09:46:35] [MAIN] - Unit commitment mode : ACCURATE
INFO [2024-09-04 09:46:35] [MAIN] - Adding nodes...

INFO [2024-09-04 09:46:37] [MAIN] - Done adding nodes! (run time : 2.03s).

INFO [2024-09-04 09:46:37] [MAIN] - Adding districts...

INFO [2024-09-04 09:46:38] [MAIN] - Done adding districts! (run time : 0.9s).

INFO [2024-09-04 09:46:38] [MAIN] - Adding load data...

INFO [2024-09-04 09:46:39] [MAIN] - Done adding load data! (run time : 1.5s).

INFO [2024-09-04 09:46:39] [MAIN] - Fetching wind data...

INFO [2024-09-04 09:46:40] [MAIN] - Done adding wind data! (run time : 0.26s).

INFO [2024-09-04 09:46:40] [MAIN] - Fetching solar data...

INFO [2024-09-04 09:46:40] [MAIN] - Done adding solar data! (run time : 0.24s).

INFO [2024-09-04 09:46:40] [MAIN] - Beginning hydro implementation...
INFO [2024-09-04 09:46:45] [MAIN] - Done adding hydro!
INFO [2024-09-04 09:46:45] [MAIN] - Fetching thermal data...
INFO [2024-09-04 09:46:47] [MAIN] - Aggregating identical generators...
INFO [2024-09-04 09:46:47] [MAIN] - Running 10-clustering algorithm on generators...
INFO [2024-09-04 09:46:47] [MAIN] - Done running 10-clustering algorithm on generators!

INFO [2024-09-04 09:47:09] [MAIN] - Done adding thermal data! (run time : 0.4min).

INFO [2024-09-04 09:47:09] [MAIN] - Fetching battery data...

INFO [2024-09-04 09:47:10] [MAIN] - Aggregating identical batteries...
INFO [2024-09-04 09:47:10] [MAIN] - Running 10-clustering algorithm on batteries...
INFO [2024-09-04 09:47:10] [MAIN] - Done running 10-clustering algorithm on batteries!

