INFO [2024-07-31 10:56:41] [MAIN] - Creating Etude_sur_R_Monde__2024_07_31_10_56_41 study...
INFO [2024-07-31 10:56:41] [MAIN] - Adding nodes...

INFO [2024-07-31 10:56:42] [NODES] - Adding EU-ALB node...
INFO [2024-07-31 10:56:42] [NODES] - Adding EU-ARM node...
INFO [2024-07-31 10:56:43] [NODES] - Adding EU-AUT node...
INFO [2024-07-31 10:56:43] [NODES] - Adding EU-AZE node...
INFO [2024-07-31 10:56:43] [NODES] - Adding EU-BEL node...
INFO [2024-07-31 10:56:44] [NODES] - Adding EU-BGR node...
INFO [2024-07-31 10:56:44] [NODES] - Adding EU-BIH node...
INFO [2024-07-31 10:56:44] [NODES] - Adding EU-BLR node...
INFO [2024-07-31 10:56:45] [NODES] - Adding EU-CHE node...
INFO [2024-07-31 10:56:45] [NODES] - Adding EU-CYP node...
INFO [2024-07-31 10:56:46] [NODES] - Adding EU-CZE node...
INFO [2024-07-31 10:56:46] [NODES] - Adding EU-DEU node...
INFO [2024-07-31 10:56:47] [NODES] - Adding EU-DNK node...
INFO [2024-07-31 10:56:47] [NODES] - Adding EU-ESP node...
INFO [2024-07-31 10:56:48] [NODES] - Adding EU-EST node...
INFO [2024-07-31 10:56:48] [NODES] - Adding EU-FIN node...
INFO [2024-07-31 10:56:49] [NODES] - Adding EU-FRA node...
INFO [2024-07-31 10:56:49] [NODES] - Adding EU-GBR node...
INFO [2024-07-31 10:56:50] [NODES] - Adding EU-GEO node...
INFO [2024-07-31 10:56:50] [NODES] - Adding EU-GRC node...
INFO [2024-07-31 10:56:51] [NODES] - Adding EU-HRV node...
INFO [2024-07-31 10:56:51] [NODES] - Adding EU-HUN node...
INFO [2024-07-31 10:56:52] [NODES] - Adding EU-IRL node...
INFO [2024-07-31 10:56:52] [NODES] - Adding EU-ISL node...
INFO [2024-07-31 10:56:53] [NODES] - Adding EU-ITA node...
INFO [2024-07-31 10:56:54] [NODES] - Adding EU-KOS node...
INFO [2024-07-31 10:56:55] [NODES] - Adding EU-LTU node...
INFO [2024-07-31 10:56:55] [NODES] - Adding EU-LUX node...
INFO [2024-07-31 10:56:56] [NODES] - Adding EU-LVA node...
INFO [2024-07-31 10:56:56] [NODES] - Adding EU-MDA node...
INFO [2024-07-31 10:56:57] [NODES] - Adding EU-MKD node...
INFO [2024-07-31 10:56:57] [NODES] - Adding EU-MNE node...
INFO [2024-07-31 10:56:58] [NODES] - Adding EU-NLD node...
INFO [2024-07-31 10:56:59] [NODES] - Adding EU-NOR node...
INFO [2024-07-31 10:56:59] [NODES] - Adding EU-POL node...
INFO [2024-07-31 10:57:00] [NODES] - Adding EU-PRT node...
INFO [2024-07-31 10:57:01] [NODES] - Adding EU-ROU node...
INFO [2024-07-31 10:57:01] [NODES] - Adding EU-SRB node...
INFO [2024-07-31 10:57:02] [NODES] - Adding EU-SVK node...
INFO [2024-07-31 10:57:02] [NODES] - Adding EU-SVN node...
INFO [2024-07-31 10:57:03] [NODES] - Adding EU-SWE node...
INFO [2024-07-31 10:57:04] [NODES] - Adding EU-UKR node...
INFO [2024-07-31 10:57:05] 

INFO [2024-07-31 10:57:05] 

INFO [2024-07-31 10:57:05] [MAIN] - Done adding nodes! (run time : 23.44s).
INFO [2024-07-31 10:57:05] 

INFO [2024-07-31 10:57:05] --------------------------------------------------------------------------------
INFO [2024-07-31 10:57:05] 

INFO [2024-07-31 10:57:05] [MAIN] - Adding load data...

INFO [2024-07-31 10:57:06] [LOAD] - Adding EU-ALB load data...
INFO [2024-07-31 10:57:07] [LOAD] - Adding EU-ARM load data...
INFO [2024-07-31 10:57:07] [LOAD] - Adding EU-AUT load data...
INFO [2024-07-31 10:57:07] [LOAD] - Adding EU-AZE load data...
INFO [2024-07-31 10:57:08] [LOAD] - Adding EU-BEL load data...
INFO [2024-07-31 10:57:08] [LOAD] - Adding EU-BGR load data...
INFO [2024-07-31 10:57:09] [LOAD] - Adding EU-BIH load data...
INFO [2024-07-31 10:57:09] [LOAD] - Adding EU-BLR load data...
INFO [2024-07-31 10:57:09] [LOAD] - Adding EU-CHE load data...
INFO [2024-07-31 10:57:10] [LOAD] - Adding EU-CYP load data...
INFO [2024-07-31 10:57:10] [LOAD] - Adding EU-CZE load data...
INFO [2024-07-31 10:57:11] [LOAD] - Adding EU-DEU load data...
INFO [2024-07-31 10:57:11] [LOAD] - Adding EU-DNK load data...
INFO [2024-07-31 10:57:11] [LOAD] - Adding EU-ESP load data...
INFO [2024-07-31 10:57:12] [LOAD] - Adding EU-EST load data...
INFO [2024-07-31 10:57:12] [LOAD] - Adding EU-FIN load data...
INFO [2024-07-31 10:57:13] [LOAD] - Adding EU-FRA load data...
INFO [2024-07-31 10:57:13] [LOAD] - Adding EU-GBR load data...
INFO [2024-07-31 10:57:13] [LOAD] - Adding EU-GEO load data...
INFO [2024-07-31 10:57:14] [LOAD] - Adding EU-GRC load data...
INFO [2024-07-31 10:57:14] [LOAD] - Adding EU-HRV load data...
INFO [2024-07-31 10:57:15] [LOAD] - Adding EU-HUN load data...
INFO [2024-07-31 10:57:15] [LOAD] - Adding EU-IRL load data...
INFO [2024-07-31 10:57:15] [LOAD] - Adding EU-ISL load data...
INFO [2024-07-31 10:57:16] [LOAD] - Adding EU-ITA load data...
INFO [2024-07-31 10:57:16] [LOAD] - Adding EU-KOS load data...
INFO [2024-07-31 10:57:16] [LOAD] - Adding EU-LTU load data...
INFO [2024-07-31 10:57:17] [LOAD] - Adding EU-LUX load data...
INFO [2024-07-31 10:57:17] [LOAD] - Adding EU-LVA load data...
INFO [2024-07-31 10:57:18] [LOAD] - Adding EU-MDA load data...
INFO [2024-07-31 10:57:18] [LOAD] - Adding EU-MKD load data...
INFO [2024-07-31 10:57:18] [LOAD] - Adding EU-MNE load data...
INFO [2024-07-31 10:57:19] [LOAD] - Adding EU-NLD load data...
INFO [2024-07-31 10:57:19] [LOAD] - Adding EU-NOR load data...
INFO [2024-07-31 10:57:20] [LOAD] - Adding EU-POL load data...
INFO [2024-07-31 10:57:20] [LOAD] - Adding EU-PRT load data...
INFO [2024-07-31 10:57:20] [LOAD] - Adding EU-ROU load data...
INFO [2024-07-31 10:57:21] [LOAD] - Adding EU-SRB load data...
INFO [2024-07-31 10:57:21] [LOAD] - Adding EU-SVK load data...
INFO [2024-07-31 10:57:22] [LOAD] - Adding EU-SVN load data...
INFO [2024-07-31 10:57:22] [LOAD] - Adding EU-SWE load data...
INFO [2024-07-31 10:57:23] [LOAD] - Adding EU-UKR load data...
INFO [2024-07-31 10:57:23] [MAIN] - Done adding load data! (run time : 18.51s).
INFO [2024-07-31 10:57:23] [MAIN] - Gathering generator data from PLEXOS...

INFO [2024-07-31 10:57:28] [MAIN] - Done gathering generator data! (run time : 5.08s).
INFO [2024-07-31 10:57:28] [MAIN] - Adding wind data...

INFO [2024-07-31 10:58:19] [WARN] - Skipped adding wind data for all nodes (no generators found in PLEXOS).
INFO [2024-07-31 10:58:19] [MAIN] - Done adding wind data! (run time : 50.96s).
INFO [2024-07-31 10:58:20] [MAIN] - Adding solar PV data...

INFO [2024-07-31 10:59:14] [WARN] - Skipped adding solar PV data for all nodes (no generators found in PLEXOS).
