INFO [2024-08-08 11:33:19] [MAIN] - Creating Etude_sur_R_Monde__2024_08_08_11_33_19 study...

INFO [2024-08-08 11:33:19] [MAIN] - Unit commitment mode : FAST
INFO [2024-08-08 11:33:19] [MAIN] - Adding nodes...

INFO [2024-08-08 11:33:20] [NODES] - Adding AF-MAR node...
INFO [2024-08-08 11:33:21] [NODES] - Adding EU-DEU node...
INFO [2024-08-08 11:33:21] [NODES] - Adding EU-ESP node...
INFO [2024-08-08 11:33:21] [NODES] - Adding EU-FRA node...
INFO [2024-08-08 11:33:21] [MAIN] - Done adding nodes! (run time : 1.85s).

INFO [2024-08-08 11:33:21] [MAIN] - Adding load data...

INFO [2024-08-08 11:33:22] [LOAD] - Adding AF-MAR load data...
INFO [2024-08-08 11:33:22] [LOAD] - Adding EU-ESP load data...
INFO [2024-08-08 11:33:22] [LOAD] - Adding EU-DEU load data...
INFO [2024-08-08 11:33:22] [LOAD] - Adding EU-FRA load data...
INFO [2024-08-08 11:33:22] [MAIN] - Done adding load data! (run time : 1.15s).

INFO [2024-08-08 11:33:22] [MAIN] - Fetching wind data...

INFO [2024-08-08 11:33:22] [WIND] - Adding AF-MAR aggregated wind data...
INFO [2024-08-08 11:33:22] [WIND] - Adding EU-ESP aggregated wind data...
INFO [2024-08-08 11:33:22] [WIND] - Adding EU-DEU aggregated wind data...
INFO [2024-08-08 11:33:22] [WIND] - Adding EU-FRA aggregated wind data...
INFO [2024-08-08 11:33:22] [MAIN] - Done adding wind data! (run time : 0.27s).

INFO [2024-08-08 11:33:23] [MAIN] - Fetching solar data...

INFO [2024-08-08 11:33:23] [WARN] - Skipped adding solar data for AF-MAR (no generators found in PLEXOS).
INFO [2024-08-08 11:33:23] [SOLAR] - Adding EU-ESP aggregated solar data...
INFO [2024-08-08 11:33:23] [SOLAR] - Adding EU-DEU aggregated solar data...
INFO [2024-08-08 11:33:23] [SOLAR] - Adding EU-FRA aggregated solar data...
INFO [2024-08-08 11:33:23] [MAIN] - Done adding solar data! (run time : 0.3s).

INFO [2024-08-08 11:33:23] [MAIN] - Fetching solar CSP data...

INFO [2024-08-08 11:33:23] [WARN] - Failed to add DEU_CSP_JLICHSOLAR11342_STORAGE CSP generator to EU-DEU node, skipping...
INFO [2024-08-08 11:33:23] [WARN] - Failed to add ESP_CSP_ANDASOL316855_STORAGE CSP generator to EU-ESP node, skipping...
INFO [2024-08-08 11:33:23] [WARN] - Failed to add ESP_CSP_ASTE1A16863_STORAGE CSP generator to EU-ESP node, skipping...
INFO [2024-08-08 11:33:23] [WARN] - Failed to add ESP_CSP_ASTEXOL216864_STORAGE CSP generator to EU-ESP node, skipping...
INFO [2024-08-08 11:33:23] [WARN] - Failed to add ESP_CSP_CAPACITY SCALER_STORAGE CSP generator to EU-ESP node, skipping...
INFO [2024-08-08 11:33:23] [WARN] - Failed to add ESP_CSP_CASABLANCA16896_STORAGE CSP generator to EU-ESP node, skipping...
INFO [2024-08-08 11:33:23] [WARN] - Failed to add ESP_CSP_CENTRALSOLART16906_STORAGE CSP generator to EU-ESP node, skipping...
INFO [2024-08-08 11:33:23] [WARN] - Failed to add ESP_CSP_CENTRALTERMOSO16907_STORAGE CSP generator to EU-ESP node, skipping...
INFO [2024-08-08 11:33:23] [WARN] - Failed to add ESP_CSP_CONSOLLORELLAN16924_STORAGE CSP generator to EU-ESP node, skipping...
INFO [2024-08-08 11:33:23] [WARN] - Failed to add ESP_CSP_EXTRESOL116966_STORAGE CSP generator to EU-ESP node, skipping...
INFO [2024-08-08 11:33:23] [WARN] - Failed to add ESP_CSP_HELIOSI16986_STORAGE CSP generator to EU-ESP node, skipping...
INFO [2024-08-08 11:33:24] [WARN] - Failed to add ESP_CSP_LADEHESA16996_STORAGE CSP generator to EU-ESP node, skipping...
INFO [2024-08-08 11:33:24] [WARN] - Failed to add ESP_CSP_LAFLORIDA16997_STORAGE CSP generator to EU-ESP node, skipping...
INFO [2024-08-08 11:33:24] [WARN] - Failed to add ESP_CSP_LARISCA17001_STORAGE CSP generator to EU-ESP node, skipping...
INFO [2024-08-08 11:33:24] [WARN] - Failed to add ESP_CSP_MAJADAS17030_STORAGE CSP generator to EU-ESP node, skipping...
INFO [2024-08-08 11:33:24] [WARN] - Failed to add ESP_CSP_MANCHASOL217032_STORAGE CSP generator to EU-ESP node, skipping...
INFO [2024-08-08 11:33:24] [WARN] - Failed to add ESP_CSP_PLANTASOLARTE17364_STORAGE CSP generator to EU-ESP node, skipping...
INFO [2024-08-08 11:33:24] [WARN] - Failed to add ESP_CSP_PLANTASOLARTE17366_STORAGE CSP generator to EU-ESP node, skipping...
INFO [2024-08-08 11:33:24] [WARN] - Failed to add ESP_CSP_PLANTASOLARTE17367_STORAGE CSP generator to EU-ESP node, skipping...
INFO [2024-08-08 11:33:24] [WARN] - Failed to add ESP_CSP_PLANTATERMOSOL17368_STORAGE CSP generator to EU-ESP node, skipping...
INFO [2024-08-08 11:33:24] [WARN] - Failed to add ESP_CSP_PSTLEBRIJAI17376_STORAGE CSP generator to EU-ESP node, skipping...
INFO [2024-08-08 11:33:24] [WARN] - Failed to add ESP_CSP_PSTPALMADELR17377_STORAGE CSP generator to EU-ESP node, skipping...
INFO [2024-08-08 11:33:24] [WARN] - Failed to add ESP_CSP_PSTSOLACOR117378_STORAGE CSP generator to EU-ESP node, skipping...
INFO [2024-08-08 11:33:24] [WARN] - Failed to add ESP_CSP_PUERTOERRADO217382_STORAGE CSP generator to EU-ESP node, skipping...
INFO [2024-08-08 11:33:24] [WARN] - Failed to add ESP_CSP_SOLABEN317415_STORAGE CSP generator to EU-ESP node, skipping...
INFO [2024-08-08 11:33:25] [WARN] - Failed to add ESP_CSP_SOLUZGUZMAN17416_STORAGE CSP generator to EU-ESP node, skipping...
INFO [2024-08-08 11:33:25] [WARN] - Failed to add ESP_CSP_TERMESOL5017428_STORAGE CSP generator to EU-ESP node, skipping...
INFO [2024-08-08 11:33:25] [WARN] - Failed to add ESP_CSP_TERMOSOL217429_STORAGE CSP generator to EU-ESP node, skipping...
INFO [2024-08-08 11:33:25] [WARN] - Failed to add ESP_CSP_TERMOSOLARBORG17430_STORAGE CSP generator to EU-ESP node, skipping...
INFO [2024-08-08 11:33:25] [WARN] - Failed to add MAR_CSP_CAPACITY SCALER_STORAGE CSP generator to AF-MAR node, skipping...
INFO [2024-08-08 11:33:25] [MAIN] - Done adding CSP data! (run time : 0.03min).

INFO [2024-08-08 11:33:25] [MAIN] - Adding lines between areas...

INFO [2024-08-08 11:33:26] [LINES] - Adding EU-DEU to EU-FRA line...
INFO [2024-08-08 11:33:26] [LINES] - Adding EU-ESP to EU-FRA line...
INFO [2024-08-08 11:33:27] [LINES] - Adding EU-ESP to AF-MAR line...
INFO [2024-08-08 11:33:27] [MAIN] - Done adding lines! (run time : 1.67s).

INFO [2024-08-08 11:33:27] [MAIN] - Finished setting up Antares study! (run time : 0.13min).
 

