INFO [2024-08-05 09:47:16] [MAIN] - Creating Etude_sur_R_Monde__2024_08_05_09_47_15 study...

INFO [2024-08-05 09:47:16] [MAIN] - Adding nodes...

INFO [2024-08-05 09:47:17] [NODES] - Adding EU-CHE node...
INFO [2024-08-05 09:47:17] [NODES] - Adding EU-DEU node...
INFO [2024-08-05 09:47:18] [NODES] - Adding EU-FRA node...
INFO [2024-08-05 09:47:18] [MAIN] - Done adding nodes! (run time : 1.79s).

INFO [2024-08-05 09:47:18] [MAIN] - Adding load data...

INFO [2024-08-05 09:47:18] [LOAD] - Adding EU-CHE load data...
INFO [2024-08-05 09:47:18] [LOAD] - Adding EU-DEU load data...
INFO [2024-08-05 09:47:19] [LOAD] - Adding EU-FRA load data...
INFO [2024-08-05 09:47:19] [MAIN] - Done adding load data! (run time : 0.9s).

INFO [2024-08-05 09:47:19] [MAIN] - Fetching wind data...

INFO [2024-08-05 09:47:19] [WIND] - Adding EU-CHE aggregated wind data...
INFO [2024-08-05 09:47:19] [WIND] - Adding EU-DEU aggregated wind data...
INFO [2024-08-05 09:47:19] [WIND] - Adding EU-FRA aggregated wind data...
INFO [2024-08-05 09:47:19] [MAIN] - Done adding wind data! (run time : 0.16s).

INFO [2024-08-05 09:47:19] [MAIN] - Fetching solar data...

INFO [2024-08-05 09:47:19] [SOLAR] - Adding EU-CHE aggregated solar data...
INFO [2024-08-05 09:47:19] [SOLAR] - Adding EU-DEU aggregated solar data...
INFO [2024-08-05 09:47:19] [SOLAR] - Adding EU-FRA aggregated solar data...
INFO [2024-08-05 09:47:19] [MAIN] - Done adding solar data! (run time : 0.15s).

INFO [2024-08-05 09:47:19] [MAIN] - Beginning hydro implementation...
INFO [2024-08-05 09:47:19] [HYDRO] - Initializing EU-CHE hydro parameters...
INFO [2024-08-05 09:47:20] [HYDRO] - Adding EU-CHE hydro profiles...
INFO [2024-08-05 09:47:20] [HYDRO] - Initializing EU-DEU hydro parameters...
INFO [2024-08-05 09:47:20] [HYDRO] - Adding EU-DEU hydro profiles...
INFO [2024-08-05 09:47:21] [HYDRO] - Initializing EU-FRA hydro parameters...
INFO [2024-08-05 09:47:21] [HYDRO] - Adding EU-FRA hydro profiles...
INFO [2024-08-05 09:47:21] [MAIN] - Done adding hydro!
INFO [2024-08-05 09:47:21] [MAIN] - Adding lines between areas...

INFO [2024-08-05 09:47:22] [LINES] - Adding EU-CHE to EU-DEU line...
INFO [2024-08-05 09:47:22] [LINES] - Adding EU-CHE to EU-FRA line...
INFO [2024-08-05 09:47:22] [LINES] - Adding EU-DEU to EU-FRA line...
INFO [2024-08-05 09:47:22] [MAIN] - Done adding lines! (run time : 1.04s).

INFO [2024-08-05 09:47:22] [MAIN] - Finished setting up Antares study! (run time : 0.11min).
 

INFO [2024-08-05 09:47:22] [MAIN] - Starting simulation__2024_08_05_09_47_22 simulation...
INFO [2024-08-05 09:47:29] [MAIN] - Antares simulation finished! (run time : 0.12min).
 

INFO [2024-08-05 09:47:33] [MAIN] - Opening latest simulation...
