INFO [2024-08-07 13:43:44] [MAIN] - Creating Etude_sur_R_Monde__2024_08_07_13_43_44 study...

INFO [2024-08-07 13:43:44] [MAIN] - Unit commitment mode : FAST
INFO [2024-08-07 13:43:44] [MAIN] - Adding nodes...

INFO [2024-08-07 13:43:46] [NODES] - Adding EU-FRA node...
INFO [2024-08-07 13:43:46] [MAIN] - Done adding nodes! (run time : 2.33s).

INFO [2024-08-07 13:43:46] [MAIN] - Adding load data...

INFO [2024-08-07 13:43:48] [LOAD] - Adding EU-FRA load data...
INFO [2024-08-07 13:43:48] [MAIN] - Done adding load data! (run time : 1.47s).

INFO [2024-08-07 13:43:48] [MAIN] - Fetching wind data...

INFO [2024-08-07 13:43:48] [WIND] - Adding EU-FRA aggregated wind data...
INFO [2024-08-07 13:43:48] [MAIN] - Done adding wind data! (run time : 0.13s).

INFO [2024-08-07 13:43:48] [MAIN] - Fetching solar data...

INFO [2024-08-07 13:43:49] [SOLAR] - Adding EU-FRA aggregated solar data...
INFO [2024-08-07 13:43:49] [MAIN] - Done adding solar data! (run time : 0.4s).

INFO [2024-08-07 13:43:49] [MAIN] - Beginning hydro implementation...
INFO [2024-08-07 13:43:50] [HYDRO] - Initializing EU-FRA hydro parameters...
INFO [2024-08-07 13:43:50] [HYDRO] - Couldn't add EU-FRA max power timeseries, skipping...
INFO [2024-08-07 13:43:50] [HYDRO] - Adding EU-FRA hydro profiles...
INFO [2024-08-07 13:43:51] [MAIN] - Done adding hydro!
INFO [2024-08-07 13:43:51] [MAIN] - Fetching storage data...

