INFO [2024-08-05 17:55:12] [MAIN] - Creating Etude_sur_R_Monde__2024_08_05_17_55_12 study...

INFO [2024-08-05 17:55:12] [MAIN] - Unit commitment mode : FAST
INFO [2024-08-05 17:55:13] [MAIN] - Adding nodes...

INFO [2024-08-05 17:55:14] [NODES] - Adding EU-CHE node...
INFO [2024-08-05 17:55:14] [NODES] - Adding EU-DEU node...
INFO [2024-08-05 17:55:14] [NODES] - Adding EU-FRA node...
INFO [2024-08-05 17:55:15] [MAIN] - Done adding nodes! (run time : 2.04s).

INFO [2024-08-05 17:55:15] [MAIN] - Adding load data...

INFO [2024-08-05 17:55:16] [LOAD] - Adding EU-CHE load data...
INFO [2024-08-05 17:55:16] [LOAD] - Adding EU-DEU load data...
INFO [2024-08-05 17:55:16] [LOAD] - Adding EU-FRA load data...
INFO [2024-08-05 17:55:16] [MAIN] - Done adding load data! (run time : 1.15s).

INFO [2024-08-05 17:55:16] [MAIN] - Fetching wind data...

INFO [2024-08-05 17:55:16] [WIND] - Adding EU-CHE aggregated wind data...
INFO [2024-08-05 17:55:16] [WIND] - Adding EU-DEU aggregated wind data...
INFO [2024-08-05 17:55:16] [WIND] - Adding EU-FRA aggregated wind data...
INFO [2024-08-05 17:55:16] [MAIN] - Done adding wind data! (run time : 0.18s).

INFO [2024-08-05 17:55:16] [MAIN] - Fetching solar data...

INFO [2024-08-05 17:55:16] [SOLAR] - Adding EU-CHE aggregated solar data...
INFO [2024-08-05 17:55:16] [SOLAR] - Adding EU-DEU aggregated solar data...
INFO [2024-08-05 17:55:16] [SOLAR] - Adding EU-FRA aggregated solar data...
INFO [2024-08-05 17:55:16] [MAIN] - Done adding solar data! (run time : 0.24s).

INFO [2024-08-05 17:55:16] [MAIN] - Beginning hydro implementation...
INFO [2024-08-05 17:55:17] [HYDRO] - Initializing EU-CHE hydro parameters...
INFO [2024-08-05 17:55:18] [HYDRO] - Adding EU-CHE max power timeseries...
INFO [2024-08-05 17:55:18] [HYDRO] - Adding EU-CHE hydro profiles...
INFO [2024-08-05 17:55:19] [HYDRO] - Initializing EU-DEU hydro parameters...
INFO [2024-08-05 17:55:20] [HYDRO] - Adding EU-DEU max power timeseries...
INFO [2024-08-05 17:55:20] [HYDRO] - Adding EU-DEU hydro profiles...
INFO [2024-08-05 17:55:21] [HYDRO] - Initializing EU-FRA hydro parameters...
INFO [2024-08-05 17:55:21] [HYDRO] - Adding EU-FRA max power timeseries...
INFO [2024-08-05 17:55:22] [HYDRO] - Adding EU-FRA hydro profiles...
INFO [2024-08-05 17:55:22] [MAIN] - Done adding hydro!
INFO [2024-08-05 17:55:22] [MAIN] - Fetching thermal data...

INFO [2024-08-05 17:55:23] [MAIN] - Starting simulation__2024_08_05_17_55_23 simulation...
INFO [2024-08-05 17:55:30] [MAIN] - Antares simulation finished! (run time : 0.11min).
 

INFO [2024-08-05 17:55:30] [MAIN] - Opening latest simulation...
