INFO [2024-08-08 13:52:05] [MAIN] - Creating Etude_sur_R_Monde__2024_08_08_13_52_05 study...

INFO [2024-08-08 13:52:05] [MAIN] - Unit commitment mode : FAST
INFO [2024-08-08 13:52:05] [MAIN] - Adding nodes...

INFO [2024-08-08 13:52:07] [NODES] - Adding AF-MAR node...
INFO [2024-08-08 13:52:07] [NODES] - Adding EU-DEU node...
INFO [2024-08-08 13:52:07] [NODES] - Adding EU-ESP node...
INFO [2024-08-08 13:52:07] [NODES] - Adding EU-FRA node...
INFO [2024-08-08 13:52:07] [MAIN] - Done adding nodes! (run time : 1.99s).

INFO [2024-08-08 13:52:07] [MAIN] - Adding load data...

INFO [2024-08-08 13:52:08] [LOAD] - Adding AF-MAR load data...
INFO [2024-08-08 13:52:08] [LOAD] - Adding EU-ESP load data...
INFO [2024-08-08 13:52:08] [LOAD] - Adding EU-DEU load data...
INFO [2024-08-08 13:52:08] [LOAD] - Adding EU-FRA load data...
INFO [2024-08-08 13:52:09] [MAIN] - Done adding load data! (run time : 1.25s).

INFO [2024-08-08 13:52:09] [MAIN] - Fetching wind data...

INFO [2024-08-08 13:52:09] [WIND] - Adding AF-MAR aggregated wind data...
INFO [2024-08-08 13:52:09] [WIND] - Adding EU-ESP aggregated wind data...
INFO [2024-08-08 13:52:09] [WIND] - Adding EU-DEU aggregated wind data...
INFO [2024-08-08 13:52:09] [WIND] - Adding EU-FRA aggregated wind data...
INFO [2024-08-08 13:52:09] [MAIN] - Done adding wind data! (run time : 0.37s).

INFO [2024-08-08 13:52:09] [MAIN] - Fetching solar data...

INFO [2024-08-08 13:52:09] [WARN] - Skipped adding solar data for AF-MAR (no generators found in PLEXOS).
INFO [2024-08-08 13:52:09] [SOLAR] - Adding EU-ESP aggregated solar data...
INFO [2024-08-08 13:52:09] [SOLAR] - Adding EU-DEU aggregated solar data...
INFO [2024-08-08 13:52:09] [SOLAR] - Adding EU-FRA aggregated solar data...
INFO [2024-08-08 13:52:09] [MAIN] - Done adding solar data! (run time : 0.31s).

INFO [2024-08-08 13:52:09] [MAIN] - Fetching solar CSP data...

INFO [2024-08-08 13:52:10] [CSP] - Adding DEU_CSP_JLICHSOLAR11342_STORAGE CSP generator to EU-DEU node...
INFO [2024-08-08 13:52:10] [CSP] - Adding ESP_CSP_ANDASOL316855_STORAGE CSP generator to EU-ESP node...
INFO [2024-08-08 13:52:10] [CSP] - Adding ESP_CSP_ASTE1A16863_STORAGE CSP generator to EU-ESP node...
INFO [2024-08-08 13:52:10] [CSP] - Adding ESP_CSP_ASTEXOL216864_STORAGE CSP generator to EU-ESP node...
