INFO [2024-10-13 13:46:16] [MAIN] - Initializing output folder...
INFO [2024-10-13 13:46:20] [MAIN] - Reading simulations of pre-existing v2_20clu__2024_09_04_22_33_36 study...
INFO [2024-10-13 13:46:21] [MAIN] - Opening 20240905-0707eco-world_vOutages_accurateUCM simulation...
INFO [2024-10-13 13:46:21] [MAIN] - Preparing to compare generation values with Deane...
INFO [2024-10-13 13:46:21] [DEANE] - Saving generation comparisons for africa continent...
INFO [2024-10-13 13:46:21] [DEANE] - Done saving generation comparisons for africa continent!
INFO [2024-10-13 13:46:22] [DEANE] - Saving generation comparisons for asia continent...
INFO [2024-10-13 13:46:22] [DEANE] - Done saving generation comparisons for asia continent!
INFO [2024-10-13 13:46:22] [DEANE] - Saving generation comparisons for europe continent...
INFO [2024-10-13 13:46:22] [DEANE] - Done saving generation comparisons for europe continent!
INFO [2024-10-13 13:46:22] [DEANE] - Saving generation comparisons for north america continent...
INFO [2024-10-13 13:46:23] [DEANE] - Done saving generation comparisons for north america continent!
INFO [2024-10-13 13:46:23] [DEANE] - Saving generation comparisons for oceania continent...
INFO [2024-10-13 13:46:23] [DEANE] - Done saving generation comparisons for oceania continent!
INFO [2024-10-13 13:46:23] [DEANE] - Saving generation comparisons for south america continent...
INFO [2024-10-13 13:46:24] [DEANE] - Done saving generation comparisons for south america continent!
INFO [2024-10-13 13:46:24] [DEANE] - Saving generation comparisons for the world...
INFO [2024-10-13 13:46:24] [DEANE] - Done saving generation comparisons for the world!
INFO [2024-10-13 13:46:24] [MAIN] - Done comparing generation values with Deane! (run time : 3.56 s).

INFO [2024-10-13 13:46:24] [MAIN] - Preparing to compare emissions values with Deane...
INFO [2024-10-13 13:46:25] [DEANE] - Computing continental CO2 emissions in Antares study...
INFO [2024-10-13 13:47:10] [DEANE] - Done computing continental CO2 emissions!
INFO [2024-10-13 13:47:10] [DEANE] - Saving emissions comparisons for africa continent...
INFO [2024-10-13 13:47:10] [DEANE] - Done saving emissions comparisons for africa continent!
INFO [2024-10-13 13:47:10] [DEANE] - Saving emissions comparisons for asia continent...
INFO [2024-10-13 13:47:11] [DEANE] - Done saving emissions comparisons for asia continent!
INFO [2024-10-13 13:47:11] [DEANE] - Saving emissions comparisons for europe continent...
INFO [2024-10-13 13:47:11] [DEANE] - Done saving emissions comparisons for europe continent!
INFO [2024-10-13 13:47:11] [DEANE] - Saving emissions comparisons for north america continent...
INFO [2024-10-13 13:47:11] [DEANE] - Done saving emissions comparisons for north america continent!
INFO [2024-10-13 13:47:11] [DEANE] - Saving emissions comparisons for oceania continent...
INFO [2024-10-13 13:47:11] [DEANE] - Done saving emissions comparisons for oceania continent!
INFO [2024-10-13 13:47:11] [DEANE] - Saving emissions comparisons for south america continent...
INFO [2024-10-13 13:47:12] [DEANE] - Done saving emissions comparisons for south america continent!
INFO [2024-10-13 13:47:12] [MAIN] - Done comparing emissions values with Deane! (run time : 47.22 s).

INFO [2024-10-13 13:47:12] [MAIN] - Preparing to save import/export ranking of countries...
