INFO [2024-10-14 23:40:20] [MAIN] - Initializing output folder...
INFO [2024-10-14 23:40:23] [MAIN] - Reading simulations of pre-existing v2_20clu__2024_09_04_22_33_36 study...
INFO [2024-10-14 23:40:24] [MAIN] - Opening 20240905-0707eco-world_vOutages_accurateUCM simulation...
INFO [2024-10-14 23:40:24] [MAIN] - Preparing to save global production stack...
INFO [2024-10-14 23:40:28] [MAIN] - Done saving global production stack! (run time : 3.79s).

INFO [2024-10-14 23:40:28] [MAIN] - Preparing to save continental production stacks...
INFO [2024-10-14 23:40:28] [STACK] - Saving production stack for africa continent...
INFO [2024-10-14 23:40:32] [STACK] - The hourly production stack for africa from 2015-01-05 to 2015-01-11 has been saved!
INFO [2024-10-14 23:40:32] [STACK] - Saving production stack for asia continent...
INFO [2024-10-14 23:40:35] [STACK] - The hourly production stack for asia from 2015-01-05 to 2015-01-11 has been saved!
INFO [2024-10-14 23:40:35] [STACK] - Saving production stack for europe continent...
INFO [2024-10-14 23:40:38] [STACK] - The hourly production stack for europe from 2015-01-05 to 2015-01-11 has been saved!
INFO [2024-10-14 23:40:39] [STACK] - Saving production stack for north america continent...
INFO [2024-10-14 23:40:42] [STACK] - The hourly production stack for north america from 2015-01-05 to 2015-01-11 has been saved!
INFO [2024-10-14 23:40:42] [STACK] - Saving production stack for oceania continent...
INFO [2024-10-14 23:40:46] [STACK] - The hourly production stack for oceania from 2015-01-05 to 2015-01-11 has been saved!
INFO [2024-10-14 23:40:46] [STACK] - Saving production stack for south america continent...
INFO [2024-10-14 23:40:49] [STACK] - The hourly production stack for south america from 2015-01-05 to 2015-01-11 has been saved!
INFO [2024-10-14 23:40:49] [MAIN] - Done saving continental production stacks! (run time : 21.32s).

INFO [2024-10-14 23:40:49] [MAIN] - Preparing to save national production stacks...
