ERROR [2024-09-04 09:48:10] [WARN] - Could not create node EU-DEU - skipping and continuing...
ERROR [2024-09-04 09:49:20] [WARN] - Failed to add CHE_CHE_SwissDualCircui104 battery to EU-CHE node, skipping...
ERROR [2024-09-04 09:49:20] [WARN] - Failed to add CHE_CHE_LausannePolytec102 battery to EU-CHE node, skipping...
ERROR [2024-09-04 09:49:20] [WARN] - Failed to add CHE_CHE_50kW60kWhEnergy99_Passivhaus50kW1103 battery to EU-CHE node, skipping...
ERROR [2024-09-04 09:49:20] [WARN] - Failed to add CHE_CHE_CKWESpeicherWer100 battery to EU-CHE node, skipping...
ERROR [2024-09-04 09:49:20] [WARN] - Failed to add CHE_CHE_EPFLLeclancheDi101 battery to EU-CHE node, skipping...
ERROR [2024-09-04 09:49:20] [WARN] - Failed to add CHE_CHE_TheZurichDietik105 battery to EU-CHE node, skipping...
ERROR [2024-09-04 09:49:20] [WARN] - Failed to add CHE_PHS_VeytauxFMHLPump122 battery to EU-CHE node, skipping...
ERROR [2024-09-04 09:49:20] [WARN] - Failed to add CHE_PHS_EtzelwerkPumped107 battery to EU-CHE node, skipping...
ERROR [2024-09-04 09:49:20] [WARN] - Failed to add CHE_PHS_Handeck3PumpedH112_TierfehdNestilP121 battery to EU-CHE node, skipping...
ERROR [2024-09-04 09:49:20] [WARN] - Failed to add CHE_PHS_RobieiPumpedHyd120_HongrinLemanPum113_MapraggPumpedH battery to EU-CHE node, skipping...
ERROR [2024-09-04 09:49:20] [WARN] - Failed to add CHE_PHS_FerreraPumpedHy108_LinthLimmernPum116 battery to EU-CHE node, skipping...
ERROR [2024-09-04 09:49:20] [WARN] - Failed to add CHE_PHS_OvaSpinPumpedHy119_GougraPumpedHyd109 battery to EU-CHE node, skipping...
ERROR [2024-09-04 09:49:20] [WARN] - Failed to add CHE_PHS_Grimsel2PumpedH110 battery to EU-CHE node, skipping...
ERROR [2024-09-04 09:49:20] [WARN] - Failed to add CHE_PHS_Grimsel3PumpedH111 battery to EU-CHE node, skipping...
ERROR [2024-09-04 09:49:20] [WARN] - Failed to add CHE_PHS_NantdeDrancePum118_LagoBiancoPumpe114_Linthal2015Lin battery to EU-CHE node, skipping...
ERROR [2024-09-04 09:49:20] [WARN] - Failed to add CHE_PHS_EmossonPumpedHy106 battery to EU-CHE node, skipping...
ERROR [2024-09-04 09:49:20] [WARN] - Failed to add DEU_CHE_BoschBraderupES236_DREWAGReick2MWP242 battery to EU-DEU node, skipping...
ERROR [2024-09-04 09:49:20] [WARN] - Failed to add DEU_CHE_SwagBoschCommun263_CustomerProject239_FastChargingeB battery to EU-DEU node, skipping...
ERROR [2024-09-04 09:49:20] [WARN] - Failed to add DEU_CHE_FeldheimRegiona248 battery to EU-DEU node, skipping...
ERROR [2024-09-04 09:49:20] [WARN] - Failed to add DEU_CHE_SmartRegionPell262 battery to EU-DEU node, skipping...
ERROR [2024-09-04 09:49:20] [WARN] - Failed to add DEU_CHE_EEBattEnergyNei244_250kW1MWhElCheW231_BatteryEnergyS battery to EU-DEU node, skipping...
ERROR [2024-09-04 09:49:20] [WARN] - Failed to add DEU_CHE_YounicosandVatt266 battery to EU-DEU node, skipping...
ERROR [2024-09-04 09:49:20] [WARN] - Failed to add DEU_CHE_CatervaSWARM237 battery to EU-DEU node, skipping...
ERROR [2024-09-04 09:49:20] [WARN] - Failed to add DEU_CHE_IHEMIntelligent251_Web2EnergySmart264_IntelligentesN battery to EU-DEU node, skipping...
ERROR [2024-09-04 09:49:20] [WARN] - Failed to add DEU_CHE_WEMAGSchwerinBa265 battery to EU-DEU node, skipping...
ERROR [2024-09-04 09:49:20] [WARN] - Failed to add DEU_CHE_QinousDemonstra255 battery to EU-DEU node, skipping...
ERROR [2024-09-04 09:49:20] [WARN] - Failed to add DEU_CHE_SmartRegionPell261 battery to EU-DEU node, skipping...
ERROR [2024-09-04 09:49:20] [WARN] - Failed to add DEU_CHE_10kW100kWhHaakF228_CellcubeWilliba238 battery to EU-DEU node, skipping...
ERROR [2024-09-04 09:49:20] [WARN] - Failed to add DEU_CHE_RedoxWindTheFra256 battery to EU-DEU node, skipping...
ERROR [2024-09-04 09:49:20] [WARN] - Failed to add DEU_CHE_Drverden3MWBatt243 battery to EU-DEU node, skipping...
ERROR [2024-09-04 09:49:20] [WARN] - Failed to add DEU_CHE_GermanyResident249 battery to EU-DEU node, skipping...
ERROR [2024-09-04 09:49:20] [WARN] - Failed to add DEU_CHE_Daimler2ndLifeS240 battery to EU-DEU node, skipping...
ERROR [2024-09-04 09:49:20] [WARN] - Failed to add DEU_CHE_15MWEnergyStora229 battery to EU-DEU node, skipping...
ERROR [2024-09-04 09:49:20] [WARN] - Failed to add DEU_CHE_BESSNeuhardenbe234 battery to EU-DEU node, skipping...
ERROR [2024-09-04 09:49:20] [WARN] - Failed to add DEU_CHE_BoschBraderupES235_1MWLESSYVolklin230 battery to EU-DEU node, skipping...
ERROR [2024-09-04 09:49:20] [WARN] - Failed to add DEU_CHE_DMGGildemeister241 battery to EU-DEU node, skipping...
ERROR [2024-09-04 09:49:20] [WARN] - Failed to add DEU_CHE_SmartOperatorWi259 battery to EU-DEU node, skipping...
ERROR [2024-09-04 09:49:20] [WARN] - Failed to add DEU_CHE_QinousDemonstra254 battery to EU-DEU node, skipping...
ERROR [2024-09-04 09:49:20] [WARN] - Failed to add DEU_CHE_SmartOperator257_SmartOperatorKi258 battery to EU-DEU node, skipping...
ERROR [2024-09-04 09:49:20] [WARN] - Failed to add DEU_CHE_EnerconWindTurb245 battery to EU-DEU node, skipping...
ERROR [2024-09-04 09:49:20] [WARN] - Failed to add DEU_CHE_YounicosandVatt267 battery to EU-DEU node, skipping...
ERROR [2024-09-04 09:49:20] [WARN] - Failed to add DEU_CHE_EnergyBufferUni246 battery to EU-DEU node, skipping...
ERROR [2024-09-04 09:49:20] [WARN] - Failed to add DEU_THE_JulichSolarTowe302 battery to EU-DEU node, skipping...
ERROR [2024-09-04 09:49:20] [WARN] - Failed to add DEU_HYD_ThgaDemonstrati273 battery to EU-DEU node, skipping...
ERROR [2024-09-04 09:49:20] [WARN] - Failed to add DEU_HYD_EnBWStuttgartHy270 battery to EU-DEU node, skipping...
ERROR [2024-09-04 09:49:20] [WARN] - Failed to add DEU_HYD_E.ONquotPowerto269_Grapzow140MWWin272 battery to EU-DEU node, skipping...
ERROR [2024-09-04 09:49:20] [WARN] - Failed to add DEU_HYD_AudiegasProject268_EnergieparkMain271 battery to EU-DEU node, skipping...
ERROR [2024-09-04 09:49:20] [WARN] - Failed to add DEU_PHS_WehrPumpedStora299_MarkersbachPump286 battery to EU-DEU node, skipping...
ERROR [2024-09-04 09:49:20] [WARN] - Failed to add DEU_PHS_ErzhausenPumped275 battery to EU-DEU node, skipping...
ERROR [2024-09-04 09:49:20] [WARN] - Failed to add DEU_PHS_Langenprozelten283_WitznauPumpedSt301 battery to EU-DEU node, skipping...
ERROR [2024-09-04 09:49:20] [WARN] - Failed to add DEU_PHS_HerdeckePumpedS279 battery to EU-DEU node, skipping...
ERROR [2024-09-04 09:49:20] [WARN] - Failed to add DEU_PHS_GoldisthalPumpe278 battery to EU-DEU node, skipping...
ERROR [2024-09-04 09:49:20] [WARN] - Failed to add DEU_PHS_Kirchentellinsf282_Ruselkraftwerke291_SorpeseePumped battery to EU-DEU node, skipping...
ERROR [2024-09-04 09:49:20] [WARN] - Failed to add DEU_PHS_SckingenPumpedS293_HohenwartePumpe280 battery to EU-DEU node, skipping...
ERROR [2024-09-04 09:49:20] [WARN] - Failed to add DEU_PHS_NiederwarthaPum287_SchwarzenbachPu292_WendefurthPowe battery to EU-DEU node, skipping...
ERROR [2024-09-04 09:49:20] [WARN] - Failed to add DEU_PHS_TanzmhlePumpedS295_LeitzachwerkI284_LeitzachwerkII28 battery to EU-DEU node, skipping...
ERROR [2024-09-04 09:49:20] [WARN] - Failed to add DEU_PHS_RiedlEnergyStor289_WaldeckII296 battery to EU-DEU node, skipping...
ERROR [2024-09-04 09:49:20] [WARN] - Failed to add FRA_CHE_DIYESS5kWhLiFeP376 battery to EU-FRA node, skipping...
ERROR [2024-09-04 09:49:20] [WARN] - Failed to add FRA_CHE_NICEGRIDproject380 battery to EU-FRA node, skipping...
ERROR [2024-09-04 09:49:20] [WARN] - Failed to add FRA_CHE_NICEGRIDproject381 battery to EU-FRA node, skipping...
ERROR [2024-09-04 09:49:20] [WARN] - Failed to add FRA_CHE_EDFRampDLesRena378 battery to EU-FRA node, skipping...
ERROR [2024-09-04 09:49:20] [WARN] - Failed to add FRA_CHE_CarrosNICEGRIDP374 battery to EU-FRA node, skipping...
ERROR [2024-09-04 09:49:21] [WARN] - Failed to add FRA_CHE_ADEMEIntelligen373 battery to EU-FRA node, skipping...
ERROR [2024-09-04 09:49:21] [WARN] - Failed to add FRA_CHE_DieselGenerator375 battery to EU-FRA node, skipping...
ERROR [2024-09-04 09:49:21] [WARN] - Failed to add FRA_CHE_EDFENGabardoneP377 battery to EU-FRA node, skipping...
ERROR [2024-09-04 09:49:21] [WARN] - Failed to add FRA_CHE_INESProject379 battery to EU-FRA node, skipping...
ERROR [2024-09-04 09:49:21] [WARN] - Failed to add FRA_CHE_ReunionIslandPe382 battery to EU-FRA node, skipping...
ERROR [2024-09-04 09:49:21] [WARN] - Failed to add FRA_THE_AlbaNova1SolarP394 battery to EU-FRA node, skipping...
ERROR [2024-09-04 09:49:21] [WARN] - Failed to add FRA_HYD_UniveristyofCor383 battery to EU-FRA node, skipping...
ERROR [2024-09-04 09:49:21] [WARN] - Failed to add FRA_PHS_AlrancePumpedSt384 battery to EU-FRA node, skipping...
ERROR [2024-09-04 09:49:21] [WARN] - Failed to add FRA_PHS_ArgentatPumpedS385 battery to EU-FRA node, skipping...
ERROR [2024-09-04 09:49:21] [WARN] - Failed to add FRA_PHS_LaRanceTidalPow388 battery to EU-FRA node, skipping...
ERROR [2024-09-04 09:49:21] [WARN] - Failed to add FRA_PHS_LaCochePumpedSt387 battery to EU-FRA node, skipping...
ERROR [2024-09-04 09:49:21] [WARN] - Failed to add FRA_PHS_LePougetPumpedS390 battery to EU-FRA node, skipping...
ERROR [2024-09-04 09:49:21] [WARN] - Failed to add FRA_PHS_LeCheylasPumped389 battery to EU-FRA node, skipping...
ERROR [2024-09-04 09:49:21] [WARN] - Failed to add FRA_PHS_SuperBissortePu393 battery to EU-FRA node, skipping...
ERROR [2024-09-04 09:49:21] [WARN] - Failed to add FRA_PHS_RevinPumpedStor392 battery to EU-FRA node, skipping...
ERROR [2024-09-04 09:49:21] [WARN] - Failed to add FRA_PHS_MontzicPumpedSt391 battery to EU-FRA node, skipping...
ERROR [2024-09-04 09:49:21] [WARN] - Failed to add FRA_PHS_Grand039MaisonD386 battery to EU-FRA node, skipping...
