INFO [2024-09-04 09:48:08] [MAIN] - Creating v2_test__2024_09_04_09_48_08 study...

INFO [2024-09-04 09:48:08] [MAIN] - Unit commitment mode : ACCURATE
INFO [2024-09-04 09:48:08] [MAIN] - Adding nodes...

INFO [2024-09-04 09:48:09] [NODES] - Adding EU-CHE node...
INFO [2024-09-04 09:48:10] [NODES] - Adding EU-DEU node...
INFO [2024-09-04 09:48:10] [WARN] - Could not create node EU-DEU - skipping and continuing...
INFO [2024-09-04 09:48:10] [NODES] - Adding EU-FRA node...
INFO [2024-09-04 09:48:10] [MAIN] - Done adding nodes! (run time : 1.64s).

INFO [2024-09-04 09:48:10] [MAIN] - Adding districts...

INFO [2024-09-04 09:48:10] [DISTRICTS] - Creating global district...
INFO [2024-09-04 09:48:47] [MAIN] - Creating v2_test__2024_09_04_09_48_47 study...

INFO [2024-09-04 09:48:47] [MAIN] - Unit commitment mode : ACCURATE
INFO [2024-09-04 09:48:47] [MAIN] - Adding nodes...

INFO [2024-09-04 09:48:49] [NODES] - Adding EU-CHE node...
INFO [2024-09-04 09:48:49] [NODES] - Adding EU-DEU node...
INFO [2024-09-04 09:48:49] [NODES] - Adding EU-FRA node...
INFO [2024-09-04 09:48:49] [MAIN] - Done adding nodes! (run time : 1.66s).

INFO [2024-09-04 09:48:49] [MAIN] - Adding districts...

INFO [2024-09-04 09:48:50] [DISTRICTS] - Creating global district...
INFO [2024-09-04 09:48:50] [DISTRICTS] - Done creating global district!
INFO [2024-09-04 09:48:50] [DISTRICTS] - Creating europe continental district...
INFO [2024-09-04 09:48:50] [DISTRICTS] - Done creating europe continental district!
INFO [2024-09-04 09:48:50] [MAIN] - Done adding districts! (run time : 0.78s).

INFO [2024-09-04 09:48:50] [MAIN] - Adding load data...

INFO [2024-09-04 09:48:51] [LOAD] - Adding EU-CHE load data...
INFO [2024-09-04 09:48:51] [LOAD] - Adding EU-DEU load data...
INFO [2024-09-04 09:48:51] [LOAD] - Adding EU-FRA load data...
INFO [2024-09-04 09:48:51] [MAIN] - Done adding load data! (run time : 1.33s).

INFO [2024-09-04 09:48:52] [MAIN] - Fetching wind data...

INFO [2024-09-04 09:48:52] [WIND] - Adding EU-CHE aggregated wind data...
INFO [2024-09-04 09:48:52] [WIND] - Adding EU-DEU aggregated wind data...
INFO [2024-09-04 09:48:52] [WIND] - Adding EU-FRA aggregated wind data...
INFO [2024-09-04 09:48:52] [MAIN] - Done adding wind data! (run time : 0.24s).

INFO [2024-09-04 09:48:52] [MAIN] - Fetching solar data...

INFO [2024-09-04 09:48:52] [SOLAR] - Adding EU-CHE aggregated solar data...
INFO [2024-09-04 09:48:52] [SOLAR] - Adding EU-DEU aggregated solar data...
INFO [2024-09-04 09:48:52] [SOLAR] - Adding EU-FRA aggregated solar data...
INFO [2024-09-04 09:48:52] [MAIN] - Done adding solar data! (run time : 0.26s).

INFO [2024-09-04 09:48:52] [MAIN] - Beginning hydro implementation...
INFO [2024-09-04 09:48:53] [HYDRO] - Initializing EU-CHE hydro parameters...
INFO [2024-09-04 09:48:53] [HYDRO] - Adding EU-CHE max power timeseries...
INFO [2024-09-04 09:48:54] [HYDRO] - Adding EU-CHE hydro profiles...
INFO [2024-09-04 09:48:55] [HYDRO] - Initializing EU-DEU hydro parameters...
INFO [2024-09-04 09:48:55] [HYDRO] - Adding EU-DEU max power timeseries...
INFO [2024-09-04 09:48:55] [HYDRO] - Adding EU-DEU hydro profiles...
INFO [2024-09-04 09:48:56] [HYDRO] - Initializing EU-FRA hydro parameters...
INFO [2024-09-04 09:48:56] [HYDRO] - Adding EU-FRA max power timeseries...
INFO [2024-09-04 09:48:57] [HYDRO] - Adding EU-FRA hydro profiles...
INFO [2024-09-04 09:48:57] [MAIN] - Done adding hydro!
INFO [2024-09-04 09:48:57] [MAIN] - Fetching thermal data...
INFO [2024-09-04 09:48:59] [MAIN] - Aggregating identical generators...
INFO [2024-09-04 09:48:59] [MAIN] - Running 10-clustering algorithm on generators...
INFO [2024-09-04 09:48:59] [MAIN] - Done running 10-clustering algorithm on generators!

INFO [2024-09-04 09:48:59] [THERMAL] - Adding CHE_GAS_CAPACITYSCALER generator to EU-CHE node...
INFO [2024-09-04 09:48:59] [THERMAL] - Adding CHE_COA_CAPACITYSCALER generator to EU-CHE node...
INFO [2024-09-04 09:48:59] [THERMAL] - Adding CHE_BIO_CAPACITYSCALER generator to EU-CHE node...
INFO [2024-09-04 09:49:00] [THERMAL] - Adding CHE_NUC_KERNKRAFTWERKB17760 generator to EU-CHE node...
INFO [2024-09-04 09:49:00] [THERMAL] - Adding CHE_NUC_KERNKRAFTWERKM17763 generator to EU-CHE node...
INFO [2024-09-04 09:49:00] [THERMAL] - Adding CHE_NUC_KERNKRAFTWERKL17762 generator to EU-CHE node...
INFO [2024-09-04 09:49:00] [THERMAL] - Adding CHE_NUC_KERNKRAFTWERKG17761 generator to EU-CHE node...
INFO [2024-09-04 09:49:00] [THERMAL] - Adding CHE_OIL_CAPACITYSCALER generator to EU-CHE node...
INFO [2024-09-04 09:49:00] [THERMAL] - Adding DEU_GAS_HKWDRESDENNOS11200_FRANKEN111114_HKWIIIB11212_TRIANE generator to EU-DEU node...
INFO [2024-09-04 09:49:00] [THERMAL] - Adding DEU_GAS_KWKIRCHLENGERN11345_HKWNIEHL211221_LICHTERFELDE11438 generator to EU-DEU node...
INFO [2024-09-04 09:49:00] [THERMAL] - Adding DEU_GAS_GERSTEINWERK11141_GEMEINSCHAFTSKR11138_RHEINHAFENDAM generator to EU-DEU node...
INFO [2024-09-04 09:49:00] [THERMAL] - Adding DEU_GAS_GUDSCHWARZHEID11175_HEIZKRAFTWERKE11283_HKWNIEDERRAD generator to EU-DEU node...
INFO [2024-09-04 09:49:00] [THERMAL] - Adding DEU_GAS_GTKWDARMSTADT11128_HEIZKRAFTWERKK11271_HEIZKRAFTWERK generator to EU-DEU node...
INFO [2024-09-04 09:49:00] [THERMAL] - Adding DEU_GAS_HEIZKRAFTWERKA11263_HKW3UPMSCHONG11242_BPWERKLINGEN1 generator to EU-DEU node...
INFO [2024-09-04 09:49:01] [THERMAL] - Adding DEU_GAS_KIRCHMSER11375_HEIZKRAFTWERKL11273_DOWSTADE11047_DAM generator to EU-DEU node...
INFO [2024-09-04 09:49:01] [THERMAL] - Adding DEU_GAS_HBB11188_INEOSKRAFTWERK11321_HKW211193_HKWNORD11240_ generator to EU-DEU node...
INFO [2024-09-04 09:49:01] [THERMAL] - Adding DEU_GAS_KESSEL211371_ERWEITERUNGENE11099_BHKWANKLINKER10911_ generator to EU-DEU node...
INFO [2024-09-04 09:49:01] [THERMAL] - Adding DEU_GAS_HKWFENNEGRUB11205_HKWHILTROP11209_HKWSCHWERINS11231_ generator to EU-DEU node...
INFO [2024-09-04 09:49:01] [THERMAL] - Adding DEU_COA_WUPPERTALELBER11838_DEUBENPOWERST11040_BERLINMOABITP generator to EU-DEU node...
INFO [2024-09-04 09:49:01] [THERMAL] - Adding DEU_COA_LNENPOWERST11449_BERGKAMENPOWER10936_KRAFTWERKBEXBA1 generator to EU-DEU node...
INFO [2024-09-04 09:49:01] [THERMAL] - Adding DEU_COA_TIEFSTACKPOWER11739_FLENSBURGPOWER11111_KRAFTWERKENS generator to EU-DEU node...
INFO [2024-09-04 09:49:01] [THERMAL] - Adding DEU_COA_BUERPOWERSTAT11001_COTTBUSCHPPOW11019_COLOGNEMERKENI generator to EU-DEU node...
INFO [2024-09-04 09:49:01] [THERMAL] - Adding DEU_COA_HEIZKRAFTWERKF11266_DESSAUPOWERST11037_GRUBENHEIZKRA generator to EU-DEU node...
INFO [2024-09-04 09:49:01] [THERMAL] - Adding DEU_COA_KRAFTWERKN23011406_WACHTBERGPOWER11777_HASTEDTPOWERS generator to EU-DEU node...
INFO [2024-09-04 09:49:02] [THERMAL] - Adding DEU_COA_HEIZKRAFTWERK311260_KWWEST11350_HAFENPOWERSTA11244_W generator to EU-DEU node...
INFO [2024-09-04 09:49:02] [THERMAL] - Adding DEU_COA_KESSEL411372_KRAFTWERK11391_HKWKARCHERSTR_11214_KOHL generator to EU-DEU node...
INFO [2024-09-04 09:49:02] [THERMAL] - Adding DEU_COA_GKHHANNOVERPO11123_KWVOERDE11348_JANSCHWALDEPOW11338 generator to EU-DEU node...
INFO [2024-09-04 09:49:02] [THERMAL] - Adding DEU_COA_KRAFTWERKWERDO11414_STUTTGARTMUENS11720_KIELPOWERSTA generator to EU-DEU node...
INFO [2024-09-04 09:49:02] [THERMAL] - Adding DEU_WAS_EEWENERGYFROM11059_EEWGRORSCH11060_TURBOSATZ111747_G generator to EU-DEU node...
INFO [2024-09-04 09:49:02] [THERMAL] - Adding DEU_BIO_BIOMASSGENERAT10953_FHKWLUDWIGSHAF11103_KRAFTWERKSCH generator to EU-DEU node...
INFO [2024-09-04 09:49:03] [THERMAL] - Adding DEU_BIO_BLOCKHEIZKRAFTW10981_ZWSF11844_BIOMASSGENERAT10951 generator to EU-DEU node...
INFO [2024-09-04 09:49:03] [THERMAL] - Adding DEU_BIO_ZELLSTOFFSTEND11847_ZOLLINGPOWERS11851_CAPACITYSCALE generator to EU-DEU node...
INFO [2024-09-04 09:49:03] [THERMAL] - Adding DEU_WAS_MHKWFRANKFURT11454_STORAENSOMAXA11716 generator to EU-DEU node...
INFO [2024-09-04 09:49:03] [THERMAL] - Adding DEU_WAS_EBKWKNAPSACK11055_KWHAFEN11344_MKVAKREFELD11458_TREA generator to EU-DEU node...
INFO [2024-09-04 09:49:03] [THERMAL] - Adding DEU_BIO_BIOMASSGENERAT10961_DT11026_MLLKRAFTWERK11494_MHKWRO generator to EU-DEU node...
INFO [2024-09-04 09:49:03] [THERMAL] - Adding DEU_WAS_MHKWWKW11452_BIOMASSEHEIZKR10970_BIOMASSGENERAT10954 generator to EU-DEU node...
INFO [2024-09-04 09:49:03] [THERMAL] - Adding DEU_BIO_BIOMASSGENERAT10955_MHKW11451_HKWMANNHEIM11216_RMVAK generator to EU-DEU node...
INFO [2024-09-04 09:49:04] [THERMAL] - Adding DEU_BIO_BIOMASSGENERAT10957_KWKNEUMARKT11355_UTB11756_AVAVEL generator to EU-DEU node...
INFO [2024-09-04 09:49:04] [THERMAL] - Adding DEU_NUC_GROHNDE11162 generator to EU-DEU node...
INFO [2024-09-04 09:49:04] [THERMAL] - Adding DEU_NUC_NECKARWESTHEIM11499 generator to EU-DEU node...
INFO [2024-09-04 09:49:04] [THERMAL] - Adding DEU_NUC_EMSLAND11062 generator to EU-DEU node...
INFO [2024-09-04 09:49:04] [THERMAL] - Adding DEU_NUC_PHILIPPSBURG211562 generator to EU-DEU node...
INFO [2024-09-04 09:49:04] [THERMAL] - Adding DEU_NUC_BROKDORF10922 generator to EU-DEU node...
INFO [2024-09-04 09:49:04] [THERMAL] - Adding DEU_NUC_ISAR211322 generator to EU-DEU node...
INFO [2024-09-04 09:49:04] [THERMAL] - Adding DEU_NUC_KERNKRAFTGUNDR11370 generator to EU-DEU node...
INFO [2024-09-04 09:49:04] [THERMAL] - Adding DEU_OIL_EEV11058_MOABITOIL11482 generator to EU-DEU node...
INFO [2024-09-04 09:49:05] [THERMAL] - Adding DEU_OIL_RAFFINERIEKRAFT11602_AUDORF10902_ITZEHOE11337_KRAFTW generator to EU-DEU node...
INFO [2024-09-04 09:49:05] [THERMAL] - Adding DEU_OIL_SPITZENLASTKRAF11703_KRAFTWERKWALHE11413 generator to EU-DEU node...
INFO [2024-09-04 09:49:05] [THERMAL] - Adding DEU_OIL_WILHELMSHAVEN11816_SPITZENLASTANLA11702_KRAFTWERK113 generator to EU-DEU node...
INFO [2024-09-04 09:49:05] [THERMAL] - Adding DEU_OIL_KWMITTELSBRE11346 generator to EU-DEU node...
INFO [2024-09-04 09:49:05] [THERMAL] - Adding DEU_OIL_SKWNATURALGAS11651_KRAFTWERKFULDA11397 generator to EU-DEU node...
INFO [2024-09-04 09:49:06] [THERMAL] - Adding DEU_OIL_IKSPCKSCHWEDT11316 generator to EU-DEU node...
INFO [2024-09-04 09:49:06] [THERMAL] - Adding DEU_OIL_DKWLEINAU11024_DKWNORD11025_SKWDIESEL11650_SPITZENLA generator to EU-DEU node...
INFO [2024-09-04 09:49:06] [THERMAL] - Adding DEU_OIL_WILMERSDORF11818_CAPACITYSCALER generator to EU-DEU node...
INFO [2024-09-04 09:49:06] [THERMAL] - Adding DEU_OIL_BRUNSBTTEL11000 generator to EU-DEU node...
INFO [2024-09-04 09:49:06] [THERMAL] - Adding DEU_GEO_CAPACITYSCALER generator to EU-DEU node...
INFO [2024-09-04 09:49:06] [THERMAL] - Adding DEU_WAV_CAPACITYSCALER generator to EU-DEU node...
INFO [2024-09-04 09:49:06] [THERMAL] - Adding DEU_OTH_KRAFTWERKNORD11407 generator to EU-DEU node...
INFO [2024-09-04 09:49:07] [THERMAL] - Adding DEU_OTH_OXEAGMBH11555 generator to EU-DEU node...
INFO [2024-09-04 09:49:07] [THERMAL] - Adding DEU_OTH_IKW11317 generator to EU-DEU node...
INFO [2024-09-04 09:49:07] [THERMAL] - Adding DEU_OTH_HKWWEST11236_DKKRAFTWERK11023 generator to EU-DEU node...
INFO [2024-09-04 09:49:07] [THERMAL] - Adding DEU_OTH_ILKEKT11319 generator to EU-DEU node...
INFO [2024-09-04 09:49:07] [THERMAL] - Adding DEU_OTH_O1011535 generator to EU-DEU node...
INFO [2024-09-04 09:49:07] [THERMAL] - Adding DEU_OTH_EBSHEIZKRAFTWE11057 generator to EU-DEU node...
INFO [2024-09-04 09:49:07] [THERMAL] - Adding DEU_OTH_BIOMASSGENERAT10952 generator to EU-DEU node...
INFO [2024-09-04 09:49:08] [THERMAL] - Adding DEU_OTH_GICHTNATURALGA11145 generator to EU-DEU node...
INFO [2024-09-04 09:49:08] [THERMAL] - Adding DEU_OTH_KRAFTWERKSALZG11409 generator to EU-DEU node...
INFO [2024-09-04 09:49:08] [THERMAL] - Adding FRA_GAS_GENNEVILLIERS19464 generator to EU-FRA node...
INFO [2024-09-04 09:49:08] [THERMAL] - Adding FRA_GAS_PONTSURSAMBRE10198 generator to EU-FRA node...
INFO [2024-09-04 09:49:08] [THERMAL] - Adding FRA_GAS_CROIXDEMETZ9304 generator to EU-FRA node...
INFO [2024-09-04 09:49:08] [THERMAL] - Adding FRA_GAS_COMBIGOLFE9114 generator to EU-FRA node...
INFO [2024-09-04 09:49:08] [THERMAL] - Adding FRA_GAS_BLENOD58946 generator to EU-FRA node...
INFO [2024-09-04 09:49:08] [THERMAL] - Adding FRA_GAS_EMILEHUCHET9363 generator to EU-FRA node...
INFO [2024-09-04 09:49:08] [THERMAL] - Adding FRA_GAS_BOUCHAIN78948 generator to EU-FRA node...
INFO [2024-09-04 09:49:08] [THERMAL] - Adding FRA_GAS_MARTIGUESPONTE9866 generator to EU-FRA node...
INFO [2024-09-04 09:49:09] [THERMAL] - Adding FRA_GAS_CAPACITYSCALER generator to EU-FRA node...
INFO [2024-09-04 09:49:09] [THERMAL] - Adding FRA_GAS_DK69328 generator to EU-FRA node...
INFO [2024-09-04 09:49:09] [THERMAL] - Adding FRA_COA_LUCY39603 generator to EU-FRA node...
INFO [2024-09-04 09:49:09] [THERMAL] - Adding FRA_COA_CAPACITYSCALER generator to EU-FRA node...
INFO [2024-09-04 09:49:09] [THERMAL] - Adding FRA_COA_EMILEHUCHET9364 generator to EU-FRA node...
INFO [2024-09-04 09:49:09] [THERMAL] - Adding FRA_COA_CORDEMAIS49116_HAVRE49538 generator to EU-FRA node...
INFO [2024-09-04 09:49:09] [THERMAL] - Adding FRA_COA_PROVENCE510115 generator to EU-FRA node...
INFO [2024-09-04 09:49:09] [THERMAL] - Adding FRA_BIO_CAPACITYSCALER generator to EU-FRA node...
INFO [2024-09-04 09:49:09] [THERMAL] - Adding FRA_BIO_ALLEMANT8850_AMANVILLERS8862_AUCH8917_BIMONT9017_BOR generator to EU-FRA node...
INFO [2024-09-04 09:49:09] [THERMAL] - Adding FRA_BIO_BAILLEULSURTH8957_BARSURAUBE8965_BENET8996_BNAC9102_ generator to EU-FRA node...
INFO [2024-09-04 09:49:10] [THERMAL] - Adding FRA_BIO_ARGENTEUIL8892_CHAMBRY9191_ANTIBES8878_MDAMILL9926_N generator to EU-FRA node...
INFO [2024-09-04 09:49:10] [THERMAL] - Adding FRA_BIO_LEPLESSISGASS9757_SAINTJEANDEF10422_CLERMONTFERRAN92 generator to EU-FRA node...
INFO [2024-09-04 09:49:10] [THERMAL] - Adding FRA_BIO_DUNKERQUE9360_FORTDEFRANCE9428_MONTECH9977_NOYELLESS generator to EU-FRA node...
INFO [2024-09-04 09:49:10] [THERMAL] - Adding FRA_BIO_NICE10055_SAINTOUEN10475_LEMANS9746_VAUXLEPNIL10743_ generator to EU-FRA node...
INFO [2024-09-04 09:49:10] [THERMAL] - Adding FRA_BIO_AIXENPROVENCE8840_ARPAJONSURC8897_BAYONNE8976_CENON9 generator to EU-FRA node...
INFO [2024-09-04 09:49:10] [THERMAL] - Adding FRA_BIO_PITHIVIERS10150_SAINTMARTINDE10457_VEDNE10745_COURON generator to EU-FRA node...
INFO [2024-09-04 09:49:10] [THERMAL] - Adding FRA_BIO_FOSSURMER9434_ISSYLESMOULIN9578 generator to EU-FRA node...
INFO [2024-09-04 09:49:10] [THERMAL] - Adding FRA_NUC_CHOOZ9110 generator to EU-FRA node...
INFO [2024-09-04 09:49:11] [THERMAL] - Adding FRA_NUC_PALUEL10108_DAMPIERRE9326 generator to EU-FRA node...
INFO [2024-09-04 09:49:11] [THERMAL] - Adding FRA_NUC_STLAURENT10330 generator to EU-FRA node...
INFO [2024-09-04 09:49:11] [THERMAL] - Adding FRA_NUC_FLAMANVILLE9394_PENLY10110_STALBAN10328 generator to EU-FRA node...
INFO [2024-09-04 09:49:11] [THERMAL] - Adding FRA_NUC_CHINON9109_BLAYAIS8945 generator to EU-FRA node...
INFO [2024-09-04 09:49:11] [THERMAL] - Adding FRA_NUC_CATTENOM9106 generator to EU-FRA node...
INFO [2024-09-04 09:49:11] [THERMAL] - Adding FRA_NUC_CRUAS9118_TRICASTIN110646_BELLEVILLE8944_GOLFECH9466 generator to EU-FRA node...
INFO [2024-09-04 09:49:11] [THERMAL] - Adding FRA_NUC_BUGEY8952_CIVAUX9111 generator to EU-FRA node...
INFO [2024-09-04 09:49:11] [THERMAL] - Adding FRA_NUC_FESSENHEIM9393 generator to EU-FRA node...
INFO [2024-09-04 09:49:12] [THERMAL] - Adding FRA_NUC_GRAVELINES9468 generator to EU-FRA node...
INFO [2024-09-04 09:49:12] [THERMAL] - Adding FRA_OIL_BRENNILIS8950 generator to EU-FRA node...
INFO [2024-09-04 09:49:12] [THERMAL] - Adding FRA_OIL_DIRINON9327 generator to EU-FRA node...
INFO [2024-09-04 09:49:12] [THERMAL] - Adding FRA_OIL_ARRIGHI8823 generator to EU-FRA node...
INFO [2024-09-04 09:49:12] [THERMAL] - Adding FRA_OIL_CORDEMAIS9115 generator to EU-FRA node...
INFO [2024-09-04 09:49:12] [THERMAL] - Adding FRA_OIL_CAPACITYSCALER generator to EU-FRA node...
INFO [2024-09-04 09:49:12] [THERMAL] - Adding FRA_OIL_PORCHEVILLE10112 generator to EU-FRA node...
INFO [2024-09-04 09:49:13] [THERMAL] - Adding FRA_GEO_BOUILLANTE9046 generator to EU-FRA node...
INFO [2024-09-04 09:49:13] [THERMAL] - Adding FRA_WAV_RANCE10241 generator to EU-FRA node...
INFO [2024-09-04 09:49:13] [THERMAL] - Adding FRA_WAV_CAPACITYSCALER generator to EU-FRA node...
INFO [2024-09-04 09:49:19] [MAIN] - Done adding thermal data! (run time : 0.37min).

INFO [2024-09-04 09:49:19] [MAIN] - Fetching battery data...

INFO [2024-09-04 09:49:19] [MAIN] - Aggregating identical batteries...
INFO [2024-09-04 09:49:19] [MAIN] - Running 10-clustering algorithm on batteries...
INFO [2024-09-04 09:49:20] [MAIN] - Done running 10-clustering algorithm on batteries!

INFO [2024-09-04 09:49:20] [WARN] - Failed to add CHE_CHE_SwissDualCircui104 battery to EU-CHE node, skipping...
INFO [2024-09-04 09:49:20] [WARN] - Failed to add CHE_CHE_LausannePolytec102 battery to EU-CHE node, skipping...
INFO [2024-09-04 09:49:20] [WARN] - Failed to add CHE_CHE_50kW60kWhEnergy99_Passivhaus50kW1103 battery to EU-CHE node, skipping...
INFO [2024-09-04 09:49:20] [WARN] - Failed to add CHE_CHE_CKWESpeicherWer100 battery to EU-CHE node, skipping...
INFO [2024-09-04 09:49:20] [WARN] - Failed to add CHE_CHE_EPFLLeclancheDi101 battery to EU-CHE node, skipping...
INFO [2024-09-04 09:49:20] [WARN] - Failed to add CHE_CHE_TheZurichDietik105 battery to EU-CHE node, skipping...
INFO [2024-09-04 09:49:20] [WARN] - Failed to add CHE_PHS_VeytauxFMHLPump122 battery to EU-CHE node, skipping...
INFO [2024-09-04 09:49:20] [WARN] - Failed to add CHE_PHS_EtzelwerkPumped107 battery to EU-CHE node, skipping...
INFO [2024-09-04 09:49:20] [WARN] - Failed to add CHE_PHS_Handeck3PumpedH112_TierfehdNestilP121 battery to EU-CHE node, skipping...
INFO [2024-09-04 09:49:20] [WARN] - Failed to add CHE_PHS_RobieiPumpedHyd120_HongrinLemanPum113_MapraggPumpedH battery to EU-CHE node, skipping...
INFO [2024-09-04 09:49:20] [WARN] - Failed to add CHE_PHS_FerreraPumpedHy108_LinthLimmernPum116 battery to EU-CHE node, skipping...
INFO [2024-09-04 09:49:20] [WARN] - Failed to add CHE_PHS_OvaSpinPumpedHy119_GougraPumpedHyd109 battery to EU-CHE node, skipping...
INFO [2024-09-04 09:49:20] [WARN] - Failed to add CHE_PHS_Grimsel2PumpedH110 battery to EU-CHE node, skipping...
INFO [2024-09-04 09:49:20] [WARN] - Failed to add CHE_PHS_Grimsel3PumpedH111 battery to EU-CHE node, skipping...
INFO [2024-09-04 09:49:20] [WARN] - Failed to add CHE_PHS_NantdeDrancePum118_LagoBiancoPumpe114_Linthal2015Lin battery to EU-CHE node, skipping...
INFO [2024-09-04 09:49:20] [WARN] - Failed to add CHE_PHS_EmossonPumpedHy106 battery to EU-CHE node, skipping...
INFO [2024-09-04 09:49:20] [WARN] - Failed to add DEU_CHE_BoschBraderupES236_DREWAGReick2MWP242 battery to EU-DEU node, skipping...
INFO [2024-09-04 09:49:20] [WARN] - Failed to add DEU_CHE_SwagBoschCommun263_CustomerProject239_FastChargingeB battery to EU-DEU node, skipping...
INFO [2024-09-04 09:49:20] [WARN] - Failed to add DEU_CHE_FeldheimRegiona248 battery to EU-DEU node, skipping...
INFO [2024-09-04 09:49:20] [WARN] - Failed to add DEU_CHE_SmartRegionPell262 battery to EU-DEU node, skipping...
INFO [2024-09-04 09:49:20] [WARN] - Failed to add DEU_CHE_EEBattEnergyNei244_250kW1MWhElCheW231_BatteryEnergyS battery to EU-DEU node, skipping...
INFO [2024-09-04 09:49:20] [WARN] - Failed to add DEU_CHE_YounicosandVatt266 battery to EU-DEU node, skipping...
INFO [2024-09-04 09:49:20] [WARN] - Failed to add DEU_CHE_CatervaSWARM237 battery to EU-DEU node, skipping...
INFO [2024-09-04 09:49:20] [WARN] - Failed to add DEU_CHE_IHEMIntelligent251_Web2EnergySmart264_IntelligentesN battery to EU-DEU node, skipping...
INFO [2024-09-04 09:49:20] [WARN] - Failed to add DEU_CHE_WEMAGSchwerinBa265 battery to EU-DEU node, skipping...
INFO [2024-09-04 09:49:20] [WARN] - Failed to add DEU_CHE_QinousDemonstra255 battery to EU-DEU node, skipping...
INFO [2024-09-04 09:49:20] [WARN] - Failed to add DEU_CHE_SmartRegionPell261 battery to EU-DEU node, skipping...
INFO [2024-09-04 09:49:20] [WARN] - Failed to add DEU_CHE_10kW100kWhHaakF228_CellcubeWilliba238 battery to EU-DEU node, skipping...
INFO [2024-09-04 09:49:20] [WARN] - Failed to add DEU_CHE_RedoxWindTheFra256 battery to EU-DEU node, skipping...
INFO [2024-09-04 09:49:20] [WARN] - Failed to add DEU_CHE_Drverden3MWBatt243 battery to EU-DEU node, skipping...
INFO [2024-09-04 09:49:20] [WARN] - Failed to add DEU_CHE_GermanyResident249 battery to EU-DEU node, skipping...
INFO [2024-09-04 09:49:20] [WARN] - Failed to add DEU_CHE_Daimler2ndLifeS240 battery to EU-DEU node, skipping...
INFO [2024-09-04 09:49:20] [WARN] - Failed to add DEU_CHE_15MWEnergyStora229 battery to EU-DEU node, skipping...
INFO [2024-09-04 09:49:20] [WARN] - Failed to add DEU_CHE_BESSNeuhardenbe234 battery to EU-DEU node, skipping...
INFO [2024-09-04 09:49:20] [WARN] - Failed to add DEU_CHE_BoschBraderupES235_1MWLESSYVolklin230 battery to EU-DEU node, skipping...
INFO [2024-09-04 09:49:20] [WARN] - Failed to add DEU_CHE_DMGGildemeister241 battery to EU-DEU node, skipping...
INFO [2024-09-04 09:49:20] [WARN] - Failed to add DEU_CHE_SmartOperatorWi259 battery to EU-DEU node, skipping...
INFO [2024-09-04 09:49:20] [WARN] - Failed to add DEU_CHE_QinousDemonstra254 battery to EU-DEU node, skipping...
INFO [2024-09-04 09:49:20] [WARN] - Failed to add DEU_CHE_SmartOperator257_SmartOperatorKi258 battery to EU-DEU node, skipping...
INFO [2024-09-04 09:49:20] [WARN] - Failed to add DEU_CHE_EnerconWindTurb245 battery to EU-DEU node, skipping...
INFO [2024-09-04 09:49:20] [WARN] - Failed to add DEU_CHE_YounicosandVatt267 battery to EU-DEU node, skipping...
INFO [2024-09-04 09:49:20] [WARN] - Failed to add DEU_CHE_EnergyBufferUni246 battery to EU-DEU node, skipping...
INFO [2024-09-04 09:49:20] [WARN] - Failed to add DEU_THE_JulichSolarTowe302 battery to EU-DEU node, skipping...
INFO [2024-09-04 09:49:20] [WARN] - Failed to add DEU_HYD_ThgaDemonstrati273 battery to EU-DEU node, skipping...
INFO [2024-09-04 09:49:20] [WARN] - Failed to add DEU_HYD_EnBWStuttgartHy270 battery to EU-DEU node, skipping...
INFO [2024-09-04 09:49:20] [WARN] - Failed to add DEU_HYD_E.ONquotPowerto269_Grapzow140MWWin272 battery to EU-DEU node, skipping...
INFO [2024-09-04 09:49:20] [WARN] - Failed to add DEU_HYD_AudiegasProject268_EnergieparkMain271 battery to EU-DEU node, skipping...
INFO [2024-09-04 09:49:20] [WARN] - Failed to add DEU_PHS_WehrPumpedStora299_MarkersbachPump286 battery to EU-DEU node, skipping...
INFO [2024-09-04 09:49:20] [WARN] - Failed to add DEU_PHS_ErzhausenPumped275 battery to EU-DEU node, skipping...
INFO [2024-09-04 09:49:20] [WARN] - Failed to add DEU_PHS_Langenprozelten283_WitznauPumpedSt301 battery to EU-DEU node, skipping...
INFO [2024-09-04 09:49:20] [WARN] - Failed to add DEU_PHS_HerdeckePumpedS279 battery to EU-DEU node, skipping...
INFO [2024-09-04 09:49:20] [WARN] - Failed to add DEU_PHS_GoldisthalPumpe278 battery to EU-DEU node, skipping...
INFO [2024-09-04 09:49:20] [WARN] - Failed to add DEU_PHS_Kirchentellinsf282_Ruselkraftwerke291_SorpeseePumped battery to EU-DEU node, skipping...
INFO [2024-09-04 09:49:20] [WARN] - Failed to add DEU_PHS_SckingenPumpedS293_HohenwartePumpe280 battery to EU-DEU node, skipping...
INFO [2024-09-04 09:49:20] [WARN] - Failed to add DEU_PHS_NiederwarthaPum287_SchwarzenbachPu292_WendefurthPowe battery to EU-DEU node, skipping...
INFO [2024-09-04 09:49:20] [WARN] - Failed to add DEU_PHS_TanzmhlePumpedS295_LeitzachwerkI284_LeitzachwerkII28 battery to EU-DEU node, skipping...
INFO [2024-09-04 09:49:20] [WARN] - Failed to add DEU_PHS_RiedlEnergyStor289_WaldeckII296 battery to EU-DEU node, skipping...
INFO [2024-09-04 09:49:20] [WARN] - Failed to add FRA_CHE_DIYESS5kWhLiFeP376 battery to EU-FRA node, skipping...
INFO [2024-09-04 09:49:20] [WARN] - Failed to add FRA_CHE_NICEGRIDproject380 battery to EU-FRA node, skipping...
INFO [2024-09-04 09:49:20] [WARN] - Failed to add FRA_CHE_NICEGRIDproject381 battery to EU-FRA node, skipping...
INFO [2024-09-04 09:49:20] [WARN] - Failed to add FRA_CHE_EDFRampDLesRena378 battery to EU-FRA node, skipping...
INFO [2024-09-04 09:49:20] [WARN] - Failed to add FRA_CHE_CarrosNICEGRIDP374 battery to EU-FRA node, skipping...
INFO [2024-09-04 09:49:21] [WARN] - Failed to add FRA_CHE_ADEMEIntelligen373 battery to EU-FRA node, skipping...
INFO [2024-09-04 09:49:21] [WARN] - Failed to add FRA_CHE_DieselGenerator375 battery to EU-FRA node, skipping...
INFO [2024-09-04 09:49:21] [WARN] - Failed to add FRA_CHE_EDFENGabardoneP377 battery to EU-FRA node, skipping...
INFO [2024-09-04 09:49:21] [WARN] - Failed to add FRA_CHE_INESProject379 battery to EU-FRA node, skipping...
INFO [2024-09-04 09:49:21] [WARN] - Failed to add FRA_CHE_ReunionIslandPe382 battery to EU-FRA node, skipping...
INFO [2024-09-04 09:49:21] [WARN] - Failed to add FRA_THE_AlbaNova1SolarP394 battery to EU-FRA node, skipping...
INFO [2024-09-04 09:49:21] [WARN] - Failed to add FRA_HYD_UniveristyofCor383 battery to EU-FRA node, skipping...
INFO [2024-09-04 09:49:21] [WARN] - Failed to add FRA_PHS_AlrancePumpedSt384 battery to EU-FRA node, skipping...
INFO [2024-09-04 09:49:21] [WARN] - Failed to add FRA_PHS_ArgentatPumpedS385 battery to EU-FRA node, skipping...
INFO [2024-09-04 09:49:21] [WARN] - Failed to add FRA_PHS_LaRanceTidalPow388 battery to EU-FRA node, skipping...
INFO [2024-09-04 09:49:21] [WARN] - Failed to add FRA_PHS_LaCochePumpedSt387 battery to EU-FRA node, skipping...
INFO [2024-09-04 09:49:21] [WARN] - Failed to add FRA_PHS_LePougetPumpedS390 battery to EU-FRA node, skipping...
INFO [2024-09-04 09:49:21] [WARN] - Failed to add FRA_PHS_LeCheylasPumped389 battery to EU-FRA node, skipping...
INFO [2024-09-04 09:49:21] [WARN] - Failed to add FRA_PHS_SuperBissortePu393 battery to EU-FRA node, skipping...
INFO [2024-09-04 09:49:21] [WARN] - Failed to add FRA_PHS_RevinPumpedStor392 battery to EU-FRA node, skipping...
INFO [2024-09-04 09:49:21] [WARN] - Failed to add FRA_PHS_MontzicPumpedSt391 battery to EU-FRA node, skipping...
INFO [2024-09-04 09:49:21] [WARN] - Failed to add FRA_PHS_Grand039MaisonD386 battery to EU-FRA node, skipping...
INFO [2024-09-04 09:49:21] [MAIN] - Done adding battery data! (run time : 0.02min).

INFO [2024-09-04 09:49:21] [MAIN] - Adding lines between areas...

INFO [2024-09-04 09:49:22] [LINES] - Adding EU-CHE to EU-DEU line...
INFO [2024-09-04 09:49:22] [LINES] - Adding EU-CHE to EU-FRA line...
INFO [2024-09-04 09:49:22] [LINES] - Adding EU-DEU to EU-FRA line...
INFO [2024-09-04 09:49:22] [MAIN] - Done adding lines! (run time : 1.37s).

INFO [2024-09-04 09:49:22] [MAIN] - Finished setting up Antares study! (run time : 0.58min).
 

