INFO [2024-10-13 15:01:58] [MAIN] - Initializing output folder...
INFO [2024-10-13 15:02:01] [MAIN] - Reading simulations of pre-existing v2_20clu__2024_09_04_22_33_36 study...
INFO [2024-10-13 15:02:02] [MAIN] - Opening 20240905-0707eco-world_vOutages_accurateUCM simulation...
INFO [2024-10-13 15:02:02] [MAIN] - Preparing to compare generation values with Deane...
INFO [2024-10-13 15:02:02] [DEANE] - Saving generation comparisons for africa continent...
INFO [2024-10-13 15:02:02] [DEANE] - Done saving generation comparisons for africa continent!
INFO [2024-10-13 15:02:02] [DEANE] - Saving generation comparisons for asia continent...
INFO [2024-10-13 15:02:03] [DEANE] - Done saving generation comparisons for asia continent!
INFO [2024-10-13 15:02:03] [DEANE] - Saving generation comparisons for europe continent...
INFO [2024-10-13 15:02:03] [DEANE] - Done saving generation comparisons for europe continent!
INFO [2024-10-13 15:02:03] [DEANE] - Saving generation comparisons for north america continent...
INFO [2024-10-13 15:02:03] [DEANE] - Done saving generation comparisons for north america continent!
INFO [2024-10-13 15:02:03] [DEANE] - Saving generation comparisons for oceania continent...
INFO [2024-10-13 15:02:04] [DEANE] - Done saving generation comparisons for oceania continent!
INFO [2024-10-13 15:02:04] [DEANE] - Saving generation comparisons for south america continent...
INFO [2024-10-13 15:02:04] [DEANE] - Done saving generation comparisons for south america continent!
INFO [2024-10-13 15:02:04] [DEANE] - Saving generation comparisons for the world...
INFO [2024-10-13 15:02:04] [DEANE] - Done saving generation comparisons for the world!
INFO [2024-10-13 15:02:04] [MAIN] - Done comparing generation values with Deane! (run time : 2.58 s).

INFO [2024-10-13 15:02:04] [MAIN] - Preparing to compare emissions values with Deane...
INFO [2024-10-13 15:02:04] [DEANE] - Computing continental CO2 emissions in Antares study...
