INFO [2024-09-04 16:05:25] [MAIN] - Reading simulations of pre-existing v2_test__2024_09_03_18_26_16 study...
INFO [2024-09-04 16:05:26] [MAIN] - Opening 20240904-0741eco-outageTest simulation...
INFO [2024-09-04 16:05:26] [MAIN] - Preparing to save global production stack...
INFO [2024-09-04 16:05:48] [MAIN] - Done saving global production stack! (run time : 21.46s).

INFO [2024-09-04 16:05:48] [MAIN] - Preparing to save continental production stacks...
INFO [2024-09-04 16:05:49] [STACK] - Saving production stack for africa continent...
INFO [2024-09-04 16:06:01] [STACK] - The daily production stack for africa from 2015-01-01 to 2015-12-31 has been saved!
INFO [2024-09-04 16:06:02] [STACK] - Saving production stack for europe continent...
INFO [2024-09-04 16:06:22] [STACK] - The daily production stack for europe from 2015-01-01 to 2015-12-31 has been saved!
INFO [2024-09-04 16:06:22] [STACK] - Saving production stack for south america continent...
INFO [2024-09-04 16:06:37] [STACK] - The daily production stack for south america from 2015-01-01 to 2015-12-31 has been saved!
INFO [2024-09-04 16:06:37] [MAIN] - Done saving continental production stacks! (run time : 49.28s).

INFO [2024-09-04 16:06:37] [MAIN] - Preparing to save national production stacks...
INFO [2024-09-04 16:06:39] [STACK] - Saving production stack for af-bwa country...
INFO [2024-09-04 16:07:06] [STACK] - The daily production stack for af-bwa from 2015-01-01 to 2015-12-31 has been saved!
INFO [2024-09-04 16:07:06] [STACK] - Saving production stack for af-lso country...
INFO [2024-09-04 16:07:23] [STACK] - The daily production stack for af-lso from 2015-01-01 to 2015-12-31 has been saved!
INFO [2024-09-04 16:07:23] [STACK] - Saving production stack for af-moz country...
INFO [2024-09-04 16:07:39] [STACK] - The daily production stack for af-moz from 2015-01-01 to 2015-12-31 has been saved!
INFO [2024-09-04 16:07:40] [STACK] - Saving production stack for af-nam country...
INFO [2024-09-04 16:08:01] [STACK] - The daily production stack for af-nam from 2015-01-01 to 2015-12-31 has been saved!
INFO [2024-09-04 16:08:01] [STACK] - Saving production stack for af-swz country...
INFO [2024-09-04 16:08:28] [STACK] - The daily production stack for af-swz from 2015-01-01 to 2015-12-31 has been saved!
INFO [2024-09-04 16:08:29] [STACK] - Saving production stack for af-zaf country...
INFO [2024-09-04 16:08:40] [STACK] - The daily production stack for af-zaf from 2015-01-01 to 2015-12-31 has been saved!
INFO [2024-09-04 16:08:40] [STACK] - Saving production stack for af-zwe country...
INFO [2024-09-04 16:09:09] [STACK] - The daily production stack for af-zwe from 2015-01-01 to 2015-12-31 has been saved!
INFO [2024-09-04 16:09:09] [STACK] - Saving production stack for eu-bel country...
INFO [2024-09-04 16:09:32] [STACK] - The daily production stack for eu-bel from 2015-01-01 to 2015-12-31 has been saved!
INFO [2024-09-04 16:09:33] [STACK] - Saving production stack for eu-che country...
INFO [2024-09-04 16:10:49] [STACK] - The daily production stack for eu-che from 2015-01-01 to 2015-12-31 has been saved!
INFO [2024-09-04 16:10:50] [STACK] - Saving production stack for eu-deu country...
INFO [2024-09-04 16:11:14] [STACK] - The daily production stack for eu-deu from 2015-01-01 to 2015-12-31 has been saved!
INFO [2024-09-04 16:11:15] [STACK] - Saving production stack for eu-esp country...
INFO [2024-09-04 16:11:41] [STACK] - The daily production stack for eu-esp from 2015-01-01 to 2015-12-31 has been saved!
INFO [2024-09-04 16:11:42] [STACK] - Saving production stack for eu-fra country...
INFO [2024-09-04 16:11:59] [STACK] - The daily production stack for eu-fra from 2015-01-01 to 2015-12-31 has been saved!
INFO [2024-09-04 16:11:59] [STACK] - Saving production stack for eu-gbr country...
INFO [2024-09-04 16:12:23] [STACK] - The daily production stack for eu-gbr from 2015-01-01 to 2015-12-31 has been saved!
INFO [2024-09-04 16:12:24] [STACK] - Saving production stack for eu-ita country...
INFO [2024-09-04 16:12:57] [STACK] - The daily production stack for eu-ita from 2015-01-01 to 2015-12-31 has been saved!
INFO [2024-09-04 16:12:58] [STACK] - Saving production stack for eu-lux country...
INFO [2024-09-04 16:13:39] [STACK] - The daily production stack for eu-lux from 2015-01-01 to 2015-12-31 has been saved!
INFO [2024-09-04 16:13:39] [STACK] - Saving production stack for sa-arg country...
INFO [2024-09-04 16:13:58] [STACK] - The daily production stack for sa-arg from 2015-01-01 to 2015-12-31 has been saved!
INFO [2024-09-04 16:13:58] [STACK] - Saving production stack for sa-chl country...
INFO [2024-09-04 16:14:25] [STACK] - The daily production stack for sa-chl from 2015-01-01 to 2015-12-31 has been saved!
INFO [2024-09-04 16:14:26] [STACK] - Saving production stack for sa-pry country...
INFO [2024-09-04 16:14:34] [STACK] - The daily production stack for sa-pry from 2015-01-01 to 2015-12-31 has been saved!
INFO [2024-09-04 16:14:34] [STACK] - Saving production stack for sa-ury country...
INFO [2024-09-04 16:15:09] [STACK] - The daily production stack for sa-ury from 2015-01-01 to 2015-12-31 has been saved!
INFO [2024-09-04 16:15:09] [MAIN] - Done saving national production stacks! (run time : 8.52min).

INFO [2024-09-04 16:15:09] [MAIN] - Preparing to save regional production stacks...
