INFO [2024-09-03 17:23:47] [MAIN] - Creating Deane_CHEDEUFRA-noActivateTS__2024_09_03_17_23_47 study...

INFO [2024-09-03 17:23:47] [MAIN] - Unit commitment mode : ACCURATE
INFO [2024-09-03 17:23:48] [MAIN] - Adding nodes...

INFO [2024-09-03 17:23:52] [NODES] - Adding EU-CHE node...
INFO [2024-09-03 17:23:52] [NODES] - Adding EU-DEU node...
INFO [2024-09-03 17:23:53] [NODES] - Adding EU-FRA node...
INFO [2024-09-03 17:23:53] [MAIN] - Done adding nodes! (run time : 4.93s).

INFO [2024-09-03 17:23:53] [MAIN] - Adding districts...

INFO [2024-09-03 17:23:54] [DISTRICTS] - Creating global district...
INFO [2024-09-03 17:23:54] [DISTRICTS] - Done creating global district!
INFO [2024-09-03 17:23:54] [DISTRICTS] - Creating europe continental district...
INFO [2024-09-03 17:23:55] [DISTRICTS] - Done creating europe continental district!
INFO [2024-09-03 17:23:55] [MAIN] - Done adding districts! (run time : 1.8s).

INFO [2024-09-03 17:23:55] [MAIN] - Adding load data...

INFO [2024-09-03 17:23:57] [LOAD] - Adding EU-CHE load data...
INFO [2024-09-03 17:23:57] [LOAD] - Adding EU-DEU load data...
INFO [2024-09-03 17:23:57] [LOAD] - Adding EU-FRA load data...
INFO [2024-09-03 17:23:57] [MAIN] - Done adding load data! (run time : 2.56s).

INFO [2024-09-03 17:23:58] [MAIN] - Fetching wind data...

INFO [2024-09-03 17:23:58] [WIND] - Adding EU-CHE aggregated wind data...
INFO [2024-09-03 17:23:58] [WIND] - Adding EU-DEU aggregated wind data...
INFO [2024-09-03 17:23:58] [WIND] - Adding EU-FRA aggregated wind data...
INFO [2024-09-03 17:23:58] [MAIN] - Done adding wind data! (run time : 0.46s).

INFO [2024-09-03 17:23:58] [MAIN] - Fetching solar data...

INFO [2024-09-03 17:23:58] [SOLAR] - Adding EU-CHE aggregated solar data...
INFO [2024-09-03 17:23:58] [SOLAR] - Adding EU-DEU aggregated solar data...
INFO [2024-09-03 17:23:59] [SOLAR] - Adding EU-FRA aggregated solar data...
INFO [2024-09-03 17:23:59] [MAIN] - Done adding solar data! (run time : 0.6s).

INFO [2024-09-03 17:23:59] [MAIN] - Beginning hydro implementation...
INFO [2024-09-03 17:24:00] [HYDRO] - Initializing EU-CHE hydro parameters...
INFO [2024-09-03 17:24:01] [HYDRO] - Adding EU-CHE max power timeseries...
INFO [2024-09-03 17:24:01] [HYDRO] - Adding EU-CHE hydro profiles...
INFO [2024-09-03 17:24:03] [HYDRO] - Initializing EU-DEU hydro parameters...
INFO [2024-09-03 17:24:03] [HYDRO] - Adding EU-DEU max power timeseries...
INFO [2024-09-03 17:24:04] [HYDRO] - Adding EU-DEU hydro profiles...
INFO [2024-09-03 17:24:05] [HYDRO] - Initializing EU-FRA hydro parameters...
INFO [2024-09-03 17:24:06] [HYDRO] - Adding EU-FRA max power timeseries...
INFO [2024-09-03 17:24:06] [HYDRO] - Adding EU-FRA hydro profiles...
INFO [2024-09-03 17:24:06] [MAIN] - Done adding hydro!
INFO [2024-09-03 17:24:07] [MAIN] - Fetching thermal data...
INFO [2024-09-03 17:24:11] [MAIN] - Aggregating identical generators...
INFO [2024-09-03 17:24:11] [MAIN] - Running 1-clustering algorithm on generators...
INFO [2024-09-03 17:24:12] [MAIN] - Done running 1-clustering algorithm on generators!

INFO [2024-09-03 17:24:12] [THERMAL] - Adding CHE_GAS_CAPACITYSCALER generator to EU-CHE node...
INFO [2024-09-03 17:24:12] [THERMAL] - Adding CHE_COA_CAPACITYSCALER generator to EU-CHE node...
INFO [2024-09-03 17:24:13] [THERMAL] - Adding CHE_BIO_CAPACITYSCALER generator to EU-CHE node...
INFO [2024-09-03 17:24:13] [THERMAL] - Adding CHE_NUC_KERNKRAFTWERKB17760_KERNKRAFTWERKM17763_KERNKRAFTWER generator to EU-CHE node...
INFO [2024-09-03 17:24:13] [THERMAL] - Adding CHE_OIL_CAPACITYSCALER generator to EU-CHE node...
INFO [2024-09-03 17:24:13] [THERMAL] - Adding DEU_GAS_KESSEL211371_ERWEITERUNGENE11099_BHKWANKLINKER10911_ generator to EU-DEU node...
INFO [2024-09-03 17:24:13] [THERMAL] - Adding DEU_COA_KESSEL411372_KRAFTWERK11391_HKWKARCHERSTR_11214_KOHL generator to EU-DEU node...
INFO [2024-09-03 17:24:14] [THERMAL] - Adding DEU_BIO_BLOCKHEIZKRAFTW10981_ZWSF11844_BIOMASSGENERAT10951_M generator to EU-DEU node...
INFO [2024-09-03 17:24:14] [THERMAL] - Adding DEU_NUC_GROHNDE11162_NECKARWESTHEIM11499_EMSLAND11062_PHILIP generator to EU-DEU node...
INFO [2024-09-03 17:24:14] [THERMAL] - Adding DEU_OIL_DKWLEINAU11024_DKWNORD11025_SKWDIESEL11650_SPITZENLA generator to EU-DEU node...
INFO [2024-09-03 17:24:14] [THERMAL] - Adding DEU_GEO_CAPACITYSCALER generator to EU-DEU node...
INFO [2024-09-03 17:24:14] [THERMAL] - Adding DEU_WAV_CAPACITYSCALER generator to EU-DEU node...
INFO [2024-09-03 17:24:15] [THERMAL] - Adding DEU_OTH_ILKEKT11319_BIOMASSGENERAT10952_HKWWEST11236_DKKRAFT generator to EU-DEU node...
INFO [2024-09-03 17:24:15] [THERMAL] - Adding FRA_GAS_GENNEVILLIERS19464_PONTSURSAMBRE10198_CROIXDEMETZ930 generator to EU-FRA node...
INFO [2024-09-03 17:24:15] [THERMAL] - Adding FRA_COA_LUCY39603_CAPACITYSCALER_EMILEHUCHET9364_CORDEMAIS49 generator to EU-FRA node...
INFO [2024-09-03 17:24:15] [THERMAL] - Adding FRA_BIO_ALLEMANT8850_AMANVILLERS8862_AUCH8917_BIMONT9017_BOR generator to EU-FRA node...
INFO [2024-09-03 17:24:15] [THERMAL] - Adding FRA_NUC_STLAURENT10330_CHINON9109_BLAYAIS8945_CRUAS9118_TRIC generator to EU-FRA node...
INFO [2024-09-03 17:24:16] [THERMAL] - Adding FRA_OIL_BRENNILIS8950_DIRINON9327_ARRIGHI8823_CORDEMAIS9115_ generator to EU-FRA node...
INFO [2024-09-03 17:24:16] [THERMAL] - Adding FRA_GEO_BOUILLANTE9046 generator to EU-FRA node...
INFO [2024-09-03 17:24:16] [THERMAL] - Adding FRA_WAV_RANCE10241_CAPACITYSCALER generator to EU-FRA node...
INFO [2024-09-03 17:24:16] [MAIN] - Done adding thermal data! (run time : 0.16min).

INFO [2024-09-03 17:24:16] [MAIN] - Fetching battery data...

INFO [2024-09-03 17:24:16] [MAIN] - Aggregating identical batteries...
INFO [2024-09-03 17:24:16] [STORAGE] - Adding CHE_CHE_SwissDualCircui104 battery to EU-CHE node...
INFO [2024-09-03 17:24:17] [STORAGE] - Adding CHE_CHE_50kW60kWhEnergy99_Passivhaus50kW1103 battery to EU-CHE node...
INFO [2024-09-03 17:24:17] [STORAGE] - Adding CHE_CHE_CKWESpeicherWer100 battery to EU-CHE node...
INFO [2024-09-03 17:24:17] [STORAGE] - Adding CHE_CHE_LausannePolytec102 battery to EU-CHE node...
INFO [2024-09-03 17:24:17] [STORAGE] - Adding CHE_CHE_EPFLLeclancheDi101 battery to EU-CHE node...
INFO [2024-09-03 17:24:18] [STORAGE] - Adding CHE_CHE_TheZurichDietik105 battery to EU-CHE node...
INFO [2024-09-03 17:24:18] [STORAGE] - Adding CHE_PHS_OvaSpinPumpedHy119 battery to EU-CHE node...
INFO [2024-09-03 17:24:18] [STORAGE] - Adding CHE_PHS_Handeck3PumpedH112 battery to EU-CHE node...
INFO [2024-09-03 17:24:18] [STORAGE] - Adding CHE_PHS_EtzelwerkPumped107 battery to EU-CHE node...
INFO [2024-09-03 17:24:18] [STORAGE] - Adding CHE_PHS_TierfehdNestilP121 battery to EU-CHE node...
INFO [2024-09-03 17:24:19] [STORAGE] - Adding CHE_PHS_RobieiPumpedHyd120 battery to EU-CHE node...
INFO [2024-09-03 17:24:19] [STORAGE] - Adding CHE_PHS_GougraPumpedHyd109 battery to EU-CHE node...
INFO [2024-09-03 17:24:19] [STORAGE] - Adding CHE_PHS_FerreraPumpedHy108 battery to EU-CHE node...
INFO [2024-09-03 17:24:20] [STORAGE] - Adding CHE_PHS_HongrinLemanPum113 battery to EU-CHE node...
INFO [2024-09-03 17:24:20] [STORAGE] - Adding CHE_PHS_VeytauxFMHLPump122 battery to EU-CHE node...
INFO [2024-09-03 17:24:20] [STORAGE] - Adding CHE_PHS_Grimsel2PumpedH110 battery to EU-CHE node...
INFO [2024-09-03 17:24:20] [STORAGE] - Adding CHE_PHS_EmossonPumpedHy106 battery to EU-CHE node...
INFO [2024-09-03 17:24:21] [STORAGE] - Adding CHE_PHS_MapraggPumpedHy117 battery to EU-CHE node...
INFO [2024-09-03 17:24:21] [STORAGE] - Adding CHE_PHS_LinthLimmernPum116 battery to EU-CHE node...
INFO [2024-09-03 17:24:21] [STORAGE] - Adding CHE_PHS_Grimsel3PumpedH111 battery to EU-CHE node...
INFO [2024-09-03 17:24:22] [STORAGE] - Adding CHE_PHS_NantdeDrancePum118 battery to EU-CHE node...
INFO [2024-09-03 17:24:22] [STORAGE] - Adding CHE_PHS_LagoBiancoPumpe114_Linthal2015Lint115 battery to EU-CHE node...
INFO [2024-09-03 17:24:22] [STORAGE] - Adding DEU_CHE_IHEMIntelligent251 battery to EU-DEU node...
INFO [2024-09-03 17:24:23] [STORAGE] - Adding DEU_CHE_Web2EnergySmart264 battery to EU-DEU node...
INFO [2024-09-03 17:24:23] [STORAGE] - Adding DEU_CHE_10kW100kWhHaakF228 battery to EU-DEU node...
INFO [2024-09-03 17:24:23] [STORAGE] - Adding DEU_CHE_SmartOperatorWi259 battery to EU-DEU node...
INFO [2024-09-03 17:24:23] [STORAGE] - Adding DEU_CHE_QinousDemonstra254 battery to EU-DEU node...
INFO [2024-09-03 17:24:24] [STORAGE] - Adding DEU_CHE_IntelligentesNe252 battery to EU-DEU node...
INFO [2024-09-03 17:24:24] [STORAGE] - Adding DEU_CHE_CellcubeWilliba238 battery to EU-DEU node...
INFO [2024-09-03 17:24:24] [STORAGE] - Adding DEU_CHE_BatteryEnergySt232_Netlab2Sonderbu253_SmartOperatorW battery to EU-DEU node...
INFO [2024-09-03 17:24:25] [STORAGE] - Adding DEU_CHE_SwagBoschCommun263 battery to EU-DEU node...
INFO [2024-09-03 17:24:25] [STORAGE] - Adding DEU_CHE_CustomerProject239_FastChargingeBu247 battery to EU-DEU node...
INFO [2024-09-03 17:24:25] [STORAGE] - Adding DEU_CHE_HIUPVBatterySys250 battery to EU-DEU node...
INFO [2024-09-03 17:24:26] [STORAGE] - Adding DEU_CHE_SmartOperator257_SmartOperatorKi258 battery to EU-DEU node...
INFO [2024-09-03 17:24:26] [STORAGE] - Adding DEU_CHE_QinousDemonstra255 battery to EU-DEU node...
INFO [2024-09-03 17:24:26] [STORAGE] - Adding DEU_CHE_SmartRegionPell261 battery to EU-DEU node...
INFO [2024-09-03 17:24:26] [STORAGE] - Adding DEU_CHE_YounicosandVatt266 battery to EU-DEU node...
INFO [2024-09-03 17:24:27] [STORAGE] - Adding DEU_CHE_EEBattEnergyNei244 battery to EU-DEU node...
INFO [2024-09-03 17:24:27] [STORAGE] - Adding DEU_CHE_250kW1MWhElCheW231_BatteryEnergySt233 battery to EU-DEU node...
INFO [2024-09-03 17:24:28] [STORAGE] - Adding DEU_CHE_DMGGildemeister241 battery to EU-DEU node...
INFO [2024-09-03 17:24:28] [STORAGE] - Adding DEU_CHE_BoschBraderupES235 battery to EU-DEU node...
INFO [2024-09-03 17:24:28] [STORAGE] - Adding DEU_CHE_SmartRegionPell262 battery to EU-DEU node...
INFO [2024-09-03 17:24:29] [STORAGE] - Adding DEU_CHE_EnerconWindTurb245 battery to EU-DEU node...
INFO [2024-09-03 17:24:29] [STORAGE] - Adding DEU_CHE_1MWLESSYVolklin230 battery to EU-DEU node...
INFO [2024-09-03 17:24:29] [STORAGE] - Adding DEU_CHE_YounicosandVatt267 battery to EU-DEU node...
INFO [2024-09-03 17:24:30] [STORAGE] - Adding DEU_CHE_CatervaSWARM237 battery to EU-DEU node...
INFO [2024-09-03 17:24:30] [STORAGE] - Adding DEU_CHE_EnergyBufferUni246 battery to EU-DEU node...
INFO [2024-09-03 17:24:31] [STORAGE] - Adding DEU_CHE_RedoxWindTheFra256 battery to EU-DEU node...
INFO [2024-09-03 17:24:31] [STORAGE] - Adding DEU_CHE_BoschBraderupES236_DREWAGReick2MWP242 battery to EU-DEU node...
INFO [2024-09-03 17:24:31] [STORAGE] - Adding DEU_CHE_Drverden3MWBatt243 battery to EU-DEU node...
INFO [2024-09-03 17:24:32] [STORAGE] - Adding DEU_CHE_BESSNeuhardenbe234 battery to EU-DEU node...
INFO [2024-09-03 17:24:32] [STORAGE] - Adding DEU_CHE_FeldheimRegiona248 battery to EU-DEU node...
INFO [2024-09-03 17:24:33] [STORAGE] - Adding DEU_CHE_Daimler2ndLifeS240 battery to EU-DEU node...
INFO [2024-09-03 17:24:33] [STORAGE] - Adding DEU_CHE_15MWEnergyStora229 battery to EU-DEU node...
INFO [2024-09-03 17:24:33] [STORAGE] - Adding DEU_CHE_WEMAGSchwerinBa265 battery to EU-DEU node...
INFO [2024-09-03 17:24:34] [STORAGE] - Adding DEU_CHE_GermanyResident249 battery to EU-DEU node...
INFO [2024-09-03 17:24:34] [STORAGE] - Adding DEU_THE_JulichSolarTowe302 battery to EU-DEU node...
INFO [2024-09-03 17:24:35] [STORAGE] - Adding DEU_HYD_ThgaDemonstrati273 battery to EU-DEU node...
INFO [2024-09-03 17:24:35] [STORAGE] - Adding DEU_HYD_EnBWStuttgartHy270 battery to EU-DEU node...
INFO [2024-09-03 17:24:36] [STORAGE] - Adding DEU_HYD_E.ONquotPowerto269_Grapzow140MWWin272 battery to EU-DEU node...
INFO [2024-09-03 17:24:36] [STORAGE] - Adding DEU_HYD_AudiegasProject268_EnergieparkMain271 battery to EU-DEU node...
INFO [2024-09-03 17:24:37] [STORAGE] - Adding DEU_PHS_Kirchentellinsf282 battery to EU-DEU node...
INFO [2024-09-03 17:24:37] [STORAGE] - Adding DEU_PHS_Ruselkraftwerke291 battery to EU-DEU node...
INFO [2024-09-03 17:24:38] [STORAGE] - Adding DEU_PHS_SorpeseePumpedS294 battery to EU-DEU node...
INFO [2024-09-03 17:24:38] [STORAGE] - Adding DEU_PHS_TanzmhlePumpedS295 battery to EU-DEU node...
INFO [2024-09-03 17:24:39] [STORAGE] - Adding DEU_PHS_NiederwarthaPum287 battery to EU-DEU node...
INFO [2024-09-03 17:24:39] [STORAGE] - Adding DEU_PHS_SchwarzenbachPu292 battery to EU-DEU node...
INFO [2024-09-03 17:24:40] [STORAGE] - Adding DEU_PHS_LeitzachwerkI284 battery to EU-DEU node...
INFO [2024-09-03 17:24:40] [STORAGE] - Adding DEU_PHS_LeitzachwerkII285 battery to EU-DEU node...
INFO [2024-09-03 17:24:41] [STORAGE] - Adding DEU_PHS_WendefurthPower300 battery to EU-DEU node...
INFO [2024-09-03 17:24:41] [STORAGE] - Adding DEU_PHS_BleilochPumpedS274 battery to EU-DEU node...
INFO [2024-09-03 17:24:42] [STORAGE] - Adding DEU_PHS_GlemsPumpedStor277 battery to EU-DEU node...
INFO [2024-09-03 17:24:42] [STORAGE] - Adding DEU_PHS_ReisachPumpedSt288 battery to EU-DEU node...
INFO [2024-09-03 17:24:43] [STORAGE] - Adding DEU_PHS_HusernPumpedSto281 battery to EU-DEU node...
INFO [2024-09-03 17:24:44] [STORAGE] - Adding DEU_PHS_GeesthachtPumpe276 battery to EU-DEU node...
INFO [2024-09-03 17:24:44] [STORAGE] - Adding DEU_PHS_WaldeckIPumpedH297 battery to EU-DEU node...
INFO [2024-09-03 17:24:45] [STORAGE] - Adding DEU_PHS_RnkhausenPumped290 battery to EU-DEU node...
INFO [2024-09-03 17:24:45] [STORAGE] - Adding DEU_PHS_WaldshutPumpedS298 battery to EU-DEU node...
INFO [2024-09-03 17:24:46] [STORAGE] - Adding DEU_PHS_HerdeckePumpedS279 battery to EU-DEU node...
INFO [2024-09-03 17:24:46] [STORAGE] - Adding DEU_PHS_Langenprozelten283 battery to EU-DEU node...
INFO [2024-09-03 17:24:47] [STORAGE] - Adding DEU_PHS_WitznauPumpedSt301 battery to EU-DEU node...
INFO [2024-09-03 17:24:47] [STORAGE] - Adding DEU_PHS_ErzhausenPumped275 battery to EU-DEU node...
INFO [2024-09-03 17:24:48] [STORAGE] - Adding DEU_PHS_RiedlEnergyStor289 battery to EU-DEU node...
INFO [2024-09-03 17:24:48] [STORAGE] - Adding DEU_PHS_SckingenPumpedS293 battery to EU-DEU node...
INFO [2024-09-03 17:24:49] [STORAGE] - Adding DEU_PHS_HohenwartePumpe280 battery to EU-DEU node...
INFO [2024-09-03 17:24:50] [STORAGE] - Adding DEU_PHS_WaldeckII296 battery to EU-DEU node...
INFO [2024-09-03 17:24:51] [STORAGE] - Adding DEU_PHS_WehrPumpedStora299 battery to EU-DEU node...
INFO [2024-09-03 17:24:51] [STORAGE] - Adding DEU_PHS_MarkersbachPump286 battery to EU-DEU node...
INFO [2024-09-03 17:24:52] [STORAGE] - Adding DEU_PHS_GoldisthalPumpe278 battery to EU-DEU node...
INFO [2024-09-03 17:24:52] [STORAGE] - Adding FRA_CHE_DIYESS5kWhLiFeP376 battery to EU-FRA node...
INFO [2024-09-03 17:24:53] [STORAGE] - Adding FRA_CHE_DieselGenerator375 battery to EU-FRA node...
INFO [2024-09-03 17:24:53] [STORAGE] - Adding FRA_CHE_EDFENGabardoneP377 battery to EU-FRA node...
INFO [2024-09-03 17:24:54] [STORAGE] - Adding FRA_CHE_NICEGRIDproject380 battery to EU-FRA node...
INFO [2024-09-03 17:24:54] [STORAGE] - Adding FRA_CHE_INESProject379 battery to EU-FRA node...
INFO [2024-09-03 17:24:55] [STORAGE] - Adding FRA_CHE_NICEGRIDproject381 battery to EU-FRA node...
INFO [2024-09-03 17:24:55] [STORAGE] - Adding FRA_CHE_ReunionIslandPe382 battery to EU-FRA node...
INFO [2024-09-03 17:24:56] [STORAGE] - Adding FRA_CHE_EDFRampDLesRena378 battery to EU-FRA node...
INFO [2024-09-03 17:24:56] [STORAGE] - Adding FRA_CHE_CarrosNICEGRIDP374 battery to EU-FRA node...
INFO [2024-09-03 17:24:57] [STORAGE] - Adding FRA_CHE_ADEMEIntelligen373 battery to EU-FRA node...
INFO [2024-09-03 17:24:57] [STORAGE] - Adding FRA_THE_AlbaNova1SolarP394 battery to EU-FRA node...
INFO [2024-09-03 17:24:58] [STORAGE] - Adding FRA_HYD_UniveristyofCor383 battery to EU-FRA node...
INFO [2024-09-03 17:24:59] [STORAGE] - Adding FRA_PHS_AlrancePumpedSt384 battery to EU-FRA node...
INFO [2024-09-03 17:24:59] [STORAGE] - Adding FRA_PHS_ArgentatPumpedS385 battery to EU-FRA node...
INFO [2024-09-03 17:25:00] [STORAGE] - Adding FRA_PHS_LaRanceTidalPow388 battery to EU-FRA node...
INFO [2024-09-03 17:25:00] [STORAGE] - Adding FRA_PHS_LaCochePumpedSt387 battery to EU-FRA node...
INFO [2024-09-03 17:25:01] [STORAGE] - Adding FRA_PHS_LePougetPumpedS390 battery to EU-FRA node...
INFO [2024-09-03 17:25:01] [STORAGE] - Adding FRA_PHS_LeCheylasPumped389 battery to EU-FRA node...
INFO [2024-09-03 17:25:02] [STORAGE] - Adding FRA_PHS_SuperBissortePu393 battery to EU-FRA node...
INFO [2024-09-03 17:25:02] [STORAGE] - Adding FRA_PHS_RevinPumpedStor392 battery to EU-FRA node...
INFO [2024-09-03 17:25:03] [STORAGE] - Adding FRA_PHS_MontzicPumpedSt391 battery to EU-FRA node...
INFO [2024-09-03 17:25:04] [STORAGE] - Adding FRA_PHS_Grand039MaisonD386 battery to EU-FRA node...
INFO [2024-09-03 17:25:04] [MAIN] - Done adding battery data! (run time : 0.79min).

INFO [2024-09-03 17:25:04] [MAIN] - Adding lines between areas...

INFO [2024-09-03 17:25:06] [LINES] - Adding EU-CHE to EU-DEU line...
INFO [2024-09-03 17:25:06] [LINES] - Adding EU-CHE to EU-FRA line...
INFO [2024-09-03 17:25:06] [LINES] - Adding EU-DEU to EU-FRA line...
INFO [2024-09-03 17:25:06] [MAIN] - Done adding lines! (run time : 2.76s).

INFO [2024-09-03 17:25:06] [MAIN] - Finished setting up Antares study! (run time : 1.33min).
 

INFO [2024-09-03 17:25:07] [MAIN] - Starting OutageTest simulation...
INFO [2024-09-03 17:25:12] [MAIN] - Antares simulation finished! (run time : 0.1min).
 

