INFO [2024-09-09 17:46:01] [MAIN] - Creating clusters_ren__2024_09_09_17_46_01 study...

INFO [2024-09-09 17:46:01] [MAIN] - Unit commitment mode : ACCURATE
INFO [2024-09-09 17:46:01] [MAIN] - Adding nodes...

INFO [2024-09-09 17:46:02] [NODES] - Adding eu-fra node...
INFO [2024-09-09 17:46:02] [MAIN] - Done adding nodes! (run time : 1.14s).

INFO [2024-09-09 17:46:02] [MAIN] - Adding districts...

INFO [2024-09-09 17:46:02] [DISTRICTS] - Creating global district...
INFO [2024-09-09 17:46:03] [DISTRICTS] - Done creating global district!
INFO [2024-09-09 17:46:03] [DISTRICTS] - Creating europe continental district...
INFO [2024-09-09 17:46:03] [DISTRICTS] - Done creating europe continental district!
INFO [2024-09-09 17:46:03] [MAIN] - Done adding districts! (run time : 0.6s).

INFO [2024-09-09 17:46:03] [MAIN] - Adding load data...

INFO [2024-09-09 17:46:04] [LOAD] - Adding eu-fra load data...
INFO [2024-09-09 17:46:04] [MAIN] - Done adding load data! (run time : 0.8s).

INFO [2024-09-09 17:46:04] [MAIN] - Fetching wind data...

INFO [2024-09-09 17:46:04] [WARN] - Skipped adding wind data for all nodes (no generators found in PLEXOS).
INFO [2024-09-09 17:46:04] [MAIN] - Done adding wind data! (run time : 0.02s).

INFO [2024-09-09 17:46:04] [MAIN] - Fetching solar data...

INFO [2024-09-09 17:46:04] [WARN] - Skipped adding solar data for all nodes (no generators found in PLEXOS).
INFO [2024-09-09 17:46:04] [MAIN] - Done adding solar data! (run time : 0.03s).

