INFO [2024-09-03 11:11:59] [MAIN] - Creating Deane_CO2fix__2024_09_03_11_11_59 study...

INFO [2024-09-03 11:11:59] [MAIN] - Unit commitment mode : ACCURATE
INFO [2024-09-03 11:11:59] [MAIN] - Adding nodes...

INFO [2024-09-03 11:12:01] [NODES] - Adding EU-CHE node...
INFO [2024-09-03 11:12:01] [NODES] - Adding EU-DEU node...
INFO [2024-09-03 11:12:02] [NODES] - Adding EU-FRA node...
INFO [2024-09-03 11:12:02] [MAIN] - Done adding nodes! (run time : 2.64s).

INFO [2024-09-03 11:12:02] [MAIN] - Adding districts...

INFO [2024-09-03 11:12:02] [DISTRICTS] - Creating global district...
INFO [2024-09-03 11:12:02] [DISTRICTS] - Done creating global district!
INFO [2024-09-03 11:12:03] [DISTRICTS] - Creating europe continental district...
INFO [2024-09-03 11:12:03] [DISTRICTS] - Done creating europe continental district!
INFO [2024-09-03 11:12:03] [MAIN] - Done adding districts! (run time : 1.04s).

INFO [2024-09-03 11:12:03] [MAIN] - Adding load data...

INFO [2024-09-03 11:12:05] [LOAD] - Adding EU-CHE load data...
INFO [2024-09-03 11:12:05] [LOAD] - Adding EU-DEU load data...
INFO [2024-09-03 11:12:05] [LOAD] - Adding EU-FRA load data...
INFO [2024-09-03 11:12:05] [MAIN] - Done adding load data! (run time : 2.15s).

INFO [2024-09-03 11:12:05] [MAIN] - Fetching wind data...

INFO [2024-09-03 11:12:05] [WIND] - Adding EU-CHE aggregated wind data...
INFO [2024-09-03 11:12:05] [WIND] - Adding EU-DEU aggregated wind data...
INFO [2024-09-03 11:12:05] [WIND] - Adding EU-FRA aggregated wind data...
INFO [2024-09-03 11:12:05] [MAIN] - Done adding wind data! (run time : 0.33s).

INFO [2024-09-03 11:12:05] [MAIN] - Fetching solar data...

INFO [2024-09-03 11:12:06] [SOLAR] - Adding EU-CHE aggregated solar data...
INFO [2024-09-03 11:12:06] [SOLAR] - Adding EU-DEU aggregated solar data...
INFO [2024-09-03 11:12:06] [SOLAR] - Adding EU-FRA aggregated solar data...
INFO [2024-09-03 11:12:06] [MAIN] - Done adding solar data! (run time : 0.34s).

INFO [2024-09-03 11:12:06] [MAIN] - Beginning hydro implementation...
INFO [2024-09-03 11:12:08] [HYDRO] - Initializing EU-CHE hydro parameters...
INFO [2024-09-03 11:12:08] [HYDRO] - Adding EU-CHE max power timeseries...
INFO [2024-09-03 11:12:09] [HYDRO] - Adding EU-CHE hydro profiles...
INFO [2024-09-03 11:12:10] [HYDRO] - Initializing EU-DEU hydro parameters...
INFO [2024-09-03 11:12:10] [HYDRO] - Adding EU-DEU max power timeseries...
INFO [2024-09-03 11:12:11] [HYDRO] - Adding EU-DEU hydro profiles...
INFO [2024-09-03 11:12:12] [HYDRO] - Initializing EU-FRA hydro parameters...
INFO [2024-09-03 11:12:12] [HYDRO] - Adding EU-FRA max power timeseries...
INFO [2024-09-03 11:12:13] [HYDRO] - Adding EU-FRA hydro profiles...
INFO [2024-09-03 11:12:13] [MAIN] - Done adding hydro!
INFO [2024-09-03 11:12:13] [MAIN] - Fetching thermal data...
