ERROR [2024-08-08 11:31:39] [WARN] - Skipped adding solar data for AF-MAR (no generators found in PLEXOS).
ERROR [2024-08-08 11:31:39] [WARN] - Failed to add DEU_CSP_JLICHSOLAR11342_STORAGE CSP generator to EU-DEU node, skipping...
ERROR [2024-08-08 11:31:39] [WARN] - Failed to add ESP_CSP_ANDASOL316855_STORAGE CSP generator to EU-ESP node, skipping...
ERROR [2024-08-08 11:31:39] [WARN] - Failed to add ESP_CSP_ASTE1A16863_STORAGE CSP generator to EU-ESP node, skipping...
ERROR [2024-08-08 11:31:39] [WARN] - Failed to add ESP_CSP_ASTEXOL216864_STORAGE CSP generator to EU-ESP node, skipping...
ERROR [2024-08-08 11:31:39] [WARN] - Failed to add ESP_CSP_CAPACITY SCALER_STORAGE CSP generator to EU-ESP node, skipping...
ERROR [2024-08-08 11:31:40] [WARN] - Failed to add ESP_CSP_CASABLANCA16896_STORAGE CSP generator to EU-ESP node, skipping...
ERROR [2024-08-08 11:31:40] [WARN] - Failed to add ESP_CSP_CENTRALSOLART16906_STORAGE CSP generator to EU-ESP node, skipping...
ERROR [2024-08-08 11:31:40] [WARN] - Failed to add ESP_CSP_CENTRALTERMOSO16907_STORAGE CSP generator to EU-ESP node, skipping...
ERROR [2024-08-08 11:31:40] [WARN] - Failed to add ESP_CSP_CONSOLLORELLAN16924_STORAGE CSP generator to EU-ESP node, skipping...
ERROR [2024-08-08 11:31:40] [WARN] - Failed to add ESP_CSP_EXTRESOL116966_STORAGE CSP generator to EU-ESP node, skipping...
ERROR [2024-08-08 11:31:40] [WARN] - Failed to add ESP_CSP_HELIOSI16986_STORAGE CSP generator to EU-ESP node, skipping...
ERROR [2024-08-08 11:31:40] [WARN] - Failed to add ESP_CSP_LADEHESA16996_STORAGE CSP generator to EU-ESP node, skipping...
ERROR [2024-08-08 11:31:40] [WARN] - Failed to add ESP_CSP_LAFLORIDA16997_STORAGE CSP generator to EU-ESP node, skipping...
ERROR [2024-08-08 11:31:40] [WARN] - Failed to add ESP_CSP_LARISCA17001_STORAGE CSP generator to EU-ESP node, skipping...
ERROR [2024-08-08 11:31:40] [WARN] - Failed to add ESP_CSP_MAJADAS17030_STORAGE CSP generator to EU-ESP node, skipping...
ERROR [2024-08-08 11:31:40] [WARN] - Failed to add ESP_CSP_MANCHASOL217032_STORAGE CSP generator to EU-ESP node, skipping...
ERROR [2024-08-08 11:31:40] [WARN] - Failed to add ESP_CSP_PLANTASOLARTE17364_STORAGE CSP generator to EU-ESP node, skipping...
ERROR [2024-08-08 11:31:40] [WARN] - Failed to add ESP_CSP_PLANTASOLARTE17366_STORAGE CSP generator to EU-ESP node, skipping...
ERROR [2024-08-08 11:31:40] [WARN] - Failed to add ESP_CSP_PLANTASOLARTE17367_STORAGE CSP generator to EU-ESP node, skipping...
ERROR [2024-08-08 11:31:40] [WARN] - Failed to add ESP_CSP_PLANTATERMOSOL17368_STORAGE CSP generator to EU-ESP node, skipping...
ERROR [2024-08-08 11:31:40] [WARN] - Failed to add ESP_CSP_PSTLEBRIJAI17376_STORAGE CSP generator to EU-ESP node, skipping...
ERROR [2024-08-08 11:31:41] [WARN] - Failed to add ESP_CSP_PSTPALMADELR17377_STORAGE CSP generator to EU-ESP node, skipping...
ERROR [2024-08-08 11:31:41] [WARN] - Failed to add ESP_CSP_PSTSOLACOR117378_STORAGE CSP generator to EU-ESP node, skipping...
ERROR [2024-08-08 11:31:41] [WARN] - Failed to add ESP_CSP_PUERTOERRADO217382_STORAGE CSP generator to EU-ESP node, skipping...
ERROR [2024-08-08 11:31:41] [WARN] - Failed to add ESP_CSP_SOLABEN317415_STORAGE CSP generator to EU-ESP node, skipping...
ERROR [2024-08-08 11:31:41] [WARN] - Failed to add ESP_CSP_SOLUZGUZMAN17416_STORAGE CSP generator to EU-ESP node, skipping...
ERROR [2024-08-08 11:31:41] [WARN] - Failed to add ESP_CSP_TERMESOL5017428_STORAGE CSP generator to EU-ESP node, skipping...
ERROR [2024-08-08 11:31:41] [WARN] - Failed to add ESP_CSP_TERMOSOL217429_STORAGE CSP generator to EU-ESP node, skipping...
ERROR [2024-08-08 11:31:41] [WARN] - Failed to add ESP_CSP_TERMOSOLARBORG17430_STORAGE CSP generator to EU-ESP node, skipping...
ERROR [2024-08-08 11:31:41] [WARN] - Failed to add MAR_CSP_CAPACITY SCALER_STORAGE CSP generator to AF-MAR node, skipping...
