INFO [2024-08-09 10:40:43] [MAIN] - Creating Deane_Beta_World__2024_08_09_10_40_43 study...

INFO [2024-08-09 10:40:43] [MAIN] - Unit commitment mode : FAST
INFO [2024-08-09 10:40:43] [MAIN] - Adding nodes...

INFO [2024-08-09 10:40:45] [NODES] - Adding AF-AGO node...
INFO [2024-08-09 10:40:46] [NODES] - Adding AF-BDI node...
INFO [2024-08-09 10:40:46] [WARN] - Could not create node AF-BDI - skipping and continuing...
INFO [2024-08-09 10:40:46] [NODES] - Adding AF-BEN node...
INFO [2024-08-09 10:40:46] [WARN] - Could not create node AF-BEN - skipping and continuing...
INFO [2024-08-09 10:40:46] [NODES] - Adding AF-BFA node...
INFO [2024-08-09 10:40:46] [NODES] - Adding AF-BWA node...
INFO [2024-08-09 10:40:47] [NODES] - Adding AF-CAF node...
INFO [2024-08-09 10:40:47] [NODES] - Adding AF-CIV node...
INFO [2024-08-09 10:40:48] [NODES] - Adding AF-CMR node...
INFO [2024-08-09 10:40:48] [NODES] - Adding AF-COD node...
INFO [2024-08-09 10:40:48] [NODES] - Adding AF-COG node...
INFO [2024-08-09 10:40:48] [NODES] - Adding AF-CPV node...
INFO [2024-08-09 10:40:49] [NODES] - Adding AF-DJI node...
INFO [2024-08-09 10:40:49] [NODES] - Adding AF-DZA node...
INFO [2024-08-09 10:40:49] [NODES] - Adding AF-EGY node...
INFO [2024-08-09 10:40:50] [NODES] - Adding AF-ERI node...
INFO [2024-08-09 10:40:50] [NODES] - Adding AF-ESH node...
INFO [2024-08-09 10:40:50] [NODES] - Adding AF-ETH node...
INFO [2024-08-09 10:40:51] [NODES] - Adding AF-GAB node...
INFO [2024-08-09 10:40:51] [NODES] - Adding AF-GHA node...
INFO [2024-08-09 10:40:51] [NODES] - Adding AF-GIN node...
INFO [2024-08-09 10:40:52] [NODES] - Adding AF-GMB node...
