INFO [2024-10-13 14:33:09] [MAIN] - Initializing output folder...
INFO [2024-10-13 14:33:12] [MAIN] - Reading simulations of pre-existing v2_20clu__2024_09_04_22_33_36 study...
INFO [2024-10-13 14:33:13] [MAIN] - Opening 20240905-0707eco-world_vOutages_accurateUCM simulation...
INFO [2024-10-13 14:33:13] [MAIN] - Preparing to compare generation values with Deane...
INFO [2024-10-13 14:33:13] [DEANE] - Saving generation comparisons for africa continent...
INFO [2024-10-13 14:33:13] [DEANE] - Done saving generation comparisons for africa continent!
INFO [2024-10-13 14:33:13] [DEANE] - Saving generation comparisons for asia continent...
INFO [2024-10-13 14:33:14] [DEANE] - Done saving generation comparisons for asia continent!
INFO [2024-10-13 14:33:14] [DEANE] - Saving generation comparisons for europe continent...
INFO [2024-10-13 14:33:14] [DEANE] - Done saving generation comparisons for europe continent!
INFO [2024-10-13 14:33:14] [DEANE] - Saving generation comparisons for north america continent...
INFO [2024-10-13 14:33:14] [DEANE] - Done saving generation comparisons for north america continent!
INFO [2024-10-13 14:33:14] [DEANE] - Saving generation comparisons for oceania continent...
INFO [2024-10-13 14:33:15] [DEANE] - Done saving generation comparisons for oceania continent!
INFO [2024-10-13 14:33:15] [DEANE] - Saving generation comparisons for south america continent...
INFO [2024-10-13 14:33:15] [DEANE] - Done saving generation comparisons for south america continent!
INFO [2024-10-13 14:33:15] [DEANE] - Saving generation comparisons for the world...
INFO [2024-10-13 14:33:16] [DEANE] - Done saving generation comparisons for the world!
INFO [2024-10-13 14:33:16] [MAIN] - Done comparing generation values with Deane! (run time : 2.6 s).

INFO [2024-10-13 14:33:16] [MAIN] - Preparing to compare emissions values with Deane...
INFO [2024-10-13 14:33:16] [DEANE] - Computing continental CO2 emissions in Antares study...
INFO [2024-10-13 14:33:41] [DEANE] - Done computing continental CO2 emissions!
INFO [2024-10-13 14:33:41] [DEANE] - Saving emissions comparisons for africa continent...
INFO [2024-10-13 14:33:41] [DEANE] - Done saving emissions comparisons for africa continent!
INFO [2024-10-13 14:33:41] [DEANE] - Saving emissions comparisons for asia continent...
INFO [2024-10-13 14:33:42] [DEANE] - Done saving emissions comparisons for asia continent!
INFO [2024-10-13 14:33:42] [DEANE] - Saving emissions comparisons for europe continent...
INFO [2024-10-13 14:33:42] [DEANE] - Done saving emissions comparisons for europe continent!
INFO [2024-10-13 14:33:42] [DEANE] - Saving emissions comparisons for north america continent...
INFO [2024-10-13 14:33:42] [DEANE] - Done saving emissions comparisons for north america continent!
INFO [2024-10-13 14:33:42] [DEANE] - Saving emissions comparisons for oceania continent...
INFO [2024-10-13 14:33:42] [DEANE] - Done saving emissions comparisons for oceania continent!
INFO [2024-10-13 14:33:42] [DEANE] - Saving emissions comparisons for south america continent...
INFO [2024-10-13 14:33:43] [DEANE] - Done saving emissions comparisons for south america continent!
INFO [2024-10-13 14:33:43] [DEANE] - Computing world CO2 emissions in Antares study...
INFO [2024-10-13 14:34:07] [DEANE] - Done computing world CO2 emissions!
INFO [2024-10-13 14:34:07] [DEANE] - Saving emissions comparisons for the world...
INFO [2024-10-13 14:34:07] [DEANE] - Done saving emissions comparisons for the world!
INFO [2024-10-13 14:34:07] [MAIN] - Done comparing emissions values with Deane! (run time : 51.83 s).

INFO [2024-10-13 14:34:07] [MAIN] - Preparing to save import/export ranking of countries...
INFO [2024-10-13 14:34:13] [MAIN] - Import/export ranking of countries has been saved ! (run time : 5.22 s).

