INFO [2024-10-08 13:20:27] [MAIN] - Initializing output folder...
INFO [2024-10-08 13:20:30] [MAIN] - Reading simulations of pre-existing WorldT20B5 w hurdles v4 study...
INFO [2024-10-08 13:20:30] [MAIN] - Opening 20241008-0629eco-accurateUCM simulation...
INFO [2024-10-08 13:20:31] [MAIN] - Preparing to compare generation values with Deane...
INFO [2024-10-08 13:20:33] [MAIN] - Done comparing generation values with Deane! (run time : 2.31 s).

INFO [2024-10-08 13:20:33] [MAIN] - Preparing to compare emissions values with Deane...
INFO [2024-10-08 13:21:08] [MAIN] - Done comparing emissions values with Deane! (run time : 35.07 s).

INFO [2024-10-08 13:21:08] [MAIN] - Preparing to save import/export ranking of countries...
INFO [2024-10-08 13:21:11] [MAIN] - Import/export ranking of countries has been saved ! (run time : 3.02 s).

INFO [2024-10-08 13:21:11] [MAIN] - Preparing to save global production stack...
INFO [2024-10-08 13:21:18] [MAIN] - Done saving global production stack! (run time : 7.37s).

INFO [2024-10-08 13:21:18] [MAIN] - Preparing to save continental production stacks...
INFO [2024-10-08 13:21:56] [MAIN] - Done saving continental production stacks! (run time : 37.69s).

INFO [2024-10-08 13:21:56] [MAIN] - Preparing to save national production stacks...
INFO [2024-10-08 13:45:27] [MAIN] - Done saving national production stacks! (run time : 23.51min).

INFO [2024-10-08 13:45:27] [MAIN] - Preparing to save regional production stacks...
INFO [2024-10-08 13:56:28] [MAIN] - Done saving regional production stacks! (run time : 11.03min).

INFO [2024-10-08 13:56:28] [MAIN] - Preparing to save global production stack...
INFO [2024-10-08 13:56:33] [MAIN] - Done saving global production stack! (run time : 4.13s).

INFO [2024-10-08 13:56:33] [MAIN] - Preparing to save continental production stacks...
INFO [2024-10-08 13:56:57] [MAIN] - Done saving continental production stacks! (run time : 24.8s).

INFO [2024-10-08 13:56:57] [MAIN] - Preparing to save national production stacks...
INFO [2024-10-08 14:09:52] [MAIN] - Done saving national production stacks! (run time : 12.9min).

INFO [2024-10-08 14:09:52] [MAIN] - Preparing to save regional production stacks...
INFO [2024-10-08 14:17:23] [MAIN] - Done saving regional production stacks! (run time : 7.53min).

INFO [2024-10-08 14:17:23] [MAIN] - Preparing to save global production stack...
INFO [2024-10-08 14:17:27] [MAIN] - Done saving global production stack! (run time : 3.93s).

INFO [2024-10-08 14:17:27] [MAIN] - Preparing to save continental production stacks...
INFO [2024-10-08 14:17:52] [MAIN] - Done saving continental production stacks! (run time : 25.37s).

INFO [2024-10-08 14:17:52] [MAIN] - Preparing to save national production stacks...
INFO [2024-10-08 14:29:51] [MAIN] - Done saving national production stacks! (run time : 11.98min).

INFO [2024-10-08 14:29:51] [MAIN] - Preparing to save regional production stacks...
INFO [2024-10-08 14:37:19] [MAIN] - Done saving regional production stacks! (run time : 7.46min).

INFO [2024-10-08 14:37:19] [MAIN] - Preparing to save global load monotones...
INFO [2024-10-08 14:40:37] [MAIN] - Done saving global load monotones! (run time : 3.29 min).

INFO [2024-10-08 14:40:37] [MAIN] - Preparing to save continental load monotones...
INFO [2024-10-08 15:06:29] [MAIN] - Done saving continental load monotones! (run time : 25.86 min).

INFO [2024-10-08 15:06:29] [MAIN] - Preparing to save national load monotones...
