INFO [2024-09-09 16:32:17] [MAIN] - Creating clusters_ren__2024_09_09_16_32_17 study...

INFO [2024-09-09 16:32:17] [MAIN] - Unit commitment mode : ACCURATE
INFO [2024-09-09 16:32:40] [WARN] - The following columns were found as duplicates in input data: usa_win_marshallwind325524
INFO [2024-09-09 16:32:40] [WARN] - Duplicates have been removed in import.
INFO [2024-09-09 16:33:25] [WARN] - The following columns were found as duplicates in input data: cze_sol_ochozsolarpow8235, cze_sol_starojicklho8320, fra_sol_saintbenot10365, deu_sol_lefchfeldnord11432, ita_sol_bellpowersolar13383, ita_sol_nicolettosolar13492, mar_sol_centralesolair14453, prt_sol_acil115435, prt_sol_coruche215559, prt_sol_coruche215559, prt_sol_coruche215559, prt_sol_malhadavelha215646, prt_sol_heliosevosol15611, prt_sol_seixal215773, prt_sol_solcativante515817, prt_sol_trajouce115856, esp_sol_termesol5017428, gbr_sol_bransholmesola18612, gbr_sol_danesfarmex18953, gbr_sol_bunnshillsol18658, gbr_sol_grovesolarpar19300, gbr_sol_highfieldsfarm19395, gbr_sol_kettonsolarfa19520, gbr_sol_kinmel1cic19543, gbr_sol_knottingleya19554, gbr_sol_averhillfarm18413, gbr_sol_pingryfarmp20127, gbr_sol_landnorthofc19594, gbr_sol_portofbarry20147, gbr_sol_rollsroycefil20246, gbr_sol_coltishall118844, gbr_sol_blatchworthy18562, gbr_sol_landtothenor19662, gbr_sol_landtotheeas19661, usa_sol_adelantosolar20947, usa_sol_archdioceseof21196, usa_sol_baltimorecity21358, usa_sol_baltimorecity21358, usa_sol_baltimorecity21358, usa_sol_bethlehemeas21528, usa_sol_csufnutwoodso22000, usa_sol_baltimorecity21358, usa_sol_coronusadelant22594, usa_sol_division122954, usa_sol_division122954, usa_sol_grassland12s23955, usa_sol_baltimorecity21358, usa_sol_brownesolarll21817, usa_sol_indysolaril24543, usa_sol_jerseygardens24713, usa_sol_ketteringsolar24887, usa_sol_blackrockmatri21617, usa_sol_musgraveeasts25986, usa_sol_dennison22888, usa_sol_onseteastsola26415, usa_sol_phoenixairport26753, usa_sol_rebruceville127054, usa_sol_rebruceville127054, usa_sol_recamelotllc27057, usa_sol_rekammerer127064, usa_sol_rekammerer127064, usa_sol_remckenzie127070, usa_sol_remckenzie127070, usa_sol_remckenzie127070, usa_sol_remckenzie127070, usa_sol_remckenzie127070, usa_sol_ramona127111, usa_sol_rodeosolarc227346, usa_sol_santafespring27610, usa_sol_baltimorecity21358, usa_sol_goldenfieldss23854, usa_sol_brownesolarll21817, usa_sol_summernorthso28267, usa_sol_summernorthso28267, usa_sol_summernorthso28267, usa_sol_summernorthso28267, usa_sol_sunecps1llc28291, usa_sol_rosehill27374, usa_sol_uastpi28693, usa_sol_valleycenter128825, usa_sol_oldwardoursol26385, usa_sol_westportma129237
INFO [2024-09-09 16:33:25] [WARN] - Duplicates have been removed in import.
INFO [2024-09-09 16:33:40] [MAIN] - Adding nodes...

INFO [2024-09-09 16:33:42] [NODES] - Adding EU-ALB node...
INFO [2024-09-09 16:33:42] [NODES] - Adding EU-ARM node...
INFO [2024-09-09 16:33:42] [NODES] - Adding EU-AUT node...
INFO [2024-09-09 16:33:42] [NODES] - Adding EU-AZE node...
INFO [2024-09-09 16:33:43] [NODES] - Adding EU-BEL node...
INFO [2024-09-09 16:33:43] [NODES] - Adding EU-BGR node...
INFO [2024-09-09 16:33:43] [NODES] - Adding EU-BIH node...
INFO [2024-09-09 16:33:43] [NODES] - Adding EU-BLR node...
INFO [2024-09-09 16:33:43] [NODES] - Adding EU-CHE node...
INFO [2024-09-09 16:33:44] [NODES] - Adding EU-CYP node...
INFO [2024-09-09 16:33:44] [NODES] - Adding EU-CZE node...
INFO [2024-09-09 16:33:44] [NODES] - Adding EU-DEU node...
INFO [2024-09-09 16:33:44] [NODES] - Adding EU-DNK node...
INFO [2024-09-09 16:33:45] [NODES] - Adding EU-ESP node...
INFO [2024-09-09 16:33:45] [NODES] - Adding EU-EST node...
INFO [2024-09-09 16:33:45] [NODES] - Adding EU-FIN node...
INFO [2024-09-09 16:33:46] [NODES] - Adding EU-FRA node...
INFO [2024-09-09 16:33:46] [NODES] - Adding EU-GBR node...
INFO [2024-09-09 16:33:46] [NODES] - Adding EU-GEO node...
INFO [2024-09-09 16:33:46] [NODES] - Adding EU-GRC node...
INFO [2024-09-09 16:33:47] [NODES] - Adding EU-HRV node...
INFO [2024-09-09 16:33:47] [NODES] - Adding EU-HUN node...
INFO [2024-09-09 16:33:48] [NODES] - Adding EU-IRL node...
INFO [2024-09-09 16:33:48] [NODES] - Adding EU-ISL node...
INFO [2024-09-09 16:33:48] [NODES] - Adding EU-ITA node...
INFO [2024-09-09 16:33:49] [NODES] - Adding EU-KOS node...
INFO [2024-09-09 16:33:49] [NODES] - Adding EU-LTU node...
INFO [2024-09-09 16:33:49] [NODES] - Adding EU-LUX node...
INFO [2024-09-09 16:33:50] [NODES] - Adding EU-LVA node...
INFO [2024-09-09 16:33:50] [NODES] - Adding EU-MDA node...
INFO [2024-09-09 16:33:50] [NODES] - Adding EU-MKD node...
INFO [2024-09-09 16:33:51] [NODES] - Adding EU-MNE node...
INFO [2024-09-09 16:33:51] [NODES] - Adding EU-NLD node...
INFO [2024-09-09 16:33:52] [NODES] - Adding EU-NOR node...
INFO [2024-09-09 16:33:52] [NODES] - Adding EU-POL node...
INFO [2024-09-09 16:33:53] [NODES] - Adding EU-PRT node...
INFO [2024-09-09 16:33:53] [NODES] - Adding EU-ROU node...
INFO [2024-09-09 16:33:53] [NODES] - Adding EU-SRB node...
INFO [2024-09-09 16:33:54] [NODES] - Adding EU-SVK node...
INFO [2024-09-09 16:33:54] [NODES] - Adding EU-SVN node...
INFO [2024-09-09 16:33:55] [NODES] - Adding EU-SWE node...
INFO [2024-09-09 16:33:55] [NODES] - Adding EU-UKR node...
INFO [2024-09-09 16:33:56] [MAIN] - Done adding nodes! (run time : 15.24s).

INFO [2024-09-09 16:33:56] [MAIN] - Adding districts...

INFO [2024-09-09 16:33:56] [DISTRICTS] - Creating global district...
INFO [2024-09-09 16:33:56] [DISTRICTS] - Done creating global district!
INFO [2024-09-09 16:33:56] [DISTRICTS] - Creating europe continental district...
INFO [2024-09-09 16:33:57] [DISTRICTS] - Done creating europe continental district!
INFO [2024-09-09 16:33:57] [MAIN] - Done adding districts! (run time : 1.23s).

INFO [2024-09-09 16:33:57] [MAIN] - Adding load data...

INFO [2024-09-09 16:33:58] [LOAD] - Adding EU-ALB load data...
INFO [2024-09-09 16:33:58] [LOAD] - Adding EU-ARM load data...
INFO [2024-09-09 16:33:58] [LOAD] - Adding EU-AUT load data...
INFO [2024-09-09 16:33:58] [LOAD] - Adding EU-AZE load data...
INFO [2024-09-09 16:33:59] [LOAD] - Adding EU-BEL load data...
INFO [2024-09-09 16:33:59] [LOAD] - Adding EU-BGR load data...
INFO [2024-09-09 16:33:59] [LOAD] - Adding EU-BIH load data...
INFO [2024-09-09 16:33:59] [LOAD] - Adding EU-BLR load data...
INFO [2024-09-09 16:34:00] [LOAD] - Adding EU-CHE load data...
INFO [2024-09-09 16:34:00] [LOAD] - Adding EU-CYP load data...
INFO [2024-09-09 16:34:00] [LOAD] - Adding EU-CZE load data...
INFO [2024-09-09 16:34:00] [LOAD] - Adding EU-DEU load data...
INFO [2024-09-09 16:34:01] [LOAD] - Adding EU-DNK load data...
INFO [2024-09-09 16:34:01] [LOAD] - Adding EU-ESP load data...
INFO [2024-09-09 16:34:01] [LOAD] - Adding EU-EST load data...
INFO [2024-09-09 16:34:01] [LOAD] - Adding EU-FIN load data...
INFO [2024-09-09 16:34:02] [LOAD] - Adding EU-FRA load data...
INFO [2024-09-09 16:34:02] [LOAD] - Adding EU-GBR load data...
INFO [2024-09-09 16:34:02] [LOAD] - Adding EU-GEO load data...
INFO [2024-09-09 16:34:02] [LOAD] - Adding EU-GRC load data...
INFO [2024-09-09 16:34:03] [LOAD] - Adding EU-HRV load data...
INFO [2024-09-09 16:34:03] [LOAD] - Adding EU-HUN load data...
INFO [2024-09-09 16:34:03] [LOAD] - Adding EU-IRL load data...
INFO [2024-09-09 16:34:03] [LOAD] - Adding EU-ISL load data...
INFO [2024-09-09 16:34:04] [LOAD] - Adding EU-ITA load data...
INFO [2024-09-09 16:34:04] [LOAD] - Adding EU-KOS load data...
INFO [2024-09-09 16:34:04] [LOAD] - Adding EU-LTU load data...
INFO [2024-09-09 16:34:04] [LOAD] - Adding EU-LUX load data...
INFO [2024-09-09 16:34:05] [LOAD] - Adding EU-LVA load data...
INFO [2024-09-09 16:34:05] [LOAD] - Adding EU-MDA load data...
INFO [2024-09-09 16:34:05] [LOAD] - Adding EU-MKD load data...
INFO [2024-09-09 16:34:05] [LOAD] - Adding EU-MNE load data...
INFO [2024-09-09 16:34:05] [LOAD] - Adding EU-NLD load data...
INFO [2024-09-09 16:34:06] [LOAD] - Adding EU-NOR load data...
INFO [2024-09-09 16:34:06] [LOAD] - Adding EU-POL load data...
INFO [2024-09-09 16:34:06] [LOAD] - Adding EU-PRT load data...
INFO [2024-09-09 16:34:07] [LOAD] - Adding EU-ROU load data...
INFO [2024-09-09 16:34:07] [LOAD] - Adding EU-SRB load data...
INFO [2024-09-09 16:34:07] [LOAD] - Adding EU-SVK load data...
INFO [2024-09-09 16:34:07] [LOAD] - Adding EU-SVN load data...
INFO [2024-09-09 16:34:07] [LOAD] - Adding EU-SWE load data...
INFO [2024-09-09 16:34:08] [LOAD] - Adding EU-UKR load data...
INFO [2024-09-09 16:34:08] [MAIN] - Done adding load data! (run time : 11.12s).

