INFO [2024-08-02 13:24:20] [MAIN] - Creating Etude_sur_R_Monde__2024_08_02_13_24_19 study...

INFO [2024-08-02 13:24:20] [MAIN] - Adding nodes...

INFO [2024-08-02 13:24:21] [NODES] - Adding EU-CHE node...
INFO [2024-08-02 13:24:21] [NODES] - Adding EU-DEU node...
INFO [2024-08-02 13:24:21] [NODES] - Adding EU-FRA node...
INFO [2024-08-02 13:24:21] [MAIN] - Done adding nodes! (run time : 1.67s).

INFO [2024-08-02 13:24:21] [MAIN] - Adding load data...

INFO [2024-08-02 13:24:22] [LOAD] - Adding EU-CHE load data...
INFO [2024-08-02 13:24:22] [LOAD] - Adding EU-DEU load data...
INFO [2024-08-02 13:24:22] [LOAD] - Adding EU-FRA load data...
INFO [2024-08-02 13:24:22] [MAIN] - Done adding load data! (run time : 0.99s).

INFO [2024-08-02 13:24:22] [MAIN] - Fetching wind data...

INFO [2024-08-02 13:24:22] [WIND] - Adding EU-CHE aggregated wind data...
INFO [2024-08-02 13:24:22] [WIND] - Adding EU-DEU aggregated wind data...
INFO [2024-08-02 13:24:23] [WIND] - Adding EU-FRA aggregated wind data...
INFO [2024-08-02 13:24:23] [MAIN] - Done adding wind data! (run time : 0.16s).

INFO [2024-08-02 13:24:23] [MAIN] - Fetching solar data...

INFO [2024-08-02 13:24:23] [SOLAR] - Adding EU-CHE aggregated solar data...
INFO [2024-08-02 13:24:23] [SOLAR] - Adding EU-DEU aggregated solar data...
INFO [2024-08-02 13:24:23] [SOLAR] - Adding EU-FRA aggregated solar data...
INFO [2024-08-02 13:24:23] [MAIN] - Done adding solar data! (run time : 0.13s).

INFO [2024-08-02 13:24:23] [MAIN] - Fetching thermal data...

INFO [2024-08-02 13:24:23] [MAIN] - Starting simulation__2024_08_02_13_24_23 simulation...
INFO [2024-08-02 13:24:29] [MAIN] - Antares simulation finished! (run time : 0.1min).
 

