INFO [2024-09-03 11:03:06] [MAIN] - Creating Deane_CO2fix__2024_09_03_11_03_06 study...

INFO [2024-09-03 11:03:06] [MAIN] - Unit commitment mode : ACCURATE
INFO [2024-09-03 11:03:06] [MAIN] - Adding nodes...

INFO [2024-09-03 11:03:08] [NODES] - Adding EU-CHE node...
INFO [2024-09-03 11:03:08] [NODES] - Adding EU-DEU node...
INFO [2024-09-03 11:03:09] [NODES] - Adding EU-FRA node...
INFO [2024-09-03 11:03:09] [MAIN] - Done adding nodes! (run time : 2.42s).

INFO [2024-09-03 11:03:09] [MAIN] - Adding districts...

INFO [2024-09-03 11:03:09] [DISTRICTS] - Creating global district...
INFO [2024-09-03 11:03:09] [DISTRICTS] - Done creating global district!
INFO [2024-09-03 11:03:10] [DISTRICTS] - Creating europe continental district...
INFO [2024-09-03 11:03:10] [DISTRICTS] - Done creating europe continental district!
INFO [2024-09-03 11:03:10] [MAIN] - Done adding districts! (run time : 0.95s).

INFO [2024-09-03 11:03:10] [MAIN] - Adding load data...

INFO [2024-09-03 11:03:11] [LOAD] - Adding EU-CHE load data...
INFO [2024-09-03 11:03:11] [LOAD] - Adding EU-DEU load data...
INFO [2024-09-03 11:03:12] [LOAD] - Adding EU-FRA load data...
INFO [2024-09-03 11:03:12] [MAIN] - Done adding load data! (run time : 1.71s).

INFO [2024-09-03 11:03:12] [MAIN] - Fetching wind data...

INFO [2024-09-03 11:03:12] [WIND] - Adding EU-CHE aggregated wind data...
INFO [2024-09-03 11:03:12] [WIND] - Adding EU-DEU aggregated wind data...
INFO [2024-09-03 11:03:12] [WIND] - Adding EU-FRA aggregated wind data...
INFO [2024-09-03 11:03:12] [MAIN] - Done adding wind data! (run time : 0.28s).

INFO [2024-09-03 11:03:12] [MAIN] - Fetching solar data...

INFO [2024-09-03 11:03:12] [SOLAR] - Adding EU-CHE aggregated solar data...
INFO [2024-09-03 11:03:12] [SOLAR] - Adding EU-DEU aggregated solar data...
INFO [2024-09-03 11:03:12] [SOLAR] - Adding EU-FRA aggregated solar data...
INFO [2024-09-03 11:03:12] [MAIN] - Done adding solar data! (run time : 0.34s).

INFO [2024-09-03 11:03:15] [MAIN] - Beginning hydro implementation...
INFO [2024-09-03 11:03:16] [HYDRO] - Initializing EU-CHE hydro parameters...
INFO [2024-09-03 11:03:17] [HYDRO] - Adding EU-CHE max power timeseries...
INFO [2024-09-03 11:03:17] [HYDRO] - Adding EU-CHE hydro profiles...
INFO [2024-09-03 11:03:18] [HYDRO] - Initializing EU-DEU hydro parameters...
INFO [2024-09-03 11:03:19] [HYDRO] - Adding EU-DEU max power timeseries...
INFO [2024-09-03 11:03:19] [HYDRO] - Adding EU-DEU hydro profiles...
INFO [2024-09-03 11:03:20] [HYDRO] - Initializing EU-FRA hydro parameters...
INFO [2024-09-03 11:03:21] [HYDRO] - Adding EU-FRA max power timeseries...
INFO [2024-09-03 11:03:21] [HYDRO] - Adding EU-FRA hydro profiles...
INFO [2024-09-03 11:03:21] [MAIN] - Done adding hydro!
INFO [2024-09-03 11:03:21] [MAIN] - Fetching thermal data...
INFO [2024-09-03 11:03:25] [MAIN] - Aggregating identical generators...
