INFO [2024-08-02 17:23:37] [MAIN] - Creating Etude_sur_R_Monde__2024_08_02_17_23_36 study...

INFO [2024-08-02 17:23:37] [MAIN] - Adding nodes...

INFO [2024-08-02 17:23:39] [NODES] - Adding EU-CHE node...
INFO [2024-08-02 17:23:39] [NODES] - Adding EU-DEU node...
INFO [2024-08-02 17:23:39] [NODES] - Adding EU-FRA node...
INFO [2024-08-02 17:23:39] [MAIN] - Done adding nodes! (run time : 2.32s).

INFO [2024-08-02 17:23:39] [MAIN] - Adding load data...

INFO [2024-08-02 17:23:40] [LOAD] - Adding EU-CHE load data...
INFO [2024-08-02 17:23:41] [LOAD] - Adding EU-DEU load data...
INFO [2024-08-02 17:23:41] [LOAD] - Adding EU-FRA load data...
INFO [2024-08-02 17:23:41] [MAIN] - Done adding load data! (run time : 1.67s).

INFO [2024-08-02 17:23:41] [MAIN] - Fetching wind data...

INFO [2024-08-02 17:23:41] [WIND] - Adding EU-CHE aggregated wind data...
INFO [2024-08-02 17:23:41] [WIND] - Adding EU-DEU aggregated wind data...
INFO [2024-08-02 17:23:41] [WIND] - Adding EU-FRA aggregated wind data...
INFO [2024-08-02 17:23:41] [MAIN] - Done adding wind data! (run time : 0.34s).

INFO [2024-08-02 17:23:41] [MAIN] - Fetching solar data...

INFO [2024-08-02 17:23:41] [SOLAR] - Adding EU-CHE aggregated solar data...
INFO [2024-08-02 17:23:41] [SOLAR] - Adding EU-DEU aggregated solar data...
INFO [2024-08-02 17:23:41] [SOLAR] - Adding EU-FRA aggregated solar data...
INFO [2024-08-02 17:23:41] [MAIN] - Done adding solar data! (run time : 0.22s).

INFO [2024-08-02 17:23:41] [MAIN] - Starting simulation__2024_08_02_17_23_41 simulation...
INFO [2024-08-02 17:23:48] [MAIN] - Antares simulation finished! (run time : 0.12min).
 

