INFO [2024-09-05 11:14:48] [MAIN] - Reading simulations of pre-existing v2_1clu__2024_09_04_16_46_43 study...
INFO [2024-09-05 11:14:50] [MAIN] - Opening 20240904-2104eco-world_wOutages_fastUCM simulation...
INFO [2024-09-05 11:14:51] [MAIN] - Preparing to compare generation values with Deane...
INFO [2024-09-05 11:15:04] [MAIN] - Done comparing generation values with Deane! (run time : 13.01 s).

INFO [2024-09-05 11:15:04] [MAIN] - Preparing to compare emissions values with Deane...
INFO [2024-09-05 11:16:04] [MAIN] - Done comparing emissions values with Deane! (run time : 60.28 s).

INFO [2024-09-05 11:16:04] [MAIN] - Preparing to save import/export ranking of countries...
INFO [2024-09-05 11:16:11] [MAIN] - Import/export ranking of countries has been saved ! (run time : 7.29 s).

INFO [2024-09-05 11:16:11] [MAIN] - Preparing to save global production stack...
INFO [2024-09-05 11:16:25] [MAIN] - Done saving global production stack! (run time : 14.03s).

INFO [2024-09-05 11:16:25] [MAIN] - Preparing to save continental production stacks...
INFO [2024-09-05 11:17:19] [MAIN] - Done saving continental production stacks! (run time : 53.4s).

INFO [2024-09-05 11:17:19] [MAIN] - Preparing to save national production stacks...
INFO [2024-09-05 11:48:43] [MAIN] - Done saving national production stacks! (run time : 31.4min).

INFO [2024-09-05 11:48:43] [MAIN] - Preparing to save regional production stacks...
INFO [2024-09-05 12:00:57] [MAIN] - Done saving regional production stacks! (run time : 12.24min).

INFO [2024-09-05 12:00:57] [MAIN] - Preparing to save global production stack...
INFO [2024-09-05 12:01:02] [MAIN] - Done saving global production stack! (run time : 4.95s).

INFO [2024-09-05 12:01:02] [MAIN] - Preparing to save continental production stacks...
INFO [2024-09-05 12:01:26] [MAIN] - Done saving continental production stacks! (run time : 24.75s).

INFO [2024-09-05 12:01:27] [MAIN] - Preparing to save national production stacks...
INFO [2024-09-05 12:16:00] [MAIN] - Done saving national production stacks! (run time : 14.56min).

INFO [2024-09-05 12:16:00] [MAIN] - Preparing to save regional production stacks...
INFO [2024-09-05 12:24:26] [MAIN] - Done saving regional production stacks! (run time : 8.42min).

INFO [2024-09-05 12:24:26] [MAIN] - Preparing to save global production stack...
INFO [2024-09-05 12:24:30] [MAIN] - Done saving global production stack! (run time : 4.41s).

INFO [2024-09-05 12:24:30] [MAIN] - Preparing to save continental production stacks...
INFO [2024-09-05 12:24:55] [MAIN] - Done saving continental production stacks! (run time : 25.23s).

INFO [2024-09-05 12:24:55] [MAIN] - Preparing to save national production stacks...
INFO [2024-09-05 12:40:12] [MAIN] - Done saving national production stacks! (run time : 15.27min).

INFO [2024-09-05 12:40:12] [MAIN] - Preparing to save regional production stacks...
INFO [2024-09-05 12:49:39] [MAIN] - Done saving regional production stacks! (run time : 9.45min).

INFO [2024-09-05 12:49:39] [MAIN] - Preparing to save global load monotones...
INFO [2024-09-05 12:53:57] [MAIN] - Done saving global load monotones! (run time : 4.3 min).

INFO [2024-09-05 12:53:57] [MAIN] - Preparing to save continental load monotones...
INFO [2024-09-05 13:16:56] [MAIN] - Done saving continental load monotones! (run time : 22.98 min).

INFO [2024-09-05 13:16:56] [MAIN] - Preparing to save national load monotones...
