INFO [2024-09-12 16:06:05] [MAIN] - Creating EU_full_agg__2024_09_12_16_06_05 study...

INFO [2024-09-12 16:06:05] [MAIN] - Initializing output folder...
INFO [2024-09-12 16:08:29] [MAIN] - Unit commitment mode : ACCURATE
INFO [2024-09-12 16:10:45] [MAIN] - Adding nodes...

INFO [2024-09-12 16:11:00] [MAIN] - Done adding nodes! (run time : 15.08s).

INFO [2024-09-12 16:11:00] [MAIN] - Adding districts...

INFO [2024-09-12 16:11:01] [MAIN] - Done adding districts! (run time : 1.38s).

INFO [2024-09-12 16:11:01] [MAIN] - Adding load data...

INFO [2024-09-12 16:11:14] [MAIN] - Done adding load data! (run time : 12.42s).

INFO [2024-09-12 16:11:14] [MAIN] - Fetching wind data...

INFO [2024-09-12 16:11:21] [WIND] - Saving aggregated wind data to output folder...
INFO [2024-09-12 16:11:36] [WIND] - Done saving aggregated wind data to output folder!
INFO [2024-09-12 16:11:36] [MAIN] - Done adding wind data! (run time : 22.06s).

INFO [2024-09-12 16:11:36] [MAIN] - Fetching solar data...

INFO [2024-09-12 16:11:43] [MAIN] - Done adding solar data! (run time : 7.55s).

INFO [2024-09-12 16:11:43] [MAIN] - Adding lines between areas...

INFO [2024-09-12 16:12:09] [MAIN] - Done adding lines! (run time : 25.41s).

INFO [2024-09-12 16:12:09] [MAIN] - Finished setting up Antares study! (run time : 6.07min).
 

INFO [2024-09-12 16:12:09] [MAIN] - Starting acc_test simulation...
INFO [2024-09-12 16:14:31] [MAIN] - Antares simulation finished! (run time : 2.36min).
 

INFO [2024-09-12 16:17:03] [MAIN] - Opening latest simulation...
INFO [2024-09-12 16:17:04] [MAIN] - Preparing to compare generation values with Deane...
INFO [2024-09-12 16:24:24] [MAIN] - Done comparing generation values with Deane! (run time : 440.69 s).

INFO [2024-09-12 16:24:24] [MAIN] - Preparing to compare emissions values with Deane...
