INFO [2024-08-02 17:53:34] [MAIN] - Creating Etude_sur_R_Monde__2024_08_02_17_53_34 study...

INFO [2024-08-02 17:53:34] [MAIN] - Adding nodes...

INFO [2024-08-02 17:53:35] [NODES] - Adding EU-CHE node...
INFO [2024-08-02 17:53:35] [NODES] - Adding EU-DEU node...
INFO [2024-08-02 17:53:36] [NODES] - Adding EU-FRA node...
INFO [2024-08-02 17:53:36] [MAIN] - Done adding nodes! (run time : 1.67s).

INFO [2024-08-02 17:53:36] [MAIN] - Adding load data...

INFO [2024-08-02 17:53:37] [LOAD] - Adding EU-CHE load data...
INFO [2024-08-02 17:53:37] [LOAD] - Adding EU-DEU load data...
INFO [2024-08-02 17:53:37] [LOAD] - Adding EU-FRA load data...
INFO [2024-08-02 17:53:37] [MAIN] - Done adding load data! (run time : 1.05s).

INFO [2024-08-02 17:53:37] [MAIN] - Fetching wind data...

INFO [2024-08-02 17:53:37] [WIND] - Adding EU-CHE aggregated wind data...
INFO [2024-08-02 17:53:37] [WIND] - Adding EU-DEU aggregated wind data...
INFO [2024-08-02 17:53:37] [WIND] - Adding EU-FRA aggregated wind data...
INFO [2024-08-02 17:53:37] [MAIN] - Done adding wind data! (run time : 0.3s).

INFO [2024-08-02 17:53:37] [MAIN] - Fetching solar data...

INFO [2024-08-02 17:53:37] [SOLAR] - Adding EU-CHE aggregated solar data...
INFO [2024-08-02 17:53:38] [SOLAR] - Adding EU-DEU aggregated solar data...
INFO [2024-08-02 17:53:38] [SOLAR] - Adding EU-FRA aggregated solar data...
INFO [2024-08-02 17:53:38] [MAIN] - Done adding solar data! (run time : 0.46s).

INFO [2024-08-02 17:53:38] [MAIN] - Beginning hydro implementation...
INFO [2024-08-02 17:53:39] [HYDRO] - Initializing EU-CHE hydro parameters...
INFO [2024-08-02 17:53:40] [HYDRO] - Adding EU-CHE hydro profiles...
INFO [2024-08-02 17:53:40] [HYDRO] - Initializing EU-DEU hydro parameters...
INFO [2024-08-02 17:53:41] [HYDRO] - Adding EU-DEU hydro profiles...
INFO [2024-08-02 17:53:41] [HYDRO] - Initializing EU-FRA hydro parameters...
INFO [2024-08-02 17:53:42] [HYDRO] - Adding EU-FRA hydro profiles...
INFO [2024-08-02 17:53:42] [MAIN] - Done adding hydro!
INFO [2024-08-02 17:53:42] [MAIN] - Adding lines between areas...

INFO [2024-08-02 17:53:43] [LINES] - Adding EU-CHE to EU-DEU line...
INFO [2024-08-02 17:53:43] [LINES] - Adding EU-CHE to EU-FRA line...
INFO [2024-08-02 17:53:43] [LINES] - Adding EU-DEU to EU-FRA line...
INFO [2024-08-02 17:53:43] [MAIN] - Done adding lines! (run time : 1.16s).

INFO [2024-08-02 17:53:43] [MAIN] - Finished setting up Antares study! (run time : 0.16min).
 

INFO [2024-08-02 17:53:43] [MAIN] - Starting simulation__2024_08_02_17_53_43 simulation...
INFO [2024-08-02 17:53:53] [MAIN] - Antares simulation finished! (run time : 0.16min).
 

