INFO [2024-09-03 13:53:52] [MAIN] - Creating Deane_Outage__2024_09_03_13_53_52 study...

INFO [2024-09-03 13:53:52] [MAIN] - Unit commitment mode : ACCURATE
INFO [2024-09-03 13:53:53] [MAIN] - Adding nodes...

INFO [2024-09-03 13:53:55] [NODES] - Adding EU-CHE node...
INFO [2024-09-03 13:53:56] [NODES] - Adding EU-DEU node...
INFO [2024-09-03 13:53:56] [NODES] - Adding EU-FRA node...
INFO [2024-09-03 13:53:56] [MAIN] - Done adding nodes! (run time : 3.4s).

INFO [2024-09-03 13:53:56] [MAIN] - Adding districts...

INFO [2024-09-03 13:53:57] [DISTRICTS] - Creating global district...
INFO [2024-09-03 13:53:57] [DISTRICTS] - Done creating global district!
INFO [2024-09-03 13:53:57] [DISTRICTS] - Creating europe continental district...
INFO [2024-09-03 13:53:57] [DISTRICTS] - Done creating europe continental district!
INFO [2024-09-03 13:53:57] [MAIN] - Done adding districts! (run time : 1.42s).

INFO [2024-09-03 13:53:57] [MAIN] - Adding load data...

INFO [2024-09-03 13:53:59] [LOAD] - Adding EU-CHE load data...
INFO [2024-09-03 13:54:00] [LOAD] - Adding EU-DEU load data...
INFO [2024-09-03 13:54:00] [LOAD] - Adding EU-FRA load data...
INFO [2024-09-03 13:54:00] [MAIN] - Done adding load data! (run time : 2.28s).

INFO [2024-09-03 13:54:00] [MAIN] - Fetching wind data...

INFO [2024-09-03 13:54:00] [WIND] - Adding EU-CHE aggregated wind data...
INFO [2024-09-03 13:54:00] [WIND] - Adding EU-DEU aggregated wind data...
INFO [2024-09-03 13:54:00] [WIND] - Adding EU-FRA aggregated wind data...
INFO [2024-09-03 13:54:00] [MAIN] - Done adding wind data! (run time : 0.37s).

INFO [2024-09-03 13:54:00] [MAIN] - Fetching solar data...

INFO [2024-09-03 13:54:01] [SOLAR] - Adding EU-CHE aggregated solar data...
INFO [2024-09-03 13:54:01] [SOLAR] - Adding EU-DEU aggregated solar data...
INFO [2024-09-03 13:54:01] [SOLAR] - Adding EU-FRA aggregated solar data...
INFO [2024-09-03 13:54:01] [MAIN] - Done adding solar data! (run time : 0.52s).

INFO [2024-09-03 13:54:01] [MAIN] - Beginning hydro implementation...
INFO [2024-09-03 13:54:02] [HYDRO] - Initializing EU-CHE hydro parameters...
INFO [2024-09-03 13:54:03] [HYDRO] - Adding EU-CHE max power timeseries...
INFO [2024-09-03 13:54:04] [HYDRO] - Adding EU-CHE hydro profiles...
INFO [2024-09-03 13:54:05] [HYDRO] - Initializing EU-DEU hydro parameters...
INFO [2024-09-03 13:54:06] [HYDRO] - Adding EU-DEU max power timeseries...
INFO [2024-09-03 13:54:07] [HYDRO] - Adding EU-DEU hydro profiles...
INFO [2024-09-03 13:54:08] [HYDRO] - Initializing EU-FRA hydro parameters...
INFO [2024-09-03 13:54:09] [HYDRO] - Adding EU-FRA max power timeseries...
INFO [2024-09-03 13:54:10] [HYDRO] - Adding EU-FRA hydro profiles...
INFO [2024-09-03 13:54:10] [MAIN] - Done adding hydro!
INFO [2024-09-03 13:54:10] [MAIN] - Fetching thermal data...
INFO [2024-09-03 13:54:13] [MAIN] - Aggregating identical generators...
INFO [2024-09-03 13:54:13] [MAIN] - Running 15-clustering algorithm on generators...
INFO [2024-09-03 13:54:14] [MAIN] - Done running 15-clustering algorithm on generators!

INFO [2024-09-03 13:54:14] [THERMAL] - Adding CHE_GAS_CAPACITYSCALER generator to EU-CHE node...
INFO [2024-09-03 13:54:14] [THERMAL] - Adding CHE_COA_CAPACITYSCALER generator to EU-CHE node...
INFO [2024-09-03 13:54:14] [THERMAL] - Adding CHE_BIO_CAPACITYSCALER generator to EU-CHE node...
INFO [2024-09-03 13:54:14] [THERMAL] - Adding CHE_NUC_KERNKRAFTWERKB17760 generator to EU-CHE node...
INFO [2024-09-03 13:54:15] [THERMAL] - Adding CHE_NUC_KERNKRAFTWERKM17763 generator to EU-CHE node...
INFO [2024-09-03 13:54:15] [THERMAL] - Adding CHE_NUC_KERNKRAFTWERKL17762 generator to EU-CHE node...
INFO [2024-09-03 13:54:15] [THERMAL] - Adding CHE_NUC_KERNKRAFTWERKG17761 generator to EU-CHE node...
INFO [2024-09-03 13:54:15] [THERMAL] - Adding CHE_OIL_CAPACITYSCALER generator to EU-CHE node...
INFO [2024-09-03 13:54:15] [THERMAL] - Adding DEU_GAS_KIRCHMSER11375_HEIZKRAFTWERKL11273_DOWSTADE11047_DAM generator to EU-DEU node...
INFO [2024-09-03 13:54:15] [THERMAL] - Adding DEU_GAS_FRANKEN111114_HKWIIIB11212_TRIANELNATURAL11743_DORMA generator to EU-DEU node...
INFO [2024-09-03 13:54:15] [THERMAL] - Adding DEU_GAS_GEMEINSCHAFTSKR11138_RHEINHAFENDAMP11618_EMSLAND1108 generator to EU-DEU node...
INFO [2024-09-03 13:54:16] [THERMAL] - Adding DEU_GAS_HEIZKRAFTWERK411261_HEIZKRAFTWERKZ11282_KWKANLAGEBAR generator to EU-DEU node...
INFO [2024-09-03 13:54:16] [THERMAL] - Adding DEU_GAS_GTKWDARMSTADT11128_HEIZKRAFTWERKK11271_HEIZKRAFTWERK generator to EU-DEU node...
INFO [2024-09-03 13:54:16] [THERMAL] - Adding DEU_GAS_BHKWANKLINKER10911_BHKWHAUFFSTRA10912_HEIZKRAFTWERK5 generator to EU-DEU node...
INFO [2024-09-03 13:54:16] [THERMAL] - Adding DEU_GAS_HKWHILTROP11209_HKWSCHWERINS11231_NATURALGASKRAF1150 generator to EU-DEU node...
INFO [2024-09-03 13:54:16] [THERMAL] - Adding DEU_GAS_GUDSCHWARZHEID11175_HEIZKRAFTWERKE11283_HKWNIEDERRAD generator to EU-DEU node...
INFO [2024-09-03 13:54:16] [THERMAL] - Adding DEU_GAS_GUDHKWNEUBRAN11179_GUDBAUNATALV11170 generator to EU-DEU node...
INFO [2024-09-03 13:54:17] [THERMAL] - Adding DEU_GAS_HKW211193_HKWNORD11240_DORTMUND11046_KWKANLAGEKREF11 generator to EU-DEU node...
INFO [2024-09-03 13:54:17] [THERMAL] - Adding DEU_GAS_SDDT111723_HKWBARMEN11196_HKWPOTSDAMS11225_HOLTHAUSE generator to EU-DEU node...
INFO [2024-09-03 13:54:17] [THERMAL] - Adding DEU_GAS_KWKIRCHLENGERN11345_HKWNIEHL211221_LICHTERFELDE11438 generator to EU-DEU node...
INFO [2024-09-03 13:54:17] [THERMAL] - Adding DEU_GAS_HKWCHEMNITZN11199_HKWELTMANN11201_HKWWRTH11238_GUDAN generator to EU-DEU node...
INFO [2024-09-03 13:54:17] [THERMAL] - Adding DEU_GAS_RAGANTHRAZITI11596_EVCGLOBALFOU11064_KRAFTWERK211393 generator to EU-DEU node...
INFO [2024-09-03 13:54:18] [THERMAL] - Adding DEU_GAS_KESSEL211371_ERWEITERUNGENE11099 generator to EU-DEU node...
INFO [2024-09-03 13:54:18] [THERMAL] - Adding DEU_COA_KWM11360_SCHOLVENPOWER11669 generator to EU-DEU node...
INFO [2024-09-03 13:54:18] [THERMAL] - Adding DEU_COA_HEIZKRAFTWERKS11279_HEIZKRAFTWERKD11281_PLWERKJLIC11 generator to EU-DEU node...
INFO [2024-09-03 13:54:18] [THERMAL] - Adding DEU_COA_KRAFTWERKWERDO11414_STUTTGARTMUENS11720_KIELPOWERSTA generator to EU-DEU node...
INFO [2024-09-03 13:54:18] [THERMAL] - Adding DEU_COA_TIEFSTACKPOWER11739_FLENSBURGPOWER11111_KRAFTWERKENS generator to EU-DEU node...
INFO [2024-09-03 13:54:19] [THERMAL] - Adding DEU_COA_HEIZKRAFTWERKF11266_DESSAUPOWERST11037_GRUBENHEIZKRA generator to EU-DEU node...
INFO [2024-09-03 13:54:19] [THERMAL] - Adding DEU_COA_KWVOERDE11348_JANSCHWALDEPOW11338_GKMMANNHEIM11125_F generator to EU-DEU node...
INFO [2024-09-03 13:54:19] [THERMAL] - Adding DEU_COA_HEIZKRAFTWERK311260_KWWEST11350_HAFENPOWERSTA11244_W generator to EU-DEU node...
INFO [2024-09-03 13:54:19] [THERMAL] - Adding DEU_COA_KESSEL411372_KRAFTWERK11391_HKWKARCHERSTR_11214_KOHL generator to EU-DEU node...
INFO [2024-09-03 13:54:20] [THERMAL] - Adding DEU_COA_BREMENFARGEPO10995_BUSCHHAUSPOWER11002_MODELLKRAFTWE generator to EU-DEU node...
INFO [2024-09-03 13:54:20] [THERMAL] - Adding DEU_COA_BUERPOWERSTAT11001_COTTBUSCHPPOW11019_COLOGNEMERKENI generator to EU-DEU node...
INFO [2024-09-03 13:54:20] [THERMAL] - Adding DEU_COA_BRAUNKOHLEKRAFT10993_HEYDENPOWERST11292_LIPPENDORFPO generator to EU-DEU node...
INFO [2024-09-03 13:54:20] [THERMAL] - Adding DEU_COA_LNENPOWERST11449_BERGKAMENPOWER10936_KRAFTWERKBEXBA1 generator to EU-DEU node...
INFO [2024-09-03 13:54:21] [THERMAL] - Adding DEU_COA_TRIANELKOHLEKR11742_WILHELMSHAVENP11817_ALTBACHPOWER generator to EU-DEU node...
INFO [2024-09-03 13:54:21] [THERMAL] - Adding DEU_COA_GKRAFTWERK11121_KRAFTWERKN23011406_WACHTBERGPOWER117 generator to EU-DEU node...
INFO [2024-09-03 13:54:21] [THERMAL] - Adding DEU_COA_WESTFALEN11811_IBBENBRENBP11323_HAMBURGMOORBUR11247_ generator to EU-DEU node...
INFO [2024-09-03 13:54:22] [THERMAL] - Adding DEU_WAS_MHKWFRANKFURT11454_STORAENSOMAXA11716 generator to EU-DEU node...
INFO [2024-09-03 13:54:22] [THERMAL] - Adding DEU_WAS_BIOMASSGENERAT10951_MHKWWKW11452_BIOMASSEHEIZKR10970 generator to EU-DEU node...
INFO [2024-09-03 13:54:22] [THERMAL] - Adding DEU_BIO_WIBIEBRICH11814_ENERTECHAMELN11093_EBKWKNAPSACK11055 generator to EU-DEU node...
INFO [2024-09-03 13:54:22] [THERMAL] - Adding DEU_BIO_ZELLSTOFFSTEND11847 generator to EU-DEU node...
INFO [2024-09-03 13:54:22] [THERMAL] - Adding DEU_WAS_MVABIELEFELD11460_DAMPFTURBINENAN11028_REUTERWASTEFA generator to EU-DEU node...
INFO [2024-09-03 13:54:23] [THERMAL] - Adding DEU_WAS_MHKW11451_HKWMANNHEIM11216_RMVAKLN11598 generator to EU-DEU node...
INFO [2024-09-03 13:54:23] [THERMAL] - Adding DEU_BIO_BIOENERGIEPARK10946_BIOMASSEHEIZKRA10972_BIOMASSEKRA generator to EU-DEU node...
INFO [2024-09-03 13:54:23] [THERMAL] - Adding DEU_BIO_BIOHKWI10947_BIOMASSGENERAT10948_BIOMASSGENERAT10959 generator to EU-DEU node...
INFO [2024-09-03 13:54:23] [THERMAL] - Adding DEU_WAS_KARNAP11365_TRVBUSCHHAUS11728_BIOMASSGENERAT10955 generator to EU-DEU node...
INFO [2024-09-03 13:54:24] [THERMAL] - Adding DEU_WAS_IKWRDERSDORF11318_MLLHEIZKRAFTW11493_RZRHERTENII1159 generator to EU-DEU node...
INFO [2024-09-03 13:54:24] [THERMAL] - Adding DEU_BIO_BIOMASSGENERAT10961_DT11026_MLLKRAFTWERK11494_MHKWRO generator to EU-DEU node...
INFO [2024-09-03 13:54:24] [THERMAL] - Adding DEU_BIO_ZOLLINGPOWERS11851_CAPACITYSCALER generator to EU-DEU node...
INFO [2024-09-03 13:54:24] [THERMAL] - Adding DEU_BIO_BLOCKHEIZKRAFTW10981_ZWSF11844 generator to EU-DEU node...
INFO [2024-09-03 13:54:25] [THERMAL] - Adding DEU_WAS_EEWENERGYFROM11059_EEWGRORSCH11060_TURBOSATZ111747_G generator to EU-DEU node...
INFO [2024-09-03 13:54:25] [THERMAL] - Adding DEU_BIO_BIOMASSGENERAT10953_FHKWLUDWIGSHAF11103_KRAFTWERKSCH generator to EU-DEU node...
INFO [2024-09-03 13:54:25] [THERMAL] - Adding DEU_NUC_GROHNDE11162 generator to EU-DEU node...
INFO [2024-09-03 13:54:25] [THERMAL] - Adding DEU_NUC_NECKARWESTHEIM11499 generator to EU-DEU node...
INFO [2024-09-03 13:54:25] [THERMAL] - Adding DEU_NUC_EMSLAND11062 generator to EU-DEU node...
INFO [2024-09-03 13:54:26] [THERMAL] - Adding DEU_NUC_PHILIPPSBURG211562 generator to EU-DEU node...
INFO [2024-09-03 13:54:26] [THERMAL] - Adding DEU_NUC_BROKDORF10922 generator to EU-DEU node...
INFO [2024-09-03 13:54:26] [THERMAL] - Adding DEU_NUC_ISAR211322 generator to EU-DEU node...
INFO [2024-09-03 13:54:26] [THERMAL] - Adding DEU_NUC_KERNKRAFTGUNDR11370 generator to EU-DEU node...
INFO [2024-09-03 13:54:27] [THERMAL] - Adding DEU_OIL_WILMERSDORF11818_CAPACITYSCALER generator to EU-DEU node...
INFO [2024-09-03 13:54:27] [THERMAL] - Adding DEU_OIL_EEV11058 generator to EU-DEU node...
INFO [2024-09-03 13:54:27] [THERMAL] - Adding DEU_OIL_WILHELMSHAVEN11816 generator to EU-DEU node...
INFO [2024-09-03 13:54:27] [THERMAL] - Adding DEU_OIL_AUDORF10902_ITZEHOE11337_KRAFTWERKHAUSH11399_RAFFINE generator to EU-DEU node...
INFO [2024-09-03 13:54:28] [THERMAL] - Adding DEU_OIL_BRUNSBTTEL11000 generator to EU-DEU node...
INFO [2024-09-03 13:54:28] [THERMAL] - Adding DEU_OIL_SKWNATURALGAS11651_KRAFTWERKFULDA11397 generator to EU-DEU node...
INFO [2024-09-03 13:54:28] [THERMAL] - Adding DEU_OIL_SPITZENLASTANLA11702 generator to EU-DEU node...
INFO [2024-09-03 13:54:28] [THERMAL] - Adding DEU_OIL_MOABITOIL11482 generator to EU-DEU node...
INFO [2024-09-03 13:54:29] [THERMAL] - Adding DEU_OIL_KWMITTELSBRE11346 generator to EU-DEU node...
INFO [2024-09-03 13:54:29] [THERMAL] - Adding DEU_OIL_DKWLEINAU11024_DKWNORD11025_SKWDIESEL11650_SPITZENLA generator to EU-DEU node...
INFO [2024-09-03 13:54:29] [THERMAL] - Adding DEU_OIL_WEDEL11792 generator to EU-DEU node...
INFO [2024-09-03 13:54:29] [THERMAL] - Adding DEU_OIL_IKSPCKSCHWEDT11316 generator to EU-DEU node...
INFO [2024-09-03 13:54:30] [THERMAL] - Adding DEU_OIL_SPITZENLASTKRAF11703_KRAFTWERKWALHE11413 generator to EU-DEU node...
INFO [2024-09-03 13:54:30] [THERMAL] - Adding DEU_OIL_RAFFINERIEKRAFT11602 generator to EU-DEU node...
INFO [2024-09-03 13:54:30] [THERMAL] - Adding DEU_OIL_KRAFTWERK11392_MIRO11477 generator to EU-DEU node...
INFO [2024-09-03 13:54:31] [THERMAL] - Adding DEU_GEO_CAPACITYSCALER generator to EU-DEU node...
INFO [2024-09-03 13:54:31] [THERMAL] - Adding DEU_WAV_CAPACITYSCALER generator to EU-DEU node...
INFO [2024-09-03 13:54:31] [THERMAL] - Adding DEU_OTH_ILKEKT11319 generator to EU-DEU node...
INFO [2024-09-03 13:54:31] [THERMAL] - Adding DEU_OTH_BIOMASSGENERAT10952 generator to EU-DEU node...
INFO [2024-09-03 13:54:32] [THERMAL] - Adding DEU_OTH_HKWWEST11236 generator to EU-DEU node...
INFO [2024-09-03 13:54:32] [THERMAL] - Adding DEU_OTH_DKKRAFTWERK11023 generator to EU-DEU node...
INFO [2024-09-03 13:54:32] [THERMAL] - Adding DEU_OTH_EBSHEIZKRAFTWE11057 generator to EU-DEU node...
INFO [2024-09-03 13:54:33] [THERMAL] - Adding DEU_OTH_OXEAGMBH11555 generator to EU-DEU node...
INFO [2024-09-03 13:54:33] [THERMAL] - Adding DEU_OTH_KRAFTWERKNORD11407 generator to EU-DEU node...
INFO [2024-09-03 13:54:33] [THERMAL] - Adding DEU_OTH_GICHTNATURALGA11145 generator to EU-DEU node...
INFO [2024-09-03 13:54:34] [THERMAL] - Adding DEU_OTH_O1011535 generator to EU-DEU node...
INFO [2024-09-03 13:54:34] [THERMAL] - Adding DEU_OTH_IKW11317 generator to EU-DEU node...
INFO [2024-09-03 13:54:34] [THERMAL] - Adding DEU_OTH_KRAFTWERKSALZG11409 generator to EU-DEU node...
INFO [2024-09-03 13:54:34] [THERMAL] - Adding FRA_GAS_GENNEVILLIERS19464 generator to EU-FRA node...
INFO [2024-09-03 13:54:34] [THERMAL] - Adding FRA_GAS_PONTSURSAMBRE10198 generator to EU-FRA node...
INFO [2024-09-03 13:54:35] [THERMAL] - Adding FRA_GAS_CROIXDEMETZ9304 generator to EU-FRA node...
INFO [2024-09-03 13:54:35] [THERMAL] - Adding FRA_GAS_COMBIGOLFE9114 generator to EU-FRA node...
INFO [2024-09-03 13:54:35] [THERMAL] - Adding FRA_GAS_BLENOD58946 generator to EU-FRA node...
INFO [2024-09-03 13:54:35] [THERMAL] - Adding FRA_GAS_EMILEHUCHET9363 generator to EU-FRA node...
INFO [2024-09-03 13:54:35] [THERMAL] - Adding FRA_GAS_BOUCHAIN78948 generator to EU-FRA node...
INFO [2024-09-03 13:54:35] [THERMAL] - Adding FRA_GAS_MARTIGUESPONTE9866 generator to EU-FRA node...
INFO [2024-09-03 13:54:35] [THERMAL] - Adding FRA_GAS_CAPACITYSCALER generator to EU-FRA node...
INFO [2024-09-03 13:54:36] [THERMAL] - Adding FRA_GAS_DK69328 generator to EU-FRA node...
INFO [2024-09-03 13:54:36] [THERMAL] - Adding FRA_COA_LUCY39603 generator to EU-FRA node...
INFO [2024-09-03 13:54:36] [THERMAL] - Adding FRA_COA_CAPACITYSCALER generator to EU-FRA node...
INFO [2024-09-03 13:54:36] [THERMAL] - Adding FRA_COA_EMILEHUCHET9364 generator to EU-FRA node...
INFO [2024-09-03 13:54:36] [THERMAL] - Adding FRA_COA_CORDEMAIS49116_HAVRE49538 generator to EU-FRA node...
INFO [2024-09-03 13:54:36] [THERMAL] - Adding FRA_COA_PROVENCE510115 generator to EU-FRA node...
INFO [2024-09-03 13:54:37] [THERMAL] - Adding FRA_BIO_AMIENS8869_BLARINGHEM9020_CONCARNEAU9263_CRPYENVALOI generator to EU-FRA node...
INFO [2024-09-03 13:54:37] [THERMAL] - Adding FRA_BIO_VERTLEGRAND10758_CALCE9127 generator to EU-FRA node...
INFO [2024-09-03 13:54:37] [THERMAL] - Adding FRA_BIO_MONTECH9977_NOYELLESSOUSL10067_VILLEFRANCHESU10775 generator to EU-FRA node...
INFO [2024-09-03 13:54:37] [THERMAL] - Adding FRA_BIO_ARQUES8899_BOUROGNE9059_CHANG9200_DIJON9341_GUICHAIN generator to EU-FRA node...
INFO [2024-09-03 13:54:37] [THERMAL] - Adding FRA_BIO_CAPACITYSCALER generator to EU-FRA node...
INFO [2024-09-03 13:54:38] [THERMAL] - Adding FRA_BIO_NICE10055_SAINTOUEN10475_LEMANS9746_VAUXLEPNIL10743_ generator to EU-FRA node...
INFO [2024-09-03 13:54:38] [THERMAL] - Adding FRA_BIO_ALLEMANT8850_AMANVILLERS8862_AUCH8917_BIMONT9017_BOR generator to EU-FRA node...
INFO [2024-09-03 13:54:38] [THERMAL] - Adding FRA_BIO_BOURGOINJALLIE9058_SALAISESURSAN10550 generator to EU-FRA node...
INFO [2024-09-03 13:54:38] [THERMAL] - Adding FRA_BIO_MORCENX9998_ORLANS10100_PIERRELATTE10146_SAINTTHIBAU generator to EU-FRA node...
INFO [2024-09-03 13:54:38] [THERMAL] - Adding FRA_BIO_COURON9296_DOUCHYLESMINE9352_LATRONCHE9660_LESCAR979 generator to EU-FRA node...
INFO [2024-09-03 13:54:39] [THERMAL] - Adding FRA_BIO_LEPLESSISGASS9757_SAINTJEANDEF10422_CLERMONTFERRAN92 generator to EU-FRA node...
INFO [2024-09-03 13:54:39] [THERMAL] - Adding FRA_BIO_PITHIVIERS10150_SAINTMARTINDE10457_VEDNE10745 generator to EU-FRA node...
INFO [2024-09-03 13:54:39] [THERMAL] - Adding FRA_BIO_DUNKERQUE9360_FORTDEFRANCE9428 generator to EU-FRA node...
INFO [2024-09-03 13:54:39] [THERMAL] - Adding FRA_BIO_FOSSURMER9434_ISSYLESMOULIN9578 generator to EU-FRA node...
INFO [2024-09-03 13:54:39] [THERMAL] - Adding FRA_BIO_ANTIBES8878_MDAMILL9926_NMES10077 generator to EU-FRA node...
INFO [2024-09-03 13:54:40] [THERMAL] - Adding FRA_NUC_STLAURENT10330 generator to EU-FRA node...
INFO [2024-09-03 13:54:40] [THERMAL] - Adding FRA_NUC_CHINON9109 generator to EU-FRA node...
INFO [2024-09-03 13:54:40] [THERMAL] - Adding FRA_NUC_BLAYAIS8945 generator to EU-FRA node...
INFO [2024-09-03 13:54:40] [THERMAL] - Adding FRA_NUC_CRUAS9118_TRICASTIN110646 generator to EU-FRA node...
INFO [2024-09-03 13:54:40] [THERMAL] - Adding FRA_NUC_BELLEVILLE8944_GOLFECH9466_NOGENT10036 generator to EU-FRA node...
INFO [2024-09-03 13:54:41] [THERMAL] - Adding FRA_NUC_FLAMANVILLE9394_PENLY10110 generator to EU-FRA node...
INFO [2024-09-03 13:54:41] [THERMAL] - Adding FRA_NUC_STALBAN10328 generator to EU-FRA node...
INFO [2024-09-03 13:54:41] [THERMAL] - Adding FRA_NUC_GRAVELINES9468 generator to EU-FRA node...
INFO [2024-09-03 13:54:41] [THERMAL] - Adding FRA_NUC_CATTENOM9106 generator to EU-FRA node...
INFO [2024-09-03 13:54:42] [THERMAL] - Adding FRA_NUC_FESSENHEIM9393 generator to EU-FRA node...
INFO [2024-09-03 13:54:42] [THERMAL] - Adding FRA_NUC_PALUEL10108 generator to EU-FRA node...
INFO [2024-09-03 13:54:42] [THERMAL] - Adding FRA_NUC_DAMPIERRE9326 generator to EU-FRA node...
INFO [2024-09-03 13:54:42] [THERMAL] - Adding FRA_NUC_BUGEY8952 generator to EU-FRA node...
INFO [2024-09-03 13:54:43] [THERMAL] - Adding FRA_NUC_CIVAUX9111 generator to EU-FRA node...
INFO [2024-09-03 13:54:43] [THERMAL] - Adding FRA_NUC_CHOOZ9110 generator to EU-FRA node...
INFO [2024-09-03 13:54:43] [THERMAL] - Adding FRA_OIL_BRENNILIS8950 generator to EU-FRA node...
INFO [2024-09-03 13:54:43] [THERMAL] - Adding FRA_OIL_DIRINON9327 generator to EU-FRA node...
INFO [2024-09-03 13:54:43] [THERMAL] - Adding FRA_OIL_ARRIGHI8823 generator to EU-FRA node...
INFO [2024-09-03 13:54:44] [THERMAL] - Adding FRA_OIL_CORDEMAIS9115 generator to EU-FRA node...
INFO [2024-09-03 13:54:44] [THERMAL] - Adding FRA_OIL_CAPACITYSCALER generator to EU-FRA node...
INFO [2024-09-03 13:54:44] [THERMAL] - Adding FRA_OIL_PORCHEVILLE10112 generator to EU-FRA node...
INFO [2024-09-03 13:54:44] [THERMAL] - Adding FRA_GEO_BOUILLANTE9046 generator to EU-FRA node...
INFO [2024-09-03 13:54:45] [THERMAL] - Adding FRA_WAV_RANCE10241 generator to EU-FRA node...
INFO [2024-09-03 13:54:45] [THERMAL] - Adding FRA_WAV_CAPACITYSCALER generator to EU-FRA node...
