INFO [2024-09-10 09:33:48] [MAIN] - Reading simulations of pre-existing v2_20clu__2024_09_04_22_33_36 study...
INFO [2024-09-10 09:33:52] [MAIN] - Opening 20240905-0707eco-world_vOutages_accurateUCM simulation...
INFO [2024-09-10 09:33:52] [MAIN] - Preparing to compare generation values with Deane...
INFO [2024-09-10 09:33:53] [DEANE] - Saving generation comparisons for africa continent...
INFO [2024-09-10 09:33:59] [DEANE] - Done saving generation comparisons for africa continent!
INFO [2024-09-10 09:33:59] [DEANE] - Saving generation comparisons for asia continent...
INFO [2024-09-10 09:34:00] [DEANE] - Done saving generation comparisons for asia continent!
INFO [2024-09-10 09:34:00] [DEANE] - Saving generation comparisons for europe continent...
INFO [2024-09-10 09:34:01] [DEANE] - Done saving generation comparisons for europe continent!
INFO [2024-09-10 09:34:01] [DEANE] - Saving generation comparisons for north america continent...
INFO [2024-09-10 09:34:01] [DEANE] - Done saving generation comparisons for north america continent!
INFO [2024-09-10 09:34:01] [DEANE] - Saving generation comparisons for oceania continent...
INFO [2024-09-10 09:34:01] [DEANE] - Done saving generation comparisons for oceania continent!
INFO [2024-09-10 09:34:01] [DEANE] - Saving generation comparisons for south america continent...
INFO [2024-09-10 09:34:02] [DEANE] - Done saving generation comparisons for south america continent!
INFO [2024-09-10 09:34:02] [MAIN] - Done comparing generation values with Deane! (run time : 9.42 s).

INFO [2024-09-10 09:34:02] [MAIN] - Preparing to compare emissions values with Deane...
INFO [2024-09-10 09:34:02] [DEANE] - Computing continental CO2 emissions in Antares study...
INFO [2024-09-10 09:34:47] [DEANE] - Done computing continental CO2 emissions!
INFO [2024-09-10 09:34:47] [DEANE] - Saving emissions comparisons for africa continent...
INFO [2024-09-10 09:34:47] [DEANE] - Done saving emissions comparisons for africa continent!
INFO [2024-09-10 09:34:47] [DEANE] - Saving emissions comparisons for asia continent...
INFO [2024-09-10 09:34:48] [DEANE] - Done saving emissions comparisons for asia continent!
INFO [2024-09-10 09:34:48] [DEANE] - Saving emissions comparisons for europe continent...
INFO [2024-09-10 09:34:48] [DEANE] - Done saving emissions comparisons for europe continent!
INFO [2024-09-10 09:34:48] [DEANE] - Saving emissions comparisons for north america continent...
INFO [2024-09-10 09:34:48] [DEANE] - Done saving emissions comparisons for north america continent!
INFO [2024-09-10 09:34:48] [DEANE] - Saving emissions comparisons for oceania continent...
INFO [2024-09-10 09:34:49] [DEANE] - Done saving emissions comparisons for oceania continent!
INFO [2024-09-10 09:34:49] [DEANE] - Saving emissions comparisons for south america continent...
INFO [2024-09-10 09:34:49] [DEANE] - Done saving emissions comparisons for south america continent!
INFO [2024-09-10 09:34:49] [MAIN] - Done comparing emissions values with Deane! (run time : 47.19 s).

INFO [2024-09-10 09:34:49] [MAIN] - Preparing to save import/export ranking of countries...
INFO [2024-09-10 09:34:55] [MAIN] - Import/export ranking of countries has been saved ! (run time : 6.4 s).

INFO [2024-09-10 09:34:55] [MAIN] - Preparing to save global production stack...
INFO [2024-09-10 09:35:09] [MAIN] - Done saving global production stack! (run time : 13.35s).

INFO [2024-09-10 09:35:09] [MAIN] - Preparing to save continental production stacks...
INFO [2024-09-10 09:35:09] [STACK] - Saving production stack for africa continent...
INFO [2024-09-10 09:35:15] [STACK] - The daily production stack for africa from 2015-01-01 to 2015-12-31 has been saved!
INFO [2024-09-10 09:35:15] [STACK] - Saving production stack for asia continent...
INFO [2024-09-10 09:35:21] [STACK] - The daily production stack for asia from 2015-01-01 to 2015-12-31 has been saved!
INFO [2024-09-10 09:35:21] [STACK] - Saving production stack for europe continent...
INFO [2024-09-10 09:35:30] [STACK] - The daily production stack for europe from 2015-01-01 to 2015-12-31 has been saved!
INFO [2024-09-10 09:35:30] [STACK] - Saving production stack for north america continent...
INFO [2024-09-10 09:35:36] [STACK] - The daily production stack for north america from 2015-01-01 to 2015-12-31 has been saved!
INFO [2024-09-10 09:35:37] [STACK] - Saving production stack for oceania continent...
INFO [2024-09-10 09:35:45] [STACK] - The daily production stack for oceania from 2015-01-01 to 2015-12-31 has been saved!
INFO [2024-09-10 09:35:45] [STACK] - Saving production stack for south america continent...
INFO [2024-09-10 09:35:54] [STACK] - The daily production stack for south america from 2015-01-01 to 2015-12-31 has been saved!
INFO [2024-09-10 09:35:54] [MAIN] - Done saving continental production stacks! (run time : 45.65s).

INFO [2024-09-10 09:35:54] [MAIN] - Preparing to save national production stacks...
INFO [2024-09-10 09:36:03] [STACK] - Saving production stack for af-ago country...
INFO [2024-09-10 09:36:09] [STACK] - The daily production stack for af-ago from 2015-01-01 to 2015-12-31 has been saved!
INFO [2024-09-10 09:36:09] [STACK] - Saving production stack for af-bdi country...
INFO [2024-09-10 09:36:15] [STACK] - The daily production stack for af-bdi from 2015-01-01 to 2015-12-31 has been saved!
INFO [2024-09-10 09:36:15] [STACK] - Saving production stack for af-ben country...
INFO [2024-09-10 09:36:21] [STACK] - The daily production stack for af-ben from 2015-01-01 to 2015-12-31 has been saved!
INFO [2024-09-10 09:36:21] [STACK] - Saving production stack for af-bfa country...
INFO [2024-09-10 09:36:26] [STACK] - The daily production stack for af-bfa from 2015-01-01 to 2015-12-31 has been saved!
INFO [2024-09-10 09:36:26] [STACK] - Saving production stack for af-bwa country...
