ERROR [2024-09-09 17:10:03] [WARN] - Properties for aus_sol_liddellsolart507 generator has not been found in PLEXOS data.
ERROR [2024-09-09 17:10:03] [WARN] - Properties for chn_sol_datangdelingha5184 generator has not been found in PLEXOS data.
ERROR [2024-09-09 17:10:03] [WARN] - Properties for chn_sol_gansudunhuang5424 generator has not been found in PLEXOS data.
ERROR [2024-09-09 17:10:03] [WARN] - Properties for chn_sol_innermongolia6200 generator has not been found in PLEXOS data.
ERROR [2024-09-09 17:10:03] [WARN] - Properties for chn_sol_qinghaigonghe6862 generator has not been found in PLEXOS data.
ERROR [2024-09-09 17:14:00] [WARN] - Properties for deu_sol_jlichsolar11342 generator has not been found in PLEXOS data.
ERROR [2024-09-09 17:15:07] [WARN] - Properties for ind_sol_acmesolartowe12089 generator has not been found in PLEXOS data.
ERROR [2024-09-09 17:15:07] [WARN] - Properties for ind_sol_ananthapurme12115 generator has not been found in PLEXOS data.
ERROR [2024-09-09 17:15:07] [WARN] - Properties for ind_sol_dhursar12280 generator has not been found in PLEXOS data.
ERROR [2024-09-09 17:15:07] [WARN] - Properties for ind_sol_godawari12325 generator has not been found in PLEXOS data.
ERROR [2024-09-09 17:15:07] [WARN] - Properties for isr_sol_ashalimsun13316 generator has not been found in PLEXOS data.
ERROR [2024-09-09 17:15:07] [WARN] - Properties for mar_sol_centralesolair14452 generator has not been found in PLEXOS data.
ERROR [2024-09-09 17:15:07] [WARN] - Properties for mar_sol_centralesolair14453 generator has not been found in PLEXOS data.
ERROR [2024-09-09 17:15:07] [WARN] - Properties for zaf_sol_bokpoortsolar16619 generator has not been found in PLEXOS data.
ERROR [2024-09-09 17:15:07] [WARN] - Properties for zaf_sol_kaxusolarpowe16651 generator has not been found in PLEXOS data.
ERROR [2024-09-09 17:15:07] [WARN] - Properties for zaf_sol_kathusolarpar16654 generator has not been found in PLEXOS data.
ERROR [2024-09-09 17:15:07] [WARN] - Properties for zaf_sol_khisolarpower16657 generator has not been found in PLEXOS data.
ERROR [2024-09-09 17:15:07] [WARN] - Properties for esp_sol_andasol316855 generator has not been found in PLEXOS data.
ERROR [2024-09-09 17:15:07] [WARN] - Properties for esp_sol_aste1a16863 generator has not been found in PLEXOS data.
ERROR [2024-09-09 17:15:07] [WARN] - Properties for esp_sol_astexol216864 generator has not been found in PLEXOS data.
ERROR [2024-09-09 17:15:07] [WARN] - Properties for esp_sol_casablanca16896 generator has not been found in PLEXOS data.
ERROR [2024-09-09 17:15:07] [WARN] - Properties for esp_sol_centralsolart16906 generator has not been found in PLEXOS data.
ERROR [2024-09-09 17:15:07] [WARN] - Properties for esp_sol_centraltermoso16907 generator has not been found in PLEXOS data.
ERROR [2024-09-09 17:15:07] [WARN] - Properties for esp_sol_consollorellan16924 generator has not been found in PLEXOS data.
ERROR [2024-09-09 17:15:07] [WARN] - Properties for esp_sol_extresol116966 generator has not been found in PLEXOS data.
ERROR [2024-09-09 17:15:07] [WARN] - Properties for esp_sol_heliosi16986 generator has not been found in PLEXOS data.
ERROR [2024-09-09 17:15:07] [WARN] - Properties for esp_sol_ladehesa16996 generator has not been found in PLEXOS data.
ERROR [2024-09-09 17:15:07] [WARN] - Properties for esp_sol_laflorida16997 generator has not been found in PLEXOS data.
ERROR [2024-09-09 17:15:07] [WARN] - Properties for esp_sol_larisca17001 generator has not been found in PLEXOS data.
ERROR [2024-09-09 17:15:07] [WARN] - Properties for esp_sol_majadas17030 generator has not been found in PLEXOS data.
ERROR [2024-09-09 17:15:07] [WARN] - Properties for esp_sol_manchasol217032 generator has not been found in PLEXOS data.
ERROR [2024-09-09 17:15:07] [WARN] - Properties for esp_sol_plantasolarte17364 generator has not been found in PLEXOS data.
ERROR [2024-09-09 17:15:07] [WARN] - Properties for esp_sol_plantasolarte17366 generator has not been found in PLEXOS data.
ERROR [2024-09-09 17:15:07] [WARN] - Properties for esp_sol_plantasolarte17367 generator has not been found in PLEXOS data.
ERROR [2024-09-09 17:15:07] [WARN] - Properties for esp_sol_plantatermosol17368 generator has not been found in PLEXOS data.
ERROR [2024-09-09 17:15:07] [WARN] - Properties for esp_sol_pstlebrijai17376 generator has not been found in PLEXOS data.
ERROR [2024-09-09 17:15:08] [WARN] - Properties for esp_sol_pstpalmadelr17377 generator has not been found in PLEXOS data.
ERROR [2024-09-09 17:15:08] [WARN] - Properties for esp_sol_pstsolacor117378 generator has not been found in PLEXOS data.
ERROR [2024-09-09 17:15:08] [WARN] - Properties for esp_sol_puertoerrado217382 generator has not been found in PLEXOS data.
ERROR [2024-09-09 17:15:08] [WARN] - Properties for esp_sol_solaben317415 generator has not been found in PLEXOS data.
ERROR [2024-09-09 17:15:08] [WARN] - Properties for esp_sol_soluzguzman17416 generator has not been found in PLEXOS data.
ERROR [2024-09-09 17:15:08] [WARN] - Properties for esp_sol_termesol5017428 generator has not been found in PLEXOS data.
ERROR [2024-09-09 17:15:08] [WARN] - Properties for esp_sol_termosolarborg17430 generator has not been found in PLEXOS data.
ERROR [2024-09-09 17:15:08] [WARN] - Properties for tha_sol_thaisolarpowe18083 generator has not been found in PLEXOS data.
ERROR [2024-09-09 17:15:08] [WARN] - Properties for are_sol_shams18306 generator has not been found in PLEXOS data.
ERROR [2024-09-09 17:15:08] [WARN] - Properties for usa_sol_crescentdunes22676 generator has not been found in PLEXOS data.
ERROR [2024-09-09 17:15:09] [WARN] - Properties for usa_sol_genesissolare23759 generator has not been found in PLEXOS data.
ERROR [2024-09-09 17:15:10] [WARN] - Properties for usa_sol_mojavesolarpr25826 generator has not been found in PLEXOS data.
ERROR [2024-09-09 17:15:11] [WARN] - Properties for usa_sol_sierrasuntower27811 generator has not been found in PLEXOS data.
ERROR [2024-09-09 17:15:11] [WARN] - Properties for usa_sol_solanagenerati27908 generator has not been found in PLEXOS data.
ERROR [2024-09-09 17:15:12] [WARN] - Properties for esp_sol_termosol217429 generator has not been found in PLEXOS data.
ERROR [2024-09-09 17:15:12] [WARN] - Properties for mar_sol_centralesolair14454 generator has not been found in PLEXOS data.
