INFO [2024-09-09 17:09:59] [MAIN] - Creating clusters_ren__2024_09_09_17_09_59 study...

INFO [2024-09-09 17:09:59] [MAIN] - Unit commitment mode : ACCURATE
INFO [2024-09-09 17:09:59] [MAIN] - Adding nodes...

INFO [2024-09-09 17:10:00] [NODES] - Adding eu-che node...
INFO [2024-09-09 17:10:01] [NODES] - Adding eu-deu node...
INFO [2024-09-09 17:10:01] [NODES] - Adding eu-fra node...
INFO [2024-09-09 17:10:01] [MAIN] - Done adding nodes! (run time : 2.06s).

INFO [2024-09-09 17:10:01] [MAIN] - Adding load data...

INFO [2024-09-09 17:10:02] [LOAD] - Adding eu-che load data...
INFO [2024-09-09 17:10:02] [LOAD] - Adding eu-deu load data...
INFO [2024-09-09 17:10:02] [LOAD] - Adding eu-fra load data...
INFO [2024-09-09 17:10:02] [MAIN] - Done adding load data! (run time : 0.86s).

INFO [2024-09-09 17:10:02] [MAIN] - Fetching solar data...

INFO [2024-09-09 17:10:03] [WARN] - Properties for aus_sol_liddellsolart507 generator has not been found in PLEXOS data.
INFO [2024-09-09 17:10:03] [WARN] - Properties for chn_sol_datangdelingha5184 generator has not been found in PLEXOS data.
INFO [2024-09-09 17:10:03] [WARN] - Properties for chn_sol_gansudunhuang5424 generator has not been found in PLEXOS data.
INFO [2024-09-09 17:10:03] [WARN] - Properties for chn_sol_innermongolia6200 generator has not been found in PLEXOS data.
INFO [2024-09-09 17:10:03] [WARN] - Properties for chn_sol_qinghaigonghe6862 generator has not been found in PLEXOS data.
INFO [2024-09-09 17:10:03] [SOLAR] - Skipped dnk_sol_lerchenborg8488 generator (inactive in 2015).
INFO [2024-09-09 17:10:03] [SOLAR] - Successfully added fra_sol_agde8830 generator to eu-fra area!
INFO [2024-09-09 17:10:03] [SOLAR] - Successfully added fra_sol_aghione8832 generator to eu-fra area!
INFO [2024-09-09 17:10:04] [SOLAR] - Successfully added fra_sol_aigrefeuilled8834 generator to eu-fra area!
INFO [2024-09-09 17:10:04] [SOLAR] - Successfully added fra_sol_aiguillon8836 generator to eu-fra area!
INFO [2024-09-09 17:10:04] [SOLAR] - Successfully added fra_sol_airesurladou8839 generator to eu-fra area!
INFO [2024-09-09 17:10:04] [SOLAR] - Successfully added fra_sol_aixenprovence8841 generator to eu-fra area!
INFO [2024-09-09 17:10:04] [SOLAR] - Successfully added fra_sol_aizenay8842 generator to eu-fra area!
INFO [2024-09-09 17:10:04] [SOLAR] - Successfully added fra_sol_ajaccio8843 generator to eu-fra area!
INFO [2024-09-09 17:10:04] [SOLAR] - Successfully added fra_sol_albi8846 generator to eu-fra area!
INFO [2024-09-09 17:10:04] [SOLAR] - Successfully added fra_sol_albias8847 generator to eu-fra area!
INFO [2024-09-09 17:10:04] [SOLAR] - Successfully added fra_sol_als8859 generator to eu-fra area!
INFO [2024-09-09 17:10:04] [SOLAR] - Successfully added fra_sol_alria8860 generator to eu-fra area!
INFO [2024-09-09 17:10:04] [SOLAR] - Successfully added fra_sol_ambarsetlag8863 generator to eu-fra area!
INFO [2024-09-09 17:10:04] [SOLAR] - Successfully added fra_sol_anetz8870 generator to eu-fra area!
INFO [2024-09-09 17:10:05] [SOLAR] - Successfully added fra_sol_angers8871 generator to eu-fra area!
INFO [2024-09-09 17:10:05] [SOLAR] - Successfully added fra_sol_anglet8872 generator to eu-fra area!
INFO [2024-09-09 17:10:05] [SOLAR] - Successfully added fra_sol_angoulme8873 generator to eu-fra area!
INFO [2024-09-09 17:10:05] [SOLAR] - Successfully added fra_sol_appietto8880 generator to eu-fra area!
INFO [2024-09-09 17:10:05] [SOLAR] - Successfully added fra_sol_apremont8881 generator to eu-fra area!
INFO [2024-09-09 17:10:05] [SOLAR] - Successfully added fra_sol_arles8895 generator to eu-fra area!
INFO [2024-09-09 17:10:05] [SOLAR] - Successfully added fra_sol_arpajonsurc8898 generator to eu-fra area!
INFO [2024-09-09 17:10:05] [SOLAR] - Successfully added fra_sol_arrassurrhn8900 generator to eu-fra area!
INFO [2024-09-09 17:10:05] [SOLAR] - Successfully added fra_sol_arsac8902 generator to eu-fra area!
INFO [2024-09-09 17:10:05] [SOLAR] - Successfully added fra_sol_aubagne8911 generator to eu-fra area!
INFO [2024-09-09 17:10:05] [SOLAR] - Successfully added fra_sol_aubenas8913 generator to eu-fra area!
INFO [2024-09-09 17:10:05] [SOLAR] - Successfully added fra_sol_aubergenville8914 generator to eu-fra area!
INFO [2024-09-09 17:10:06] [SOLAR] - Successfully added fra_sol_aubusson8916 generator to eu-fra area!
INFO [2024-09-09 17:10:06] [SOLAR] - Successfully added fra_sol_aumontaubrac8920 generator to eu-fra area!
INFO [2024-09-09 17:10:06] [SOLAR] - Successfully added fra_sol_aurel8921 generator to eu-fra area!
INFO [2024-09-09 17:10:06] [SOLAR] - Successfully added fra_sol_auriaclagast8922 generator to eu-fra area!
INFO [2024-09-09 17:10:06] [SOLAR] - Successfully added fra_sol_aurillac8924 generator to eu-fra area!
INFO [2024-09-09 17:10:06] [SOLAR] - Successfully added fra_sol_aussillon8926 generator to eu-fra area!
INFO [2024-09-09 17:10:06] [SOLAR] - Successfully added fra_sol_availleslimouz8931 generator to eu-fra area!
INFO [2024-09-09 17:10:06] [SOLAR] - Successfully added fra_sol_avignon8934 generator to eu-fra area!
INFO [2024-09-09 17:10:06] [SOLAR] - Successfully added fra_sol_avignonetlaura8936 generator to eu-fra area!
INFO [2024-09-09 17:10:07] [SOLAR] - Successfully added fra_sol_avonlesroches8937 generator to eu-fra area!
INFO [2024-09-09 17:10:07] [SOLAR] - Successfully added fra_sol_baiemahault8955 generator to eu-fra area!
INFO [2024-09-09 17:10:07] [SOLAR] - Successfully added fra_sol_barbaste8966 generator to eu-fra area!
INFO [2024-09-09 17:10:07] [SOLAR] - Successfully added fra_sol_basseterre8970 generator to eu-fra area!
INFO [2024-09-09 17:10:07] [SOLAR] - Successfully added fra_sol_bastelicaccia8972 generator to eu-fra area!
INFO [2024-09-09 17:10:07] [SOLAR] - Successfully added fra_sol_batilly8973 generator to eu-fra area!
INFO [2024-09-09 17:10:07] [SOLAR] - Successfully added fra_sol_beaucaire8979 generator to eu-fra area!
INFO [2024-09-09 17:10:07] [SOLAR] - Successfully added fra_sol_beaumontdelom8985 generator to eu-fra area!
INFO [2024-09-09 17:10:07] [SOLAR] - Successfully added fra_sol_bellegarde8992 generator to eu-fra area!
INFO [2024-09-09 17:10:08] [SOLAR] - Successfully added fra_sol_bellocsaintcl8993 generator to eu-fra area!
INFO [2024-09-09 17:10:08] [SOLAR] - Successfully added fra_sol_belvzet8994 generator to eu-fra area!
INFO [2024-09-09 17:10:08] [SOLAR] - Successfully added fra_sol_benet8998 generator to eu-fra area!
INFO [2024-09-09 17:10:08] [SOLAR] - Successfully added fra_sol_benotville8999 generator to eu-fra area!
INFO [2024-09-09 17:10:08] [SOLAR] - Successfully added fra_sol_berdoues9000 generator to eu-fra area!
INFO [2024-09-09 17:10:08] [SOLAR] - Successfully added fra_sol_besanon9004 generator to eu-fra area!
INFO [2024-09-09 17:10:09] [SOLAR] - Successfully added fra_sol_bessan9005 generator to eu-fra area!
INFO [2024-09-09 17:10:09] [SOLAR] - Successfully added fra_sol_besset9006 generator to eu-fra area!
INFO [2024-09-09 17:10:09] [SOLAR] - Successfully added fra_sol_bessges9009 generator to eu-fra area!
INFO [2024-09-09 17:10:09] [SOLAR] - Successfully added fra_sol_beynat9013 generator to eu-fra area!
INFO [2024-09-09 17:10:09] [SOLAR] - Successfully added fra_sol_blanquefort9019 generator to eu-fra area!
INFO [2024-09-09 17:10:09] [SOLAR] - Successfully added fra_sol_blauvac9021 generator to eu-fra area!
INFO [2024-09-09 17:10:09] [SOLAR] - Successfully added fra_sol_blavozy9022 generator to eu-fra area!
INFO [2024-09-09 17:10:09] [SOLAR] - Successfully added fra_sol_boissires9024 generator to eu-fra area!
INFO [2024-09-09 17:10:10] [SOLAR] - Successfully added fra_sol_bollne9027 generator to eu-fra area!
INFO [2024-09-09 17:10:10] [SOLAR] - Successfully added fra_sol_bonifacio9028 generator to eu-fra area!
INFO [2024-09-09 17:10:10] [SOLAR] - Successfully added fra_sol_bonnat9030 generator to eu-fra area!
INFO [2024-09-09 17:10:10] [SOLAR] - Successfully added fra_sol_bonnemain9031 generator to eu-fra area!
INFO [2024-09-09 17:10:10] [SOLAR] - Successfully added fra_sol_bonneuilmatour9034 generator to eu-fra area!
INFO [2024-09-09 17:10:10] [SOLAR] - Successfully added fra_sol_boos9039 generator to eu-fra area!
INFO [2024-09-09 17:10:11] [SOLAR] - Successfully added fra_sol_bordeaux9041 generator to eu-fra area!
INFO [2024-09-09 17:10:11] [SOLAR] - Skipped fra_sol_borgo9042 generator (inactive in 2015).
INFO [2024-09-09 17:10:11] [SOLAR] - Successfully added fra_sol_bouillargues9047 generator to eu-fra area!
INFO [2024-09-09 17:10:11] [SOLAR] - Successfully added fra_sol_bouloc9050 generator to eu-fra area!
INFO [2024-09-09 17:10:11] [SOLAR] - Successfully added fra_sol_bourgbarr9054 generator to eu-fra area!
INFO [2024-09-09 17:10:11] [SOLAR] - Successfully added fra_sol_bourges9055 generator to eu-fra area!
INFO [2024-09-09 17:10:11] [SOLAR] - Successfully added fra_sol_bourgneufenma9056 generator to eu-fra area!
INFO [2024-09-09 17:10:11] [SOLAR] - Successfully added fra_sol_boussac9062 generator to eu-fra area!
INFO [2024-09-09 17:10:11] [SOLAR] - Successfully added fra_sol_boutdupontde9063 generator to eu-fra area!
INFO [2024-09-09 17:10:12] [SOLAR] - Successfully added fra_sol_bozouls9069 generator to eu-fra area!
INFO [2024-09-09 17:10:12] [SOLAR] - Successfully added fra_sol_bo9070 generator to eu-fra area!
INFO [2024-09-09 17:10:12] [SOLAR] - Successfully added fra_sol_bram9073 generator to eu-fra area!
INFO [2024-09-09 17:10:12] [SOLAR] - Successfully added fra_sol_braspanon9074 generator to eu-fra area!
INFO [2024-09-09 17:10:12] [SOLAR] - Successfully added fra_sol_bressols9079 generator to eu-fra area!
INFO [2024-09-09 17:10:12] [SOLAR] - Successfully added fra_sol_bressuire9081 generator to eu-fra area!
INFO [2024-09-09 17:10:12] [SOLAR] - Successfully added fra_sol_breuvannesenb9083 generator to eu-fra area!
INFO [2024-09-09 17:10:12] [SOLAR] - Successfully added fra_sol_briec9086 generator to eu-fra area!
INFO [2024-09-09 17:10:13] [SOLAR] - Successfully added fra_sol_brignoles9087 generator to eu-fra area!
INFO [2024-09-09 17:10:13] [SOLAR] - Successfully added fra_sol_brion9089 generator to eu-fra area!
INFO [2024-09-09 17:10:13] [SOLAR] - Successfully added fra_sol_brivelagailla9091 generator to eu-fra area!
INFO [2024-09-09 17:10:13] [SOLAR] - Successfully added fra_sol_brognon9092 generator to eu-fra area!
INFO [2024-09-09 17:10:13] [SOLAR] - Successfully added fra_sol_buzetsurbas9099 generator to eu-fra area!
INFO [2024-09-09 17:10:13] [SOLAR] - Successfully added fra_sol_bdarieux9101 generator to eu-fra area!
INFO [2024-09-09 17:10:13] [SOLAR] - Successfully added fra_sol_btheniville9103 generator to eu-fra area!
INFO [2024-09-09 17:10:13] [SOLAR] - Successfully added fra_sol_bziers9104 generator to eu-fra area!
INFO [2024-09-09 17:10:13] [SOLAR] - Successfully added fra_sol_cabasse9120 generator to eu-fra area!
INFO [2024-09-09 17:10:14] [SOLAR] - Successfully added fra_sol_caissargues9123 generator to eu-fra area!
INFO [2024-09-09 17:10:14] [SOLAR] - Successfully added fra_sol_calenzana9129 generator to eu-fra area!
INFO [2024-09-09 17:10:14] [SOLAR] - Successfully added fra_sol_callian9131 generator to eu-fra area!
INFO [2024-09-09 17:10:14] [SOLAR] - Successfully added fra_sol_calmont9132 generator to eu-fra area!
INFO [2024-09-09 17:10:14] [SOLAR] - Successfully added fra_sol_camars9133 generator to eu-fra area!
INFO [2024-09-09 17:10:14] [SOLAR] - Successfully added fra_sol_cancon9141 generator to eu-fra area!
INFO [2024-09-09 17:10:14] [SOLAR] - Successfully added fra_sol_cannes9144 generator to eu-fra area!
INFO [2024-09-09 17:10:14] [SOLAR] - Successfully added fra_sol_capesterrebell9146 generator to eu-fra area!
INFO [2024-09-09 17:10:15] [SOLAR] - Successfully added fra_sol_capesterredem9147 generator to eu-fra area!
INFO [2024-09-09 17:10:15] [SOLAR] - Successfully added fra_sol_carcassonne9148 generator to eu-fra area!
INFO [2024-09-09 17:10:15] [SOLAR] - Successfully added fra_sol_carcenponson9149 generator to eu-fra area!
INFO [2024-09-09 17:10:15] [SOLAR] - Successfully added fra_sol_carpentras9151 generator to eu-fra area!
INFO [2024-09-09 17:10:15] [SOLAR] - Successfully added fra_sol_carros9152 generator to eu-fra area!
INFO [2024-09-09 17:10:15] [SOLAR] - Successfully added fra_sol_casteljaloux9155 generator to eu-fra area!
INFO [2024-09-09 17:10:15] [SOLAR] - Successfully added fra_sol_castelnaudest9159 generator to eu-fra area!
INFO [2024-09-09 17:10:15] [SOLAR] - Successfully added fra_sol_castelnaulele9160 generator to eu-fra area!
INFO [2024-09-09 17:10:16] [SOLAR] - Successfully added fra_sol_castelnaudary9161 generator to eu-fra area!
INFO [2024-09-09 17:10:16] [SOLAR] - Successfully added fra_sol_castets9163 generator to eu-fra area!
INFO [2024-09-09 17:10:16] [SOLAR] - Successfully added fra_sol_castifao9164 generator to eu-fra area!
INFO [2024-09-09 17:10:16] [SOLAR] - Successfully added fra_sol_castres9169 generator to eu-fra area!
INFO [2024-09-09 17:10:16] [SOLAR] - Successfully added fra_sol_caussade9174 generator to eu-fra area!
INFO [2024-09-09 17:10:16] [SOLAR] - Successfully added fra_sol_cavaillon9177 generator to eu-fra area!
INFO [2024-09-09 17:10:16] [SOLAR] - Successfully added fra_sol_cayenne9178 generator to eu-fra area!
INFO [2024-09-09 17:10:16] [SOLAR] - Successfully added fra_sol_cernay9182 generator to eu-fra area!
INFO [2024-09-09 17:10:17] [SOLAR] - Successfully added fra_sol_cestas9184 generator to eu-fra area!
INFO [2024-09-09 17:10:17] [SOLAR] - Successfully added fra_sol_chaillac9186 generator to eu-fra area!
INFO [2024-09-09 17:10:17] [SOLAR] - Successfully added fra_sol_challans9187 generator to eu-fra area!
INFO [2024-09-09 17:10:17] [SOLAR] - Successfully added fra_sol_chambonchard9189 generator to eu-fra area!
INFO [2024-09-09 17:10:17] [SOLAR] - Successfully added fra_sol_chambry9190 generator to eu-fra area!
INFO [2024-09-09 17:10:17] [SOLAR] - Successfully added fra_sol_champagnles9192 generator to eu-fra area!
INFO [2024-09-09 17:10:18] [SOLAR] - Successfully added fra_sol_chantonnay9201 generator to eu-fra area!
INFO [2024-09-09 17:10:18] [SOLAR] - Successfully added fra_sol_charleval9204 generator to eu-fra area!
INFO [2024-09-09 17:10:18] [SOLAR] - Successfully added fra_sol_charroux9210 generator to eu-fra area!
INFO [2024-09-09 17:10:18] [SOLAR] - Successfully added fra_sol_chasseneuilsur9212 generator to eu-fra area!
INFO [2024-09-09 17:10:18] [SOLAR] - Successfully added fra_sol_chatuzangeleg9215 generator to eu-fra area!
INFO [2024-09-09 17:10:18] [SOLAR] - Successfully added fra_sol_chauch9216 generator to eu-fra area!
INFO [2024-09-09 17:10:19] [SOLAR] - Successfully added fra_sol_chemillmelay9223 generator to eu-fra area!
INFO [2024-09-09 17:10:19] [SOLAR] - Successfully added fra_sol_cholet9228 generator to eu-fra area!
INFO [2024-09-09 17:10:19] [SOLAR] - Successfully added fra_sol_chteaurenard9233 generator to eu-fra area!
INFO [2024-09-09 17:10:19] [SOLAR] - Successfully added fra_sol_chtellerault9236 generator to eu-fra area!
INFO [2024-09-09 17:10:19] [SOLAR] - Successfully added fra_sol_clamart9248 generator to eu-fra area!
INFO [2024-09-09 17:10:19] [SOLAR] - Successfully added fra_sol_clermontferran9250 generator to eu-fra area!
INFO [2024-09-09 17:10:19] [SOLAR] - Successfully added fra_sol_clermontlhr9252 generator to eu-fra area!
INFO [2024-09-09 17:10:20] [SOLAR] - Successfully added fra_sol_clisson9253 generator to eu-fra area!
INFO [2024-09-09 17:10:20] [SOLAR] - Successfully added fra_sol_clon9255 generator to eu-fra area!
INFO [2024-09-09 17:10:20] [SOLAR] - Successfully added fra_sol_colmar9260 generator to eu-fra area!
INFO [2024-09-09 17:10:20] [SOLAR] - Successfully added fra_sol_colomiers9261 generator to eu-fra area!
INFO [2024-09-09 17:10:20] [SOLAR] - Successfully added fra_sol_condom9264 generator to eu-fra area!
INFO [2024-09-09 17:10:20] [SOLAR] - Successfully added fra_sol_corbires9271 generator to eu-fra area!
INFO [2024-09-09 17:10:21] [SOLAR] - Successfully added fra_sol_corcousurlo9272 generator to eu-fra area!
INFO [2024-09-09 17:10:21] [SOLAR] - Successfully added fra_sol_corneilladelv9276 generator to eu-fra area!
INFO [2024-09-09 17:10:21] [SOLAR] - Successfully added fra_sol_corte9280 generator to eu-fra area!
INFO [2024-09-09 17:10:21] [SOLAR] - Successfully added fra_sol_cotichiavari9281 generator to eu-fra area!
INFO [2024-09-09 17:10:21] [SOLAR] - Successfully added fra_sol_cotignac9282 generator to eu-fra area!
INFO [2024-09-09 17:10:21] [SOLAR] - Successfully added fra_sol_coulon9284 generator to eu-fra area!
INFO [2024-09-09 17:10:22] [SOLAR] - Successfully added fra_sol_cournondauver9293 generator to eu-fra area!
INFO [2024-09-09 17:10:22] [SOLAR] - Successfully added fra_sol_courtisols9294 generator to eu-fra area!
INFO [2024-09-09 17:10:22] [SOLAR] - Successfully added fra_sol_couteuges9295 generator to eu-fra area!
INFO [2024-09-09 17:10:22] [SOLAR] - Successfully added fra_sol_cruas9308 generator to eu-fra area!
INFO [2024-09-09 17:10:22] [SOLAR] - Successfully added fra_sol_cruceyvillages9309 generator to eu-fra area!
INFO [2024-09-09 17:10:22] [SOLAR] - Successfully added fra_sol_cugeslespins9317 generator to eu-fra area!
INFO [2024-09-09 17:10:23] [SOLAR] - Successfully added fra_sol_cuincy9318 generator to eu-fra area!
INFO [2024-09-09 17:10:23] [SOLAR] - Successfully added fra_sol_curbans9320 generator to eu-fra area!
INFO [2024-09-09 17:10:23] [SOLAR] - Successfully added fra_sol_curires9321 generator to eu-fra area!
INFO [2024-09-09 17:10:23] [SOLAR] - Successfully added fra_sol_damazan9330 generator to eu-fra area!
INFO [2024-09-09 17:10:23] [SOLAR] - Successfully added fra_sol_daumazansurar9334 generator to eu-fra area!
INFO [2024-09-09 17:10:23] [SOLAR] - Successfully added fra_sol_digoin9339 generator to eu-fra area!
INFO [2024-09-09 17:10:24] [SOLAR] - Successfully added fra_sol_dijon9340 generator to eu-fra area!
INFO [2024-09-09 17:10:24] [SOLAR] - Successfully added fra_sol_diou9344 generator to eu-fra area!
INFO [2024-09-09 17:10:24] [SOLAR] - Successfully added fra_sol_distr9346 generator to eu-fra area!
INFO [2024-09-09 17:10:24] [SOLAR] - Successfully added fra_sol_draguignan9354 generator to eu-fra area!
INFO [2024-09-09 17:10:24] [SOLAR] - Successfully added fra_sol_ducos9359 generator to eu-fra area!
INFO [2024-09-09 17:10:24] [SOLAR] - Successfully added fra_sol_duppigheim9361 generator to eu-fra area!
INFO [2024-09-09 17:10:24] [SOLAR] - Successfully added fra_sol_durance9362 generator to eu-fra area!
INFO [2024-09-09 17:10:25] [SOLAR] - Successfully added fra_sol_eauze9366 generator to eu-fra area!
INFO [2024-09-09 17:10:25] [SOLAR] - Successfully added fra_sol_ebersheim9367 generator to eu-fra area!
INFO [2024-09-09 17:10:25] [SOLAR] - Successfully added fra_sol_elne9370 generator to eu-fra area!
INFO [2024-09-09 17:10:25] [SOLAR] - Successfully added fra_sol_embrun9371 generator to eu-fra area!
INFO [2024-09-09 17:10:25] [SOLAR] - Successfully added fra_sol_ennezat9373 generator to eu-fra area!
INFO [2024-09-09 17:10:25] [SOLAR] - Successfully added fra_sol_esparrondever9382 generator to eu-fra area!
INFO [2024-09-09 17:10:26] [SOLAR] - Successfully added fra_sol_espinasses9384 generator to eu-fra area!
INFO [2024-09-09 17:10:26] [SOLAR] - Successfully added fra_sol_estzargues9387 generator to eu-fra area!
INFO [2024-09-09 17:10:26] [SOLAR] - Successfully added fra_sol_eymeux9390 generator to eu-fra area!
INFO [2024-09-09 17:10:26] [SOLAR] - Successfully added fra_sol_fabrgues9395 generator to eu-fra area!
INFO [2024-09-09 17:10:26] [SOLAR] - Successfully added fra_sol_farguessurour9398 generator to eu-fra area!
INFO [2024-09-09 17:10:27] [SOLAR] - Successfully added fra_sol_feldkirch9402 generator to eu-fra area!
INFO [2024-09-09 17:10:27] [SOLAR] - Successfully added fra_sol_ferrassires9405 generator to eu-fra area!
INFO [2024-09-09 17:10:27] [SOLAR] - Successfully added fra_sol_figanires9412 generator to eu-fra area!
INFO [2024-09-09 17:10:27] [SOLAR] - Successfully added fra_sol_filstroff9414 generator to eu-fra area!
INFO [2024-09-09 17:10:27] [SOLAR] - Successfully added fra_sol_flassanssuris9417 generator to eu-fra area!
INFO [2024-09-09 17:10:28] [SOLAR] - Successfully added fra_sol_flavin9418 generator to eu-fra area!
INFO [2024-09-09 17:10:28] [SOLAR] - Successfully added fra_sol_florensac9420 generator to eu-fra area!
INFO [2024-09-09 17:10:28] [SOLAR] - Successfully added fra_sol_fontenet9425 generator to eu-fra area!
INFO [2024-09-09 17:10:28] [SOLAR] - Successfully added fra_sol_fontenilles9426 generator to eu-fra area!
INFO [2024-09-09 17:10:28] [SOLAR] - Successfully added fra_sol_fortdefrance9429 generator to eu-fra area!
INFO [2024-09-09 17:10:29] [SOLAR] - Successfully added fra_sol_fossurmer9432 generator to eu-fra area!
INFO [2024-09-09 17:10:29] [SOLAR] - Successfully added fra_sol_fougerollesdu9435 generator to eu-fra area!
INFO [2024-09-09 17:10:29] [SOLAR] - Successfully added fra_sol_fougres9436 generator to eu-fra area!
INFO [2024-09-09 17:10:29] [SOLAR] - Successfully added fra_sol_frontignan9453 generator to eu-fra area!
INFO [2024-09-09 17:10:29] [SOLAR] - Successfully added fra_sol_frjus9455 generator to eu-fra area!
INFO [2024-09-09 17:10:30] [SOLAR] - Successfully added fra_sol_fuveau9459 generator to eu-fra area!
INFO [2024-09-09 17:10:30] [SOLAR] - Successfully added fra_sol_frechampenoi9460 generator to eu-fra area!
INFO [2024-09-09 17:10:30] [SOLAR] - Successfully added fra_sol_fniers9462 generator to eu-fra area!
INFO [2024-09-09 17:10:30] [SOLAR] - Successfully added fra_sol_gaillac9469 generator to eu-fra area!
INFO [2024-09-09 17:10:30] [SOLAR] - Successfully added fra_sol_gap9473 generator to eu-fra area!
INFO [2024-09-09 17:10:31] [SOLAR] - Successfully added fra_sol_gardanne9475 generator to eu-fra area!
INFO [2024-09-09 17:10:31] [SOLAR] - Successfully added fra_sol_garein9476 generator to eu-fra area!
INFO [2024-09-09 17:10:31] [SOLAR] - Successfully added fra_sol_garons9478 generator to eu-fra area!
INFO [2024-09-09 17:10:32] [SOLAR] - Successfully added fra_sol_garrosse9479 generator to eu-fra area!
INFO [2024-09-09 17:10:32] [SOLAR] - Successfully added fra_sol_geloux9481 generator to eu-fra area!
INFO [2024-09-09 17:10:32] [SOLAR] - Successfully added fra_sol_gennetines9482 generator to eu-fra area!
INFO [2024-09-09 17:10:32] [SOLAR] - Successfully added fra_sol_gentiouxpigero9483 generator to eu-fra area!
INFO [2024-09-09 17:10:32] [SOLAR] - Successfully added fra_sol_ghisonaccia9487 generator to eu-fra area!
INFO [2024-09-09 17:10:33] [SOLAR] - Successfully added fra_sol_giat9488 generator to eu-fra area!
INFO [2024-09-09 17:10:33] [SOLAR] - Successfully added fra_sol_ginasservis9490 generator to eu-fra area!
INFO [2024-09-09 17:10:33] [SOLAR] - Successfully added fra_sol_gourbeyre9499 generator to eu-fra area!
INFO [2024-09-09 17:10:33] [SOLAR] - Successfully added fra_sol_goutrens9502 generator to eu-fra area!
INFO [2024-09-09 17:10:34] [SOLAR] - Successfully added fra_sol_gouzon9503 generator to eu-fra area!
INFO [2024-09-09 17:10:34] [SOLAR] - Successfully added fra_sol_grasse9510 generator to eu-fra area!
INFO [2024-09-09 17:10:34] [SOLAR] - Successfully added fra_sol_gratens9511 generator to eu-fra area!
INFO [2024-09-09 17:10:34] [SOLAR] - Successfully added fra_sol_graulhet9513 generator to eu-fra area!
INFO [2024-09-09 17:10:34] [SOLAR] - Successfully added fra_sol_grenoble9515 generator to eu-fra area!
INFO [2024-09-09 17:10:35] [SOLAR] - Successfully added fra_sol_guipel9529 generator to eu-fra area!
INFO [2024-09-09 17:10:35] [SOLAR] - Successfully added fra_sol_guitinires9530 generator to eu-fra area!
INFO [2024-09-09 17:10:35] [SOLAR] - Successfully added fra_sol_gujanmestras9531 generator to eu-fra area!
INFO [2024-09-09 17:10:35] [SOLAR] - Successfully added fra_sol_gunin9534 generator to eu-fra area!
INFO [2024-09-09 17:10:36] [SOLAR] - Successfully added fra_sol_gnrac9536 generator to eu-fra area!
INFO [2024-09-09 17:10:36] [SOLAR] - Successfully added fra_sol_gtign9537 generator to eu-fra area!
INFO [2024-09-09 17:10:36] [SOLAR] - Successfully added fra_sol_herm9551 generator to eu-fra area!
INFO [2024-09-09 17:10:36] [SOLAR] - Successfully added fra_sol_hilsenheim9556 generator to eu-fra area!
INFO [2024-09-09 17:10:37] [SOLAR] - Successfully added fra_sol_hombourg9558 generator to eu-fra area!
INFO [2024-09-09 17:10:37] [SOLAR] - Successfully added fra_sol_hostens9560 generator to eu-fra area!
INFO [2024-09-09 17:10:37] [SOLAR] - Successfully added fra_sol_huparlac9564 generator to eu-fra area!
INFO [2024-09-09 17:10:37] [SOLAR] - Successfully added fra_sol_hyres9565 generator to eu-fra area!
INFO [2024-09-09 17:10:38] [SOLAR] - Successfully added fra_sol_illesurtt9571 generator to eu-fra area!
INFO [2024-09-09 17:10:38] [SOLAR] - Successfully added fra_sol_issoire9577 generator to eu-fra area!
INFO [2024-09-09 17:10:38] [SOLAR] - Successfully added fra_sol_istres9580 generator to eu-fra area!
INFO [2024-09-09 17:10:38] [SOLAR] - Successfully added fra_sol_jacou9583 generator to eu-fra area!
INFO [2024-09-09 17:10:38] [SOLAR] - Successfully added fra_sol_jaillon9584 generator to eu-fra area!
INFO [2024-09-09 17:10:39] [SOLAR] - Successfully added fra_sol_jussac9591 generator to eu-fra area!
INFO [2024-09-09 17:10:39] [SOLAR] - Successfully added fra_sol_juvignac9592 generator to eu-fra area!
INFO [2024-09-09 17:10:39] [SOLAR] - Successfully added fra_sol_koungou9596 generator to eu-fra area!
INFO [2024-09-09 17:10:39] [SOLAR] - Successfully added fra_sol_kourou9597 generator to eu-fra area!
INFO [2024-09-09 17:10:40] [SOLAR] - Successfully added fra_sol_lisleendodon9599 generator to eu-fra area!
INFO [2024-09-09 17:10:40] [SOLAR] - Successfully added fra_sol_lislesurlas9600 generator to eu-fra area!
INFO [2024-09-09 17:10:40] [SOLAR] - Successfully added fra_sol_ltangsal9601 generator to eu-fra area!
INFO [2024-09-09 17:10:40] [SOLAR] - Successfully added fra_sol_labastidedeb9605 generator to eu-fra area!
INFO [2024-09-09 17:10:41] [SOLAR] - Successfully added fra_sol_lacavalerie9610 generator to eu-fra area!
INFO [2024-09-09 17:10:41] [SOLAR] - Successfully added fra_sol_lachaizelevi9611 generator to eu-fra area!
INFO [2024-09-09 17:10:41] [SOLAR] - Successfully added fra_sol_lachapellelau9613 generator to eu-fra area!
INFO [2024-09-09 17:10:41] [SOLAR] - Successfully added fra_sol_lachapellesur9616 generator to eu-fra area!
INFO [2024-09-09 17:10:42] [SOLAR] - Successfully added fra_sol_laciotat9618 generator to eu-fra area!
INFO [2024-09-09 17:10:42] [SOLAR] - Successfully added fra_sol_lacrau9619 generator to eu-fra area!
INFO [2024-09-09 17:10:42] [SOLAR] - Successfully added fra_sol_lafarelesoli9622 generator to eu-fra area!
INFO [2024-09-09 17:10:42] [SOLAR] - Successfully added fra_sol_lafortsurs9625 generator to eu-fra area!
INFO [2024-09-09 17:10:43] [SOLAR] - Successfully added fra_sol_lagarde9627 generator to eu-fra area!
INFO [2024-09-09 17:10:43] [SOLAR] - Successfully added fra_sol_lagarnache9628 generator to eu-fra area!
INFO [2024-09-09 17:10:43] [SOLAR] - Successfully added fra_sol_lagentouze9630 generator to eu-fra area!
INFO [2024-09-09 17:10:43] [SOLAR] - Successfully added fra_sol_lapalme9639 generator to eu-fra area!
INFO [2024-09-09 17:10:44] [SOLAR] - Successfully added fra_sol_lapommeraye9641 generator to eu-fra area!
INFO [2024-09-09 17:10:44] [SOLAR] - Successfully added fra_sol_lapossession9642 generator to eu-fra area!
INFO [2024-09-09 17:10:44] [SOLAR] - Successfully added fra_sol_larochedesar9646 generator to eu-fra area!
INFO [2024-09-09 17:10:45] [SOLAR] - Successfully added fra_sol_larochesuryo9647 generator to eu-fra area!
INFO [2024-09-09 17:10:45] [SOLAR] - Successfully added fra_sol_larochelle9648 generator to eu-fra area!
INFO [2024-09-09 17:10:45] [SOLAR] - Successfully added fra_sol_larochellenor9649 generator to eu-fra area!
INFO [2024-09-09 17:10:45] [SOLAR] - Successfully added fra_sol_lasalvetatpey9651 generator to eu-fra area!
INFO [2024-09-09 17:10:46] [SOLAR] - Successfully added fra_sol_lasalvetatsur9652 generator to eu-fra area!
INFO [2024-09-09 17:10:46] [SOLAR] - Successfully added fra_sol_laselve9653 generator to eu-fra area!
INFO [2024-09-09 17:10:46] [SOLAR] - Successfully added fra_sol_laseynesurme9654 generator to eu-fra area!
INFO [2024-09-09 17:10:47] [SOLAR] - Successfully added fra_sol_latestedebuc9656 generator to eu-fra area!
INFO [2024-09-09 17:10:47] [SOLAR] - Successfully added fra_sol_latoursurorb9657 generator to eu-fra area!
INFO [2024-09-09 17:10:47] [SOLAR] - Successfully added fra_sol_latrinit9659 generator to eu-fra area!
INFO [2024-09-09 17:10:47] [SOLAR] - Successfully added fra_sol_laverdire9662 generator to eu-fra area!
INFO [2024-09-09 17:10:48] [SOLAR] - Successfully added fra_sol_lavilledieud9664 generator to eu-fra area!
INFO [2024-09-09 17:10:48] [SOLAR] - Successfully added fra_sol_labastiderouai9666 generator to eu-fra area!
INFO [2024-09-09 17:10:49] [SOLAR] - Successfully added fra_sol_ladinhac9671 generator to eu-fra area!
INFO [2024-09-09 17:10:50] [SOLAR] - Successfully added fra_sol_lafittesurlot9672 generator to eu-fra area!
INFO [2024-09-09 17:10:50] [SOLAR] - Successfully added fra_sol_laguiole9675 generator to eu-fra area!
INFO [2024-09-09 17:10:50] [SOLAR] - Successfully added fra_sol_laissac9676 generator to eu-fra area!
INFO [2024-09-09 17:10:50] [SOLAR] - Successfully added fra_sol_laluque9677 generator to eu-fra area!
INFO [2024-09-09 17:10:51] [SOLAR] - Successfully added fra_sol_lamentin9680 generator to eu-fra area!
INFO [2024-09-09 17:10:51] [SOLAR] - Successfully added fra_sol_lanas9682 generator to eu-fra area!
INFO [2024-09-09 17:10:51] [SOLAR] - Successfully added fra_sol_lannion9690 generator to eu-fra area!
INFO [2024-09-09 17:10:52] [SOLAR] - Successfully added fra_sol_lansargues9697 generator to eu-fra area!
INFO [2024-09-09 17:10:52] [SOLAR] - Successfully added fra_sol_largentire9702 generator to eu-fra area!
