INFO [2024-08-07 13:41:39] [MAIN] - Creating Etude_sur_R_Monde__2024_08_07_13_41_39 study...

INFO [2024-08-07 13:41:39] [MAIN] - Unit commitment mode : FAST
INFO [2024-08-07 13:41:39] [MAIN] - Adding nodes...

INFO [2024-08-07 13:41:41] [NODES] - Adding EU-FRA node...
INFO [2024-08-07 13:41:41] [MAIN] - Done adding nodes! (run time : 2s).

INFO [2024-08-07 13:41:41] [MAIN] - Adding load data...

INFO [2024-08-07 13:41:42] [LOAD] - Adding EU-FRA load data...
INFO [2024-08-07 13:41:43] [MAIN] - Done adding load data! (run time : 1.18s).

INFO [2024-08-07 13:41:43] [MAIN] - Fetching wind data...

INFO [2024-08-07 13:41:43] [WIND] - Adding EU-FRA aggregated wind data...
INFO [2024-08-07 13:41:43] [MAIN] - Done adding wind data! (run time : 0.13s).

INFO [2024-08-07 13:41:43] [MAIN] - Fetching solar data...

INFO [2024-08-07 13:41:43] [SOLAR] - Adding EU-FRA aggregated solar data...
INFO [2024-08-07 13:41:43] [MAIN] - Done adding solar data! (run time : 0.32s).

INFO [2024-08-07 13:41:43] [MAIN] - Beginning hydro implementation...
INFO [2024-08-07 13:41:44] [HYDRO] - Initializing EU-FRA hydro parameters...
INFO [2024-08-07 13:41:45] [HYDRO] - Adding EU-FRA max power timeseries...
INFO [2024-08-07 13:41:46] [HYDRO] - Adding EU-FRA hydro profiles...
INFO [2024-08-07 13:41:46] [MAIN] - Done adding hydro!
INFO [2024-08-07 13:41:46] [MAIN] - Fetching storage data...

INFO [2024-08-07 13:41:46] [STORAGE] - Adding FRA_CHE_ADEMEIntelligen373_1 battery to EU-FRA node...
INFO [2024-08-07 13:41:46] [STORAGE] - Adding FRA_CHE_CarrosNICEGRIDP374_1 battery to EU-FRA node...
INFO [2024-08-07 13:41:46] [STORAGE] - Adding FRA_CHE_DieselGenerator375_1 battery to EU-FRA node...
INFO [2024-08-07 13:41:46] [STORAGE] - Adding FRA_CHE_DIYESS5kWhLiFeP376_1 battery to EU-FRA node...
INFO [2024-08-07 13:41:46] [STORAGE] - Adding FRA_CHE_EDFENGabardoneP377_1 battery to EU-FRA node...
INFO [2024-08-07 13:41:46] [STORAGE] - Adding FRA_CHE_EDFRampDLesRena378_1 battery to EU-FRA node...
INFO [2024-08-07 13:41:47] [STORAGE] - Adding FRA_CHE_INESProject379_1 battery to EU-FRA node...
INFO [2024-08-07 13:41:47] [STORAGE] - Adding FRA_CHE_NICEGRIDproject380_1 battery to EU-FRA node...
INFO [2024-08-07 13:41:47] [STORAGE] - Adding FRA_CHE_NICEGRIDproject381_1 battery to EU-FRA node...
INFO [2024-08-07 13:41:47] [STORAGE] - Adding FRA_CHE_ReunionIslandPe382_1 battery to EU-FRA node...
INFO [2024-08-07 13:41:47] [STORAGE] - Adding FRA_HYD_UniveristyofCor383_1 battery to EU-FRA node...
INFO [2024-08-07 13:41:47] [STORAGE] - Adding FRA_PHS_AlrancePumpedSt384_1 battery to EU-FRA node...
INFO [2024-08-07 13:41:47] [STORAGE] - Adding FRA_PHS_ArgentatPumpedS385_1 battery to EU-FRA node...
INFO [2024-08-07 13:41:47] [STORAGE] - Adding FRA_PHS_Grand039MaisonD386_1 battery to EU-FRA node...
INFO [2024-08-07 13:41:47] [STORAGE] - Adding FRA_PHS_Grand039MaisonD386_2 battery to EU-FRA node...
INFO [2024-08-07 13:41:48] [STORAGE] - Adding FRA_PHS_Grand039MaisonD386_3 battery to EU-FRA node...
INFO [2024-08-07 13:41:48] [STORAGE] - Adding FRA_PHS_Grand039MaisonD386_4 battery to EU-FRA node...
INFO [2024-08-07 13:41:48] [STORAGE] - Adding FRA_PHS_Grand039MaisonD386_5 battery to EU-FRA node...
INFO [2024-08-07 13:41:48] [STORAGE] - Adding FRA_PHS_Grand039MaisonD386_6 battery to EU-FRA node...
INFO [2024-08-07 13:41:48] [STORAGE] - Adding FRA_PHS_Grand039MaisonD386_7 battery to EU-FRA node...
INFO [2024-08-07 13:41:49] [STORAGE] - Adding FRA_PHS_Grand039MaisonD386_8 battery to EU-FRA node...
INFO [2024-08-07 13:41:49] [STORAGE] - Adding FRA_PHS_Grand039MaisonD386_9 battery to EU-FRA node...
INFO [2024-08-07 13:41:49] [STORAGE] - Adding FRA_PHS_Grand039MaisonD386_10 battery to EU-FRA node...
INFO [2024-08-07 13:41:49] [STORAGE] - Adding FRA_PHS_LaCochePumpedSt387_1 battery to EU-FRA node...
INFO [2024-08-07 13:41:49] [STORAGE] - Adding FRA_PHS_LaCochePumpedSt387_2 battery to EU-FRA node...
INFO [2024-08-07 13:41:50] [STORAGE] - Adding FRA_PHS_LaRanceTidalPow388_1 battery to EU-FRA node...
INFO [2024-08-07 13:41:50] [STORAGE] - Adding FRA_PHS_LaRanceTidalPow388_2 battery to EU-FRA node...
INFO [2024-08-07 13:41:50] [STORAGE] - Adding FRA_PHS_LeCheylasPumped389_1 battery to EU-FRA node...
INFO [2024-08-07 13:41:50] [STORAGE] - Adding FRA_PHS_LeCheylasPumped389_2 battery to EU-FRA node...
INFO [2024-08-07 13:41:51] [STORAGE] - Adding FRA_PHS_LeCheylasPumped389_3 battery to EU-FRA node...
INFO [2024-08-07 13:41:51] [STORAGE] - Adding FRA_PHS_LePougetPumpedS390_1 battery to EU-FRA node...
INFO [2024-08-07 13:41:51] [STORAGE] - Adding FRA_PHS_LePougetPumpedS390_2 battery to EU-FRA node...
INFO [2024-08-07 13:41:51] [STORAGE] - Adding FRA_PHS_LePougetPumpedS390_3 battery to EU-FRA node...
INFO [2024-08-07 13:41:51] [STORAGE] - Adding FRA_PHS_MontzicPumpedSt391_1 battery to EU-FRA node...
INFO [2024-08-07 13:41:52] [STORAGE] - Adding FRA_PHS_MontzicPumpedSt391_2 battery to EU-FRA node...
INFO [2024-08-07 13:41:52] [STORAGE] - Adding FRA_PHS_MontzicPumpedSt391_3 battery to EU-FRA node...
INFO [2024-08-07 13:41:52] [STORAGE] - Adding FRA_PHS_MontzicPumpedSt391_4 battery to EU-FRA node...
INFO [2024-08-07 13:41:52] [STORAGE] - Adding FRA_PHS_MontzicPumpedSt391_5 battery to EU-FRA node...
INFO [2024-08-07 13:41:52] [STORAGE] - Adding FRA_PHS_RevinPumpedStor392_1 battery to EU-FRA node...
INFO [2024-08-07 13:41:53] [STORAGE] - Adding FRA_PHS_RevinPumpedStor392_2 battery to EU-FRA node...
INFO [2024-08-07 13:41:53] [STORAGE] - Adding FRA_PHS_RevinPumpedStor392_3 battery to EU-FRA node...
INFO [2024-08-07 13:41:53] [STORAGE] - Adding FRA_PHS_RevinPumpedStor392_4 battery to EU-FRA node...
INFO [2024-08-07 13:41:53] [STORAGE] - Adding FRA_PHS_SuperBissortePu393_1 battery to EU-FRA node...
INFO [2024-08-07 13:41:54] [STORAGE] - Adding FRA_PHS_SuperBissortePu393_2 battery to EU-FRA node...
INFO [2024-08-07 13:41:54] [STORAGE] - Adding FRA_PHS_SuperBissortePu393_3 battery to EU-FRA node...
INFO [2024-08-07 13:41:54] [STORAGE] - Adding FRA_PHS_SuperBissortePu393_4 battery to EU-FRA node...
INFO [2024-08-07 13:41:54] [STORAGE] - Adding FRA_THE_AlbaNova1SolarP394_1 battery to EU-FRA node...
INFO [2024-08-07 13:41:54] [MAIN] - Done adding storage data! (run time : 0.14min).

INFO [2024-08-07 13:41:54] [MAIN] - Adding lines between areas...

INFO [2024-08-07 13:41:56] [WARN] - Generation of all lines failed (perhaps there are no connections?), skipping...
INFO [2024-08-07 13:41:56] [MAIN] - Done adding lines! (run time : 1.62s).

INFO [2024-08-07 13:41:56] [MAIN] - Finished setting up Antares study! (run time : 0.29min).
 

