INFO [2024-08-05 17:52:03] [MAIN] - Creating Etude_sur_R_Monde__2024_08_05_17_52_03 study...

INFO [2024-08-05 17:52:03] [MAIN] - Unit commitment mode : FAST
INFO [2024-08-05 17:52:03] [MAIN] - Adding nodes...

INFO [2024-08-05 17:52:04] [NODES] - Adding EU-CHE node...
INFO [2024-08-05 17:52:04] [NODES] - Adding EU-DEU node...
INFO [2024-08-05 17:52:04] [NODES] - Adding EU-FRA node...
INFO [2024-08-05 17:52:04] [MAIN] - Done adding nodes! (run time : 1.29s).

INFO [2024-08-05 17:52:04] [MAIN] - Adding load data...

INFO [2024-08-05 17:52:05] [LOAD] - Adding EU-CHE load data...
INFO [2024-08-05 17:52:05] [LOAD] - Adding EU-DEU load data...
INFO [2024-08-05 17:52:05] [LOAD] - Adding EU-FRA load data...
INFO [2024-08-05 17:52:05] [MAIN] - Done adding load data! (run time : 1.14s).

INFO [2024-08-05 17:52:05] [MAIN] - Fetching wind data...

INFO [2024-08-05 17:52:05] [WIND] - Adding EU-CHE aggregated wind data...
INFO [2024-08-05 17:52:06] [WIND] - Adding EU-DEU aggregated wind data...
INFO [2024-08-05 17:52:06] [WIND] - Adding EU-FRA aggregated wind data...
INFO [2024-08-05 17:52:06] [MAIN] - Done adding wind data! (run time : 0.26s).

INFO [2024-08-05 17:52:06] [MAIN] - Fetching solar data...

INFO [2024-08-05 17:52:06] [SOLAR] - Adding EU-CHE aggregated solar data...
INFO [2024-08-05 17:52:06] [SOLAR] - Adding EU-DEU aggregated solar data...
INFO [2024-08-05 17:52:06] [SOLAR] - Adding EU-FRA aggregated solar data...
INFO [2024-08-05 17:52:06] [MAIN] - Done adding solar data! (run time : 0.19s).

INFO [2024-08-05 17:52:06] [MAIN] - Beginning hydro implementation...
INFO [2024-08-05 17:52:07] [HYDRO] - Initializing EU-CHE hydro parameters...
INFO [2024-08-05 17:52:08] [HYDRO] - Adding EU-CHE max power timeseries...
INFO [2024-08-05 17:52:08] [HYDRO] - Adding EU-CHE hydro profiles...
INFO [2024-08-05 17:52:09] [HYDRO] - Initializing EU-DEU hydro parameters...
INFO [2024-08-05 17:52:10] [HYDRO] - Adding EU-DEU max power timeseries...
INFO [2024-08-05 17:52:10] [HYDRO] - Adding EU-DEU hydro profiles...
INFO [2024-08-05 17:52:11] [HYDRO] - Initializing EU-FRA hydro parameters...
INFO [2024-08-05 17:52:12] [HYDRO] - Adding EU-FRA max power timeseries...
INFO [2024-08-05 17:52:12] [HYDRO] - Adding EU-FRA hydro profiles...
INFO [2024-08-05 17:52:12] [MAIN] - Done adding hydro!
INFO [2024-08-05 17:52:12] [MAIN] - Adding lines between areas...

INFO [2024-08-05 17:52:14] [LINES] - Adding EU-CHE to EU-DEU line...
INFO [2024-08-05 17:52:14] [LINES] - Adding EU-CHE to EU-FRA line...
INFO [2024-08-05 17:52:14] [LINES] - Adding EU-DEU to EU-FRA line...
INFO [2024-08-05 17:52:14] [MAIN] - Done adding lines! (run time : 1.29s).

INFO [2024-08-05 17:52:14] [MAIN] - Finished setting up Antares study! (run time : 0.19min).
 

INFO [2024-08-05 17:52:14] [MAIN] - Starting simulation__2024_08_05_17_52_14 simulation...
INFO [2024-08-05 17:52:23] [MAIN] - Antares simulation finished! (run time : 0.16min).
 

INFO [2024-08-05 17:52:23] [MAIN] - Opening latest simulation...
