INFO [2024-10-31 17:40:30] [MAIN] - Initializing output folder...
INFO [2024-10-31 17:40:57] [MAIN] - Creating If S2 Economy v3 (Castillo load) study...
INFO [2024-10-31 17:40:57] [MAIN] - Simulating If scenario~: S2 .

INFO [2024-10-31 17:40:58] [MAIN] - Simulation mode : Economy
INFO [2024-10-31 17:40:58] [MAIN] - Unit commitment mode : accurate
INFO [2024-10-31 17:40:58] [MAIN] - Number of MC years : 1
INFO [2024-10-31 17:40:58] [MAIN] - Generation of CSP : TRUE
INFO [2024-10-31 17:40:58] [MAIN] - Adding world node...

INFO [2024-10-31 17:40:59] [MAIN] - Done adding world node! (run time : 0.5s).

INFO [2024-10-31 17:40:59] [LOAD] - Adding World load data...
INFO [2024-10-31 17:40:59] [MAIN] - Fetching thermal data...
INFO [2024-10-31 17:40:59] [THERMAL] - Adding Bioenergy generator to World node...
INFO [2024-10-31 17:40:59] [THERMAL] - Adding Coal generator to World node...
INFO [2024-10-31 17:41:00] [THERMAL] - Adding Gas generator to World node...
INFO [2024-10-31 17:41:00] [THERMAL] - Adding Geothermal generator to World node...
INFO [2024-10-31 17:41:00] [THERMAL] - Adding Nuclear generator to World node...
INFO [2024-10-31 17:41:00] [THERMAL] - Adding Oil generator to World node...
INFO [2024-10-31 17:41:01] [THERMAL] - Adding Geothermal generator to World node...
INFO [2024-10-31 17:41:01] [MAIN] - Done adding thermal data! (run time : 0.03min).

INFO [2024-10-31 17:41:01] [MAIN] - Fetching wind data...

INFO [2024-10-31 17:42:24] [WIND] - Adding World wind data to Wind Onshore cluster...
INFO [2024-10-31 17:42:24] [MAIN] - Done adding wind data! (run time : 83.24s).

INFO [2024-10-31 17:42:24] [MAIN] - Fetching PV data...

INFO [2024-10-31 17:43:11] [PV] - Adding World PV data to Solar PV cluster...
INFO [2024-10-31 17:43:11] [MAIN] - Done adding PV data! (run time : 47.25s).

INFO [2024-10-31 17:43:11] [MAIN] - Fetching CSP data...

INFO [2024-10-31 17:43:13] [CSP] - Adding World CSP data to Solar Thermal cluster...
INFO [2024-10-31 17:43:13] [MAIN] - Done adding CSP data! (run time : 1.45s).

INFO [2024-10-31 17:43:13] [HYDRO] - Fetching World hydro data...
INFO [2024-10-31 17:43:15] [HYDRO] - Initializing World hydro parameters...
INFO [2024-10-31 17:43:16] [HYDRO] - Adding World max power timeseries...
INFO [2024-10-31 17:43:17] [HYDRO] - Adding World hydro profiles...
INFO [2024-10-31 17:43:17] [HYDRO] - Successfully added World hydro data!
INFO [2024-10-31 17:43:17] [MAIN] - Finished setting up Antares study! (run time : 2.33min).
 

