INFO [2024-09-03 11:13:31] [MAIN] - Creating Deane_CO2fix__2024_09_03_11_13_31 study...

INFO [2024-09-03 11:13:31] [MAIN] - Unit commitment mode : ACCURATE
INFO [2024-09-03 11:13:31] [MAIN] - Adding nodes...

INFO [2024-09-03 11:13:33] [NODES] - Adding EU-CHE node...
INFO [2024-09-03 11:13:34] [NODES] - Adding EU-DEU node...
INFO [2024-09-03 11:13:34] [NODES] - Adding EU-FRA node...
INFO [2024-09-03 11:13:34] [MAIN] - Done adding nodes! (run time : 3.07s).

INFO [2024-09-03 11:13:34] [MAIN] - Adding districts...

INFO [2024-09-03 11:13:35] [DISTRICTS] - Creating global district...
INFO [2024-09-03 11:13:35] [DISTRICTS] - Done creating global district!
INFO [2024-09-03 11:13:35] [DISTRICTS] - Creating europe continental district...
INFO [2024-09-03 11:13:35] [DISTRICTS] - Done creating europe continental district!
INFO [2024-09-03 11:13:35] [MAIN] - Done adding districts! (run time : 1.02s).

INFO [2024-09-03 11:13:35] [MAIN] - Adding load data...

INFO [2024-09-03 11:13:37] [LOAD] - Adding EU-CHE load data...
INFO [2024-09-03 11:13:37] [LOAD] - Adding EU-DEU load data...
INFO [2024-09-03 11:13:37] [LOAD] - Adding EU-FRA load data...
INFO [2024-09-03 11:13:37] [MAIN] - Done adding load data! (run time : 1.86s).

INFO [2024-09-03 11:13:37] [MAIN] - Fetching wind data...

INFO [2024-09-03 11:13:37] [WIND] - Adding EU-CHE aggregated wind data...
INFO [2024-09-03 11:13:37] [WIND] - Adding EU-DEU aggregated wind data...
INFO [2024-09-03 11:13:37] [WIND] - Adding EU-FRA aggregated wind data...
INFO [2024-09-03 11:13:38] [MAIN] - Done adding wind data! (run time : 0.39s).

INFO [2024-09-03 11:13:38] [MAIN] - Fetching solar data...

INFO [2024-09-03 11:13:38] [SOLAR] - Adding EU-CHE aggregated solar data...
INFO [2024-09-03 11:13:38] [SOLAR] - Adding EU-DEU aggregated solar data...
INFO [2024-09-03 11:13:38] [SOLAR] - Adding EU-FRA aggregated solar data...
INFO [2024-09-03 11:13:38] [MAIN] - Done adding solar data! (run time : 0.39s).

INFO [2024-09-03 11:13:38] [MAIN] - Beginning hydro implementation...
INFO [2024-09-03 11:13:39] [HYDRO] - Initializing EU-CHE hydro parameters...
INFO [2024-09-03 11:13:40] [HYDRO] - Adding EU-CHE max power timeseries...
INFO [2024-09-03 11:13:40] [HYDRO] - Adding EU-CHE hydro profiles...
INFO [2024-09-03 11:13:41] [HYDRO] - Initializing EU-DEU hydro parameters...
INFO [2024-09-03 11:13:42] [HYDRO] - Adding EU-DEU max power timeseries...
INFO [2024-09-03 11:13:42] [HYDRO] - Adding EU-DEU hydro profiles...
INFO [2024-09-03 11:13:43] [HYDRO] - Initializing EU-FRA hydro parameters...
INFO [2024-09-03 11:13:44] [HYDRO] - Adding EU-FRA max power timeseries...
INFO [2024-09-03 11:13:44] [HYDRO] - Adding EU-FRA hydro profiles...
INFO [2024-09-03 11:13:44] [MAIN] - Done adding hydro!
INFO [2024-09-03 11:13:44] [MAIN] - Fetching thermal data...
