INFO [2024-08-14 17:33:34] [MAIN] - Creating Deane_AS_5-clusters__2024_08_14_17_33_34 study...

INFO [2024-08-14 17:33:34] [MAIN] - Unit commitment mode : FAST
INFO [2024-08-14 17:33:34] [MAIN] - Adding nodes...

INFO [2024-08-14 17:33:38] [NODES] - Adding AS-AFG node...
INFO [2024-08-14 17:33:38] [NODES] - Adding AS-ARE node...
INFO [2024-08-14 17:33:38] [NODES] - Adding AS-BGD node...
INFO [2024-08-14 17:33:38] [NODES] - Adding AS-BHR node...
INFO [2024-08-14 17:33:38] [NODES] - Adding AS-BRN node...
INFO [2024-08-14 17:33:39] [NODES] - Adding AS-BTN node...
INFO [2024-08-14 17:33:39] [NODES] - Adding AS-CHN-AN node...
INFO [2024-08-14 17:33:39] [NODES] - Adding AS-CHN-BE node...
INFO [2024-08-14 17:33:39] [NODES] - Adding AS-CHN-CH node...
INFO [2024-08-14 17:33:39] [NODES] - Adding AS-CHN-EM node...
INFO [2024-08-14 17:33:40] [NODES] - Adding AS-CHN-FU node...
INFO [2024-08-14 17:33:40] [NODES] - Adding AS-CHN-GA node...
INFO [2024-08-14 17:33:40] [NODES] - Adding AS-CHN-GD node...
INFO [2024-08-14 17:33:41] [NODES] - Adding AS-CHN-GU node...
INFO [2024-08-14 17:33:41] [NODES] - Adding AS-CHN-GX node...
INFO [2024-08-14 17:33:41] [NODES] - Adding AS-CHN-HA node...
INFO [2024-08-14 17:33:42] [NODES] - Adding AS-CHN-HB node...
INFO [2024-08-14 17:33:42] [NODES] - Adding AS-CHN-HE node...
INFO [2024-08-14 17:33:42] [NODES] - Adding AS-CHN-HJ node...
INFO [2024-08-14 17:33:43] [NODES] - Adding AS-CHN-HK node...
INFO [2024-08-14 17:33:43] [NODES] - Adding AS-CHN-HN node...
INFO [2024-08-14 17:33:43] [NODES] - Adding AS-CHN-HU node...
INFO [2024-08-14 17:33:43] [NODES] - Adding AS-CHN-JI node...
INFO [2024-08-14 17:33:44] [NODES] - Adding AS-CHN-JS node...
INFO [2024-08-14 17:33:44] [NODES] - Adding AS-CHN-JX node...
INFO [2024-08-14 17:33:44] [NODES] - Adding AS-CHN-LI node...
INFO [2024-08-14 17:33:45] [NODES] - Adding AS-CHN-MA node...
INFO [2024-08-14 17:33:45] [NODES] - Adding AS-CHN-NI node...
INFO [2024-08-14 17:33:45] [NODES] - Adding AS-CHN-QI node...
INFO [2024-08-14 17:33:46] [NODES] - Adding AS-CHN-SC node...
INFO [2024-08-14 17:33:46] [NODES] - Adding AS-CHN-SD node...
INFO [2024-08-14 17:33:46] [NODES] - Adding AS-CHN-SH node...
INFO [2024-08-14 17:33:47] [NODES] - Adding AS-CHN-SI node...
INFO [2024-08-14 17:33:47] [NODES] - Adding AS-CHN-SX node...
INFO [2024-08-14 17:33:48] [NODES] - Adding AS-CHN-TI node...
INFO [2024-08-14 17:33:48] [NODES] - Adding AS-CHN-TJ node...
INFO [2024-08-14 17:33:49] [NODES] - Adding AS-CHN-WM node...
INFO [2024-08-14 17:33:49] [NODES] - Adding AS-CHN-XI node...
INFO [2024-08-14 17:33:50] [NODES] - Adding AS-CHN-YU node...
INFO [2024-08-14 17:33:50] [NODES] - Adding AS-CHN-ZH node...
INFO [2024-08-14 17:33:51] [NODES] - Adding AS-IDN node...
INFO [2024-08-14 17:33:51] [NODES] - Adding AS-IND-EA node...
INFO [2024-08-14 17:33:51] [NODES] - Adding AS-IND-NE node...
INFO [2024-08-14 17:33:52] [NODES] - Adding AS-IND-NO node...
INFO [2024-08-14 17:33:52] [NODES] - Adding AS-IND-SO node...
INFO [2024-08-14 17:33:53] [NODES] - Adding AS-IND-WE node...
INFO [2024-08-14 17:33:53] [NODES] - Adding AS-IRN node...
INFO [2024-08-14 17:33:54] [NODES] - Adding AS-IRQ node...
INFO [2024-08-14 17:33:54] [NODES] - Adding AS-ISR node...
INFO [2024-08-14 17:33:54] [NODES] - Adding AS-JOR node...
INFO [2024-08-14 17:33:55] [NODES] - Adding AS-JPN-CE node...
INFO [2024-08-14 17:33:55] [NODES] - Adding AS-JPN-HO node...
INFO [2024-08-14 17:33:56] [NODES] - Adding AS-JPN-KY node...
INFO [2024-08-14 17:33:56] [NODES] - Adding AS-JPN-OK node...
INFO [2024-08-14 17:33:57] [NODES] - Adding AS-JPN-SH node...
INFO [2024-08-14 17:33:58] [NODES] - Adding AS-JPN-TO node...
INFO [2024-08-14 17:33:58] [NODES] - Adding AS-KAZ node...
INFO [2024-08-14 17:33:59] [NODES] - Adding AS-KGZ node...
INFO [2024-08-14 17:33:59] [NODES] - Adding AS-KHM node...
INFO [2024-08-14 17:34:00] [NODES] - Adding AS-KOR node...
INFO [2024-08-14 17:34:00] [NODES] - Adding AS-KWT node...
INFO [2024-08-14 17:34:01] [NODES] - Adding AS-LAO node...
INFO [2024-08-14 17:34:01] [NODES] - Adding AS-LBN node...
INFO [2024-08-14 17:34:02] [NODES] - Adding AS-LKA node...
INFO [2024-08-14 17:34:02] [NODES] - Adding AS-MMR node...
INFO [2024-08-14 17:34:03] [NODES] - Adding AS-MNG node...
INFO [2024-08-14 17:34:03] [NODES] - Adding AS-MYS node...
INFO [2024-08-14 17:34:04] [NODES] - Adding AS-NPL node...
INFO [2024-08-14 17:34:05] [NODES] - Adding AS-OMN node...
INFO [2024-08-14 17:34:05] [NODES] - Adding AS-PAK node...
INFO [2024-08-14 17:34:06] [NODES] - Adding AS-PHL node...
INFO [2024-08-14 17:34:06] [NODES] - Adding AS-PRK node...
INFO [2024-08-14 17:34:07] [NODES] - Adding AS-QAT node...
INFO [2024-08-14 17:34:08] [NODES] - Adding AS-RUS-CE node...
INFO [2024-08-14 17:34:08] [NODES] - Adding AS-RUS-FE node...
INFO [2024-08-14 17:34:09] [NODES] - Adding AS-RUS-MV node...
INFO [2024-08-14 17:34:09] [NODES] - Adding AS-RUS-NW node...
INFO [2024-08-14 17:34:10] [NODES] - Adding AS-RUS-SI node...
INFO [2024-08-14 17:34:11] [NODES] - Adding AS-RUS-SO node...
INFO [2024-08-14 17:34:11] [NODES] - Adding AS-RUS-UR node...
INFO [2024-08-14 17:34:12] [NODES] - Adding AS-SAU node...
INFO [2024-08-14 17:34:13] [NODES] - Adding AS-SGP node...
INFO [2024-08-14 17:34:13] [NODES] - Adding AS-SYR node...
INFO [2024-08-14 17:34:14] [NODES] - Adding AS-THA node...
INFO [2024-08-14 17:34:15] [NODES] - Adding AS-TJK node...
INFO [2024-08-14 17:34:15] [NODES] - Adding AS-TKM node...
INFO [2024-08-14 17:34:16] [NODES] - Adding AS-TUR node...
INFO [2024-08-14 17:34:17] [NODES] - Adding AS-TWN node...
INFO [2024-08-14 17:34:18] [NODES] - Adding AS-UZB node...
INFO [2024-08-14 17:34:18] [NODES] - Adding AS-VNM node...
INFO [2024-08-14 17:34:19] [NODES] - Adding AS-YEM node...
INFO [2024-08-14 17:34:20] [MAIN] - Done adding nodes! (run time : 45.32s).

INFO [2024-08-14 17:34:20] [MAIN] - Adding load data...

INFO [2024-08-14 17:34:21] [LOAD] - Adding AS-AFG load data...
INFO [2024-08-14 17:34:22] [LOAD] - Adding AS-ARE load data...
INFO [2024-08-14 17:34:23] [LOAD] - Adding AS-BGD load data...
INFO [2024-08-14 17:34:23] [LOAD] - Adding AS-BHR load data...
INFO [2024-08-14 17:34:24] [LOAD] - Adding AS-BRN load data...
INFO [2024-08-14 17:34:24] [LOAD] - Adding AS-BTN load data...
INFO [2024-08-14 17:34:25] [LOAD] - Adding AS-CHN-AN load data...
INFO [2024-08-14 17:34:25] [LOAD] - Adding AS-CHN-BE load data...
INFO [2024-08-14 17:34:26] [LOAD] - Adding AS-CHN-CH load data...
INFO [2024-08-14 17:34:26] [LOAD] - Adding AS-CHN-EM load data...
INFO [2024-08-14 17:34:27] [LOAD] - Adding AS-CHN-FU load data...
INFO [2024-08-14 17:34:27] [LOAD] - Adding AS-CHN-GA load data...
INFO [2024-08-14 17:34:27] [LOAD] - Adding AS-CHN-GD load data...
INFO [2024-08-14 17:34:28] [LOAD] - Adding AS-CHN-GU load data...
INFO [2024-08-14 17:34:28] [LOAD] - Adding AS-CHN-GX load data...
INFO [2024-08-14 17:34:29] [LOAD] - Adding AS-CHN-HA load data...
INFO [2024-08-14 17:34:29] [LOAD] - Adding AS-CHN-HB load data...
INFO [2024-08-14 17:34:30] [LOAD] - Adding AS-CHN-HE load data...
INFO [2024-08-14 17:34:30] [LOAD] - Adding AS-CHN-HJ load data...
INFO [2024-08-14 17:34:31] [LOAD] - Adding AS-CHN-HK load data...
INFO [2024-08-14 17:34:31] [LOAD] - Adding AS-CHN-HN load data...
INFO [2024-08-14 17:34:31] [LOAD] - Adding AS-CHN-HU load data...
INFO [2024-08-14 17:34:32] [LOAD] - Adding AS-CHN-JI load data...
INFO [2024-08-14 17:34:32] [LOAD] - Adding AS-CHN-JS load data...
INFO [2024-08-14 17:34:33] [LOAD] - Adding AS-CHN-JX load data...
INFO [2024-08-14 17:34:34] [LOAD] - Adding AS-CHN-LI load data...
INFO [2024-08-14 17:34:34] [LOAD] - Adding AS-CHN-MA load data...
INFO [2024-08-14 17:34:35] [LOAD] - Adding AS-CHN-NI load data...
INFO [2024-08-14 17:34:36] [LOAD] - Adding AS-CHN-QI load data...
INFO [2024-08-14 17:34:37] [LOAD] - Adding AS-CHN-SC load data...
INFO [2024-08-14 17:34:37] [LOAD] - Adding AS-CHN-SD load data...
INFO [2024-08-14 17:34:38] [LOAD] - Adding AS-CHN-SH load data...
INFO [2024-08-14 17:34:39] [LOAD] - Adding AS-CHN-SI load data...
INFO [2024-08-14 17:34:40] [LOAD] - Adding AS-CHN-SX load data...
INFO [2024-08-14 17:34:41] [LOAD] - Adding AS-CHN-TI load data...
INFO [2024-08-14 17:34:43] [LOAD] - Adding AS-CHN-TJ load data...
INFO [2024-08-14 17:34:44] [LOAD] - Adding AS-CHN-WM load data...
INFO [2024-08-14 17:34:45] [LOAD] - Adding AS-CHN-XI load data...
INFO [2024-08-14 17:34:45] [LOAD] - Adding AS-CHN-YU load data...
INFO [2024-08-14 17:34:46] [LOAD] - Adding AS-CHN-ZH load data...
INFO [2024-08-14 17:34:46] [LOAD] - Adding AS-IDN load data...
INFO [2024-08-14 17:34:47] [LOAD] - Adding AS-IND-EA load data...
INFO [2024-08-14 17:34:47] [LOAD] - Adding AS-IND-NE load data...
INFO [2024-08-14 17:34:48] [LOAD] - Adding AS-IND-NO load data...
INFO [2024-08-14 17:34:48] [LOAD] - Adding AS-IND-SO load data...
INFO [2024-08-14 17:34:49] [LOAD] - Adding AS-IND-WE load data...
INFO [2024-08-14 17:34:50] [LOAD] - Adding AS-IRN load data...
INFO [2024-08-14 17:34:50] [LOAD] - Adding AS-IRQ load data...
INFO [2024-08-14 17:34:51] [LOAD] - Adding AS-ISR load data...
INFO [2024-08-14 17:34:51] [LOAD] - Adding AS-JOR load data...
INFO [2024-08-14 17:34:52] [LOAD] - Adding AS-JPN-CE load data...
INFO [2024-08-14 17:34:52] [LOAD] - Adding AS-JPN-HO load data...
INFO [2024-08-14 17:34:53] [LOAD] - Adding AS-JPN-KY load data...
INFO [2024-08-14 17:34:53] [LOAD] - Adding AS-JPN-OK load data...
INFO [2024-08-14 17:34:54] [LOAD] - Adding AS-JPN-SH load data...
INFO [2024-08-14 17:34:54] [LOAD] - Adding AS-JPN-TO load data...
INFO [2024-08-14 17:34:55] [LOAD] - Adding AS-KAZ load data...
INFO [2024-08-14 17:34:55] [LOAD] - Adding AS-KGZ load data...
INFO [2024-08-14 17:34:56] [LOAD] - Adding AS-KHM load data...
INFO [2024-08-14 17:34:56] [LOAD] - Adding AS-KOR load data...
INFO [2024-08-14 17:34:57] [LOAD] - Adding AS-KWT load data...
INFO [2024-08-14 17:34:57] [LOAD] - Adding AS-LAO load data...
INFO [2024-08-14 17:34:58] [LOAD] - Adding AS-LBN load data...
INFO [2024-08-14 17:34:58] [LOAD] - Adding AS-LKA load data...
INFO [2024-08-14 17:34:59] [LOAD] - Adding AS-MMR load data...
INFO [2024-08-14 17:34:59] [LOAD] - Adding AS-MNG load data...
INFO [2024-08-14 17:35:00] [LOAD] - Adding AS-MYS load data...
INFO [2024-08-14 17:35:00] [LOAD] - Adding AS-NPL load data...
INFO [2024-08-14 17:35:01] [LOAD] - Adding AS-OMN load data...
INFO [2024-08-14 17:35:01] [LOAD] - Adding AS-PAK load data...
INFO [2024-08-14 17:35:02] [LOAD] - Adding AS-PHL load data...
INFO [2024-08-14 17:35:03] [LOAD] - Adding AS-PRK load data...
INFO [2024-08-14 17:35:03] [LOAD] - Adding AS-QAT load data...
INFO [2024-08-14 17:35:04] [LOAD] - Adding AS-RUS-CE load data...
INFO [2024-08-14 17:35:04] [LOAD] - Adding AS-RUS-FE load data...
INFO [2024-08-14 17:35:05] [LOAD] - Adding AS-RUS-MV load data...
INFO [2024-08-14 17:35:05] [LOAD] - Adding AS-RUS-NW load data...
INFO [2024-08-14 17:35:06] [LOAD] - Adding AS-RUS-SI load data...
INFO [2024-08-14 17:35:06] [LOAD] - Adding AS-RUS-SO load data...
INFO [2024-08-14 17:35:07] [LOAD] - Adding AS-RUS-UR load data...
INFO [2024-08-14 17:35:07] [LOAD] - Adding AS-SAU load data...
INFO [2024-08-14 17:35:08] [LOAD] - Adding AS-SGP load data...
INFO [2024-08-14 17:35:08] [LOAD] - Adding AS-SYR load data...
INFO [2024-08-14 17:35:09] [LOAD] - Adding AS-THA load data...
INFO [2024-08-14 17:35:10] [LOAD] - Adding AS-TJK load data...
INFO [2024-08-14 17:35:10] [LOAD] - Adding AS-TKM load data...
INFO [2024-08-14 17:35:11] [LOAD] - Adding AS-TUR load data...
INFO [2024-08-14 17:35:11] [LOAD] - Adding AS-TWN load data...
INFO [2024-08-14 17:35:12] [LOAD] - Adding AS-UZB load data...
INFO [2024-08-14 17:35:12] [LOAD] - Adding AS-VNM load data...
INFO [2024-08-14 17:35:13] [LOAD] - Adding AS-YEM load data...
INFO [2024-08-14 17:35:13] [MAIN] - Done adding load data! (run time : 53.58s).

INFO [2024-08-14 17:35:13] [MAIN] - Fetching wind data...

INFO [2024-08-14 17:35:14] [WARN] - Skipped adding wind data for AS-AFG (no generators found in PLEXOS).
INFO [2024-08-14 17:35:14] [WARN] - Skipped adding wind data for AS-ARE (no generators found in PLEXOS).
INFO [2024-08-14 17:35:14] [WARN] - Skipped adding wind data for AS-BGD (no generators found in PLEXOS).
INFO [2024-08-14 17:35:14] [WARN] - Skipped adding wind data for AS-BHR (no generators found in PLEXOS).
INFO [2024-08-14 17:35:14] [WARN] - Skipped adding wind data for AS-BRN (no generators found in PLEXOS).
INFO [2024-08-14 17:35:14] [WARN] - Skipped adding wind data for AS-BTN (no generators found in PLEXOS).
INFO [2024-08-14 17:35:14] [WIND] - Adding AS-CHN-AN aggregated wind data...
INFO [2024-08-14 17:35:14] [WARN] - Skipped adding wind data for AS-CHN-BE (no generators found in PLEXOS).
INFO [2024-08-14 17:35:14] [WARN] - Skipped adding wind data for AS-CHN-CH (no generators found in PLEXOS).
INFO [2024-08-14 17:35:15] [WIND] - Adding AS-CHN-EM aggregated wind data...
INFO [2024-08-14 17:35:15] [WIND] - Adding AS-CHN-FU aggregated wind data...
INFO [2024-08-14 17:35:16] [WIND] - Adding AS-CHN-GA aggregated wind data...
INFO [2024-08-14 17:35:16] [WIND] - Adding AS-CHN-GD aggregated wind data...
INFO [2024-08-14 17:35:17] [WIND] - Adding AS-CHN-GU aggregated wind data...
INFO [2024-08-14 17:35:17] [WIND] - Adding AS-CHN-GX aggregated wind data...
INFO [2024-08-14 17:35:18] [WIND] - Adding AS-CHN-HA aggregated wind data...
INFO [2024-08-14 17:35:18] [WIND] - Adding AS-CHN-HB aggregated wind data...
INFO [2024-08-14 17:35:19] [WIND] - Adding AS-CHN-HE aggregated wind data...
INFO [2024-08-14 17:35:20] [WIND] - Adding AS-CHN-HJ aggregated wind data...
INFO [2024-08-14 17:35:20] [WARN] - Skipped adding wind data for AS-CHN-HK (no generators found in PLEXOS).
INFO [2024-08-14 17:35:20] [WIND] - Adding AS-CHN-HN aggregated wind data...
INFO [2024-08-14 17:35:21] [WIND] - Adding AS-CHN-HU aggregated wind data...
INFO [2024-08-14 17:35:21] [WIND] - Adding AS-CHN-JI aggregated wind data...
INFO [2024-08-14 17:35:22] [WIND] - Adding AS-CHN-JS aggregated wind data...
INFO [2024-08-14 17:35:22] [WIND] - Adding AS-CHN-JX aggregated wind data...
INFO [2024-08-14 17:35:23] [WIND] - Adding AS-CHN-LI aggregated wind data...
INFO [2024-08-14 17:35:23] [WARN] - Skipped adding wind data for AS-CHN-MA (no generators found in PLEXOS).
INFO [2024-08-14 17:35:23] [WIND] - Adding AS-CHN-NI aggregated wind data...
INFO [2024-08-14 17:35:24] [WIND] - Adding AS-CHN-QI aggregated wind data...
INFO [2024-08-14 17:35:24] [WIND] - Adding AS-CHN-SC aggregated wind data...
INFO [2024-08-14 17:35:25] [WIND] - Adding AS-CHN-SD aggregated wind data...
INFO [2024-08-14 17:35:25] [WIND] - Adding AS-CHN-SH aggregated wind data...
INFO [2024-08-14 17:35:26] [WIND] - Adding AS-CHN-SI aggregated wind data...
INFO [2024-08-14 17:35:26] [WIND] - Adding AS-CHN-SX aggregated wind data...
INFO [2024-08-14 17:35:26] [WARN] - Skipped adding wind data for AS-CHN-TI (no generators found in PLEXOS).
INFO [2024-08-14 17:35:27] [WIND] - Adding AS-CHN-TJ aggregated wind data...
INFO [2024-08-14 17:35:27] [WIND] - Adding AS-CHN-WM aggregated wind data...
INFO [2024-08-14 17:35:28] [WIND] - Adding AS-CHN-XI aggregated wind data...
INFO [2024-08-14 17:35:28] [WIND] - Adding AS-CHN-YU aggregated wind data...
INFO [2024-08-14 17:35:28] [WIND] - Adding AS-CHN-ZH aggregated wind data...
INFO [2024-08-14 17:35:28] [WARN] - Skipped adding wind data for AS-IDN (no generators found in PLEXOS).
INFO [2024-08-14 17:35:28] [WARN] - Skipped adding wind data for AS-IND-EA (no generators found in PLEXOS).
INFO [2024-08-14 17:35:28] [WARN] - Skipped adding wind data for AS-IND-NE (no generators found in PLEXOS).
INFO [2024-08-14 17:35:29] [WIND] - Adding AS-IND-NO aggregated wind data...
INFO [2024-08-14 17:35:29] [WIND] - Adding AS-IND-SO aggregated wind data...
INFO [2024-08-14 17:35:30] [WIND] - Adding AS-IND-WE aggregated wind data...
INFO [2024-08-14 17:35:30] [WIND] - Adding AS-IRN aggregated wind data...
INFO [2024-08-14 17:35:30] [WARN] - Skipped adding wind data for AS-IRQ (no generators found in PLEXOS).
INFO [2024-08-14 17:35:30] [WARN] - Skipped adding wind data for AS-ISR (no generators found in PLEXOS).
INFO [2024-08-14 17:35:31] [WIND] - Adding AS-JOR aggregated wind data...
INFO [2024-08-14 17:35:31] [WIND] - Adding AS-JPN-CE aggregated wind data...
INFO [2024-08-14 17:35:31] [WARN] - Skipped adding wind data for AS-JPN-HO (no generators found in PLEXOS).
INFO [2024-08-14 17:35:31] [WARN] - Skipped adding wind data for AS-JPN-KY (no generators found in PLEXOS).
INFO [2024-08-14 17:35:31] [WARN] - Skipped adding wind data for AS-JPN-OK (no generators found in PLEXOS).
INFO [2024-08-14 17:35:32] [WIND] - Adding AS-JPN-SH aggregated wind data...
INFO [2024-08-14 17:35:32] [WIND] - Adding AS-JPN-TO aggregated wind data...
INFO [2024-08-14 17:35:33] [WIND] - Adding AS-KAZ aggregated wind data...
INFO [2024-08-14 17:35:33] [WARN] - Skipped adding wind data for AS-KGZ (no generators found in PLEXOS).
INFO [2024-08-14 17:35:33] [WARN] - Skipped adding wind data for AS-KHM (no generators found in PLEXOS).
INFO [2024-08-14 17:35:33] [WIND] - Adding AS-KOR aggregated wind data...
INFO [2024-08-14 17:35:33] [WARN] - Skipped adding wind data for AS-KWT (no generators found in PLEXOS).
INFO [2024-08-14 17:35:33] [WARN] - Skipped adding wind data for AS-LAO (no generators found in PLEXOS).
INFO [2024-08-14 17:35:33] [WARN] - Skipped adding wind data for AS-LBN (no generators found in PLEXOS).
INFO [2024-08-14 17:35:34] [WIND] - Adding AS-LKA aggregated wind data...
INFO [2024-08-14 17:35:34] [WARN] - Skipped adding wind data for AS-MMR (no generators found in PLEXOS).
INFO [2024-08-14 17:35:35] [WIND] - Adding AS-MNG aggregated wind data...
INFO [2024-08-14 17:35:35] [WARN] - Skipped adding wind data for AS-MYS (no generators found in PLEXOS).
INFO [2024-08-14 17:35:35] [WARN] - Skipped adding wind data for AS-NPL (no generators found in PLEXOS).
INFO [2024-08-14 17:35:35] [WARN] - Skipped adding wind data for AS-OMN (no generators found in PLEXOS).
INFO [2024-08-14 17:35:36] [WIND] - Adding AS-PAK aggregated wind data...
INFO [2024-08-14 17:35:36] [WIND] - Adding AS-PHL aggregated wind data...
INFO [2024-08-14 17:35:36] [WARN] - Skipped adding wind data for AS-PRK (no generators found in PLEXOS).
INFO [2024-08-14 17:35:36] [WARN] - Skipped adding wind data for AS-QAT (no generators found in PLEXOS).
INFO [2024-08-14 17:35:37] [WIND] - Adding AS-RUS-CE aggregated wind data...
INFO [2024-08-14 17:35:37] [WARN] - Skipped adding wind data for AS-RUS-FE (no generators found in PLEXOS).
INFO [2024-08-14 17:35:37] [WIND] - Adding AS-RUS-MV aggregated wind data...
INFO [2024-08-14 17:35:37] [WARN] - Skipped adding wind data for AS-RUS-NW (no generators found in PLEXOS).
INFO [2024-08-14 17:35:37] [WARN] - Skipped adding wind data for AS-RUS-SI (no generators found in PLEXOS).
INFO [2024-08-14 17:35:37] [WARN] - Skipped adding wind data for AS-RUS-SO (no generators found in PLEXOS).
INFO [2024-08-14 17:35:38] [WIND] - Adding AS-RUS-UR aggregated wind data...
INFO [2024-08-14 17:35:38] [WARN] - Skipped adding wind data for AS-SAU (no generators found in PLEXOS).
INFO [2024-08-14 17:35:38] [WARN] - Skipped adding wind data for AS-SGP (no generators found in PLEXOS).
INFO [2024-08-14 17:35:38] [WARN] - Skipped adding wind data for AS-SYR (no generators found in PLEXOS).
INFO [2024-08-14 17:35:38] [WIND] - Adding AS-THA aggregated wind data...
INFO [2024-08-14 17:35:38] [WARN] - Skipped adding wind data for AS-TJK (no generators found in PLEXOS).
INFO [2024-08-14 17:35:38] [WARN] - Skipped adding wind data for AS-TKM (no generators found in PLEXOS).
INFO [2024-08-14 17:35:38] [WIND] - Adding AS-TUR aggregated wind data...
INFO [2024-08-14 17:35:39] [WIND] - Adding AS-TWN aggregated wind data...
INFO [2024-08-14 17:35:39] [WARN] - Skipped adding wind data for AS-UZB (no generators found in PLEXOS).
INFO [2024-08-14 17:35:39] [WIND] - Adding AS-VNM aggregated wind data...
INFO [2024-08-14 17:35:39] [WARN] - Skipped adding wind data for AS-YEM (no generators found in PLEXOS).
INFO [2024-08-14 17:35:39] [MAIN] - Done adding wind data! (run time : 25.75s).

INFO [2024-08-14 17:35:39] [MAIN] - Fetching solar data...

INFO [2024-08-14 17:35:39] [WARN] - Skipped adding solar data for AS-AFG (no generators found in PLEXOS).
INFO [2024-08-14 17:35:40] [SOLAR] - Adding AS-ARE aggregated solar data...
INFO [2024-08-14 17:35:41] [SOLAR] - Adding AS-BGD aggregated solar data...
INFO [2024-08-14 17:35:41] [WARN] - Skipped adding solar data for AS-BHR (no generators found in PLEXOS).
INFO [2024-08-14 17:35:41] [WARN] - Skipped adding solar data for AS-BRN (no generators found in PLEXOS).
INFO [2024-08-14 17:35:41] [WARN] - Skipped adding solar data for AS-BTN (no generators found in PLEXOS).
INFO [2024-08-14 17:35:41] [SOLAR] - Adding AS-CHN-AN aggregated solar data...
INFO [2024-08-14 17:35:41] [SOLAR] - Adding AS-CHN-BE aggregated solar data...
INFO [2024-08-14 17:35:41] [WARN] - Skipped adding solar data for AS-CHN-CH (no generators found in PLEXOS).
INFO [2024-08-14 17:35:41] [WARN] - Skipped adding solar data for AS-CHN-EM (no generators found in PLEXOS).
INFO [2024-08-14 17:35:41] [WARN] - Skipped adding solar data for AS-CHN-FU (no generators found in PLEXOS).
INFO [2024-08-14 17:35:42] [SOLAR] - Adding AS-CHN-GA aggregated solar data...
INFO [2024-08-14 17:35:42] [WARN] - Skipped adding solar data for AS-CHN-GD (no generators found in PLEXOS).
INFO [2024-08-14 17:35:42] [WARN] - Skipped adding solar data for AS-CHN-GU (no generators found in PLEXOS).
INFO [2024-08-14 17:35:42] [WARN] - Skipped adding solar data for AS-CHN-GX (no generators found in PLEXOS).
INFO [2024-08-14 17:35:42] [SOLAR] - Adding AS-CHN-HA aggregated solar data...
INFO [2024-08-14 17:35:43] [SOLAR] - Adding AS-CHN-HB aggregated solar data...
INFO [2024-08-14 17:35:43] [WARN] - Skipped adding solar data for AS-CHN-HE (no generators found in PLEXOS).
INFO [2024-08-14 17:35:43] [SOLAR] - Adding AS-CHN-HJ aggregated solar data...
INFO [2024-08-14 17:35:43] [WARN] - Skipped adding solar data for AS-CHN-HK (no generators found in PLEXOS).
INFO [2024-08-14 17:35:43] [WARN] - Skipped adding solar data for AS-CHN-HN (no generators found in PLEXOS).
INFO [2024-08-14 17:35:43] [SOLAR] - Adding AS-CHN-HU aggregated solar data...
INFO [2024-08-14 17:35:43] [WARN] - Skipped adding solar data for AS-CHN-JI (no generators found in PLEXOS).
INFO [2024-08-14 17:35:44] [SOLAR] - Adding AS-CHN-JS aggregated solar data...
INFO [2024-08-14 17:35:44] [WARN] - Skipped adding solar data for AS-CHN-JX (no generators found in PLEXOS).
INFO [2024-08-14 17:35:44] [WARN] - Skipped adding solar data for AS-CHN-LI (no generators found in PLEXOS).
INFO [2024-08-14 17:35:44] [WARN] - Skipped adding solar data for AS-CHN-MA (no generators found in PLEXOS).
INFO [2024-08-14 17:35:44] [SOLAR] - Adding AS-CHN-NI aggregated solar data...
INFO [2024-08-14 17:35:44] [SOLAR] - Adding AS-CHN-QI aggregated solar data...
INFO [2024-08-14 17:35:44] [WARN] - Skipped adding solar data for AS-CHN-SC (no generators found in PLEXOS).
INFO [2024-08-14 17:35:45] [SOLAR] - Adding AS-CHN-SD aggregated solar data...
INFO [2024-08-14 17:35:45] [SOLAR] - Adding AS-CHN-SH aggregated solar data...
INFO [2024-08-14 17:35:45] [SOLAR] - Adding AS-CHN-SI aggregated solar data...
INFO [2024-08-14 17:35:45] [WARN] - Skipped adding solar data for AS-CHN-SX (no generators found in PLEXOS).
INFO [2024-08-14 17:35:45] [WARN] - Skipped adding solar data for AS-CHN-TI (no generators found in PLEXOS).
INFO [2024-08-14 17:35:45] [WARN] - Skipped adding solar data for AS-CHN-TJ (no generators found in PLEXOS).
INFO [2024-08-14 17:35:46] [SOLAR] - Adding AS-CHN-WM aggregated solar data...
INFO [2024-08-14 17:35:46] [SOLAR] - Adding AS-CHN-XI aggregated solar data...
INFO [2024-08-14 17:35:46] [SOLAR] - Adding AS-CHN-YU aggregated solar data...
INFO [2024-08-14 17:35:46] [WARN] - Skipped adding solar data for AS-CHN-ZH (no generators found in PLEXOS).
INFO [2024-08-14 17:35:46] [WARN] - Skipped adding solar data for AS-IDN (no generators found in PLEXOS).
INFO [2024-08-14 17:35:47] [SOLAR] - Adding AS-IND-EA aggregated solar data...
INFO [2024-08-14 17:35:47] [WARN] - Skipped adding solar data for AS-IND-NE (no generators found in PLEXOS).
INFO [2024-08-14 17:35:47] [SOLAR] - Adding AS-IND-NO aggregated solar data...
INFO [2024-08-14 17:35:48] [SOLAR] - Adding AS-IND-SO aggregated solar data...
INFO [2024-08-14 17:35:49] [SOLAR] - Adding AS-IND-WE aggregated solar data...
INFO [2024-08-14 17:35:50] [SOLAR] - Adding AS-IRN aggregated solar data...
INFO [2024-08-14 17:35:50] [SOLAR] - Adding AS-IRQ aggregated solar data...
INFO [2024-08-14 17:35:51] [SOLAR] - Adding AS-ISR aggregated solar data...
INFO [2024-08-14 17:35:51] [SOLAR] - Adding AS-JOR aggregated solar data...
INFO [2024-08-14 17:35:52] [SOLAR] - Adding AS-JPN-CE aggregated solar data...
INFO [2024-08-14 17:35:52] [SOLAR] - Adding AS-JPN-HO aggregated solar data...
INFO [2024-08-14 17:35:52] [SOLAR] - Adding AS-JPN-KY aggregated solar data...
INFO [2024-08-14 17:35:53] [SOLAR] - Adding AS-JPN-OK aggregated solar data...
INFO [2024-08-14 17:35:53] [SOLAR] - Adding AS-JPN-SH aggregated solar data...
INFO [2024-08-14 17:35:54] [SOLAR] - Adding AS-JPN-TO aggregated solar data...
INFO [2024-08-14 17:35:54] [SOLAR] - Adding AS-KAZ aggregated solar data...
INFO [2024-08-14 17:35:54] [WARN] - Skipped adding solar data for AS-KGZ (no generators found in PLEXOS).
INFO [2024-08-14 17:35:54] [SOLAR] - Adding AS-KHM aggregated solar data...
INFO [2024-08-14 17:35:55] [SOLAR] - Adding AS-KOR aggregated solar data...
INFO [2024-08-14 17:35:55] [WARN] - Skipped adding solar data for AS-KWT (no generators found in PLEXOS).
INFO [2024-08-14 17:35:55] [WARN] - Skipped adding solar data for AS-LAO (no generators found in PLEXOS).
INFO [2024-08-14 17:35:55] [WARN] - Skipped adding solar data for AS-LBN (no generators found in PLEXOS).
INFO [2024-08-14 17:35:55] [SOLAR] - Adding AS-LKA aggregated solar data...
INFO [2024-08-14 17:35:55] [SOLAR] - Adding AS-MMR aggregated solar data...
INFO [2024-08-14 17:35:55] [WARN] - Skipped adding solar data for AS-MNG (no generators found in PLEXOS).
INFO [2024-08-14 17:35:56] [SOLAR] - Adding AS-MYS aggregated solar data...
INFO [2024-08-14 17:35:56] [SOLAR] - Adding AS-NPL aggregated solar data...
INFO [2024-08-14 17:35:56] [WARN] - Skipped adding solar data for AS-OMN (no generators found in PLEXOS).
INFO [2024-08-14 17:35:56] [SOLAR] - Adding AS-PAK aggregated solar data...
INFO [2024-08-14 17:35:57] [SOLAR] - Adding AS-PHL aggregated solar data...
INFO [2024-08-14 17:35:57] [WARN] - Skipped adding solar data for AS-PRK (no generators found in PLEXOS).
INFO [2024-08-14 17:35:57] [WARN] - Skipped adding solar data for AS-QAT (no generators found in PLEXOS).
INFO [2024-08-14 17:35:57] [SOLAR] - Adding AS-RUS-CE aggregated solar data...
INFO [2024-08-14 17:35:57] [SOLAR] - Adding AS-RUS-FE aggregated solar data...
INFO [2024-08-14 17:35:57] [WARN] - Skipped adding solar data for AS-RUS-MV (no generators found in PLEXOS).
INFO [2024-08-14 17:35:57] [WARN] - Skipped adding solar data for AS-RUS-NW (no generators found in PLEXOS).
INFO [2024-08-14 17:35:58] [SOLAR] - Adding AS-RUS-SI aggregated solar data...
INFO [2024-08-14 17:35:58] [WARN] - Skipped adding solar data for AS-RUS-SO (no generators found in PLEXOS).
INFO [2024-08-14 17:35:58] [SOLAR] - Adding AS-RUS-UR aggregated solar data...
INFO [2024-08-14 17:35:58] [SOLAR] - Adding AS-SAU aggregated solar data...
INFO [2024-08-14 17:35:59] [SOLAR] - Adding AS-SGP aggregated solar data...
INFO [2024-08-14 17:35:59] [WARN] - Skipped adding solar data for AS-SYR (no generators found in PLEXOS).
INFO [2024-08-14 17:35:59] [SOLAR] - Adding AS-THA aggregated solar data...
INFO [2024-08-14 17:35:59] [WARN] - Skipped adding solar data for AS-TJK (no generators found in PLEXOS).
INFO [2024-08-14 17:35:59] [WARN] - Skipped adding solar data for AS-TKM (no generators found in PLEXOS).
INFO [2024-08-14 17:36:00] [SOLAR] - Adding AS-TUR aggregated solar data...
INFO [2024-08-14 17:36:00] [SOLAR] - Adding AS-TWN aggregated solar data...
INFO [2024-08-14 17:36:00] [WARN] - Skipped adding solar data for AS-UZB (no generators found in PLEXOS).
INFO [2024-08-14 17:36:00] [WARN] - Skipped adding solar data for AS-VNM (no generators found in PLEXOS).
INFO [2024-08-14 17:36:00] [SOLAR] - Adding AS-YEM aggregated solar data...
INFO [2024-08-14 17:36:00] [MAIN] - Done adding solar data! (run time : 21.09s).

INFO [2024-08-14 17:36:00] [MAIN] - Beginning hydro implementation...
INFO [2024-08-14 17:36:01] [HYDRO] - Initializing AS-AFG hydro parameters...
INFO [2024-08-14 17:36:02] [HYDRO] - Adding AS-AFG max power timeseries...
INFO [2024-08-14 17:36:03] [HYDRO] - Adding AS-AFG hydro profiles...
INFO [2024-08-14 17:36:03] [HYDRO] - Initializing AS-BGD hydro parameters...
INFO [2024-08-14 17:36:04] [HYDRO] - Adding AS-BGD max power timeseries...
INFO [2024-08-14 17:36:05] [HYDRO] - Adding AS-BGD hydro profiles...
INFO [2024-08-14 17:36:06] [HYDRO] - Initializing AS-BTN hydro parameters...
INFO [2024-08-14 17:36:06] [HYDRO] - Adding AS-BTN max power timeseries...
INFO [2024-08-14 17:36:07] [HYDRO] - Adding AS-BTN hydro profiles...
INFO [2024-08-14 17:36:08] [HYDRO] - Initializing AS-CHN-AN hydro parameters...
INFO [2024-08-14 17:36:08] [HYDRO] - Adding AS-CHN-AN max power timeseries...
INFO [2024-08-14 17:36:09] [HYDRO] - Adding AS-CHN-AN hydro profiles...
INFO [2024-08-14 17:36:10] [HYDRO] - Initializing AS-CHN-BE hydro parameters...
INFO [2024-08-14 17:36:10] [HYDRO] - Adding AS-CHN-BE max power timeseries...
INFO [2024-08-14 17:36:11] [HYDRO] - Adding AS-CHN-BE hydro profiles...
INFO [2024-08-14 17:36:12] [HYDRO] - Initializing AS-CHN-CH hydro parameters...
INFO [2024-08-14 17:36:12] [HYDRO] - Adding AS-CHN-CH max power timeseries...
INFO [2024-08-14 17:36:13] [HYDRO] - Adding AS-CHN-CH hydro profiles...
INFO [2024-08-14 17:36:14] [HYDRO] - Initializing AS-CHN-FU hydro parameters...
INFO [2024-08-14 17:36:14] [HYDRO] - Adding AS-CHN-FU max power timeseries...
INFO [2024-08-14 17:36:15] [HYDRO] - Adding AS-CHN-FU hydro profiles...
INFO [2024-08-14 17:36:16] [HYDRO] - Initializing AS-CHN-GA hydro parameters...
INFO [2024-08-14 17:36:16] [HYDRO] - Adding AS-CHN-GA max power timeseries...
INFO [2024-08-14 17:36:17] [HYDRO] - Adding AS-CHN-GA hydro profiles...
INFO [2024-08-14 17:36:18] [HYDRO] - Initializing AS-CHN-GD hydro parameters...
INFO [2024-08-14 17:36:18] [HYDRO] - Adding AS-CHN-GD max power timeseries...
INFO [2024-08-14 17:36:19] [HYDRO] - Adding AS-CHN-GD hydro profiles...
INFO [2024-08-14 17:36:20] [HYDRO] - Initializing AS-CHN-GU hydro parameters...
INFO [2024-08-14 17:36:20] [HYDRO] - Adding AS-CHN-GU max power timeseries...
INFO [2024-08-14 17:36:21] [HYDRO] - Adding AS-CHN-GU hydro profiles...
INFO [2024-08-14 17:36:22] [HYDRO] - Initializing AS-CHN-GX hydro parameters...
INFO [2024-08-14 17:36:22] [HYDRO] - Adding AS-CHN-GX max power timeseries...
INFO [2024-08-14 17:36:23] [HYDRO] - Adding AS-CHN-GX hydro profiles...
INFO [2024-08-14 17:36:24] [HYDRO] - Initializing AS-CHN-HA hydro parameters...
INFO [2024-08-14 17:36:25] [HYDRO] - Adding AS-CHN-HA max power timeseries...
INFO [2024-08-14 17:36:26] [HYDRO] - Adding AS-CHN-HA hydro profiles...
INFO [2024-08-14 17:36:27] [HYDRO] - Initializing AS-CHN-HB hydro parameters...
INFO [2024-08-14 17:36:27] [HYDRO] - Adding AS-CHN-HB max power timeseries...
INFO [2024-08-14 17:36:28] [HYDRO] - Adding AS-CHN-HB hydro profiles...
INFO [2024-08-14 17:36:29] [HYDRO] - Initializing AS-CHN-HE hydro parameters...
INFO [2024-08-14 17:36:29] [HYDRO] - Adding AS-CHN-HE max power timeseries...
INFO [2024-08-14 17:36:30] [HYDRO] - Adding AS-CHN-HE hydro profiles...
INFO [2024-08-14 17:36:31] [HYDRO] - Initializing AS-CHN-HJ hydro parameters...
INFO [2024-08-14 17:36:32] [HYDRO] - Adding AS-CHN-HJ max power timeseries...
INFO [2024-08-14 17:36:32] [HYDRO] - Adding AS-CHN-HJ hydro profiles...
INFO [2024-08-14 17:36:33] [HYDRO] - Initializing AS-CHN-HN hydro parameters...
INFO [2024-08-14 17:36:34] [HYDRO] - Adding AS-CHN-HN max power timeseries...
INFO [2024-08-14 17:36:34] [HYDRO] - Adding AS-CHN-HN hydro profiles...
INFO [2024-08-14 17:36:35] [HYDRO] - Initializing AS-CHN-HU hydro parameters...
INFO [2024-08-14 17:36:36] [HYDRO] - Adding AS-CHN-HU max power timeseries...
INFO [2024-08-14 17:36:37] [HYDRO] - Adding AS-CHN-HU hydro profiles...
INFO [2024-08-14 17:36:38] [HYDRO] - Initializing AS-CHN-JI hydro parameters...
INFO [2024-08-14 17:36:38] [HYDRO] - Adding AS-CHN-JI max power timeseries...
INFO [2024-08-14 17:36:39] [HYDRO] - Adding AS-CHN-JI hydro profiles...
INFO [2024-08-14 17:36:40] [HYDRO] - Initializing AS-CHN-JS hydro parameters...
INFO [2024-08-14 17:36:41] [HYDRO] - Adding AS-CHN-JS max power timeseries...
INFO [2024-08-14 17:36:41] [HYDRO] - Adding AS-CHN-JS hydro profiles...
INFO [2024-08-14 17:36:42] [HYDRO] - Initializing AS-CHN-JX hydro parameters...
INFO [2024-08-14 17:36:43] [HYDRO] - Adding AS-CHN-JX max power timeseries...
INFO [2024-08-14 17:36:44] [HYDRO] - Adding AS-CHN-JX hydro profiles...
INFO [2024-08-14 17:36:45] [HYDRO] - Initializing AS-CHN-LI hydro parameters...
INFO [2024-08-14 17:36:45] [HYDRO] - Adding AS-CHN-LI max power timeseries...
INFO [2024-08-14 17:36:46] [HYDRO] - Adding AS-CHN-LI hydro profiles...
INFO [2024-08-14 17:36:47] [HYDRO] - Initializing AS-CHN-NI hydro parameters...
INFO [2024-08-14 17:36:47] [HYDRO] - Adding AS-CHN-NI max power timeseries...
INFO [2024-08-14 17:36:48] [HYDRO] - Adding AS-CHN-NI hydro profiles...
INFO [2024-08-14 17:36:49] [HYDRO] - Initializing AS-CHN-QI hydro parameters...
INFO [2024-08-14 17:36:50] [HYDRO] - Adding AS-CHN-QI max power timeseries...
INFO [2024-08-14 17:36:51] [HYDRO] - Adding AS-CHN-QI hydro profiles...
INFO [2024-08-14 17:36:52] [HYDRO] - Initializing AS-CHN-SC hydro parameters...
INFO [2024-08-14 17:36:52] [HYDRO] - Adding AS-CHN-SC max power timeseries...
INFO [2024-08-14 17:36:53] [HYDRO] - Adding AS-CHN-SC hydro profiles...
INFO [2024-08-14 17:36:54] [HYDRO] - Initializing AS-CHN-SD hydro parameters...
INFO [2024-08-14 17:36:55] [HYDRO] - Adding AS-CHN-SD max power timeseries...
INFO [2024-08-14 17:36:56] [HYDRO] - Adding AS-CHN-SD hydro profiles...
INFO [2024-08-14 17:36:57] [HYDRO] - Initializing AS-CHN-SI hydro parameters...
INFO [2024-08-14 17:36:57] [HYDRO] - Adding AS-CHN-SI max power timeseries...
INFO [2024-08-14 17:36:58] [HYDRO] - Adding AS-CHN-SI hydro profiles...
INFO [2024-08-14 17:36:59] [HYDRO] - Initializing AS-CHN-SX hydro parameters...
INFO [2024-08-14 17:37:00] [HYDRO] - Adding AS-CHN-SX max power timeseries...
INFO [2024-08-14 17:37:01] [HYDRO] - Adding AS-CHN-SX hydro profiles...
INFO [2024-08-14 17:37:02] [HYDRO] - Initializing AS-CHN-TI hydro parameters...
INFO [2024-08-14 17:37:02] [HYDRO] - Adding AS-CHN-TI max power timeseries...
INFO [2024-08-14 17:37:03] [HYDRO] - Adding AS-CHN-TI hydro profiles...
INFO [2024-08-14 17:37:04] [HYDRO] - Initializing AS-CHN-WM hydro parameters...
INFO [2024-08-14 17:37:05] [HYDRO] - Adding AS-CHN-WM max power timeseries...
INFO [2024-08-14 17:37:06] [HYDRO] - Adding AS-CHN-WM hydro profiles...
INFO [2024-08-14 17:37:07] [HYDRO] - Initializing AS-CHN-XI hydro parameters...
INFO [2024-08-14 17:37:07] [HYDRO] - Adding AS-CHN-XI max power timeseries...
INFO [2024-08-14 17:37:08] [HYDRO] - Adding AS-CHN-XI hydro profiles...
INFO [2024-08-14 17:37:09] [HYDRO] - Initializing AS-CHN-YU hydro parameters...
INFO [2024-08-14 17:37:10] [HYDRO] - Adding AS-CHN-YU max power timeseries...
INFO [2024-08-14 17:37:11] [HYDRO] - Adding AS-CHN-YU hydro profiles...
INFO [2024-08-14 17:37:12] [HYDRO] - Initializing AS-CHN-ZH hydro parameters...
INFO [2024-08-14 17:37:12] [HYDRO] - Adding AS-CHN-ZH max power timeseries...
INFO [2024-08-14 17:37:13] [HYDRO] - Adding AS-CHN-ZH hydro profiles...
INFO [2024-08-14 17:37:15] [HYDRO] - Initializing AS-IDN hydro parameters...
INFO [2024-08-14 17:37:15] [HYDRO] - Adding AS-IDN max power timeseries...
INFO [2024-08-14 17:37:16] [HYDRO] - Adding AS-IDN hydro profiles...
INFO [2024-08-14 17:37:17] [HYDRO] - Initializing AS-IND-EA hydro parameters...
INFO [2024-08-14 17:37:18] [HYDRO] - Adding AS-IND-EA max power timeseries...
INFO [2024-08-14 17:37:19] [HYDRO] - Adding AS-IND-EA hydro profiles...
INFO [2024-08-14 17:37:20] [HYDRO] - Initializing AS-IND-NE hydro parameters...
INFO [2024-08-14 17:37:20] [HYDRO] - Adding AS-IND-NE max power timeseries...
INFO [2024-08-14 17:37:21] [HYDRO] - Adding AS-IND-NE hydro profiles...
INFO [2024-08-14 17:37:22] [HYDRO] - Initializing AS-IND-NO hydro parameters...
INFO [2024-08-14 17:37:23] [HYDRO] - Adding AS-IND-NO max power timeseries...
INFO [2024-08-14 17:37:24] [HYDRO] - Adding AS-IND-NO hydro profiles...
INFO [2024-08-14 17:37:25] [HYDRO] - Initializing AS-IND-SO hydro parameters...
INFO [2024-08-14 17:37:25] [HYDRO] - Adding AS-IND-SO max power timeseries...
INFO [2024-08-14 17:37:26] [HYDRO] - Adding AS-IND-SO hydro profiles...
INFO [2024-08-14 17:37:27] [HYDRO] - Initializing AS-IND-WE hydro parameters...
INFO [2024-08-14 17:37:28] [HYDRO] - Adding AS-IND-WE max power timeseries...
INFO [2024-08-14 17:37:29] [HYDRO] - Adding AS-IND-WE hydro profiles...
INFO [2024-08-14 17:37:30] [HYDRO] - Initializing AS-IRN hydro parameters...
INFO [2024-08-14 17:37:31] [HYDRO] - Adding AS-IRN max power timeseries...
INFO [2024-08-14 17:37:32] [HYDRO] - Adding AS-IRN hydro profiles...
INFO [2024-08-14 17:37:33] [HYDRO] - Initializing AS-IRQ hydro parameters...
INFO [2024-08-14 17:37:33] [HYDRO] - Adding AS-IRQ max power timeseries...
INFO [2024-08-14 17:37:34] [HYDRO] - Adding AS-IRQ hydro profiles...
INFO [2024-08-14 17:37:36] [HYDRO] - Initializing AS-JOR hydro parameters...
INFO [2024-08-14 17:37:36] [HYDRO] - Adding AS-JOR max power timeseries...
INFO [2024-08-14 17:37:37] [HYDRO] - Adding AS-JOR hydro profiles...
INFO [2024-08-14 17:37:38] [HYDRO] - Initializing AS-JPN-CE hydro parameters...
INFO [2024-08-14 17:37:39] [HYDRO] - Adding AS-JPN-CE max power timeseries...
INFO [2024-08-14 17:37:40] [HYDRO] - Adding AS-JPN-CE hydro profiles...
INFO [2024-08-14 17:37:41] [HYDRO] - Initializing AS-JPN-HO hydro parameters...
INFO [2024-08-14 17:37:41] [HYDRO] - Adding AS-JPN-HO max power timeseries...
INFO [2024-08-14 17:37:42] [HYDRO] - Adding AS-JPN-HO hydro profiles...
INFO [2024-08-14 17:37:43] [HYDRO] - Initializing AS-JPN-KY hydro parameters...
INFO [2024-08-14 17:37:44] [HYDRO] - Adding AS-JPN-KY max power timeseries...
INFO [2024-08-14 17:37:44] [HYDRO] - Adding AS-JPN-KY hydro profiles...
INFO [2024-08-14 17:37:45] [HYDRO] - Initializing AS-JPN-SH hydro parameters...
INFO [2024-08-14 17:37:46] [HYDRO] - Adding AS-JPN-SH max power timeseries...
INFO [2024-08-14 17:37:46] [HYDRO] - Adding AS-JPN-SH hydro profiles...
INFO [2024-08-14 17:37:47] [HYDRO] - Initializing AS-JPN-TO hydro parameters...
INFO [2024-08-14 17:37:48] [HYDRO] - Adding AS-JPN-TO max power timeseries...
INFO [2024-08-14 17:37:48] [HYDRO] - Adding AS-JPN-TO hydro profiles...
INFO [2024-08-14 17:37:49] [HYDRO] - Initializing AS-KAZ hydro parameters...
INFO [2024-08-14 17:37:49] [HYDRO] - Adding AS-KAZ max power timeseries...
INFO [2024-08-14 17:37:50] [HYDRO] - Adding AS-KAZ hydro profiles...
INFO [2024-08-14 17:37:51] [HYDRO] - Initializing AS-KGZ hydro parameters...
INFO [2024-08-14 17:37:52] [HYDRO] - Adding AS-KGZ max power timeseries...
INFO [2024-08-14 17:37:52] [HYDRO] - Adding AS-KGZ hydro profiles...
INFO [2024-08-14 17:37:53] [HYDRO] - Initializing AS-KHM hydro parameters...
INFO [2024-08-14 17:37:54] [HYDRO] - Adding AS-KHM max power timeseries...
INFO [2024-08-14 17:37:55] [HYDRO] - Adding AS-KHM hydro profiles...
INFO [2024-08-14 17:37:56] [HYDRO] - Initializing AS-KOR hydro parameters...
INFO [2024-08-14 17:37:56] [HYDRO] - Adding AS-KOR max power timeseries...
INFO [2024-08-14 17:37:57] [HYDRO] - Adding AS-KOR hydro profiles...
INFO [2024-08-14 17:37:58] [HYDRO] - Initializing AS-LAO hydro parameters...
INFO [2024-08-14 17:37:58] [HYDRO] - Adding AS-LAO max power timeseries...
INFO [2024-08-14 17:37:59] [HYDRO] - Adding AS-LAO hydro profiles...
INFO [2024-08-14 17:38:00] [HYDRO] - Initializing AS-LBN hydro parameters...
INFO [2024-08-14 17:38:01] [HYDRO] - Adding AS-LBN max power timeseries...
INFO [2024-08-14 17:38:01] [HYDRO] - Adding AS-LBN hydro profiles...
INFO [2024-08-14 17:38:02] [HYDRO] - Initializing AS-LKA hydro parameters...
INFO [2024-08-14 17:38:03] [HYDRO] - Adding AS-LKA max power timeseries...
INFO [2024-08-14 17:38:04] [HYDRO] - Adding AS-LKA hydro profiles...
INFO [2024-08-14 17:38:05] [HYDRO] - Initializing AS-MMR hydro parameters...
INFO [2024-08-14 17:38:05] [HYDRO] - Adding AS-MMR max power timeseries...
INFO [2024-08-14 17:38:06] [HYDRO] - Adding AS-MMR hydro profiles...
INFO [2024-08-14 17:38:07] [HYDRO] - Initializing AS-MYS hydro parameters...
INFO [2024-08-14 17:38:08] [HYDRO] - Adding AS-MYS max power timeseries...
INFO [2024-08-14 17:38:08] [HYDRO] - Adding AS-MYS hydro profiles...
INFO [2024-08-14 17:38:09] [HYDRO] - Initializing AS-NPL hydro parameters...
INFO [2024-08-14 17:38:10] [HYDRO] - Adding AS-NPL max power timeseries...
INFO [2024-08-14 17:38:11] [HYDRO] - Adding AS-NPL hydro profiles...
INFO [2024-08-14 17:38:12] [HYDRO] - Initializing AS-PAK hydro parameters...
INFO [2024-08-14 17:38:12] [HYDRO] - Adding AS-PAK max power timeseries...
INFO [2024-08-14 17:38:13] [HYDRO] - Adding AS-PAK hydro profiles...
INFO [2024-08-14 17:38:14] [HYDRO] - Initializing AS-PHL hydro parameters...
INFO [2024-08-14 17:38:15] [HYDRO] - Adding AS-PHL max power timeseries...
INFO [2024-08-14 17:38:15] [HYDRO] - Adding AS-PHL hydro profiles...
INFO [2024-08-14 17:38:16] [HYDRO] - Initializing AS-PRK hydro parameters...
INFO [2024-08-14 17:38:17] [HYDRO] - Adding AS-PRK max power timeseries...
INFO [2024-08-14 17:38:18] [HYDRO] - Adding AS-PRK hydro profiles...
INFO [2024-08-14 17:38:19] [HYDRO] - Initializing AS-RUS-CE hydro parameters...
INFO [2024-08-14 17:38:19] [HYDRO] - Adding AS-RUS-CE max power timeseries...
INFO [2024-08-14 17:38:20] [HYDRO] - Adding AS-RUS-CE hydro profiles...
INFO [2024-08-14 17:38:21] [HYDRO] - Initializing AS-RUS-FE hydro parameters...
INFO [2024-08-14 17:38:21] [HYDRO] - Adding AS-RUS-FE max power timeseries...
INFO [2024-08-14 17:38:22] [HYDRO] - Adding AS-RUS-FE hydro profiles...
INFO [2024-08-14 17:38:23] [HYDRO] - Initializing AS-RUS-MV hydro parameters...
INFO [2024-08-14 17:38:23] [HYDRO] - Adding AS-RUS-MV max power timeseries...
INFO [2024-08-14 17:38:24] [HYDRO] - Adding AS-RUS-MV hydro profiles...
INFO [2024-08-14 17:38:25] [HYDRO] - Initializing AS-RUS-NW hydro parameters...
INFO [2024-08-14 17:38:26] [HYDRO] - Adding AS-RUS-NW max power timeseries...
INFO [2024-08-14 17:38:26] [HYDRO] - Adding AS-RUS-NW hydro profiles...
INFO [2024-08-14 17:38:27] [HYDRO] - Initializing AS-RUS-SI hydro parameters...
INFO [2024-08-14 17:38:28] [HYDRO] - Adding AS-RUS-SI max power timeseries...
INFO [2024-08-14 17:38:29] [HYDRO] - Adding AS-RUS-SI hydro profiles...
INFO [2024-08-14 17:38:30] [HYDRO] - Initializing AS-RUS-SO hydro parameters...
INFO [2024-08-14 17:38:30] [HYDRO] - Adding AS-RUS-SO max power timeseries...
INFO [2024-08-14 17:38:32] [HYDRO] - Adding AS-RUS-SO hydro profiles...
INFO [2024-08-14 17:38:33] [HYDRO] - Initializing AS-RUS-UR hydro parameters...
INFO [2024-08-14 17:38:34] [HYDRO] - Adding AS-RUS-UR max power timeseries...
INFO [2024-08-14 17:38:35] [HYDRO] - Adding AS-RUS-UR hydro profiles...
INFO [2024-08-14 17:38:36] [HYDRO] - Initializing AS-SYR hydro parameters...
INFO [2024-08-14 17:38:37] [HYDRO] - Adding AS-SYR max power timeseries...
INFO [2024-08-14 17:38:39] [HYDRO] - Adding AS-SYR hydro profiles...
INFO [2024-08-14 17:38:40] [HYDRO] - Initializing AS-THA hydro parameters...
INFO [2024-08-14 17:38:41] [HYDRO] - Adding AS-THA max power timeseries...
INFO [2024-08-14 17:38:42] [HYDRO] - Adding AS-THA hydro profiles...
INFO [2024-08-14 17:38:43] [HYDRO] - Initializing AS-TJK hydro parameters...
INFO [2024-08-14 17:38:43] [HYDRO] - Adding AS-TJK max power timeseries...
INFO [2024-08-14 17:38:44] [HYDRO] - Adding AS-TJK hydro profiles...
INFO [2024-08-14 17:38:45] [HYDRO] - Initializing AS-TUR hydro parameters...
INFO [2024-08-14 17:38:46] [HYDRO] - Adding AS-TUR max power timeseries...
INFO [2024-08-14 17:38:46] [HYDRO] - Adding AS-TUR hydro profiles...
INFO [2024-08-14 17:38:47] [HYDRO] - Initializing AS-TWN hydro parameters...
INFO [2024-08-14 17:38:48] [HYDRO] - Adding AS-TWN max power timeseries...
INFO [2024-08-14 17:38:49] [HYDRO] - Adding AS-TWN hydro profiles...
INFO [2024-08-14 17:38:50] [HYDRO] - Initializing AS-UZB hydro parameters...
INFO [2024-08-14 17:38:50] [HYDRO] - Adding AS-UZB max power timeseries...
INFO [2024-08-14 17:38:51] [HYDRO] - Adding AS-UZB hydro profiles...
INFO [2024-08-14 17:38:52] [HYDRO] - Initializing AS-VNM hydro parameters...
INFO [2024-08-14 17:38:53] [HYDRO] - Adding AS-VNM max power timeseries...
INFO [2024-08-14 17:38:53] [HYDRO] - Adding AS-VNM hydro profiles...
INFO [2024-08-14 17:38:53] [MAIN] - Done adding hydro!
INFO [2024-08-14 17:38:53] [MAIN] - Fetching thermal data...

INFO [2024-08-14 17:38:54] [THERMAL] - Adding AFG_GAS_NORTHWESTKABUL5 generator to AS-AFG node...
INFO [2024-08-14 17:38:54] [THERMAL] - Adding AFG_GAS_CAPACITY SCALER generator to AS-AFG node...
INFO [2024-08-14 17:38:55] [THERMAL] - Adding ARE_GAS_TAPCO18309_SHUWEIHATS118308_TAWEELAHA218311_WASITPOWERSTA18312 generator to AS-ARE node...
INFO [2024-08-14 17:38:55] [THERMAL] - Adding ARE_GAS_AWEERHPH18290_LAYYAHPOWERST18303_JEBELALIK18298_JEBELALIE18296_JEBE generator to AS-ARE node...
INFO [2024-08-14 17:38:56] [THERMAL] - Adding ARE_GAS_TAWEELAHA118310_CAPACITY SCALER_JEBELALID18295_JEBELALIM18301_APCUA generator to AS-ARE node...
INFO [2024-08-14 17:38:56] [THERMAL] - Adding ARE_GAS_HAMRIYAHPOWER18294_AWEERHPH18291_JEBELALIG18297_ALMIRFAPOWER18289_E generator to AS-ARE node...
INFO [2024-08-14 17:38:56] [THERMAL] - Adding ARE_GAS_AJMAN18288_KHORFAKKANSTAT18302_ZAWRA18313 generator to AS-ARE node...
INFO [2024-08-14 17:38:57] [THERMAL] - Adding BGD_GAS_KHULNAKPCL2883_SIDDHIRGANJDU898_SHAHJIBAZAR330895_CHITTAGONGROAZ867 generator to AS-BGD node...
INFO [2024-08-14 17:38:57] [THERMAL] - Adding BGD_GAS_HOBIGANJCONFI874_ULLAPARASUMMI910_SUMMITPOWERC902_FENIDOREEN870_SUM generator to AS-BGD node...
INFO [2024-08-14 17:38:57] [THERMAL] - Adding BGD_GAS_HORIPPURPOWER875_ASHUGANJAGGRE857_SUMMITBIBIANA901 generator to AS-BGD node...
INFO [2024-08-14 17:38:58] [THERMAL] - Adding BGD_GAS_MYMENSINGH887_SHIDDIRGANJST896_SYLHETENERGYP906_BAGHABARIGT1858_BHO generator to AS-BGD node...
INFO [2024-08-14 17:38:58] [THERMAL] - Adding BGD_GAS_SUMMITPOWERM904_JANGALIASUMMI877_TONGIGT909_SUMMITBARISAL900 generator to AS-BGD node...
INFO [2024-08-14 17:38:59] [THERMAL] - Adding BGD_COA_BARUPUKURIAST861 generator to AS-BGD node...
INFO [2024-08-14 17:38:59] [THERMAL] - Adding BGD_OIL_NOAPARAKHANJA889_THAKURGAONRZ907_AMNURA856_PAGLADPA891_PATENGA50MW8 generator to AS-BGD node...
INFO [2024-08-14 17:38:59] [THERMAL] - Adding BGD_OIL_JAMALPURRPP876_SIDDIRGONJDES899_HATHAZARI873_CLCPCKERANIGON866_JHUL generator to AS-BGD node...
INFO [2024-08-14 17:39:00] [THERMAL] - Adding BGD_OIL_RANGPURGT893_NARSHINGDIDOR888 generator to AS-BGD node...
INFO [2024-08-14 17:39:00] [THERMAL] - Adding BGD_OIL_KODDAGAJIPUR884_MADANGANJSUMM885 generator to AS-BGD node...
INFO [2024-08-14 17:39:01] [THERMAL] - Adding BGD_OIL_SHIKALBAHAPEAK897_BHERAMARAGTU863 generator to AS-BGD node...
INFO [2024-08-14 17:39:01] [THERMAL] - Adding BHR_GAS_SITRAPOWERAN855 generator to AS-BHR node...
INFO [2024-08-14 17:39:01] [THERMAL] - Adding BHR_GAS_ALEZZELPOWER850_HIDDPOWERAND853 generator to AS-BHR node...
INFO [2024-08-14 17:39:02] [THERMAL] - Adding BHR_GAS_RIFAAPOWERST854 generator to AS-BHR node...
INFO [2024-08-14 17:39:02] [THERMAL] - Adding BHR_GAS_ALBAPOWERSTAT851 generator to AS-BHR node...
INFO [2024-08-14 17:39:02] [THERMAL] - Adding BHR_GAS_ALDURPOWERAN849 generator to AS-BHR node...
INFO [2024-08-14 17:39:03] [THERMAL] - Adding BHR_OIL_HAWARPOWERAD852 generator to AS-BHR node...
INFO [2024-08-14 17:39:03] [THERMAL] - Adding BRN_GAS_BERAKASCCGTPO3386 generator to AS-BRN node...
INFO [2024-08-14 17:39:04] [THERMAL] - Adding BRN_GAS_BUKITPANGGALC3387 generator to AS-BRN node...
INFO [2024-08-14 17:39:04] [THERMAL] - Adding BRN_GAS_GADONG2POWER3388 generator to AS-BRN node...
INFO [2024-08-14 17:39:04] [THERMAL] - Adding BRN_GAS_LUMUTCOGENPOW3389 generator to AS-BRN node...
INFO [2024-08-14 17:39:05] [THERMAL] - Adding BRN_GAS_CAPACITY SCALER generator to AS-BRN node...
INFO [2024-08-14 17:39:05] [THERMAL] - Adding CHN_GAS_HUAIBEIHAIZIA5917_ANQINGCITYLAN4876 generator to AS-CHN-AN node...
INFO [2024-08-14 17:39:05] [THERMAL] - Adding CHN_GAS_ANHUIHUAIBEIQ4865_HEFEILONGQUANS5744 generator to AS-CHN-AN node...
INFO [2024-08-14 17:39:06] [THERMAL] - Adding CHN_GAS_PANSANCOALMIN6795 generator to AS-CHN-AN node...
INFO [2024-08-14 17:39:06] [THERMAL] - Adding CHN-AN_GAS_CAPACITY SCALER generator to AS-CHN-AN node...
INFO [2024-08-14 17:39:07] [THERMAL] - Adding CHN_GAS_HANGZHOUHADIAN5700 generator to AS-CHN-AN node...
INFO [2024-08-14 17:39:07] [THERMAL] - Adding CHN_COA_MAANSHANSTEEL6634_SINOPECANQING7245_DATANGANHUIHU5170_HUAIBEIGUOANP generator to AS-CHN-AN node...
INFO [2024-08-14 17:39:07] [THERMAL] - Adding CHN_COA_PANSANPOWERST6796_HUAINANLUOHEP5923_OA_CAPACITY SCALER_ANHUIBENGBUP generator to AS-CHN-AN node...
INFO [2024-08-14 17:39:08] [THERMAL] - Adding CHN_COA_JINYUANTHERMAL6412 generator to AS-CHN-AN node...
INFO [2024-08-14 17:39:08] [THERMAL] - Adding CHN_COA_HUAINANTIANJI5924_TONGLINGWANNEN7345_SHENHUAANQING7064_WENERGYMAANS generator to AS-CHN-AN node...
INFO [2024-08-14 17:39:08] [THERMAL] - Adding CHN_COA_HEFEI2POWERS5746_SUZHOUHUIYUAN7268_HEFEIPOWERSTA5745_HUADIANSUZHOU5 generator to AS-CHN-AN node...
INFO [2024-08-14 17:39:09] [THERMAL] - Adding CHN-AN_BIO_CAPACITY SCALER generator to AS-CHN-AN node...
INFO [2024-08-14 17:39:09] [THERMAL] - Adding CHN_GAS_BEJINGSOUTHWES4958_BEIJINGTAIYANG4952 generator to AS-CHN-BE node...
INFO [2024-08-14 17:39:10] [THERMAL] - Adding CHN_GAS_BEIJINGYIZHU4948_YIZHUANG7649 generator to AS-CHN-BE node...
INFO [2024-08-14 17:39:10] [THERMAL] - Adding CHN-BE_GAS_CAPACITY SCALER_BEIJINGNORTH4944_BEIJINGNORTH4945_BEIJINGSOUTH49 generator to AS-CHN-BE node...
INFO [2024-08-14 17:39:10] [THERMAL] - Adding CHN_GAS_HUADIANBEJING5841 generator to AS-CHN-BE node...
INFO [2024-08-14 17:39:11] [THERMAL] - Adding CHN_GAS_BEIJINGNO34951 generator to AS-CHN-BE node...
INFO [2024-08-14 17:39:11] [THERMAL] - Adding CHN_COA_BEIJINGSHIJI4946 generator to AS-CHN-BE node...
INFO [2024-08-14 17:39:12] [THERMAL] - Adding CHN-BE_BIO_CAPACITY SCALER generator to AS-CHN-BE node...
INFO [2024-08-14 17:39:12] [THERMAL] - Adding CHN_NUC_CEFR4973 generator to AS-CHN-BE node...
INFO [2024-08-14 17:39:13] [THERMAL] - Adding CHN_GAS_CHONGQINGPINGX5108 generator to AS-CHN-CH node...
INFO [2024-08-14 17:39:13] [THERMAL] - Adding CHN_GAS_SICHUANGUANGAN7154 generator to AS-CHN-CH node...
INFO [2024-08-14 17:39:14] [THERMAL] - Adding CHN-CH_GAS_CAPACITY SCALER generator to AS-CHN-CH node...
INFO [2024-08-14 17:39:14] [THERMAL] - Adding CHN_GAS_LIANGJIANG6495 generator to AS-CHN-CH node...
INFO [2024-08-14 17:39:15] [THERMAL] - Adding CHN_COA_CHONGQINGLEE5103_CHONGQINGNINE5107 generator to AS-CHN-CH node...
INFO [2024-08-14 17:39:15] [THERMAL] - Adding CHN_COA_ANWENSONGZAOP4882_YONGCHUANSONGG7653_CHONGQINGSHUAN5113 generator to AS-CHN-CH node...
INFO [2024-08-14 17:39:15] [THERMAL] - Adding CHN_COA_SHENHUAWANZHOU7076_HUANENGLUOHUAN5978_CHONGQINGBAIHE5098_CHONGQINGC generator to AS-CHN-CH node...
INFO [2024-08-14 17:39:16] [THERMAL] - Adding CHN_COA_BAITAOCOGENPO4905 generator to AS-CHN-CH node...
INFO [2024-08-14 17:39:16] [THERMAL] - Adding CHN_COA_CHONGQINGLONGQ5105_CHONGQINGQINEN5110_CHONGQINGSHIZH5112_OA_CAPACIT generator to AS-CHN-CH node...
INFO [2024-08-14 17:39:17] [THERMAL] - Adding CHN-CH_BIO_CAPACITY SCALER generator to AS-CHN-CH node...
INFO [2024-08-14 17:39:17] [THERMAL] - Adding CHN_COA_JINGNENGCHIFEN6383_TONGLIAOPOWER7343_DUOLUNCOALCHE5301_HUANENGYIMIN generator to AS-CHN-EM node...
INFO [2024-08-14 17:39:18] [THERMAL] - Adding CHN_COA_HUANENGEASTHA5946_KEYOUZHONGQIPO6456 generator to AS-CHN-EM node...
INFO [2024-08-14 17:39:18] [THERMAL] - Adding CHN_COA_HUOLINHEZHANUT6171_BAYANHUAJINSHA4934_CHIFENGYUANBAO5087_CPICHIFENG generator to AS-CHN-EM node...
INFO [2024-08-14 17:39:19] [THERMAL] - Adding CHN_COA_HUANENGYAKESHI6047_ULANHOTXINGAN7363 generator to AS-CHN-EM node...
INFO [2024-08-14 17:39:19] [THERMAL] - Adding CHN_COA_HAILARCOAL5679_HUANENGMANZHOU5981_HUANENGMANZHOU5982 generator to AS-CHN-EM node...
INFO [2024-08-14 17:39:20] [THERMAL] - Adding CHN-EM_BIO_CAPACITY SCALER generator to AS-CHN-EM node...
INFO [2024-08-14 17:39:20] [THERMAL] - Adding CHN_GAS_FUJIANJINJIANG5353 generator to AS-CHN-FU node...
INFO [2024-08-14 17:39:21] [THERMAL] - Adding CHN_GAS_HUIANWASTEINC6109 generator to AS-CHN-FU node...
INFO [2024-08-14 17:39:21] [THERMAL] - Adding CHN-FU_GAS_CAPACITY SCALER generator to AS-CHN-FU node...
INFO [2024-08-14 17:39:22] [THERMAL] - Adding CHN_GAS_FUJIANPUTIAN5369_FUJIANXIAMEND5379 generator to AS-CHN-FU node...
INFO [2024-08-14 17:39:22] [THERMAL] - Adding CHN_GAS_XIAMENDONGFUL7443_XIAMENEASTERN7444_XIAMENWESTERN7446 generator to AS-CHN-FU node...
INFO [2024-08-14 17:39:22] [THERMAL] - Adding CHN_COA_HUANENGFUZHOU5953 generator to AS-CHN-FU node...
INFO [2024-08-14 17:39:23] [THERMAL] - Adding CHN_COA_XIAMENPOWERST7447_SHENHUAJINJIAN7072 generator to AS-CHN-FU node...
INFO [2024-08-14 17:39:23] [THERMAL] - Adding CHN-FU_COA_CAPACITY SCALER_FUJIANHONGSHAN5346 generator to AS-CHN-FU node...
INFO [2024-08-14 17:39:24] [THERMAL] - Adding CHN_COA_FUZHOUKEMENPO5404_GUODIANJIANGYI5585_HANGHAULONGYA5695_HOUSHIPOWERS generator to AS-CHN-FU node...
INFO [2024-08-14 17:39:24] [THERMAL] - Adding CHN_COA_NANPUQUANZHOU6692_MEIZHOUWANPOW6661_DATANGNINGDEP5216 generator to AS-CHN-FU node...
INFO [2024-08-14 17:39:25] [THERMAL] - Adding CHN-FU_BIO_CAPACITY SCALER generator to AS-CHN-FU node...
INFO [2024-08-14 17:39:25] [THERMAL] - Adding CHN_NUC_FUQING5393 generator to AS-CHN-FU node...
INFO [2024-08-14 17:39:26] [THERMAL] - Adding CHN_NUC_NINGDE6713 generator to AS-CHN-FU node...
INFO [2024-08-14 17:39:26] [THERMAL] - Adding CHN_COA_GEPICZHANGYEP5407_DATANGGANGUPO5189_GUODIANJIUQUAN5592_GUODIANYUZHO generator to AS-CHN-GA node...
INFO [2024-08-14 17:39:26] [THERMAL] - Adding CHN_COA_POWERCHINAHUAT6818_GUODIANJINGYUA5590_DATANG803POWE5169_DATANGLIANC generator to AS-CHN-GA node...
INFO [2024-08-14 17:39:27] [THERMAL] - Adding CHN-GA_COA_CAPACITY SCALER_HUANENGPINGLIA5989_JIAYUGUANALUMI6330_JISCO1POWE generator to AS-CHN-GA node...
INFO [2024-08-14 17:39:27] [THERMAL] - Adding CHN_COA_JISCO2POWERS6417_DATANGXIGUPOW5240_JINGYUAN2POWE6394 generator to AS-CHN-GA node...
INFO [2024-08-14 17:39:28] [THERMAL] - Adding CHN_COA_DATANGJINGTAI5202_GANSUCHONGXIN5419_GEPICJINCHANG5406 generator to AS-CHN-GA node...
INFO [2024-08-14 17:39:28] [THERMAL] - Adding CHN-GA_BIO_CAPACITY SCALER generator to AS-CHN-GA node...
INFO [2024-08-14 17:39:29] [THERMAL] - Adding CHN_GAS_ZHONGSHANJIAMI7867_HENGMENGAS5794_GUANGZHOUZHUJI5542_SHENZHENEAST70 generator to AS-CHN-GD node...
INFO [2024-08-14 17:39:29] [THERMAL] - Adding CHN-GD_GAS_CAPACITY SCALER generator to AS-CHN-GD node...
INFO [2024-08-14 17:39:29] [THERMAL] - Adding CHN_GAS_MEIZHOULANDFIL6660_GUANGDONGSHENZ5504_HUIZHOULANDFIL6121_SHENZHENXI generator to AS-CHN-GD node...
INFO [2024-08-14 17:39:30] [THERMAL] - Adding CHN_GAS_FENGDAGAS5326_GUANGDONGHUIZH5493_GUANGZHOUNANSH5536_HUIZHOULNGGAS61 generator to AS-CHN-GD node...
INFO [2024-08-14 17:39:30] [THERMAL] - Adding CHN_GAS_HENGMENEXPANSI5793_QIANWANGAS6839_SHENZHENQIANWA7092 generator to AS-CHN-GD node...
INFO [2024-08-14 17:39:31] [THERMAL] - Adding CHN_COA_SHANWEIHONGHAI7019_YANGXIZHUJIANG7596_YUNFUPOWERSTA7686_ZHUHAIGZPPO generator to AS-CHN-GD node...
INFO [2024-08-14 17:39:31] [THERMAL] - Adding CHN_COA_MAOMINGRUINE6650_GUANGZHOUZHUJI5543_YUELIANCOAL7668_MAWANPOWERSTA66 generator to AS-CHN-GD node...
INFO [2024-08-14 17:39:32] [THERMAL] - Adding CHN_COA_BAOSTEELZHANJI4922_GUODIANGUANGDO5581_GUANGZHOUPOWER5544_GUANGZHOUR generator to AS-CHN-GD node...
INFO [2024-08-14 17:39:32] [THERMAL] - Adding CHN_COA_MAOMINGREFINER6652_NANHAICHANGHAI6682 generator to AS-CHN-GD node...
INFO [2024-08-14 17:39:32] [THERMAL] - Adding CHN_COA_YANGSHANCOAL7594_JIULONGPAPERM6426_GUANGZHOUWANGL5540_LEEMANPAPER64 generator to AS-CHN-GD node...
INFO [2024-08-14 17:39:33] [THERMAL] - Adding CHN-GD_BIO_CAPACITY SCALER generator to AS-CHN-GD node...
INFO [2024-08-14 17:39:33] [THERMAL] - Adding CHN_NUC_DAYABAY5253 generator to AS-CHN-GD node...
INFO [2024-08-14 17:39:34] [THERMAL] - Adding CHN_NUC_LINGAO6551 generator to AS-CHN-GD node...
INFO [2024-08-14 17:39:34] [THERMAL] - Adding CHN_NUC_YANGJIANG7583 generator to AS-CHN-GD node...
INFO [2024-08-14 17:39:35] [THERMAL] - Adding CHN-GD_OIL_CAPACITY SCALER generator to AS-CHN-GD node...
INFO [2024-08-14 17:39:35] [THERMAL] - Adding CHN_OIL_SHUNDEOIL7133 generator to AS-CHN-GD node...
INFO [2024-08-14 17:39:35] [THERMAL] - Adding CHN_GAS_GUIZHOUZUNYIL5569 generator to AS-CHN-GU node...
INFO [2024-08-14 17:39:36] [THERMAL] - Adding CHN_GAS_GUIZHOUJINQIAO5560_WANTIANCOALMI7383 generator to AS-CHN-GU node...
INFO [2024-08-14 17:39:36] [THERMAL] - Adding CHN_GAS_GUIZHOUHONGGUO5558 generator to AS-CHN-GU node...
INFO [2024-08-14 17:39:37] [THERMAL] - Adding CHN-GU_COA_CAPACITY SCALER generator to AS-CHN-GU node...
INFO [2024-08-14 17:39:37] [THERMAL] - Adding CHN_COA_PANXIAN1POWER6798_XISHUIERLANGP7550_QIANXIPOWERST6840_XISHUIPOWERST generator to AS-CHN-GU node...
INFO [2024-08-14 17:39:37] [THERMAL] - Adding CHN_COA_SHUICHENGMINE7126 generator to AS-CHN-GU node...
INFO [2024-08-14 17:39:38] [THERMAL] - Adding CHN_COA_BIJIEPOWERSTA4959_DAFANGPOWERST5138_GUIZHOUDALONG5555_GUIZHOUFAERPO generator to AS-CHN-GU node...
INFO [2024-08-14 17:39:38] [THERMAL] - Adding CHN_COA_QINGSHUIHECAPT6877 generator to AS-CHN-GU node...
INFO [2024-08-14 17:39:39] [THERMAL] - Adding CHN-GU_BIO_CAPACITY SCALER generator to AS-CHN-GU node...
INFO [2024-08-14 17:39:39] [THERMAL] - Adding CHN_GAS_GUILINCHONGKOU5552 generator to AS-CHN-GX node...
INFO [2024-08-14 17:39:39] [THERMAL] - Adding CHN_COA_PINGGUOALUMINU6810_SUYUANPOWERST7264 generator to AS-CHN-GX node...
INFO [2024-08-14 17:39:40] [THERMAL] - Adding CHN_COA_BEIHAIBEBUWAN4942_LIUZHOUCITYPO6573 generator to AS-CHN-GX node...
INFO [2024-08-14 17:39:40] [THERMAL] - Adding CHN-GX_COA_CAPACITY SCALER_BAISECOAL4896_GUODIANNANNING5598_LAIBINPOWERST64 generator to AS-CHN-GX node...
INFO [2024-08-14 17:39:41] [THERMAL] - Adding CHN_COA_FANGCHENGGANGC5319_HEZHOUPOWERST5809_BAISETIANYANG4898_GUODIANYONGF generator to AS-CHN-GX node...
INFO [2024-08-14 17:39:41] [THERMAL] - Adding CHN_COA_TIANDONGKAMSHI7302_JINGXIXINFAAL6393_SDICQINZHOUPO6922 generator to AS-CHN-GX node...
INFO [2024-08-14 17:39:41] [THERMAL] - Adding CHN-GX_BIO_CAPACITY SCALER generator to AS-CHN-GX node...
INFO [2024-08-14 17:39:42] [THERMAL] - Adding CHN_NUC_FANGCHENGGANG5318 generator to AS-CHN-GX node...
INFO [2024-08-14 17:39:42] [THERMAL] - Adding CHN-HA_GAS_CAPACITY SCALER generator to AS-CHN-HA node...
INFO [2024-08-14 17:39:43] [THERMAL] - Adding CHN_GAS_NANSHANGAS6695 generator to AS-CHN-HA node...
INFO [2024-08-14 17:39:43] [THERMAL] - Adding CHN_GAS_YANGPUGAS7588 generator to AS-CHN-HA node...
INFO [2024-08-14 17:39:43] [THERMAL] - Adding CHN-HA_COA_CAPACITY SCALER generator to AS-CHN-HA node...
INFO [2024-08-14 17:39:44] [THERMAL] - Adding CHN_COA_HUANENGHAIKOU5959 generator to AS-CHN-HA node...
INFO [2024-08-14 17:39:44] [THERMAL] - Adding CHN_COA_HAINANSOUTHWES5684 generator to AS-CHN-HA node...
INFO [2024-08-14 17:39:45] [THERMAL] - Adding CHN_COA_HUANENGHAINAN5961 generator to AS-CHN-HA node...
INFO [2024-08-14 17:39:45] [THERMAL] - Adding CHN_COA_JINHAIMILLPOW6396 generator to AS-CHN-HA node...
INFO [2024-08-14 17:39:46] [THERMAL] - Adding CHN-HA_BIO_CAPACITY SCALER generator to AS-CHN-HA node...
INFO [2024-08-14 17:39:46] [THERMAL] - Adding CHN_NUC_CHANGJIANG5051 generator to AS-CHN-HA node...
INFO [2024-08-14 17:39:46] [THERMAL] - Adding CHN_GAS_HEBEISHENGYUAN5727 generator to AS-CHN-HB node...
INFO [2024-08-14 17:39:47] [THERMAL] - Adding CHN_GAS_BAODINGLANDFIL4915_SUZHOULANDFILL7269 generator to AS-CHN-HB node...
INFO [2024-08-14 17:39:47] [THERMAL] - Adding CHN_GAS_HEBEILINGDA5718 generator to AS-CHN-HB node...
INFO [2024-08-14 17:39:48] [THERMAL] - Adding CHN_GAS_HEBEICANGZHOU5705 generator to AS-CHN-HB node...
INFO [2024-08-14 17:39:48] [THERMAL] - Adding CHN_GAS_TIANJINSHUANGK7318 generator to AS-CHN-HB node...
INFO [2024-08-14 17:39:49] [THERMAL] - Adding CHN_COA_DINGZHOUPOWER5272_HUANGHUACANGZH6069_HUANENGSHANGAN6002_ZHANGJIAKOU generator to AS-CHN-HB node...
