INFO [2024-09-03 09:51:55] [MAIN] - Reading simulations of pre-existing Deane_testWorld_v1__2024_08_25_21_23_09 study...
INFO [2024-09-03 09:51:56] [MAIN] - Opening 20240826-0706eco-fastUCM_worldDistrict simulation...
INFO [2024-09-03 09:51:56] [MAIN] - Preparing to save regional load monotones...
INFO [2024-09-03 09:52:04] [MONOT] - Saving hourly load monotone for as-chn-an node...
INFO [2024-09-03 09:54:56] [MONOT] - The hourly load monotone for as-chn-an has been saved!
INFO [2024-09-03 09:54:56] [MONOT] - Saving hourly load monotone for as-chn-be node...
INFO [2024-09-03 09:56:54] [MONOT] - The hourly load monotone for as-chn-be has been saved!
INFO [2024-09-03 09:56:54] [MONOT] - Saving hourly load monotone for as-chn-ch node...
INFO [2024-09-03 09:59:50] [MONOT] - The hourly load monotone for as-chn-ch has been saved!
INFO [2024-09-03 09:59:50] [MONOT] - Saving hourly load monotone for as-chn-em node...
INFO [2024-09-03 10:02:51] [MONOT] - The hourly load monotone for as-chn-em has been saved!
INFO [2024-09-03 10:02:51] [MONOT] - Saving hourly load monotone for as-chn-fu node...
INFO [2024-09-03 10:04:56] [MONOT] - The hourly load monotone for as-chn-fu has been saved!
INFO [2024-09-03 10:04:56] [MONOT] - Saving hourly load monotone for as-chn-ga node...
INFO [2024-09-03 10:07:46] [MONOT] - The hourly load monotone for as-chn-ga has been saved!
INFO [2024-09-03 10:07:46] [MONOT] - Saving hourly load monotone for as-chn-gd node...
INFO [2024-09-03 10:09:40] [MONOT] - The hourly load monotone for as-chn-gd has been saved!
INFO [2024-09-03 10:09:40] [MONOT] - Saving hourly load monotone for as-chn-gu node...
INFO [2024-09-03 10:12:42] [MONOT] - The hourly load monotone for as-chn-gu has been saved!
INFO [2024-09-03 10:12:42] [MONOT] - Saving hourly load monotone for as-chn-gx node...
INFO [2024-09-03 10:14:51] [MONOT] - The hourly load monotone for as-chn-gx has been saved!
INFO [2024-09-03 10:14:51] [MONOT] - Saving hourly load monotone for as-chn-ha node...
INFO [2024-09-03 10:17:24] [MONOT] - The hourly load monotone for as-chn-ha has been saved!
INFO [2024-09-03 10:17:24] [MONOT] - Saving hourly load monotone for as-chn-hb node...
INFO [2024-09-03 10:19:16] [MONOT] - The hourly load monotone for as-chn-hb has been saved!
INFO [2024-09-03 10:19:16] [MONOT] - Saving hourly load monotone for as-chn-he node...
INFO [2024-09-03 10:21:29] [MONOT] - The hourly load monotone for as-chn-he has been saved!
INFO [2024-09-03 10:21:29] [MONOT] - Saving hourly load monotone for as-chn-hj node...
INFO [2024-09-03 10:23:54] [MONOT] - The hourly load monotone for as-chn-hj has been saved!
INFO [2024-09-03 10:23:54] [MONOT] - Saving hourly load monotone for as-chn-hk node...
INFO [2024-09-03 10:26:30] [MONOT] - The hourly load monotone for as-chn-hk has been saved!
INFO [2024-09-03 10:26:30] [MONOT] - Saving hourly load monotone for as-chn-hn node...
INFO [2024-09-03 10:28:52] [MONOT] - The hourly load monotone for as-chn-hn has been saved!
INFO [2024-09-03 10:28:52] [MONOT] - Saving hourly load monotone for as-chn-hu node...
INFO [2024-09-03 10:32:17] [MONOT] - The hourly load monotone for as-chn-hu has been saved!
INFO [2024-09-03 10:32:17] [MONOT] - Saving hourly load monotone for as-chn-ji node...
INFO [2024-09-03 10:34:23] [MONOT] - The hourly load monotone for as-chn-ji has been saved!
INFO [2024-09-03 10:34:23] [MONOT] - Saving hourly load monotone for as-chn-js node...
INFO [2024-09-03 10:36:24] [MONOT] - The hourly load monotone for as-chn-js has been saved!
INFO [2024-09-03 10:36:24] [MONOT] - Saving hourly load monotone for as-chn-jx node...
INFO [2024-09-03 10:38:37] [MONOT] - The hourly load monotone for as-chn-jx has been saved!
INFO [2024-09-03 10:38:37] [MONOT] - Saving hourly load monotone for as-chn-li node...
INFO [2024-09-03 10:41:56] [MONOT] - The hourly load monotone for as-chn-li has been saved!
INFO [2024-09-03 10:41:56] [MONOT] - Saving hourly load monotone for as-chn-ma node...
INFO [2024-09-03 10:44:01] [MONOT] - The hourly load monotone for as-chn-ma has been saved!
INFO [2024-09-03 10:44:01] [MONOT] - Saving hourly load monotone for as-chn-ni node...
INFO [2024-09-03 10:47:09] [MONOT] - The hourly load monotone for as-chn-ni has been saved!
INFO [2024-09-03 10:47:09] [MONOT] - Saving hourly load monotone for as-chn-qi node...
INFO [2024-09-03 10:50:12] [MONOT] - The hourly load monotone for as-chn-qi has been saved!
INFO [2024-09-03 10:50:12] [MONOT] - Saving hourly load monotone for as-chn-sc node...
INFO [2024-09-03 10:53:42] [MONOT] - The hourly load monotone for as-chn-sc has been saved!
INFO [2024-09-03 10:53:42] [MONOT] - Saving hourly load monotone for as-chn-sd node...
INFO [2024-09-03 10:55:52] [MONOT] - The hourly load monotone for as-chn-sd has been saved!
INFO [2024-09-03 10:55:52] [MONOT] - Saving hourly load monotone for as-chn-sh node...
INFO [2024-09-03 10:58:04] [MONOT] - The hourly load monotone for as-chn-sh has been saved!
INFO [2024-09-03 10:58:04] [MONOT] - Saving hourly load monotone for as-chn-si node...
INFO [2024-09-03 11:01:48] [MONOT] - The hourly load monotone for as-chn-si has been saved!
INFO [2024-09-03 11:01:48] [MONOT] - Saving hourly load monotone for as-chn-sx node...
INFO [2024-09-03 11:05:34] [MONOT] - The hourly load monotone for as-chn-sx has been saved!
INFO [2024-09-03 11:05:34] [MONOT] - Saving hourly load monotone for as-chn-ti node...
INFO [2024-09-03 11:09:07] [MONOT] - The hourly load monotone for as-chn-ti has been saved!
INFO [2024-09-03 11:09:07] [MONOT] - Saving hourly load monotone for as-chn-tj node...
INFO [2024-09-03 11:11:19] [MONOT] - The hourly load monotone for as-chn-tj has been saved!
INFO [2024-09-03 11:11:19] [MONOT] - Saving hourly load monotone for as-chn-wm node...
INFO [2024-09-03 11:14:59] [MONOT] - The hourly load monotone for as-chn-wm has been saved!
INFO [2024-09-03 11:14:59] [MONOT] - Saving hourly load monotone for as-chn-xi node...
INFO [2024-09-03 11:18:12] [MONOT] - The hourly load monotone for as-chn-xi has been saved!
INFO [2024-09-03 11:18:12] [MONOT] - Saving hourly load monotone for as-chn-yu node...
INFO [2024-09-03 11:21:25] [MONOT] - The hourly load monotone for as-chn-yu has been saved!
INFO [2024-09-03 11:21:25] [MONOT] - Saving hourly load monotone for as-chn-zh node...
INFO [2024-09-03 11:24:56] [MONOT] - The hourly load monotone for as-chn-zh has been saved!
INFO [2024-09-03 11:24:56] [MONOT] - Saving hourly load monotone for as-ind-ea node...
INFO [2024-09-03 11:27:05] [MONOT] - The hourly load monotone for as-ind-ea has been saved!
INFO [2024-09-03 11:27:05] [MONOT] - Saving hourly load monotone for as-ind-ne node...
INFO [2024-09-03 11:29:27] [MONOT] - The hourly load monotone for as-ind-ne has been saved!
INFO [2024-09-03 11:29:27] [MONOT] - Saving hourly load monotone for as-ind-no node...
INFO [2024-09-03 11:31:39] [MONOT] - The hourly load monotone for as-ind-no has been saved!
INFO [2024-09-03 11:31:39] [MONOT] - Saving hourly load monotone for as-ind-so node...
INFO [2024-09-03 11:34:04] [MONOT] - The hourly load monotone for as-ind-so has been saved!
INFO [2024-09-03 11:34:04] [MONOT] - Saving hourly load monotone for as-ind-we node...
INFO [2024-09-03 11:38:07] [MONOT] - The hourly load monotone for as-ind-we has been saved!
INFO [2024-09-03 11:38:07] [MONOT] - Saving hourly load monotone for as-jpn-ce node...
INFO [2024-09-03 11:40:15] [MONOT] - The hourly load monotone for as-jpn-ce has been saved!
INFO [2024-09-03 11:40:15] [MONOT] - Saving hourly load monotone for as-jpn-ho node...
INFO [2024-09-03 11:43:39] [MONOT] - The hourly load monotone for as-jpn-ho has been saved!
INFO [2024-09-03 11:43:39] [MONOT] - Saving hourly load monotone for as-jpn-ky node...
INFO [2024-09-03 11:47:12] [MONOT] - The hourly load monotone for as-jpn-ky has been saved!
INFO [2024-09-03 11:47:12] [MONOT] - Saving hourly load monotone for as-jpn-ok node...
INFO [2024-09-03 11:49:12] [MONOT] - The hourly load monotone for as-jpn-ok has been saved!
INFO [2024-09-03 11:49:12] [MONOT] - Saving hourly load monotone for as-jpn-sh node...
INFO [2024-09-03 11:52:24] [MONOT] - The hourly load monotone for as-jpn-sh has been saved!
INFO [2024-09-03 11:52:24] [MONOT] - Saving hourly load monotone for as-jpn-to node...
INFO [2024-09-03 11:54:48] [MONOT] - The hourly load monotone for as-jpn-to has been saved!
INFO [2024-09-03 11:54:48] [MONOT] - Saving hourly load monotone for as-rus-ce node...
INFO [2024-09-03 11:56:44] [MONOT] - The hourly load monotone for as-rus-ce has been saved!
INFO [2024-09-03 11:56:44] [MONOT] - Saving hourly load monotone for as-rus-fe node...
INFO [2024-09-03 11:59:18] [MONOT] - The hourly load monotone for as-rus-fe has been saved!
INFO [2024-09-03 11:59:18] [MONOT] - Saving hourly load monotone for as-rus-mv node...
INFO [2024-09-03 12:01:31] [MONOT] - The hourly load monotone for as-rus-mv has been saved!
INFO [2024-09-03 12:01:31] [MONOT] - Saving hourly load monotone for as-rus-nw node...
INFO [2024-09-03 12:03:44] [MONOT] - The hourly load monotone for as-rus-nw has been saved!
INFO [2024-09-03 12:03:44] [MONOT] - Saving hourly load monotone for as-rus-si node...
INFO [2024-09-03 12:06:44] [MONOT] - The hourly load monotone for as-rus-si has been saved!
INFO [2024-09-03 12:06:44] [MONOT] - Saving hourly load monotone for as-rus-so node...
INFO [2024-09-03 12:08:47] [MONOT] - The hourly load monotone for as-rus-so has been saved!
INFO [2024-09-03 12:08:47] [MONOT] - Saving hourly load monotone for as-rus-ur node...
INFO [2024-09-03 12:10:45] [MONOT] - The hourly load monotone for as-rus-ur has been saved!
INFO [2024-09-03 12:10:45] [MONOT] - Saving hourly load monotone for na-can-ab node...
INFO [2024-09-03 12:13:01] [MONOT] - The hourly load monotone for na-can-ab has been saved!
INFO [2024-09-03 12:13:01] [MONOT] - Saving hourly load monotone for na-can-ar node...
INFO [2024-09-03 12:39:42] [MONOT] - The hourly load monotone for na-can-ar has been saved!
INFO [2024-09-03 12:39:42] [MONOT] - Saving hourly load monotone for na-can-bc node...
INFO [2024-09-03 12:43:17] [MONOT] - The hourly load monotone for na-can-bc has been saved!
INFO [2024-09-03 12:43:17] [MONOT] - Saving hourly load monotone for na-can-mb node...
INFO [2024-09-03 12:47:59] [MONOT] - The hourly load monotone for na-can-mb has been saved!
INFO [2024-09-03 12:47:59] [MONOT] - Saving hourly load monotone for na-can-nl node...
INFO [2024-09-03 12:52:48] [MONOT] - The hourly load monotone for na-can-nl has been saved!
INFO [2024-09-03 12:52:49] [MONOT] - Saving hourly load monotone for na-can-no node...
INFO [2024-09-03 12:56:00] [MONOT] - The hourly load monotone for na-can-no has been saved!
INFO [2024-09-03 12:56:01] [MONOT] - Saving hourly load monotone for na-can-on node...
INFO [2024-09-03 13:01:17] [MONOT] - The hourly load monotone for na-can-on has been saved!
INFO [2024-09-03 13:01:17] [MONOT] - Saving hourly load monotone for na-can-qc node...
INFO [2024-09-03 13:06:06] [MONOT] - The hourly load monotone for na-can-qc has been saved!
INFO [2024-09-03 13:06:06] [MONOT] - Saving hourly load monotone for na-can-sk node...
INFO [2024-09-03 13:09:40] [MONOT] - The hourly load monotone for na-can-sk has been saved!
INFO [2024-09-03 13:09:41] [MONOT] - Saving hourly load monotone for na-usa-ak node...
INFO [2024-09-03 13:12:41] [MONOT] - The hourly load monotone for na-usa-ak has been saved!
INFO [2024-09-03 13:12:41] [MONOT] - Saving hourly load monotone for na-usa-az node...
