INFO [2024-09-03 11:15:48] [MAIN] - Creating Deane_CO2fix__2024_09_03_11_15_48 study...

INFO [2024-09-03 11:15:48] [MAIN] - Unit commitment mode : ACCURATE
INFO [2024-09-03 11:15:48] [MAIN] - Adding nodes...

INFO [2024-09-03 11:15:50] [NODES] - Adding EU-CHE node...
INFO [2024-09-03 11:15:50] [NODES] - Adding EU-DEU node...
INFO [2024-09-03 11:15:50] [NODES] - Adding EU-FRA node...
INFO [2024-09-03 11:15:51] [MAIN] - Done adding nodes! (run time : 2.73s).

INFO [2024-09-03 11:15:51] [MAIN] - Adding districts...

INFO [2024-09-03 11:15:51] [DISTRICTS] - Creating global district...
INFO [2024-09-03 11:15:51] [DISTRICTS] - Done creating global district!
INFO [2024-09-03 11:15:52] [DISTRICTS] - Creating europe continental district...
INFO [2024-09-03 11:15:52] [DISTRICTS] - Done creating europe continental district!
INFO [2024-09-03 11:15:52] [MAIN] - Done adding districts! (run time : 1.09s).

INFO [2024-09-03 11:15:52] [MAIN] - Adding load data...

INFO [2024-09-03 11:15:53] [LOAD] - Adding EU-CHE load data...
INFO [2024-09-03 11:15:54] [LOAD] - Adding EU-DEU load data...
INFO [2024-09-03 11:15:54] [LOAD] - Adding EU-FRA load data...
INFO [2024-09-03 11:15:54] [MAIN] - Done adding load data! (run time : 1.88s).

INFO [2024-09-03 11:15:54] [MAIN] - Fetching wind data...

INFO [2024-09-03 11:15:54] [WIND] - Adding EU-CHE aggregated wind data...
INFO [2024-09-03 11:15:54] [WIND] - Adding EU-DEU aggregated wind data...
INFO [2024-09-03 11:15:54] [WIND] - Adding EU-FRA aggregated wind data...
INFO [2024-09-03 11:15:54] [MAIN] - Done adding wind data! (run time : 0.31s).

INFO [2024-09-03 11:15:54] [MAIN] - Fetching solar data...

INFO [2024-09-03 11:15:54] [SOLAR] - Adding EU-CHE aggregated solar data...
INFO [2024-09-03 11:15:54] [SOLAR] - Adding EU-DEU aggregated solar data...
INFO [2024-09-03 11:15:55] [SOLAR] - Adding EU-FRA aggregated solar data...
INFO [2024-09-03 11:15:55] [MAIN] - Done adding solar data! (run time : 0.33s).

INFO [2024-09-03 11:15:55] [MAIN] - Beginning hydro implementation...
INFO [2024-09-03 11:15:56] [HYDRO] - Initializing EU-CHE hydro parameters...
INFO [2024-09-03 11:15:56] [HYDRO] - Adding EU-CHE max power timeseries...
INFO [2024-09-03 11:15:57] [HYDRO] - Adding EU-CHE hydro profiles...
INFO [2024-09-03 11:15:58] [HYDRO] - Initializing EU-DEU hydro parameters...
INFO [2024-09-03 11:15:58] [HYDRO] - Adding EU-DEU max power timeseries...
INFO [2024-09-03 11:15:59] [HYDRO] - Adding EU-DEU hydro profiles...
INFO [2024-09-03 11:16:00] [HYDRO] - Initializing EU-FRA hydro parameters...
INFO [2024-09-03 11:16:01] [HYDRO] - Adding EU-FRA max power timeseries...
INFO [2024-09-03 11:16:01] [HYDRO] - Adding EU-FRA hydro profiles...
INFO [2024-09-03 11:16:01] [MAIN] - Done adding hydro!
INFO [2024-09-03 11:16:01] [MAIN] - Fetching thermal data...
INFO [2024-09-03 11:16:05] [MAIN] - Aggregating identical generators...
INFO [2024-09-03 11:16:05] [MAIN] - Running 15-clustering algorithm on generators...
INFO [2024-09-03 11:16:05] [MAIN] - Done running 15-clustering algorithm on generators!

INFO [2024-09-03 11:16:06] [THERMAL] - Adding CHE_GAS_CAPACITYSCALER generator to EU-CHE node...
INFO [2024-09-03 11:16:06] [THERMAL] - Adding CHE_COA_CAPACITYSCALER generator to EU-CHE node...
INFO [2024-09-03 11:16:06] [THERMAL] - Adding CHE_BIO_CAPACITYSCALER generator to EU-CHE node...
INFO [2024-09-03 11:16:06] [THERMAL] - Adding CHE_NUC_KERNKRAFTWERKB17760 generator to EU-CHE node...
INFO [2024-09-03 11:16:06] [THERMAL] - Adding CHE_NUC_KERNKRAFTWERKM17763 generator to EU-CHE node...
INFO [2024-09-03 11:16:06] [THERMAL] - Adding CHE_NUC_KERNKRAFTWERKL17762 generator to EU-CHE node...
INFO [2024-09-03 11:16:06] [THERMAL] - Adding CHE_NUC_KERNKRAFTWERKG17761 generator to EU-CHE node...
INFO [2024-09-03 11:16:06] [THERMAL] - Adding CHE_OIL_CAPACITYSCALER generator to EU-CHE node...
INFO [2024-09-03 11:16:06] [THERMAL] - Adding DEU_GAS_DUISBURGRUHROR11050_CHARLOTTENBURG11010_HUNTORF11306 generator to EU-DEU node...
INFO [2024-09-03 11:16:07] [THERMAL] - Adding DEU_GAS_GEMEINSCHAFTSKR11138_RHEINHAFENDAMP11618_EMSLAND1108 generator to EU-DEU node...
INFO [2024-09-03 11:16:07] [THERMAL] - Adding DEU_GAS_GUDSCHWARZHEID11175_HEIZKRAFTWERKE11283_HKWNIEDERRAD generator to EU-DEU node...
