INFO [2024-08-08 16:23:11] [MAIN] - Creating Deane_Beta_OC__2024_08_08_16_23_11 study...

INFO [2024-08-08 16:23:11] [MAIN] - Unit commitment mode : FAST
INFO [2024-08-08 16:23:11] [MAIN] - Adding nodes...

INFO [2024-08-08 16:23:13] [NODES] - Adding AF-AGO node...
INFO [2024-08-08 16:23:13] [NODES] - Adding AF-BDI node...
INFO [2024-08-08 16:23:13] [NODES] - Adding AF-BEN node...
INFO [2024-08-08 16:23:13] [NODES] - Adding AF-BFA node...
INFO [2024-08-08 16:23:13] [NODES] - Adding AF-BWA node...
INFO [2024-08-08 16:23:13] [NODES] - Adding AF-CAF node...
INFO [2024-08-08 16:23:14] [NODES] - Adding AF-CIV node...
INFO [2024-08-08 16:23:14] [NODES] - Adding AF-CMR node...
INFO [2024-08-08 16:23:14] [NODES] - Adding AF-COD node...
INFO [2024-08-08 16:23:14] [NODES] - Adding AF-COG node...
INFO [2024-08-08 16:23:14] [NODES] - Adding AF-CPV node...
INFO [2024-08-08 16:23:15] [NODES] - Adding AF-DJI node...
INFO [2024-08-08 16:23:15] [NODES] - Adding AF-DZA node...
INFO [2024-08-08 16:23:15] [NODES] - Adding AF-EGY node...
INFO [2024-08-08 16:23:15] [NODES] - Adding AF-ERI node...
INFO [2024-08-08 16:23:16] [NODES] - Adding AF-ESH node...
INFO [2024-08-08 16:23:16] [NODES] - Adding AF-ETH node...
INFO [2024-08-08 16:23:16] [NODES] - Adding AF-GAB node...
INFO [2024-08-08 16:23:16] [NODES] - Adding AF-GHA node...
INFO [2024-08-08 16:23:17] [NODES] - Adding AF-GIN node...
INFO [2024-08-08 16:23:17] [NODES] - Adding AF-GMB node...
INFO [2024-08-08 16:23:17] [NODES] - Adding AF-GNB node...
INFO [2024-08-08 16:23:17] [NODES] - Adding AF-GNQ node...
INFO [2024-08-08 16:23:18] [NODES] - Adding AF-KEN node...
INFO [2024-08-08 16:23:18] [NODES] - Adding AF-LBR node...
INFO [2024-08-08 16:23:19] [NODES] - Adding AF-LBY node...
INFO [2024-08-08 16:23:19] [NODES] - Adding AF-LSO node...
INFO [2024-08-08 16:23:19] [NODES] - Adding AF-MAR node...
INFO [2024-08-08 16:23:20] [NODES] - Adding AF-MDG node...
INFO [2024-08-08 16:23:20] [NODES] - Adding AF-MLI node...
INFO [2024-08-08 16:23:20] [NODES] - Adding AF-MOZ node...
INFO [2024-08-08 16:23:21] [NODES] - Adding AF-MRT node...
INFO [2024-08-08 16:23:21] [NODES] - Adding AF-MUS node...
INFO [2024-08-08 16:23:21] [NODES] - Adding AF-MWI node...
INFO [2024-08-08 16:23:21] [NODES] - Adding AF-NAM node...
INFO [2024-08-08 16:23:22] [NODES] - Adding AF-NER node...
INFO [2024-08-08 16:23:23] [NODES] - Adding AF-NGA node...
INFO [2024-08-08 16:23:23] [NODES] - Adding AF-RWA node...
INFO [2024-08-08 16:23:24] [NODES] - Adding AF-SDN node...
INFO [2024-08-08 16:23:24] [NODES] - Adding AF-SEN node...
INFO [2024-08-08 16:23:24] [NODES] - Adding AF-SLE node...
INFO [2024-08-08 16:23:25] [NODES] - Adding AF-SWZ node...
INFO [2024-08-08 16:23:25] [NODES] - Adding AF-TGO node...
INFO [2024-08-08 16:23:26] [NODES] - Adding AF-TUN node...
INFO [2024-08-08 16:23:26] [NODES] - Adding AF-TZA node...
INFO [2024-08-08 16:23:27] [NODES] - Adding AF-UGA node...
INFO [2024-08-08 16:23:27] [NODES] - Adding AF-ZAF node...
INFO [2024-08-08 16:23:28] [NODES] - Adding AF-ZMB node...
INFO [2024-08-08 16:23:28] [NODES] - Adding AF-ZWE node...
INFO [2024-08-08 16:23:28] [MAIN] - Done adding nodes! (run time : 16.89s).

INFO [2024-08-08 16:23:28] [MAIN] - Adding load data...

INFO [2024-08-08 16:23:30] [LOAD] - Adding AF-AGO load data...
INFO [2024-08-08 16:23:30] [LOAD] - Adding AF-BDI load data...
INFO [2024-08-08 16:23:30] [LOAD] - Adding AF-BEN load data...
INFO [2024-08-08 16:23:31] [LOAD] - Adding AF-BFA load data...
INFO [2024-08-08 16:23:31] [LOAD] - Adding AF-BWA load data...
INFO [2024-08-08 16:23:31] [LOAD] - Adding AF-CAF load data...
INFO [2024-08-08 16:23:31] [LOAD] - Adding AF-CIV load data...
INFO [2024-08-08 16:23:32] [LOAD] - Adding AF-CMR load data...
INFO [2024-08-08 16:23:33] [LOAD] - Adding AF-COD load data...
INFO [2024-08-08 16:23:33] [LOAD] - Adding AF-COG load data...
INFO [2024-08-08 16:23:34] [LOAD] - Adding AF-CPV load data...
INFO [2024-08-08 16:23:34] [LOAD] - Adding AF-DJI load data...
INFO [2024-08-08 16:23:35] [LOAD] - Adding AF-DZA load data...
INFO [2024-08-08 16:23:35] [LOAD] - Adding AF-EGY load data...
INFO [2024-08-08 16:23:35] [LOAD] - Adding AF-ERI load data...
INFO [2024-08-08 16:23:35] [LOAD] - Adding AF-ESH load data...
INFO [2024-08-08 16:23:36] [LOAD] - Adding AF-ETH load data...
INFO [2024-08-08 16:23:36] [LOAD] - Adding AF-GAB load data...
INFO [2024-08-08 16:23:36] [LOAD] - Adding AF-GHA load data...
INFO [2024-08-08 16:23:37] [LOAD] - Adding AF-GIN load data...
INFO [2024-08-08 16:23:37] [LOAD] - Adding AF-GMB load data...
INFO [2024-08-08 16:23:37] [LOAD] - Adding AF-GNB load data...
INFO [2024-08-08 16:23:37] [LOAD] - Adding AF-GNQ load data...
INFO [2024-08-08 16:23:38] [LOAD] - Adding AF-KEN load data...
INFO [2024-08-08 16:23:38] [LOAD] - Adding AF-LBR load data...
INFO [2024-08-08 16:23:38] [LOAD] - Adding AF-LBY load data...
INFO [2024-08-08 16:23:38] [LOAD] - Adding AF-LSO load data...
INFO [2024-08-08 16:23:39] [LOAD] - Adding AF-MAR load data...
INFO [2024-08-08 16:23:39] [LOAD] - Adding AF-MDG load data...
INFO [2024-08-08 16:23:39] [LOAD] - Adding AF-MLI load data...
INFO [2024-08-08 16:23:39] [LOAD] - Adding AF-MOZ load data...
INFO [2024-08-08 16:23:40] [LOAD] - Adding AF-MRT load data...
INFO [2024-08-08 16:23:40] [LOAD] - Adding AF-MUS load data...
INFO [2024-08-08 16:23:40] [LOAD] - Adding AF-MWI load data...
INFO [2024-08-08 16:23:40] [LOAD] - Adding AF-NAM load data...
INFO [2024-08-08 16:23:40] [LOAD] - Adding AF-NER load data...
INFO [2024-08-08 16:23:41] [LOAD] - Adding AF-NGA load data...
INFO [2024-08-08 16:23:41] [LOAD] - Adding AF-RWA load data...
INFO [2024-08-08 16:23:41] [LOAD] - Adding AF-SDN load data...
INFO [2024-08-08 16:23:41] [LOAD] - Adding AF-SEN load data...
INFO [2024-08-08 16:23:41] [LOAD] - Adding AF-SLE load data...
INFO [2024-08-08 16:23:42] [LOAD] - Adding AF-SWZ load data...
INFO [2024-08-08 16:23:42] [LOAD] - Adding AF-TGO load data...
INFO [2024-08-08 16:23:42] [LOAD] - Adding AF-TUN load data...
INFO [2024-08-08 16:23:42] [LOAD] - Adding AF-TZA load data...
INFO [2024-08-08 16:23:42] [LOAD] - Adding AF-UGA load data...
INFO [2024-08-08 16:23:43] [LOAD] - Adding AF-ZAF load data...
INFO [2024-08-08 16:23:43] [LOAD] - Adding AF-ZMB load data...
INFO [2024-08-08 16:23:43] [LOAD] - Adding AF-ZWE load data...
INFO [2024-08-08 16:23:43] [MAIN] - Done adding load data! (run time : 15.01s).

INFO [2024-08-08 16:23:43] [MAIN] - Fetching wind data...

INFO [2024-08-08 16:23:44] [WARN] - Skipped adding wind data for AF-AGO (no generators found in PLEXOS).
INFO [2024-08-08 16:23:44] [WARN] - Skipped adding wind data for AF-BDI (no generators found in PLEXOS).
INFO [2024-08-08 16:23:44] [WARN] - Skipped adding wind data for AF-BEN (no generators found in PLEXOS).
INFO [2024-08-08 16:23:44] [WARN] - Skipped adding wind data for AF-BFA (no generators found in PLEXOS).
INFO [2024-08-08 16:23:44] [WARN] - Skipped adding wind data for AF-BWA (no generators found in PLEXOS).
INFO [2024-08-08 16:23:44] [WARN] - Skipped adding wind data for AF-CAF (no generators found in PLEXOS).
INFO [2024-08-08 16:23:44] [WARN] - Skipped adding wind data for AF-CIV (no generators found in PLEXOS).
INFO [2024-08-08 16:23:44] [WARN] - Skipped adding wind data for AF-CMR (no generators found in PLEXOS).
INFO [2024-08-08 16:23:44] [WARN] - Skipped adding wind data for AF-COD (no generators found in PLEXOS).
INFO [2024-08-08 16:23:44] [WARN] - Skipped adding wind data for AF-COG (no generators found in PLEXOS).
INFO [2024-08-08 16:23:44] [WIND] - Adding AF-CPV aggregated wind data...
INFO [2024-08-08 16:23:44] [WARN] - Skipped adding wind data for AF-DJI (no generators found in PLEXOS).
INFO [2024-08-08 16:23:44] [WARN] - Skipped adding wind data for AF-DZA (no generators found in PLEXOS).
INFO [2024-08-08 16:23:44] [WIND] - Adding AF-EGY aggregated wind data...
INFO [2024-08-08 16:23:44] [WARN] - Skipped adding wind data for AF-ERI (no generators found in PLEXOS).
INFO [2024-08-08 16:23:44] [WARN] - Skipped adding wind data for AF-ESH (no generators found in PLEXOS).
INFO [2024-08-08 16:23:44] [WIND] - Adding AF-ETH aggregated wind data...
INFO [2024-08-08 16:23:44] [WARN] - Skipped adding wind data for AF-GAB (no generators found in PLEXOS).
INFO [2024-08-08 16:23:44] [WARN] - Skipped adding wind data for AF-GHA (no generators found in PLEXOS).
INFO [2024-08-08 16:23:44] [WARN] - Skipped adding wind data for AF-GIN (no generators found in PLEXOS).
INFO [2024-08-08 16:23:44] [WARN] - Skipped adding wind data for AF-GMB (no generators found in PLEXOS).
INFO [2024-08-08 16:23:44] [WARN] - Skipped adding wind data for AF-GNB (no generators found in PLEXOS).
INFO [2024-08-08 16:23:44] [WARN] - Skipped adding wind data for AF-GNQ (no generators found in PLEXOS).
INFO [2024-08-08 16:23:45] [WIND] - Adding AF-KEN aggregated wind data...
INFO [2024-08-08 16:23:45] [WARN] - Skipped adding wind data for AF-LBR (no generators found in PLEXOS).
INFO [2024-08-08 16:23:45] [WARN] - Skipped adding wind data for AF-LBY (no generators found in PLEXOS).
INFO [2024-08-08 16:23:45] [WARN] - Skipped adding wind data for AF-LSO (no generators found in PLEXOS).
INFO [2024-08-08 16:23:45] [WIND] - Adding AF-MAR aggregated wind data...
INFO [2024-08-08 16:23:45] [WARN] - Skipped adding wind data for AF-MDG (no generators found in PLEXOS).
INFO [2024-08-08 16:23:45] [WARN] - Skipped adding wind data for AF-MLI (no generators found in PLEXOS).
INFO [2024-08-08 16:23:45] [WARN] - Skipped adding wind data for AF-MOZ (no generators found in PLEXOS).
INFO [2024-08-08 16:23:45] [WIND] - Adding AF-MRT aggregated wind data...
INFO [2024-08-08 16:23:45] [WARN] - Skipped adding wind data for AF-MUS (no generators found in PLEXOS).
INFO [2024-08-08 16:23:45] [WARN] - Skipped adding wind data for AF-MWI (no generators found in PLEXOS).
INFO [2024-08-08 16:23:45] [WARN] - Skipped adding wind data for AF-NAM (no generators found in PLEXOS).
INFO [2024-08-08 16:23:45] [WARN] - Skipped adding wind data for AF-NER (no generators found in PLEXOS).
INFO [2024-08-08 16:23:45] [WARN] - Skipped adding wind data for AF-NGA (no generators found in PLEXOS).
INFO [2024-08-08 16:23:45] [WARN] - Skipped adding wind data for AF-RWA (no generators found in PLEXOS).
INFO [2024-08-08 16:23:45] [WARN] - Skipped adding wind data for AF-SDN (no generators found in PLEXOS).
INFO [2024-08-08 16:23:45] [WARN] - Skipped adding wind data for AF-SEN (no generators found in PLEXOS).
INFO [2024-08-08 16:23:45] [WARN] - Skipped adding wind data for AF-SLE (no generators found in PLEXOS).
INFO [2024-08-08 16:23:45] [WARN] - Skipped adding wind data for AF-SWZ (no generators found in PLEXOS).
INFO [2024-08-08 16:23:45] [WARN] - Skipped adding wind data for AF-TGO (no generators found in PLEXOS).
INFO [2024-08-08 16:23:45] [WIND] - Adding AF-TUN aggregated wind data...
INFO [2024-08-08 16:23:45] [WARN] - Skipped adding wind data for AF-TZA (no generators found in PLEXOS).
INFO [2024-08-08 16:23:45] [WARN] - Skipped adding wind data for AF-UGA (no generators found in PLEXOS).
INFO [2024-08-08 16:23:45] [WIND] - Adding AF-ZAF aggregated wind data...
INFO [2024-08-08 16:23:45] [WARN] - Skipped adding wind data for AF-ZMB (no generators found in PLEXOS).
INFO [2024-08-08 16:23:45] [WARN] - Skipped adding wind data for AF-ZWE (no generators found in PLEXOS).
INFO [2024-08-08 16:23:45] [MAIN] - Done adding wind data! (run time : 2.07s).

INFO [2024-08-08 16:23:46] [MAIN] - Fetching solar data...

INFO [2024-08-08 16:23:46] [SOLAR] - Adding AF-AGO aggregated solar data...
INFO [2024-08-08 16:23:46] [WARN] - Skipped adding solar data for AF-BDI (no generators found in PLEXOS).
INFO [2024-08-08 16:23:46] [WARN] - Skipped adding solar data for AF-BEN (no generators found in PLEXOS).
INFO [2024-08-08 16:23:46] [WARN] - Skipped adding solar data for AF-BFA (no generators found in PLEXOS).
INFO [2024-08-08 16:23:46] [WARN] - Skipped adding solar data for AF-BWA (no generators found in PLEXOS).
INFO [2024-08-08 16:23:46] [WARN] - Skipped adding solar data for AF-CAF (no generators found in PLEXOS).
INFO [2024-08-08 16:23:46] [WARN] - Skipped adding solar data for AF-CIV (no generators found in PLEXOS).
INFO [2024-08-08 16:23:46] [WARN] - Skipped adding solar data for AF-CMR (no generators found in PLEXOS).
INFO [2024-08-08 16:23:46] [WARN] - Skipped adding solar data for AF-COD (no generators found in PLEXOS).
INFO [2024-08-08 16:23:46] [WARN] - Skipped adding solar data for AF-COG (no generators found in PLEXOS).
INFO [2024-08-08 16:23:46] [SOLAR] - Adding AF-CPV aggregated solar data...
INFO [2024-08-08 16:23:46] [WARN] - Skipped adding solar data for AF-DJI (no generators found in PLEXOS).
INFO [2024-08-08 16:23:46] [SOLAR] - Adding AF-DZA aggregated solar data...
INFO [2024-08-08 16:23:46] [SOLAR] - Adding AF-EGY aggregated solar data...
INFO [2024-08-08 16:23:46] [WARN] - Skipped adding solar data for AF-ERI (no generators found in PLEXOS).
INFO [2024-08-08 16:23:46] [WARN] - Skipped adding solar data for AF-ESH (no generators found in PLEXOS).
INFO [2024-08-08 16:23:47] [SOLAR] - Adding AF-ETH aggregated solar data...
INFO [2024-08-08 16:23:47] [WARN] - Skipped adding solar data for AF-GAB (no generators found in PLEXOS).
INFO [2024-08-08 16:23:47] [WARN] - Skipped adding solar data for AF-GHA (no generators found in PLEXOS).
INFO [2024-08-08 16:23:47] [WARN] - Skipped adding solar data for AF-GIN (no generators found in PLEXOS).
INFO [2024-08-08 16:23:47] [WARN] - Skipped adding solar data for AF-GMB (no generators found in PLEXOS).
INFO [2024-08-08 16:23:47] [WARN] - Skipped adding solar data for AF-GNB (no generators found in PLEXOS).
INFO [2024-08-08 16:23:47] [WARN] - Skipped adding solar data for AF-GNQ (no generators found in PLEXOS).
INFO [2024-08-08 16:23:47] [SOLAR] - Adding AF-KEN aggregated solar data...
INFO [2024-08-08 16:23:47] [WARN] - Skipped adding solar data for AF-LBR (no generators found in PLEXOS).
INFO [2024-08-08 16:23:47] [WARN] - Skipped adding solar data for AF-LBY (no generators found in PLEXOS).
INFO [2024-08-08 16:23:47] [WARN] - Skipped adding solar data for AF-LSO (no generators found in PLEXOS).
INFO [2024-08-08 16:23:47] [SOLAR] - Adding AF-MAR aggregated solar data...
INFO [2024-08-08 16:23:47] [WARN] - Skipped adding solar data for AF-MDG (no generators found in PLEXOS).
INFO [2024-08-08 16:23:47] [WARN] - Skipped adding solar data for AF-MLI (no generators found in PLEXOS).
INFO [2024-08-08 16:23:47] [WARN] - Skipped adding solar data for AF-MOZ (no generators found in PLEXOS).
INFO [2024-08-08 16:23:47] [SOLAR] - Adding AF-MRT aggregated solar data...
INFO [2024-08-08 16:23:47] [SOLAR] - Adding AF-MUS aggregated solar data...
INFO [2024-08-08 16:23:47] [WARN] - Skipped adding solar data for AF-MWI (no generators found in PLEXOS).
INFO [2024-08-08 16:23:48] [SOLAR] - Adding AF-NAM aggregated solar data...
INFO [2024-08-08 16:23:48] [WARN] - Skipped adding solar data for AF-NER (no generators found in PLEXOS).
INFO [2024-08-08 16:23:48] [SOLAR] - Adding AF-NGA aggregated solar data...
INFO [2024-08-08 16:23:48] [SOLAR] - Adding AF-RWA aggregated solar data...
INFO [2024-08-08 16:23:48] [WARN] - Skipped adding solar data for AF-SDN (no generators found in PLEXOS).
INFO [2024-08-08 16:23:48] [SOLAR] - Adding AF-SEN aggregated solar data...
INFO [2024-08-08 16:23:48] [WARN] - Skipped adding solar data for AF-SLE (no generators found in PLEXOS).
INFO [2024-08-08 16:23:48] [WARN] - Skipped adding solar data for AF-SWZ (no generators found in PLEXOS).
INFO [2024-08-08 16:23:48] [WARN] - Skipped adding solar data for AF-TGO (no generators found in PLEXOS).
INFO [2024-08-08 16:23:49] [SOLAR] - Adding AF-TUN aggregated solar data...
INFO [2024-08-08 16:23:49] [WARN] - Skipped adding solar data for AF-TZA (no generators found in PLEXOS).
INFO [2024-08-08 16:23:49] [SOLAR] - Adding AF-UGA aggregated solar data...
INFO [2024-08-08 16:23:49] [SOLAR] - Adding AF-ZAF aggregated solar data...
INFO [2024-08-08 16:23:49] [WARN] - Skipped adding solar data for AF-ZMB (no generators found in PLEXOS).
INFO [2024-08-08 16:23:49] [WARN] - Skipped adding solar data for AF-ZWE (no generators found in PLEXOS).
INFO [2024-08-08 16:23:49] [MAIN] - Done adding solar data! (run time : 3.49s).

INFO [2024-08-08 16:23:49] [MAIN] - Beginning hydro implementation...
INFO [2024-08-08 16:23:50] [HYDRO] - Initializing AF-AGO hydro parameters...
INFO [2024-08-08 16:23:50] [HYDRO] - Adding AF-AGO max power timeseries...
INFO [2024-08-08 16:23:51] [HYDRO] - Adding AF-AGO hydro profiles...
INFO [2024-08-08 16:23:52] [HYDRO] - Initializing AF-BDI hydro parameters...
INFO [2024-08-08 16:23:53] [HYDRO] - Adding AF-BDI max power timeseries...
INFO [2024-08-08 16:23:53] [HYDRO] - Adding AF-BDI hydro profiles...
INFO [2024-08-08 16:23:54] [HYDRO] - Initializing AF-BFA hydro parameters...
INFO [2024-08-08 16:23:54] [HYDRO] - Adding AF-BFA max power timeseries...
INFO [2024-08-08 16:23:55] [HYDRO] - Adding AF-BFA hydro profiles...
INFO [2024-08-08 16:23:55] [HYDRO] - Initializing AF-CAF hydro parameters...
INFO [2024-08-08 16:23:56] [HYDRO] - Adding AF-CAF max power timeseries...
INFO [2024-08-08 16:23:56] [HYDRO] - Adding AF-CAF hydro profiles...
INFO [2024-08-08 16:23:57] [HYDRO] - Initializing AF-CIV hydro parameters...
INFO [2024-08-08 16:23:58] [HYDRO] - Adding AF-CIV max power timeseries...
INFO [2024-08-08 16:23:58] [HYDRO] - Adding AF-CIV hydro profiles...
INFO [2024-08-08 16:23:59] [HYDRO] - Initializing AF-CMR hydro parameters...
INFO [2024-08-08 16:23:59] [HYDRO] - Adding AF-CMR max power timeseries...
INFO [2024-08-08 16:24:00] [HYDRO] - Adding AF-CMR hydro profiles...
INFO [2024-08-08 16:24:01] [HYDRO] - Initializing AF-COD hydro parameters...
INFO [2024-08-08 16:24:01] [HYDRO] - Adding AF-COD max power timeseries...
INFO [2024-08-08 16:24:02] [HYDRO] - Adding AF-COD hydro profiles...
INFO [2024-08-08 16:24:02] [HYDRO] - Initializing AF-COG hydro parameters...
INFO [2024-08-08 16:24:03] [HYDRO] - Adding AF-COG max power timeseries...
INFO [2024-08-08 16:24:03] [HYDRO] - Adding AF-COG hydro profiles...
INFO [2024-08-08 16:24:04] [HYDRO] - Initializing AF-DZA hydro parameters...
INFO [2024-08-08 16:24:04] [HYDRO] - Adding AF-DZA max power timeseries...
INFO [2024-08-08 16:24:05] [HYDRO] - Adding AF-DZA hydro profiles...
INFO [2024-08-08 16:24:06] [HYDRO] - Initializing AF-EGY hydro parameters...
INFO [2024-08-08 16:24:06] [HYDRO] - Adding AF-EGY max power timeseries...
INFO [2024-08-08 16:24:07] [HYDRO] - Adding AF-EGY hydro profiles...
INFO [2024-08-08 16:24:08] [HYDRO] - Initializing AF-ETH hydro parameters...
INFO [2024-08-08 16:24:08] [HYDRO] - Adding AF-ETH max power timeseries...
INFO [2024-08-08 16:24:09] [HYDRO] - Adding AF-ETH hydro profiles...
INFO [2024-08-08 16:24:09] [HYDRO] - Initializing AF-GAB hydro parameters...
INFO [2024-08-08 16:24:10] [HYDRO] - Adding AF-GAB max power timeseries...
INFO [2024-08-08 16:24:10] [HYDRO] - Adding AF-GAB hydro profiles...
INFO [2024-08-08 16:24:11] [HYDRO] - Initializing AF-GHA hydro parameters...
INFO [2024-08-08 16:24:12] [HYDRO] - Adding AF-GHA max power timeseries...
INFO [2024-08-08 16:24:12] [HYDRO] - Adding AF-GHA hydro profiles...
INFO [2024-08-08 16:24:13] [HYDRO] - Initializing AF-GIN hydro parameters...
INFO [2024-08-08 16:24:13] [HYDRO] - Adding AF-GIN max power timeseries...
INFO [2024-08-08 16:24:14] [HYDRO] - Adding AF-GIN hydro profiles...
INFO [2024-08-08 16:24:15] [HYDRO] - Initializing AF-GNQ hydro parameters...
INFO [2024-08-08 16:24:15] [HYDRO] - Adding AF-GNQ max power timeseries...
INFO [2024-08-08 16:24:16] [HYDRO] - Adding AF-GNQ hydro profiles...
INFO [2024-08-08 16:24:16] [HYDRO] - Initializing AF-KEN hydro parameters...
INFO [2024-08-08 16:24:17] [HYDRO] - Adding AF-KEN max power timeseries...
INFO [2024-08-08 16:24:17] [HYDRO] - Adding AF-KEN hydro profiles...
INFO [2024-08-08 16:24:18] [HYDRO] - Initializing AF-LBR hydro parameters...
INFO [2024-08-08 16:24:19] [HYDRO] - Adding AF-LBR max power timeseries...
INFO [2024-08-08 16:24:19] [HYDRO] - Adding AF-LBR hydro profiles...
INFO [2024-08-08 16:24:20] [HYDRO] - Initializing AF-LSO hydro parameters...
INFO [2024-08-08 16:24:20] [HYDRO] - Adding AF-LSO max power timeseries...
INFO [2024-08-08 16:24:21] [HYDRO] - Adding AF-LSO hydro profiles...
INFO [2024-08-08 16:24:22] [HYDRO] - Initializing AF-MAR hydro parameters...
INFO [2024-08-08 16:24:22] [HYDRO] - Adding AF-MAR max power timeseries...
INFO [2024-08-08 16:24:22] [HYDRO] - Adding AF-MAR hydro profiles...
INFO [2024-08-08 16:24:23] [HYDRO] - Initializing AF-MDG hydro parameters...
INFO [2024-08-08 16:24:24] [HYDRO] - Adding AF-MDG max power timeseries...
INFO [2024-08-08 16:24:24] [HYDRO] - Adding AF-MDG hydro profiles...
INFO [2024-08-08 16:24:25] [HYDRO] - Initializing AF-MLI hydro parameters...
INFO [2024-08-08 16:24:26] [HYDRO] - Adding AF-MLI max power timeseries...
INFO [2024-08-08 16:24:26] [HYDRO] - Adding AF-MLI hydro profiles...
INFO [2024-08-08 16:24:27] [HYDRO] - Initializing AF-MOZ hydro parameters...
INFO [2024-08-08 16:24:27] [HYDRO] - Adding AF-MOZ max power timeseries...
INFO [2024-08-08 16:24:28] [HYDRO] - Adding AF-MOZ hydro profiles...
INFO [2024-08-08 16:24:29] [HYDRO] - Initializing AF-MRT hydro parameters...
INFO [2024-08-08 16:24:29] [HYDRO] - Adding AF-MRT max power timeseries...
INFO [2024-08-08 16:24:30] [HYDRO] - Adding AF-MRT hydro profiles...
INFO [2024-08-08 16:24:31] [HYDRO] - Initializing AF-MUS hydro parameters...
INFO [2024-08-08 16:24:31] [HYDRO] - Adding AF-MUS max power timeseries...
INFO [2024-08-08 16:24:32] [HYDRO] - Adding AF-MUS hydro profiles...
INFO [2024-08-08 16:24:33] [HYDRO] - Initializing AF-MWI hydro parameters...
INFO [2024-08-08 16:24:33] [HYDRO] - Adding AF-MWI max power timeseries...
INFO [2024-08-08 16:24:34] [HYDRO] - Adding AF-MWI hydro profiles...
INFO [2024-08-08 16:24:35] [HYDRO] - Initializing AF-NAM hydro parameters...
INFO [2024-08-08 16:24:35] [HYDRO] - Adding AF-NAM max power timeseries...
INFO [2024-08-08 16:24:36] [HYDRO] - Adding AF-NAM hydro profiles...
INFO [2024-08-08 16:24:37] [HYDRO] - Initializing AF-NGA hydro parameters...
INFO [2024-08-08 16:24:37] [HYDRO] - Adding AF-NGA max power timeseries...
INFO [2024-08-08 16:24:38] [HYDRO] - Adding AF-NGA hydro profiles...
INFO [2024-08-08 16:24:38] [HYDRO] - Initializing AF-RWA hydro parameters...
INFO [2024-08-08 16:24:39] [HYDRO] - Adding AF-RWA max power timeseries...
INFO [2024-08-08 16:24:40] [HYDRO] - Adding AF-RWA hydro profiles...
INFO [2024-08-08 16:24:40] [HYDRO] - Initializing AF-SDN hydro parameters...
INFO [2024-08-08 16:24:41] [HYDRO] - Adding AF-SDN max power timeseries...
INFO [2024-08-08 16:24:41] [HYDRO] - Adding AF-SDN hydro profiles...
INFO [2024-08-08 16:24:42] [HYDRO] - Initializing AF-SEN hydro parameters...
INFO [2024-08-08 16:24:43] [HYDRO] - Adding AF-SEN max power timeseries...
INFO [2024-08-08 16:24:43] [HYDRO] - Adding AF-SEN hydro profiles...
INFO [2024-08-08 16:24:44] [HYDRO] - Initializing AF-SLE hydro parameters...
INFO [2024-08-08 16:24:45] [HYDRO] - Adding AF-SLE max power timeseries...
INFO [2024-08-08 16:24:45] [HYDRO] - Adding AF-SLE hydro profiles...
INFO [2024-08-08 16:24:46] [HYDRO] - Initializing AF-SWZ hydro parameters...
INFO [2024-08-08 16:24:47] [HYDRO] - Adding AF-SWZ max power timeseries...
INFO [2024-08-08 16:24:47] [HYDRO] - Adding AF-SWZ hydro profiles...
INFO [2024-08-08 16:24:48] [HYDRO] - Initializing AF-TGO hydro parameters...
INFO [2024-08-08 16:24:49] [HYDRO] - Adding AF-TGO max power timeseries...
INFO [2024-08-08 16:24:50] [HYDRO] - Adding AF-TGO hydro profiles...
INFO [2024-08-08 16:24:51] [HYDRO] - Initializing AF-TUN hydro parameters...
INFO [2024-08-08 16:24:51] [HYDRO] - Adding AF-TUN max power timeseries...
INFO [2024-08-08 16:24:52] [HYDRO] - Adding AF-TUN hydro profiles...
INFO [2024-08-08 16:24:52] [HYDRO] - Initializing AF-TZA hydro parameters...
INFO [2024-08-08 16:24:53] [HYDRO] - Adding AF-TZA max power timeseries...
INFO [2024-08-08 16:24:53] [HYDRO] - Adding AF-TZA hydro profiles...
INFO [2024-08-08 16:24:54] [HYDRO] - Initializing AF-UGA hydro parameters...
INFO [2024-08-08 16:24:55] [HYDRO] - Adding AF-UGA max power timeseries...
INFO [2024-08-08 16:24:56] [HYDRO] - Adding AF-UGA hydro profiles...
INFO [2024-08-08 16:24:57] [HYDRO] - Initializing AF-ZAF hydro parameters...
INFO [2024-08-08 16:24:57] [HYDRO] - Adding AF-ZAF max power timeseries...
INFO [2024-08-08 16:24:58] [HYDRO] - Adding AF-ZAF hydro profiles...
INFO [2024-08-08 16:24:59] [HYDRO] - Initializing AF-ZMB hydro parameters...
INFO [2024-08-08 16:24:59] [HYDRO] - Adding AF-ZMB max power timeseries...
INFO [2024-08-08 16:25:00] [HYDRO] - Adding AF-ZMB hydro profiles...
INFO [2024-08-08 16:25:01] [HYDRO] - Initializing AF-ZWE hydro parameters...
INFO [2024-08-08 16:25:01] [HYDRO] - Adding AF-ZWE max power timeseries...
INFO [2024-08-08 16:25:02] [HYDRO] - Adding AF-ZWE hydro profiles...
INFO [2024-08-08 16:25:02] [MAIN] - Done adding hydro!
INFO [2024-08-08 16:25:02] [MAIN] - Fetching thermal data...

INFO [2024-08-08 16:25:04] [THERMAL] - Adding AGO_GAS_CAPACITY SCALER generator to AF-AGO node...
INFO [2024-08-08 16:25:05] [THERMAL] - Adding AGO_GAS_CAZENGA52 generator to AF-AGO node...
INFO [2024-08-08 16:25:05] [THERMAL] - Adding AGO_GAS_LOBITO54 generator to AF-AGO node...
INFO [2024-08-08 16:25:05] [THERMAL] - Adding AGO_GAS_NAMIBE59 generator to AF-AGO node...
INFO [2024-08-08 16:25:06] [THERMAL] - Adding AGO_OIL_BIOPIO48 generator to AF-AGO node...
INFO [2024-08-08 16:25:06] [THERMAL] - Adding AGO_OIL_CAPACITY SCALER generator to AF-AGO node...
INFO [2024-08-08 16:25:06] [THERMAL] - Adding AGO_OIL_HUAMBO53 generator to AF-AGO node...
INFO [2024-08-08 16:25:07] [THERMAL] - Adding AGO_OIL_LUANDADIESEL55 generator to AF-AGO node...
INFO [2024-08-08 16:25:07] [THERMAL] - Adding AGO_OIL_LUANDAREFINERY56 generator to AF-AGO node...
INFO [2024-08-08 16:25:08] [THERMAL] - Adding AGO_OIL_MALONGO57 generator to AF-AGO node...
INFO [2024-08-08 16:25:08] [THERMAL] - Adding AGO_OIL_XITOTO61 generator to AF-AGO node...
INFO [2024-08-08 16:25:08] [THERMAL] - Adding BEN_GAS_AKPAKPA994 generator to AF-BEN node...
INFO [2024-08-08 16:25:09] [THERMAL] - Adding BEN_GAS_CAPACITY SCALER generator to AF-BEN node...
INFO [2024-08-08 16:25:09] [THERMAL] - Adding BEN_OIL_COTONOU995 generator to AF-BEN node...
INFO [2024-08-08 16:25:09] [THERMAL] - Adding BFA_OIL_BOBO3411 generator to AF-BFA node...
INFO [2024-08-08 16:25:10] [THERMAL] - Adding BFA_OIL_CAPACITY SCALER generator to AF-BFA node...
INFO [2024-08-08 16:25:10] [THERMAL] - Adding BFA_OIL_KOSSODO3413 generator to AF-BFA node...
INFO [2024-08-08 16:25:10] [THERMAL] - Adding BFA_OIL_OUAGA3414 generator to AF-BFA node...
INFO [2024-08-08 16:25:11] [THERMAL] - Adding BWA_COA_MORPULE1044 generator to AF-BWA node...
INFO [2024-08-08 16:25:11] [THERMAL] - Adding BWA_COA_SUAPANSODAAS1045 generator to AF-BWA node...
INFO [2024-08-08 16:25:11] [THERMAL] - Adding CAF_OIL_BANGUIENERCA4596 generator to AF-CAF node...
INFO [2024-08-08 16:25:12] [THERMAL] - Adding CIV_GAS_AZITOOCGTPOWE7952 generator to AF-CIV node...
INFO [2024-08-08 16:25:12] [THERMAL] - Adding CIV_GAS_CAPACITY SCALER generator to AF-CIV node...
INFO [2024-08-08 16:25:12] [THERMAL] - Adding CIV_GAS_CENTRALEVRIDI7954 generator to AF-CIV node...
INFO [2024-08-08 16:25:12] [THERMAL] - Adding CIV_GAS_VRIDICIPRELOC7957 generator to AF-CIV node...
INFO [2024-08-08 16:25:13] [THERMAL] - Adding CMR_GAS_CAPACITY SCALER generator to AF-CMR node...
INFO [2024-08-08 16:25:13] [THERMAL] - Adding CMR_GAS_KRIBI3435 generator to AF-CMR node...
INFO [2024-08-08 16:25:13] [THERMAL] - Adding CMR_OIL_BAFOUSSAM3431 generator to AF-CMR node...
INFO [2024-08-08 16:25:14] [THERMAL] - Adding CMR_OIL_CAPACITY SCALER generator to AF-CMR node...
INFO [2024-08-08 16:25:14] [THERMAL] - Adding CMR_OIL_DOUALABASSA3432 generator to AF-CMR node...
INFO [2024-08-08 16:25:15] [THERMAL] - Adding CMR_OIL_GAROUA3434 generator to AF-CMR node...
INFO [2024-08-08 16:25:15] [THERMAL] - Adding CMR_OIL_LIMBE3437 generator to AF-CMR node...
INFO [2024-08-08 16:25:15] [THERMAL] - Adding COD_GAS_DJENOTOTAL8454 generator to AF-COD node...
INFO [2024-08-08 16:25:16] [THERMAL] - Adding COD_OIL_POINTENOIRE8464 generator to AF-COD node...
INFO [2024-08-08 16:25:16] [THERMAL] - Adding COG_GAS_DJENOENI7916 generator to AF-COG node...
INFO [2024-08-08 16:25:16] [THERMAL] - Adding COG_GAS_POINTENOIRESN7922 generator to AF-COG node...
INFO [2024-08-08 16:25:17] [THERMAL] - Adding COG_OIL_LOANGO7919 generator to AF-COG node...
INFO [2024-08-08 16:25:17] [THERMAL] - Adding COG_OIL_MPILA7921 generator to AF-COG node...
INFO [2024-08-08 16:25:17] [THERMAL] - Adding CPV_OIL_PALMAREJO4593 generator to AF-CPV node...
INFO [2024-08-08 16:25:17] [THERMAL] - Adding CPV_OIL_PALMEIRAELECTR4594 generator to AF-CPV node...
INFO [2024-08-08 16:25:18] [THERMAL] - Adding CPV_OIL_PRAIA4595 generator to AF-CPV node...
INFO [2024-08-08 16:25:18] [THERMAL] - Adding DJI_OIL_BOULAOS8506 generator to AF-DJI node...
INFO [2024-08-08 16:25:18] [THERMAL] - Adding DZA_GAS_AINDJASSER16 generator to AF-DZA node...
INFO [2024-08-08 16:25:19] [THERMAL] - Adding DZA_GAS_ANNABA17 generator to AF-DZA node...
INFO [2024-08-08 16:25:19] [THERMAL] - Adding DZA_GAS_ARBAA18 generator to AF-DZA node...
INFO [2024-08-08 16:25:20] [THERMAL] - Adding DZA_GAS_BOUFARIK119 generator to AF-DZA node...
INFO [2024-08-08 16:25:20] [THERMAL] - Adding DZA_GAS_CAPACITY SCALER generator to AF-DZA node...
INFO [2024-08-08 16:25:20] [THERMAL] - Adding DZA_GAS_FKRINA22 generator to AF-DZA node...
INFO [2024-08-08 16:25:21] [THERMAL] - Adding DZA_GAS_HADJRETENNOUS23 generator to AF-DZA node...
INFO [2024-08-08 16:25:21] [THERMAL] - Adding DZA_GAS_HAMMA224 generator to AF-DZA node...
INFO [2024-08-08 16:25:21] [THERMAL] - Adding DZA_GAS_HASSIMESSAOUD25 generator to AF-DZA node...
INFO [2024-08-08 16:25:22] [THERMAL] - Adding DZA_GAS_HASSIMESSOUD26 generator to AF-DZA node...
INFO [2024-08-08 16:25:22] [THERMAL] - Adding DZA_GAS_HASSIMESSOUDN27 generator to AF-DZA node...
INFO [2024-08-08 16:25:23] [THERMAL] - Adding DZA_GAS_HASSIMESSOUDO28 generator to AF-DZA node...
INFO [2024-08-08 16:25:23] [THERMAL] - Adding DZA_GAS_JIJEL30 generator to AF-DZA node...
INFO [2024-08-08 16:25:23] [THERMAL] - Adding DZA_GAS_KAHRAMAIPP31 generator to AF-DZA node...
INFO [2024-08-08 16:25:24] [THERMAL] - Adding DZA_GAS_KOUDIETEDDRAOU32 generator to AF-DZA node...
INFO [2024-08-08 16:25:24] [THERMAL] - Adding DZA_GAS_LABREG33 generator to AF-DZA node...
INFO [2024-08-08 16:25:24] [THERMAL] - Adding DZA_GAS_MARSAT34 generator to AF-DZA node...
INFO [2024-08-08 16:25:25] [THERMAL] - Adding DZA_GAS_MARSATTG35 generator to AF-DZA node...
INFO [2024-08-08 16:25:25] [THERMAL] - Adding DZA_GAS_MSILA136 generator to AF-DZA node...
INFO [2024-08-08 16:25:25] [THERMAL] - Adding DZA_GAS_RASDJINET37 generator to AF-DZA node...
INFO [2024-08-08 16:25:26] [THERMAL] - Adding DZA_GAS_RAVINBLANC38 generator to AF-DZA node...
INFO [2024-08-08 16:25:26] [THERMAL] - Adding DZA_GAS_RELIZANE39 generator to AF-DZA node...
INFO [2024-08-08 16:25:26] [THERMAL] - Adding DZA_GAS_SKBIPP40 generator to AF-DZA node...
INFO [2024-08-08 16:25:27] [THERMAL] - Adding DZA_GAS_SKIKDA43 generator to AF-DZA node...
INFO [2024-08-08 16:25:27] [THERMAL] - Adding DZA_GAS_SKSIPPSNCLAV41 generator to AF-DZA node...
INFO [2024-08-08 16:25:27] [THERMAL] - Adding DZA_GAS_SPP1THERMAL42 generator to AF-DZA node...
INFO [2024-08-08 16:25:28] [THERMAL] - Adding DZA_GAS_TERGA44 generator to AF-DZA node...
INFO [2024-08-08 16:25:28] [THERMAL] - Adding DZA_GAS_TIARET45 generator to AF-DZA node...
INFO [2024-08-08 16:25:28] [THERMAL] - Adding DZA_GAS_TILGHEMT146 generator to AF-DZA node...
INFO [2024-08-08 16:25:29] [THERMAL] - Adding EGY_GAS_ABUKIR8540 generator to AF-EGY node...
INFO [2024-08-08 16:25:29] [THERMAL] - Adding EGY_GAS_ABUSULTAN8541 generator to AF-EGY node...
INFO [2024-08-08 16:25:29] [THERMAL] - Adding EGY_GAS_ARISH8542 generator to AF-EGY node...
INFO [2024-08-08 16:25:30] [THERMAL] - Adding EGY_GAS_ATAKA8545 generator to AF-EGY node...
INFO [2024-08-08 16:25:30] [THERMAL] - Adding EGY_GAS_BANHA8546 generator to AF-EGY node...
INFO [2024-08-08 16:25:30] [THERMAL] - Adding EGY_GAS_CAIRONORTH8547 generator to AF-EGY node...
INFO [2024-08-08 16:25:31] [THERMAL] - Adding EGY_GAS_CAIROSOUTH8548 generator to AF-EGY node...
INFO [2024-08-08 16:25:31] [THERMAL] - Adding EGY_GAS_CAIROWEST8549 generator to AF-EGY node...
INFO [2024-08-08 16:25:31] [THERMAL] - Adding EGY_GAS_CAPACITY SCALER generator to AF-EGY node...
INFO [2024-08-08 16:25:32] [THERMAL] - Adding EGY_GAS_DAMANHOUR8550 generator to AF-EGY node...
INFO [2024-08-08 16:25:32] [THERMAL] - Adding EGY_GAS_DAMIETTA8551 generator to AF-EGY node...
INFO [2024-08-08 16:25:32] [THERMAL] - Adding EGY_GAS_DAMIETTAWEST8552 generator to AF-EGY node...
