INFO [2024-09-04 16:46:44] [MAIN] - Creating v2_1clu__2024_09_04_16_46_43 study...

INFO [2024-09-04 16:46:44] [MAIN] - Unit commitment mode : ACCURATE
INFO [2024-09-04 16:46:44] [MAIN] - Adding nodes...

INFO [2024-09-04 16:50:23] [MAIN] - Done adding nodes! (run time : 218.57s).

INFO [2024-09-04 16:50:23] [MAIN] - Adding districts...

INFO [2024-09-04 16:50:47] [MAIN] - Done adding districts! (run time : 24.54s).

INFO [2024-09-04 16:50:48] [MAIN] - Adding load data...

INFO [2024-09-04 16:56:40] [MAIN] - Done adding load data! (run time : 352.73s).

INFO [2024-09-04 16:56:40] [MAIN] - Fetching wind data...

INFO [2024-09-04 16:59:47] [MAIN] - Done adding wind data! (run time : 186.46s).

INFO [2024-09-04 16:59:47] [MAIN] - Fetching solar data...

INFO [2024-09-04 17:03:06] [MAIN] - Done adding solar data! (run time : 199.4s).

INFO [2024-09-04 17:03:07] [MAIN] - Beginning hydro implementation...
INFO [2024-09-04 17:20:02] [MAIN] - Done adding hydro!
INFO [2024-09-04 17:20:02] [MAIN] - Fetching thermal data...
INFO [2024-09-04 17:20:06] [MAIN] - Aggregating identical generators...
INFO [2024-09-04 17:20:06] [MAIN] - Running 1-clustering algorithm on generators...
INFO [2024-09-04 17:20:16] [MAIN] - Done running 1-clustering algorithm on generators!

INFO [2024-09-04 17:45:14] [MAIN] - Done adding thermal data! (run time : 25.2min).

INFO [2024-09-04 17:45:14] [MAIN] - Fetching battery data...

INFO [2024-09-04 17:45:15] [MAIN] - Aggregating identical batteries...
INFO [2024-09-04 17:45:15] [MAIN] - Running 1-clustering algorithm on batteries...
INFO [2024-09-04 17:45:19] [MAIN] - Done running 1-clustering algorithm on batteries!

INFO [2024-09-04 17:55:37] [MAIN] - Done adding battery data! (run time : 10.38min).

INFO [2024-09-04 17:55:37] [MAIN] - Adding lines between areas...

