INFO [2024-08-14 14:57:25] [MAIN] - Creating Deane_Beta_AF_Agg__2024_08_14_14_57_25 study...

INFO [2024-08-14 14:57:25] [MAIN] - Unit commitment mode : FAST
INFO [2024-08-14 14:57:25] [MAIN] - Adding nodes...

INFO [2024-08-14 14:57:28] [NODES] - Adding AF-AGO node...
INFO [2024-08-14 14:57:28] [NODES] - Adding AF-BDI node...
INFO [2024-08-14 14:57:28] [NODES] - Adding AF-BEN node...
INFO [2024-08-14 14:57:28] [NODES] - Adding AF-BFA node...
INFO [2024-08-14 14:57:28] [NODES] - Adding AF-BWA node...
INFO [2024-08-14 14:57:28] [NODES] - Adding AF-CAF node...
INFO [2024-08-14 14:57:29] [NODES] - Adding AF-CIV node...
INFO [2024-08-14 14:57:29] [NODES] - Adding AF-CMR node...
INFO [2024-08-14 14:57:29] [NODES] - Adding AF-COD node...
INFO [2024-08-14 14:57:29] [NODES] - Adding AF-COG node...
INFO [2024-08-14 14:57:30] [NODES] - Adding AF-CPV node...
INFO [2024-08-14 14:57:30] [NODES] - Adding AF-DJI node...
INFO [2024-08-14 14:57:30] [NODES] - Adding AF-DZA node...
INFO [2024-08-14 14:57:31] [NODES] - Adding AF-EGY node...
INFO [2024-08-14 14:57:31] [NODES] - Adding AF-ERI node...
INFO [2024-08-14 14:57:31] [NODES] - Adding AF-ESH node...
INFO [2024-08-14 14:57:31] [NODES] - Adding AF-ETH node...
INFO [2024-08-14 14:57:32] [NODES] - Adding AF-GAB node...
INFO [2024-08-14 14:57:32] [NODES] - Adding AF-GHA node...
INFO [2024-08-14 14:57:32] [NODES] - Adding AF-GIN node...
INFO [2024-08-14 14:57:32] [NODES] - Adding AF-GMB node...
INFO [2024-08-14 14:57:33] [NODES] - Adding AF-GNB node...
INFO [2024-08-14 14:57:33] [NODES] - Adding AF-GNQ node...
INFO [2024-08-14 14:57:33] [NODES] - Adding AF-KEN node...
INFO [2024-08-14 14:57:34] [NODES] - Adding AF-LBR node...
INFO [2024-08-14 14:57:34] [NODES] - Adding AF-LBY node...
INFO [2024-08-14 14:57:34] [NODES] - Adding AF-LSO node...
INFO [2024-08-14 14:57:35] [NODES] - Adding AF-MAR node...
INFO [2024-08-14 14:57:35] [NODES] - Adding AF-MDG node...
INFO [2024-08-14 14:57:36] [NODES] - Adding AF-MLI node...
INFO [2024-08-14 14:57:36] [NODES] - Adding AF-MOZ node...
INFO [2024-08-14 14:57:37] [NODES] - Adding AF-MRT node...
INFO [2024-08-14 14:57:37] [NODES] - Adding AF-MUS node...
INFO [2024-08-14 14:57:38] [NODES] - Adding AF-MWI node...
INFO [2024-08-14 14:57:38] [NODES] - Adding AF-NAM node...
INFO [2024-08-14 14:57:39] [NODES] - Adding AF-NER node...
INFO [2024-08-14 14:57:39] [NODES] - Adding AF-NGA node...
INFO [2024-08-14 14:57:39] [NODES] - Adding AF-RWA node...
INFO [2024-08-14 14:57:40] [NODES] - Adding AF-SDN node...
INFO [2024-08-14 14:57:41] [NODES] - Adding AF-SEN node...
INFO [2024-08-14 14:57:41] [NODES] - Adding AF-SLE node...
INFO [2024-08-14 14:57:42] [NODES] - Adding AF-SWZ node...
INFO [2024-08-14 14:57:43] [NODES] - Adding AF-TGO node...
INFO [2024-08-14 14:57:43] [NODES] - Adding AF-TUN node...
INFO [2024-08-14 14:57:44] [NODES] - Adding AF-TZA node...
INFO [2024-08-14 14:57:45] [NODES] - Adding AF-UGA node...
INFO [2024-08-14 14:57:45] [NODES] - Adding AF-ZAF node...
INFO [2024-08-14 14:57:46] [NODES] - Adding AF-ZMB node...
INFO [2024-08-14 14:57:46] [NODES] - Adding AF-ZWE node...
INFO [2024-08-14 14:57:47] [MAIN] - Done adding nodes! (run time : 21.68s).

INFO [2024-08-14 14:57:47] [MAIN] - Adding load data...

INFO [2024-08-14 14:57:49] [LOAD] - Adding AF-AGO load data...
INFO [2024-08-14 14:57:49] [LOAD] - Adding AF-BDI load data...
INFO [2024-08-14 14:57:50] [LOAD] - Adding AF-BEN load data...
INFO [2024-08-14 14:57:50] [LOAD] - Adding AF-BFA load data...
INFO [2024-08-14 14:57:50] [LOAD] - Adding AF-BWA load data...
INFO [2024-08-14 14:57:51] [LOAD] - Adding AF-CAF load data...
INFO [2024-08-14 14:57:51] [LOAD] - Adding AF-CIV load data...
INFO [2024-08-14 14:57:51] [LOAD] - Adding AF-CMR load data...
INFO [2024-08-14 14:57:51] [LOAD] - Adding AF-COD load data...
INFO [2024-08-14 14:57:51] [LOAD] - Adding AF-COG load data...
INFO [2024-08-14 14:57:52] [LOAD] - Adding AF-CPV load data...
INFO [2024-08-14 14:57:52] [LOAD] - Adding AF-DJI load data...
INFO [2024-08-14 14:57:52] [LOAD] - Adding AF-DZA load data...
INFO [2024-08-14 14:57:52] [LOAD] - Adding AF-EGY load data...
INFO [2024-08-14 14:57:53] [LOAD] - Adding AF-ERI load data...
INFO [2024-08-14 14:57:53] [LOAD] - Adding AF-ESH load data...
INFO [2024-08-14 14:57:53] [LOAD] - Adding AF-ETH load data...
INFO [2024-08-14 14:57:53] [LOAD] - Adding AF-GAB load data...
INFO [2024-08-14 14:57:53] [LOAD] - Adding AF-GHA load data...
INFO [2024-08-14 14:57:54] [LOAD] - Adding AF-GIN load data...
INFO [2024-08-14 14:57:54] [LOAD] - Adding AF-GMB load data...
INFO [2024-08-14 14:57:54] [LOAD] - Adding AF-GNB load data...
INFO [2024-08-14 14:57:54] [LOAD] - Adding AF-GNQ load data...
INFO [2024-08-14 14:57:54] [LOAD] - Adding AF-KEN load data...
INFO [2024-08-14 14:57:55] [LOAD] - Adding AF-LBR load data...
INFO [2024-08-14 14:57:55] [LOAD] - Adding AF-LBY load data...
INFO [2024-08-14 14:57:55] [LOAD] - Adding AF-LSO load data...
INFO [2024-08-14 14:57:55] [LOAD] - Adding AF-MAR load data...
INFO [2024-08-14 14:57:56] [LOAD] - Adding AF-MDG load data...
INFO [2024-08-14 14:57:56] [LOAD] - Adding AF-MLI load data...
INFO [2024-08-14 14:57:56] [LOAD] - Adding AF-MOZ load data...
INFO [2024-08-14 14:57:56] [LOAD] - Adding AF-MRT load data...
INFO [2024-08-14 14:57:56] [LOAD] - Adding AF-MUS load data...
INFO [2024-08-14 14:57:57] [LOAD] - Adding AF-MWI load data...
INFO [2024-08-14 14:57:57] [LOAD] - Adding AF-NAM load data...
INFO [2024-08-14 14:57:57] [LOAD] - Adding AF-NER load data...
INFO [2024-08-14 14:57:57] [LOAD] - Adding AF-NGA load data...
INFO [2024-08-14 14:57:57] [LOAD] - Adding AF-RWA load data...
INFO [2024-08-14 14:57:58] [LOAD] - Adding AF-SDN load data...
INFO [2024-08-14 14:57:58] [LOAD] - Adding AF-SEN load data...
INFO [2024-08-14 14:57:58] [LOAD] - Adding AF-SLE load data...
INFO [2024-08-14 14:57:59] [LOAD] - Adding AF-SWZ load data...
INFO [2024-08-14 14:57:59] [LOAD] - Adding AF-TGO load data...
INFO [2024-08-14 14:57:59] [LOAD] - Adding AF-TUN load data...
INFO [2024-08-14 14:57:59] [LOAD] - Adding AF-TZA load data...
INFO [2024-08-14 14:58:00] [LOAD] - Adding AF-UGA load data...
INFO [2024-08-14 14:58:00] [LOAD] - Adding AF-ZAF load data...
INFO [2024-08-14 14:58:01] [LOAD] - Adding AF-ZMB load data...
INFO [2024-08-14 14:58:01] [LOAD] - Adding AF-ZWE load data...
INFO [2024-08-14 14:58:02] [MAIN] - Done adding load data! (run time : 14.51s).

INFO [2024-08-14 14:58:02] [MAIN] - Fetching wind data...

INFO [2024-08-14 14:58:02] [WARN] - Skipped adding wind data for AF-AGO (no generators found in PLEXOS).
INFO [2024-08-14 14:58:02] [WARN] - Skipped adding wind data for AF-BDI (no generators found in PLEXOS).
INFO [2024-08-14 14:58:02] [WARN] - Skipped adding wind data for AF-BEN (no generators found in PLEXOS).
INFO [2024-08-14 14:58:02] [WARN] - Skipped adding wind data for AF-BFA (no generators found in PLEXOS).
INFO [2024-08-14 14:58:02] [WARN] - Skipped adding wind data for AF-BWA (no generators found in PLEXOS).
INFO [2024-08-14 14:58:02] [WARN] - Skipped adding wind data for AF-CAF (no generators found in PLEXOS).
INFO [2024-08-14 14:58:02] [WARN] - Skipped adding wind data for AF-CIV (no generators found in PLEXOS).
INFO [2024-08-14 14:58:02] [WARN] - Skipped adding wind data for AF-CMR (no generators found in PLEXOS).
INFO [2024-08-14 14:58:02] [WARN] - Skipped adding wind data for AF-COD (no generators found in PLEXOS).
INFO [2024-08-14 14:58:02] [WARN] - Skipped adding wind data for AF-COG (no generators found in PLEXOS).
INFO [2024-08-14 14:58:02] [WIND] - Adding AF-CPV aggregated wind data...
INFO [2024-08-14 14:58:02] [WARN] - Skipped adding wind data for AF-DJI (no generators found in PLEXOS).
INFO [2024-08-14 14:58:02] [WARN] - Skipped adding wind data for AF-DZA (no generators found in PLEXOS).
INFO [2024-08-14 14:58:03] [WIND] - Adding AF-EGY aggregated wind data...
INFO [2024-08-14 14:58:03] [WARN] - Skipped adding wind data for AF-ERI (no generators found in PLEXOS).
INFO [2024-08-14 14:58:03] [WARN] - Skipped adding wind data for AF-ESH (no generators found in PLEXOS).
INFO [2024-08-14 14:58:03] [WIND] - Adding AF-ETH aggregated wind data...
INFO [2024-08-14 14:58:03] [WARN] - Skipped adding wind data for AF-GAB (no generators found in PLEXOS).
INFO [2024-08-14 14:58:03] [WARN] - Skipped adding wind data for AF-GHA (no generators found in PLEXOS).
INFO [2024-08-14 14:58:03] [WARN] - Skipped adding wind data for AF-GIN (no generators found in PLEXOS).
INFO [2024-08-14 14:58:03] [WARN] - Skipped adding wind data for AF-GMB (no generators found in PLEXOS).
INFO [2024-08-14 14:58:03] [WARN] - Skipped adding wind data for AF-GNB (no generators found in PLEXOS).
INFO [2024-08-14 14:58:03] [WARN] - Skipped adding wind data for AF-GNQ (no generators found in PLEXOS).
INFO [2024-08-14 14:58:04] [WIND] - Adding AF-KEN aggregated wind data...
INFO [2024-08-14 14:58:04] [WARN] - Skipped adding wind data for AF-LBR (no generators found in PLEXOS).
INFO [2024-08-14 14:58:04] [WARN] - Skipped adding wind data for AF-LBY (no generators found in PLEXOS).
INFO [2024-08-14 14:58:04] [WARN] - Skipped adding wind data for AF-LSO (no generators found in PLEXOS).
INFO [2024-08-14 14:58:04] [WIND] - Adding AF-MAR aggregated wind data...
INFO [2024-08-14 14:58:04] [WARN] - Skipped adding wind data for AF-MDG (no generators found in PLEXOS).
INFO [2024-08-14 14:58:04] [WARN] - Skipped adding wind data for AF-MLI (no generators found in PLEXOS).
INFO [2024-08-14 14:58:04] [WARN] - Skipped adding wind data for AF-MOZ (no generators found in PLEXOS).
INFO [2024-08-14 14:58:04] [WIND] - Adding AF-MRT aggregated wind data...
INFO [2024-08-14 14:58:04] [WARN] - Skipped adding wind data for AF-MUS (no generators found in PLEXOS).
INFO [2024-08-14 14:58:04] [WARN] - Skipped adding wind data for AF-MWI (no generators found in PLEXOS).
INFO [2024-08-14 14:58:04] [WARN] - Skipped adding wind data for AF-NAM (no generators found in PLEXOS).
INFO [2024-08-14 14:58:04] [WARN] - Skipped adding wind data for AF-NER (no generators found in PLEXOS).
INFO [2024-08-14 14:58:04] [WARN] - Skipped adding wind data for AF-NGA (no generators found in PLEXOS).
INFO [2024-08-14 14:58:04] [WARN] - Skipped adding wind data for AF-RWA (no generators found in PLEXOS).
INFO [2024-08-14 14:58:04] [WARN] - Skipped adding wind data for AF-SDN (no generators found in PLEXOS).
INFO [2024-08-14 14:58:04] [WARN] - Skipped adding wind data for AF-SEN (no generators found in PLEXOS).
INFO [2024-08-14 14:58:04] [WARN] - Skipped adding wind data for AF-SLE (no generators found in PLEXOS).
INFO [2024-08-14 14:58:04] [WARN] - Skipped adding wind data for AF-SWZ (no generators found in PLEXOS).
INFO [2024-08-14 14:58:04] [WARN] - Skipped adding wind data for AF-TGO (no generators found in PLEXOS).
INFO [2024-08-14 14:58:05] [WIND] - Adding AF-TUN aggregated wind data...
INFO [2024-08-14 14:58:05] [WARN] - Skipped adding wind data for AF-TZA (no generators found in PLEXOS).
INFO [2024-08-14 14:58:05] [WARN] - Skipped adding wind data for AF-UGA (no generators found in PLEXOS).
INFO [2024-08-14 14:58:05] [WIND] - Adding AF-ZAF aggregated wind data...
INFO [2024-08-14 14:58:05] [WARN] - Skipped adding wind data for AF-ZMB (no generators found in PLEXOS).
INFO [2024-08-14 14:58:05] [WARN] - Skipped adding wind data for AF-ZWE (no generators found in PLEXOS).
INFO [2024-08-14 14:58:05] [MAIN] - Done adding wind data! (run time : 3.36s).

INFO [2024-08-14 14:58:05] [MAIN] - Fetching solar data...

INFO [2024-08-14 14:58:05] [SOLAR] - Adding AF-AGO aggregated solar data...
INFO [2024-08-14 14:58:05] [WARN] - Skipped adding solar data for AF-BDI (no generators found in PLEXOS).
INFO [2024-08-14 14:58:05] [WARN] - Skipped adding solar data for AF-BEN (no generators found in PLEXOS).
INFO [2024-08-14 14:58:05] [WARN] - Skipped adding solar data for AF-BFA (no generators found in PLEXOS).
INFO [2024-08-14 14:58:05] [WARN] - Skipped adding solar data for AF-BWA (no generators found in PLEXOS).
INFO [2024-08-14 14:58:06] [WARN] - Skipped adding solar data for AF-CAF (no generators found in PLEXOS).
INFO [2024-08-14 14:58:06] [WARN] - Skipped adding solar data for AF-CIV (no generators found in PLEXOS).
INFO [2024-08-14 14:58:06] [WARN] - Skipped adding solar data for AF-CMR (no generators found in PLEXOS).
INFO [2024-08-14 14:58:06] [WARN] - Skipped adding solar data for AF-COD (no generators found in PLEXOS).
INFO [2024-08-14 14:58:06] [WARN] - Skipped adding solar data for AF-COG (no generators found in PLEXOS).
INFO [2024-08-14 14:58:06] [SOLAR] - Adding AF-CPV aggregated solar data...
INFO [2024-08-14 14:58:06] [WARN] - Skipped adding solar data for AF-DJI (no generators found in PLEXOS).
INFO [2024-08-14 14:58:06] [SOLAR] - Adding AF-DZA aggregated solar data...
INFO [2024-08-14 14:58:06] [SOLAR] - Adding AF-EGY aggregated solar data...
INFO [2024-08-14 14:58:06] [WARN] - Skipped adding solar data for AF-ERI (no generators found in PLEXOS).
INFO [2024-08-14 14:58:06] [WARN] - Skipped adding solar data for AF-ESH (no generators found in PLEXOS).
INFO [2024-08-14 14:58:07] [SOLAR] - Adding AF-ETH aggregated solar data...
INFO [2024-08-14 14:58:07] [WARN] - Skipped adding solar data for AF-GAB (no generators found in PLEXOS).
INFO [2024-08-14 14:58:07] [WARN] - Skipped adding solar data for AF-GHA (no generators found in PLEXOS).
INFO [2024-08-14 14:58:07] [WARN] - Skipped adding solar data for AF-GIN (no generators found in PLEXOS).
INFO [2024-08-14 14:58:07] [WARN] - Skipped adding solar data for AF-GMB (no generators found in PLEXOS).
INFO [2024-08-14 14:58:07] [WARN] - Skipped adding solar data for AF-GNB (no generators found in PLEXOS).
INFO [2024-08-14 14:58:07] [WARN] - Skipped adding solar data for AF-GNQ (no generators found in PLEXOS).
INFO [2024-08-14 14:58:07] [SOLAR] - Adding AF-KEN aggregated solar data...
INFO [2024-08-14 14:58:07] [WARN] - Skipped adding solar data for AF-LBR (no generators found in PLEXOS).
INFO [2024-08-14 14:58:07] [WARN] - Skipped adding solar data for AF-LBY (no generators found in PLEXOS).
INFO [2024-08-14 14:58:07] [WARN] - Skipped adding solar data for AF-LSO (no generators found in PLEXOS).
INFO [2024-08-14 14:58:08] [SOLAR] - Adding AF-MAR aggregated solar data...
INFO [2024-08-14 14:58:08] [WARN] - Skipped adding solar data for AF-MDG (no generators found in PLEXOS).
INFO [2024-08-14 14:58:08] [WARN] - Skipped adding solar data for AF-MLI (no generators found in PLEXOS).
INFO [2024-08-14 14:58:08] [WARN] - Skipped adding solar data for AF-MOZ (no generators found in PLEXOS).
INFO [2024-08-14 14:58:08] [SOLAR] - Adding AF-MRT aggregated solar data...
INFO [2024-08-14 14:58:09] [SOLAR] - Adding AF-MUS aggregated solar data...
INFO [2024-08-14 14:58:09] [WARN] - Skipped adding solar data for AF-MWI (no generators found in PLEXOS).
INFO [2024-08-14 14:58:09] [SOLAR] - Adding AF-NAM aggregated solar data...
INFO [2024-08-14 14:58:09] [WARN] - Skipped adding solar data for AF-NER (no generators found in PLEXOS).
INFO [2024-08-14 14:58:10] [SOLAR] - Adding AF-NGA aggregated solar data...
INFO [2024-08-14 14:58:10] [SOLAR] - Adding AF-RWA aggregated solar data...
INFO [2024-08-14 14:58:10] [WARN] - Skipped adding solar data for AF-SDN (no generators found in PLEXOS).
INFO [2024-08-14 14:58:11] [SOLAR] - Adding AF-SEN aggregated solar data...
INFO [2024-08-14 14:58:11] [WARN] - Skipped adding solar data for AF-SLE (no generators found in PLEXOS).
INFO [2024-08-14 14:58:11] [WARN] - Skipped adding solar data for AF-SWZ (no generators found in PLEXOS).
INFO [2024-08-14 14:58:11] [WARN] - Skipped adding solar data for AF-TGO (no generators found in PLEXOS).
INFO [2024-08-14 14:58:11] [SOLAR] - Adding AF-TUN aggregated solar data...
INFO [2024-08-14 14:58:11] [WARN] - Skipped adding solar data for AF-TZA (no generators found in PLEXOS).
INFO [2024-08-14 14:58:12] [SOLAR] - Adding AF-UGA aggregated solar data...
INFO [2024-08-14 14:58:12] [SOLAR] - Adding AF-ZAF aggregated solar data...
INFO [2024-08-14 14:58:12] [WARN] - Skipped adding solar data for AF-ZMB (no generators found in PLEXOS).
INFO [2024-08-14 14:58:12] [WARN] - Skipped adding solar data for AF-ZWE (no generators found in PLEXOS).
INFO [2024-08-14 14:58:12] [MAIN] - Done adding solar data! (run time : 6.88s).

INFO [2024-08-14 14:58:12] [MAIN] - Beginning hydro implementation...
INFO [2024-08-14 14:58:14] [HYDRO] - Initializing AF-AGO hydro parameters...
INFO [2024-08-14 14:58:14] [HYDRO] - Adding AF-AGO max power timeseries...
INFO [2024-08-14 14:58:15] [HYDRO] - Adding AF-AGO hydro profiles...
INFO [2024-08-14 14:58:17] [HYDRO] - Initializing AF-BDI hydro parameters...
INFO [2024-08-14 14:58:18] [HYDRO] - Adding AF-BDI max power timeseries...
INFO [2024-08-14 14:58:19] [HYDRO] - Adding AF-BDI hydro profiles...
INFO [2024-08-14 14:58:20] [HYDRO] - Initializing AF-BFA hydro parameters...
INFO [2024-08-14 14:58:21] [HYDRO] - Adding AF-BFA max power timeseries...
INFO [2024-08-14 14:58:21] [HYDRO] - Adding AF-BFA hydro profiles...
INFO [2024-08-14 14:58:23] [HYDRO] - Initializing AF-CAF hydro parameters...
INFO [2024-08-14 14:58:23] [HYDRO] - Adding AF-CAF max power timeseries...
INFO [2024-08-14 14:58:24] [HYDRO] - Adding AF-CAF hydro profiles...
INFO [2024-08-14 14:58:25] [HYDRO] - Initializing AF-CIV hydro parameters...
INFO [2024-08-14 14:58:26] [HYDRO] - Adding AF-CIV max power timeseries...
INFO [2024-08-14 14:58:26] [HYDRO] - Adding AF-CIV hydro profiles...
INFO [2024-08-14 14:58:27] [HYDRO] - Initializing AF-CMR hydro parameters...
INFO [2024-08-14 14:58:28] [HYDRO] - Adding AF-CMR max power timeseries...
INFO [2024-08-14 14:58:29] [HYDRO] - Adding AF-CMR hydro profiles...
INFO [2024-08-14 14:58:30] [HYDRO] - Initializing AF-COD hydro parameters...
INFO [2024-08-14 14:58:30] [HYDRO] - Adding AF-COD max power timeseries...
INFO [2024-08-14 14:58:31] [HYDRO] - Adding AF-COD hydro profiles...
INFO [2024-08-14 14:58:32] [HYDRO] - Initializing AF-COG hydro parameters...
INFO [2024-08-14 14:58:33] [HYDRO] - Adding AF-COG max power timeseries...
INFO [2024-08-14 14:58:33] [HYDRO] - Adding AF-COG hydro profiles...
INFO [2024-08-14 14:58:34] [HYDRO] - Initializing AF-DZA hydro parameters...
INFO [2024-08-14 14:58:35] [HYDRO] - Adding AF-DZA max power timeseries...
INFO [2024-08-14 14:58:36] [HYDRO] - Adding AF-DZA hydro profiles...
INFO [2024-08-14 14:58:36] [HYDRO] - Initializing AF-EGY hydro parameters...
INFO [2024-08-14 14:58:37] [HYDRO] - Adding AF-EGY max power timeseries...
INFO [2024-08-14 14:58:38] [HYDRO] - Adding AF-EGY hydro profiles...
INFO [2024-08-14 14:58:38] [HYDRO] - Initializing AF-ETH hydro parameters...
INFO [2024-08-14 14:58:39] [HYDRO] - Adding AF-ETH max power timeseries...
INFO [2024-08-14 14:58:39] [HYDRO] - Adding AF-ETH hydro profiles...
INFO [2024-08-14 14:58:40] [HYDRO] - Initializing AF-GAB hydro parameters...
INFO [2024-08-14 14:58:41] [HYDRO] - Adding AF-GAB max power timeseries...
INFO [2024-08-14 14:58:41] [HYDRO] - Adding AF-GAB hydro profiles...
INFO [2024-08-14 14:58:42] [HYDRO] - Initializing AF-GHA hydro parameters...
INFO [2024-08-14 14:58:43] [HYDRO] - Adding AF-GHA max power timeseries...
INFO [2024-08-14 14:58:43] [HYDRO] - Adding AF-GHA hydro profiles...
INFO [2024-08-14 14:58:44] [HYDRO] - Initializing AF-GIN hydro parameters...
INFO [2024-08-14 14:58:45] [HYDRO] - Adding AF-GIN max power timeseries...
INFO [2024-08-14 14:58:45] [HYDRO] - Adding AF-GIN hydro profiles...
INFO [2024-08-14 14:58:46] [HYDRO] - Initializing AF-GNQ hydro parameters...
INFO [2024-08-14 14:58:46] [HYDRO] - Adding AF-GNQ max power timeseries...
INFO [2024-08-14 14:58:47] [HYDRO] - Adding AF-GNQ hydro profiles...
INFO [2024-08-14 14:58:48] [HYDRO] - Initializing AF-KEN hydro parameters...
INFO [2024-08-14 14:58:48] [HYDRO] - Adding AF-KEN max power timeseries...
INFO [2024-08-14 14:58:49] [HYDRO] - Adding AF-KEN hydro profiles...
INFO [2024-08-14 14:58:50] [HYDRO] - Initializing AF-LBR hydro parameters...
INFO [2024-08-14 14:58:50] [HYDRO] - Adding AF-LBR max power timeseries...
INFO [2024-08-14 14:58:51] [HYDRO] - Adding AF-LBR hydro profiles...
INFO [2024-08-14 14:58:52] [HYDRO] - Initializing AF-LSO hydro parameters...
INFO [2024-08-14 14:58:52] [HYDRO] - Adding AF-LSO max power timeseries...
INFO [2024-08-14 14:58:53] [HYDRO] - Adding AF-LSO hydro profiles...
INFO [2024-08-14 14:58:54] [HYDRO] - Initializing AF-MAR hydro parameters...
INFO [2024-08-14 14:58:55] [HYDRO] - Adding AF-MAR max power timeseries...
INFO [2024-08-14 14:58:55] [HYDRO] - Adding AF-MAR hydro profiles...
INFO [2024-08-14 14:58:56] [HYDRO] - Initializing AF-MDG hydro parameters...
INFO [2024-08-14 14:58:57] [HYDRO] - Adding AF-MDG max power timeseries...
INFO [2024-08-14 14:58:57] [HYDRO] - Adding AF-MDG hydro profiles...
INFO [2024-08-14 14:58:58] [HYDRO] - Initializing AF-MLI hydro parameters...
INFO [2024-08-14 14:58:59] [HYDRO] - Adding AF-MLI max power timeseries...
INFO [2024-08-14 14:59:00] [HYDRO] - Adding AF-MLI hydro profiles...
INFO [2024-08-14 14:59:01] [HYDRO] - Initializing AF-MOZ hydro parameters...
INFO [2024-08-14 14:59:01] [HYDRO] - Adding AF-MOZ max power timeseries...
INFO [2024-08-14 14:59:02] [HYDRO] - Adding AF-MOZ hydro profiles...
INFO [2024-08-14 14:59:03] [HYDRO] - Initializing AF-MRT hydro parameters...
INFO [2024-08-14 14:59:03] [HYDRO] - Adding AF-MRT max power timeseries...
INFO [2024-08-14 14:59:04] [HYDRO] - Adding AF-MRT hydro profiles...
INFO [2024-08-14 14:59:05] [HYDRO] - Initializing AF-MUS hydro parameters...
INFO [2024-08-14 14:59:05] [HYDRO] - Adding AF-MUS max power timeseries...
INFO [2024-08-14 14:59:06] [HYDRO] - Adding AF-MUS hydro profiles...
INFO [2024-08-14 14:59:07] [HYDRO] - Initializing AF-MWI hydro parameters...
INFO [2024-08-14 14:59:07] [HYDRO] - Adding AF-MWI max power timeseries...
INFO [2024-08-14 14:59:08] [HYDRO] - Adding AF-MWI hydro profiles...
INFO [2024-08-14 14:59:09] [HYDRO] - Initializing AF-NAM hydro parameters...
INFO [2024-08-14 14:59:09] [HYDRO] - Adding AF-NAM max power timeseries...
INFO [2024-08-14 14:59:10] [HYDRO] - Adding AF-NAM hydro profiles...
INFO [2024-08-14 14:59:11] [HYDRO] - Initializing AF-NGA hydro parameters...
INFO [2024-08-14 14:59:12] [HYDRO] - Adding AF-NGA max power timeseries...
INFO [2024-08-14 14:59:12] [HYDRO] - Adding AF-NGA hydro profiles...
INFO [2024-08-14 14:59:13] [HYDRO] - Initializing AF-RWA hydro parameters...
INFO [2024-08-14 14:59:14] [HYDRO] - Adding AF-RWA max power timeseries...
INFO [2024-08-14 14:59:14] [HYDRO] - Adding AF-RWA hydro profiles...
INFO [2024-08-14 14:59:15] [HYDRO] - Initializing AF-SDN hydro parameters...
INFO [2024-08-14 14:59:15] [HYDRO] - Adding AF-SDN max power timeseries...
INFO [2024-08-14 14:59:16] [HYDRO] - Adding AF-SDN hydro profiles...
INFO [2024-08-14 14:59:17] [HYDRO] - Initializing AF-SEN hydro parameters...
INFO [2024-08-14 14:59:17] [HYDRO] - Adding AF-SEN max power timeseries...
INFO [2024-08-14 14:59:18] [HYDRO] - Adding AF-SEN hydro profiles...
INFO [2024-08-14 14:59:19] [HYDRO] - Initializing AF-SLE hydro parameters...
INFO [2024-08-14 14:59:19] [HYDRO] - Adding AF-SLE max power timeseries...
INFO [2024-08-14 14:59:20] [HYDRO] - Adding AF-SLE hydro profiles...
INFO [2024-08-14 14:59:20] [HYDRO] - Initializing AF-SWZ hydro parameters...
INFO [2024-08-14 14:59:21] [HYDRO] - Adding AF-SWZ max power timeseries...
INFO [2024-08-14 14:59:21] [HYDRO] - Adding AF-SWZ hydro profiles...
INFO [2024-08-14 14:59:22] [HYDRO] - Initializing AF-TGO hydro parameters...
INFO [2024-08-14 14:59:23] [HYDRO] - Adding AF-TGO max power timeseries...
INFO [2024-08-14 14:59:23] [HYDRO] - Adding AF-TGO hydro profiles...
INFO [2024-08-14 14:59:24] [HYDRO] - Initializing AF-TUN hydro parameters...
INFO [2024-08-14 14:59:24] [HYDRO] - Adding AF-TUN max power timeseries...
INFO [2024-08-14 14:59:25] [HYDRO] - Adding AF-TUN hydro profiles...
INFO [2024-08-14 14:59:26] [HYDRO] - Initializing AF-TZA hydro parameters...
INFO [2024-08-14 14:59:26] [HYDRO] - Adding AF-TZA max power timeseries...
INFO [2024-08-14 14:59:27] [HYDRO] - Adding AF-TZA hydro profiles...
INFO [2024-08-14 14:59:27] [HYDRO] - Initializing AF-UGA hydro parameters...
INFO [2024-08-14 14:59:28] [HYDRO] - Adding AF-UGA max power timeseries...
INFO [2024-08-14 14:59:28] [HYDRO] - Adding AF-UGA hydro profiles...
INFO [2024-08-14 14:59:29] [HYDRO] - Initializing AF-ZAF hydro parameters...
INFO [2024-08-14 14:59:30] [HYDRO] - Adding AF-ZAF max power timeseries...
INFO [2024-08-14 14:59:30] [HYDRO] - Adding AF-ZAF hydro profiles...
INFO [2024-08-14 14:59:31] [HYDRO] - Initializing AF-ZMB hydro parameters...
INFO [2024-08-14 14:59:32] [HYDRO] - Adding AF-ZMB max power timeseries...
INFO [2024-08-14 14:59:33] [HYDRO] - Adding AF-ZMB hydro profiles...
INFO [2024-08-14 14:59:33] [HYDRO] - Initializing AF-ZWE hydro parameters...
INFO [2024-08-14 14:59:34] [HYDRO] - Adding AF-ZWE max power timeseries...
INFO [2024-08-14 14:59:34] [HYDRO] - Adding AF-ZWE hydro profiles...
INFO [2024-08-14 14:59:34] [MAIN] - Done adding hydro!
INFO [2024-08-14 14:59:35] [MAIN] - Fetching thermal data...

INFO [2024-08-14 14:59:36] [THERMAL] - Adding AGO_GAS_NAMIBE59 generator to AF-AGO node...
INFO [2024-08-14 14:59:36] [THERMAL] - Adding AGO_GAS_LOBITO54 generator to AF-AGO node...
INFO [2024-08-14 14:59:36] [THERMAL] - Adding AGO_GAS_CAZENGA52 generator to AF-AGO node...
INFO [2024-08-14 14:59:37] [THERMAL] - Adding AGO_GAS_CAPACITY SCALER generator to AF-AGO node...
INFO [2024-08-14 14:59:37] [THERMAL] - Adding AGO_OIL_MALONGO57 generator to AF-AGO node...
INFO [2024-08-14 14:59:37] [THERMAL] - Adding AGO_OIL_XITOTO61 generator to AF-AGO node...
INFO [2024-08-14 14:59:37] [THERMAL] - Adding AGO_OIL_HUAMBO53 generator to AF-AGO node...
INFO [2024-08-14 14:59:38] [THERMAL] - Adding AGO_OIL_LUANDAREFINERY56 generator to AF-AGO node...
INFO [2024-08-14 14:59:38] [THERMAL] - Adding AGO_OIL_BIOPIO48 generator to AF-AGO node...
INFO [2024-08-14 14:59:38] [THERMAL] - Adding AGO_OIL_LUANDADIESEL55 generator to AF-AGO node...
INFO [2024-08-14 14:59:38] [THERMAL] - Adding AGO_OIL_CAPACITY SCALER generator to AF-AGO node...
INFO [2024-08-14 14:59:39] [THERMAL] - Adding BEN_GAS_AKPAKPA994 generator to AF-BEN node...
INFO [2024-08-14 14:59:39] [THERMAL] - Adding BEN_GAS_CAPACITY SCALER generator to AF-BEN node...
INFO [2024-08-14 14:59:39] [THERMAL] - Adding BEN_OIL_COTONOU995 generator to AF-BEN node...
INFO [2024-08-14 14:59:40] [THERMAL] - Adding BFA_OIL_BOBO3411 generator to AF-BFA node...
INFO [2024-08-14 14:59:40] [THERMAL] - Adding BFA_OIL_OUAGA3414 generator to AF-BFA node...
INFO [2024-08-14 14:59:40] [THERMAL] - Adding BFA_OIL_KOSSODO3413 generator to AF-BFA node...
INFO [2024-08-14 14:59:41] [THERMAL] - Adding BFA_OIL_CAPACITY SCALER generator to AF-BFA node...
INFO [2024-08-14 14:59:41] [THERMAL] - Adding BWA_COA_SUAPANSODAAS1045 generator to AF-BWA node...
INFO [2024-08-14 14:59:42] [THERMAL] - Adding BWA_COA_MORPULE1044 generator to AF-BWA node...
INFO [2024-08-14 14:59:42] [THERMAL] - Adding CAF_OIL_BANGUIENERCA4596 generator to AF-CAF node...
INFO [2024-08-14 14:59:42] [THERMAL] - Adding CIV_GAS_CENTRALEVRIDI7954 generator to AF-CIV node...
INFO [2024-08-14 14:59:43] [THERMAL] - Adding CIV_GAS_VRIDICIPRELOC7957 generator to AF-CIV node...
INFO [2024-08-14 14:59:43] [THERMAL] - Adding CIV_GAS_AZITOOCGTPOWE7952 generator to AF-CIV node...
INFO [2024-08-14 14:59:43] [THERMAL] - Adding CIV_GAS_CAPACITY SCALER generator to AF-CIV node...
INFO [2024-08-14 14:59:44] [THERMAL] - Adding CMR_GAS_KRIBI3435 generator to AF-CMR node...
INFO [2024-08-14 14:59:44] [THERMAL] - Adding CMR_GAS_CAPACITY SCALER generator to AF-CMR node...
INFO [2024-08-14 14:59:44] [THERMAL] - Adding CMR_OIL_BAFOUSSAM3431_LIMBE3437 generator to AF-CMR node...
INFO [2024-08-14 14:59:44] [THERMAL] - Adding CMR_OIL_DOUALABASSA3432 generator to AF-CMR node...
INFO [2024-08-14 14:59:45] [THERMAL] - Adding CMR_OIL_GAROUA3434 generator to AF-CMR node...
INFO [2024-08-14 14:59:45] [THERMAL] - Adding CMR_OIL_CAPACITY SCALER generator to AF-CMR node...
INFO [2024-08-14 14:59:45] [THERMAL] - Adding COD_GAS_DJENOTOTAL8454 generator to AF-COD node...
INFO [2024-08-14 14:59:45] [THERMAL] - Adding COD_OIL_POINTENOIRE8464 generator to AF-COD node...
INFO [2024-08-14 14:59:46] [THERMAL] - Adding COG_GAS_DJENOENI7916 generator to AF-COG node...
INFO [2024-08-14 14:59:46] [THERMAL] - Adding COG_GAS_POINTENOIRESN7922 generator to AF-COG node...
INFO [2024-08-14 14:59:46] [THERMAL] - Adding COG_OIL_MPILA7921 generator to AF-COG node...
INFO [2024-08-14 14:59:46] [THERMAL] - Adding COG_OIL_LOANGO7919 generator to AF-COG node...
INFO [2024-08-14 14:59:47] [THERMAL] - Adding CPV_OIL_PRAIA4595 generator to AF-CPV node...
INFO [2024-08-14 14:59:47] [THERMAL] - Adding CPV_OIL_PALMEIRAELECTR4594 generator to AF-CPV node...
INFO [2024-08-14 14:59:47] [THERMAL] - Adding CPV_OIL_PALMAREJO4593 generator to AF-CPV node...
INFO [2024-08-14 14:59:48] [THERMAL] - Adding DJI_OIL_BOULAOS8506 generator to AF-DJI node...
INFO [2024-08-14 14:59:48] [THERMAL] - Adding DZA_GAS_ANNABA17 generator to AF-DZA node...
INFO [2024-08-14 14:59:48] [THERMAL] - Adding DZA_GAS_HASSIMESSAOUD25 generator to AF-DZA node...
INFO [2024-08-14 14:59:48] [THERMAL] - Adding DZA_GAS_RAVINBLANC38 generator to AF-DZA node...
INFO [2024-08-14 14:59:49] [THERMAL] - Adding DZA_GAS_BOUFARIK119 generator to AF-DZA node...
INFO [2024-08-14 14:59:49] [THERMAL] - Adding DZA_GAS_SPP1THERMAL42 generator to AF-DZA node...
INFO [2024-08-14 14:59:49] [THERMAL] - Adding DZA_GAS_MARSATTG35 generator to AF-DZA node...
INFO [2024-08-14 14:59:50] [THERMAL] - Adding DZA_GAS_HASSIMESSOUDN27_TILGHEMT146 generator to AF-DZA node...
INFO [2024-08-14 14:59:50] [THERMAL] - Adding DZA_GAS_HAMMA224 generator to AF-DZA node...
INFO [2024-08-14 14:59:50] [THERMAL] - Adding DZA_GAS_RELIZANE39 generator to AF-DZA node...
INFO [2024-08-14 14:59:50] [THERMAL] - Adding DZA_GAS_SKBIPP40 generator to AF-DZA node...
INFO [2024-08-14 14:59:51] [THERMAL] - Adding DZA_GAS_HASSIMESSOUDO28 generator to AF-DZA node...
INFO [2024-08-14 14:59:51] [THERMAL] - Adding DZA_GAS_AINDJASSER16 generator to AF-DZA node...
INFO [2024-08-14 14:59:51] [THERMAL] - Adding DZA_GAS_SKIKDA43 generator to AF-DZA node...
INFO [2024-08-14 14:59:52] [THERMAL] - Adding DZA_GAS_SKSIPPSNCLAV41 generator to AF-DZA node...
INFO [2024-08-14 14:59:52] [THERMAL] - Adding DZA_GAS_ARBAA18_MARSAT34 generator to AF-DZA node...
INFO [2024-08-14 14:59:52] [THERMAL] - Adding DZA_GAS_FKRINA22 generator to AF-DZA node...
INFO [2024-08-14 14:59:52] [THERMAL] - Adding DZA_GAS_JIJEL30 generator to AF-DZA node...
INFO [2024-08-14 14:59:53] [THERMAL] - Adding DZA_GAS_HASSIMESSOUD26_TIARET45 generator to AF-DZA node...
INFO [2024-08-14 14:59:53] [THERMAL] - Adding DZA_GAS_MSILA136 generator to AF-DZA node...
INFO [2024-08-14 14:59:53] [THERMAL] - Adding DZA_GAS_RASDJINET37 generator to AF-DZA node...
INFO [2024-08-14 14:59:53] [THERMAL] - Adding DZA_GAS_KAHRAMAIPP31 generator to AF-DZA node...
INFO [2024-08-14 14:59:54] [THERMAL] - Adding DZA_GAS_CAPACITY SCALER generator to AF-DZA node...
INFO [2024-08-14 14:59:54] [THERMAL] - Adding DZA_GAS_LABREG33 generator to AF-DZA node...
INFO [2024-08-14 14:59:54] [THERMAL] - Adding DZA_GAS_HADJRETENNOUS23_KOUDIETEDDRAOU32_TERGA44 generator to AF-DZA node...
INFO [2024-08-14 14:59:54] [THERMAL] - Adding EGY_GAS_PORTSAID8572 generator to AF-EGY node...
INFO [2024-08-14 14:59:55] [THERMAL] - Adding EGY_GAS_MATROUH8564 generator to AF-EGY node...
INFO [2024-08-14 14:59:55] [THERMAL] - Adding EGY_GAS_ARISH8542 generator to AF-EGY node...
INFO [2024-08-14 14:59:55] [THERMAL] - Adding EGY_GAS_SHABAB8574_WADIHOF8580 generator to AF-EGY node...
INFO [2024-08-14 14:59:56] [THERMAL] - Adding EGY_GAS_KURIEMATSOLAR8562 generator to AF-EGY node...
INFO [2024-08-14 14:59:56] [THERMAL] - Adding EGY_GAS_ELSEIUF8554 generator to AF-EGY node...
INFO [2024-08-14 14:59:56] [THERMAL] - Adding EGY_GAS_KAFRELDAWAR8559 generator to AF-EGY node...
INFO [2024-08-14 14:59:56] [THERMAL] - Adding EGY_GAS_DAMANHOUR8550 generator to AF-EGY node...
INFO [2024-08-14 14:59:57] [THERMAL] - Adding EGY_GAS_BANHA8546_DAMIETTAWEST8552_NEWGASDAMIETT8566 generator to AF-EGY node...
INFO [2024-08-14 14:59:57] [THERMAL] - Adding EGY_GAS_ABUSULTAN8541_ATAKA8545_OCTOBER6TH8570 generator to AF-EGY node...
INFO [2024-08-14 14:59:57] [THERMAL] - Adding EGY_GAS_MAHMOUDIA8563 generator to AF-EGY node...
INFO [2024-08-14 14:59:58] [THERMAL] - Adding EGY_GAS_OYOUNMOUSA8571 generator to AF-EGY node...
INFO [2024-08-14 14:59:58] [THERMAL] - Adding EGY_GAS_SHOUBRAELKHEI8576 generator to AF-EGY node...
INFO [2024-08-14 14:59:58] [THERMAL] - Adding EGY_GAS_NEWGASSHABAB8567 generator to AF-EGY node...
INFO [2024-08-14 14:59:58] [THERMAL] - Adding EGY_GAS_CAIROWEST8549 generator to AF-EGY node...
INFO [2024-08-14 14:59:59] [THERMAL] - Adding EGY_GAS_PORTSAIDEAST8573_SUEZGULF8578 generator to AF-EGY node...
INFO [2024-08-14 14:59:59] [THERMAL] - Adding EGY_GAS_SIDIKRIR8577 generator to AF-EGY node...
INFO [2024-08-14 14:59:59] [THERMAL] - Adding EGY_GAS_ELTEBEEN8555 generator to AF-EGY node...
INFO [2024-08-14 15:00:00] [THERMAL] - Adding EGY_GAS_CAIROSOUTH8548 generator to AF-EGY node...
INFO [2024-08-14 15:00:00] [THERMAL] - Adding EGY_GAS_TALKHA8579 generator to AF-EGY node...
INFO [2024-08-14 15:00:00] [THERMAL] - Adding EGY_GAS_ABUKIR8540 generator to AF-EGY node...
INFO [2024-08-14 15:00:00] [THERMAL] - Adding EGY_GAS_CAIRONORTH8547_ELATF8553_NORTHGIZA8568_NUBARIA8569 generator to AF-EGY node...
INFO [2024-08-14 15:00:01] [THERMAL] - Adding EGY_GAS_CAPACITY SCALER generator to AF-EGY node...
INFO [2024-08-14 15:00:01] [THERMAL] - Adding EGY_GAS_KURIEMAT28561 generator to AF-EGY node...
INFO [2024-08-14 15:00:01] [THERMAL] - Adding EGY_GAS_DAMIETTA8551 generator to AF-EGY node...
INFO [2024-08-14 15:00:01] [THERMAL] - Adding EGY_OIL_KARMOUZ8560 generator to AF-EGY node...
INFO [2024-08-14 15:00:02] [THERMAL] - Adding EGY_OIL_ASSIUT8543 generator to AF-EGY node...
INFO [2024-08-14 15:00:02] [THERMAL] - Adding EGY_OIL_HURGHADA8558 generator to AF-EGY node...
INFO [2024-08-14 15:00:02] [THERMAL] - Adding EGY_OIL_SHARMELSHEIKH8575 generator to AF-EGY node...
INFO [2024-08-14 15:00:03] [THERMAL] - Adding EGY_OIL_CAPACITY SCALER generator to AF-EGY node...
INFO [2024-08-14 15:00:03] [THERMAL] - Adding EGY_OIL_WALIDIA8581 generator to AF-EGY node...
INFO [2024-08-14 15:00:03] [THERMAL] - Adding ERI_OIL_BELEZA8594 generator to AF-ERI node...
INFO [2024-08-14 15:00:03] [THERMAL] - Adding ERI_OIL_MASSAWA8595 generator to AF-ERI node...
INFO [2024-08-14 15:00:04] [THERMAL] - Adding ESH_OIL_DAKHLAICPOWER29888 generator to AF-ESH node...
INFO [2024-08-14 15:00:04] [THERMAL] - Adding ETH_GEO_ALUTOLANGANO8614 generator to AF-ETH node...
INFO [2024-08-14 15:00:04] [THERMAL] - Adding GAB_GAS_PORTGENTIL10847 generator to AF-GAB node...
INFO [2024-08-14 15:00:04] [THERMAL] - Adding GAB_GAS_OWENDO10846 generator to AF-GAB node...
INFO [2024-08-14 15:00:05] [THERMAL] - Adding GAB_GAS_CAPACITY SCALER generator to AF-GAB node...
INFO [2024-08-14 15:00:05] [THERMAL] - Adding GAB_OIL_RABI10849 generator to AF-GAB node...
INFO [2024-08-14 15:00:05] [THERMAL] - Adding GHA_GAS_TEMA11858 generator to AF-GHA node...
INFO [2024-08-14 15:00:05] [THERMAL] - Adding GHA_GAS_TAKORADI111857 generator to AF-GHA node...
INFO [2024-08-14 15:00:06] [THERMAL] - Adding GHA_GAS_CAPACITY SCALER generator to AF-GHA node...
INFO [2024-08-14 15:00:06] [THERMAL] - Adding GIN_OIL_SANGAREDI12016 generator to AF-GIN node...
INFO [2024-08-14 15:00:06] [THERMAL] - Adding GIN_OIL_KAMSAR12015 generator to AF-GIN node...
INFO [2024-08-14 15:00:06] [THERMAL] - Adding GIN_OIL_TOMBO12018 generator to AF-GIN node...
INFO [2024-08-14 15:00:07] [THERMAL] - Adding GIN_OIL_CAPACITY SCALER generator to AF-GIN node...
INFO [2024-08-14 15:00:07] [THERMAL] - Adding GMB_OIL_BANJUL10851 generator to AF-GMB node...
INFO [2024-08-14 15:00:07] [THERMAL] - Adding GMB_OIL_KOTU10852 generator to AF-GMB node...
INFO [2024-08-14 15:00:07] [THERMAL] - Adding GNB_OIL_BISSAU12019 generator to AF-GNB node...
INFO [2024-08-14 15:00:08] [THERMAL] - Adding GNQ_GAS_BIOCOLPGPLANT8591 generator to AF-GNQ node...
INFO [2024-08-14 15:00:08] [THERMAL] - Adding GNQ_GAS_MALABO8593 generator to AF-GNQ node...
INFO [2024-08-14 15:00:08] [THERMAL] - Adding GNQ_GAS_CAPACITY SCALER generator to AF-GNQ node...
INFO [2024-08-14 15:00:08] [THERMAL] - Adding KEN_BIO_CAPACITY SCALER generator to AF-KEN node...
INFO [2024-08-14 15:00:09] [THERMAL] - Adding KEN_OIL_KIPEVUI13980 generator to AF-KEN node...
INFO [2024-08-14 15:00:09] [THERMAL] - Adding KEN_OIL_KIPEVUIITSAV13981 generator to AF-KEN node...
INFO [2024-08-14 15:00:09] [THERMAL] - Adding KEN_OIL_THIKA13995 generator to AF-KEN node...
INFO [2024-08-14 15:00:09] [THERMAL] - Adding KEN_OIL_RABAI13992 generator to AF-KEN node...
INFO [2024-08-14 15:00:10] [THERMAL] - Adding KEN_OIL_IBERAFRICAI13976 generator to AF-KEN node...
INFO [2024-08-14 15:00:10] [THERMAL] - Adding KEN_OIL_KIPEVUIII13982 generator to AF-KEN node...
INFO [2024-08-14 15:00:11] [THERMAL] - Adding KEN_OIL_CAPACITY SCALER generator to AF-KEN node...
INFO [2024-08-14 15:00:11] [THERMAL] - Adding KEN_GEO_OLKARIAI13986 generator to AF-KEN node...
INFO [2024-08-14 15:00:11] [THERMAL] - Adding KEN_GEO_OLKARIAII13989 generator to AF-KEN node...
INFO [2024-08-14 15:00:11] [THERMAL] - Adding KEN_GEO_OLKARIAIIIOR13990 generator to AF-KEN node...
INFO [2024-08-14 15:00:12] [THERMAL] - Adding KEN_GEO_OLKARIAIUNITS13988_OLKARIAIV13991 generator to AF-KEN node...
INFO [2024-08-14 15:00:12] [THERMAL] - Adding KEN_GEO_OLKARIAI13987 generator to AF-KEN node...
INFO [2024-08-14 15:00:12] [THERMAL] - Adding LBR_OIL_LUKELEC14048 generator to AF-LBR node...
INFO [2024-08-14 15:00:12] [THERMAL] - Adding LBR_OIL_CAPACITY SCALER generator to AF-LBR node...
INFO [2024-08-14 15:00:13] [THERMAL] - Adding LBY_GAS_SOUTHTRIPOLI14057 generator to AF-LBY node...
INFO [2024-08-14 15:00:13] [THERMAL] - Adding LBY_GAS_DOUBLECORNERP14053 generator to AF-LBY node...
INFO [2024-08-14 15:00:13] [THERMAL] - Adding LBY_GAS_MISRATA14055 generator to AF-LBY node...
INFO [2024-08-14 15:00:13] [THERMAL] - Adding LBY_GAS_WESTERNMOUNTAI14060 generator to AF-LBY node...
INFO [2024-08-14 15:00:14] [THERMAL] - Adding LBY_GAS_ALKHUMS14050 generator to AF-LBY node...
INFO [2024-08-14 15:00:14] [THERMAL] - Adding LBY_GAS_ZUENITA14061 generator to AF-LBY node...
INFO [2024-08-14 15:00:14] [THERMAL] - Adding LBY_GAS_NORTHBENGHAZI14056 generator to AF-LBY node...
INFO [2024-08-14 15:00:14] [THERMAL] - Adding LBY_GAS_AZZAWIYAH14051 generator to AF-LBY node...
INFO [2024-08-14 15:00:15] [THERMAL] - Adding LBY_GAS_CAPACITY SCALER generator to AF-LBY node...
INFO [2024-08-14 15:00:15] [THERMAL] - Adding LBY_OIL_DERNASTEAMSTA14052_TOBRUKSTEAMST14058 generator to AF-LBY node...
INFO [2024-08-14 15:00:15] [THERMAL] - Adding LBY_OIL_WESTTRIPOLI14059 generator to AF-LBY node...
INFO [2024-08-14 15:00:15] [THERMAL] - Adding LBY_OIL_CAPACITY SCALER generator to AF-LBY node...
INFO [2024-08-14 15:00:16] [THERMAL] - Adding MAR_GAS_AINBENIMATHAR14444 generator to AF-MAR node...
INFO [2024-08-14 15:00:16] [THERMAL] - Adding MAR_GAS_CENTRALEACYCL14458 generator to AF-MAR node...
INFO [2024-08-14 15:00:16] [THERMAL] - Adding MAR_GAS_ALWAHDATHERMA14446 generator to AF-MAR node...
INFO [2024-08-14 15:00:16] [THERMAL] - Adding MAR_COA_CAPACITY SCALER generator to AF-MAR node...
INFO [2024-08-14 15:00:17] [THERMAL] - Adding MAR_COA_JERADAPOWERST14467 generator to AF-MAR node...
INFO [2024-08-14 15:00:17] [THERMAL] - Adding MAR_COA_CENTRALETHERMI14455 generator to AF-MAR node...
INFO [2024-08-14 15:00:17] [THERMAL] - Adding MAR_COA_MOHAMMEDIAPOWE14472 generator to AF-MAR node...
INFO [2024-08-14 15:00:17] [THERMAL] - Adding MAR_OIL_DAKHLAICPOWER14461 generator to AF-MAR node...
INFO [2024-08-14 15:00:18] [THERMAL] - Adding MAR_OIL_CENTRALEDIESEL14451 generator to AF-MAR node...
INFO [2024-08-14 15:00:18] [THERMAL] - Adding MAR_OIL_CENTRALETURBIN14457 generator to AF-MAR node...
INFO [2024-08-14 15:00:18] [THERMAL] - Adding MAR_OIL_CENTRALETURBIN14456 generator to AF-MAR node...
INFO [2024-08-14 15:00:18] [THERMAL] - Adding MAR_OIL_CENTRALTERMIQU14450 generator to AF-MAR node...
INFO [2024-08-14 15:00:19] [THERMAL] - Adding MDG_GAS_TOLIARYTULEAR14091 generator to AF-MDG node...
INFO [2024-08-14 15:00:19] [THERMAL] - Adding MDG_GAS_TAMATAVE14090 generator to AF-MDG node...
INFO [2024-08-14 15:00:19] [THERMAL] - Adding MDG_COA_AMBATOVY14082 generator to AF-MDG node...
INFO [2024-08-14 15:00:20] [THERMAL] - Adding MDG_COA_CAPACITY SCALER generator to AF-MDG node...
INFO [2024-08-14 15:00:20] [THERMAL] - Adding MDG_OIL_MAJUNGA14087 generator to AF-MDG node...
INFO [2024-08-14 15:00:20] [THERMAL] - Adding MDG_OIL_AMBOHIMANAMBOLA14083 generator to AF-MDG node...
INFO [2024-08-14 15:00:20] [THERMAL] - Adding MDG_OIL_MANDROSEZA14088 generator to AF-MDG node...
INFO [2024-08-14 15:00:21] [THERMAL] - Adding MDG_OIL_CAPACITY SCALER generator to AF-MDG node...
INFO [2024-08-14 15:00:21] [THERMAL] - Adding MRT_GAS_NOUADHIBOU14153 generator to AF-MRT node...
INFO [2024-08-14 15:00:21] [THERMAL] - Adding MRT_OIL_ZOUERATE14157 generator to AF-MRT node...
INFO [2024-08-14 15:00:21] [THERMAL] - Adding MRT_OIL_NOUAKCHOTTTHE14155 generator to AF-MRT node...
INFO [2024-08-14 15:00:22] [THERMAL] - Adding MRT_OIL_GUELBSELRHEIN14152 generator to AF-MRT node...
INFO [2024-08-14 15:00:22] [THERMAL] - Adding MUS_COA_UNIONSTAUBIN14176 generator to AF-MUS node...
INFO [2024-08-14 15:00:22] [THERMAL] - Adding MUS_COA_CTDSPOWERSTAT14162 generator to AF-MUS node...
INFO [2024-08-14 15:00:23] [THERMAL] - Adding MUS_COA_BELLEVUEPOWER14160 generator to AF-MUS node...
INFO [2024-08-14 15:00:23] [THERMAL] - Adding MUS_COA_SAVANNAHESTATE14173 generator to AF-MUS node...
INFO [2024-08-14 15:00:23] [THERMAL] - Adding MUS_BIO_MONLOISIR14170 generator to AF-MUS node...
INFO [2024-08-14 15:00:23] [THERMAL] - Adding MUS_BIO_MEDINEMILL14169 generator to AF-MUS node...
INFO [2024-08-14 15:00:24] [THERMAL] - Adding MUS_BIO_MONTRESOR14171 generator to AF-MUS node...
INFO [2024-08-14 15:00:24] [THERMAL] - Adding MUS_BIO_DEEPRIVER14163 generator to AF-MUS node...
INFO [2024-08-14 15:00:24] [THERMAL] - Adding MUS_BIO_FUEL14168 generator to AF-MUS node...
INFO [2024-08-14 15:00:25] [THERMAL] - Adding MUS_BIO_CAPACITY SCALER generator to AF-MUS node...
INFO [2024-08-14 15:00:25] [THERMAL] - Adding MUS_OIL_FORTVICTORIA14166 generator to AF-MUS node...
INFO [2024-08-14 15:00:25] [THERMAL] - Adding MUS_OIL_STLOUIS14174 generator to AF-MUS node...
INFO [2024-08-14 15:00:25] [THERMAL] - Adding MUS_OIL_NICOLAY14172 generator to AF-MUS node...
INFO [2024-08-14 15:00:26] [THERMAL] - Adding MUS_OIL_FORTGEORGE14165 generator to AF-MUS node...
INFO [2024-08-14 15:00:26] [THERMAL] - Adding MUS_OIL_FORTWILLIAMCE14167 generator to AF-MUS node...
INFO [2024-08-14 15:00:26] [THERMAL] - Adding MWI_GAS_CHICHIRIBLANT14093 generator to AF-MWI node...
INFO [2024-08-14 15:00:27] [THERMAL] - Adding MWI_BIO_NCHALOMILL14095 generator to AF-MWI node...
INFO [2024-08-14 15:00:27] [THERMAL] - Adding NAM_COA_VANECK14528 generator to AF-NAM node...
INFO [2024-08-14 15:00:27] [THERMAL] - Adding NAM_OIL_LANGERHEINRICH14522 generator to AF-NAM node...
INFO [2024-08-14 15:00:27] [THERMAL] - Adding NAM_OIL_ANIXAS14521 generator to AF-NAM node...
INFO [2024-08-14 15:00:28] [THERMAL] - Adding NAM_OIL_PARATUSWALVIS14526 generator to AF-NAM node...
INFO [2024-08-14 15:00:28] [THERMAL] - Adding NER_COA_ANOUARARENMIN14657 generator to AF-NER node...
INFO [2024-08-14 15:00:28] [THERMAL] - Adding NER_OIL_DAKOUTAMINE14659 generator to AF-NER node...
INFO [2024-08-14 15:00:28] [THERMAL] - Adding NER_OIL_ARLITMINE14658 generator to AF-NER node...
INFO [2024-08-14 15:00:29] [THERMAL] - Adding NER_OIL_GOUDEL14660 generator to AF-NER node...
INFO [2024-08-14 15:00:29] [THERMAL] - Adding NER_OIL_NIAMEY14661 generator to AF-NER node...
INFO [2024-08-14 15:00:29] [THERMAL] - Adding NER_OIL_SORAZ14662 generator to AF-NER node...
INFO [2024-08-14 15:00:29] [THERMAL] - Adding NGA_GAS_OMOKU14671 generator to AF-NGA node...
INFO [2024-08-14 15:00:30] [THERMAL] - Adding NGA_GAS_IBOMPOWER14666 generator to AF-NGA node...
INFO [2024-08-14 15:00:30] [THERMAL] - Adding NGA_GAS_GBARAIN14665_IHOVBOR14667_SAPELE14673 generator to AF-NGA node...
INFO [2024-08-14 15:00:30] [THERMAL] - Adding NGA_GAS_OMOTOSHOII14672 generator to AF-NGA node...
INFO [2024-08-14 15:00:31] [THERMAL] - Adding NGA_GAS_CALABAR14664 generator to AF-NGA node...
INFO [2024-08-14 15:00:31] [THERMAL] - Adding NGA_GAS_ALAOJI14663 generator to AF-NGA node...
INFO [2024-08-14 15:00:31] [THERMAL] - Adding NGA_GAS_CAPACITY SCALER generator to AF-NGA node...
INFO [2024-08-14 15:00:31] [THERMAL] - Adding NGA_GAS_OLORUNSOGOII14670 generator to AF-NGA node...
INFO [2024-08-14 15:00:32] [THERMAL] - Adding RWA_WAS_GISENYI16442 generator to AF-RWA node...
INFO [2024-08-14 15:00:32] [THERMAL] - Adding RWA_OIL_JABANA116443 generator to AF-RWA node...
INFO [2024-08-14 15:00:32] [THERMAL] - Adding RWA_OIL_JABANA216444 generator to AF-RWA node...
INFO [2024-08-14 15:00:32] [THERMAL] - Adding SDN_GAS_ELJAILI17500 generator to AF-SDN node...
INFO [2024-08-14 15:00:33] [THERMAL] - Adding SDN_BIO_MELUTSUGARFAC17510 generator to AF-SDN node...
INFO [2024-08-14 15:00:33] [THERMAL] - Adding SDN_BIO_CAPACITY SCALER generator to AF-SDN node...
INFO [2024-08-14 15:00:33] [THERMAL] - Adding SDN_BIO_WHITENILESTAT17517 generator to AF-SDN node...
INFO [2024-08-14 15:00:33] [THERMAL] - Adding SDN_OIL_RAHAD17514 generator to AF-SDN node...
INFO [2024-08-14 15:00:34] [THERMAL] - Adding SDN_OIL_ELOBEID17501 generator to AF-SDN node...
INFO [2024-08-14 15:00:34] [THERMAL] - Adding SDN_OIL_ATBARA17499 generator to AF-SDN node...
INFO [2024-08-14 15:00:34] [THERMAL] - Adding SDN_OIL_NYALA17512 generator to AF-SDN node...
INFO [2024-08-14 15:00:35] [THERMAL] - Adding SDN_OIL_KUKU17509 generator to AF-SDN node...
INFO [2024-08-14 15:00:35] [THERMAL] - Adding SDN_OIL_KILOXNEC17508 generator to AF-SDN node...
INFO [2024-08-14 15:00:35] [THERMAL] - Adding SDN_OIL_PORTSUDAN17513 generator to AF-SDN node...
INFO [2024-08-14 15:00:36] [THERMAL] - Adding SDN_OIL_KENANA17504 generator to AF-SDN node...
INFO [2024-08-14 15:00:36] [THERMAL] - Adding SDN_OIL_CAPACITY SCALER generator to AF-SDN node...
INFO [2024-08-14 15:00:36] [THERMAL] - Adding SDN_OIL_KHARTOUMNORTH17505 generator to AF-SDN node...
INFO [2024-08-14 15:00:37] [THERMAL] - Adding SDN_OIL_KILOXDIT17507 generator to AF-SDN node...
INFO [2024-08-14 15:00:37] [THERMAL] - Adding SEN_BIO_CAPACITY SCALER generator to AF-SEN node...
INFO [2024-08-14 15:00:37] [THERMAL] - Adding SEN_OIL_SAINTLOUIS16543 generator to AF-SEN node...
INFO [2024-08-14 15:00:37] [THERMAL] - Adding SEN_OIL_KAOLACK16542 generator to AF-SEN node...
INFO [2024-08-14 15:00:38] [THERMAL] - Adding SEN_OIL_BOUTOUTE16540 generator to AF-SEN node...
INFO [2024-08-14 15:00:38] [THERMAL] - Adding SEN_OIL_BELAIR16539 generator to AF-SEN node...
INFO [2024-08-14 15:00:38] [THERMAL] - Adding SEN_OIL_CAPDESBICHES16541 generator to AF-SEN node...
INFO [2024-08-14 15:00:39] [THERMAL] - Adding SEN_OIL_CAPACITY SCALER generator to AF-SEN node...
INFO [2024-08-14 15:00:39] [THERMAL] - Adding SLE_OIL_BONTHEWORKS16557 generator to AF-SLE node...
INFO [2024-08-14 15:00:39] [THERMAL] - Adding SLE_OIL_KINGTOM16559 generator to AF-SLE node...
INFO [2024-08-14 15:00:39] [THERMAL] - Adding SWZ_BIO_UBOMBOMILL17523 generator to AF-SWZ node...
INFO [2024-08-14 15:00:40] [THERMAL] - Adding SWZ_BIO_MHLUMEMILL17521 generator to AF-SWZ node...
INFO [2024-08-14 15:00:40] [THERMAL] - Adding SWZ_BIO_SIMUNYEMILL17522 generator to AF-SWZ node...
INFO [2024-08-14 15:00:40] [THERMAL] - Adding SWZ_BIO_CAPACITY SCALER generator to AF-SWZ node...
INFO [2024-08-14 15:00:41] [THERMAL] - Adding TGO_GAS_TAGLPO18103 generator to AF-TGO node...
INFO [2024-08-14 15:00:41] [THERMAL] - Adding TGO_OIL_LOME18101 generator to AF-TGO node...
INFO [2024-08-14 15:00:41] [THERMAL] - Adding TUN_GAS_GHANNOUCH18117 generator to AF-TUN node...
INFO [2024-08-14 15:00:42] [THERMAL] - Adding TUN_GAS_ZARZIS18136 generator to AF-TUN node...
INFO [2024-08-14 15:00:42] [THERMAL] - Adding TUN_GAS_MENZELBOURGUIB18123_SFAX18127 generator to AF-TUN node...
INFO [2024-08-14 15:00:42] [THERMAL] - Adding TUN_GAS_KORBA118122 generator to AF-TUN node...
INFO [2024-08-14 15:00:43] [THERMAL] - Adding TUN_GAS_TUNISSUD118135 generator to AF-TUN node...
INFO [2024-08-14 15:00:43] [THERMAL] - Adding TUN_GAS_KASSERINE18121 generator to AF-TUN node...
INFO [2024-08-14 15:00:43] [THERMAL] - Adding TUN_GAS_GOULETTE18118 generator to AF-TUN node...
INFO [2024-08-14 15:00:43] [THERMAL] - Adding TUN_GAS_BOUCHEMMA118112 generator to AF-TUN node...
INFO [2024-08-14 15:00:44] [THERMAL] - Adding TUN_GAS_GHANNOUCH18116 generator to AF-TUN node...
INFO [2024-08-14 15:00:44] [THERMAL] - Adding TUN_GAS_SOUSSEC18132_SOUSSED18133 generator to AF-TUN node...
INFO [2024-08-14 15:00:44] [THERMAL] - Adding TUN_GAS_IPPRADES218119 generator to AF-TUN node...
INFO [2024-08-14 15:00:45] [THERMAL] - Adding TUN_GAS_FERIANA118114 generator to AF-TUN node...
INFO [2024-08-14 15:00:45] [THERMAL] - Adding TUN_GAS_BIRMCHERGA118111 generator to AF-TUN node...
INFO [2024-08-14 15:00:45] [THERMAL] - Adding TUN_GAS_SOUSSEA18130 generator to AF-TUN node...
INFO [2024-08-14 15:00:46] [THERMAL] - Adding TUN_GAS_RADESA118126 generator to AF-TUN node...
INFO [2024-08-14 15:00:46] [THERMAL] - Adding TUN_GAS_SOUSSEB18131 generator to AF-TUN node...
INFO [2024-08-14 15:00:46] [THERMAL] - Adding TUN_GAS_THYNA118134 generator to AF-TUN node...
INFO [2024-08-14 15:00:46] [THERMAL] - Adding TZA_GAS_MTWARA17927 generator to AF-TZA node...
INFO [2024-08-14 15:00:47] [THERMAL] - Adding TZA_GAS_TEGETA17931 generator to AF-TZA node...
INFO [2024-08-14 15:00:47] [THERMAL] - Adding TZA_GAS_NYAKATO17928 generator to AF-TZA node...
INFO [2024-08-14 15:00:47] [THERMAL] - Adding TZA_GAS_CAPACITY SCALER generator to AF-TZA node...
INFO [2024-08-14 15:00:48] [THERMAL] - Adding TZA_GAS_UBUNGOGASSON17932 generator to AF-TZA node...
INFO [2024-08-14 15:00:48] [THERMAL] - Adding TZA_BIO_CAPACITY SCALER generator to AF-TZA node...
INFO [2024-08-14 15:00:48] [THERMAL] - Adding TZA_OIL_IPTLTANZANIA17923 generator to AF-TZA node...
INFO [2024-08-14 15:00:49] [THERMAL] - Adding UGA_BIO_KAKIRASUGARWO18245 generator to AF-UGA node...
INFO [2024-08-14 15:00:49] [THERMAL] - Adding UGA_BIO_CAPACITY SCALER generator to AF-UGA node...
INFO [2024-08-14 15:00:49] [THERMAL] - Adding UGA_OIL_LUGOGOSUBSTATI18247 generator to AF-UGA node...
INFO [2024-08-14 15:00:49] [THERMAL] - Adding UGA_OIL_CAPACITY SCALER generator to AF-UGA node...
INFO [2024-08-14 15:00:50] [THERMAL] - Adding ZAF_GAS_ACACIA16610_PORTREX16685 generator to AF-ZAF node...
INFO [2024-08-14 15:00:50] [THERMAL] - Adding ZAF_COA_PRETORIAWESTP16686 generator to AF-ZAF node...
INFO [2024-08-14 15:00:50] [THERMAL] - Adding ZAF_COA_KOMATIPOWERST16661 generator to AF-ZAF node...
INFO [2024-08-14 15:00:51] [THERMAL] - Adding ZAF_COA_CAMDENPOWERST16621 generator to AF-ZAF node...
INFO [2024-08-14 15:00:51] [THERMAL] - Adding ZAF_COA_TUTUKAPOWERST16703 generator to AF-ZAF node...
INFO [2024-08-14 15:00:51] [THERMAL] - Adding ZAF_COA_MATIMBAPOWERS16676 generator to AF-ZAF node...
INFO [2024-08-14 15:00:52] [THERMAL] - Adding ZAF_COA_LETHABOPOWERS16667 generator to AF-ZAF node...
INFO [2024-08-14 15:00:52] [THERMAL] - Adding ZAF_COA_HENDRINAPOWER16645 generator to AF-ZAF node...
INFO [2024-08-14 15:00:52] [THERMAL] - Adding ZAF_COA_MAJUBAPOWERST16674 generator to AF-ZAF node...
INFO [2024-08-14 15:00:53] [THERMAL] - Adding ZAF_COA_ARNOTPOWERSTA16615_KENDALPOWERST16656 generator to AF-ZAF node...
INFO [2024-08-14 15:00:53] [THERMAL] - Adding ZAF_COA_GROOTVLEIPOWER16644 generator to AF-ZAF node...
INFO [2024-08-14 15:00:54] [THERMAL] - Adding ZAF_COA_DUVHAPOWERSTA16636_KELVINPOWERST16655_KRIELPOWERSTA16664_MATLAPOWERSTA16677_ROOI generator to AF-ZAF node...
INFO [2024-08-14 15:00:54] [THERMAL] - Adding ZAF_WAS_FERROWASTEHEA16637_MARIANNHILLLAN16675 generator to AF-ZAF node...
INFO [2024-08-14 15:00:55] [THERMAL] - Adding ZAF_WAS_PETROSABIOGAS16684 generator to AF-ZAF node...
INFO [2024-08-14 15:00:55] [THERMAL] - Adding ZAF_BIO_GRAHAMSTOWN16641 generator to AF-ZAF node...
INFO [2024-08-14 15:00:55] [THERMAL] - Adding ZAF_WAS_BISASARROADLA16618 generator to AF-ZAF node...
INFO [2024-08-14 15:00:56] [THERMAL] - Adding ZAF_BIO_LOMATI16671 generator to AF-ZAF node...
INFO [2024-08-14 15:00:56] [THERMAL] - Adding ZAF_WAS_HERNICWASTEHE16647 generator to AF-ZAF node...
INFO [2024-08-14 15:00:56] [THERMAL] - Adding ZAF_BIO_CAPACITY SCALER generator to AF-ZAF node...
INFO [2024-08-14 15:00:57] [THERMAL] - Adding ZAF_NUC_CAPACITY SCALER generator to AF-ZAF node...
INFO [2024-08-14 15:00:57] [THERMAL] - Adding ZAF_NUC_KOEBERG16660 generator to AF-ZAF node...
INFO [2024-08-14 15:00:57] [THERMAL] - Adding ZAF_OIL_GOURIKWA16640 generator to AF-ZAF node...
INFO [2024-08-14 15:00:58] [THERMAL] - Adding ZAF_OIL_ANKERLIG16613 generator to AF-ZAF node...
INFO [2024-08-14 15:00:58] [THERMAL] - Adding ZMB_BIO_NAKAMBALASUGAR29906 generator to AF-ZMB node...
INFO [2024-08-14 15:00:58] [THERMAL] - Adding ZMB_BIO_CAPACITY SCALER generator to AF-ZMB node...
INFO [2024-08-14 15:00:59] [THERMAL] - Adding ZMB_OIL_MUFULIRANCHANG29905 generator to AF-ZMB node...
INFO [2024-08-14 15:00:59] [THERMAL] - Adding ZMB_OIL_LUANSHYANCHANG29901 generator to AF-ZMB node...
INFO [2024-08-14 15:00:59] [THERMAL] - Adding ZMB_OIL_LUSAKA29902 generator to AF-ZMB node...
INFO [2024-08-14 15:01:00] [THERMAL] - Adding ZMB_OIL_BANCROFTCOPPER29896_NKANA29908 generator to AF-ZMB node...
INFO [2024-08-14 15:01:00] [THERMAL] - Adding ZMB_OIL_LUANO29900 generator to AF-ZMB node...
INFO [2024-08-14 15:01:00] [THERMAL] - Adding ZMB_OIL_NDOLA29907 generator to AF-ZMB node...
INFO [2024-08-14 15:01:01] [THERMAL] - Adding ZWE_COA_CAPACITY SCALER generator to AF-ZWE node...
INFO [2024-08-14 15:01:01] [THERMAL] - Adding ZWE_COA_HWANGECOALPOW29910 generator to AF-ZWE node...
INFO [2024-08-14 15:01:01] [THERMAL] - Adding ZWE_BIO_CAPACITY SCALER generator to AF-ZWE node...
INFO [2024-08-14 15:01:01] [MAIN] - Done adding thermal data! (run time : 1.45min).

INFO [2024-08-14 15:01:01] [MAIN] - Fetching battery data...

INFO [2024-08-14 15:01:02] [STORAGE] - Adding CPV_CHE_SantoAntoSolarM222 battery to AF-CPV node...
INFO [2024-08-14 15:01:02] [STORAGE] - Adding GNQ_CHE_AnnobonIslandMi423 battery to AF-GNQ node...
INFO [2024-08-14 15:01:02] [STORAGE] - Adding KEN_CHE_LoisabaConserva595 battery to AF-KEN node...
INFO [2024-08-14 15:01:03] [STORAGE] - Adding KEN_CHE_ZerobaseKenyaMi596 battery to AF-KEN node...
INFO [2024-08-14 15:01:03] [STORAGE] - Adding MAR_PHS_AfourerPumpedSt657 battery to AF-MAR node...
INFO [2024-08-14 15:01:03] [STORAGE] - Adding MAR_THE_AitBahaPlantThe658 battery to AF-MAR node...
INFO [2024-08-14 15:01:04] [STORAGE] - Adding MAR_THE_NOORIOuarzazate659 battery to AF-MAR node...
INFO [2024-08-14 15:01:04] [STORAGE] - Adding MDG_CHE_TozziGreenMadag660 battery to AF-MDG node...
INFO [2024-08-14 15:01:05] [STORAGE] - Adding NGA_CHE_SOPRAFoodproces661 battery to AF-NGA node...
INFO [2024-08-14 15:01:06] [STORAGE] - Adding ZAF_CHE_RustenburgVRLAP1244 battery to AF-ZAF node...
INFO [2024-08-14 15:01:06] [STORAGE] - Adding ZAF_PHS_DrakensbergPump1245 battery to AF-ZAF node...
INFO [2024-08-14 15:01:07] [STORAGE] - Adding ZAF_PHS_PalmietPumpedSt1246 battery to AF-ZAF node...
INFO [2024-08-14 15:01:08] [STORAGE] - Adding ZAF_PHS_SteenbrasDamPum1247 battery to AF-ZAF node...
INFO [2024-08-14 15:01:08] [STORAGE] - Adding ZAF_THE_BokpoortConcent1248 battery to AF-ZAF node...
INFO [2024-08-14 15:01:09] [STORAGE] - Adding ZAF_THE_KaxuSolarOne1249 battery to AF-ZAF node...
INFO [2024-08-14 15:01:09] [STORAGE] - Adding ZAF_THE_KhiSolarOnePowe1250 battery to AF-ZAF node...
INFO [2024-08-14 15:01:10] [STORAGE] - Adding ZAF_THE_XinaSolarOnePow1251 battery to AF-ZAF node...
INFO [2024-08-14 15:01:10] [MAIN] - Done adding battery data! (run time : 0.14min).

INFO [2024-08-14 15:01:10] [MAIN] - Adding lines between areas...

INFO [2024-08-14 15:01:12] 2024-08-14 15:01:12 - [LINES] Skipping AF-AGO to AF-COD link (zero NTC)
INFO [2024-08-14 15:01:12] 2024-08-14 15:01:12 - [LINES] Skipping AF-AGO to AF-COG link (zero NTC)
INFO [2024-08-14 15:01:12] 2024-08-14 15:01:12 - [LINES] Skipping AF-AGO to AF-NAM link (zero NTC)
INFO [2024-08-14 15:01:12] 2024-08-14 15:01:12 - [LINES] Skipping AF-AGO to AF-ZMB link (zero NTC)
INFO [2024-08-14 15:01:13] [LINES] - Adding AF-BDI to AF-COD line...
INFO [2024-08-14 15:01:13] [LINES] - Adding AF-BDI to AF-RWA line...
INFO [2024-08-14 15:01:13] 2024-08-14 15:01:13 - [LINES] Skipping AF-BDI to AF-TZA link (zero NTC)
INFO [2024-08-14 15:01:13] 2024-08-14 15:01:13 - [LINES] Skipping AF-BEN to AF-BFA link (zero NTC)
INFO [2024-08-14 15:01:13] [LINES] - Adding AF-BEN to AF-GHA line...
INFO [2024-08-14 15:01:13] 2024-08-14 15:01:13 - [LINES] Skipping AF-BEN to AF-NER link (zero NTC)
INFO [2024-08-14 15:01:13] [LINES] - Adding AF-BEN to AF-NGA line...
INFO [2024-08-14 15:01:13] 2024-08-14 15:01:13 - [LINES] Skipping AF-BEN to AF-TGO link (zero NTC)
INFO [2024-08-14 15:01:14] [LINES] - Adding AF-BFA to AF-CIV line...
INFO [2024-08-14 15:01:14] 2024-08-14 15:01:14 - [LINES] Skipping AF-BFA to AF-GHA link (zero NTC)
INFO [2024-08-14 15:01:14] 2024-08-14 15:01:14 - [LINES] Skipping AF-BFA to AF-MLI link (zero NTC)
INFO [2024-08-14 15:01:14] 2024-08-14 15:01:14 - [LINES] Skipping AF-BFA to AF-NER link (zero NTC)
INFO [2024-08-14 15:01:14] 2024-08-14 15:01:14 - [LINES] Skipping AF-BFA to AF-TGO link (zero NTC)
INFO [2024-08-14 15:01:14] 2024-08-14 15:01:14 - [LINES] Skipping AF-BWA to AF-NAM link (zero NTC)
INFO [2024-08-14 15:01:14] [LINES] - Adding AF-BWA to AF-ZAF line...
INFO [2024-08-14 15:01:14] 2024-08-14 15:01:14 - [LINES] Skipping AF-BWA to AF-ZMB link (zero NTC)
INFO [2024-08-14 15:01:14] [LINES] - Adding AF-BWA to AF-ZWE line...
INFO [2024-08-14 15:01:14] 2024-08-14 15:01:14 - [LINES] Skipping AF-CAF to AF-CMR link (zero NTC)
INFO [2024-08-14 15:01:14] 2024-08-14 15:01:14 - [LINES] Skipping AF-CAF to AF-COD link (zero NTC)
INFO [2024-08-14 15:01:14] 2024-08-14 15:01:14 - [LINES] Skipping AF-CAF to AF-COG link (zero NTC)
INFO [2024-08-14 15:01:14] 2024-08-14 15:01:14 - [LINES] Skipping AF-CAF to AF-SDN link (zero NTC)
INFO [2024-08-14 15:01:15] [LINES] - Adding AF-CIV to AF-GHA line...
INFO [2024-08-14 15:01:15] 2024-08-14 15:01:15 - [LINES] Skipping AF-CIV to AF-GIN link (zero NTC)
INFO [2024-08-14 15:01:15] [LINES] - Adding AF-CIV to AF-LBR line...
INFO [2024-08-14 15:01:15] 2024-08-14 15:01:15 - [LINES] Skipping AF-CIV to AF-MLI link (zero NTC)
INFO [2024-08-14 15:01:15] 2024-08-14 15:01:15 - [LINES] Skipping AF-CMR to AF-COG link (zero NTC)
INFO [2024-08-14 15:01:15] 2024-08-14 15:01:15 - [LINES] Skipping AF-CMR to AF-GAB link (zero NTC)
INFO [2024-08-14 15:01:15] 2024-08-14 15:01:15 - [LINES] Skipping AF-CMR to AF-GNQ link (zero NTC)
INFO [2024-08-14 15:01:15] 2024-08-14 15:01:15 - [LINES] Skipping AF-CMR to AF-NGA link (zero NTC)
INFO [2024-08-14 15:01:15] [LINES] - Adding AF-COD to AF-COG line...
INFO [2024-08-14 15:01:16] [LINES] - Adding AF-COD to AF-RWA line...
INFO [2024-08-14 15:01:16] 2024-08-14 15:01:16 - [LINES] Skipping AF-COD to AF-TZA link (zero NTC)
INFO [2024-08-14 15:01:16] 2024-08-14 15:01:16 - [LINES] Skipping AF-COD to AF-UGA link (zero NTC)
INFO [2024-08-14 15:01:16] [LINES] - Adding AF-COD to AF-ZMB line...
INFO [2024-08-14 15:01:16] 2024-08-14 15:01:16 - [LINES] Skipping AF-COG to AF-GAB link (zero NTC)
INFO [2024-08-14 15:01:16] 2024-08-14 15:01:16 - [LINES] Skipping AF-COG to AF-RWA link (zero NTC)
INFO [2024-08-14 15:01:16] 2024-08-14 15:01:16 - [LINES] Skipping AF-COG to AF-TZA link (zero NTC)
INFO [2024-08-14 15:01:16] 2024-08-14 15:01:16 - [LINES] Skipping AF-DJI to AF-ERI link (zero NTC)
INFO [2024-08-14 15:01:16] [LINES] - Adding AF-DJI to AF-ETH line...
INFO [2024-08-14 15:01:16] 2024-08-14 15:01:16 - [LINES] Skipping AF-DZA to AF-ESH link (zero NTC)
INFO [2024-08-14 15:01:16] 2024-08-14 15:01:16 - [LINES] Skipping AF-DZA to AF-LBY link (zero NTC)
INFO [2024-08-14 15:01:17] [LINES] - Adding AF-DZA to AF-MAR line...
INFO [2024-08-14 15:01:17] 2024-08-14 15:01:17 - [LINES] Skipping AF-DZA to AF-MLI link (zero NTC)
INFO [2024-08-14 15:01:17] 2024-08-14 15:01:17 - [LINES] Skipping AF-DZA to AF-MRT link (zero NTC)
INFO [2024-08-14 15:01:17] 2024-08-14 15:01:17 - [LINES] Skipping AF-DZA to AF-NER link (zero NTC)
INFO [2024-08-14 15:01:17] [LINES] - Adding AF-DZA to AF-TUN line...
INFO [2024-08-14 15:01:17] [LINES] - Adding AF-EGY to AF-LBY line...
INFO [2024-08-14 15:01:17] 2024-08-14 15:01:17 - [LINES] Skipping AF-EGY to AF-SDN link (zero NTC)
INFO [2024-08-14 15:01:17] 2024-08-14 15:01:17 - [LINES] Skipping AF-ERI to AF-ETH link (zero NTC)
INFO [2024-08-14 15:01:17] 2024-08-14 15:01:17 - [LINES] Skipping AF-ERI to AF-SDN link (zero NTC)
INFO [2024-08-14 15:01:17] 2024-08-14 15:01:17 - [LINES] Skipping AF-ESH to AF-MAR link (zero NTC)
INFO [2024-08-14 15:01:17] 2024-08-14 15:01:17 - [LINES] Skipping AF-ESH to AF-MRT link (zero NTC)
INFO [2024-08-14 15:01:17] 2024-08-14 15:01:17 - [LINES] Skipping AF-ETH to AF-KEN link (zero NTC)
INFO [2024-08-14 15:01:18] [LINES] - Adding AF-ETH to AF-SDN line...
INFO [2024-08-14 15:01:18] 2024-08-14 15:01:18 - [LINES] Skipping AF-GAB to AF-GNQ link (zero NTC)
INFO [2024-08-14 15:01:18] [LINES] - Adding AF-GHA to AF-TGO line...
INFO [2024-08-14 15:01:18] 2024-08-14 15:01:18 - [LINES] Skipping AF-GIN to AF-GNB link (zero NTC)
INFO [2024-08-14 15:01:18] 2024-08-14 15:01:18 - [LINES] Skipping AF-GIN to AF-LBR link (zero NTC)
INFO [2024-08-14 15:01:18] 2024-08-14 15:01:18 - [LINES] Skipping AF-GIN to AF-MLI link (zero NTC)
INFO [2024-08-14 15:01:18] 2024-08-14 15:01:18 - [LINES] Skipping AF-GIN to AF-SEN link (zero NTC)
INFO [2024-08-14 15:01:18] 2024-08-14 15:01:18 - [LINES] Skipping AF-GIN to AF-SLE link (zero NTC)
INFO [2024-08-14 15:01:18] 2024-08-14 15:01:18 - [LINES] Skipping AF-GMB to AF-SEN link (zero NTC)
INFO [2024-08-14 15:01:18] 2024-08-14 15:01:18 - [LINES] Skipping AF-GNB to AF-SEN link (zero NTC)
INFO [2024-08-14 15:01:18] 2024-08-14 15:01:18 - [LINES] Skipping AF-KEN to AF-TZA link (zero NTC)
INFO [2024-08-14 15:01:19] [LINES] - Adding AF-KEN to AF-UGA line...
INFO [2024-08-14 15:01:19] 2024-08-14 15:01:19 - [LINES] Skipping AF-LBR to AF-SLE link (zero NTC)
INFO [2024-08-14 15:01:19] 2024-08-14 15:01:19 - [LINES] Skipping AF-LBY to AF-NER link (zero NTC)
INFO [2024-08-14 15:01:19] 2024-08-14 15:01:19 - [LINES] Skipping AF-LBY to AF-SDN link (zero NTC)
INFO [2024-08-14 15:01:19] [LINES] - Adding AF-LBY to AF-TUN line...
INFO [2024-08-14 15:01:19] [LINES] - Adding AF-LSO to AF-ZAF line...
INFO [2024-08-14 15:01:19] 2024-08-14 15:01:19 - [LINES] Skipping AF-MLI to AF-MRT link (zero NTC)
INFO [2024-08-14 15:01:19] 2024-08-14 15:01:19 - [LINES] Skipping AF-MLI to AF-NER link (zero NTC)
INFO [2024-08-14 15:01:19] [LINES] - Adding AF-MLI to AF-SEN line...
INFO [2024-08-14 15:01:19] 2024-08-14 15:01:19 - [LINES] Skipping AF-MOZ to AF-MWI link (zero NTC)
INFO [2024-08-14 15:01:20] [LINES] - Adding AF-MOZ to AF-SWZ line...
INFO [2024-08-14 15:01:20] 2024-08-14 15:01:20 - [LINES] Skipping AF-MOZ to AF-TZA link (zero NTC)
INFO [2024-08-14 15:01:20] [LINES] - Adding AF-MOZ to AF-ZAF line...
INFO [2024-08-14 15:01:20] 2024-08-14 15:01:20 - [LINES] Skipping AF-MOZ to AF-ZMB link (zero NTC)
INFO [2024-08-14 15:01:20] [LINES] - Adding AF-MOZ to AF-ZWE line...
INFO [2024-08-14 15:01:20] 2024-08-14 15:01:20 - [LINES] Skipping AF-MRT to AF-SEN link (zero NTC)
INFO [2024-08-14 15:01:20] 2024-08-14 15:01:20 - [LINES] Skipping AF-MWI to AF-TZA link (zero NTC)
INFO [2024-08-14 15:01:20] 2024-08-14 15:01:20 - [LINES] Skipping AF-MWI to AF-ZMB link (zero NTC)
INFO [2024-08-14 15:01:21] [LINES] - Adding AF-NAM to AF-ZAF line...
INFO [2024-08-14 15:01:21] [LINES] - Adding AF-NAM to AF-ZMB line...
INFO [2024-08-14 15:01:22] [LINES] - Adding AF-NER to AF-NGA line...
INFO [2024-08-14 15:01:22] [LINES] - Adding AF-NGA to AF-TGO line...
INFO [2024-08-14 15:01:22] 2024-08-14 15:01:22 - [LINES] Skipping AF-RWA to AF-TZA link (zero NTC)
INFO [2024-08-14 15:01:22] [LINES] - Adding AF-RWA to AF-UGA line...
INFO [2024-08-14 15:01:22] [LINES] - Adding AF-SWZ to AF-ZAF line...
INFO [2024-08-14 15:01:23] [LINES] - Adding AF-TZA to AF-UGA line...
INFO [2024-08-14 15:01:23] 2024-08-14 15:01:23 - [LINES] Skipping AF-TZA to AF-ZMB link (zero NTC)
INFO [2024-08-14 15:01:23] [LINES] - Adding AF-ZAF to AF-ZWE line...
INFO [2024-08-14 15:01:24] [LINES] - Adding AF-ZMB to AF-ZWE line...
INFO [2024-08-14 15:01:24] [MAIN] - Done adding lines! (run time : 13.8s).

INFO [2024-08-14 15:01:24] [MAIN] - Finished setting up Antares study! (run time : 3.98min).
 

