INFO [2024-08-19 14:59:29] [MAIN] - Creating Deane_EU_Agg_new__2024_08_19_14_59_29 study...

INFO [2024-08-19 14:59:29] [MAIN] - Unit commitment mode : ACCURATE
INFO [2024-08-19 14:59:29] [MAIN] - Adding nodes...

INFO [2024-08-19 14:59:31] [MAIN] - Done adding nodes! (run time : 1.82s).

INFO [2024-08-19 14:59:31] [MAIN] - Adding load data...

INFO [2024-08-19 14:59:32] [MAIN] - Done adding load data! (run time : 1.39s).

INFO [2024-08-19 14:59:32] [MAIN] - Fetching wind data...

INFO [2024-08-19 14:59:33] [MAIN] - Done adding wind data! (run time : 0.17s).

INFO [2024-08-19 14:59:33] [MAIN] - Fetching solar data...

INFO [2024-08-19 14:59:33] [MAIN] - Done adding solar data! (run time : 0.14s).

INFO [2024-08-19 14:59:33] [MAIN] - Beginning hydro implementation...
INFO [2024-08-19 14:59:35] [MAIN] - Done adding hydro!
INFO [2024-08-19 14:59:35] [MAIN] - Fetching thermal data...
INFO [2024-08-19 14:59:38] [MAIN] - Aggregating identical generators...
INFO [2024-08-19 14:59:38] [MAIN] - Running 25-clustering algorithm on generators...
INFO [2024-08-19 14:59:38] [MAIN] - Done running 25-clustering algorithm on generators!

INFO [2024-08-19 15:00:03] [MAIN] - Done adding thermal data! (run time : 0.46min).

INFO [2024-08-19 15:00:03] [MAIN] - Fetching battery data...

INFO [2024-08-19 15:00:03] [MAIN] - Aggregating identical batteries...
INFO [2024-08-19 15:00:17] [MAIN] - Done adding battery data! (run time : 0.24min).

INFO [2024-08-19 15:00:17] [MAIN] - Adding lines between areas...

INFO [2024-08-19 15:00:19] [MAIN] - Done adding lines! (run time : 1.47s).

INFO [2024-08-19 15:00:19] [MAIN] - Finished setting up Antares study! (run time : 0.83min).
 

