INFO [2024-09-03 13:48:18] [MAIN] - Creating Deane_Outage__2024_09_03_13_48_18 study...

INFO [2024-09-03 13:48:18] [MAIN] - Unit commitment mode : ACCURATE
INFO [2024-09-03 13:48:18] [MAIN] - Adding nodes...

INFO [2024-09-03 13:48:21] [NODES] - Adding EU-CHE node...
INFO [2024-09-03 13:48:21] [NODES] - Adding EU-DEU node...
INFO [2024-09-03 13:48:21] [NODES] - Adding EU-FRA node...
INFO [2024-09-03 13:48:21] [MAIN] - Done adding nodes! (run time : 3.07s).

INFO [2024-09-03 13:48:22] [MAIN] - Adding districts...

INFO [2024-09-03 13:48:22] [DISTRICTS] - Creating global district...
INFO [2024-09-03 13:48:22] [DISTRICTS] - Done creating global district!
INFO [2024-09-03 13:48:23] [DISTRICTS] - Creating europe continental district...
INFO [2024-09-03 13:48:23] [DISTRICTS] - Done creating europe continental district!
INFO [2024-09-03 13:48:23] [MAIN] - Done adding districts! (run time : 1.33s).

INFO [2024-09-03 13:48:23] [MAIN] - Adding load data...

INFO [2024-09-03 13:48:25] [LOAD] - Adding EU-CHE load data...
INFO [2024-09-03 13:48:25] [LOAD] - Adding EU-DEU load data...
INFO [2024-09-03 13:48:25] [LOAD] - Adding EU-FRA load data...
INFO [2024-09-03 13:48:25] [MAIN] - Done adding load data! (run time : 1.95s).

INFO [2024-09-03 13:48:25] [MAIN] - Fetching wind data...

INFO [2024-09-03 13:48:25] [WIND] - Adding EU-CHE aggregated wind data...
INFO [2024-09-03 13:48:25] [WIND] - Adding EU-DEU aggregated wind data...
INFO [2024-09-03 13:48:25] [WIND] - Adding EU-FRA aggregated wind data...
INFO [2024-09-03 13:48:25] [MAIN] - Done adding wind data! (run time : 0.33s).

INFO [2024-09-03 13:48:25] [MAIN] - Fetching solar data...

INFO [2024-09-03 13:48:26] [SOLAR] - Adding EU-CHE aggregated solar data...
INFO [2024-09-03 13:48:26] [SOLAR] - Adding EU-DEU aggregated solar data...
INFO [2024-09-03 13:48:26] [SOLAR] - Adding EU-FRA aggregated solar data...
INFO [2024-09-03 13:48:26] [MAIN] - Done adding solar data! (run time : 0.41s).

INFO [2024-09-03 13:48:26] [MAIN] - Beginning hydro implementation...
INFO [2024-09-03 13:48:27] [HYDRO] - Initializing EU-CHE hydro parameters...
INFO [2024-09-03 13:48:28] [HYDRO] - Adding EU-CHE max power timeseries...
INFO [2024-09-03 13:48:29] [HYDRO] - Adding EU-CHE hydro profiles...
INFO [2024-09-03 13:48:30] [HYDRO] - Initializing EU-DEU hydro parameters...
INFO [2024-09-03 13:48:31] [HYDRO] - Adding EU-DEU max power timeseries...
INFO [2024-09-03 13:48:31] [HYDRO] - Adding EU-DEU hydro profiles...
INFO [2024-09-03 13:48:33] [HYDRO] - Initializing EU-FRA hydro parameters...
INFO [2024-09-03 13:48:33] [HYDRO] - Adding EU-FRA max power timeseries...
INFO [2024-09-03 13:48:34] [HYDRO] - Adding EU-FRA hydro profiles...
INFO [2024-09-03 13:48:34] [MAIN] - Done adding hydro!
INFO [2024-09-03 13:48:34] [MAIN] - Fetching thermal data...
INFO [2024-09-03 13:48:37] [MAIN] - Aggregating identical generators...
INFO [2024-09-03 13:48:38] [MAIN] - Running 15-clustering algorithm on generators...
INFO [2024-09-03 13:48:40] [MAIN] - Done running 15-clustering algorithm on generators!

