INFO [2024-10-14 22:51:32] [MAIN] - Initializing output folder...
INFO [2024-10-14 22:51:35] [MAIN] - Reading simulations of pre-existing v2_20clu__2024_09_04_22_33_36 study...
INFO [2024-10-14 22:51:36] [MAIN] - Opening 20240905-0707eco-world_vOutages_accurateUCM simulation...
INFO [2024-10-14 22:51:36] [MAIN] - Preparing to save global production stack...
INFO [2024-10-14 22:51:41] [MAIN] - Done saving global production stack! (run time : 4.65s).

INFO [2024-10-14 22:51:41] [MAIN] - Preparing to save continental production stacks...
INFO [2024-10-14 22:51:58] [MAIN] - Done saving continental production stacks! (run time : 17.51s).

INFO [2024-10-14 22:51:58] [MAIN] - Preparing to save national production stacks...
INFO [2024-10-14 23:00:32] [MAIN] - Done saving national production stacks! (run time : 8.56min).

INFO [2024-10-14 23:00:32] [MAIN] - Preparing to save regional production stacks...
INFO [2024-10-14 23:06:18] [MAIN] - Done saving regional production stacks! (run time : 5.78min).

INFO [2024-10-14 23:06:18] [MAIN] - Preparing to save global production stack...
INFO [2024-10-14 23:06:22] [MAIN] - Done saving global production stack! (run time : 3.37s).

INFO [2024-10-14 23:06:22] [MAIN] - Preparing to save continental production stacks...
INFO [2024-10-14 23:06:41] [MAIN] - Done saving continental production stacks! (run time : 19.62s).

INFO [2024-10-14 23:06:41] [MAIN] - Preparing to save national production stacks...
INFO [2024-10-14 23:16:20] [MAIN] - Done saving national production stacks! (run time : 9.64min).

INFO [2024-10-14 23:16:20] [MAIN] - Preparing to save regional production stacks...
INFO [2024-10-14 23:23:16] [MAIN] - Done saving regional production stacks! (run time : 6.94min).

INFO [2024-10-14 23:23:16] [MAIN] - Preparing to save global load monotones...
INFO [2024-10-14 23:29:37] [MAIN] - Done saving global load monotones! (run time : 6.35 min).

INFO [2024-10-14 23:29:37] [MAIN] - Preparing to save continental load monotones...
